2026-01-12 14:04
[14:04:15]  Connect to Switch Box.............Success.
[14:04:15]  Connect to Rotator................Success.
[14:04:15]  Connect to GS100..................Success.
[14:04:15]  TM Port 13 bind success.
[14:04:15]  BCN Port 31 bind success.
[14:04:15]  RPT Port 25 bind success.
[14:04:15]  Event Port 27 bind success.
[14:04:15]  COSMIC Beacon Port 23 bind success.
[14:04:15]  COSMIC Report Port 24 bind success.
[14:04:35]  TLE "active" Download Completed.
[14:04:42]  Start Engaging.
[14:04:42]  Tracking : Az 251, El 12.
[14:04:43]  Start Doppler Correction.
[14:04:43]  Forked Safe Amplifier Process.(ON, Timer)
[14:04:44]  Tracking : Az 252, El 12.
[14:04:52]  [OK]CMD Packet Header: 0x18 0x75 0xc0 0x0 0x0 0x1 0x14 0x47
[14:04:53]  Received Report from port : 25.
[14:04:55]  Received Report from port : 25.
[14:04:56]  Tracking : Az 255, El 13.
[14:04:57]  Received Report from port : 25.
[14:05:06]  [OK]CMD Packet Header: 0x18 0x75 0xc0 0x0 0x0 0x5 0x1e 0xa2
[14:05:07]  Tracking : Az 258, El 13.
[14:05:07]  Received Report from port : 25.
[14:05:09]  Received Report from port : 25.
[14:05:11]  Received Report from port : 25.
[14:05:17]  [OK]CMD Packet Header: 0x18 0x50 0xc0 0x0 0x0 0x1 0x6 0x70
[14:05:19]  Tracking : Az 261, El 13.
[14:05:23]  Ping Success at node 5, 462ms
[14:05:24]  [OK]CMD Packet Header: 0x18 0x50 0xc0 0x0 0x0 0x1 0x6 0x70
[14:05:25]  Received Report from port : 25.
[14:05:27]  Received Report from port : 25.
[14:05:29]  Received Report from port : 25.
[14:05:30]  Tracking : Az 264, El 13.
[14:05:37]  [OK]CMD Packet Header: 0x18 0x75 0xc0 0x0 0x0 0x1 0x14 0x47
[14:05:38]  Received Report from port : 25.
[14:05:40]  Received Report from port : 25.
[14:05:41]  Tracking : Az 267, El 13.
[14:05:42]  Received Report from port : 25.
[14:05:44]  [OK]CMD Packet Header: 0x18 0x75 0xc0 0x0 0x0 0x1 0x1a 0x49
[14:05:52]  [OK]CMD Packet Header: 0x18 0x75 0xc0 0x0 0x0 0x1 0x1a 0x0
[14:05:53]  Tracking : Az 270, El 13.
[14:05:56]  Ping Success at node 5, 469ms
[14:05:57]  [OK]CMD Packet Header: 0x18 0x75 0xc0 0x0 0x0 0x1 0x1a 0x49
[14:06:04]  Tracking : Az 273, El 13.
[00:12:35]  [OK]CMD Packet Header: 0x18 0x75 0xc0 0x0 0x0 0x1 0x1a 0x0
[14:06:15]  [OK]CMD Packet Header: 0x18 0x75 0xc0 0x0 0x0 0x1 0x14 0x47
[14:06:15]  Tracking : Az 276, El 13.
[14:06:21]  Ping Success at node 5, 469ms
[14:06:24]  AX100 Boot Count : 189
[14:06:27]  Tracking : Az 279, El 13.
[14:06:29]  [OK]CMD Packet Header: 0x18 0x75 0xc0 0x0 0x0 0x1 0x14 0x47
[14:06:30]  Received Report from port : 25.
[14:06:32]  Received Report from port : 25.
[14:06:34]  Received Report from port : 25.
[14:06:39]  [OK]CMD Packet Header: 0x18 0x75 0xc0 0x0 0x0 0x1 0x1a 0x49
[14:06:39]  Tracking : Az 282, El 13.
[14:06:50]  Ping Success at node 5, 466ms
[14:06:51]  Tracking : Az 285, El 12.
[14:06:58]  [OK]CMD Packet Header: 0x18 0x75 0xc0 0x0 0x0 0x1 0x1a 0x0
[14:07:03]  Tracking : Az 288, El 12.
[14:07:12]  [OK]CMD Packet Header: 0x18 0x75 0xc0 0x0 0x0 0x1 0x14 0x47
[14:07:21]  Tracking : Az 292, El 11.
[14:07:22]  Ping Success at node 5, 467ms
[14:07:24]  [OK]CMD Packet Header: 0x18 0x75 0xc0 0x0 0x0 0x1 0x14 0x47
[14:07:34]  Tracking : Az 295, El 10.
[14:07:37]  [OK]CMD Packet Header: 0x18 0x75 0xc0 0x0 0x0 0x1 0x14 0x47
[14:07:46]  Ping Failed.
[14:07:49]  Tracking : Az 298, El 10.
[14:07:51]  Ping Failed.
[14:07:57]  Ping Failed.
[14:07:58]  Forked Safe Amplifier Process. (OFF)
[14:08:00]  Finish Engaging.
[14:08:00]  Beacon Success : 0, Ping Success : 5
[14:08:00]  Tracking : Az 0, El 0.
