2026-02-07 02:16
[02:16:39]  Connect to Switch Box.............Success.
[02:16:39]  Connect to Rotator................Success.
[02:16:39]  Connect to GS100..................Success.
[02:16:39]  TM Port 13 bind success.
[02:16:39]  BCN Port 31 bind success.
[02:16:39]  RPT Port 25 bind success.
[02:16:39]  Event Port 27 bind success.
[02:16:39]  COSMIC Beacon Port 23 bind success.
[02:16:39]  COSMIC Report Port 24 bind success.
[02:16:43]  Received Event from port : 27.

[02:16:44]  TLE "cubesat" Download Completed.
[02:16:52]  Start Engaging.
[02:16:52]  Tracking : Az 218, El 10.
[02:16:53]  Start Doppler Correction.
[02:16:53]  Received Event from port : 27.

[02:16:54]  Tracking : Az 218, El 10.
[02:16:56]  Received Event from port : 27.

[02:16:56]  Finish Engaging.
[02:16:56]  Beacon Success : 0, Ping Success : 0
[02:17:03]  Received Event from port : 27.

[02:17:09]  [Auto]Start AutoPilot.
[02:17:09]  [Auto]Start Autopilot. Next Valuable AOS : 2/7 2:16:48
[02:17:09]  [Auto]Max Elevation : 12.68° Please Keep Devices On.
[02:17:09]  [Auto]Start Engaging.
[02:17:09]  [Auto]Start Doppler Correction.
[02:17:09]  Forked Safe Amplifier Process.(ON, Timer)
[02:17:13]  Received Event from port : 27.

[02:17:14]  Ping Success at node 5, 465ms
[02:17:19]  Tracking : Az 216, El 7.
[02:17:20]  Ping Success at node 5, 471ms
[02:17:23]  Received Event from port : 27.

[02:17:25]  Ping Success at node 5, 471ms
[02:17:31]  Ping Success at node 5, 471ms
[02:17:33]  Received Event from port : 27.

[02:17:36]  Received Event from port : 27.

[02:17:36]  Ping Success at node 5, 471ms
[02:17:41]  [OK]CMD Packet Header: 0x18 0x75 0xc0 0x0 0x0 0x1 0x14 0x47
[02:17:42]  [Auto]EPS P60 DOCK GET TABLE HK Command Sent (1/2)
[02:17:42]  Ping Success at node 5, 568ms
[02:17:43]  Received Event from port : 27.

[02:17:52]  [OK]CMD Packet Header: 0x18 0x75 0xc0 0x0 0x0 0x1 0x14 0x47
[02:17:52]  [Auto]EPS P60 DOCK GET TABLE HK Command Sent (2/2)
[02:17:52]  Received Report from port : 25.
[02:17:54]  Received Report from port : 25.
[02:17:56]  Received Report from port : 25.
[02:17:57]  Tracking : Az 213, El 4.
[02:17:58]  Received Event from port : 27.

[02:18:02]  [OK]CMD Packet Header: 0x18 0x75 0xc0 0x0 0x0 0x1 0x17 0x44
[02:18:02]  [Auto]EPS P60 PDU GET TABLE HK Command Sent (1/2)
[02:18:03]  Received Report from port : 25.
[02:18:05]  Received Report from port : 25.
[02:18:07]  Received Report from port : 25.
[02:18:09]  Received Event from port : 27.

[02:18:12]  [OK]CMD Packet Header: 0x18 0x75 0xc0 0x0 0x0 0x1 0x17 0x44
[02:18:13]  [Auto]EPS P60 PDU GET TABLE HK Command Sent (2/2)
[02:18:13]  Received Report from port : 25.
[02:18:15]  Received Report from port : 25.
[02:18:17]  Received Report from port : 25.
[02:18:19]  Received Event from port : 27.

[02:18:21]  Received Event from port : 27.

[02:18:23]  [OK]CMD Packet Header: 0x18 0x75 0xc0 0x0 0x0 0x1 0x1a 0x0
[02:18:23]  [Auto]EPS P60 ACU GET TABLE HK Command Sent (1/2)
[02:18:23]  Received Report from port : 25.
[02:18:25]  Received Report from port : 25.
[02:18:27]  Received Report from port : 25.
[02:18:29]  Received Event from port : 27.

[02:18:33]  [OK]CMD Packet Header: 0x18 0x75 0xc0 0x0 0x0 0x1 0x1a 0x0
[02:18:33]  [Auto]EPS P60 ACU GET TABLE HK Command Sent (2/2)
[02:18:34]  Received Report from port : 25.
[02:18:36]  Received Report from port : 25.
[02:18:38]  Received Report from port : 25.
[02:18:43]  [Auto]Start GND WDT reset sequence
[02:18:43]  [OK]CMD Packet Header: 0x18 0x50 0xc0 0x0 0x0 0x1 0x6 0x70
[02:18:44]  [Auto]AX100 GND WDT CMD sent (1/2)
[02:18:54]  [OK]CMD Packet Header: 0x18 0x50 0xc0 0x0 0x0 0x1 0x6 0x70
[02:18:54]  [Auto]AX100 GND WDT CMD sent (2/2)
[02:18:55]  Tracking : Az 211, El 0.
[02:18:55]  Received Report from port : 25.
[02:18:57]  Received Report from port : 25.
[02:18:59]  Received Report from port : 25.
[02:19:04]  [OK]CMD Packet Header: 0x18 0x75 0xc0 0x0 0x0 0x5 0x1e 0xa2
[02:19:04]  [Auto]EPS P60 DOCK GND WDT CMD sent (1/2)
[02:19:14]  [OK]CMD Packet Header: 0x18 0x75 0xc0 0x0 0x0 0x5 0x1e 0xa2
[02:19:15]  [Auto]EPS P60 DOCK GND WDT CMD sent (2/2)
[02:19:25]  [Auto]GND WDT sequence completed
[02:19:25]  [OK]CMD Packet Header: 0x18 0x75 0xc0 0x0 0x0 0x1 0x14 0x47
[02:19:25]  [Auto]EPS P60 DOCK GET TABLE HK Command Sent (1/2)
[02:19:30]  Tracking : Az 218, El 11.
[02:19:32]  Tracking : Az 218, El 11.
[02:19:34]  Tracking : Az 218, El 11.
[02:19:35]  [OK]CMD Packet Header: 0x18 0x75 0xc0 0x0 0x0 0x1 0x14 0x47
[02:19:35]  [Auto]EPS P60 DOCK GET TABLE HK Command Sent (2/2)
[02:19:45]  [OK]CMD Packet Header: 0x18 0x75 0xc0 0x0 0x0 0x1 0x17 0x44
[02:19:45]  [OK]CMD Packet Header: 0x18 0x75 0xc0 0x0 0x0 0x1 0x17 0x44
[02:19:46]  [Auto]EPS P60 PDU GET TABLE HK Command Sent (1/2)
[02:19:56]  [OK]CMD Packet Header: 0x18 0x75 0xc0 0x0 0x0 0x1 0x17 0x44
[02:19:56]  [Auto]EPS P60 PDU GET TABLE HK Command Sent (2/2)
[02:20:06]  [OK]CMD Packet Header: 0x18 0x75 0xc0 0x0 0x0 0x1 0x1a 0x0
[02:20:06]  [Auto]EPS P60 ACU GET TABLE HK Command Sent (1/2)
[02:20:16]  [OK]CMD Packet Header: 0x18 0x75 0xc0 0x0 0x0 0x1 0x1a 0x0
[02:20:17]  [Auto]EPS P60 ACU GET TABLE HK Command Sent (2/2)
