2025-12-26 12:39
[12:40:07]  Connect to Switch Box.............Success.
[12:40:07]  Connect to Rotator................Success.
[12:40:07]  Connect to GS100..................Success.
[12:40:07]  TM Port 13 bind success.
[12:40:07]  BCN Port 31 bind success.
[12:40:07]  RPT Port 25 bind success.
[12:40:07]  Event Port 27 bind success.
[12:40:07]  COSMIC Beacon Port 23 bind success.
[12:40:07]  COSMIC Report Port 24 bind success.
[12:40:29]  TLE "cubesat" Download Completed.
[12:40:34]  Start Engaging.
[12:40:34]  Tracking : Az 158, El 5.
[12:40:35]  Start Doppler Correction.
[12:40:36]  Tracking : Az 158, El 5.
[12:40:38]  Tracking : Az 158, El 5.
[12:40:38]  Forked Safe Amplifier Process.(ON, Timer)
[12:40:40]  Tracking : Az 158, El 5.
[12:40:42]  Tracking : Az 158, El 5.
[12:40:43]  Ping Failed.
[12:40:44]  Tracking : Az 158, El 5.
[12:40:46]  Tracking : Az 158, El 6.
[12:40:48]  Tracking : Az 157, El 6.
[12:40:49]  Ping Failed.
[12:40:50]  Tracking : Az 157, El 6.
[12:40:52]  Tracking : Az 157, El 6.
[12:40:54]  Tracking : Az 157, El 6.
[12:40:56]  Tracking : Az 157, El 6.
[12:40:58]  Tracking : Az 157, El 7.
[12:41:00]  Tracking : Az 157, El 7.
[12:41:01]  Ping Success at node 5, 470ms
[12:41:03]  Ping Success at node 5, 471ms
[12:41:05]  Ping Success at node 5, 469ms
[12:41:07]  AX100 Boot Count : 22227
[12:41:20]  Tracking : Az 157, El 9.
[12:41:26]  [OK]CMD Packet Header: 0x18 0x23 0xc0 0x0 0x0 0x1 0x6 0x3
[12:41:39]  [OK]CMD Packet Header: 0x18 0x20 0xc0 0x0 0x0 0x5 0x7 0xd
[12:41:40]  Tracking : Az 156, El 11.
[12:41:48]  [OK]CMD Packet Header: 0x18 0x20 0xc0 0x0 0x0 0x5 0x7 0xd
[12:41:59]  Tracking : Az 155, El 13.
[12:42:02]  [OK]CMD Packet Header: 0x18 0x23 0xc0 0x0 0x0 0x1 0x6 0x3
[12:42:03]  [OK]CMD Packet Header: 0x18 0x23 0xc0 0x0 0x0 0x1 0x6 0x3
[12:42:04]  [OK]CMD Packet Header: 0x18 0x23 0xc0 0x0 0x0 0x1 0x6 0x3
[12:42:06]  Ping Success at node 5, 470ms
[12:42:08]  AX100 Boot Count : 22227
[12:42:18]  [OK]CMD Packet Header: 0x18 0x20 0xc0 0x0 0x0 0x5 0x7 0xd
[12:42:20]  [OK]CMD Packet Header: 0x18 0x20 0xc0 0x0 0x0 0x5 0x7 0xd
[12:42:21]  [OK]CMD Packet Header: 0x18 0x20 0xc0 0x0 0x0 0x5 0x7 0xd
[12:42:23]  Tracking : Az 154, El 16.
[12:42:27]  [OK]CMD Packet Header: 0x18 0x23 0xc0 0x0 0x0 0x1 0x1b 0x1e
[12:42:27]  [OK]CMD Packet Header: 0x18 0x23 0xc0 0x0 0x0 0x8 0x2 0x18
[12:42:28]  [OK]CMD Packet Header: 0x18 0x19 0xc0 0x0 0x0 0x5 0x0 0x29
[12:42:35]  [OK]CMD Packet Header: 0x18 0x23 0xc0 0x0 0x0 0x1 0x1b 0x1e
[12:42:36]  [OK]CMD Packet Header: 0x18 0x23 0xc0 0x0 0x0 0x8 0x2 0x18
[12:42:36]  [OK]CMD Packet Header: 0x18 0x19 0xc0 0x0 0x0 0x5 0x0 0x29
[12:42:38]  Tracking : Az 153, El 18.
[12:42:46]  [OK]CMD Packet Header: 0x18 0x23 0xc0 0x0 0x0 0x1 0x1b 0x1e
[12:42:47]  [OK]CMD Packet Header: 0x18 0x23 0xc0 0x0 0x0 0x8 0x2 0x18
[12:42:47]  [OK]CMD Packet Header: 0x18 0x19 0xc0 0x0 0x0 0x5 0x0 0x29
[12:42:57]  Tracking : Az 152, El 21.
[12:43:10]  Ping Failed at node 3.
[12:43:14]  Tracking : Az 151, El 24.
[12:43:14]  Ping Failed.
[12:43:18]  Ping Failed.
[12:43:23]  Ping Failed.
[12:43:27]  Ping Failed.
[12:43:29]  Tracking : Az 149, El 27.
[12:43:33]  Ping Failed.
[12:43:41]  Ping Failed.
[12:43:43]  Tracking : Az 147, El 30.
[12:43:48]  Ping Failed.
[12:43:53]  Ping Failed at node 3.
[12:43:55]  Tracking : Az 146, El 33.
[12:43:56]  Cannot Load Remote Parameter.
[12:44:02]  Ping Failed at node 3.
[12:44:05]  Tracking : Az 144, El 36.
[12:44:06]  Ping Failed.
[12:44:08]  Ping Success at node 5, 460ms
[12:44:11]  Ping Success at node 5, 463ms
[12:44:15]  Tracking : Az 142, El 39.
[12:44:16]  Ping Failed at node 3.
[12:44:16]  AX100 Boot Count : 22227
[12:44:22]  Ping Failed at node 3.
[12:44:23]  Tracking : Az 139, El 41.
[12:44:28]  Ping Failed at node 3.
[12:44:30]  Tracking : Az 137, El 44.
[12:44:36]  Tracking : Az 135, El 46.
[12:44:42]  Tracking : Az 132, El 48.
[12:44:48]  Tracking : Az 129, El 50.
[12:44:48]  Ping Failed at node 3.
[12:44:53]  [OK]CMD Packet Header: 0x18 0x23 0xc0 0x0 0x0 0x1 0x1b 0x1e
[12:44:54]  [OK]CMD Packet Header: 0x18 0x23 0xc0 0x0 0x0 0x8 0x2 0x18
[12:44:54]  Tracking : Az 126, El 53.
[12:44:54]  [OK]CMD Packet Header: 0x18 0x19 0xc0 0x0 0x0 0x5 0x0 0x29
[12:44:58]  Tracking : Az 123, El 54.
[12:45:04]  Tracking : Az 119, El 56.
[12:45:04]  [OK]CMD Packet Header: 0x18 0x23 0xc0 0x0 0x0 0x8 0x2 0x18
[12:45:05]  [OK]CMD Packet Header: 0x18 0x19 0xc0 0x0 0x0 0x5 0x0 0x29
[12:45:07]  Tracking : Az 116, El 58.
[12:45:11]  Tracking : Az 113, El 59.
[12:45:14]  Tracking : Az 109, El 60.
[12:45:14]  [OK]CMD Packet Header: 0x18 0x23 0xc0 0x0 0x0 0x8 0x2 0x18
[12:45:16]  [OK]CMD Packet Header: 0x18 0x19 0xc0 0x0 0x0 0x5 0x0 0x29
[12:45:18]  Tracking : Az 105, El 61.
[12:45:21]  Tracking : Az 101, El 62.
[12:45:24]  Tracking : Az 97, El 63.
[12:45:27]  Tracking : Az 93, El 63.
[12:45:30]  Tracking : Az 89, El 64.
[12:45:32]  Tracking : Az 86, El 64.
[12:45:33]  [OK]CMD Packet Header: 0x18 0x23 0xc0 0x0 0x0 0x1 0x6 0x3
[12:45:34]  Tracking : Az 83, El 64.
[12:45:35]  [OK]CMD Packet Header: 0x18 0x23 0xc0 0x0 0x0 0x1 0x6 0x3
[12:45:36]  Tracking : Az 80, El 65.
[12:45:37]  [OK]CMD Packet Header: 0x18 0x23 0xc0 0x0 0x0 0x1 0x6 0x3
[12:45:38]  Tracking : Az 76, El 65.
[12:45:42]  Tracking : Az 70, El 65.
[12:45:43]  [OK]CMD Packet Header: 0x18 0x20 0xc0 0x0 0x0 0x5 0x7 0xd
[12:45:44]  Tracking : Az 67, El 64.
[00:08:53]  [OK]CMD Packet Header: 0x18 0x20 0xc0 0x0 0x0 0x5 0x7 0xd
[12:45:46]  Tracking : Az 64, El 64.
[12:45:46]  [OK]CMD Packet Header: 0x18 0x20 0xc0 0x0 0x0 0x5 0x7 0xd
[12:45:49]  Tracking : Az 59, El 64.
[12:45:52]  Tracking : Az 55, El 63.
[12:45:52]  [OK]CMD Packet Header: 0x18 0x23 0xc0 0x0 0x0 0x1 0x1b 0x1e
[12:45:52]  [OK]CMD Packet Header: 0x18 0x23 0xc0 0x0 0x0 0x8 0x2 0x18
[12:45:53]  [OK]CMD Packet Header: 0x18 0x19 0xc0 0x0 0x0 0x5 0x0 0x29
[12:45:55]  Tracking : Az 51, El 63.
[12:45:56]  [OK]CMD Packet Header: 0x18 0x23 0xc0 0x0 0x0 0x1 0x1b 0x1e
[12:45:56]  [OK]CMD Packet Header: 0x18 0x23 0xc0 0x0 0x0 0x8 0x2 0x18
[12:45:57]  [OK]CMD Packet Header: 0x18 0x19 0xc0 0x0 0x0 0x5 0x0 0x29
[12:45:59]  Tracking : Az 46, El 62.
[12:46:00]  [OK]CMD Packet Header: 0x18 0x23 0xc0 0x0 0x0 0x1 0x1b 0x1e
[12:46:01]  [OK]CMD Packet Header: 0x18 0x23 0xc0 0x0 0x0 0x8 0x2 0x18
[12:46:01]  [OK]CMD Packet Header: 0x18 0x19 0xc0 0x0 0x0 0x5 0x0 0x29
[12:46:02]  Tracking : Az 43, El 61.
[12:46:04]  Tracking : Az 40, El 60.
[12:46:07]  Tracking : Az 37, El 59.
[12:46:10]  Tracking : Az 34, El 58.
[12:46:11]  [OK]CMD Packet Header: 0x18 0x23 0xc0 0x0 0x0 0x1 0x1b 0x1e
[12:46:11]  [OK]CMD Packet Header: 0x18 0x23 0xc0 0x0 0x0 0x8 0x2 0x18
[12:46:11]  [OK]CMD Packet Header: 0x18 0x19 0xc0 0x0 0x0 0x5 0x0 0x29
[12:46:15]  Tracking : Az 30, El 56.
[12:46:19]  Tracking : Az 27, El 55.
[12:46:22]  [OK]CMD Packet Header: 0x18 0x23 0xc0 0x0 0x0 0x1 0x1b 0x1e
[12:46:23]  [OK]CMD Packet Header: 0x18 0x23 0xc0 0x0 0x0 0x8 0x2 0x18
[12:46:23]  Tracking : Az 24, El 53.
[12:46:23]  [OK]CMD Packet Header: 0x18 0x19 0xc0 0x0 0x0 0x5 0x0 0x29
[12:46:29]  Tracking : Az 21, El 51.
[12:46:35]  Tracking : Az 18, El 48.
[12:46:41]  [OK]CMD Packet Header: 0x18 0x23 0xc0 0x0 0x0 0x1 0x1b 0x1e
[12:46:41]  [OK]CMD Packet Header: 0x18 0x23 0xc0 0x0 0x0 0x8 0x2 0x18
[12:46:42]  [OK]CMD Packet Header: 0x18 0x19 0xc0 0x0 0x0 0x5 0x0 0x29
[12:46:43]  Tracking : Az 15, El 45.
[12:46:44]  Ping Success at node 5, 456ms
[12:46:49]  Tracking : Az 12, El 43.
[12:46:49]  Ping Failed at node 3.
[12:46:54]  AX100 Boot Count : 22227
[12:46:55]  Ping Failed at node 3.
[12:46:58]  Tracking : Az 10, El 40.
[12:47:04]  Tracking : Az 8, El 38.
[12:47:10]  Ping Failed at node 3.
[12:47:14]  Tracking : Az 6, El 35.
[12:47:29]  Tracking : Az 3, El 31.
[12:47:32]  Ping Failed at node 3.
[12:47:41]  Tracking : Az 2, El 28.
[12:47:46]  Ping Failed at node 3.
[12:47:53]  Forked Safe Amplifier Process. (OFF)
[12:47:55]  Tracking : Az 0, El 25.
[12:47:57]  Finish Engaging.
[12:47:57]  Beacon Success : 0, Ping Success : 7
