2026-01-09 11:49
[11:49:41]  Connect to Switch Box.............Success.
[11:49:41]  Connect to Rotator................Success.
[11:49:41]  Connect to GS100..................Success.
[11:49:41]  TM Port 13 bind success.
[11:49:41]  BCN Port 31 bind success.
[11:49:41]  RPT Port 25 bind success.
[11:49:41]  Event Port 27 bind success.
[11:49:41]  COSMIC Beacon Port 23 bind success.
[11:49:41]  COSMIC Report Port 24 bind success.
[11:49:46]  TLE "cubesat" Download Completed.
[11:49:59]  Start Engaging.
[11:49:59]  Tracking : Az 134, El 0.
[11:50:01]  Tracking : Az 134, El 0.
[11:50:01]  Start Doppler Correction.
[11:50:03]  Tracking : Az 134, El 0.
[11:50:05]  Tracking : Az 134, El 0.
[11:50:07]  Tracking : Az 134, El 0.
[11:50:09]  Tracking : Az 134, El 0.
[11:50:11]  Tracking : Az 134, El 0.
[11:50:13]  Tracking : Az 134, El 0.
[11:50:15]  Tracking : Az 134, El 0.
[11:50:17]  Tracking : Az 134, El 0.
[11:50:19]  Tracking : Az 134, El 0.
[11:50:21]  Tracking : Az 134, El 0.
[11:56:45]  Tracking : Az 134, El 0.
[11:58:25]  Forked Safe Amplifier Process.(ON, Timer)
[11:58:35]  Ping Failed.
[11:58:54]  Tracking : Az 131, El 1.
[11:58:57]  Ping Failed.
[11:59:12]  Ping Failed.
[11:59:27]  Tracking : Az 129, El 4.
[11:59:29]  Tracking : Az 129, El 4.
[11:59:34]  Ping Success at node 5, 477ms
[11:59:38]  [OK]CMD Packet Header: 0x18 0x75 0xc0 0x0 0x0 0x1 0x14 0x47
[11:59:39]  Received Report from port : 25.
[11:59:41]  Received Report from port : 25.
[11:59:50]  [OK]CMD Packet Header: 0x18 0x75 0xc0 0x0 0x0 0x1 0x14 0x47
[11:59:51]  Received Report from port : 25.
[11:59:53]  Received Report from port : 25.
[11:59:55]  Received Report from port : 25.
[11:59:57]  Tracking : Az 126, El 6.
[12:00:18]  Tracking : Az 123, El 7.
[12:00:39]  [OK]CMD Packet Header: 0x18 0x23 0xc0 0x0 0x0 0x8 0x2 0x6
[12:00:40]  Received Event from port : 27.

[12:00:40]  Tracking : Az 121, El 9.
[12:00:45]  Received Event from port : 27.

[12:00:55]  Received Event from port : 27.

[12:00:55]  Tracking : Az 118, El 10.
[12:00:58]  Received Event from port : 27.

[12:01:05]  Received Event from port : 27.

[12:01:15]  Received Event from port : 27.

[12:01:20]  Tracking : Az 114, El 12.
[12:01:21]  [OK]CMD Packet Header: 0x18 0x31 0xc0 0x0 0x0 0x1 0x0 0x17
[12:01:35]  Ping Success at node 5, 468ms
[00:10:49]  Tracking : Az 111, El 13.
[12:01:37]  [OK]CMD Packet Header: 0x18 0x31 0xc0 0x0 0x0 0x1 0x0 0x17
[12:01:51]  Tracking : Az 108, El 14.
[12:01:56]  AX100 Boot Count : 189
[12:02:09]  Tracking : Az 104, El 16.
[12:02:16]  [OK]CMD Packet Header: 0x18 0x75 0xc0 0x0 0x0 0x1 0x14 0x47
[12:02:22]  Tracking : Az 101, El 17.
[12:02:33]  Tracking : Az 98, El 17.
[12:02:37]  Ping Success at node 5, 460ms
[12:02:42]  [OK]CMD Packet Header: 0x18 0x75 0xc0 0x0 0x0 0x1 0x14 0x47
[12:02:44]  Tracking : Az 95, El 18.
[12:02:54]  Tracking : Az 92, El 19.
[12:03:04]  Tracking : Az 89, El 19.
[12:03:14]  Tracking : Az 86, El 20.
[12:03:23]  Tracking : Az 83, El 20.
[12:03:30]  [OK]CMD Packet Header: 0x18 0x75 0xc0 0x0 0x0 0x1 0x14 0x47
[12:03:32]  Tracking : Az 80, El 21.
[12:03:38]  AX100 Boot Count : 189
[12:03:43]  Tracking : Az 76, El 21.
[12:03:46]  Tracking : Az 75, El 21.
[12:03:54]  Tracking : Az 73, El 21.
[12:03:58]  Ping Success at node 5, 470ms
[12:04:01]  Tracking : Az 70, El 21.
[12:04:09]  Tracking : Az 67, El 21.
[12:04:17]  Tracking : Az 64, El 21.
[12:04:23]  Tracking : Az 62, El 21.
[12:04:32]  Tracking : Az 59, El 21.
[12:04:40]  Tracking : Az 56, El 21.
[12:04:49]  Tracking : Az 53, El 20.
[12:04:56]  Tracking : Az 51, El 20.
[12:05:03]  [OK]CMD Packet Header: 0x18 0x0 0xc0 0x0 0x0 0x55 0x7 0x7d
[12:05:05]  Tracking : Az 48, El 19.
[12:05:11]  Tracking : Az 46, El 19.
[12:05:17]  Tracking : Az 45, El 19.
[12:05:20]  [OK]CMD Packet Header: 0x18 0x23 0xc0 0x0 0x0 0x1 0x6 0x3
[12:05:25]  Tracking : Az 42, El 18.
[12:05:33]  Tracking : Az 40, El 18.
[12:05:43]  Tracking : Az 37, El 17.
[12:05:44]  [OK]CMD Packet Header: 0x18 0x75 0xc0 0x0 0x0 0x1 0x14 0x47
[12:05:45]  Received Report from port : 25.
[12:05:47]  Received Report from port : 25.
[12:05:49]  Received Report from port : 25.
[12:05:55]  Tracking : Az 34, El 16.
[12:05:58]  [OK]CMD Packet Header: 0x18 0x75 0xc0 0x0 0x0 0x1 0x14 0x47
[12:05:59]  Received Report from port : 25.
[12:06:01]  Received Report from port : 25.
[12:06:03]  Received Report from port : 25.
[12:06:12]  Tracking : Az 30, El 15.
[12:06:14]  Tracking : Az 30, El 15.
[12:06:26]  Tracking : Az 27, El 14.
[12:06:42]  Tracking : Az 24, El 12.
[12:06:59]  Tracking : Az 21, El 11.
[12:07:11]  Tracking : Az 19, El 10.
[12:07:17]  [OK]CMD Packet Header: 0x18 0x31 0xc0 0x0 0x0 0x1 0x0 0x17
[12:07:18]  Received Report from port : 25.
[12:07:20]  Received Report from port : 25.
[12:07:22]  Received Report from port : 25.
[12:07:32]  Tracking : Az 16, El 9.
[12:07:54]  [OK]CMD Packet Header: 0x18 0x75 0xc0 0x0 0x0 0x1 0x14 0x47
[12:07:55]  Received Report from port : 25.
[12:07:57]  Received Report from port : 25.
[12:07:59]  Received Report from port : 25.
[12:08:05]  Tracking : Az 12, El 6.
[12:08:07]  Tracking : Az 12, El 6.
[12:08:10]  [OK]CMD Packet Header: 0x18 0x75 0xc0 0x0 0x0 0x1 0x1a 0x49
[12:08:11]  Received Report from port : 25.
[12:08:13]  Received Report from port : 25.
[12:08:15]  Received Report from port : 25.
[12:08:37]  [OK]CMD Packet Header: 0x18 0x75 0xc0 0x0 0x0 0x1 0x1a 0x0
[12:08:38]  Received Report from port : 25.
[12:08:40]  Received Report from port : 25.
[12:08:42]  Received Report from port : 25.
[12:08:44]  Tracking : Az 8, El 4.
[12:08:58]  Forked Safe Amplifier Process. (OFF)
[12:09:01]  Finish Engaging.
[12:09:01]  Beacon Success : 0, Ping Success : 4
[12:09:03]  Tracking : Az 0, El 0.
