2026-01-09 19:32
[19:32:21]  Connect to Switch Box.............Success.
[19:32:21]  Connect to Rotator................Success.
[19:32:21]  Connect to GS100..................Success.
[19:32:21]  TM Port 13 bind success.
[19:32:21]  BCN Port 31 bind success.
[19:32:21]  RPT Port 25 bind success.
[19:32:21]  Event Port 27 bind success.
[19:32:21]  COSMIC Beacon Port 23 bind success.
[19:32:21]  COSMIC Report Port 24 bind success.
[19:32:25]  TLE "cubesat" Download Completed.
[19:33:38]  TLE "last-30-days" Download Completed.
[19:34:19]  TLE "active" Download Completed.
[19:34:43]  [Auto]Start AutoPilot.
[19:34:43]  [Auto]Start Autopilot. Next Valuable AOS : 1/9 19:34:39
[19:34:43]  [Auto]Max Elevation : 45.76° Please Keep Devices On.
[19:34:43]  [Auto]Start Engaging.
[19:34:43]  [Auto]Start Doppler Correction.
[19:34:43]  Tracking : Az 149, El 39.
[19:34:43]  Tracking : Az 149, El 39.
[19:34:43]  AMP Process running
[19:34:43]  AMP Process running
[19:34:43]  AMP Process running
[19:34:43]  AMP Process running
[19:34:43]  AMP Process running
[19:34:43]  AMP Process running
[19:34:43]  AMP Process running
[19:34:43]  AMP Process running
[19:34:43]  AMP Process running
[19:34:43]  AMP Process running
[19:34:43]  AMP Process running
[19:34:43]  AMP Process running
[19:34:43]  AMP Process running
[19:34:43]  AMP Process running
[19:34:43]  AMP Process running
[19:34:44]  AMP Process running
[19:34:44]  AMP Process running
[19:34:44]  AMP Process running
[19:34:44]  AMP Process running
[19:34:44]  AMP Process running
[19:34:44]  AMP Process running
[19:34:44]  AMP Process running
[19:34:44]  AMP Process running
[19:34:44]  AMP Process running
[19:34:44]  AMP Process running
[19:34:44]  AMP Process running
[19:34:44]  AMP Process running
[19:34:44]  AMP Process running
[19:34:44]  AMP Process running
[19:34:44]  AMP Process running
[19:34:44]  AMP Process running
[19:34:44]  AMP Process running
[19:34:44]  AMP Process running
[19:34:44]  AMP Process running
[19:34:44]  AMP Process running
[19:34:45]  AMP Process running
[19:34:45]  AMP Process running
[19:34:45]  AMP Process running
[19:34:45]  AMP Process running
[19:34:45]  AMP Process running
[19:34:45]  AMP Process running
[19:34:45]  Tracking : Az 149, El 39.
[19:34:45]  AMP Process running
[19:34:45]  AMP Process running
[19:34:45]  AMP Process running
[19:34:45]  AMP Process running
[19:34:45]  AMP Process running
[19:34:45]  AMP Process running
[19:34:45]  AMP Process running
[19:34:45]  AMP Process running
[19:34:45]  AMP Process running
[19:34:45]  AMP Process running
[19:34:45]  AMP Process running
[19:34:45]  AMP Process running
[19:34:45]  AMP Process running
[19:34:45]  AMP Process running
[19:34:46]  AMP Process running
[19:34:46]  AMP Process running
[19:34:46]  AMP Process running
[19:34:46]  AMP Process running
[19:34:46]  AMP Process running
[19:34:46]  AMP Process running
[19:34:46]  AMP Process running
[19:34:46]  AMP Process running
[19:34:46]  AMP Process running
[19:34:46]  AMP Process running
[19:34:46]  AMP Process running
[19:34:46]  AMP Process running
[19:34:46]  AMP Process running
[19:34:46]  AMP Process running
[19:34:46]  AMP Process running
[19:34:46]  AMP Process running
[19:34:46]  AMP Process running
[19:34:46]  AMP Process running
[19:34:46]  AMP Process running
[19:34:46]  AMP Process running
[19:34:47]  AMP Process running
[19:34:47]  AMP Process running
[19:34:47]  AMP Process running
[19:34:47]  AMP Process running
[19:34:47]  AMP Process running
[19:34:47]  AMP Process running
[19:34:47]  Tracking : Az 149, El 39.
[19:34:47]  AMP Process running
[19:34:47]  AMP Process running
[19:34:47]  AMP Process running
[19:34:47]  AMP Process running
[19:34:47]  AMP Process running
[19:34:47]  AMP Process running
[19:34:47]  AMP Process running
[19:34:47]  AMP Process running
[19:34:47]  AMP Process running
[19:34:47]  AMP Process running
[19:34:47]  AMP Process running
[19:34:47]  AMP Process running
[19:34:47]  AMP Process running
[19:34:47]  AMP Process running
[19:34:48]  AMP Process running
[19:34:48]  AMP Process running
[19:34:48]  AMP Process running
[19:34:48]  AMP Process running
[19:34:48]  AMP Process running
[19:34:48]  AMP Process running
[19:34:48]  AMP Process running
[19:34:48]  AMP Process running
[19:34:48]  AMP Process running
[19:34:48]  AMP Process running
[19:34:48]  AMP Process running
[19:34:48]  AMP Process running
[19:34:48]  AMP Process running
[19:34:48]  AMP Process running
[19:34:48]  AMP Process running
[19:34:48]  AMP Process running
[19:34:48]  AMP Process running
[19:34:48]  AMP Process running
[19:34:48]  AMP Process running
[19:34:48]  AMP Process running
[19:34:49]  AMP Process running
[19:34:49]  AMP Process running
[19:34:49]  AMP Process running
[19:34:49]  AMP Process running
[19:34:49]  AMP Process running
[19:34:49]  AMP Process running
[19:34:49]  Tracking : Az 149, El 39.
[19:34:49]  AMP Process running
[19:34:49]  AMP Process running
[19:34:49]  AMP Process running
[19:34:49]  AMP Process running
[19:34:49]  AMP Process running
[19:34:49]  AMP Process running
[19:34:49]  AMP Process running
[19:34:49]  AMP Process running
[19:34:49]  AMP Process running
[19:34:49]  AMP Process running
[19:34:49]  AMP Process running
[19:34:49]  AMP Process running
[19:34:49]  AMP Process running
[19:34:49]  AMP Process running
[19:34:50]  AMP Process running
[19:34:50]  AMP Process running
[19:34:50]  AMP Process running
[19:34:50]  AMP Process running
[19:34:50]  AMP Process running
[19:34:50]  AMP Process running
[19:34:50]  AMP Process running
[19:34:50]  AMP Process running
[19:34:50]  AMP Process running
[19:34:50]  AMP Process running
[19:34:50]  AMP Process running
[19:34:50]  AMP Process running
[19:34:50]  AMP Process running
[19:34:50]  AMP Process running
[19:34:50]  AMP Process running
[19:34:50]  AMP Process running
[19:34:50]  AMP Process running
[19:34:50]  AMP Process running
[19:34:50]  AMP Process running
[19:34:50]  AMP Process running
[19:34:51]  AMP Process running
[19:34:51]  AMP Process running
[19:34:51]  AMP Process running
[19:34:51]  AMP Process running
[19:34:51]  AMP Process running
[19:34:51]  AMP Process running
[19:34:51]  Tracking : Az 149, El 39.
[19:34:51]  AMP Process running
[19:34:51]  AMP Process running
[19:34:51]  AMP Process running
[19:34:51]  AMP Process running
[19:34:51]  AMP Process running
[19:34:51]  AMP Process running
[19:34:51]  AMP Process running
[19:34:51]  AMP Process running
[19:34:51]  AMP Process running
[19:34:51]  AMP Process running
[19:34:51]  AMP Process running
[19:34:51]  AMP Process running
[19:34:51]  AMP Process running
[19:34:51]  AMP Process running
[19:34:52]  AMP Process running
[19:34:52]  AMP Process running
[19:34:52]  AMP Process running
[19:34:52]  AMP Process running
[19:34:52]  AMP Process running
[19:34:52]  AMP Process running
[19:34:52]  AMP Process running
[19:34:52]  AMP Process running
[19:34:52]  AMP Process running
[19:34:52]  AMP Process running
[19:34:52]  AMP Process running
[19:34:52]  AMP Process running
[19:34:52]  AMP Process running
[19:34:52]  AMP Process running
[19:34:52]  AMP Process running
[19:34:52]  AMP Process running
[19:34:52]  AMP Process running
[19:34:52]  AMP Process running
[19:34:52]  AMP Process running
[19:34:52]  AMP Process running
[19:34:53]  AMP Process running
[19:34:53]  AMP Process running
[19:34:53]  AMP Process running
[19:34:53]  AMP Process running
[19:34:53]  AMP Process running
[19:34:53]  AMP Process running
[19:34:53]  Tracking : Az 149, El 39.
[19:34:53]  AMP Process running
[19:34:53]  AMP Process running
[19:34:53]  AMP Process running
[19:34:53]  AMP Process running
[19:34:53]  AMP Process running
[19:34:53]  AMP Process running
[19:34:53]  AMP Process running
[19:34:53]  AMP Process running
[19:34:53]  AMP Process running
[19:34:53]  AMP Process running
[19:34:53]  AMP Process running
[19:34:53]  AMP Process running
[19:34:53]  AMP Process running
[19:34:53]  AMP Process running
[19:34:54]  AMP Process running
[19:34:54]  AMP Process running
[19:34:54]  AMP Process running
[19:34:54]  AMP Process running
[19:34:54]  AMP Process running
[19:34:54]  AMP Process running
[19:34:54]  AMP Process running
[19:34:54]  AMP Process running
[19:34:54]  AMP Process running
[19:34:54]  AMP Process running
[19:34:54]  AMP Process running
[19:34:54]  AMP Process running
[19:34:54]  AMP Process running
[19:34:54]  AMP Process running
[19:34:54]  AMP Process running
[19:34:54]  AMP Process running
[19:34:54]  AMP Process running
[19:34:54]  AMP Process running
[19:34:54]  AMP Process running
[19:34:54]  AMP Process running
[19:34:55]  AMP Process running
[19:34:55]  AMP Process running
[19:34:55]  AMP Process running
[19:34:55]  AMP Process running
[19:34:55]  AMP Process running
[19:34:55]  AMP Process running
[19:34:55]  Tracking : Az 149, El 39.
[19:34:55]  AMP Process running
[19:34:55]  AMP Process running
[19:34:55]  AMP Process running
[19:34:55]  AMP Process running
[19:34:55]  AMP Process running
[19:34:55]  AMP Process running
[19:34:55]  AMP Process running
[19:34:55]  AMP Process running
[19:34:55]  AMP Process running
[19:34:55]  AMP Process running
[19:34:55]  AMP Process running
[19:34:55]  AMP Process running
[19:34:55]  AMP Process running
[19:34:56]  AMP Process running
[19:34:56]  AMP Process running
[19:34:56]  AMP Process running
[19:34:56]  AMP Process running
[19:34:56]  AMP Process running
[19:34:56]  AMP Process running
[19:34:56]  AMP Process running
[19:34:56]  AMP Process running
[19:34:56]  AMP Process running
[19:34:56]  Forked Safe Amplifier Process.(ON, Timer)
[19:34:56]  [Auto]Autopilot Stopped by User.
[19:34:56]  [Auto]Stop Doppler Correction.
[19:34:57]  [Auto]Finish Engaging.
[19:34:57]  Tracking : Az 0, El 0.
[19:34:58]  [Auto]Beacon Success : 0, Ping Success : 0 CMD Success : 0
[19:35:03]  Forked Safe Amplifier Process. (OFF)
