2026-06-09 21:19
[21:19:20]  Connect to Switch Box..............Failed.
[21:19:20]  Connect to Rotator.................Failed.
[21:19:20]  Connect to GS100..................Success.
[21:19:20]  BEE-1000 BCN Port 31 bind success.
[21:19:20]  Rotator Read Failed. Please Check Again.
[21:19:20]  BEE-1000 RPT Port 25 bind success.
[21:19:20]  BEE-1000 Event Port 27 bind success.
[21:19:20]  BEE-100 FM Port 23 bind success.
[21:19:20]  UEL-Y-Sys. BCN Port 12 bind success.
[21:19:20]  UEL-Y-Sys. RPT Port 10 bind success.
[21:19:20]  UEL-Y-Sys. Event Port 11 bind success.
[21:19:20]  UEL-Y-Sys. FM Port 14 bind success.
[21:19:20]  BEE-1012 BCN Port 17 bind success.
[21:19:20]  BEE-1012 RPT Port 15 bind success.
[21:19:20]  BEE-1012 Event Port 16 bind success.
[21:19:20]  BEE-1012 FM Port 18 bind success.
[21:19:22]  Packet Received on unknown port 11
[21:19:22]  Packet length is 172
[21:19:26]  Received BEE1012 Beacon from port : 17.
[21:19:28]  Received UELYSYS Beacon from port : 12.
[21:19:30]  Packet Received on unknown port 11
[21:19:30]  Packet length is 172
[21:19:36]  Received BEE1012 Beacon from port : 17.
[21:19:49]  Packet Received on unknown port 11
[21:19:49]  Packet length is 172
[21:19:52]  Packet Received on unknown port 11
[21:19:52]  Packet length is 172
[21:19:57]  Received UELYSYS Beacon from port : 12.
[21:20:00]  Received BEE1012 Beacon from port : 17.
[21:20:06]  Received BEE1012 Beacon from port : 17.
[21:20:09]  Packet Received on unknown port 11
[21:20:09]  Packet length is 172
[21:20:13]  Changing GS HMAC Key for BEE1012...
[21:20:13]   Satellite Switched to: BEE1012 (TX HMAC enabled)
[21:20:16]  Received BEE1012 Beacon from port : 17.
[21:20:22]  Packet Received on unknown port 11
[21:20:22]  Packet length is 172
[21:20:27]  Received UELYSYS Beacon from port : 12.
[21:20:29]  Packet Received on unknown port 11
[21:20:29]  Packet length is 172
[21:20:40]  Received BEE1012 Beacon from port : 17.
[21:20:44]  Start FTP Downlink.
[21:20:48]  Received FTP Download Spec.
[21:20:48]  Received FTP Download Spec. Filesize : 150888, CRC : 3700173035.
[21:20:49]  Received FTP Status Request.
[21:20:49]  Restart FTP Downlink from chunk : 1, to total : 839
[21:20:50]  Download : 1/839
[21:20:51]  Download : 2/839
[21:20:51]  Download : 3/839
[21:20:51]  Download : 4/839
[21:20:52]  Download : 5/839
[21:20:52]  Download : 6/839
[21:20:53]  Download : 7/839
[21:20:54]  Download : 8/839
[21:20:54]  Download : 9/839
[21:20:55]  Download : 10/839
[21:20:55]  Download : 11/839
[21:20:56]  Download : 12/839
[21:20:56]  Download : 13/839
[21:20:58]  Download : 14/839
[21:20:58]  Download : 15/839
[21:20:59]  Download : 16/839
[21:20:59]  Download : 17/839
[21:21:00]  Download : 18/839
[21:21:00]  Download : 19/839
[21:21:01]  Download : 20/839
[21:21:01]  Download : 21/839
[21:21:02]  Download : 22/839
[21:21:02]  Download : 23/839
[21:21:03]  Download : 24/839
[21:21:03]  Download : 25/839
[21:21:04]  Download : 26/839
[21:21:04]  Download : 27/839
[21:21:05]  Download : 28/839
[21:21:05]  Download : 29/839
[21:21:06]  Download : 30/839
[21:21:06]  Download : 31/839
[21:21:07]  Download : 32/839
[21:21:07]  Download : 33/839
[21:21:08]  Download : 34/839
[21:21:08]  Download : 35/839
[21:21:08]  Download : 36/839
[21:21:09]  Download : 37/839
[21:21:10]  Download : 38/839
[21:21:11]  Download : 39/839
[21:21:11]  Download : 40/839
[21:21:11]  Download : 41/839
[21:21:12]  Download : 42/839
[21:21:12]  Download : 43/839
[21:21:13]  Download : 44/839
[21:21:13]  Download : 45/839
[21:21:14]  Download : 46/839
[21:21:14]  Download : 47/839
[21:21:15]  Download : 48/839
[21:21:15]  Download : 49/839
[21:21:16]  Download : 50/839
[21:21:16]  Download : 51/839
[21:21:17]  Download : 52/839
[21:21:17]  Download : 53/839
[21:21:18]  Download : 54/839
[21:21:18]  Download : 55/839
[21:21:19]  Download : 56/839
[21:21:19]  Download : 57/839
[21:21:20]  Download : 58/839
[21:21:21]  Download : 59/839
[21:21:21]  Download : 60/839
[21:21:22]  Download : 61/839
[21:21:23]  Download : 62/839
[21:21:23]  Download : 63/839
[21:21:24]  Download : 64/839
[21:21:24]  Download : 65/839
[21:21:25]  Download : 66/839
[21:21:25]  Download : 67/839
[21:21:26]  Download : 68/839
[21:21:26]  Download : 69/839
