2026-01-13 11:33
[11:34:49]  Connect to Switch Box.............Success.
[11:34:49]  Connect to Rotator................Success.
[11:34:49]  Connect to GS100..................Success.
[11:34:49]  TM Port 13 bind success.
[11:34:49]  BCN Port 31 bind success.
[11:34:49]  RPT Port 25 bind success.
[11:34:49]  Event Port 27 bind success.
[11:34:49]  COSMIC Beacon Port 23 bind success.
[11:34:49]  COSMIC Report Port 24 bind success.
[11:35:09]  TLE "active" Download Completed.
[12:29:13]  Start Engaging.
[12:29:13]  Tracking : Az 155, El 0.
[12:29:14]  Start Doppler Correction.
[12:29:15]  Tracking : Az 155, El 0.
[12:29:17]  Tracking : Az 155, El 0.
[12:29:19]  Tracking : Az 155, El 0.
[12:29:21]  Tracking : Az 155, El 0.
[12:29:23]  Tracking : Az 155, El 0.
[12:29:25]  Tracking : Az 155, El 0.
[12:29:27]  Tracking : Az 155, El 0.
[12:29:29]  Tracking : Az 155, El 0.
[12:29:31]  Tracking : Az 155, El 0.
[12:29:33]  Tracking : Az 155, El 0.
[12:29:35]  Tracking : Az 155, El 0.
[12:29:37]  Tracking : Az 155, El 0.
[12:29:39]  Tracking : Az 155, El 0.
[12:32:33]  Forked Safe Amplifier Process.(ON, Timer)
[12:32:44]  Ping Failed.
[12:33:07]  Tracking : Az 154, El 3.
[12:33:14]  Ping Failed.
[12:33:20]  Ping Failed.
[12:33:29]  Ping Failed.
[12:33:42]  Ping Failed.
[12:33:47]  Tracking : Az 153, El 6.
[12:33:54]  Ping Failed.
[12:34:10]  Ping Failed.
[12:34:17]  Tracking : Az 151, El 8.
[12:34:19]  Ping Failed.
[12:34:27]  Ping Failed.
[12:34:38]  Ping Success at node 5, 474ms
[12:34:42]  [OK]CMD Packet Header: 0x18 0x75 0xc0 0x0 0x0 0x1 0x14 0x47
[12:34:43]  Tracking : Az 150, El 11.
[12:34:43]  Received Report from port : 25.
[12:34:45]  Received Report from port : 25.
[12:34:47]  Received Report from port : 25.
[12:34:57]  [OK]CMD Packet Header: 0x18 0x75 0xc0 0x0 0x0 0x5 0x1e 0xa2
[12:34:58]  Received Report from port : 25.
[12:35:00]  Received Report from port : 25.
[12:35:02]  Tracking : Az 149, El 13.
[12:35:02]  Received Report from port : 25.
[12:35:09]  [OK]CMD Packet Header: 0x18 0x50 0xc0 0x0 0x0 0x1 0x6 0x70
[12:35:10]  Received Report from port : 25.
[12:35:12]  Received Report from port : 25.
[12:35:14]  Received Report from port : 25.
[12:35:18]  [OK]CMD Packet Header: 0x18 0x75 0xc0 0x0 0x0 0x1 0x14 0x47
[12:35:20]  Received Report from port : 25.
[12:35:22]  Received Report from port : 25.
[12:35:27]  Tracking : Az 147, El 16.
[12:35:30]  [OK]CMD Packet Header: 0x18 0x75 0xc0 0x0 0x0 0x1 0x14 0x47
[12:35:31]  Received Report from port : 25.
[12:35:33]  Received Report from port : 25.
[12:35:35]  Received Report from port : 25.
[12:35:42]  Tracking : Az 146, El 18.
[12:35:53]  [OK]CMD Packet Header: 0x18 0x30 0xc0 0x0 0x0 0x1 0x0 0x16
[12:35:54]  Received Report from port : 25.
[12:35:56]  Received Report from port : 25.
[12:35:58]  Received Report from port : 25.
[12:36:02]  Tracking : Az 144, El 21.
[12:36:06]  [OK]CMD Packet Header: 0x18 0x30 0xc0 0x0 0x0 0x2 0x3 0x17
[12:36:07]  Received Report from port : 25.
[12:36:09]  Received Report from port : 25.
[12:36:11]  Received Report from port : 25.
[12:36:19]  [OK]CMD Packet Header: 0x18 0x30 0xc0 0x0 0x0 0x3 0x5 0x13
[12:36:20]  Received Report from port : 25.
[12:36:20]  Tracking : Az 141, El 24.
[12:36:22]  Received Report from port : 25.
[12:36:24]  Received Report from port : 25.
[12:36:35]  [OK]CMD Packet Header: 0x18 0x30 0xc0 0x0 0x0 0x3 0x6 0x12
[12:36:36]  Tracking : Az 139, El 27.
[12:36:44]  [OK]CMD Packet Header: 0x18 0x30 0xc0 0x0 0x0 0x3 0x6 0x12
[12:36:45]  Received Report from port : 25.
[12:36:47]  Received Report from port : 25.
[12:36:49]  Tracking : Az 136, El 29.
[12:36:49]  Received Report from port : 25.
[12:36:59]  Tracking : Az 134, El 32.
[12:37:09]  Tracking : Az 131, El 34.
[12:37:13]  [OK]CMD Packet Header: 0x18 0x30 0xc0 0x0 0x0 0x3 0x6 0x13
[12:37:15]  Received Report from port : 25.
[12:37:17]  Received Report from port : 25.
[12:37:18]  Tracking : Az 128, El 36.
[12:37:19]  Received Report from port : 25.
[12:37:26]  Tracking : Az 125, El 39.
[12:37:34]  Tracking : Az 122, El 41.
[12:37:40]  Tracking : Az 119, El 42.
[12:37:42]  [OK]CMD Packet Header: 0x18 0x30 0xc0 0x0 0x0 0x3 0x6 0x10
[12:37:44]  Received Report from port : 25.
[12:37:46]  Tracking : Az 116, El 44.
[12:37:51]  Tracking : Az 113, El 45.
[12:37:52]  [OK]CMD Packet Header: 0x18 0x30 0xc0 0x0 0x0 0x3 0x6 0x10
[12:37:53]  Received Report from port : 25.
[12:37:55]  Received Report from port : 25.
[12:37:56]  Tracking : Az 110, El 47.
[12:37:57]  Received Report from port : 25.
[12:38:02]  Tracking : Az 106, El 48.
[12:38:06]  Tracking : Az 103, El 49.
[12:38:10]  Tracking : Az 100, El 50.
[12:38:13]  Tracking : Az 97, El 51.
[12:38:17]  Tracking : Az 94, El 51.
[12:38:20]  Tracking : Az 91, El 52.
[12:38:21]  [OK]CMD Packet Header: 0x18 0x31 0xc0 0x0 0x0 0x1 0x0 0x17
[12:38:22]  Received Report from port : 25.
[12:38:24]  Tracking : Az 87, El 52.
[12:38:24]  Received Report from port : 25.
[12:38:26]  Received Report from port : 25.
[12:38:27]  Tracking : Az 84, El 53.
[12:38:28]  Received Report from port : 25.
[12:38:30]  Tracking : Az 81, El 53.
[12:38:30]  Received Report from port : 25.
[12:38:32]  Received Report from port : 25.
[12:38:33]  Tracking : Az 78, El 53.
[12:38:36]  Tracking : Az 75, El 53.
[12:38:40]  Tracking : Az 71, El 53.
[12:38:41]  Ping Success at node 5, 464ms
[12:38:43]  [OK]CMD Packet Header: 0x18 0x31 0xc0 0x0 0x0 0x7 0xa 0x2a
[12:38:44]  Tracking : Az 67, El 53.
[12:38:44]  Received Report from port : 25.
[00:07:47]  Received Report from port : 25.
[12:38:47]  Tracking : Az 64, El 53.
[12:38:48]  Received Report from port : 25.
[12:38:50]  Received Report from port : 25.
[12:38:51]  Tracking : Az 60, El 52.
[12:38:52]  Received Report from port : 25.
[12:38:54]  Received Report from port : 25.
[12:38:56]  Tracking : Az 56, El 52.
[12:38:59]  Tracking : Az 53, El 51.
[12:39:01]  [OK]CMD Packet Header: 0x18 0x31 0xc0 0x0 0x0 0x7 0xa 0x2b
[12:39:02]  Received Report from port : 25.
[12:39:04]  Tracking : Az 49, El 50.
[12:39:04]  Received Report from port : 25.
[12:39:06]  Received Report from port : 25.
[12:39:07]  Tracking : Az 46, El 50.
[12:39:08]  Received Report from port : 25.
[12:39:10]  Received Report from port : 25.
[12:39:11]  Tracking : Az 43, El 49.
[12:39:12]  Received Report from port : 25.
[12:39:15]  Tracking : Az 40, El 48.
[12:39:17]  [OK]CMD Packet Header: 0x18 0x31 0xc0 0x0 0x0 0x7 0xa 0x28
[12:39:20]  Tracking : Az 37, El 46.
[12:39:22]  Received Report from port : 25.
[12:39:24]  Tracking : Az 34, El 45.
[12:39:24]  Received Report from port : 25.
[12:39:26]  Received Report from port : 25.
[12:39:28]  Received Report from port : 25.
[12:39:30]  Tracking : Az 31, El 44.
[12:39:36]  Tracking : Az 28, El 42.
[12:39:38]  [OK]CMD Packet Header: 0x18 0x31 0xc0 0x0 0x0 0x7 0xa 0x28
[12:39:39]  Received Report from port : 25.
[12:39:41]  Received Report from port : 25.
[12:39:42]  Tracking : Az 25, El 40.
[12:39:43]  Received Report from port : 25.
[12:39:45]  Received Report from port : 25.
[12:39:47]  Received Report from port : 25.
[12:39:49]  Tracking : Az 22, El 38.
[12:39:49]  Received Report from port : 25.
[12:39:51]  Forked Safe Amplifier Process. (OFF)
[12:39:54]  Finish Engaging.
[12:39:54]  Beacon Success : 0, Ping Success : 2
