2026-01-09 12:46
[12:47:00]  Connect to Switch Box.............Success.
[12:47:00]  Connect to Rotator................Success.
[12:47:00]  Connect to GS100..................Success.
[12:47:00]  TM Port 13 bind success.
[12:47:00]  BCN Port 31 bind success.
[12:47:00]  RPT Port 25 bind success.
[12:47:00]  Event Port 27 bind success.
[12:47:00]  COSMIC Beacon Port 23 bind success.
[12:47:00]  COSMIC Report Port 24 bind success.
[12:47:06]  TLE "cubesat" Download Completed.
[12:47:28]  Start Engaging.
[12:47:28]  Tracking : Az 167, El 0.
[12:47:30]  Start Doppler Correction.
[12:47:30]  Tracking : Az 167, El 0.
[12:47:32]  Tracking : Az 167, El 0.
[12:47:34]  Tracking : Az 167, El 0.
[12:47:36]  Tracking : Az 167, El 0.
[12:47:38]  Tracking : Az 167, El 0.
[12:47:40]  Tracking : Az 167, El 0.
[12:47:42]  Tracking : Az 167, El 0.
[12:47:44]  Tracking : Az 167, El 0.
[12:47:46]  Tracking : Az 167, El 0.
[12:47:48]  Tracking : Az 167, El 0.
[12:47:50]  Tracking : Az 167, El 0.
[12:47:52]  Tracking : Az 167, El 0.
[12:47:54]  Tracking : Az 167, El 0.
[12:47:56]  Tracking : Az 167, El 0.
[12:52:20]  Forked Safe Amplifier Process.(ON, Timer)
[12:52:58]  Tracking : Az 167, El 3.
[12:53:00]  Tracking : Az 167, El 3.
[12:53:09]  Ping Failed.
[12:53:13]  Ping Success at node 5, 467ms
[12:53:38]  Tracking : Az 167, El 6.
[12:53:40]  Tracking : Az 167, El 6.
[12:53:47]  Ping Failed.
[12:54:01]  Tracking : Az 167, El 8.
[12:54:03]  Tracking : Az 167, El 8.
[12:54:07]  Ping Failed.
[12:54:22]  Tracking : Az 167, El 10.
[12:54:24]  Tracking : Az 167, El 10.
[12:54:27]  Ping Success at node 5, 462ms
[12:54:30]  Ping Success at node 5, 466ms
[12:54:31]  Ping Success at node 5, 474ms
[12:54:33]  AX100 Boot Count : 22242
[12:54:35]  Remote Param Control OK.(No Reply)
[12:54:37]  Remote Param Control OK. csp_rtable : 0/0 AX100, 3/5 CAN, 6/5 CAN
[12:54:47]  Ping Failed at node 3.
[12:54:50]  Ping Success at node 5, 471ms
[12:54:51]  Tracking : Az 168, El 13.
[12:54:53]  Tracking : Az 168, El 13.
[12:54:56]  Ping Failed at node 3.
[12:54:58]  Ping Success at node 5, 465ms
[12:55:13]  Ping Failed at node 6.
[12:55:15]  Tracking : Az 168, El 16.
[12:55:17]  Tracking : Az 168, El 16.
[12:55:18]  Ping Success at node 5, 461ms
[12:55:28]  Ping Failed at node 3.
[12:55:29]  Tracking : Az 168, El 18.
[12:55:31]  Tracking : Az 168, El 18.
[12:55:37]  Ping Failed.
[12:55:40]  Ping Failed.
[12:55:44]  Ping Failed.
[12:55:48]  Ping Failed.
[12:55:48]  Tracking : Az 168, El 21.
[12:55:50]  Tracking : Az 168, El 21.
[12:55:52]  Ping Failed.
[12:55:54]  Ping Failed.
[12:55:59]  Tracking : Az 168, El 23.
[12:56:01]  Ping Failed.
[12:56:01]  Tracking : Az 168, El 23.
[12:56:10]  Tracking : Az 168, El 25.
[12:56:11]  Ping Failed.
[12:56:12]  Tracking : Az 168, El 25.
[12:56:17]  Ping Failed.
[12:56:19]  Tracking : Az 168, El 27.
[12:56:21]  Tracking : Az 169, El 27.
[12:56:24]  Ping Failed.
[12:56:28]  Tracking : Az 169, El 29.
[12:56:29]  Ping Success at node 5, 468ms
[12:56:30]  Tracking : Az 169, El 29.
[12:56:31]  Ping Success at node 5, 464ms
[12:56:34]  Ping Success at node 5, 458ms
[12:56:38]  Ping Failed at node 3.
[12:56:40]  Tracking : Az 169, El 32.
[12:56:43]  Tracking : Az 169, El 33.
[12:56:47]  Ping Failed at node 6.
[12:56:52]  Ping Failed at node 6.
[12:56:52]  Ping Success at node 5, 459ms
[12:56:54]  Tracking : Az 169, El 36.
[12:56:55]  Ping Success at node 5, 461ms
[12:56:56]  Tracking : Az 169, El 36.
[12:57:03]  Tracking : Az 169, El 39.
[12:57:05]  Tracking : Az 170, El 39.
[12:57:11]  Tracking : Az 170, El 42.
[12:57:12]  Ping Success at node 5, 457ms
[12:57:13]  Tracking : Az 170, El 42.
[12:57:16]  Remote Param Control OK. rssi_busy : 0
[12:57:17]  Total RX Bytes : 65971
[12:57:18]  Remote Param Control OK. can_en : true
[12:57:19]  Tracking : Az 170, El 45.
[12:57:20]  Remote Param Control OK. tx_inhibit : 0
[12:57:21]  Tracking : Az 170, El 46.
[12:57:22]  Remote Param Control OK. tx_pwr : 3
[12:57:25]  Remote Param Control OK. Active Conf : 1
[12:57:27]  Remote Param Control OK. Last RSSI : -92
[12:57:28]  Tracking : Az 171, El 49.
[12:57:29]  Remote Param Control OK. rx_guard : 0
[12:57:30]  Remote Param Control OK. tx_guard : 50
[12:57:30]  Tracking : Az 171, El 50.
[12:57:31]  Remote Param Control OK. rx_baud : 4800
[12:57:33]  Remote Param Control OK. tx_baud : 4800
[12:57:37]  Ping Success at node 5, 457ms
[12:57:37]  Tracking : Az 171, El 53.
[12:57:39]  Tracking : Az 171, El 54.
[12:57:41]  Ping Success at node 5, 463ms
[12:57:44]  Tracking : Az 172, El 57.
[12:57:46]  Tracking : Az 172, El 58.
[12:57:51]  Tracking : Az 173, El 61.
[12:57:53]  Tracking : Az 173, El 62.
[12:57:58]  Tracking : Az 174, El 65.
[12:58:00]  Tracking : Az 174, El 66.
[12:58:02]  Ping Failed at node 3.
[12:58:03]  Tracking : Az 175, El 68.
[12:58:05]  Tracking : Az 176, El 69.
[12:58:07]  Ping Failed at node 3.
[12:58:09]  Tracking : Az 177, El 72.
[12:58:11]  Tracking : Az 178, El 73.
[12:58:14]  Tracking : Az 179, El 75.
[12:58:16]  Tracking : Az 181, El 76.
[12:58:18]  Tracking : Az 182, El 78.
[12:58:20]  Tracking : Az 185, El 79.
[12:58:22]  Tracking : Az 187, El 80.
[12:58:24]  Tracking : Az 191, El 82.
[12:58:25]  Ping Failed at node 3.
[12:58:26]  Tracking : Az 196, El 83.
[12:58:28]  Tracking : Az 204, El 80.
[12:58:29]  Ping Failed at node 3.
[12:58:30]  Tracking : Az 247, El 80.
[12:58:32]  Tracking : Az 273, El 86.
[12:58:34]  Tracking : Az 260, El 86.
[12:58:36]  Ping Failed at node 3.
[12:58:36]  Tracking : Az 284, El 80.
[12:58:38]  Tracking : Az 316, El 80.
[12:58:40]  Ping Failed at node 3.
[12:58:40]  Tracking : Az 322, El 80.
[12:58:42]  Tracking : Az 326, El 81.
[12:58:44]  Tracking : Az 324, El 81.
[12:58:45]  Ping Failed at node 3.
[12:58:46]  Tracking : Az 327, El 80.
[12:58:48]  Ping Success at node 5, 464ms
[12:58:48]  Tracking : Az 333, El 80.
[12:58:50]  Tracking : Az 334, El 75.
[12:58:52]  Tracking : Az 334, El 76.
[12:58:54]  Ping Success at node 5, 458ms
[12:58:54]  Tracking : Az 335, El 75.
[12:58:55]  Ping Success at node 5, 465ms
[12:58:56]  Tracking : Az 336, El 73.
[12:58:59]  Tracking : Az 337, El 71.
[12:59:02]  Tracking : Az 338, El 69.
[12:59:07]  Tracking : Az 340, El 66.
[12:59:09]  Tracking : Az 340, El 65.
[12:59:15]  Tracking : Az 341, El 61.
[12:59:17]  Tracking : Az 341, El 60.
[12:59:22]  Tracking : Az 342, El 57.
[12:59:24]  Tracking : Az 342, El 56.
[12:59:32]  Tracking : Az 343, El 52.
[12:59:34]  Tracking : Az 343, El 51.
[12:59:41]  Tracking : Az 343, El 48.
[12:59:43]  Tracking : Az 344, El 47.
[12:59:52]  Tracking : Az 344, El 43.
[12:59:52]  Ping Failed at node 3.
[12:59:54]  Tracking : Az 344, El 43.
[12:59:56]  Ping Failed at node 3.
[12:59:59]  Ping Failed at node 3.
[13:00:00]  Tracking : Az 344, El 40.
[13:00:02]  Ping Failed at node 3.
[13:00:03]  Tracking : Az 344, El 39.
[13:00:13]  Ping Failed at node 3.
[13:00:15]  Tracking : Az 345, El 35.
[13:00:16]  Ping Failed at node 3.
[13:00:17]  Ping Success at node 5, 456ms
[13:00:17]  Tracking : Az 345, El 35.
[13:00:20]  Ping Success at node 5, 463ms
[13:00:21]  Ping Success at node 5, 455ms
[13:00:22]  Ping Success at node 5, 459ms
[13:00:25]  Tracking : Az 345, El 32.
[13:00:26]  Ping Failed.
[13:00:26]  Ping Success at node 5, 467ms
[13:00:27]  Tracking : Az 345, El 32.
[13:00:29]  Ping Success at node 5, 472ms
[13:00:32]  Ping Success at node 5, 461ms
[13:00:35]  Tracking : Az 345, El 30.
[13:00:37]  Tracking : Az 345, El 29.
[13:00:44]  Ping Success at node 5, 461ms
[13:00:51]  Ping Success at node 5, 466ms
[13:00:53]  Ping Success at node 5, 468ms
[13:00:54]  Tracking : Az 346, El 25.
[13:00:56]  Ping Success at node 5, 464ms
[13:01:01]  Ping Success at node 5, 462ms
[13:01:03]  Ping Success at node 5, 466ms
[13:01:08]  Ping Success at node 5, 469ms
[13:01:11]  Ping Success at node 5, 463ms
[13:01:15]  Tracking : Az 346, El 21.
[13:01:16]  Ping Success at node 5, 457ms
[13:01:17]  Tracking : Az 346, El 21.
[13:01:19]  Ping Success at node 5, 468ms
[13:01:20]  Ping Success at node 5, 471ms
[13:01:21]  Ping Success at node 5, 464ms
[13:01:22]  Ping Success at node 5, 459ms
[13:01:23]  Ping Success at node 5, 459ms
[13:01:25]  Ping Success at node 5, 471ms
[13:01:30]  Ping Failed at node 3.
[13:01:33]  Tracking : Az 346, El 18.
[13:01:34]  Ping Failed at node 3.
[13:01:35]  Tracking : Az 346, El 18.
[13:01:38]  Ping Failed at node 3.
[13:01:39]  Ping Success at node 5, 470ms
[13:01:41]  Ping Success at node 5, 469ms
[13:01:42]  Ping Success at node 5, 472ms
[13:01:46]  Ping Failed.
[13:01:46]  Ping Success at node 5, 468ms
[13:01:48]  Ping Success at node 5, 470ms
[13:01:52]  Ping Failed.
[13:01:53]  Ping Success at node 5, 470ms
[13:01:54]  Tracking : Az 346, El 15.
[13:01:55]  Ping Success at node 5, 471ms
[13:01:56]  Ping Success at node 5, 474ms
[13:01:56]  Tracking : Az 346, El 15.
[13:01:58]  Ping Success at node 5, 473ms
[13:02:10]  Ping Failed.
[13:02:28]  Tracking : Az 347, El 11.
[13:02:32]  Ping Failed.
[13:02:42]  Ping Failed.
[13:02:44]  Ping Failed.
[13:02:46]  Ping Failed.
[13:02:47]  Forked Safe Amplifier Process. (OFF)
[13:02:55]  Finish Engaging.
[13:02:55]  Beacon Success : 0, Ping Success : 49
