2026-02-04 01:51
[01:52:00]  Connect to Switch Box.............Success.
[01:52:00]  Connect to Rotator................Success.
[01:52:00]  Connect to GS100..................Success.
[01:52:00]  TM Port 13 bind success.
[01:52:00]  BCN Port 31 bind success.
[01:52:00]  RPT Port 25 bind success.
[01:52:00]  Event Port 27 bind success.
[01:52:00]  COSMIC Beacon Port 23 bind success.
[01:52:00]  COSMIC Report Port 24 bind success.
[01:52:05]  TLE "cubesat" Download Completed.
[01:52:14]  Start Engaging.
[01:52:14]  Start Engaging.
[01:52:14]  Start Doppler Correction.
[01:52:21]  Forked Safe Amplifier Process.(ON, Timer)
[01:52:28]  Ping Failed.
[01:52:35]  Cannot Load Remote Parameter.
[01:52:37]  Tracking : Az 195, El 5.
[01:52:39]  Cannot Load Remote Parameter.
[01:52:43]  Ping Failed.
[01:52:48]  Cannot Load Remote Parameter.
[01:53:03]  Ping Failed.
[01:53:09]  Ping Failed.
[01:53:19]  Tracking : Az 195, El 2.
[01:53:41]  Ping Failed.
[01:54:00]  Forked Safe Amplifier Process. (OFF)
[01:54:21]  Tracking : Az 196, El 8.
