2026-01-30 12:23
[12:23:47]  Connect to Switch Box.............Success.
[12:23:47]  Connect to Rotator................Success.
[12:23:47]  Connect to GS100..................Success.
[12:23:47]  TM Port 13 bind success.
[12:23:47]  BCN Port 31 bind success.
[12:23:47]  RPT Port 25 bind success.
[12:23:47]  Event Port 27 bind success.
[12:23:47]  COSMIC Beacon Port 23 bind success.
[12:23:47]  COSMIC Report Port 24 bind success.
[12:23:53]  TLE "cubesat" Download Completed.
[12:23:58]  Start Engaging.
[12:23:58]  Tracking : Az 131, El 18.
[12:24:00]  Start Doppler Correction.
[12:24:00]  Tracking : Az 130, El 18.
[12:24:02]  Forked Safe Amplifier Process.(ON, Timer)
[12:24:17]  Tracking : Az 127, El 20.
[12:24:32]  Ping Success at node 5, 466ms
[12:24:33]  Tracking : Az 124, El 23.
[12:24:39]  AX100 Boot Count : 22249
[12:24:42]  Remote Param Control OK.(No Reply)
[12:24:44]  Ping Success at node 5, 457ms
[12:24:44]  Tracking : Az 121, El 24.
[12:24:55]  Tracking : Az 118, El 26.
[12:25:01]  Tracking : Az 116, El 27.
[12:25:10]  Tracking : Az 113, El 28.
[12:25:19]  Tracking : Az 110, El 30.
[12:25:26]  Tracking : Az 107, El 31.
[12:25:34]  Tracking : Az 104, El 32.
[12:25:40]  Tracking : Az 101, El 33.
[12:25:47]  Tracking : Az 98, El 34.
[12:25:53]  Tracking : Az 95, El 35.
[12:25:59]  Tracking : Az 92, El 35.
[12:26:01]  Ping Failed.
[12:26:04]  Tracking : Az 89, El 36.
[12:26:09]  Tracking : Az 86, El 36.
[12:26:14]  Tracking : Az 83, El 37.
[12:26:19]  Tracking : Az 80, El 37.
[12:26:24]  Tracking : Az 77, El 37.
[12:26:31]  Tracking : Az 73, El 37.
[12:26:34]  Tracking : Az 71, El 37.
[12:26:35]  Ping Success at node 5, 455ms
[12:26:40]  AX100 Boot Count : 22249
[12:26:40]  Tracking : Az 68, El 37.
[12:26:46]  Tracking : Az 64, El 37.
[12:26:49]  Tracking : Az 62, El 37.
[12:26:52]  Ping Failed at node 3.
[12:26:55]  Tracking : Az 59, El 36.
[12:26:58]  Ping Failed at node 3.
[12:26:59]  Tracking : Az 56, El 36.
[12:27:00]  Ping Success at node 5, 456ms
[12:27:05]  Tracking : Az 53, El 35.
[12:27:06]  Ping Failed at node 3.
[12:27:10]  Tracking : Az 50, El 35.
[12:27:18]  Tracking : Az 46, El 34.
[12:27:23]  Ping Success at node 5, 469ms
[12:27:24]  Tracking : Az 43, El 33.
[12:27:29]  Remote Param Control OK.(No Reply)
[12:27:31]  Tracking : Az 40, El 32.
[12:27:31]  Ping Success at node 5, 464ms
[12:27:38]  Tracking : Az 37, El 31.
[12:27:46]  Tracking : Az 34, El 30.
[12:27:51]  AX100 Boot Count : 22249
[12:27:54]  Tracking : Az 31, El 28.
[12:28:03]  Tracking : Az 28, El 27.
[12:28:04]  Forked Safe Amplifier Process. (OFF)
[12:28:09]  Tracking : Az 26, El 26.
[12:28:11]  Finish Engaging.
[12:28:11]  Beacon Success : 0, Ping Success : 6
[12:28:13]  Tracking : Az 0, El 0.
