2026-02-09 00:58
[00:58:34]  Connect to Switch Box.............Success.
[00:58:34]  Connect to Rotator................Success.
[00:58:34]  Connect to GS100..................Success.
[00:58:34]  TM Port 13 bind success.
[00:58:34]  BCN Port 31 bind success.
[00:58:34]  RPT Port 25 bind success.
[00:58:34]  Event Port 27 bind success.
[00:58:34]  COSMIC Beacon Port 23 bind success.
[00:58:34]  COSMIC Report Port 24 bind success.
[00:58:44]  TLE "cubesat" Download Completed.
[00:58:59]  TLE "active" Download Completed.
[00:59:13]  Forked Safe Amplifier Process.(ON, Timer)
[00:59:15]  Forked Safe Amplifier Process. (OFF)
[00:59:23]  [Auto]Start AutoPilot.
[00:59:23]  [Auto]Start Autopilot. Next Valuable AOS : 2/9 2:23:56
[00:59:23]  [Auto]Max Elevation : 25.70° Please Keep Devices On.
[02:18:56]  [Auto]Start Engaging.
[02:18:56]  [Auto]Start Doppler Correction.
[02:18:56]  Tracking : Az 157, El 4.
[02:18:58]  Tracking : Az 157, El 4.
[02:20:41]  Forked Safe Amplifier Process.(ON, Timer)
[02:20:48]  Ping Failed.
[02:20:55]  Ping Failed.
[02:21:03]  Ping Failed.
[02:21:10]  Ping Failed.
[02:21:17]  Ping Failed.
[02:21:25]  Ping Failed.
[02:21:32]  Ping Failed.
[02:21:39]  Ping Failed.
[02:21:47]  Ping Failed.
[02:21:54]  Ping Failed.
[02:22:01]  Ping Failed.
[02:22:08]  Ping Failed.
[02:22:16]  Ping Failed.
[02:22:23]  Ping Failed.
[02:22:30]  Ping Failed.
[02:22:38]  Ping Failed.
[02:22:45]  Ping Failed.
[02:22:52]  Ping Failed.
[02:23:00]  Ping Failed.
[02:23:07]  Ping Failed.
[02:23:14]  Ping Failed.
[02:23:22]  Ping Failed.
[02:23:29]  Ping Failed.
[02:23:36]  Ping Failed.
[02:23:40]  Tracking : Az 358, El 0.
[02:23:42]  Tracking : Az 358, El 0.
[02:23:44]  Tracking : Az 358, El 0.
[02:23:44]  Ping Failed.
[02:23:46]  Tracking : Az 358, El 0.
[02:23:48]  Tracking : Az 358, El 0.
[02:23:50]  Tracking : Az 358, El 0.
[02:23:51]  Ping Failed.
[02:23:52]  Tracking : Az 358, El 0.
[02:23:54]  Tracking : Az 358, El 0.
[02:23:56]  Tracking : Az 358, El 0.
[02:23:58]  Tracking : Az 357, El 0.
[02:23:58]  Ping Failed.
[02:24:00]  Tracking : Az 357, El 0.
[02:24:02]  Tracking : Az 357, El 0.
[02:24:04]  Tracking : Az 357, El 0.
[02:24:06]  Tracking : Az 357, El 0.
[02:24:06]  Ping Failed.
[02:24:08]  Tracking : Az 357, El 0.
[02:24:10]  Tracking : Az 357, El 0.
[02:24:12]  Tracking : Az 357, El 1.
[02:24:13]  Ping Failed.
[02:24:14]  Tracking : Az 357, El 1.
[02:24:19]  Ping Success at node 5, 467ms
[02:24:24]  Ping Success at node 5, 472ms
[02:24:30]  Ping Success at node 5, 471ms
[02:24:35]  Ping Success at node 5, 471ms
[02:24:40]  Ping Success at node 5, 472ms
[02:24:45]  [OK]CMD Packet Header: 0x18 0x75 0xc0 0x0 0x0 0x1 0x14 0x47
[02:24:46]  [Auto]EPS P60 DOCK GET TABLE HK Command Sent (1/2)
[02:24:46]  Ping Success at node 5, 583ms
[02:24:56]  [OK]CMD Packet Header: 0x18 0x75 0xc0 0x0 0x0 0x1 0x14 0x47
[02:24:56]  [Auto]EPS P60 DOCK GET TABLE HK Command Sent (2/2)
[02:24:57]  Received Report from port : 25.
[02:24:58]  Tracking : Az 353, El 4.
[02:24:59]  Received Report from port : 25.
[02:25:00]  Tracking : Az 353, El 4.
[02:25:06]  [OK]CMD Packet Header: 0x18 0x75 0xc0 0x0 0x0 0x1 0x17 0x44
[02:25:06]  [Auto]EPS P60 PDU GET TABLE HK Command Sent (1/2)
[02:25:16]  [OK]CMD Packet Header: 0x18 0x75 0xc0 0x0 0x0 0x1 0x17 0x44
[02:25:17]  [Auto]EPS P60 PDU GET TABLE HK Command Sent (2/2)
[02:25:27]  [OK]CMD Packet Header: 0x18 0x75 0xc0 0x0 0x0 0x1 0x1a 0x0
[02:25:27]  [Auto]EPS P60 ACU GET TABLE HK Command Sent (1/2)
[02:25:33]  Tracking : Az 350, El 6.
[02:25:37]  [OK]CMD Packet Header: 0x18 0x75 0xc0 0x0 0x0 0x1 0x1a 0x0
[02:25:37]  [Auto]EPS P60 ACU GET TABLE HK Command Sent (2/2)
[02:25:47]  [Auto]Start GND WDT reset sequence
[02:25:47]  [OK]CMD Packet Header: 0x18 0x50 0xc0 0x0 0x0 0x1 0x6 0x70
[02:25:48]  [Auto]AX100 GND WDT CMD sent (1/2)
[02:25:58]  [Auto]Stop Doppler Correction.
[02:25:59]  [Auto]Finish Engaging.
[02:25:59]  Tracking : Az 0, El 0.
[02:26:00]  [Auto]Beacon Success : 0, Ping Success : 6 CMD Success : 0
[02:26:04]  Start Engaging.
[02:26:04]  Tracking : Az 347, El 8.
[02:26:05]  Start Doppler Correction.
[02:26:05]  Start Doppler Correction.
[02:26:06]  Tracking : Az 347, El 9.
[02:26:08]  Tracking : Az 347, El 9.
[02:26:10]  Tracking : Az 346, El 9.
[02:26:19]  [OK]CMD Packet Header: 0x18 0x75 0xc0 0x0 0x0 0x1 0x14 0x47
[02:26:30]  Tracking : Az 344, El 11.
[02:26:30]  Cannot Load Remote Parameter.
[02:26:39]  Tracking : Az 342, El 11.
[02:26:40]  [OK]CMD Packet Header: 0x18 0x75 0xc0 0x0 0x0 0x1 0x14 0x47
[02:26:52]  Cannot Load Remote Parameter.
[02:26:53]  Tracking : Az 340, El 13.
[02:26:58]  Ping Failed.
[02:27:02]  Forked Safe Amplifier Process. (OFF)
