2026-01-09 01:15
[01:15:53]  Connect to Switch Box.............Success.
[01:15:53]  Connect to Rotator................Success.
[01:15:53]  Connect to GS100..................Success.
[01:15:53]  TM Port 13 bind success.
[01:15:53]  BCN Port 31 bind success.
[01:15:53]  RPT Port 25 bind success.
[01:15:53]  Event Port 27 bind success.
[01:15:53]  COSMIC Beacon Port 23 bind success.
[01:15:53]  COSMIC Report Port 24 bind success.
[01:15:56]  TLE "cubesat" Download Completed.
[01:15:56]  Received Event from port : 27.

[01:15:59]  Start Engaging.
[01:15:59]  Tracking : Az 0, El 0.
[01:16:00]  Start Doppler Correction.
[01:16:00]  Please load TLE or FDS. Stop Doppler Correction.
[01:16:01]  Tracking : Az 0, El 0.
[01:16:02]  Received Event from port : 27.

[01:16:03]  Tracking : Az 121, El 35.
[01:16:05]  Tracking : Az 122, El 35.
[01:16:06]  Start Doppler Correction.
[01:16:07]  Received Event from port : 27.

[01:16:07]  Tracking : Az 123, El 35.
[01:16:08]  Forked Safe Amplifier Process.(ON, Timer)
[01:16:09]  Received Event from port : 27.

[01:16:09]  Tracking : Az 124, El 35.
[01:16:11]  Received Event from port : 27.

[01:16:11]  Tracking : Az 125, El 34.
[01:16:13]  Ping Success at node 5, 463ms
[01:16:17]  Received Event from port : 27.

[01:16:17]  Tracking : Az 128, El 33.
[01:16:19]  Received Event from port : 27.

[01:16:19]  Tracking : Az 129, El 33.
[01:16:22]  [OK]CMD Packet Header: 0x18 0x30 0xc0 0x0 0x0 0x1 0x0 0x16
[01:16:22]  Received Event from port : 27.

[01:16:23]  Tracking : Az 131, El 32.
[01:16:24]  Received Report from port : 25.
[01:16:25]  Tracking : Az 132, El 32.
[01:16:26]  Received Report from port : 25.
[01:16:28]  Received Report from port : 25.
[01:16:30]  Received Event from port : 27.

[01:16:32]  Tracking : Az 135, El 31.
[01:16:35]  Tracking : Az 136, El 31.
[01:16:37]  Received Event from port : 27.

[01:16:37]  [OK]CMD Packet Header: 0x18 0x30 0xc0 0x0 0x0 0x2 0x3 0x17
[01:16:39]  Received Event from port : 27.

[01:16:41]  Received Report from port : 25.
[01:16:41]  Tracking : Az 138, El 30.
[01:16:43]  Received Report from port : 25.
[01:16:43]  Tracking : Az 139, El 29.
[01:16:45]  Received Report from port : 25.
[01:16:47]  Received Event from port : 27.

[01:16:51]  Tracking : Az 142, El 28.
[01:16:53]  Tracking : Az 142, El 28.
[01:16:54]  [OK]CMD Packet Header: 0x18 0x30 0xc0 0x0 0x0 0x3 0x6 0x10
[01:16:55]  Received Event from port : 27.

[01:16:57]  Received Report from port : 25.
[01:16:57]  Tracking : Az 144, El 27.
[01:16:59]  Received Report from port : 25.
[01:17:01]  Received Report from port : 25.
[01:17:03]  Received Event from port : 27.

[01:17:05]  Received Event from port : 27.

[01:17:07]  Received Event from port : 27.

[01:17:07]  Tracking : Az 147, El 25.
[01:17:09]  Tracking : Az 147, El 25.
[01:17:15]  Tracking : Az 149, El 24.
[01:17:17]  Received Event from port : 27.

[01:17:20]  [OK]CMD Packet Header: 0x18 0x30 0xc0 0x0 0x0 0x7 0xa 0x29
[01:17:21]  Received Report from port : 25.
[01:17:23]  Received Report from port : 25.
[01:17:25]  Received Report from port : 25.
[01:17:27]  Tracking : Az 152, El 22.
[01:17:27]  Received Report from port : 25.
[01:17:29]  Tracking : Az 152, El 22.
[01:17:29]  Received Report from port : 25.
[01:17:31]  Received Report from port : 25.
[01:17:33]  Received Report from port : 25.
[01:17:36]  Received Report from port : 25.
[01:17:36]  Tracking : Az 154, El 21.
[01:17:38]  Received Report from port : 25.
[01:17:40]  Received Event from port : 27.

[01:17:47]  Received Event from port : 27.

[01:17:52]  Tracking : Az 157, El 19.
[01:17:54]  Tracking : Az 157, El 19.
[01:17:57]  Received Event from port : 27.

[01:18:04]  [OK]CMD Packet Header: 0x18 0x15 0xc0 0x0 0x0 0x45 0xa 0x35
[01:18:04]  Received GETFILEINFO Response from port : 23.

[01:18:06]  Received Event from port : 27.

[01:18:08]  Received Event from port : 27.

[01:18:10]  Tracking : Az 160, El 16.
[01:18:12]  Tracking : Az 160, El 16.
[01:18:17]  Received Event from port : 27.

[01:18:17]  Tracking : Az 161, El 16.
[01:18:20]  Received Event from port : 27.

[01:18:27]  Received Event from port : 27.

[01:18:32]  Tracking : Az 163, El 14.
[01:18:37]  Received Event from port : 27.

[01:18:41]  [OK]CMD Packet Header: 0x18 0x15 0xc0 0x0 0x0 0x45 0xa 0x35
[01:18:42]  Received GETFILEINFO Response from port : 23.

[01:18:44]  Received Event from port : 27.

[01:18:47]  Received Event from port : 27.

[01:18:50]  [OK]CMD Packet Header: 0x18 0x15 0xc0 0x0 0x0 0x45 0xa 0x36
[01:18:51]  Received GETFILEINFO Response from port : 23.

[01:18:53]  Received Event from port : 27.

[01:18:55]  Tracking : Az 165, El 11.
[01:18:57]  Received Event from port : 27.

[01:18:58]  Tracking : Az 166, El 11.
[01:19:01]  Received Event from port : 27.

[01:19:07]  Received Event from port : 27.

[01:19:11]  [OK]CMD Packet Header: 0x18 0x23 0xc0 0x0 0x0 0x5 0x4 0x9
[01:19:22]  [OK]CMD Packet Header: 0x18 0x75 0xc0 0x0 0x0 0x1 0x14 0x47
[01:19:23]  Received Report from port : 25.
[01:19:25]  Received Report from port : 25.
[01:19:31]  Tracking : Az 169, El 8.
[01:19:33]  Tracking : Az 169, El 8.
[01:19:35]  [OK]CMD Packet Header: 0x18 0x75 0xc0 0x0 0x0 0x1 0x14 0x47
[01:19:36]  Received Report from port : 25.
[01:19:38]  Received Report from port : 25.
[01:19:40]  Received Report from port : 25.
[01:19:47]  [OK]CMD Packet Header: 0x18 0x75 0xc0 0x0 0x0 0x5 0x1e 0xa2
[01:19:57]  [OK]CMD Packet Header: 0x18 0x75 0xc0 0x0 0x0 0x1 0x14 0x47
[01:20:01]  Tracking : Az 171, El 6.
[01:20:03]  Ping Success at node 5, 477ms
[01:20:05]  [OK]CMD Packet Header: 0x18 0x75 0xc0 0x0 0x0 0x1 0x14 0x47
[01:20:15]  Ping Failed.
[01:20:21]  Ping Success at node 5, 467ms
[01:20:23]  [OK]CMD Packet Header: 0x18 0x75 0xc0 0x0 0x0 0x1 0x14 0x47
[01:20:30]  Ping Success at node 5, 476ms
[01:20:30]  Tracking : Az 172, El 3.
[01:20:36]  Cannot Load Remote Parameter.
[01:20:38]  Ping Success at node 5, 471ms
[01:20:40]  AX100 Boot Count : 189
[01:20:43]  [OK]CMD Packet Header: 0x18 0x75 0xc0 0x0 0x0 0x1 0x14 0x47
[01:20:53]  Ping Failed.
[01:20:55]  Ping Success at node 5, 478ms
[01:21:00]  Forked Safe Amplifier Process. (OFF)
[01:21:02]  Finish Engaging.
[01:21:02]  Beacon Success : 0, Ping Success : 6
[01:21:03]  Tracking : Az 0, El 0.
