2026-01-09 20:32
[20:32:03]  Connect to Switch Box.............Success.
[20:32:03]  Connect to Rotator................Success.
[20:32:03]  Connect to GS100..................Success.
[20:32:03]  TM Port 13 bind success.
[20:32:03]  BCN Port 31 bind success.
[20:32:03]  RPT Port 25 bind success.
[20:32:03]  Event Port 27 bind success.
[20:32:03]  COSMIC Beacon Port 23 bind success.
[20:32:03]  COSMIC Report Port 24 bind success.
[20:32:16]  TLE "active" Download Completed.
[20:32:57]  [Auto]Start AutoPilot.
[20:32:57]  [Auto]Start Autopilot. Next Valuable AOS : 1/9 20:35:4
[20:32:57]  [Auto]Max Elevation : 51.47° Please Keep Devices On.
[20:32:57]  [Auto]Start Engaging.
[20:32:57]  [Auto]Start Doppler Correction.
[20:32:57]  [DBG][AMP] exit-wait: min_to_los=14.350 Autopilot=1
[20:32:57]  Forked Safe Amplifier Process.(ON, Timer)
[20:32:57]  [Auto]Synchronizing Watchdog Counter GS100 - AX100
[20:32:57]  Tracking : Az 213, El 0.
[20:32:59]  [Auto]Watchdog Control OK.(No Reply)
[20:32:59]  Tracking : Az 213, El 0.
[20:33:01]  Tracking : Az 213, El 0.
[20:33:03]  Tracking : Az 213, El 0.
[20:33:04]  [OK]CMD Packet Header: 0x18 0x75 0xc0 0x0 0x0 0x5 0x1e 0xa2
[20:33:04]  [Auto]GND WDT Reset CMD sent
[20:33:05]  [Auto]Watchdog Control OK.(No Reply)
[20:33:10]  [OK]CMD Packet Header: 0x18 0x75 0xc0 0x0 0x0 0x5 0x1e 0xa2
[20:33:11]  [Auto]GND WDT Reset CMD sent
[20:33:12]  [Auto]Watchdog Control OK.(No Reply)
[20:33:17]  [OK]CMD Packet Header: 0x18 0x75 0xc0 0x0 0x0 0x5 0x1e 0xa2
[20:33:17]  [Auto]GND WDT Reset CMD sent
[20:33:19]  [Auto]Watchdog Control OK.(No Reply)
[20:33:24]  [OK]CMD Packet Header: 0x18 0x75 0xc0 0x0 0x0 0x5 0x1e 0xa2
[20:33:24]  [Auto]GND WDT Reset CMD sent
[20:33:25]  [Auto]Watchdog Control OK.(No Reply)
[20:33:30]  [OK]CMD Packet Header: 0x18 0x75 0xc0 0x0 0x0 0x5 0x1e 0xa2
[20:33:31]  [Auto]GND WDT Reset CMD sent
[20:33:32]  [Auto]Watchdog Control OK.(No Reply)
[20:33:37]  [OK]CMD Packet Header: 0x18 0x75 0xc0 0x0 0x0 0x5 0x1e 0xa2
[20:33:37]  [Auto]GND WDT Reset CMD sent
[20:33:39]  [Auto]Watchdog Control OK.(No Reply)
[20:33:44]  [OK]CMD Packet Header: 0x18 0x75 0xc0 0x0 0x0 0x5 0x1e 0xa2
[20:33:44]  [Auto]GND WDT Reset CMD sent
[20:33:45]  [Auto]Watchdog Control OK.(No Reply)
[20:33:50]  [OK]CMD Packet Header: 0x18 0x75 0xc0 0x0 0x0 0x5 0x1e 0xa2
[20:33:51]  [Auto]GND WDT Reset CMD sent
[20:33:52]  [Auto]Watchdog Control OK.(No Reply)
[20:33:57]  [OK]CMD Packet Header: 0x18 0x75 0xc0 0x0 0x0 0x5 0x1e 0xa2
[20:33:57]  [Auto]GND WDT Reset CMD sent
[20:33:59]  [Auto]Watchdog Control OK.(No Reply)
[20:34:04]  [OK]CMD Packet Header: 0x18 0x75 0xc0 0x0 0x0 0x5 0x1e 0xa2
[20:34:04]  [Auto]GND WDT Reset CMD sent
[20:34:05]  [Auto]Watchdog Control OK.(No Reply)
[20:34:10]  [OK]CMD Packet Header: 0x18 0x75 0xc0 0x0 0x0 0x5 0x1e 0xa2
[20:34:11]  [Auto]GND WDT Reset CMD sent
[20:34:12]  [Auto]Watchdog Control OK.(No Reply)
[20:34:17]  [OK]CMD Packet Header: 0x18 0x75 0xc0 0x0 0x0 0x5 0x1e 0xa2
[20:34:17]  [Auto]GND WDT Reset CMD sent
[20:34:19]  [Auto]Watchdog Control OK.(No Reply)
[20:34:24]  [OK]CMD Packet Header: 0x18 0x75 0xc0 0x0 0x0 0x5 0x1e 0xa2
[20:34:24]  [Auto]GND WDT Reset CMD sent
[20:34:25]  [Auto]Watchdog Control OK.(No Reply)
[20:34:30]  [OK]CMD Packet Header: 0x18 0x75 0xc0 0x0 0x0 0x5 0x1e 0xa2
[20:34:31]  [Auto]GND WDT Reset CMD sent
[20:34:32]  [Auto]Watchdog Control OK.(No Reply)
[20:34:37]  [OK]CMD Packet Header: 0x18 0x75 0xc0 0x0 0x0 0x5 0x1e 0xa2
[20:34:37]  [Auto]GND WDT Reset CMD sent
[20:34:39]  [Auto]Watchdog Control OK.(No Reply)
[20:34:44]  [OK]CMD Packet Header: 0x18 0x75 0xc0 0x0 0x0 0x5 0x1e 0xa2
[20:34:44]  [Auto]GND WDT Reset CMD sent
[20:34:45]  [Auto]Watchdog Control OK.(No Reply)
[20:34:50]  [OK]CMD Packet Header: 0x18 0x75 0xc0 0x0 0x0 0x5 0x1e 0xa2
[20:34:51]  [Auto]GND WDT Reset CMD sent
[20:34:52]  [Auto]Watchdog Control OK.(No Reply)
[20:34:57]  [OK]CMD Packet Header: 0x18 0x75 0xc0 0x0 0x0 0x5 0x1e 0xa2
[20:34:57]  [Auto]GND WDT Reset CMD sent
[20:34:59]  [Auto]Watchdog Control OK.(No Reply)
[20:35:04]  [OK]CMD Packet Header: 0x18 0x75 0xc0 0x0 0x0 0x5 0x1e 0xa2
[20:35:04]  [Auto]GND WDT Reset CMD sent
[20:35:05]  [Auto]Watchdog Control OK.(No Reply)
[20:35:10]  [OK]CMD Packet Header: 0x18 0x75 0xc0 0x0 0x0 0x5 0x1e 0xa2
[20:35:11]  [Auto]GND WDT Reset CMD sent
[20:35:12]  [Auto]Watchdog Control OK.(No Reply)
[20:35:17]  [OK]CMD Packet Header: 0x18 0x75 0xc0 0x0 0x0 0x5 0x1e 0xa2
[20:35:17]  [Auto]GND WDT Reset CMD sent
[20:35:19]  [Auto]Watchdog Control OK.(No Reply)
[20:35:24]  [OK]CMD Packet Header: 0x18 0x75 0xc0 0x0 0x0 0x5 0x1e 0xa2
[20:35:24]  [Auto]GND WDT Reset CMD sent
[20:35:25]  [Auto]Watchdog Control OK.(No Reply)
[20:35:30]  [OK]CMD Packet Header: 0x18 0x75 0xc0 0x0 0x0 0x5 0x1e 0xa2
[20:35:31]  [Auto]GND WDT Reset CMD sent
[20:35:32]  [Auto]Watchdog Control OK.(No Reply)
[20:35:37]  [OK]CMD Packet Header: 0x18 0x75 0xc0 0x0 0x0 0x5 0x1e 0xa2
[20:35:37]  [Auto]GND WDT Reset CMD sent
[20:35:39]  [Auto]Watchdog Control OK.(No Reply)
[20:35:44]  [OK]CMD Packet Header: 0x18 0x75 0xc0 0x0 0x0 0x5 0x1e 0xa2
[20:35:44]  [Auto]GND WDT Reset CMD sent
[20:35:45]  [Auto]Watchdog Control OK.(No Reply)
[20:35:48]  Tracking : Az 214, El 3.
[20:35:50]  [OK]CMD Packet Header: 0x18 0x75 0xc0 0x0 0x0 0x5 0x1e 0xa2
[20:35:50]  Tracking : Az 214, El 3.
[20:35:51]  [Auto]GND WDT Reset CMD sent
[20:35:51]  [Auto]Autopilot Stopped by User.
[20:35:51]  [Auto]Stop Doppler Correction.
[20:35:52]  [Auto]Finish Engaging.
[20:35:52]  Tracking : Az 0, El 0.
[20:35:53]  [Auto]Beacon Success : 0, Ping Success : 0 CMD Success : 0
[20:35:55]  Forked Safe Amplifier Process. (OFF)
[20:39:22]  [OK]CMD Packet Header: 0x18 0x50 0xc0 0x0 0x0 0x1 0x6 0x70
