2025-12-27 12:39
[12:40:27]  Connect to Switch Box.............Success.
[12:40:27]  Connect to Rotator................Success.
[12:40:27]  Connect to GS100..................Success.
[12:40:27]  TM Port 13 bind success.
[12:40:27]  BCN Port 31 bind success.
[12:40:27]  RPT Port 25 bind success.
[12:40:27]  Event Port 27 bind success.
[12:40:27]  COSMIC Beacon Port 23 bind success.
[12:40:27]  COSMIC Report Port 24 bind success.
[12:41:01]  TLE "cubesat" Download Completed.
[12:42:25]  Start Engaging.
[12:42:27]  Start Doppler Correction.
[12:42:27]  Please load TLE or FDS. Stop Doppler Correction.
[12:42:29]  Tracking : Az 164, El 0.
[12:42:31]  Tracking : Az 164, El 0.
[12:42:33]  Tracking : Az 164, El 0.
[12:42:34]  Start Doppler Correction.
[12:42:35]  Tracking : Az 164, El 0.
[12:42:37]  Tracking : Az 164, El 0.
[12:42:39]  Tracking : Az 164, El 0.
[12:42:41]  Tracking : Az 164, El 0.
[12:42:43]  Tracking : Az 164, El 0.
[12:42:45]  Tracking : Az 164, El 0.
[12:42:47]  Tracking : Az 164, El 0.
[12:42:49]  Tracking : Az 164, El 0.
[12:42:51]  Tracking : Az 164, El 0.
[12:42:53]  Tracking : Az 164, El 0.
[12:42:55]  Tracking : Az 164, El 0.
[12:42:57]  Tracking : Az 164, El 0.
[12:42:59]  Tracking : Az 164, El 0.
[12:47:18]  Forked Safe Amplifier Process.(ON, Timer)
[12:47:27]  Ping Success at node 5, 470ms
[12:47:30]  Ping Success at node 5, 472ms
[12:47:32]  Ping Success at node 5, 477ms
[12:47:39]  Cannot Load Remote Parameter.
[12:47:43]  Cannot Load Remote Parameter.
[12:47:46]  Cannot Load Remote Parameter.
[12:47:52]  Tracking : Az 163, El 3.
[12:47:54]  Tracking : Az 163, El 3.
[12:48:00]  Ping Failed.
[12:48:19]  Ping Failed.
[12:48:26]  Ping Failed.
[12:48:31]  Tracking : Az 163, El 6.
[12:48:33]  Tracking : Az 163, El 6.
[12:48:38]  Ping Failed.
[12:48:46]  Ping Success at node 5, 464ms
[12:48:49]  Ping Success at node 5, 464ms
[12:48:51]  AX100 Boot Count : 22228
[12:49:02]  Ping Failed at node 3.
[12:49:06]  Tracking : Az 163, El 9.
[12:49:06]  Ping Failed at node 3.
[12:49:08]  Tracking : Az 163, El 9.
[12:49:08]  Ping Success at node 5, 465ms
[12:49:13]  Ping Failed at node 3.
[12:49:21]  Ping Failed at node 3.
[12:49:26]  Tracking : Az 163, El 11.
[12:49:26]  Ping Success at node 5, 467ms
[12:49:35]  [OK]CMD Packet Header: 0x18 0x23 0xc0 0x0 0x0 0x1 0x6 0x3
[12:49:38]  [OK]CMD Packet Header: 0x18 0x23 0xc0 0x0 0x0 0x1 0x6 0x3
[12:49:41]  [OK]CMD Packet Header: 0x18 0x23 0xc0 0x0 0x0 0x1 0x6 0x3
[12:49:44]  Tracking : Az 163, El 13.
[12:49:49]  [OK]CMD Packet Header: 0x18 0x20 0xc0 0x0 0x0 0x5 0x7 0xd
[12:49:56]  [OK]CMD Packet Header: 0x18 0x20 0xc0 0x0 0x0 0x5 0x7 0xd
[12:49:59]  [OK]CMD Packet Header: 0x18 0x20 0xc0 0x0 0x0 0x5 0x7 0xd
[00:11:11]  [OK]CMD Packet Header: 0x18 0x23 0xc0 0x0 0x0 0x1 0x1b 0x1e
[12:50:07]  [OK]CMD Packet Header: 0x18 0x23 0xc0 0x0 0x0 0x8 0x2 0x18
[12:50:08]  Tracking : Az 162, El 16.
[12:50:08]  [OK]CMD Packet Header: 0x18 0x19 0xc0 0x0 0x0 0x5 0x0 0x29
[12:50:13]  [OK]CMD Packet Header: 0x18 0x23 0xc0 0x0 0x0 0x1 0x1b 0x1e
[12:50:14]  [OK]CMD Packet Header: 0x18 0x23 0xc0 0x0 0x0 0x8 0x2 0x18
[12:50:14]  [OK]CMD Packet Header: 0x18 0x19 0xc0 0x0 0x0 0x5 0x0 0x29
[12:50:20]  [OK]CMD Packet Header: 0x18 0x23 0xc0 0x0 0x0 0x1 0x1b 0x1e
[12:50:20]  [OK]CMD Packet Header: 0x18 0x23 0xc0 0x0 0x0 0x8 0x2 0x18
[12:50:20]  [OK]CMD Packet Header: 0x18 0x19 0xc0 0x0 0x0 0x5 0x0 0x29
[12:50:23]  Tracking : Az 162, El 18.
[12:50:26]  [OK]CMD Packet Header: 0x18 0x23 0xc0 0x0 0x0 0x1 0x1b 0x1e
[12:50:26]  [OK]CMD Packet Header: 0x18 0x23 0xc0 0x0 0x0 0x8 0x2 0x18
[12:50:26]  [OK]CMD Packet Header: 0x18 0x19 0xc0 0x0 0x0 0x5 0x0 0x29
[12:50:31]  Ping Success at node 5, 464ms
[12:50:35]  AX100 Boot Count : 22228
[12:50:37]  [OK]CMD Packet Header: 0x18 0x23 0xc0 0x0 0x0 0x1 0x1b 0x1e
[12:50:37]  [OK]CMD Packet Header: 0x18 0x23 0xc0 0x0 0x0 0x8 0x2 0x18
[12:50:38]  [OK]CMD Packet Header: 0x18 0x19 0xc0 0x0 0x0 0x5 0x0 0x29
[12:50:42]  Tracking : Az 162, El 21.
[12:50:42]  [OK]CMD Packet Header: 0x18 0x23 0xc0 0x0 0x0 0x1 0x1b 0x1e
[12:50:42]  [OK]CMD Packet Header: 0x18 0x23 0xc0 0x0 0x0 0x8 0x2 0x18
[12:50:43]  [OK]CMD Packet Header: 0x18 0x19 0xc0 0x0 0x0 0x5 0x0 0x29
[12:50:58]  Tracking : Az 161, El 24.
[12:51:05]  [OK]CMD Packet Header: 0x18 0x71 0xc0 0x0 0x0 0x1 0x16 0x41
[12:51:10]  [OK]CMD Packet Header: 0x18 0x71 0xc0 0x0 0x0 0x1 0x16 0x41
[12:51:13]  Tracking : Az 161, El 27.
[12:51:17]  [OK]CMD Packet Header: 0x18 0x71 0xc0 0x0 0x0 0x1 0x16 0x41
[12:51:26]  Tracking : Az 160, El 30.
[12:51:33]  Ping Failed.
[12:51:37]  Tracking : Az 160, El 33.
[12:51:41]  Ping Failed.
[12:51:44]  Ping Failed.
[12:51:47]  Tracking : Az 159, El 36.
[12:51:52]  Ping Success at node 5, 460ms
[12:51:55]  AX100 Boot Count : 22228
[12:51:57]  Tracking : Az 158, El 39.
[12:51:59]  Ping Success at node 5, 470ms
[12:52:00]  Tracking : Az 158, El 40.
[12:52:02]  [OK]CMD Packet Header: 0x18 0x71 0xc0 0x0 0x0 0x1 0x16 0x41
[12:52:08]  Tracking : Az 157, El 43.
[12:52:10]  Tracking : Az 157, El 44.
[12:52:13]  [OK]CMD Packet Header: 0x18 0x71 0xc0 0x0 0x0 0x1 0x16 0x41
[12:52:17]  Ping Success at node 5, 463ms
[12:52:18]  Tracking : Az 156, El 47.
[12:52:20]  Tracking : Az 156, El 48.
[12:52:20]  AX100 Boot Count : 22228
[12:52:23]  [OK]CMD Packet Header: 0x18 0x71 0xc0 0x0 0x0 0x1 0x16 0x41
[12:52:27]  Tracking : Az 155, El 51.
[12:52:29]  Tracking : Az 154, El 52.
[12:52:29]  Cannot Load Remote Parameter.
[12:52:31]  Ping Success at node 5, 453ms
[12:52:34]  AX100 Boot Count : 22228
[12:52:35]  Tracking : Az 153, El 55.
[12:52:36]  [OK]CMD Packet Header: 0x18 0x71 0xc0 0x0 0x0 0x1 0x16 0x41
[12:52:37]  Tracking : Az 153, El 56.
[12:52:40]  [OK]CMD Packet Header: 0x18 0x71 0xc0 0x0 0x0 0x1 0x16 0x41
[12:52:42]  Tracking : Az 151, El 59.
[12:52:44]  Tracking : Az 151, El 60.
[12:52:45]  AX100 Boot Count : 22228
[12:52:50]  Tracking : Az 148, El 63.
[12:52:52]  Tracking : Az 147, El 64.
[12:52:53]  Ping Failed at node 3.
[12:52:56]  [OK]CMD Packet Header: 0x18 0x71 0xc0 0x0 0x0 0x1 0x16 0x41
[12:52:57]  Tracking : Az 144, El 67.
[12:52:59]  Tracking : Az 143, El 68.
[12:53:03]  Tracking : Az 140, El 71.
[12:53:05]  Tracking : Az 138, El 72.
[12:53:05]  Ping Success at node 5, 457ms
[12:53:07]  Tracking : Az 135, El 73.
[12:53:08]  [OK]CMD Packet Header: 0x18 0x71 0xc0 0x0 0x0 0x1 0x16 0x41
[12:53:10]  Tracking : Az 131, El 75.
[12:53:12]  Tracking : Az 128, El 76.
[12:53:13]  [OK]CMD Packet Header: 0x18 0x71 0xc0 0x0 0x0 0x1 0x16 0x41
[12:53:14]  Tracking : Az 124, El 77.
[12:53:16]  Tracking : Az 119, El 78.
[12:53:16]  AX100 Boot Count : 22228
[12:53:18]  Tracking : Az 113, El 79.
[12:53:18]  [OK]CMD Packet Header: 0x18 0x71 0xc0 0x0 0x0 0x1 0x16 0x41
[12:53:20]  Tracking : Az 107, El 79.
[12:53:22]  Tracking : Az 99, El 80.
[12:53:24]  Tracking : Az 91, El 81.
[12:53:26]  Tracking : Az 81, El 80.
[12:53:28]  Tracking : Az 58, El 80.
[12:53:30]  Tracking : Az 62, El 81.
[12:53:32]  Tracking : Az 54, El 80.
[12:53:32]  You tried doppler correction with no engaging
[12:53:34]  Finish Engaging.
[12:53:34]  Beacon Success : 0, Ping Success : 13
[12:54:19]  Tracking : Az 359, El 40.
[12:54:29]  Start Engaging.
[12:54:29]  Tracking : Az 357, El 49.
[12:54:31]  Tracking : Az 357, El 49.
[12:54:32]  Start Doppler Correction.
[12:54:33]  Tracking : Az 357, El 48.
[12:54:35]  Tracking : Az 356, El 47.
[12:54:37]  Tracking : Az 356, El 46.
[12:54:39]  Tracking : Az 356, El 46.
[12:54:41]  Tracking : Az 355, El 45.
[12:54:43]  Tracking : Az 355, El 44.
[12:54:45]  Tracking : Az 355, El 43.
[12:54:47]  Tracking : Az 355, El 42.
[12:54:49]  Tracking : Az 355, El 42.
[12:54:51]  Tracking : Az 354, El 41.
[12:54:53]  Tracking : Az 354, El 40.
[12:54:55]  Tracking : Az 354, El 39.
[12:54:57]  Tracking : Az 354, El 39.
[12:54:59]  Tracking : Az 354, El 38.
[12:55:01]  Tracking : Az 354, El 37.
[12:55:03]  Tracking : Az 353, El 37.
[12:55:05]  Tracking : Az 353, El 36.
[12:55:07]  Tracking : Az 353, El 36.
[12:55:13]  Ping Success at node 5, 470ms
[12:55:14]  Tracking : Az 353, El 33.
[12:55:18]  AX100 Boot Count : 22228
[12:55:25]  Ping Failed at node 3.
[12:55:28]  Ping Failed at node 3.
[12:55:30]  Tracking : Az 352, El 29.
[12:55:30]  [OK]CMD Packet Header: 0x18 0x71 0xc0 0x0 0x0 0x1 0x16 0x41
[12:55:41]  [OK]CMD Packet Header: 0x18 0x23 0xc0 0x0 0x0 0x1 0x6 0x3
[12:55:43]  Tracking : Az 352, El 26.
[12:55:45]  [OK]CMD Packet Header: 0x18 0x23 0xc0 0x0 0x0 0x1 0x6 0x3
[12:55:50]  [OK]CMD Packet Header: 0x18 0x23 0xc0 0x0 0x0 0x1 0x6 0x3
[12:55:57]  [OK]CMD Packet Header: 0x18 0x20 0xc0 0x0 0x0 0x5 0x7 0xd
[12:56:01]  [OK]CMD Packet Header: 0x18 0x20 0xc0 0x0 0x0 0x5 0x7 0xd
[12:56:03]  Tracking : Az 351, El 22.
[12:56:04]  [OK]CMD Packet Header: 0x18 0x20 0xc0 0x0 0x0 0x5 0x7 0xd
[12:56:12]  [OK]CMD Packet Header: 0x18 0x23 0xc0 0x0 0x0 0x1 0x1b 0x1e
[12:56:12]  [OK]CMD Packet Header: 0x18 0x23 0xc0 0x0 0x0 0x8 0x2 0x18
[12:56:13]  [OK]CMD Packet Header: 0x18 0x19 0xc0 0x0 0x0 0x5 0x0 0x29
[12:56:19]  [OK]CMD Packet Header: 0x18 0x23 0xc0 0x0 0x0 0x1 0x1b 0x1e
[12:56:20]  [OK]CMD Packet Header: 0x18 0x23 0xc0 0x0 0x0 0x8 0x2 0x18
[12:56:20]  Tracking : Az 351, El 19.
[12:56:20]  [OK]CMD Packet Header: 0x18 0x19 0xc0 0x0 0x0 0x5 0x0 0x29
[12:56:23]  Ping Success at node 5, 467ms
[12:56:26]  AX100 Boot Count : 22228
[12:56:31]  Remote Param Control OK. csp_rtable : 0/0 AX100, 3/5 CAN
[12:56:40]  Cannot Load Remote Parameter.
[12:56:45]  Ping Failed.
[12:56:48]  Tracking : Az 350, El 15.
[12:56:52]  Ping Failed.
[12:56:58]  Ping Failed.
[12:57:04]  Ping Failed.
[12:57:12]  Tracking : Az 350, El 12.
[12:57:18]  Ping Failed.
[12:57:24]  Ping Failed.
[12:57:30]  Ping Failed.
[12:57:34]  Ping Failed.
[12:57:38]  Ping Failed.
[12:57:41]  Tracking : Az 350, El 9.
[12:57:45]  Ping Failed.
[12:57:47]  Forked Safe Amplifier Process. (OFF)
[12:57:55]  Finish Engaging.
[12:57:55]  Beacon Success : 0, Ping Success : 2
[12:57:56]  Tracking : Az 0, El 0.
