2025-12-13 02:04
[02:04:26]  Connect to Switch Box.............Success.
[02:04:26]  Connect to Rotator................Success.
[02:04:26]  Connect to GS100..................Success.
[02:04:26]  TM Port 13 bind success.
[02:04:26]  BCN Port 31 bind success.
[02:04:26]  RPT Port 25 bind success.
[02:04:31]  TLE "cubesat" Download Completed.
[02:04:37]  Start Engaging.
[02:04:37]  Tracking : Az 293, El 51.
[02:04:38]  Start Doppler Correction.
[02:04:39]  Tracking : Az 291, El 51.
[02:04:41]  Forked Safe Amplifier Process.(ON, Timer)
[02:04:41]  Tracking : Az 290, El 51.
[02:04:44]  Tracking : Az 287, El 51.
[02:04:46]  Tracking : Az 285, El 51.
[02:04:48]  Tracking : Az 283, El 51.
[02:04:50]  Tracking : Az 281, El 51.
[02:04:52]  Tracking : Az 279, El 51.
[02:04:54]  Tracking : Az 277, El 51.
[02:04:57]  Tracking : Az 275, El 50.
[02:05:00]  Tracking : Az 272, El 50.
[02:05:02]  Tracking : Az 270, El 50.
[02:05:07]  Ping Success at node 5, 458ms
[02:05:07]  Tracking : Az 266, El 49.
[02:05:09]  Tracking : Az 264, El 49.
[02:05:15]  Tracking : Az 260, El 48.
[02:05:17]  Tracking : Az 258, El 47.
[02:05:18]  [OK]CMD Packet Header: 0x18 0x75 0xc0 0x0 0x0 0x1 0x1a 0x49
[02:05:20]  Tracking : Az 256, El 47.
[02:05:23]  Tracking : Az 254, El 46.
[02:05:25]  Tracking : Az 252, El 46.
[02:05:27]  [OK]CMD Packet Header: 0x18 0x75 0xc0 0x0 0x0 0x1 0x1a 0x0
[02:05:31]  Tracking : Az 249, El 44.
[02:05:33]  Tracking : Az 247, El 44.
[02:05:36]  [OK]CMD Packet Header: 0x18 0x75 0xc0 0x0 0x0 0x1 0x1a 0x49
