2025-12-16 11:41
[11:41:42]  Connect to Switch Box.............Success.
[11:41:42]  Connect to Rotator................Success.
[11:41:42]  Connect to GS100..................Success.
[11:41:42]  TM Port 13 bind success.
[11:41:42]  BCN Port 31 bind success.
[11:41:42]  RPT Port 25 bind success.
[11:42:03]  TLE "cubesat" Download Completed.
[11:42:09]  Start Engaging.
[11:42:09]  Tracking : Az 99, El 8.
[11:42:10]  Start Doppler Correction.
[11:42:11]  Tracking : Az 99, El 8.
[11:42:13]  Tracking : Az 99, El 8.
[11:42:15]  Tracking : Az 98, El 9.
[11:42:17]  Tracking : Az 98, El 9.
[11:42:19]  Tracking : Az 98, El 9.
[11:42:21]  Tracking : Az 97, El 9.
[11:42:23]  Tracking : Az 97, El 9.
[11:42:25]  Tracking : Az 96, El 9.
[11:42:36]  Forked Safe Amplifier Process.(ON, Timer)
[11:42:37]  Ping Success at node 5, 467ms
[11:42:45]  Tracking : Az 92, El 10.
[11:42:57]  [OK]CMD Packet Header: 0x18 0x75 0xc0 0x0 0x0 0x1 0x14 0x47
[11:42:59]  Received Beacon from port : 31.

[11:42:59]  Tracking : Az 89, El 11.
[11:43:05]  [OK]CMD Packet Header: 0x18 0x75 0xc0 0x0 0x0 0x1 0x14 0x47
[11:43:09]  Received Beacon from port : 31.

[11:43:12]  Tracking : Az 86, El 11.
[11:43:17]  [OK]CMD Packet Header: 0x18 0x75 0xc0 0x0 0x0 0x1 0x14 0x47
[11:43:18]  Received Report from port ~~ with new code : 25.
[11:43:18]  Received Report from port : 25.

[11:43:19]  Received Report from port ~~ with new code : 25.
[11:43:19]  Received Report from port : 25.

[11:43:19]  Received Report from port ~~ with new code : 25.
[11:43:19]  Received Beacon from port : 31.

[11:43:25]  Tracking : Az 83, El 12.
[11:43:38]  Tracking : Az 80, El 12.
[11:43:39]  Received Beacon from port : 31.

[11:43:50]  Tracking : Az 77, El 12.
[11:44:06]  Tracking : Az 73, El 13.
[11:44:09]  Received Beacon from port : 31.

[11:44:14]  [OK]CMD Packet Header: 0x18 0x75 0xc0 0x0 0x0 0x1 0x14 0x47
[11:44:15]  Received Report from port ~~ with new code : 25.
[11:44:15]  Received Report from port : 25.

[11:44:16]  Received Report from port ~~ with new code : 25.
[11:44:16]  Received Report from port : 25.

[11:44:16]  Received Report from port ~~ with new code : 25.
[11:44:17]  Tracking : Az 70, El 13.
[11:44:19]  Received Beacon from port : 31.

[11:44:23]  [OK]CMD Packet Header: 0x18 0x75 0xc0 0x0 0x0 0x1 0x14 0x47
[11:44:24]  Received Report from port ~~ with new code : 25.
[11:44:24]  Received Report from port : 25.

[11:44:24]  Received Report from port ~~ with new code : 25.
[11:44:24]  Received Report from port : 25.

[11:44:24]  Received Report from port ~~ with new code : 25.
[11:44:29]  Received Beacon from port : 31.

[11:44:29]  Tracking : Az 67, El 13.
[11:44:30]  [OK]CMD Packet Header: 0x18 0x75 0xc0 0x0 0x0 0x1 0x14 0x47
[11:44:35]  [OK]CMD Packet Header: 0x18 0x75 0xc0 0x0 0x0 0x1 0x14 0x47
[11:44:37]  Tracking : Az 65, El 13.
[11:44:40]  [OK]CMD Packet Header: 0x18 0x75 0xc0 0x0 0x0 0x1 0x14 0x47
[11:44:41]  Received Report from port ~~ with new code : 25.
[11:44:48]  Tracking : Az 62, El 13.
[11:44:53]  [OK]CMD Packet Header: 0x18 0x75 0xc0 0x0 0x0 0x1 0x14 0x47
[11:44:58]  Ping Success at node 5, 465ms
[11:44:59]  Received Beacon from port : 31.

[11:45:00]  Tracking : Az 59, El 13.
[11:45:01]  [OK]CMD Packet Header: 0x18 0x75 0xc0 0x0 0x0 0x1 0x14 0x47
[11:45:11]  Tracking : Az 56, El 13.
[11:45:12]  [OK]CMD Packet Header: 0x18 0x75 0xc0 0x0 0x0 0x1 0x14 0x47
[11:45:13]  Tracking : Az 56, El 13.
[11:45:23]  Tracking : Az 53, El 12.
[11:45:25]  [OK]CMD Packet Header: 0x18 0x75 0xc0 0x0 0x0 0x1 0x14 0x47
[11:45:34]  Ping Failed.
[11:45:38]  Ping Failed.
[11:45:40]  Tracking : Az 49, El 12.
[11:45:49]  Ping Failed.
[11:45:52]  Tracking : Az 46, El 12.
[11:46:05]  Tracking : Az 43, El 11.
[11:46:10]  Ping Failed.
[11:46:19]  Ping Failed.
[11:46:19]  Tracking : Az 40, El 11.
[11:46:33]  Tracking : Az 37, El 10.
[11:46:35]  Ping Failed.
[11:46:48]  Tracking : Az 34, El 9.
[11:47:04]  Tracking : Az 31, El 8.
[11:47:07]  Ping Failed.
[11:47:21]  Tracking : Az 28, El 8.
[11:47:39]  Tracking : Az 25, El 7.
[11:47:43]  Ping Failed.
[11:47:59]  Tracking : Az 22, El 5.
[11:48:07]  Ping Failed.
[11:48:18]  Ping Failed at node 3.
[11:48:21]  Tracking : Az 19, El 4.
[11:48:25]  Ping Failed.
[11:48:45]  Ping Failed.
[11:48:46]  Tracking : Az 16, El 3.
[11:48:53]  Ping Failed.
[11:48:55]  Forked Safe Amplifier Process. (OFF)
[11:48:57]  Finish Engaging.
[11:48:57]  Beacon Success : 8, Ping Success : 2
