2026-06-17 23:23
[23:23:54]  Connect to Switch Box..............Failed.
[23:23:54]  Connect to Rotator.................Failed.
[23:23:54]  Connect to GS100..................Success.
[23:23:54]  BEE-1000 BCN Port 31 bind success.
[23:23:54]  BEE-1000 RPT Port 25 bind success.
[23:23:54]  BEE-1000 Event Port 27 bind success.
[23:23:54]  BEE-100 FM Port 23 bind success.
[23:23:54]  UEL-Y-Sys. BCN Port 12 bind success.
[23:23:54]  UEL-Y-Sys. RPT Port 10 bind success.
[23:23:54]  UEL-Y-Sys. Event Port 11 bind success.
[23:23:54]  Rotator Read Failed. Please Check Again.
[23:23:54]  UEL-Y-Sys. FM Port 14 bind success.
[23:23:54]  BEE-1012 BCN Port 17 bind success.
[23:23:54]  BEE-1012 RPT Port 15 bind success.
[23:23:54]  BEE-1012 Event Port 16 bind success.
[23:23:54]  BEE-1012 FM Port 18 bind success.
[23:23:54]  BEE-1012 AIOBC Port 29 bind success.
[23:23:56]  Ping Success at node 5, 455ms
[23:24:18]  Start FTP RYU DOWNLOAD id=1.
[23:24:18]  [FTP_RYU_TEST][id=1][DOWNLOAD] begin local=file://./testesteskjsdlkjfsdjf.so remote=file://./cf/ci_lab.so host=10 port=9 chunk=180
[23:24:36]  Received FTP Download Spec.
[23:24:36]  Received FTP Download Spec. Filesize : 45908, CRC : 4001345151.
[23:24:36]  Received FTP Status Request.
[23:24:36]  Start FTP Downlink. Total Chunk Size : 256
[23:24:37]  Download : 0/256
[23:24:37]  [FTP_RYU_TEST][id=1][DOWNLOAD] progress 0/256 chunk=180
[23:24:38]  Download : 1/256
[23:24:38]  [FTP_RYU_TEST][id=1][DOWNLOAD] progress 1/256 chunk=180
[23:24:38]  Download : 2/256
[23:24:38]  [FTP_RYU_TEST][id=1][DOWNLOAD] progress 2/256 chunk=180
[23:24:38]  Download : 3/256
[23:24:38]  [FTP_RYU_TEST][id=1][DOWNLOAD] progress 3/256 chunk=180
[23:24:39]  Download : 4/256
[23:24:39]  [FTP_RYU_TEST][id=1][DOWNLOAD] progress 4/256 chunk=180
[23:24:39]  Download : 5/256
[23:24:39]  [FTP_RYU_TEST][id=1][DOWNLOAD] progress 5/256 chunk=180
[23:24:40]  Download : 6/256
[23:24:40]  [FTP_RYU_TEST][id=1][DOWNLOAD] progress 6/256 chunk=180
[23:24:40]  Download : 7/256
[23:24:40]  [FTP_RYU_TEST][id=1][DOWNLOAD] progress 7/256 chunk=180
[23:24:41]  Download : 8/256
[23:24:41]  [FTP_RYU_TEST][id=1][DOWNLOAD] progress 8/256 chunk=180
[23:24:41]  Download : 9/256
[23:24:41]  [FTP_RYU_TEST][id=1][DOWNLOAD] progress 9/256 chunk=180
[23:24:42]  Download : 10/256
[23:24:42]  [FTP_RYU_TEST][id=1][DOWNLOAD] progress 10/256 chunk=180
[23:24:42]  Download : 11/256
[23:24:42]  [FTP_RYU_TEST][id=1][DOWNLOAD] progress 11/256 chunk=180
[23:24:43]  Download : 12/256
[23:24:43]  [FTP_RYU_TEST][id=1][DOWNLOAD] progress 12/256 chunk=180
[23:24:43]  Download : 13/256
[23:24:43]  [FTP_RYU_TEST][id=1][DOWNLOAD] progress 13/256 chunk=180
[23:24:44]  Download : 14/256
[23:24:44]  [FTP_RYU_TEST][id=1][DOWNLOAD] progress 14/256 chunk=180
[23:24:44]  Download : 15/256
[23:24:44]  [FTP_RYU_TEST][id=1][DOWNLOAD] progress 15/256 chunk=180
[23:24:45]  Download : 16/256
[23:24:45]  [FTP_RYU_TEST][id=1][DOWNLOAD] progress 16/256 chunk=180
[23:24:45]  Download : 17/256
[23:24:45]  [FTP_RYU_TEST][id=1][DOWNLOAD] progress 17/256 chunk=180
[23:24:46]  Download : 18/256
[23:24:46]  [FTP_RYU_TEST][id=1][DOWNLOAD] progress 18/256 chunk=180
[23:24:46]  Download : 19/256
[23:24:46]  [FTP_RYU_TEST][id=1][DOWNLOAD] progress 19/256 chunk=180
[23:24:47]  Download : 20/256
[23:24:47]  [FTP_RYU_TEST][id=1][DOWNLOAD] progress 20/256 chunk=180
[23:24:47]  Download : 21/256
[23:24:47]  [FTP_RYU_TEST][id=1][DOWNLOAD] progress 21/256 chunk=180
[23:24:48]  Download : 22/256
[23:24:48]  [FTP_RYU_TEST][id=1][DOWNLOAD] progress 22/256 chunk=180
[23:24:48]  Download : 23/256
[23:24:48]  [FTP_RYU_TEST][id=1][DOWNLOAD] progress 23/256 chunk=180
[23:24:49]  Download : 24/256
[23:24:49]  [FTP_RYU_TEST][id=1][DOWNLOAD] progress 24/256 chunk=180
[23:24:49]  Download : 25/256
[23:24:49]  [FTP_RYU_TEST][id=1][DOWNLOAD] progress 25/256 chunk=180
[23:24:50]  Download : 26/256
[23:24:50]  [FTP_RYU_TEST][id=1][DOWNLOAD] progress 26/256 chunk=180
[23:24:50]  Download : 27/256
[23:24:50]  [FTP_RYU_TEST][id=1][DOWNLOAD] progress 27/256 chunk=180
[23:24:50]  Download : 28/256
[23:24:50]  [FTP_RYU_TEST][id=1][DOWNLOAD] progress 28/256 chunk=180
[23:24:51]  Download : 29/256
[23:24:51]  [FTP_RYU_TEST][id=1][DOWNLOAD] progress 29/256 chunk=180
[23:24:52]  Download : 30/256
[23:24:52]  [FTP_RYU_TEST][id=1][DOWNLOAD] progress 30/256 chunk=180
[23:24:52]  Download : 31/256
[23:24:52]  [FTP_RYU_TEST][id=1][DOWNLOAD] progress 31/256 chunk=180
[23:24:52]  Download : 32/256
[23:24:52]  [FTP_RYU_TEST][id=1][DOWNLOAD] progress 32/256 chunk=180
[23:24:53]  Download : 33/256
[23:24:53]  [FTP_RYU_TEST][id=1][DOWNLOAD] progress 33/256 chunk=180
[23:24:54]  Download : 34/256
[23:24:54]  [FTP_RYU_TEST][id=1][DOWNLOAD] progress 34/256 chunk=180
[23:24:54]  Download : 35/256
[23:24:54]  [FTP_RYU_TEST][id=1][DOWNLOAD] progress 35/256 chunk=180
[23:24:54]  Download : 36/256
[23:24:54]  [FTP_RYU_TEST][id=1][DOWNLOAD] progress 36/256 chunk=180
[23:24:55]  Download : 37/256
[23:24:55]  [FTP_RYU_TEST][id=1][DOWNLOAD] progress 37/256 chunk=180
[23:24:56]  Download : 38/256
[23:24:56]  [FTP_RYU_TEST][id=1][DOWNLOAD] progress 38/256 chunk=180
[23:24:56]  Download : 39/256
[23:24:56]  [FTP_RYU_TEST][id=1][DOWNLOAD] progress 39/256 chunk=180
[23:24:56]  Download : 40/256
[23:24:56]  [FTP_RYU_TEST][id=1][DOWNLOAD] progress 40/256 chunk=180
[23:24:57]  Download : 41/256
[23:24:57]  [FTP_RYU_TEST][id=1][DOWNLOAD] progress 41/256 chunk=180
[23:24:58]  Download : 42/256
[23:24:58]  [FTP_RYU_TEST][id=1][DOWNLOAD] progress 42/256 chunk=180
[23:24:58]  Download : 43/256
[23:24:58]  [FTP_RYU_TEST][id=1][DOWNLOAD] progress 43/256 chunk=180
[23:24:58]  Download : 44/256
[23:24:58]  [FTP_RYU_TEST][id=1][DOWNLOAD] progress 44/256 chunk=180
[23:24:59]  Download : 45/256
[23:24:59]  [FTP_RYU_TEST][id=1][DOWNLOAD] progress 45/256 chunk=180
[23:24:59]  Download : 46/256
[23:24:59]  [FTP_RYU_TEST][id=1][DOWNLOAD] progress 46/256 chunk=180
[23:25:00]  Download : 47/256
[23:25:00]  [FTP_RYU_TEST][id=1][DOWNLOAD] progress 47/256 chunk=180
[23:25:00]  Download : 48/256
[23:25:00]  [FTP_RYU_TEST][id=1][DOWNLOAD] progress 48/256 chunk=180
[23:25:01]  Download : 49/256
[23:25:01]  [FTP_RYU_TEST][id=1][DOWNLOAD] progress 49/256 chunk=180
[23:25:01]  Download : 50/256
[23:25:01]  [FTP_RYU_TEST][id=1][DOWNLOAD] progress 50/256 chunk=180
[23:25:02]  Download : 51/256
[23:25:02]  [FTP_RYU_TEST][id=1][DOWNLOAD] progress 51/256 chunk=180
[23:25:02]  Download : 52/256
[23:25:02]  [FTP_RYU_TEST][id=1][DOWNLOAD] progress 52/256 chunk=180
[23:25:03]  Download : 53/256
[23:25:03]  [FTP_RYU_TEST][id=1][DOWNLOAD] progress 53/256 chunk=180
[23:25:03]  Download : 54/256
[23:25:03]  [FTP_RYU_TEST][id=1][DOWNLOAD] progress 54/256 chunk=180
[23:25:04]  Download : 55/256
[23:25:04]  [FTP_RYU_TEST][id=1][DOWNLOAD] progress 55/256 chunk=180
[23:25:04]  Download : 56/256
[23:25:04]  [FTP_RYU_TEST][id=1][DOWNLOAD] progress 56/256 chunk=180
[23:25:05]  Download : 57/256
[23:25:05]  [FTP_RYU_TEST][id=1][DOWNLOAD] progress 57/256 chunk=180
[23:25:05]  Download : 58/256
[23:25:05]  [FTP_RYU_TEST][id=1][DOWNLOAD] progress 58/256 chunk=180
[23:25:06]  Download : 59/256
[23:25:06]  [FTP_RYU_TEST][id=1][DOWNLOAD] progress 59/256 chunk=180
[23:25:06]  Download : 60/256
[23:25:06]  [FTP_RYU_TEST][id=1][DOWNLOAD] progress 60/256 chunk=180
[23:25:07]  Download : 61/256
[23:25:07]  [FTP_RYU_TEST][id=1][DOWNLOAD] progress 61/256 chunk=180
[23:25:07]  Download : 62/256
[23:25:07]  [FTP_RYU_TEST][id=1][DOWNLOAD] progress 62/256 chunk=180
[23:25:08]  Download : 63/256
[23:25:08]  [FTP_RYU_TEST][id=1][DOWNLOAD] progress 63/256 chunk=180
[23:25:08]  Download : 64/256
[23:25:08]  [FTP_RYU_TEST][id=1][DOWNLOAD] progress 64/256 chunk=180
[23:25:09]  Download : 65/256
[23:25:09]  [FTP_RYU_TEST][id=1][DOWNLOAD] progress 65/256 chunk=180
[23:25:09]  Download : 66/256
[23:25:09]  [FTP_RYU_TEST][id=1][DOWNLOAD] progress 66/256 chunk=180
[23:25:10]  Download : 67/256
[23:25:10]  [FTP_RYU_TEST][id=1][DOWNLOAD] progress 67/256 chunk=180
[23:25:10]  Download : 68/256
[23:25:10]  [FTP_RYU_TEST][id=1][DOWNLOAD] progress 68/256 chunk=180
[23:25:11]  Download : 69/256
[23:25:11]  [FTP_RYU_TEST][id=1][DOWNLOAD] progress 69/256 chunk=180
[23:25:11]  Download : 70/256
[23:25:11]  [FTP_RYU_TEST][id=1][DOWNLOAD] progress 70/256 chunk=180
[23:25:12]  Download : 71/256
[23:25:12]  [FTP_RYU_TEST][id=1][DOWNLOAD] progress 71/256 chunk=180
[23:25:12]  Download : 72/256
[23:25:12]  [FTP_RYU_TEST][id=1][DOWNLOAD] progress 72/256 chunk=180
[23:25:13]  Download : 73/256
[23:25:13]  [FTP_RYU_TEST][id=1][DOWNLOAD] progress 73/256 chunk=180
[23:25:13]  Download : 74/256
[23:25:13]  [FTP_RYU_TEST][id=1][DOWNLOAD] progress 74/256 chunk=180
[23:25:14]  Download : 75/256
[23:25:14]  [FTP_RYU_TEST][id=1][DOWNLOAD] progress 75/256 chunk=180
[23:25:14]  Download : 76/256
[23:25:14]  [FTP_RYU_TEST][id=1][DOWNLOAD] progress 76/256 chunk=180
[23:25:15]  Download : 77/256
[23:25:15]  [FTP_RYU_TEST][id=1][DOWNLOAD] progress 77/256 chunk=180
[23:25:15]  Download : 78/256
[23:25:15]  [FTP_RYU_TEST][id=1][DOWNLOAD] progress 78/256 chunk=180
[23:25:16]  Download : 79/256
[23:25:16]  [FTP_RYU_TEST][id=1][DOWNLOAD] progress 79/256 chunk=180
[23:25:16]  Download : 80/256
[23:25:16]  [FTP_RYU_TEST][id=1][DOWNLOAD] progress 80/256 chunk=180
[23:25:17]  Download : 81/256
[23:25:17]  [FTP_RYU_TEST][id=1][DOWNLOAD] progress 81/256 chunk=180
[23:25:17]  Download : 82/256
[23:25:17]  [FTP_RYU_TEST][id=1][DOWNLOAD] progress 82/256 chunk=180
[23:25:17]  Download : 83/256
[23:25:17]  [FTP_RYU_TEST][id=1][DOWNLOAD] progress 83/256 chunk=180
[23:25:18]  Download : 84/256
[23:25:18]  [FTP_RYU_TEST][id=1][DOWNLOAD] progress 84/256 chunk=180
[23:25:19]  Download : 85/256
[23:25:19]  [FTP_RYU_TEST][id=1][DOWNLOAD] progress 85/256 chunk=180
[23:25:19]  Download : 86/256
[23:25:19]  [FTP_RYU_TEST][id=1][DOWNLOAD] progress 86/256 chunk=180
[23:25:19]  Download : 87/256
[23:25:19]  [FTP_RYU_TEST][id=1][DOWNLOAD] progress 87/256 chunk=180
[23:25:20]  Download : 88/256
[23:25:20]  [FTP_RYU_TEST][id=1][DOWNLOAD] progress 88/256 chunk=180
[23:25:21]  Download : 89/256
[23:25:21]  [FTP_RYU_TEST][id=1][DOWNLOAD] progress 89/256 chunk=180
[23:25:21]  Download : 90/256
[23:25:21]  [FTP_RYU_TEST][id=1][DOWNLOAD] progress 90/256 chunk=180
[23:25:21]  Download : 91/256
[23:25:21]  [FTP_RYU_TEST][id=1][DOWNLOAD] progress 91/256 chunk=180
[23:25:22]  Download : 92/256
[23:25:22]  [FTP_RYU_TEST][id=1][DOWNLOAD] progress 92/256 chunk=180
[23:25:22]  Download : 93/256
[23:25:22]  [FTP_RYU_TEST][id=1][DOWNLOAD] progress 93/256 chunk=180
[23:25:23]  Download : 94/256
[23:25:23]  [FTP_RYU_TEST][id=1][DOWNLOAD] progress 94/256 chunk=180
[23:25:23]  Download : 95/256
[23:25:23]  [FTP_RYU_TEST][id=1][DOWNLOAD] progress 95/256 chunk=180
[23:25:24]  Download : 96/256
[23:25:24]  [FTP_RYU_TEST][id=1][DOWNLOAD] progress 96/256 chunk=180
[23:25:24]  Download : 97/256
[23:25:24]  [FTP_RYU_TEST][id=1][DOWNLOAD] progress 97/256 chunk=180
[23:25:25]  Download : 98/256
[23:25:25]  [FTP_RYU_TEST][id=1][DOWNLOAD] progress 98/256 chunk=180
[23:25:25]  Download : 99/256
[23:25:25]  [FTP_RYU_TEST][id=1][DOWNLOAD] progress 99/256 chunk=180
[23:25:26]  Download : 100/256
[23:25:26]  [FTP_RYU_TEST][id=1][DOWNLOAD] progress 100/256 chunk=180
[23:25:26]  Download : 101/256
[23:25:26]  [FTP_RYU_TEST][id=1][DOWNLOAD] progress 101/256 chunk=180
[23:25:27]  Download : 102/256
[23:25:27]  [FTP_RYU_TEST][id=1][DOWNLOAD] progress 102/256 chunk=180
[23:25:27]  Download : 103/256
[23:25:27]  [FTP_RYU_TEST][id=1][DOWNLOAD] progress 103/256 chunk=180
[23:25:28]  Download : 104/256
[23:25:28]  [FTP_RYU_TEST][id=1][DOWNLOAD] progress 104/256 chunk=180
[23:25:28]  Download : 105/256
[23:25:28]  [FTP_RYU_TEST][id=1][DOWNLOAD] progress 105/256 chunk=180
[23:25:29]  Download : 106/256
[23:25:29]  [FTP_RYU_TEST][id=1][DOWNLOAD] progress 106/256 chunk=180
[23:25:29]  Download : 107/256
[23:25:29]  [FTP_RYU_TEST][id=1][DOWNLOAD] progress 107/256 chunk=180
[23:25:30]  Download : 108/256
[23:25:30]  [FTP_RYU_TEST][id=1][DOWNLOAD] progress 108/256 chunk=180
[23:25:30]  Download : 109/256
[23:25:30]  [FTP_RYU_TEST][id=1][DOWNLOAD] progress 109/256 chunk=180
[23:25:31]  Download : 110/256
[23:25:31]  [FTP_RYU_TEST][id=1][DOWNLOAD] progress 110/256 chunk=180
[23:25:31]  Download : 111/256
[23:25:31]  [FTP_RYU_TEST][id=1][DOWNLOAD] progress 111/256 chunk=180
[23:25:31]  Download : 112/256
[23:25:31]  [FTP_RYU_TEST][id=1][DOWNLOAD] progress 112/256 chunk=180
[23:25:32]  Download : 113/256
[23:25:32]  [FTP_RYU_TEST][id=1][DOWNLOAD] progress 113/256 chunk=180
[23:25:33]  Download : 114/256
[23:25:33]  [FTP_RYU_TEST][id=1][DOWNLOAD] progress 114/256 chunk=180
[23:25:33]  Download : 115/256
[23:25:33]  [FTP_RYU_TEST][id=1][DOWNLOAD] progress 115/256 chunk=180
[23:25:33]  Download : 116/256
[23:25:33]  [FTP_RYU_TEST][id=1][DOWNLOAD] progress 116/256 chunk=180
[23:25:34]  Download : 117/256
[23:25:34]  [FTP_RYU_TEST][id=1][DOWNLOAD] progress 117/256 chunk=180
[23:25:35]  Download : 118/256
[23:25:35]  [FTP_RYU_TEST][id=1][DOWNLOAD] progress 118/256 chunk=180
[23:25:35]  Download : 119/256
[23:25:35]  [FTP_RYU_TEST][id=1][DOWNLOAD] progress 119/256 chunk=180
[23:25:35]  Download : 120/256
[23:25:35]  [FTP_RYU_TEST][id=1][DOWNLOAD] progress 120/256 chunk=180
[23:25:36]  Download : 121/256
[23:25:36]  [FTP_RYU_TEST][id=1][DOWNLOAD] progress 121/256 chunk=180
[23:25:37]  Download : 122/256
[23:25:37]  [FTP_RYU_TEST][id=1][DOWNLOAD] progress 122/256 chunk=180
[23:25:37]  Download : 123/256
[23:25:37]  [FTP_RYU_TEST][id=1][DOWNLOAD] progress 123/256 chunk=180
[23:25:37]  Download : 124/256
[23:25:37]  [FTP_RYU_TEST][id=1][DOWNLOAD] progress 124/256 chunk=180
[23:25:38]  Download : 125/256
[23:25:38]  [FTP_RYU_TEST][id=1][DOWNLOAD] progress 125/256 chunk=180
[23:25:38]  Download : 126/256
[23:25:38]  [FTP_RYU_TEST][id=1][DOWNLOAD] progress 126/256 chunk=180
[23:25:39]  Download : 127/256
[23:25:39]  [FTP_RYU_TEST][id=1][DOWNLOAD] progress 127/256 chunk=180
[23:25:39]  Download : 128/256
[23:25:39]  [FTP_RYU_TEST][id=1][DOWNLOAD] progress 128/256 chunk=180
[23:25:40]  Download : 129/256
[23:25:40]  [FTP_RYU_TEST][id=1][DOWNLOAD] progress 129/256 chunk=180
[23:25:40]  Download : 130/256
[23:25:40]  [FTP_RYU_TEST][id=1][DOWNLOAD] progress 130/256 chunk=180
[23:25:41]  Download : 131/256
[23:25:41]  [FTP_RYU_TEST][id=1][DOWNLOAD] progress 131/256 chunk=180
[23:25:41]  Download : 132/256
[23:25:41]  [FTP_RYU_TEST][id=1][DOWNLOAD] progress 132/256 chunk=180
[23:25:42]  Download : 133/256
[23:25:42]  [FTP_RYU_TEST][id=1][DOWNLOAD] progress 133/256 chunk=180
[23:25:42]  Download : 134/256
[23:25:42]  [FTP_RYU_TEST][id=1][DOWNLOAD] progress 134/256 chunk=180
[23:25:43]  Download : 135/256
[23:25:43]  [FTP_RYU_TEST][id=1][DOWNLOAD] progress 135/256 chunk=180
[23:25:43]  Download : 136/256
[23:25:43]  [FTP_RYU_TEST][id=1][DOWNLOAD] progress 136/256 chunk=180
[23:25:44]  Download : 137/256
[23:25:44]  [FTP_RYU_TEST][id=1][DOWNLOAD] progress 137/256 chunk=180
[23:25:44]  Download : 138/256
[23:25:44]  [FTP_RYU_TEST][id=1][DOWNLOAD] progress 138/256 chunk=180
[23:25:45]  Download : 139/256
[23:25:45]  [FTP_RYU_TEST][id=1][DOWNLOAD] progress 139/256 chunk=180
[23:25:45]  Download : 140/256
[23:25:45]  [FTP_RYU_TEST][id=1][DOWNLOAD] progress 140/256 chunk=180
[23:25:46]  Download : 141/256
[23:25:46]  [FTP_RYU_TEST][id=1][DOWNLOAD] progress 141/256 chunk=180
[23:25:46]  Download : 142/256
[23:25:46]  [FTP_RYU_TEST][id=1][DOWNLOAD] progress 142/256 chunk=180
[23:25:47]  Download : 143/256
[23:25:47]  [FTP_RYU_TEST][id=1][DOWNLOAD] progress 143/256 chunk=180
[23:25:47]  Download : 144/256
[23:25:47]  [FTP_RYU_TEST][id=1][DOWNLOAD] progress 144/256 chunk=180
[23:25:48]  Download : 145/256
[23:25:48]  [FTP_RYU_TEST][id=1][DOWNLOAD] progress 145/256 chunk=180
[23:25:48]  Download : 146/256
[23:25:48]  [FTP_RYU_TEST][id=1][DOWNLOAD] progress 146/256 chunk=180
[23:25:49]  Download : 147/256
[23:25:49]  [FTP_RYU_TEST][id=1][DOWNLOAD] progress 147/256 chunk=180
[23:25:49]  Download : 148/256
[23:25:49]  [FTP_RYU_TEST][id=1][DOWNLOAD] progress 148/256 chunk=180
[23:25:50]  Download : 149/256
[23:25:50]  [FTP_RYU_TEST][id=1][DOWNLOAD] progress 149/256 chunk=180
[23:25:50]  Download : 150/256
[23:25:50]  [FTP_RYU_TEST][id=1][DOWNLOAD] progress 150/256 chunk=180
[23:25:51]  Download : 151/256
[23:25:51]  [FTP_RYU_TEST][id=1][DOWNLOAD] progress 151/256 chunk=180
[23:25:51]  Download : 152/256
[23:25:51]  [FTP_RYU_TEST][id=1][DOWNLOAD] progress 152/256 chunk=180
[23:25:52]  Download : 153/256
[23:25:52]  [FTP_RYU_TEST][id=1][DOWNLOAD] progress 153/256 chunk=180
[23:25:52]  Download : 154/256
[23:25:52]  [FTP_RYU_TEST][id=1][DOWNLOAD] progress 154/256 chunk=180
[23:25:52]  Download : 155/256
[23:25:52]  [FTP_RYU_TEST][id=1][DOWNLOAD] progress 155/256 chunk=180
[23:25:53]  Download : 156/256
[23:25:53]  [FTP_RYU_TEST][id=1][DOWNLOAD] progress 156/256 chunk=180
[23:25:54]  Download : 157/256
[23:25:54]  [FTP_RYU_TEST][id=1][DOWNLOAD] progress 157/256 chunk=180
[23:25:54]  Download : 158/256
[23:25:54]  [FTP_RYU_TEST][id=1][DOWNLOAD] progress 158/256 chunk=180
[23:25:54]  Download : 159/256
[23:25:54]  [FTP_RYU_TEST][id=1][DOWNLOAD] progress 159/256 chunk=180
[23:25:55]  Download : 160/256
[23:25:55]  [FTP_RYU_TEST][id=1][DOWNLOAD] progress 160/256 chunk=180
[23:25:56]  Download : 161/256
[23:25:56]  [FTP_RYU_TEST][id=1][DOWNLOAD] progress 161/256 chunk=180
[23:25:56]  Download : 162/256
[23:25:56]  [FTP_RYU_TEST][id=1][DOWNLOAD] progress 162/256 chunk=180
[23:25:56]  Download : 163/256
[23:25:56]  [FTP_RYU_TEST][id=1][DOWNLOAD] progress 163/256 chunk=180
[23:25:57]  Download : 164/256
[23:25:57]  [FTP_RYU_TEST][id=1][DOWNLOAD] progress 164/256 chunk=180
[23:25:57]  Download : 165/256
[23:25:57]  [FTP_RYU_TEST][id=1][DOWNLOAD] progress 165/256 chunk=180
[23:25:58]  Download : 166/256
[23:25:58]  [FTP_RYU_TEST][id=1][DOWNLOAD] progress 166/256 chunk=180
[23:25:58]  Download : 167/256
[23:25:58]  [FTP_RYU_TEST][id=1][DOWNLOAD] progress 167/256 chunk=180
[23:25:59]  Download : 168/256
[23:25:59]  [FTP_RYU_TEST][id=1][DOWNLOAD] progress 168/256 chunk=180
[23:25:59]  Download : 169/256
[23:25:59]  [FTP_RYU_TEST][id=1][DOWNLOAD] progress 169/256 chunk=180
[23:26:00]  Download : 170/256
[23:26:00]  [FTP_RYU_TEST][id=1][DOWNLOAD] progress 170/256 chunk=180
[23:26:00]  Download : 171/256
[23:26:00]  [FTP_RYU_TEST][id=1][DOWNLOAD] progress 171/256 chunk=180
[23:26:01]  Download : 172/256
[23:26:01]  [FTP_RYU_TEST][id=1][DOWNLOAD] progress 172/256 chunk=180
[23:26:01]  Download : 173/256
[23:26:01]  [FTP_RYU_TEST][id=1][DOWNLOAD] progress 173/256 chunk=180
[23:26:02]  Download : 174/256
[23:26:02]  [FTP_RYU_TEST][id=1][DOWNLOAD] progress 174/256 chunk=180
[23:26:02]  Download : 175/256
[23:26:02]  [FTP_RYU_TEST][id=1][DOWNLOAD] progress 175/256 chunk=180
[23:26:03]  Download : 176/256
[23:26:03]  [FTP_RYU_TEST][id=1][DOWNLOAD] progress 176/256 chunk=180
[23:26:03]  Download : 177/256
[23:26:03]  [FTP_RYU_TEST][id=1][DOWNLOAD] progress 177/256 chunk=180
[23:26:04]  Download : 178/256
[23:26:04]  [FTP_RYU_TEST][id=1][DOWNLOAD] progress 178/256 chunk=180
[23:26:04]  Download : 179/256
[23:26:04]  [FTP_RYU_TEST][id=1][DOWNLOAD] progress 179/256 chunk=180
[23:26:04]  Download : 180/256
[23:26:04]  [FTP_RYU_TEST][id=1][DOWNLOAD] progress 180/256 chunk=180
[23:26:05]  Download : 181/256
[23:26:05]  [FTP_RYU_TEST][id=1][DOWNLOAD] progress 181/256 chunk=180
[23:26:06]  Download : 182/256
[23:26:06]  [FTP_RYU_TEST][id=1][DOWNLOAD] progress 182/256 chunk=180
[23:26:06]  Download : 183/256
[23:26:06]  [FTP_RYU_TEST][id=1][DOWNLOAD] progress 183/256 chunk=180
[23:26:06]  Download : 184/256
[23:26:06]  [FTP_RYU_TEST][id=1][DOWNLOAD] progress 184/256 chunk=180
[23:26:07]  Download : 185/256
[23:26:07]  [FTP_RYU_TEST][id=1][DOWNLOAD] progress 185/256 chunk=180
[23:26:08]  Download : 186/256
[23:26:08]  [FTP_RYU_TEST][id=1][DOWNLOAD] progress 186/256 chunk=180
[23:26:08]  Download : 187/256
[23:26:08]  [FTP_RYU_TEST][id=1][DOWNLOAD] progress 187/256 chunk=180
[23:26:08]  Download : 188/256
[23:26:08]  [FTP_RYU_TEST][id=1][DOWNLOAD] progress 188/256 chunk=180
[23:26:09]  Download : 189/256
[23:26:09]  [FTP_RYU_TEST][id=1][DOWNLOAD] progress 189/256 chunk=180
[23:26:10]  Download : 190/256
[23:26:10]  [FTP_RYU_TEST][id=1][DOWNLOAD] progress 190/256 chunk=180
[23:26:10]  Download : 191/256
[23:26:10]  [FTP_RYU_TEST][id=1][DOWNLOAD] progress 191/256 chunk=180
[23:26:10]  Download : 192/256
[23:26:10]  [FTP_RYU_TEST][id=1][DOWNLOAD] progress 192/256 chunk=180
[23:26:11]  Download : 193/256
[23:26:11]  [FTP_RYU_TEST][id=1][DOWNLOAD] progress 193/256 chunk=180
[23:26:12]  Download : 194/256
[23:26:12]  [FTP_RYU_TEST][id=1][DOWNLOAD] progress 194/256 chunk=180
[23:26:12]  Download : 195/256
[23:26:12]  [FTP_RYU_TEST][id=1][DOWNLOAD] progress 195/256 chunk=180
[23:26:12]  Download : 196/256
[23:26:12]  [FTP_RYU_TEST][id=1][DOWNLOAD] progress 196/256 chunk=180
[23:26:13]  Download : 197/256
[23:26:13]  [FTP_RYU_TEST][id=1][DOWNLOAD] progress 197/256 chunk=180
[23:26:13]  Download : 198/256
[23:26:13]  [FTP_RYU_TEST][id=1][DOWNLOAD] progress 198/256 chunk=180
[23:26:14]  Download : 199/256
[23:26:14]  [FTP_RYU_TEST][id=1][DOWNLOAD] progress 199/256 chunk=180
[23:26:14]  Download : 200/256
[23:26:14]  [FTP_RYU_TEST][id=1][DOWNLOAD] progress 200/256 chunk=180
[23:26:15]  Download : 201/256
[23:26:15]  [FTP_RYU_TEST][id=1][DOWNLOAD] progress 201/256 chunk=180
[23:26:15]  Download : 202/256
[23:26:15]  [FTP_RYU_TEST][id=1][DOWNLOAD] progress 202/256 chunk=180
[23:26:16]  Download : 203/256
[23:26:16]  [FTP_RYU_TEST][id=1][DOWNLOAD] progress 203/256 chunk=180
[23:26:16]  Download : 204/256
[23:26:16]  [FTP_RYU_TEST][id=1][DOWNLOAD] progress 204/256 chunk=180
[23:26:17]  Download : 205/256
[23:26:17]  [FTP_RYU_TEST][id=1][DOWNLOAD] progress 205/256 chunk=180
[23:26:17]  Download : 206/256
[23:26:17]  [FTP_RYU_TEST][id=1][DOWNLOAD] progress 206/256 chunk=180
[23:26:18]  Download : 207/256
[23:26:18]  [FTP_RYU_TEST][id=1][DOWNLOAD] progress 207/256 chunk=180
[23:26:18]  Download : 208/256
[23:26:18]  [FTP_RYU_TEST][id=1][DOWNLOAD] progress 208/256 chunk=180
[23:26:19]  Download : 209/256
[23:26:19]  [FTP_RYU_TEST][id=1][DOWNLOAD] progress 209/256 chunk=180
[23:26:19]  Download : 210/256
[23:26:19]  [FTP_RYU_TEST][id=1][DOWNLOAD] progress 210/256 chunk=180
[23:26:20]  Download : 211/256
[23:26:20]  [FTP_RYU_TEST][id=1][DOWNLOAD] progress 211/256 chunk=180
[23:26:20]  Download : 212/256
[23:26:20]  [FTP_RYU_TEST][id=1][DOWNLOAD] progress 212/256 chunk=180
[23:26:21]  Download : 213/256
[23:26:21]  [FTP_RYU_TEST][id=1][DOWNLOAD] progress 213/256 chunk=180
[23:26:21]  Download : 214/256
[23:26:21]  [FTP_RYU_TEST][id=1][DOWNLOAD] progress 214/256 chunk=180
[23:26:22]  Download : 215/256
[23:26:22]  [FTP_RYU_TEST][id=1][DOWNLOAD] progress 215/256 chunk=180
[23:26:22]  Download : 216/256
[23:26:22]  [FTP_RYU_TEST][id=1][DOWNLOAD] progress 216/256 chunk=180
[23:26:23]  Download : 217/256
[23:26:23]  [FTP_RYU_TEST][id=1][DOWNLOAD] progress 217/256 chunk=180
[23:26:23]  Download : 218/256
[23:26:23]  [FTP_RYU_TEST][id=1][DOWNLOAD] progress 218/256 chunk=180
[23:26:24]  Download : 219/256
[23:26:24]  [FTP_RYU_TEST][id=1][DOWNLOAD] progress 219/256 chunk=180
[23:26:24]  Download : 220/256
[23:26:24]  [FTP_RYU_TEST][id=1][DOWNLOAD] progress 220/256 chunk=180
[23:26:25]  Download : 221/256
[23:26:25]  [FTP_RYU_TEST][id=1][DOWNLOAD] progress 221/256 chunk=180
[23:26:25]  Download : 222/256
[23:26:25]  [FTP_RYU_TEST][id=1][DOWNLOAD] progress 222/256 chunk=180
[23:26:26]  Download : 223/256
[23:26:26]  [FTP_RYU_TEST][id=1][DOWNLOAD] progress 223/256 chunk=180
[23:26:26]  Download : 224/256
[23:26:26]  [FTP_RYU_TEST][id=1][DOWNLOAD] progress 224/256 chunk=180
[23:26:27]  Download : 225/256
[23:26:27]  [FTP_RYU_TEST][id=1][DOWNLOAD] progress 225/256 chunk=180
[23:26:27]  Download : 226/256
[23:26:27]  [FTP_RYU_TEST][id=1][DOWNLOAD] progress 226/256 chunk=180
[23:26:28]  Download : 227/256
[23:26:28]  [FTP_RYU_TEST][id=1][DOWNLOAD] progress 227/256 chunk=180
[23:26:28]  Download : 228/256
[23:26:28]  [FTP_RYU_TEST][id=1][DOWNLOAD] progress 228/256 chunk=180
[23:26:29]  Download : 229/256
[23:26:29]  [FTP_RYU_TEST][id=1][DOWNLOAD] progress 229/256 chunk=180
[23:26:29]  Download : 230/256
[23:26:29]  [FTP_RYU_TEST][id=1][DOWNLOAD] progress 230/256 chunk=180
[23:26:30]  Download : 231/256
[23:26:30]  [FTP_RYU_TEST][id=1][DOWNLOAD] progress 231/256 chunk=180
[23:26:30]  Download : 232/256
[23:26:30]  [FTP_RYU_TEST][id=1][DOWNLOAD] progress 232/256 chunk=180
[23:26:31]  Download : 233/256
[23:26:31]  [FTP_RYU_TEST][id=1][DOWNLOAD] progress 233/256 chunk=180
[23:26:31]  Download : 234/256
[23:26:31]  [FTP_RYU_TEST][id=1][DOWNLOAD] progress 234/256 chunk=180
[23:26:32]  Download : 235/256
[23:26:32]  [FTP_RYU_TEST][id=1][DOWNLOAD] progress 235/256 chunk=180
[23:26:32]  Download : 236/256
[23:26:32]  [FTP_RYU_TEST][id=1][DOWNLOAD] progress 236/256 chunk=180
[23:26:33]  Download : 237/256
[23:26:33]  [FTP_RYU_TEST][id=1][DOWNLOAD] progress 237/256 chunk=180
[23:26:33]  Download : 238/256
[23:26:33]  [FTP_RYU_TEST][id=1][DOWNLOAD] progress 238/256 chunk=180
[23:26:34]  Download : 239/256
[23:26:34]  [FTP_RYU_TEST][id=1][DOWNLOAD] progress 239/256 chunk=180
[23:26:34]  Download : 240/256
[23:26:34]  [FTP_RYU_TEST][id=1][DOWNLOAD] progress 240/256 chunk=180
[23:26:35]  Download : 241/256
[23:26:35]  [FTP_RYU_TEST][id=1][DOWNLOAD] progress 241/256 chunk=180
[23:26:35]  Download : 242/256
[23:26:35]  [FTP_RYU_TEST][id=1][DOWNLOAD] progress 242/256 chunk=180
[23:26:36]  Download : 243/256
[23:26:36]  [FTP_RYU_TEST][id=1][DOWNLOAD] progress 243/256 chunk=180
[23:26:36]  Download : 244/256
[23:26:36]  [FTP_RYU_TEST][id=1][DOWNLOAD] progress 244/256 chunk=180
[23:26:37]  Download : 245/256
[23:26:37]  [FTP_RYU_TEST][id=1][DOWNLOAD] progress 245/256 chunk=180
[23:26:37]  Download : 246/256
[23:26:37]  [FTP_RYU_TEST][id=1][DOWNLOAD] progress 246/256 chunk=180
[23:26:38]  Download : 247/256
[23:26:38]  [FTP_RYU_TEST][id=1][DOWNLOAD] progress 247/256 chunk=180
[23:26:38]  Download : 248/256
[23:26:38]  [FTP_RYU_TEST][id=1][DOWNLOAD] progress 248/256 chunk=180
[23:26:39]  Download : 249/256
[23:26:39]  [FTP_RYU_TEST][id=1][DOWNLOAD] progress 249/256 chunk=180
[23:26:39]  Download : 250/256
[23:26:39]  [FTP_RYU_TEST][id=1][DOWNLOAD] progress 250/256 chunk=180
[23:26:39]  Download : 251/256
[23:26:39]  [FTP_RYU_TEST][id=1][DOWNLOAD] progress 251/256 chunk=180
[23:26:40]  Download : 252/256
[23:26:40]  [FTP_RYU_TEST][id=1][DOWNLOAD] progress 252/256 chunk=180
[23:26:41]  Download : 253/256
[23:26:41]  [FTP_RYU_TEST][id=1][DOWNLOAD] progress 253/256 chunk=180
[23:26:41]  Download : 254/256
[23:26:41]  [FTP_RYU_TEST][id=1][DOWNLOAD] progress 254/256 chunk=180
[23:26:41]  Download : 255/256
[23:26:41]  [FTP_RYU_TEST][id=1][DOWNLOAD] progress 255/256 chunk=180
[23:26:42]  FTP Transaction Completed.
[23:26:42]  Calculate FTP CRC. Remote : 2142142446, Local : 2142142446.
[23:26:42]  [FTP_RYU_TEST][id=1][DOWNLOAD] CRC remote=2142142446 local=2142142446
[23:26:42]  [FTP_RYU_TEST][id=1][DOWNLOAD][OK] retcode=0
[23:26:42]  [FTP_RYU_TEST][id=1][DOWNLOAD] cleanup_done=1
[23:27:24]  Start FTP RYU UPLOAD id=2.
[23:27:24]  [FTP_RYU_TEST][id=2][UPLOAD] begin local=file://../meow_lib.so remote=file://./cf/uplinkkkkkkkkkkk.so host=10 port=9 chunk=180
[23:27:24]  Received FTP Upload Spec.
[23:27:24]  Received FTP Upload File Spec. Filesize : 18416, CRC : 3758570869.
[23:27:27]  Received FTP Status Reply.
[23:27:27]  Start FTP Uplink. Total Chunk Size : 103
[23:27:27]  Upload : 0/103
[23:27:27]  [FTP_RYU_TEST][id=2][UPLOAD] progress 0/103 chunk=180
[23:27:28]  Upload : 1/103
[23:27:28]  [FTP_RYU_TEST][id=2][UPLOAD] progress 1/103 chunk=180
[23:27:29]  Upload : 2/103
[23:27:29]  [FTP_RYU_TEST][id=2][UPLOAD] progress 2/103 chunk=180
[23:27:29]  Upload : 3/103
[23:27:29]  [FTP_RYU_TEST][id=2][UPLOAD] progress 3/103 chunk=180
[23:27:30]  Upload : 4/103
[23:27:30]  [FTP_RYU_TEST][id=2][UPLOAD] progress 4/103 chunk=180
[23:27:30]  Upload : 5/103
[23:27:30]  [FTP_RYU_TEST][id=2][UPLOAD] progress 5/103 chunk=180
[23:27:31]  Upload : 6/103
[23:27:31]  [FTP_RYU_TEST][id=2][UPLOAD] progress 6/103 chunk=180
[23:27:45]  Upload : 7/103
[23:27:45]  [FTP_RYU_TEST][id=2][UPLOAD] progress 7/103 chunk=180
[23:27:46]  Upload : 8/103
[23:27:46]  [FTP_RYU_TEST][id=2][UPLOAD] progress 8/103 chunk=180
[23:27:47]  Upload : 9/103
[23:27:47]  [FTP_RYU_TEST][id=2][UPLOAD] progress 9/103 chunk=180
[23:27:47]  Upload : 10/103
[23:27:47]  [FTP_RYU_TEST][id=2][UPLOAD] progress 10/103 chunk=180
[23:27:48]  Upload : 11/103
[23:27:48]  [FTP_RYU_TEST][id=2][UPLOAD] progress 11/103 chunk=180
[23:27:48]  Upload : 12/103
[23:27:48]  [FTP_RYU_TEST][id=2][UPLOAD] progress 12/103 chunk=180
[23:28:07]  Upload : 13/103
[23:28:07]  [FTP_RYU_TEST][id=2][UPLOAD] progress 13/103 chunk=180
[23:28:07]  Upload : 14/103
[23:28:07]  [FTP_RYU_TEST][id=2][UPLOAD] progress 14/103 chunk=180
[23:28:08]  Upload : 15/103
[23:28:08]  [FTP_RYU_TEST][id=2][UPLOAD] progress 15/103 chunk=180
[23:28:08]  Upload : 16/103
[23:28:08]  [FTP_RYU_TEST][id=2][UPLOAD] progress 16/103 chunk=180
[23:28:09]  Upload : 17/103
[23:28:09]  [FTP_RYU_TEST][id=2][UPLOAD] progress 17/103 chunk=180
[23:28:10]  Upload : 18/103
[23:28:10]  [FTP_RYU_TEST][id=2][UPLOAD] progress 18/103 chunk=180
[23:28:24]  Upload : 19/103
[23:28:24]  [FTP_RYU_TEST][id=2][UPLOAD] progress 19/103 chunk=180
[23:28:25]  Upload : 20/103
[23:28:25]  [FTP_RYU_TEST][id=2][UPLOAD] progress 20/103 chunk=180
[23:28:25]  Upload : 21/103
[23:28:25]  [FTP_RYU_TEST][id=2][UPLOAD] progress 21/103 chunk=180
[23:28:26]  Upload : 22/103
[23:28:26]  [FTP_RYU_TEST][id=2][UPLOAD] progress 22/103 chunk=180
[23:28:27]  Upload : 23/103
[23:28:27]  [FTP_RYU_TEST][id=2][UPLOAD] progress 23/103 chunk=180
[23:28:27]  Upload : 24/103
[23:28:27]  [FTP_RYU_TEST][id=2][UPLOAD] progress 24/103 chunk=180
[23:28:42]  Upload : 25/103
[23:28:42]  [FTP_RYU_TEST][id=2][UPLOAD] progress 25/103 chunk=180
[23:28:42]  Upload : 26/103
[23:28:42]  [FTP_RYU_TEST][id=2][UPLOAD] progress 26/103 chunk=180
[23:28:43]  Upload : 27/103
[23:28:43]  [FTP_RYU_TEST][id=2][UPLOAD] progress 27/103 chunk=180
[23:28:44]  Upload : 28/103
[23:28:44]  [FTP_RYU_TEST][id=2][UPLOAD] progress 28/103 chunk=180
[23:28:44]  Upload : 29/103
[23:28:44]  [FTP_RYU_TEST][id=2][UPLOAD] progress 29/103 chunk=180
[23:28:45]  Upload : 30/103
[23:28:45]  [FTP_RYU_TEST][id=2][UPLOAD] progress 30/103 chunk=180
[23:28:47]  Upload : 31/103
[23:28:47]  [FTP_RYU_TEST][id=2][UPLOAD] progress 31/103 chunk=180
[23:28:47]  Upload : 32/103
[23:28:47]  [FTP_RYU_TEST][id=2][UPLOAD] progress 32/103 chunk=180
[23:28:48]  Upload : 33/103
[23:28:48]  [FTP_RYU_TEST][id=2][UPLOAD] progress 33/103 chunk=180
[23:28:49]  Upload : 34/103
[23:28:49]  [FTP_RYU_TEST][id=2][UPLOAD] progress 34/103 chunk=180
[23:29:04]  Upload : 35/103
[23:29:04]  [FTP_RYU_TEST][id=2][UPLOAD] progress 35/103 chunk=180
[23:29:04]  Upload : 36/103
[23:29:04]  [FTP_RYU_TEST][id=2][UPLOAD] progress 36/103 chunk=180
[23:29:05]  Upload : 37/103
[23:29:05]  [FTP_RYU_TEST][id=2][UPLOAD] progress 37/103 chunk=180
[23:29:05]  Upload : 38/103
[23:29:05]  [FTP_RYU_TEST][id=2][UPLOAD] progress 38/103 chunk=180
[23:29:06]  Upload : 39/103
[23:29:06]  [FTP_RYU_TEST][id=2][UPLOAD] progress 39/103 chunk=180
[23:29:07]  Upload : 40/103
[23:29:07]  [FTP_RYU_TEST][id=2][UPLOAD] progress 40/103 chunk=180
[23:29:25]  Upload : 41/103
[23:29:25]  [FTP_RYU_TEST][id=2][UPLOAD] progress 41/103 chunk=180
[23:29:26]  Upload : 42/103
[23:29:26]  [FTP_RYU_TEST][id=2][UPLOAD] progress 42/103 chunk=180
[23:29:26]  Upload : 43/103
[23:29:26]  [FTP_RYU_TEST][id=2][UPLOAD] progress 43/103 chunk=180
[23:29:27]  Upload : 44/103
[23:29:27]  [FTP_RYU_TEST][id=2][UPLOAD] progress 44/103 chunk=180
[23:29:27]  Upload : 45/103
[23:29:27]  [FTP_RYU_TEST][id=2][UPLOAD] progress 45/103 chunk=180
[23:29:28]  Upload : 46/103
[23:29:28]  [FTP_RYU_TEST][id=2][UPLOAD] progress 46/103 chunk=180
[23:29:58]  [FTP_RYU_TEST][id=2][UPLOAD][ERROR] retcode=-5
[23:29:58]  [FTP_RYU_TEST][id=2][UPLOAD] cleanup_done=1
[23:30:23]  Start FTP RYU UPLOAD id=3.
[23:30:23]  [FTP_RYU_TEST][id=3][UPLOAD] begin local=file://../meow_lib.so remote=file://./cf/uplinkkkkkkkkkkk.so host=10 port=9 chunk=180
[23:30:23]  Received FTP Upload Spec.
[23:30:23]  Received FTP Upload File Spec. Filesize : 18416, CRC : 3758570869.
[23:30:26]  Received FTP Status Reply.
[23:30:26]  Restart FTP Uplink from chunk : 41, to total : 103
[23:30:26]  Upload : 41/103
[23:30:26]  [FTP_RYU_TEST][id=3][UPLOAD] progress 41/103 chunk=180
[23:30:27]  Upload : 42/103
[23:30:27]  [FTP_RYU_TEST][id=3][UPLOAD] progress 42/103 chunk=180
[23:30:27]  Upload : 43/103
[23:30:27]  [FTP_RYU_TEST][id=3][UPLOAD] progress 43/103 chunk=180
[23:30:28]  Upload : 44/103
[23:30:28]  [FTP_RYU_TEST][id=3][UPLOAD] progress 44/103 chunk=180
[23:30:29]  Upload : 45/103
[23:30:29]  [FTP_RYU_TEST][id=3][UPLOAD] progress 45/103 chunk=180
[23:30:29]  Upload : 46/103
[23:30:29]  [FTP_RYU_TEST][id=3][UPLOAD] progress 46/103 chunk=180
[23:30:30]  Upload : 47/103
[23:30:30]  [FTP_RYU_TEST][id=3][UPLOAD] progress 47/103 chunk=180
[23:30:45]  Upload : 48/103
[23:30:45]  [FTP_RYU_TEST][id=3][UPLOAD] progress 48/103 chunk=180
[23:30:46]  Upload : 49/103
[23:30:46]  [FTP_RYU_TEST][id=3][UPLOAD] progress 49/103 chunk=180
[23:30:46]  Upload : 50/103
[23:30:46]  [FTP_RYU_TEST][id=3][UPLOAD] progress 50/103 chunk=180
