2025-12-30 13:38
[13:38:17]  Connect to Switch Box.............Success.
[13:38:17]  Connect to Rotator................Success.
[13:38:17]  Connect to GS100..................Success.
[13:38:17]  TM Port 13 bind success.
[13:38:17]  BCN Port 31 bind success.
[13:38:17]  RPT Port 25 bind success.
[13:38:17]  Event Port 27 bind success.
[13:38:17]  COSMIC Beacon Port 23 bind success.
[13:38:17]  COSMIC Report Port 24 bind success.
[13:38:28]  TLE "cubesat" Download Completed.
[13:38:32]  Start Engaging.
[13:38:32]  Tracking : Az 197, El 0.
[13:38:32]  Start Doppler Correction.
[13:38:34]  Tracking : Az 197, El 0.
[13:38:36]  Tracking : Az 197, El 0.
[13:38:38]  Tracking : Az 197, El 0.
[13:38:40]  Tracking : Az 197, El 0.
[13:38:42]  Tracking : Az 197, El 0.
[13:38:44]  Tracking : Az 197, El 0.
[13:38:46]  Tracking : Az 197, El 0.
[13:38:48]  Tracking : Az 197, El 0.
[13:38:50]  Tracking : Az 197, El 0.
[13:38:52]  Tracking : Az 197, El 0.
[13:38:54]  Tracking : Az 197, El 0.
[13:38:56]  Tracking : Az 197, El 0.
[13:38:58]  Tracking : Az 197, El 0.
[13:39:00]  Tracking : Az 197, El 0.
[13:39:02]  Tracking : Az 197, El 0.
[13:39:04]  Tracking : Az 197, El 0.
[13:42:16]  Tracking : Az 199, El 1.
[13:42:20]  Forked Safe Amplifier Process.(ON, Timer)
[13:42:41]  Tracking : Az 201, El 2.
[13:43:01]  Tracking : Az 202, El 4.
[13:43:14]  Tracking : Az 204, El 4.
[13:43:31]  Tracking : Az 205, El 6.
[13:43:42]  Ping Failed.
[13:43:51]  Tracking : Az 208, El 7.
[13:44:09]  Ping Success at node 5, 475ms
[13:44:13]  Tracking : Az 210, El 9.
[13:44:14]  Received Beacon from port : 31.

[13:44:24]  Received Beacon from port : 31.

[13:44:29]  Tracking : Az 213, El 10.
[13:44:32]  [OK]CMD Packet Header: 0x18 0x75 0xc0 0x0 0x0 0x1 0x1a 0x49
[13:44:33]  Received Report from port : 25.
[13:44:35]  Received Report from port : 25.
[13:44:37]  Received Report from port : 25.
[13:44:39]  Received Beacon from port : 31.

[13:44:44]  Received Beacon from port : 31.

[13:44:48]  Tracking : Az 216, El 11.
[13:44:53]  [OK]CMD Packet Header: 0x18 0x75 0xc0 0x0 0x0 0x1 0x1a 0x0
[13:44:54]  Received Beacon from port : 31.

[13:45:05]  Tracking : Az 219, El 13.
[13:45:16]  [OK]CMD Packet Header: 0x18 0x75 0xc0 0x0 0x0 0x1 0x1a 0x49
[13:45:20]  Tracking : Az 222, El 14.
[13:45:29]  [OK]CMD Packet Header: 0x18 0x75 0xc0 0x0 0x0 0x1 0x1a 0x0
[13:45:34]  Tracking : Az 225, El 15.
[13:45:48]  Ping Failed.
[13:45:48]  Tracking : Az 228, El 16.
[13:45:59]  Ping Failed.
[13:46:00]  Tracking : Az 231, El 17.
[13:46:05]  Ping Success at node 5, 475ms
[13:46:07]  [OK]CMD Packet Header: 0x18 0x75 0xc0 0x0 0x0 0x1 0x1a 0x49
[13:46:08]  Received Report from port : 25.
[13:46:10]  Received Report from port : 25.
[13:46:11]  Tracking : Az 234, El 18.
[13:46:12]  Received Report from port : 25.
[13:46:14]  Received Beacon from port : 31.

[13:46:22]  Tracking : Az 237, El 19.
[13:46:24]  Received Beacon from port : 31.

[13:46:32]  Tracking : Az 240, El 19.
[13:46:34]  Received Beacon from port : 31.

[13:46:34]  [OK]CMD Packet Header: 0x18 0x75 0xc0 0x0 0x0 0x1 0x14 0x47
[13:46:36]  Received Report from port : 25.
[13:46:38]  Received Report from port : 25.
[13:46:40]  Received Report from port : 25.
[13:46:42]  Tracking : Az 243, El 20.
[13:46:44]  Received Beacon from port : 31.

[13:46:51]  Tracking : Az 246, El 20.
[13:46:54]  Received Beacon from port : 31.

[13:46:59]  [OK]CMD Packet Header: 0x18 0x75 0xc0 0x0 0x0 0x1 0x14 0x47
[13:47:00]  Tracking : Az 249, El 21.
[13:47:01]  Received Report from port : 25.
[13:47:03]  Received Report from port : 25.
[13:47:05]  Received Report from port : 25.
[13:47:09]  Tracking : Az 252, El 21.
[13:47:14]  Received Beacon from port : 31.

[13:47:18]  Tracking : Az 255, El 21.
[13:47:24]  Tracking : Az 257, El 22.
[13:47:24]  Received Beacon from port : 31.

[13:47:32]  Tracking : Az 260, El 22.
[13:47:34]  Received Beacon from port : 31.

[13:47:40]  Tracking : Az 263, El 22.
[13:47:44]  [OK]CMD Packet Header: 0x18 0x75 0xc0 0x0 0x0 0x7 0xe 0xb0
[13:47:49]  Tracking : Az 266, El 22.
[13:47:55]  Tracking : Az 268, El 22.
[13:48:03]  Tracking : Az 271, El 22.
[13:48:07]  [OK]CMD Packet Header: 0x18 0x75 0xc0 0x0 0x0 0x7 0xe 0xb0
[13:48:08]  Received Report from port : 25.
[13:48:09]  Tracking : Az 273, El 22.
[13:48:10]  Received Report from port : 25.
[13:48:12]  Received Report from port : 25.
[13:48:17]  Tracking : Az 276, El 21.
[13:48:23]  [OK]CMD Packet Header: 0x18 0x75 0xc0 0x0 0x0 0x1 0x17 0x44
[13:48:24]  Received Report from port : 25.
[13:48:26]  Tracking : Az 279, El 21.
[13:48:26]  Received Report from port : 25.
[13:48:28]  Received Report from port : 25.
[13:48:32]  Tracking : Az 281, El 21.
[13:48:41]  [OK]CMD Packet Header: 0x18 0x75 0xc0 0x0 0x0 0x1 0x14 0x47
[13:48:41]  Tracking : Az 284, El 20.
[13:48:50]  Tracking : Az 287, El 20.
[13:48:50]  Ping Success at node 5, 462ms
[13:48:51]  [OK]CMD Packet Header: 0x18 0x75 0xc0 0x0 0x0 0x1 0x14 0x47
[13:48:52]  Received Report from port : 25.
[13:48:54]  Received Report from port : 25.
[13:48:56]  Received Report from port : 25.
[13:49:00]  Tracking : Az 290, El 19.
[13:49:04]  Received Beacon from port : 31.

[13:49:10]  Tracking : Az 293, El 18.
[13:49:17]  Tracking : Az 295, El 18.
[13:49:29]  Tracking : Az 298, El 17.
[13:49:34]  Received Beacon from port : 31.

[13:49:41]  Tracking : Az 301, El 16.
[13:49:54]  Tracking : Az 304, El 15.
[13:50:08]  Tracking : Az 307, El 14.
[13:50:14]  Received Beacon from port : 31.

[13:50:22]  [OK]CMD Packet Header: 0x18 0x65 0xc0 0x0 0x0 0x6 0xf 0x4b
[13:50:23]  Received Report from port : 25.
[13:50:23]  Tracking : Az 310, El 13.
[13:50:25]  Received Report from port : 25.
[13:50:27]  Received Report from port : 25.
[13:50:35]  Received Beacon from port : 31.

[13:50:39]  Tracking : Az 313, El 12.
[13:50:44]  Ping Success at node 5, 463ms
[13:50:45]  Received Beacon from port : 31.

[13:50:58]  Tracking : Az 316, El 10.
[13:51:05]  Received Beacon from port : 31.

[13:51:14]  [OK]CMD Packet Header: 0x18 0x65 0xc0 0x0 0x0 0x15 0x17 0x41
[13:51:14]  Received Report from port : 25.
[13:51:16]  Received Report from port : 25.
[13:51:19]  Received Report from port : 25.
[13:51:19]  Tracking : Az 319, El 8.
[13:51:21]  Received Beacon from port : 31.

[13:51:25]  Received Beacon from port : 31.

[13:51:42]  Tracking : Az 322, El 7.
[13:52:09]  Tracking : Az 325, El 5.
[13:52:14]  [OK]CMD Packet Header: 0x18 0x75 0xc0 0x0 0x0 0x1 0x14 0x47
[13:52:25]  Ping Failed.
[13:52:30]  Ping Failed.
[13:52:36]  Ping Success at node 5, 472ms
[13:52:38]  [OK]CMD Packet Header: 0x18 0x75 0xc0 0x0 0x0 0x1 0x14 0x47
[13:52:40]  Received Report from port : 25.
[13:52:41]  Tracking : Az 328, El 3.
[13:52:47]  [OK]CMD Packet Header: 0x18 0x75 0xc0 0x0 0x0 0x1 0x14 0x47
[13:52:48]  Received Report from port : 25.
[13:52:50]  Received Report from port : 25.
[13:52:52]  Received Report from port : 25.
[13:53:18]  Tracking : Az 331, El 1.
[13:54:01]  Tracking : Az 197, El 0.
[13:54:03]  Tracking : Az 197, El 0.
[13:54:05]  Tracking : Az 197, El 0.
[13:54:07]  Tracking : Az 197, El 0.
[13:54:09]  Tracking : Az 197, El 0.
[13:54:11]  Tracking : Az 197, El 0.
[13:54:13]  Tracking : Az 197, El 0.
[13:54:15]  Tracking : Az 197, El 0.
[13:54:17]  Tracking : Az 197, El 0.
[13:54:19]  Tracking : Az 197, El 0.
[13:54:21]  Tracking : Az 197, El 0.
[13:54:23]  Tracking : Az 197, El 0.
[14:02:39]  Finish Engaging.
[14:02:39]  Beacon Success : 21, Ping Success : 5
[14:02:39]  Tracking : Az 0, El 0.
