2026-06-09 17:12
[17:12:40]  Connect to Switch Box..............Failed.
[17:12:40]  Connect to Rotator.................Failed.
[17:12:40]  Connect to GS100..................Success.
[17:12:40]  BEE-1000 BCN Port 31 bind success.
[17:12:40]  BEE-1000 RPT Port 25 bind success.
[17:12:40]  BEE-1000 Event Port 27 bind success.
[17:12:40]  BEE-100 FM Port 23 bind success.
[17:12:40]  Rotator Read Failed. Please Check Again.
[17:12:40]  UEL-Y-Sys. BCN Port 12 bind success.
[17:12:40]  UEL-Y-Sys. RPT Port 10 bind success.
[17:12:40]  UEL-Y-Sys. Event Port 11 bind success.
[17:12:40]  UEL-Y-Sys. FM Port 14 bind success.
[17:12:40]  BEE-1012 BCN Port 17 bind success.
[17:12:40]  BEE-1012 RPT Port 15 bind success.
[17:12:40]  BEE-1012 Event Port 16 bind success.
[17:12:40]  BEE-1012 FM Port 18 bind success.
[17:12:49]  Received UELYSYS Beacon from port : 12.
[17:13:19]  Received UELYSYS Beacon from port : 12.
[17:13:39]  [OK]CMD Packet Header: 0x18 0x75 0xc0 0x0 0x0 0x1 0x15 0x46
[17:13:49]  Received UELYSYS Beacon from port : 12.
[17:14:13]  Changing GS HMAC Key for BEE1012...
[17:14:13]   Satellite Switched to: BEE1012 (TX HMAC enabled)
[17:14:19]  Received UELYSYS Beacon from port : 12.
[17:14:49]  Received UELYSYS Beacon from port : 12.
[17:14:54]  Changing GS HMAC Key for UELYSYS...
[17:14:54]   Satellite Switched to: UELYSYS (TX HMAC enabled)
[17:15:19]  Received UELYSYS Beacon from port : 12.
[17:15:49]  Received UELYSYS Beacon from port : 12.
[17:16:19]  Received UELYSYS Beacon from port : 12.
[17:16:49]  Received UELYSYS Beacon from port : 12.
[17:16:49]  Changing GS HMAC Key for BEE1012...
[17:16:49]   Satellite Switched to: BEE1012 (TX HMAC enabled)
[17:17:19]  Received UELYSYS Beacon from port : 12.
[17:17:49]  Received UELYSYS Beacon from port : 12.
[17:18:19]  Received UELYSYS Beacon from port : 12.
[17:18:49]  Received UELYSYS Beacon from port : 12.
[17:19:19]  Received UELYSYS Beacon from port : 12.
[17:19:49]  Received UELYSYS Beacon from port : 12.
[17:20:11]  [OK]CMD Packet Header: 0x18 0x54 0xc0 0x0 0x0 0x3 0x3 0x41
[17:20:19]  Received UELYSYS Beacon from port : 12.
[17:20:49]  Received UELYSYS Beacon from port : 12.
[17:20:54]  [OK]CMD Packet Header: 0x18 0x75 0xc0 0x0 0x0 0xf 0xb 0x59
[17:21:18]  [OK]CMD Packet Header: 0x18 0x75 0xc0 0x0 0x0 0x1 0x15 0x46
[17:21:19]  Received UELYSYS Beacon from port : 12.
[17:21:49]  Received UELYSYS Beacon from port : 12.
[17:22:19]  Received UELYSYS Beacon from port : 12.
[17:22:28]  [OK]CMD Packet Header: 0x18 0x92 0xc0 0x0 0x0 0x1 0xc 0xb8
[17:22:49]  Received UELYSYS Beacon from port : 12.
[17:22:55]  [OK]CMD Packet Header: 0x18 0x54 0xc0 0x0 0x0 0x3 0x3 0x41
[17:23:11]  [OK]CMD Packet Header: 0x18 0x54 0xc0 0x0 0x0 0x1 0x2 0x70
[17:23:19]  Received UELYSYS Beacon from port : 12.
[17:23:28]  [OK]CMD Packet Header: 0x18 0x54 0xc0 0x0 0x0 0x1 0x26 0x54
[17:23:49]  Received UELYSYS Beacon from port : 12.
[17:24:19]  Received UELYSYS Beacon from port : 12.
[17:24:49]  Received UELYSYS Beacon from port : 12.
[17:24:53]  [OK]CMD Packet Header: 0x18 0x54 0xc0 0x0 0x0 0x24 0x36 0xcb
[17:25:19]  Received UELYSYS Beacon from port : 12.
[17:25:43]  [OK]CMD Packet Header: 0x18 0x54 0xc0 0x0 0x0 0x4a 0x37 0x75
[17:25:49]  Received UELYSYS Beacon from port : 12.
[17:26:19]  Received UELYSYS Beacon from port : 12.
[17:26:26]  [OK]CMD Packet Header: 0x18 0x54 0xc0 0x0 0x0 0x4a 0x37 0x11
[17:26:49]  Received UELYSYS Beacon from port : 12.
[17:26:55]  [OK]CMD Packet Header: 0x18 0x54 0xc0 0x0 0x0 0x4a 0x37 0x8a
[17:27:19]  Received UELYSYS Beacon from port : 12.
[17:27:49]  Received UELYSYS Beacon from port : 12.
[17:27:51]  [OK]CMD Packet Header: 0x18 0x54 0xc0 0x0 0x0 0x1 0x32 0x40
[17:28:19]  Received UELYSYS Beacon from port : 12.
[17:28:34]  [OK]CMD Packet Header: 0x18 0x54 0xc0 0x0 0x0 0x24 0x36 0xc8
[17:28:48]  [OK]CMD Packet Header: 0x18 0x54 0xc0 0x0 0x0 0x4a 0x37 0x8a
[17:28:49]  Received UELYSYS Beacon from port : 12.
[17:29:19]  Received UELYSYS Beacon from port : 12.
[17:29:29]  [OK]CMD Packet Header: 0x18 0x54 0xc0 0x0 0x0 0x4a 0x37 0x8a
[17:29:40]  [OK]CMD Packet Header: 0x18 0x54 0xc0 0x0 0x0 0x4a 0x37 0x8a
[17:29:49]  Received UELYSYS Beacon from port : 12.
[17:29:56]  [OK]CMD Packet Header: 0x18 0x54 0xc0 0x0 0x0 0x1 0x32 0x40
[17:30:19]  Received UELYSYS Beacon from port : 12.
[17:30:36]  [OK]CMD Packet Header: 0x18 0x54 0xc0 0x0 0x0 0x1 0x3e 0x4c
[17:30:49]  Received UELYSYS Beacon from port : 12.
[17:31:19]  Received UELYSYS Beacon from port : 12.
[17:31:49]  Received UELYSYS Beacon from port : 12.
[17:32:01]  [OK]CMD Packet Header: 0x18 0x54 0xc0 0x0 0x0 0x1 0x3f 0x4d
[17:32:09]  [OK]CMD Packet Header: 0x18 0x54 0xc0 0x0 0x0 0x1 0x3f 0x4d
[17:32:16]  [OK]CMD Packet Header: 0x18 0x54 0xc0 0x0 0x0 0x1 0x3e 0x4c
[17:32:19]  Received UELYSYS Beacon from port : 12.
[17:32:49]  Received UELYSYS Beacon from port : 12.
[17:33:19]  Received UELYSYS Beacon from port : 12.
[17:33:48]  [OK]CMD Packet Header: 0x18 0x54 0xc0 0x0 0x0 0x1 0x3f 0x4d
[17:33:49]  Received UELYSYS Beacon from port : 12.
[17:34:19]  Received UELYSYS Beacon from port : 12.
[17:34:29]  [OK]CMD Packet Header: 0x18 0x54 0xc0 0x0 0x0 0x1 0x26 0x54
[17:34:40]  [OK]CMD Packet Header: 0x18 0x54 0xc0 0x0 0x0 0x1 0x32 0x40
[17:34:47]  [OK]CMD Packet Header: 0x18 0x54 0xc0 0x0 0x0 0x1 0x3e 0x4c
[17:35:58]  [OK]CMD Packet Header: 0x18 0x75 0xc0 0x0 0x0 0x1 0x15 0x46
[17:36:00]  Packet Received on unknown port 11
[17:36:00]  Packet length is 172
[17:36:02]  Packet Received on unknown port 11
[17:36:02]  Packet length is 172
