2026-06-11 02:54
[02:54:39]  Connect to Switch Box..............Failed.
[02:54:39]  Connect to Rotator.................Failed.
[02:54:39]  Connect to GS100..................Success.
[02:54:39]  BEE-1000 BCN Port 31 bind success.
[02:54:39]  BEE-1000 RPT Port 25 bind success.
[02:54:39]  Rotator Read Failed. Please Check Again.
[02:54:39]  BEE-1000 Event Port 27 bind success.
[02:54:39]  BEE-100 FM Port 23 bind success.
[02:54:39]  UEL-Y-Sys. BCN Port 12 bind success.
[02:54:39]  UEL-Y-Sys. RPT Port 10 bind success.
[02:54:39]  UEL-Y-Sys. Event Port 11 bind success.
[02:54:39]  UEL-Y-Sys. FM Port 14 bind success.
[02:54:39]  BEE-1012 BCN Port 17 bind success.
[02:54:39]  BEE-1012 RPT Port 15 bind success.
[02:54:39]  BEE-1012 Event Port 16 bind success.
[02:54:39]  BEE-1012 FM Port 18 bind success.
[02:54:47]  Changing GS HMAC Key for BEE1012...
[02:54:47]   Satellite Switched to: BEE1012 (TX HMAC enabled)
[02:54:49]  Received Report from port : 15.
[02:54:49]  Received Report from port : 15.
[02:54:50]  Received Report from port : 15.
[02:54:53]  Received BEE1012 Beacon from port : 17.
[02:54:59]  Received BEE1012 Beacon from port : 17.
[02:55:06]  Received UELYSYS Beacon from port : 12.
[02:55:09]  Received BEE1012 Beacon from port : 17.
[02:55:19]  Received Report from port : 15.
[02:55:19]  Received Report from port : 15.
[02:55:20]  Received Report from port : 15.
[02:55:26]  Ping Success at node 5, 463ms
[02:55:29]  Start FTP Downlink.
[02:55:33]  Received FTP Download Spec.
[02:55:33]  Received FTP Download Spec. Filesize : 150888, CRC : 3503586147.
[02:55:34]  Received FTP Status Request.
[02:55:34]  Start FTP Downlink. Total Chunk Size : 839
[02:55:35]  Download : 0/839
