2026-02-20 00:51
[00:51:32]  Connect to Switch Box.............Success.
[00:51:32]  Connect to Rotator................Success.
[00:51:32]  Connect to GS100..................Success.
[00:51:32]  TM Port 13 bind success.
[00:51:32]  BCN Port 31 bind success.
[00:51:32]  RPT Port 25 bind success.
[00:51:32]  Event Port 27 bind success.
[00:51:32]  COSMIC Beacon Port 23 bind success.
[00:51:32]  COSMIC Report Port 24 bind success.
[00:51:44]  TLE "active" Download Completed.
[00:51:54]  [Auto]Start AutoPilot.
[00:51:54]  [Auto]Start Autopilot. Next Valuable AOS : 2/20 0:51:50
[00:51:54]  [Auto]Max Elevation : 20.76° Please Keep Devices On.
[00:51:54]  [Auto]Start Engaging.
[00:51:54]  Tracking : Az 113, El 19.
[00:51:54]  [Auto]Start Doppler Correction.
[00:51:54]  Forked Safe Amplifier Process.(ON, Timer)
[00:51:56]  Tracking : Az 113, El 19.
[00:51:58]  Tracking : Az 114, El 19.
[00:51:59]  Ping Success at node 5, 471ms
[00:52:07]  Ping Failed.
[00:52:07]  Tracking : Az 117, El 18.
[00:52:14]  Ping Failed.
[00:52:17]  Tracking : Az 120, El 18.
[00:52:21]  Ping Failed.
[00:52:24]  Tracking : Az 122, El 17.
[00:52:29]  Ping Failed.
[00:52:36]  Tracking : Az 125, El 16.
[00:52:36]  Ping Failed.
[00:52:43]  Tracking : Az 127, El 16.
[00:52:43]  Ping Failed.
[00:52:51]  Ping Failed.
[00:52:56]  Tracking : Az 130, El 15.
[00:52:58]  Ping Failed.
[00:53:05]  Ping Failed.
[00:53:09]  Tracking : Az 133, El 14.
[00:53:13]  Ping Failed.
[00:53:18]  Tracking : Az 135, El 13.
[00:53:20]  Ping Failed.
[00:53:27]  Ping Failed.
[00:53:33]  Tracking : Az 138, El 12.
[00:53:35]  Ping Failed.
[00:53:42]  Ping Failed.
[00:53:49]  Ping Failed.
[00:53:50]  Tracking : Az 141, El 11.
[00:53:57]  Ping Failed.
[00:54:04]  Ping Failed.
[00:54:08]  Tracking : Az 144, El 10.
[00:54:09]  Ping Success at node 5, 477ms
[00:54:15]  Ping Success at node 5, 471ms
[00:54:20]  Ping Success at node 5, 471ms
[00:54:26]  Ping Success at node 5, 471ms
[00:54:28]  Tracking : Az 147, El 8.
[00:54:31]  [OK]CMD Packet Header: 0x18 0x75 0xc0 0x0 0x0 0x1 0x14 0x47
[00:54:31]  [Auto]EPS P60 DOCK GET TABLE HK Command Sent (1/2)
[00:54:31]  Ping Success at node 5, 567ms
[00:54:41]  [OK]CMD Packet Header: 0x18 0x75 0xc0 0x0 0x0 0x1 0x14 0x47
[00:54:41]  [Auto]EPS P60 DOCK GET TABLE HK Command Sent (2/2)
[00:54:42]  Received Report from port : 25.
[00:54:44]  Received Report from port : 25.
[00:54:46]  Received Report from port : 25.
[00:54:51]  Tracking : Az 150, El 7.
[00:54:51]  [OK]CMD Packet Header: 0x18 0x75 0xc0 0x0 0x0 0x1 0x17 0x44
[00:54:52]  [Auto]EPS P60 PDU GET TABLE HK Command Sent (1/2)
[00:54:52]  Received Report from port : 25.
[00:54:54]  Received Report from port : 25.
[00:54:56]  Received Report from port : 25.
[00:55:02]  [OK]CMD Packet Header: 0x18 0x75 0xc0 0x0 0x0 0x1 0x17 0x44
[00:55:02]  [Auto]EPS P60 PDU GET TABLE HK Command Sent (2/2)
[00:55:03]  Received Report from port : 25.
[00:55:05]  Received Report from port : 25.
[00:55:07]  Received Report from port : 25.
[00:55:12]  [OK]CMD Packet Header: 0x18 0x75 0xc0 0x0 0x0 0x1 0x1a 0x0
[00:55:13]  [Auto]EPS P60 ACU GET TABLE HK Command Sent (1/2)
[00:55:13]  Received Report from port : 25.
[00:55:15]  Received Report from port : 25.
[00:55:17]  Received Report from port : 25.
[00:55:23]  [OK]CMD Packet Header: 0x18 0x75 0xc0 0x0 0x0 0x1 0x1a 0x0
[00:55:23]  [Auto]EPS P60 ACU GET TABLE HK Command Sent (2/2)
[00:55:23]  Received Report from port : 25.
[00:55:25]  Received Report from port : 25.
[00:55:26]  Tracking : Az 154, El 4.
[00:55:27]  Received Report from port : 25.
[00:55:33]  [Auto]Start GND WDT reset sequence
[00:55:33]  [OK]CMD Packet Header: 0x18 0x50 0xc0 0x0 0x0 0x1 0x6 0x70
[00:55:33]  [Auto]AX100 GND WDT CMD sent (1/2)
[00:55:34]  Received Report from port : 25.
[00:55:36]  Received Report from port : 25.
[00:55:38]  Received Report from port : 25.
[00:55:43]  [OK]CMD Packet Header: 0x18 0x50 0xc0 0x0 0x0 0x1 0x6 0x70
[00:55:44]  [Auto]AX100 GND WDT CMD sent (2/2)
[00:55:44]  Received Report from port : 25.
[00:55:46]  Received Report from port : 25.
[00:55:48]  Received Report from port : 25.
[00:55:54]  [OK]CMD Packet Header: 0x18 0x75 0xc0 0x0 0x0 0x5 0x1e 0xa2
[00:55:54]  [Auto]EPS P60 DOCK GND WDT CMD sent (1/2)
[00:55:54]  Received Report from port : 25.
[00:55:56]  Received Report from port : 25.
[00:55:57]  Tracking : Az 157, El 2.
[00:56:04]  [OK]CMD Packet Header: 0x18 0x75 0xc0 0x0 0x0 0x5 0x1e 0xa2
[00:56:04]  [Auto]EPS P60 DOCK GND WDT CMD sent (2/2)
[00:56:05]  Received Report from port : 25.
[00:56:07]  Received Report from port : 25.
[00:56:09]  Received Report from port : 25.
[00:56:14]  [Auto]GND WDT sequence completed
[00:56:14]  [OK]CMD Packet Header: 0x18 0x75 0xc0 0x0 0x0 0x1 0x14 0x47
[00:56:15]  [Auto]EPS P60 DOCK GET TABLE HK Command Sent (1/2)
[00:56:25]  [OK]CMD Packet Header: 0x18 0x75 0xc0 0x0 0x0 0x1 0x14 0x47
[00:56:25]  Tracking : Az 159, El 1.
[00:56:25]  [Auto]EPS P60 DOCK GET TABLE HK Command Sent (2/2)
[00:56:26]  Received Report from port : 25.
[00:56:28]  Received Report from port : 25.
[00:56:35]  [OK]CMD Packet Header: 0x18 0x75 0xc0 0x0 0x0 0x1 0x17 0x44
[00:56:35]  [Auto]EPS P60 PDU GET TABLE HK Command Sent (1/2)
[00:56:45]  [OK]CMD Packet Header: 0x18 0x75 0xc0 0x0 0x0 0x1 0x17 0x44
[00:56:46]  [Auto]EPS P60 PDU GET TABLE HK Command Sent (2/2)
[00:56:56]  [OK]CMD Packet Header: 0x18 0x75 0xc0 0x0 0x0 0x1 0x1a 0x0
[00:56:56]  [Auto]EPS P60 ACU GET TABLE HK Command Sent (1/2)
[00:57:03]  Tracking : Az 162, El 0.
[00:57:06]  [OK]CMD Packet Header: 0x18 0x75 0xc0 0x0 0x0 0x1 0x1a 0x0
[00:57:06]  [Auto]EPS P60 ACU GET TABLE HK Command Sent (2/2)
[00:57:07]  Tracking : Az 110, El 19.
[00:57:09]  Tracking : Az 110, El 19.
[00:57:11]  Tracking : Az 110, El 19.
[00:57:13]  Tracking : Az 110, El 19.
[00:57:15]  Tracking : Az 110, El 19.
[00:57:16]  [Auto]AutoPilot sequence Ended
