2026-06-17 22:31
[22:32:07]  Connect to Switch Box..............Failed.
[22:32:07]  Connect to Rotator.................Failed.
[22:32:07]  Connect to GS100..................Success.
[22:32:07]  BEE-1000 BCN Port 31 bind success.
[22:32:07]  BEE-1000 RPT Port 25 bind success.
[22:32:07]  BEE-1000 Event Port 27 bind success.
[22:32:07]  Rotator Read Failed. Please Check Again.
[22:32:07]  BEE-100 FM Port 23 bind success.
[22:32:07]  UEL-Y-Sys. BCN Port 12 bind success.
[22:32:07]  UEL-Y-Sys. RPT Port 10 bind success.
[22:32:07]  UEL-Y-Sys. Event Port 11 bind success.
[22:32:07]  UEL-Y-Sys. FM Port 14 bind success.
[22:32:07]  BEE-1012 BCN Port 17 bind success.
[22:32:07]  BEE-1012 RPT Port 15 bind success.
[22:32:07]  BEE-1012 Event Port 16 bind success.
[22:32:07]  BEE-1012 FM Port 18 bind success.
[22:32:07]  BEE-1012 AIOBC Port 29 bind success.
[22:32:09]  Ping Success at node 5, 455ms
[22:32:58]  FTP_OLD_DOWNLOAD received legacy shared ftpinfo argument; pre-start pthread_create race remains until caller uses miman_ftp_create_worker_arg().
[22:32:59]  Start FTP OLD DOWNLOAD id=1.
[22:32:59]  [FTP_OLD_TEST][id=1][DOWNLOAD] begin local=file://./hihi.so remote=file://./cf/ci_lab.so host=10 port=9 chunk=180
[22:33:04]  Received FTP Download Spec.
[22:33:04]  Received FTP Download Spec. Filesize : 45908, CRC : 4001345151.
[22:33:35]  [FTP_OLD_TEST][id=1][DOWNLOAD][ERROR] retcode=-17
[22:33:35]  [FTP_OLD_TEST][id=1][DOWNLOAD] cleanup_done=1
[22:33:59]  FTP_OLD_DOWNLOAD received legacy shared ftpinfo argument; pre-start pthread_create race remains until caller uses miman_ftp_create_worker_arg().
[22:33:59]  Start FTP OLD DOWNLOAD id=2.
[22:33:59]  [FTP_OLD_TEST][id=2][DOWNLOAD] begin local=file://./hihi.so remote=file://./cf/ci_lab.so host=10 port=9 chunk=180
[22:34:03]  Received FTP Download Spec.
[22:34:03]  Received FTP Download Spec. Filesize : 45908, CRC : 4001345151.
[22:34:34]  [FTP_OLD_TEST][id=2][DOWNLOAD][ERROR] retcode=-17
[22:34:34]  [FTP_OLD_TEST][id=2][DOWNLOAD] cleanup_done=1
[22:35:07]  Start FTP RYU DOWNLOAD id=3.
[22:35:07]  [FTP_RYU_TEST][id=3][DOWNLOAD] begin local=file://./hihi.so remote=file://./cf/ci_lab.so host=10 port=9 chunk=180
[22:35:09]  Received FTP Download Spec.
[22:35:09]  Received FTP Download Spec. Filesize : 45908, CRC : 4001345151.
[22:35:10]  [FTP_RYU_TEST][id=3][DOWNLOAD][ERROR] retcode=-17
[22:35:10]  [FTP_RYU_TEST][id=3][DOWNLOAD] cleanup_done=1
[22:35:35]  Start FTP RYU DOWNLOAD id=4.
[22:35:35]  [FTP_RYU_TEST][id=4][DOWNLOAD] begin local=file://./hihihihi.so remote=file://./cf/ci_lab.so host=10 port=9 chunk=180
[22:35:37]  Received FTP Download Spec.
[22:35:37]  Received FTP Download Spec. Filesize : 45908, CRC : 4001345151.
[22:35:37]  Received FTP Status Request.
[22:35:37]  Start FTP Downlink. Total Chunk Size : 256
[22:35:38]  Download : 0/256
[22:35:38]  [FTP_RYU_TEST][id=4][DOWNLOAD] progress 0/256 chunk=180
[22:35:39]  Download : 1/256
[22:35:39]  [FTP_RYU_TEST][id=4][DOWNLOAD] progress 1/256 chunk=180
[22:35:39]  Download : 2/256
[22:35:39]  [FTP_RYU_TEST][id=4][DOWNLOAD] progress 2/256 chunk=180
[22:35:40]  Download : 3/256
[22:35:40]  [FTP_RYU_TEST][id=4][DOWNLOAD] progress 3/256 chunk=180
[22:35:40]  Download : 4/256
[22:35:40]  [FTP_RYU_TEST][id=4][DOWNLOAD] progress 4/256 chunk=180
[22:35:40]  Download : 5/256
[22:35:40]  [FTP_RYU_TEST][id=4][DOWNLOAD] progress 5/256 chunk=180
[22:35:41]  Download : 6/256
[22:35:41]  [FTP_RYU_TEST][id=4][DOWNLOAD] progress 6/256 chunk=180
[22:35:41]  Download : 7/256
[22:35:41]  [FTP_RYU_TEST][id=4][DOWNLOAD] progress 7/256 chunk=180
[22:35:42]  Download : 8/256
[22:35:42]  [FTP_RYU_TEST][id=4][DOWNLOAD] progress 8/256 chunk=180
[22:35:43]  Download : 9/256
[22:35:43]  [FTP_RYU_TEST][id=4][DOWNLOAD] progress 9/256 chunk=180
[22:35:43]  Download : 10/256
[22:35:43]  [FTP_RYU_TEST][id=4][DOWNLOAD] progress 10/256 chunk=180
[22:35:43]  Download : 11/256
[22:35:43]  [FTP_RYU_TEST][id=4][DOWNLOAD] progress 11/256 chunk=180
[22:35:44]  Download : 12/256
[22:35:44]  [FTP_RYU_TEST][id=4][DOWNLOAD] progress 12/256 chunk=180
[22:35:45]  Download : 13/256
[22:35:45]  [FTP_RYU_TEST][id=4][DOWNLOAD] progress 13/256 chunk=180
[22:35:45]  Download : 14/256
[22:35:45]  [FTP_RYU_TEST][id=4][DOWNLOAD] progress 14/256 chunk=180
[22:35:45]  Download : 15/256
[22:35:45]  [FTP_RYU_TEST][id=4][DOWNLOAD] progress 15/256 chunk=180
[22:35:46]  Download : 16/256
[22:35:46]  [FTP_RYU_TEST][id=4][DOWNLOAD] progress 16/256 chunk=180
[22:35:47]  Download : 17/256
[22:35:47]  [FTP_RYU_TEST][id=4][DOWNLOAD] progress 17/256 chunk=180
[22:35:47]  Download : 18/256
[22:35:47]  [FTP_RYU_TEST][id=4][DOWNLOAD] progress 18/256 chunk=180
[22:35:47]  Download : 19/256
[22:35:47]  [FTP_RYU_TEST][id=4][DOWNLOAD] progress 19/256 chunk=180
[22:35:48]  Download : 20/256
[22:35:48]  [FTP_RYU_TEST][id=4][DOWNLOAD] progress 20/256 chunk=180
[22:35:48]  Download : 21/256
[22:35:48]  [FTP_RYU_TEST][id=4][DOWNLOAD] progress 21/256 chunk=180
[22:35:49]  Download : 22/256
[22:35:49]  [FTP_RYU_TEST][id=4][DOWNLOAD] progress 22/256 chunk=180
[22:35:49]  Download : 23/256
[22:35:49]  [FTP_RYU_TEST][id=4][DOWNLOAD] progress 23/256 chunk=180
[22:35:50]  Download : 24/256
[22:35:50]  [FTP_RYU_TEST][id=4][DOWNLOAD] progress 24/256 chunk=180
[22:35:50]  Download : 25/256
[22:35:50]  [FTP_RYU_TEST][id=4][DOWNLOAD] progress 25/256 chunk=180
[22:35:51]  Download : 26/256
[22:35:51]  [FTP_RYU_TEST][id=4][DOWNLOAD] progress 26/256 chunk=180
[22:35:51]  Download : 27/256
[22:35:51]  [FTP_RYU_TEST][id=4][DOWNLOAD] progress 27/256 chunk=180
[22:35:52]  Download : 28/256
[22:35:52]  [FTP_RYU_TEST][id=4][DOWNLOAD] progress 28/256 chunk=180
[22:35:52]  Download : 29/256
[22:35:52]  [FTP_RYU_TEST][id=4][DOWNLOAD] progress 29/256 chunk=180
[22:35:53]  Download : 30/256
[22:35:53]  [FTP_RYU_TEST][id=4][DOWNLOAD] progress 30/256 chunk=180
[22:35:53]  Download : 31/256
[22:35:53]  [FTP_RYU_TEST][id=4][DOWNLOAD] progress 31/256 chunk=180
[22:35:54]  Download : 32/256
[22:35:54]  [FTP_RYU_TEST][id=4][DOWNLOAD] progress 32/256 chunk=180
[22:35:54]  Download : 33/256
[22:35:54]  [FTP_RYU_TEST][id=4][DOWNLOAD] progress 33/256 chunk=180
[22:35:55]  Download : 34/256
[22:35:55]  [FTP_RYU_TEST][id=4][DOWNLOAD] progress 34/256 chunk=180
[22:35:55]  Download : 35/256
[22:35:55]  [FTP_RYU_TEST][id=4][DOWNLOAD] progress 35/256 chunk=180
[22:35:56]  Download : 36/256
[22:35:56]  [FTP_RYU_TEST][id=4][DOWNLOAD] progress 36/256 chunk=180
[22:35:56]  Download : 37/256
[22:35:56]  [FTP_RYU_TEST][id=4][DOWNLOAD] progress 37/256 chunk=180
[22:35:57]  Download : 38/256
[22:35:57]  [FTP_RYU_TEST][id=4][DOWNLOAD] progress 38/256 chunk=180
[22:35:57]  Download : 39/256
[22:35:57]  [FTP_RYU_TEST][id=4][DOWNLOAD] progress 39/256 chunk=180
[22:35:57]  Download : 40/256
[22:35:57]  [FTP_RYU_TEST][id=4][DOWNLOAD] progress 40/256 chunk=180
[22:35:58]  Download : 41/256
[22:35:58]  [FTP_RYU_TEST][id=4][DOWNLOAD] progress 41/256 chunk=180
[22:35:59]  Download : 42/256
[22:35:59]  [FTP_RYU_TEST][id=4][DOWNLOAD] progress 42/256 chunk=180
[22:35:59]  Download : 43/256
[22:35:59]  [FTP_RYU_TEST][id=4][DOWNLOAD] progress 43/256 chunk=180
[22:35:59]  Download : 44/256
[22:35:59]  [FTP_RYU_TEST][id=4][DOWNLOAD] progress 44/256 chunk=180
[22:36:00]  Download : 45/256
[22:36:00]  [FTP_RYU_TEST][id=4][DOWNLOAD] progress 45/256 chunk=180
[22:36:01]  Download : 46/256
[22:36:01]  [FTP_RYU_TEST][id=4][DOWNLOAD] progress 46/256 chunk=180
[22:36:01]  Download : 47/256
[22:36:01]  [FTP_RYU_TEST][id=4][DOWNLOAD] progress 47/256 chunk=180
[22:36:01]  Download : 48/256
[22:36:01]  [FTP_RYU_TEST][id=4][DOWNLOAD] progress 48/256 chunk=180
[22:36:02]  Download : 49/256
[22:36:02]  [FTP_RYU_TEST][id=4][DOWNLOAD] progress 49/256 chunk=180
[22:36:03]  Download : 50/256
[22:36:03]  [FTP_RYU_TEST][id=4][DOWNLOAD] progress 50/256 chunk=180
[22:36:03]  Download : 51/256
[22:36:03]  [FTP_RYU_TEST][id=4][DOWNLOAD] progress 51/256 chunk=180
[22:36:03]  Download : 52/256
[22:36:03]  [FTP_RYU_TEST][id=4][DOWNLOAD] progress 52/256 chunk=180
[22:36:04]  Download : 53/256
[22:36:04]  [FTP_RYU_TEST][id=4][DOWNLOAD] progress 53/256 chunk=180
[22:36:04]  Download : 54/256
[22:36:04]  [FTP_RYU_TEST][id=4][DOWNLOAD] progress 54/256 chunk=180
[22:36:05]  Download : 55/256
[22:36:05]  [FTP_RYU_TEST][id=4][DOWNLOAD] progress 55/256 chunk=180
[22:36:05]  Download : 56/256
[22:36:05]  [FTP_RYU_TEST][id=4][DOWNLOAD] progress 56/256 chunk=180
[22:36:06]  Download : 57/256
[22:36:06]  [FTP_RYU_TEST][id=4][DOWNLOAD] progress 57/256 chunk=180
[22:36:06]  Download : 58/256
[22:36:06]  [FTP_RYU_TEST][id=4][DOWNLOAD] progress 58/256 chunk=180
[22:36:07]  Download : 59/256
[22:36:07]  [FTP_RYU_TEST][id=4][DOWNLOAD] progress 59/256 chunk=180
[22:36:07]  Download : 60/256
[22:36:07]  [FTP_RYU_TEST][id=4][DOWNLOAD] progress 60/256 chunk=180
[22:36:08]  Download : 61/256
[22:36:08]  [FTP_RYU_TEST][id=4][DOWNLOAD] progress 61/256 chunk=180
[22:36:08]  Download : 62/256
[22:36:08]  [FTP_RYU_TEST][id=4][DOWNLOAD] progress 62/256 chunk=180
[22:36:09]  Download : 63/256
[22:36:09]  [FTP_RYU_TEST][id=4][DOWNLOAD] progress 63/256 chunk=180
[22:36:09]  Download : 64/256
[22:36:09]  [FTP_RYU_TEST][id=4][DOWNLOAD] progress 64/256 chunk=180
[22:36:10]  Download : 65/256
[22:36:10]  [FTP_RYU_TEST][id=4][DOWNLOAD] progress 65/256 chunk=180
[22:36:10]  Download : 66/256
[22:36:10]  [FTP_RYU_TEST][id=4][DOWNLOAD] progress 66/256 chunk=180
[22:36:11]  Download : 67/256
[22:36:11]  [FTP_RYU_TEST][id=4][DOWNLOAD] progress 67/256 chunk=180
[22:36:11]  Download : 68/256
[22:36:11]  [FTP_RYU_TEST][id=4][DOWNLOAD] progress 68/256 chunk=180
[22:36:12]  Download : 69/256
[22:36:12]  [FTP_RYU_TEST][id=4][DOWNLOAD] progress 69/256 chunk=180
[22:36:12]  Download : 70/256
[22:36:12]  [FTP_RYU_TEST][id=4][DOWNLOAD] progress 70/256 chunk=180
[22:36:13]  Download : 71/256
[22:36:13]  [FTP_RYU_TEST][id=4][DOWNLOAD] progress 71/256 chunk=180
[22:36:13]  Download : 72/256
[22:36:13]  [FTP_RYU_TEST][id=4][DOWNLOAD] progress 72/256 chunk=180
[22:36:14]  Download : 73/256
[22:36:14]  [FTP_RYU_TEST][id=4][DOWNLOAD] progress 73/256 chunk=180
[22:36:14]  Download : 74/256
[22:36:14]  [FTP_RYU_TEST][id=4][DOWNLOAD] progress 74/256 chunk=180
[22:36:15]  Download : 75/256
[22:36:15]  [FTP_RYU_TEST][id=4][DOWNLOAD] progress 75/256 chunk=180
[22:36:15]  Download : 76/256
[22:36:15]  [FTP_RYU_TEST][id=4][DOWNLOAD] progress 76/256 chunk=180
[22:36:16]  Download : 77/256
[22:36:16]  [FTP_RYU_TEST][id=4][DOWNLOAD] progress 77/256 chunk=180
[22:36:16]  Download : 78/256
[22:36:16]  [FTP_RYU_TEST][id=4][DOWNLOAD] progress 78/256 chunk=180
[22:36:17]  Download : 79/256
[22:36:17]  [FTP_RYU_TEST][id=4][DOWNLOAD] progress 79/256 chunk=180
[22:36:17]  Download : 80/256
[22:36:17]  [FTP_RYU_TEST][id=4][DOWNLOAD] progress 80/256 chunk=180
[22:36:18]  Download : 81/256
[22:36:18]  [FTP_RYU_TEST][id=4][DOWNLOAD] progress 81/256 chunk=180
[22:36:18]  Download : 82/256
[22:36:18]  [FTP_RYU_TEST][id=4][DOWNLOAD] progress 82/256 chunk=180
[22:36:19]  Download : 83/256
[22:36:19]  [FTP_RYU_TEST][id=4][DOWNLOAD] progress 83/256 chunk=180
[22:36:19]  Download : 84/256
[22:36:19]  [FTP_RYU_TEST][id=4][DOWNLOAD] progress 84/256 chunk=180
[22:36:20]  Download : 85/256
[22:36:20]  [FTP_RYU_TEST][id=4][DOWNLOAD] progress 85/256 chunk=180
[22:36:20]  Download : 86/256
[22:36:20]  [FTP_RYU_TEST][id=4][DOWNLOAD] progress 86/256 chunk=180
[22:36:20]  Download : 87/256
[22:36:20]  [FTP_RYU_TEST][id=4][DOWNLOAD] progress 87/256 chunk=180
[22:36:21]  Download : 88/256
[22:36:21]  [FTP_RYU_TEST][id=4][DOWNLOAD] progress 88/256 chunk=180
[22:36:22]  Download : 89/256
[22:36:22]  [FTP_RYU_TEST][id=4][DOWNLOAD] progress 89/256 chunk=180
[22:36:22]  Download : 90/256
[22:36:22]  [FTP_RYU_TEST][id=4][DOWNLOAD] progress 90/256 chunk=180
[22:36:22]  Download : 91/256
[22:36:22]  [FTP_RYU_TEST][id=4][DOWNLOAD] progress 91/256 chunk=180
[22:36:23]  Download : 92/256
[22:36:23]  [FTP_RYU_TEST][id=4][DOWNLOAD] progress 92/256 chunk=180
[22:36:24]  Download : 93/256
[22:36:24]  [FTP_RYU_TEST][id=4][DOWNLOAD] progress 93/256 chunk=180
[22:36:24]  Download : 94/256
[22:36:24]  [FTP_RYU_TEST][id=4][DOWNLOAD] progress 94/256 chunk=180
[22:36:24]  Download : 95/256
[22:36:24]  [FTP_RYU_TEST][id=4][DOWNLOAD] progress 95/256 chunk=180
[22:36:25]  Download : 96/256
[22:36:25]  [FTP_RYU_TEST][id=4][DOWNLOAD] progress 96/256 chunk=180
[22:36:26]  Download : 97/256
[22:36:26]  [FTP_RYU_TEST][id=4][DOWNLOAD] progress 97/256 chunk=180
[22:36:26]  Download : 98/256
[22:36:26]  [FTP_RYU_TEST][id=4][DOWNLOAD] progress 98/256 chunk=180
[22:36:26]  Download : 99/256
[22:36:26]  [FTP_RYU_TEST][id=4][DOWNLOAD] progress 99/256 chunk=180
[22:36:27]  Download : 100/256
[22:36:27]  [FTP_RYU_TEST][id=4][DOWNLOAD] progress 100/256 chunk=180
[22:36:27]  Download : 101/256
[22:36:27]  [FTP_RYU_TEST][id=4][DOWNLOAD] progress 101/256 chunk=180
[22:36:28]  Download : 102/256
[22:36:28]  [FTP_RYU_TEST][id=4][DOWNLOAD] progress 102/256 chunk=180
[22:36:28]  Download : 103/256
[22:36:28]  [FTP_RYU_TEST][id=4][DOWNLOAD] progress 103/256 chunk=180
[22:36:29]  Download : 104/256
[22:36:29]  [FTP_RYU_TEST][id=4][DOWNLOAD] progress 104/256 chunk=180
[22:36:29]  Download : 105/256
[22:36:29]  [FTP_RYU_TEST][id=4][DOWNLOAD] progress 105/256 chunk=180
[22:36:30]  Download : 106/256
[22:36:30]  [FTP_RYU_TEST][id=4][DOWNLOAD] progress 106/256 chunk=180
[22:36:30]  Download : 107/256
[22:36:30]  [FTP_RYU_TEST][id=4][DOWNLOAD] progress 107/256 chunk=180
[22:36:31]  Download : 108/256
[22:36:31]  [FTP_RYU_TEST][id=4][DOWNLOAD] progress 108/256 chunk=180
[22:36:31]  Download : 109/256
[22:36:31]  [FTP_RYU_TEST][id=4][DOWNLOAD] progress 109/256 chunk=180
[22:36:32]  Download : 110/256
[22:36:32]  [FTP_RYU_TEST][id=4][DOWNLOAD] progress 110/256 chunk=180
[22:36:32]  Download : 111/256
[22:36:32]  [FTP_RYU_TEST][id=4][DOWNLOAD] progress 111/256 chunk=180
[22:36:33]  Download : 112/256
[22:36:33]  [FTP_RYU_TEST][id=4][DOWNLOAD] progress 112/256 chunk=180
[22:36:33]  Download : 113/256
[22:36:33]  [FTP_RYU_TEST][id=4][DOWNLOAD] progress 113/256 chunk=180
[22:36:34]  Download : 114/256
[22:36:34]  [FTP_RYU_TEST][id=4][DOWNLOAD] progress 114/256 chunk=180
[22:36:34]  Download : 115/256
[22:36:34]  [FTP_RYU_TEST][id=4][DOWNLOAD] progress 115/256 chunk=180
[22:36:35]  Download : 116/256
[22:36:35]  [FTP_RYU_TEST][id=4][DOWNLOAD] progress 116/256 chunk=180
[22:36:35]  Download : 117/256
[22:36:35]  [FTP_RYU_TEST][id=4][DOWNLOAD] progress 117/256 chunk=180
[22:36:36]  Download : 118/256
[22:36:36]  [FTP_RYU_TEST][id=4][DOWNLOAD] progress 118/256 chunk=180
[22:36:36]  Download : 119/256
[22:36:36]  [FTP_RYU_TEST][id=4][DOWNLOAD] progress 119/256 chunk=180
[22:36:36]  Download : 120/256
[22:36:36]  [FTP_RYU_TEST][id=4][DOWNLOAD] progress 120/256 chunk=180
[22:36:37]  Download : 121/256
[22:36:37]  [FTP_RYU_TEST][id=4][DOWNLOAD] progress 121/256 chunk=180
[22:36:38]  Download : 122/256
[22:36:38]  [FTP_RYU_TEST][id=4][DOWNLOAD] progress 122/256 chunk=180
[22:36:38]  Download : 123/256
[22:36:38]  [FTP_RYU_TEST][id=4][DOWNLOAD] progress 123/256 chunk=180
[22:36:38]  Download : 124/256
[22:36:38]  [FTP_RYU_TEST][id=4][DOWNLOAD] progress 124/256 chunk=180
[22:36:39]  Download : 125/256
[22:36:39]  [FTP_RYU_TEST][id=4][DOWNLOAD] progress 125/256 chunk=180
[22:36:40]  Download : 126/256
[22:36:40]  [FTP_RYU_TEST][id=4][DOWNLOAD] progress 126/256 chunk=180
[22:36:40]  Download : 127/256
[22:36:40]  [FTP_RYU_TEST][id=4][DOWNLOAD] progress 127/256 chunk=180
[22:36:40]  Download : 128/256
[22:36:40]  [FTP_RYU_TEST][id=4][DOWNLOAD] progress 128/256 chunk=180
[22:36:41]  Download : 129/256
[22:36:41]  [FTP_RYU_TEST][id=4][DOWNLOAD] progress 129/256 chunk=180
[22:36:42]  Download : 130/256
[22:36:42]  [FTP_RYU_TEST][id=4][DOWNLOAD] progress 130/256 chunk=180
[22:36:42]  Download : 131/256
[22:36:42]  [FTP_RYU_TEST][id=4][DOWNLOAD] progress 131/256 chunk=180
[22:36:42]  Download : 132/256
[22:36:42]  [FTP_RYU_TEST][id=4][DOWNLOAD] progress 132/256 chunk=180
[22:36:43]  Download : 133/256
[22:36:43]  [FTP_RYU_TEST][id=4][DOWNLOAD] progress 133/256 chunk=180
[22:36:43]  Download : 134/256
[22:36:43]  [FTP_RYU_TEST][id=4][DOWNLOAD] progress 134/256 chunk=180
[22:36:44]  Download : 135/256
[22:36:44]  [FTP_RYU_TEST][id=4][DOWNLOAD] progress 135/256 chunk=180
[22:36:44]  Download : 136/256
[22:36:44]  [FTP_RYU_TEST][id=4][DOWNLOAD] progress 136/256 chunk=180
[22:36:45]  Download : 137/256
[22:36:45]  [FTP_RYU_TEST][id=4][DOWNLOAD] progress 137/256 chunk=180
[22:36:45]  Download : 138/256
[22:36:45]  [FTP_RYU_TEST][id=4][DOWNLOAD] progress 138/256 chunk=180
[22:36:46]  Download : 139/256
[22:36:46]  [FTP_RYU_TEST][id=4][DOWNLOAD] progress 139/256 chunk=180
[22:36:46]  Download : 140/256
[22:36:46]  [FTP_RYU_TEST][id=4][DOWNLOAD] progress 140/256 chunk=180
[22:36:47]  Download : 141/256
[22:36:47]  [FTP_RYU_TEST][id=4][DOWNLOAD] progress 141/256 chunk=180
[22:36:47]  Download : 142/256
[22:36:47]  [FTP_RYU_TEST][id=4][DOWNLOAD] progress 142/256 chunk=180
[22:36:48]  Download : 143/256
[22:36:48]  [FTP_RYU_TEST][id=4][DOWNLOAD] progress 143/256 chunk=180
[22:36:48]  Download : 144/256
[22:36:48]  [FTP_RYU_TEST][id=4][DOWNLOAD] progress 144/256 chunk=180
[22:36:49]  Download : 145/256
[22:36:49]  [FTP_RYU_TEST][id=4][DOWNLOAD] progress 145/256 chunk=180
[22:36:49]  Download : 146/256
[22:36:49]  [FTP_RYU_TEST][id=4][DOWNLOAD] progress 146/256 chunk=180
[22:36:50]  Download : 147/256
[22:36:50]  [FTP_RYU_TEST][id=4][DOWNLOAD] progress 147/256 chunk=180
[22:36:50]  Download : 148/256
[22:36:50]  [FTP_RYU_TEST][id=4][DOWNLOAD] progress 148/256 chunk=180
[22:36:51]  Download : 149/256
[22:36:51]  [FTP_RYU_TEST][id=4][DOWNLOAD] progress 149/256 chunk=180
[22:36:51]  Download : 150/256
[22:36:51]  [FTP_RYU_TEST][id=4][DOWNLOAD] progress 150/256 chunk=180
[22:36:52]  Download : 151/256
[22:36:52]  [FTP_RYU_TEST][id=4][DOWNLOAD] progress 151/256 chunk=180
[22:36:52]  Download : 152/256
[22:36:52]  [FTP_RYU_TEST][id=4][DOWNLOAD] progress 152/256 chunk=180
[22:36:53]  Download : 153/256
[22:36:53]  [FTP_RYU_TEST][id=4][DOWNLOAD] progress 153/256 chunk=180
[22:36:53]  Download : 154/256
[22:36:53]  [FTP_RYU_TEST][id=4][DOWNLOAD] progress 154/256 chunk=180
[22:36:54]  Download : 155/256
[22:36:54]  [FTP_RYU_TEST][id=4][DOWNLOAD] progress 155/256 chunk=180
[22:36:54]  Download : 156/256
[22:36:54]  [FTP_RYU_TEST][id=4][DOWNLOAD] progress 156/256 chunk=180
[22:36:55]  Download : 157/256
[22:36:55]  [FTP_RYU_TEST][id=4][DOWNLOAD] progress 157/256 chunk=180
[22:36:55]  Download : 158/256
[22:36:55]  [FTP_RYU_TEST][id=4][DOWNLOAD] progress 158/256 chunk=180
[22:36:56]  Download : 159/256
[22:36:56]  [FTP_RYU_TEST][id=4][DOWNLOAD] progress 159/256 chunk=180
[22:36:56]  Download : 160/256
[22:36:56]  [FTP_RYU_TEST][id=4][DOWNLOAD] progress 160/256 chunk=180
[22:36:57]  Download : 161/256
[22:36:57]  [FTP_RYU_TEST][id=4][DOWNLOAD] progress 161/256 chunk=180
[22:36:57]  Download : 162/256
[22:36:57]  [FTP_RYU_TEST][id=4][DOWNLOAD] progress 162/256 chunk=180
[22:36:58]  Download : 163/256
[22:36:58]  [FTP_RYU_TEST][id=4][DOWNLOAD] progress 163/256 chunk=180
[22:36:58]  Download : 164/256
[22:36:58]  [FTP_RYU_TEST][id=4][DOWNLOAD] progress 164/256 chunk=180
[22:36:59]  Download : 165/256
[22:36:59]  [FTP_RYU_TEST][id=4][DOWNLOAD] progress 165/256 chunk=180
[22:36:59]  Download : 166/256
[22:36:59]  [FTP_RYU_TEST][id=4][DOWNLOAD] progress 166/256 chunk=180
[22:36:59]  Download : 167/256
[22:36:59]  [FTP_RYU_TEST][id=4][DOWNLOAD] progress 167/256 chunk=180
[22:37:00]  Download : 168/256
[22:37:00]  [FTP_RYU_TEST][id=4][DOWNLOAD] progress 168/256 chunk=180
[22:37:01]  Download : 169/256
[22:37:01]  [FTP_RYU_TEST][id=4][DOWNLOAD] progress 169/256 chunk=180
[22:37:01]  Download : 170/256
[22:37:01]  [FTP_RYU_TEST][id=4][DOWNLOAD] progress 170/256 chunk=180
[22:37:01]  Download : 171/256
[22:37:01]  [FTP_RYU_TEST][id=4][DOWNLOAD] progress 171/256 chunk=180
[22:37:02]  Download : 172/256
[22:37:02]  [FTP_RYU_TEST][id=4][DOWNLOAD] progress 172/256 chunk=180
[22:37:03]  Download : 173/256
[22:37:03]  [FTP_RYU_TEST][id=4][DOWNLOAD] progress 173/256 chunk=180
[22:37:03]  Download : 174/256
[22:37:03]  [FTP_RYU_TEST][id=4][DOWNLOAD] progress 174/256 chunk=180
[22:37:03]  Download : 175/256
[22:37:03]  [FTP_RYU_TEST][id=4][DOWNLOAD] progress 175/256 chunk=180
[22:37:04]  Download : 176/256
[22:37:04]  [FTP_RYU_TEST][id=4][DOWNLOAD] progress 176/256 chunk=180
[22:37:05]  Download : 177/256
[22:37:05]  [FTP_RYU_TEST][id=4][DOWNLOAD] progress 177/256 chunk=180
[22:37:05]  Download : 178/256
[22:37:05]  [FTP_RYU_TEST][id=4][DOWNLOAD] progress 178/256 chunk=180
[22:37:05]  Download : 179/256
[22:37:05]  [FTP_RYU_TEST][id=4][DOWNLOAD] progress 179/256 chunk=180
[22:37:06]  Download : 180/256
[22:37:06]  [FTP_RYU_TEST][id=4][DOWNLOAD] progress 180/256 chunk=180
[22:37:06]  Download : 181/256
[22:37:06]  [FTP_RYU_TEST][id=4][DOWNLOAD] progress 181/256 chunk=180
[22:37:07]  Download : 182/256
[22:37:07]  [FTP_RYU_TEST][id=4][DOWNLOAD] progress 182/256 chunk=180
[22:37:07]  Download : 183/256
[22:37:07]  [FTP_RYU_TEST][id=4][DOWNLOAD] progress 183/256 chunk=180
[22:37:08]  Download : 184/256
[22:37:08]  [FTP_RYU_TEST][id=4][DOWNLOAD] progress 184/256 chunk=180
[22:37:08]  Download : 185/256
[22:37:08]  [FTP_RYU_TEST][id=4][DOWNLOAD] progress 185/256 chunk=180
[22:37:09]  Download : 186/256
[22:37:09]  [FTP_RYU_TEST][id=4][DOWNLOAD] progress 186/256 chunk=180
[22:37:09]  Download : 187/256
[22:37:09]  [FTP_RYU_TEST][id=4][DOWNLOAD] progress 187/256 chunk=180
[22:37:10]  Download : 188/256
[22:37:10]  [FTP_RYU_TEST][id=4][DOWNLOAD] progress 188/256 chunk=180
[22:37:10]  Download : 189/256
[22:37:10]  [FTP_RYU_TEST][id=4][DOWNLOAD] progress 189/256 chunk=180
[22:37:11]  Download : 190/256
[22:37:11]  [FTP_RYU_TEST][id=4][DOWNLOAD] progress 190/256 chunk=180
[22:37:11]  Download : 191/256
[22:37:11]  [FTP_RYU_TEST][id=4][DOWNLOAD] progress 191/256 chunk=180
[22:37:12]  Download : 192/256
[22:37:12]  [FTP_RYU_TEST][id=4][DOWNLOAD] progress 192/256 chunk=180
[22:37:12]  Download : 193/256
[22:37:12]  [FTP_RYU_TEST][id=4][DOWNLOAD] progress 193/256 chunk=180
[22:37:13]  Download : 194/256
[22:37:13]  [FTP_RYU_TEST][id=4][DOWNLOAD] progress 194/256 chunk=180
[22:37:13]  Download : 195/256
[22:37:13]  [FTP_RYU_TEST][id=4][DOWNLOAD] progress 195/256 chunk=180
[22:37:14]  Download : 196/256
[22:37:14]  [FTP_RYU_TEST][id=4][DOWNLOAD] progress 196/256 chunk=180
[22:37:14]  Download : 197/256
[22:37:14]  [FTP_RYU_TEST][id=4][DOWNLOAD] progress 197/256 chunk=180
[22:37:15]  Download : 198/256
[22:37:15]  [FTP_RYU_TEST][id=4][DOWNLOAD] progress 198/256 chunk=180
[22:37:15]  Download : 199/256
[22:37:15]  [FTP_RYU_TEST][id=4][DOWNLOAD] progress 199/256 chunk=180
[22:37:15]  Download : 200/256
[22:37:15]  [FTP_RYU_TEST][id=4][DOWNLOAD] progress 200/256 chunk=180
[22:37:16]  Download : 201/256
[22:37:16]  [FTP_RYU_TEST][id=4][DOWNLOAD] progress 201/256 chunk=180
[22:37:17]  Download : 202/256
[22:37:17]  [FTP_RYU_TEST][id=4][DOWNLOAD] progress 202/256 chunk=180
[22:37:17]  Download : 203/256
[22:37:17]  [FTP_RYU_TEST][id=4][DOWNLOAD] progress 203/256 chunk=180
[22:37:17]  Download : 204/256
[22:37:17]  [FTP_RYU_TEST][id=4][DOWNLOAD] progress 204/256 chunk=180
[22:37:18]  Download : 205/256
[22:37:18]  [FTP_RYU_TEST][id=4][DOWNLOAD] progress 205/256 chunk=180
[22:37:19]  Download : 206/256
[22:37:19]  [FTP_RYU_TEST][id=4][DOWNLOAD] progress 206/256 chunk=180
[22:37:19]  Download : 207/256
[22:37:19]  [FTP_RYU_TEST][id=4][DOWNLOAD] progress 207/256 chunk=180
[22:37:19]  Download : 208/256
[22:37:19]  [FTP_RYU_TEST][id=4][DOWNLOAD] progress 208/256 chunk=180
[22:37:20]  Download : 209/256
[22:37:20]  [FTP_RYU_TEST][id=4][DOWNLOAD] progress 209/256 chunk=180
[22:37:21]  Download : 210/256
[22:37:21]  [FTP_RYU_TEST][id=4][DOWNLOAD] progress 210/256 chunk=180
[22:37:21]  Download : 211/256
[22:37:21]  [FTP_RYU_TEST][id=4][DOWNLOAD] progress 211/256 chunk=180
[22:37:21]  Download : 212/256
[22:37:21]  [FTP_RYU_TEST][id=4][DOWNLOAD] progress 212/256 chunk=180
[22:37:22]  Download : 213/256
[22:37:22]  [FTP_RYU_TEST][id=4][DOWNLOAD] progress 213/256 chunk=180
[22:37:22]  Download : 214/256
[22:37:22]  [FTP_RYU_TEST][id=4][DOWNLOAD] progress 214/256 chunk=180
[22:37:23]  Download : 215/256
[22:37:23]  [FTP_RYU_TEST][id=4][DOWNLOAD] progress 215/256 chunk=180
[22:37:23]  Download : 216/256
[22:37:23]  [FTP_RYU_TEST][id=4][DOWNLOAD] progress 216/256 chunk=180
[22:37:24]  Download : 217/256
[22:37:24]  [FTP_RYU_TEST][id=4][DOWNLOAD] progress 217/256 chunk=180
[22:37:24]  Download : 218/256
[22:37:24]  [FTP_RYU_TEST][id=4][DOWNLOAD] progress 218/256 chunk=180
[22:37:25]  Download : 219/256
[22:37:25]  [FTP_RYU_TEST][id=4][DOWNLOAD] progress 219/256 chunk=180
[22:37:25]  Download : 220/256
[22:37:25]  [FTP_RYU_TEST][id=4][DOWNLOAD] progress 220/256 chunk=180
[22:37:26]  Download : 221/256
[22:37:26]  [FTP_RYU_TEST][id=4][DOWNLOAD] progress 221/256 chunk=180
[22:37:26]  Download : 222/256
[22:37:26]  [FTP_RYU_TEST][id=4][DOWNLOAD] progress 222/256 chunk=180
[22:37:27]  Download : 223/256
[22:37:27]  [FTP_RYU_TEST][id=4][DOWNLOAD] progress 223/256 chunk=180
[22:37:27]  Download : 224/256
[22:37:27]  [FTP_RYU_TEST][id=4][DOWNLOAD] progress 224/256 chunk=180
[22:37:28]  Download : 225/256
[22:37:28]  [FTP_RYU_TEST][id=4][DOWNLOAD] progress 225/256 chunk=180
[22:37:28]  Download : 226/256
[22:37:28]  [FTP_RYU_TEST][id=4][DOWNLOAD] progress 226/256 chunk=180
[22:37:29]  Download : 227/256
[22:37:29]  [FTP_RYU_TEST][id=4][DOWNLOAD] progress 227/256 chunk=180
[22:37:29]  Download : 228/256
[22:37:29]  [FTP_RYU_TEST][id=4][DOWNLOAD] progress 228/256 chunk=180
[22:37:30]  Download : 229/256
[22:37:30]  [FTP_RYU_TEST][id=4][DOWNLOAD] progress 229/256 chunk=180
[22:37:30]  Download : 230/256
[22:37:30]  [FTP_RYU_TEST][id=4][DOWNLOAD] progress 230/256 chunk=180
[22:37:31]  Download : 231/256
[22:37:31]  [FTP_RYU_TEST][id=4][DOWNLOAD] progress 231/256 chunk=180
[22:37:31]  Download : 232/256
[22:37:31]  [FTP_RYU_TEST][id=4][DOWNLOAD] progress 232/256 chunk=180
[22:37:32]  Download : 233/256
[22:37:32]  [FTP_RYU_TEST][id=4][DOWNLOAD] progress 233/256 chunk=180
[22:37:32]  Download : 234/256
[22:37:32]  [FTP_RYU_TEST][id=4][DOWNLOAD] progress 234/256 chunk=180
[22:37:33]  Download : 235/256
[22:37:33]  [FTP_RYU_TEST][id=4][DOWNLOAD] progress 235/256 chunk=180
[22:37:33]  Download : 236/256
[22:37:33]  [FTP_RYU_TEST][id=4][DOWNLOAD] progress 236/256 chunk=180
[22:37:34]  Download : 237/256
[22:37:34]  [FTP_RYU_TEST][id=4][DOWNLOAD] progress 237/256 chunk=180
[22:37:34]  Download : 238/256
[22:37:34]  [FTP_RYU_TEST][id=4][DOWNLOAD] progress 238/256 chunk=180
[22:37:35]  Download : 239/256
[22:37:35]  [FTP_RYU_TEST][id=4][DOWNLOAD] progress 239/256 chunk=180
[22:37:35]  Download : 240/256
[22:37:35]  [FTP_RYU_TEST][id=4][DOWNLOAD] progress 240/256 chunk=180
[22:37:36]  Download : 241/256
[22:37:36]  [FTP_RYU_TEST][id=4][DOWNLOAD] progress 241/256 chunk=180
[22:37:36]  Download : 242/256
[22:37:36]  [FTP_RYU_TEST][id=4][DOWNLOAD] progress 242/256 chunk=180
[22:37:37]  Download : 243/256
[22:37:37]  [FTP_RYU_TEST][id=4][DOWNLOAD] progress 243/256 chunk=180
[22:37:37]  Download : 244/256
[22:37:37]  [FTP_RYU_TEST][id=4][DOWNLOAD] progress 244/256 chunk=180
[22:37:38]  Download : 245/256
[22:37:38]  [FTP_RYU_TEST][id=4][DOWNLOAD] progress 245/256 chunk=180
[22:37:38]  Download : 246/256
[22:37:38]  [FTP_RYU_TEST][id=4][DOWNLOAD] progress 246/256 chunk=180
[22:37:38]  Download : 247/256
[22:37:38]  [FTP_RYU_TEST][id=4][DOWNLOAD] progress 247/256 chunk=180
[22:37:39]  Download : 248/256
[22:37:39]  [FTP_RYU_TEST][id=4][DOWNLOAD] progress 248/256 chunk=180
[22:37:40]  Download : 249/256
[22:37:40]  [FTP_RYU_TEST][id=4][DOWNLOAD] progress 249/256 chunk=180
[22:37:40]  Download : 250/256
[22:37:40]  [FTP_RYU_TEST][id=4][DOWNLOAD] progress 250/256 chunk=180
[22:37:40]  Download : 251/256
[22:37:40]  [FTP_RYU_TEST][id=4][DOWNLOAD] progress 251/256 chunk=180
[22:37:41]  Download : 252/256
[22:37:41]  [FTP_RYU_TEST][id=4][DOWNLOAD] progress 252/256 chunk=180
[22:37:42]  Download : 253/256
[22:37:42]  [FTP_RYU_TEST][id=4][DOWNLOAD] progress 253/256 chunk=180
[22:37:42]  Download : 254/256
[22:37:42]  [FTP_RYU_TEST][id=4][DOWNLOAD] progress 254/256 chunk=180
[22:37:42]  Download : 255/256
[22:37:42]  [FTP_RYU_TEST][id=4][DOWNLOAD] progress 255/256 chunk=180
[22:37:43]  FTP Transaction Completed.
[22:37:43]  Calculate FTP CRC. Remote : 2142142446, Local : 2142142446.
[22:37:43]  [FTP_RYU_TEST][id=4][DOWNLOAD] CRC remote=2142142446 local=2142142446
[22:37:43]  [FTP_RYU_TEST][id=4][DOWNLOAD][OK] retcode=0
[22:37:43]  [FTP_RYU_TEST][id=4][DOWNLOAD] cleanup_done=1
[22:38:06]  Ping Success at node 5, 448ms
[22:38:14]  [OK]CMD Packet Header: 0x18 0x65 0xc0 0x0 0x0 0x1 0x0 0x43
[22:38:57]  Start FTP RYU DOWNLOAD id=5.
[22:38:57]  [FTP_RYU_TEST][id=5][DOWNLOAD] begin local=file://./jaaannneee.so remote=file://./cf/ci_lab.so host=10 port=9 chunk=180
[22:39:00]  Received FTP Download Spec.
[22:39:00]  Received FTP Download Spec. Filesize : 45908, CRC : 4001345151.
[22:39:00]  Received FTP Status Request.
[22:39:00]  Start FTP Downlink. Total Chunk Size : 256
[22:39:01]  Download : 0/256
[22:39:01]  [FTP_RYU_TEST][id=5][DOWNLOAD] progress 0/256 chunk=180
[22:39:01]  Download : 1/256
[22:39:01]  [FTP_RYU_TEST][id=5][DOWNLOAD] progress 1/256 chunk=180
[22:39:02]  Download : 2/256
[22:39:02]  [FTP_RYU_TEST][id=5][DOWNLOAD] progress 2/256 chunk=180
[22:39:02]  Download : 3/256
[22:39:02]  [FTP_RYU_TEST][id=5][DOWNLOAD] progress 3/256 chunk=180
[22:39:02]  Download : 4/256
[22:39:02]  [FTP_RYU_TEST][id=5][DOWNLOAD] progress 4/256 chunk=180
[22:39:03]  Download : 5/256
[22:39:03]  [FTP_RYU_TEST][id=5][DOWNLOAD] progress 5/256 chunk=180
[22:39:04]  Download : 6/256
[22:39:04]  [FTP_RYU_TEST][id=5][DOWNLOAD] progress 6/256 chunk=180
[22:39:04]  Download : 7/256
[22:39:04]  [FTP_RYU_TEST][id=5][DOWNLOAD] progress 7/256 chunk=180
[22:39:04]  Download : 8/256
[22:39:04]  [FTP_RYU_TEST][id=5][DOWNLOAD] progress 8/256 chunk=180
[22:39:05]  Download : 9/256
[22:39:05]  [FTP_RYU_TEST][id=5][DOWNLOAD] progress 9/256 chunk=180
[22:39:05]  Download : 10/256
[22:39:05]  [FTP_RYU_TEST][id=5][DOWNLOAD] progress 10/256 chunk=180
[22:39:06]  Download : 11/256
[22:39:06]  [FTP_RYU_TEST][id=5][DOWNLOAD] progress 11/256 chunk=180
[22:39:06]  Download : 12/256
[22:39:06]  [FTP_RYU_TEST][id=5][DOWNLOAD] progress 12/256 chunk=180
[22:39:07]  Download : 13/256
[22:39:07]  [FTP_RYU_TEST][id=5][DOWNLOAD] progress 13/256 chunk=180
[22:39:07]  Download : 14/256
[22:39:07]  [FTP_RYU_TEST][id=5][DOWNLOAD] progress 14/256 chunk=180
[22:39:08]  Download : 15/256
[22:39:08]  [FTP_RYU_TEST][id=5][DOWNLOAD] progress 15/256 chunk=180
[22:39:08]  Download : 16/256
[22:39:08]  [FTP_RYU_TEST][id=5][DOWNLOAD] progress 16/256 chunk=180
[22:40:09]  [FTP_RYU_TEST][id=5][DOWNLOAD][ERROR] retcode=-110
[22:40:09]  [FTP_RYU_TEST][id=5][DOWNLOAD] cleanup_done=1
[22:40:19]  Start FTP RYU DOWNLOAD id=6.
[22:40:19]  [FTP_RYU_TEST][id=6][DOWNLOAD] begin local=file://./jaaannneee.so remote=file://./cf/ci_lab.so host=10 port=9 chunk=180
[22:40:21]  Received FTP Download Spec.
[22:40:21]  Received FTP Download Spec. Filesize : 45908, CRC : 4001345151.
[22:40:21]  Received FTP Status Request.
[22:40:21]  Restart FTP Downlink from chunk : 17, to total : 256
[22:40:22]  Download : 17/256
[22:40:22]  [FTP_RYU_TEST][id=6][DOWNLOAD] progress 17/256 chunk=180
[22:40:23]  Download : 18/256
[22:40:23]  [FTP_RYU_TEST][id=6][DOWNLOAD] progress 18/256 chunk=180
[22:40:23]  Download : 19/256
[22:40:23]  [FTP_RYU_TEST][id=6][DOWNLOAD] progress 19/256 chunk=180
[22:40:23]  Download : 20/256
[22:40:23]  [FTP_RYU_TEST][id=6][DOWNLOAD] progress 20/256 chunk=180
[22:40:24]  Download : 21/256
[22:40:24]  [FTP_RYU_TEST][id=6][DOWNLOAD] progress 21/256 chunk=180
[22:40:24]  Download : 22/256
[22:40:24]  [FTP_RYU_TEST][id=6][DOWNLOAD] progress 22/256 chunk=180
[22:40:25]  Download : 23/256
[22:40:25]  [FTP_RYU_TEST][id=6][DOWNLOAD] progress 23/256 chunk=180
[22:40:25]  Download : 24/256
[22:40:25]  [FTP_RYU_TEST][id=6][DOWNLOAD] progress 24/256 chunk=180
[22:40:26]  Download : 25/256
[22:40:26]  [FTP_RYU_TEST][id=6][DOWNLOAD] progress 25/256 chunk=180
[22:40:27]  Download : 26/256
[22:40:27]  [FTP_RYU_TEST][id=6][DOWNLOAD] progress 26/256 chunk=180
[22:40:27]  Download : 27/256
[22:40:27]  [FTP_RYU_TEST][id=6][DOWNLOAD] progress 27/256 chunk=180
[22:40:27]  Download : 28/256
[22:40:27]  [FTP_RYU_TEST][id=6][DOWNLOAD] progress 28/256 chunk=180
[22:40:28]  Download : 29/256
[22:40:28]  [FTP_RYU_TEST][id=6][DOWNLOAD] progress 29/256 chunk=180
[22:40:29]  Download : 30/256
[22:40:29]  [FTP_RYU_TEST][id=6][DOWNLOAD] progress 30/256 chunk=180
[22:40:29]  Download : 31/256
[22:40:29]  [FTP_RYU_TEST][id=6][DOWNLOAD] progress 31/256 chunk=180
[22:40:29]  Download : 32/256
[22:40:29]  [FTP_RYU_TEST][id=6][DOWNLOAD] progress 32/256 chunk=180
[22:40:30]  Download : 33/256
[22:40:30]  [FTP_RYU_TEST][id=6][DOWNLOAD] progress 33/256 chunk=180
[22:40:30]  Download : 34/256
[22:40:30]  [FTP_RYU_TEST][id=6][DOWNLOAD] progress 34/256 chunk=180
[22:40:31]  Download : 35/256
[22:40:31]  [FTP_RYU_TEST][id=6][DOWNLOAD] progress 35/256 chunk=180
[22:40:31]  Download : 36/256
[22:40:31]  [FTP_RYU_TEST][id=6][DOWNLOAD] progress 36/256 chunk=180
[22:40:32]  Download : 37/256
[22:40:32]  [FTP_RYU_TEST][id=6][DOWNLOAD] progress 37/256 chunk=180
[22:41:32]  [FTP_RYU_TEST][id=6][DOWNLOAD][ERROR] retcode=-110
[22:41:32]  [FTP_RYU_TEST][id=6][DOWNLOAD] cleanup_done=1
