2026-02-10 11:52
[11:52:32]  Connect to Switch Box.............Success.
[11:52:32]  Connect to Rotator................Success.
[11:52:32]  Connect to GS100..................Success.
[11:52:32]  TM Port 13 bind success.
[11:52:32]  BCN Port 31 bind success.
[11:52:32]  RPT Port 25 bind success.
[11:52:32]  Event Port 27 bind success.
[11:52:32]  COSMIC Beacon Port 23 bind success.
[11:52:32]  COSMIC Report Port 24 bind success.
[11:52:39]  TLE "cubesat" Download Completed.
[11:52:52]  TLE "active" Download Completed.
[11:52:58]  Start Engaging.
[11:52:58]  Tracking : Az 42, El 13.
[11:52:59]  Start Doppler Correction.
[11:53:00]  Tracking : Az 42, El 13.
[11:53:01]  Forked Safe Amplifier Process.(ON, Timer)
[11:53:03]  Ping Success at node 5, 471ms
[11:53:08]  Tracking : Az 40, El 12.
[11:53:12]  [OK]CMD Packet Header: 0x18 0x75 0xc0 0x0 0x0 0x1 0x14 0x47
[11:53:13]  Received Report from port : 25.
[11:53:15]  Received Report from port : 25.
[11:53:17]  Received Report from port : 25.
[11:53:20]  Tracking : Az 37, El 12.
[11:53:33]  Tracking : Az 34, El 11.
[11:53:34]  [OK]CMD Packet Header: 0x18 0x75 0xc0 0x0 0x0 0x5 0x1e 0x49
[11:53:35]  Received Report from port : 25.
[11:53:37]  Received Report from port : 25.
[11:53:39]  Received Report from port : 25.
[11:53:48]  Tracking : Az 31, El 10.
[11:53:50]  [OK]CMD Packet Header: 0x18 0x50 0xc0 0x0 0x0 0x1 0x6 0x70
[11:54:01]  [OK]CMD Packet Header: 0x18 0x50 0xc0 0x0 0x0 0x1 0x6 0x70
[11:54:02]  Received Report from port : 25.
[11:54:04]  Tracking : Az 28, El 9.
[11:54:04]  Received Report from port : 25.
[11:54:06]  Received Report from port : 25.
[11:54:12]  [OK]CMD Packet Header: 0x18 0x75 0xc0 0x0 0x0 0x1 0x14 0x47
[11:54:13]  Received Report from port : 25.
[11:54:15]  Received Report from port : 25.
[11:54:17]  Received Report from port : 25.
[11:54:21]  Tracking : Az 25, El 8.
[11:54:40]  Tracking : Az 22, El 7.
[11:55:00]  Tracking : Az 19, El 6.
[11:55:06]  [OK]CMD Packet Header: 0x18 0x15 0xc0 0x0 0x0 0x45 0xa 0x29
[11:55:07]  Received GETFILEINFO Response from port : 23.

[11:55:24]  Tracking : Az 16, El 4.
[11:55:50]  Tracking : Az 13, El 3.
[11:56:20]  Tracking : Az 10, El 1.
[11:56:42]  Tracking : Az 8, El 0.
[11:57:14]  Tracking : Az 44, El 13.
[11:57:16]  Tracking : Az 44, El 13.
[11:57:18]  Tracking : Az 44, El 13.
[11:57:20]  Tracking : Az 44, El 13.
[12:11:30]  Tracking : Az 44, El 13.
[12:12:26]  Tracking : Az 44, El 13.
[12:12:52]  Tracking : Az 44, El 13.
[12:20:38]  Tracking : Az 44, El 13.
[12:34:21]  Finish Engaging.
[12:34:21]  Beacon Success : 0, Ping Success : 1
[12:34:21]  Start Doppler Correction.
[12:34:21]  You tried doppler correction with no engaging
[12:34:23]  Tracking : Az 0, El 0.
[12:35:38]  Tracking : Az 0, El 0.
