2026-01-04 11:58
[11:59:07]  Connect to Switch Box.............Success.
[11:59:07]  Connect to Rotator................Success.
[11:59:07]  Connect to GS100..................Success.
[11:59:07]  TM Port 13 bind success.
[11:59:07]  BCN Port 31 bind success.
[11:59:07]  RPT Port 25 bind success.
[11:59:07]  Event Port 27 bind success.
[11:59:07]  COSMIC Beacon Port 23 bind success.
[11:59:07]  COSMIC Report Port 24 bind success.
[11:59:20]  TLE "cubesat" Download Completed.
[12:00:30]  Start Doppler Correction.
[12:00:30]  You tried doppler correction with no engaging
[12:00:31]  Start Engaging.
[12:00:31]  Tracking : Az 144, El 0.
[12:00:32]  Start Doppler Correction.
[12:00:33]  Tracking : Az 144, El 0.
[12:00:35]  Tracking : Az 144, El 0.
[12:00:37]  Tracking : Az 144, El 0.
[12:00:39]  Tracking : Az 144, El 0.
[12:00:41]  Tracking : Az 144, El 0.
[12:00:43]  Tracking : Az 144, El 0.
[12:00:45]  Tracking : Az 144, El 0.
[12:00:47]  Tracking : Az 144, El 0.
[12:00:49]  Tracking : Az 144, El 0.
[12:00:51]  Tracking : Az 144, El 0.
[12:00:53]  Tracking : Az 144, El 0.
[12:00:55]  Tracking : Az 144, El 0.
[12:14:28]  Forked Safe Amplifier Process.(ON, Timer)
[12:14:37]  Ping Failed.
[12:14:55]  Ping Failed.
[12:14:57]  Tracking : Az 141, El 2.
[12:15:05]  Ping Success at node 5, 472ms
[12:15:09]  Ping Failed.
[12:15:13]  Cannot Load Remote Parameter.
[12:15:14]  Tracking : Az 140, El 4.
[12:15:18]  Ping Failed.
[12:15:33]  Ping Failed.
[12:15:39]  Ping Failed.
[12:15:42]  Tracking : Az 138, El 6.
[12:15:51]  Ping Failed.
[12:15:57]  Ping Failed.
[12:16:04]  Ping Success at node 5, 472ms
[12:16:07]  AX100 Boot Count : 22240
[12:16:19]  Ping Failed at node 3.
[12:16:19]  Tracking : Az 135, El 9.
[12:16:26]  Ping Failed at node 3.
[12:16:32]  Ping Failed at node 6.
[12:16:38]  Ping Failed at node 6.
[12:16:42]  Tracking : Az 133, El 11.
[12:16:44]  Ping Failed at node 6.
[12:16:52]  Ping Failed at node 3.
[12:16:54]  Ping Success at node 5, 461ms
[12:16:58]  Ping Failed at node 3.
[12:16:59]  Remote Param Control OK. rssi_busy : 0
[12:17:01]  Total RX Bytes : 54068
[12:17:03]  Remote Param Control OK. can_en : true
[12:17:03]  Tracking : Az 130, El 13.
[12:17:04]  Remote Param Control OK. tx_inhibit : 0
[12:17:06]  Remote Param Control OK. tx_pwr : 3
[12:17:08]  Remote Param Control OK. csp_rtable : 0/0 AX100, 3/5 CAN
[12:17:11]  Remote Param Control OK. Active Conf : 1
[12:17:12]  Remote Param Control OK. Last RSSI : -98
[12:17:14]  Remote Param Control OK. rx_guard : 0
[12:17:16]  Remote Param Control OK. tx_guard : 50
[12:17:17]  Remote Param Control OK. rx_baud : 4800
[12:17:18]  Remote Param Control OK. tx_baud : 4800
[12:17:21]  Remote Param Control OK.(No Reply)
[12:17:24]  Tracking : Az 127, El 15.
[12:17:30]  Cannot Load Remote Parameter.
[12:17:35]  Remote Param Control OK.
[12:17:38]  Remote Param Control OK. csp_rtable : 0/0 AX100, 3/5 CAN, 6/5 CAN
[12:17:40]  Ping Success at node 5, 472ms
[12:17:42]  Tracking : Az 124, El 17.
[12:17:45]  Ping Failed at node 3.
[12:17:49]  Ping Failed at node 6.
[12:17:53]  Ping Failed at node 6.
[12:17:57]  Ping Failed at node 6.
[12:17:58]  Tracking : Az 121, El 19.
[12:18:00]  Ping Failed at node 6.
[12:18:05]  Ping Failed at node 6.
[12:18:11]  Tracking : Az 118, El 20.
[12:18:28]  Tracking : Az 114, El 22.
[12:18:31]  Ping Failed at node 3.
[12:18:38]  Tracking : Az 111, El 24.
[12:18:42]  Ping Success at node 5, 460ms
[12:18:48]  Tracking : Az 108, El 25.
[12:18:48]  Ping Success at node 5, 461ms
[12:18:52]  Ping Success at node 5, 455ms
[12:18:54]  Ping Success at node 5, 461ms
[12:18:56]  AX100 Boot Count : 22240
[12:18:57]  Tracking : Az 105, El 26.
[12:19:03]  Ping Failed at node 3.
[12:19:06]  Tracking : Az 102, El 27.
[12:19:07]  Ping Failed at node 3.
[12:19:12]  Ping Failed at node 3.
[12:19:14]  Tracking : Az 99, El 28.
[12:19:19]  Ping Failed at node 6.
[12:19:21]  Tracking : Az 96, El 29.
[12:19:25]  Ping Failed at node 6.
[12:19:29]  Ping Failed at node 6.
[12:19:29]  Tracking : Az 93, El 29.
[12:19:33]  Ping Failed at node 6.
[12:19:35]  Tracking : Az 90, El 30.
[12:19:38]  Ping Failed at node 6.
[12:19:43]  Tracking : Az 87, El 31.
[12:19:44]  Ping Failed at node 3.
[12:19:48]  Tracking : Az 84, El 31.
[12:19:49]  Ping Failed at node 3.
[12:19:54]  Tracking : Az 81, El 31.
[12:19:55]  Ping Failed at node 3.
[12:20:01]  Tracking : Az 78, El 31.
[12:20:07]  Tracking : Az 75, El 32.
[12:20:11]  Ping Success at node 5, 468ms
[12:20:13]  Tracking : Az 72, El 32.
[12:20:15]  Ping Success at node 5, 454ms
[12:20:19]  Tracking : Az 69, El 32.
[12:20:27]  Tracking : Az 65, El 32.
[12:20:33]  Tracking : Az 62, El 31.
[12:20:39]  Tracking : Az 59, El 31.
[12:20:45]  Tracking : Az 56, El 31.
[12:20:52]  Tracking : Az 53, El 30.
[12:20:56]  Tracking : Az 51, El 30.
[12:21:03]  Tracking : Az 48, El 29.
[12:21:09]  Tracking : Az 46, El 29.
[12:21:10]  Ping Failed at node 3.
[12:21:14]  Ping Success at node 5, 467ms
[12:21:15]  Tracking : Az 43, El 28.
[12:21:22]  Ping Success at node 5, 461ms
[12:21:23]  Tracking : Az 40, El 27.
[12:21:31]  Tracking : Az 37, El 26.
[12:21:43]  Tracking : Az 33, El 25.
[12:21:52]  Ping Failed at node 3.
[12:21:53]  Tracking : Az 30, El 23.
[12:21:55]  Ping Failed.
[12:22:04]  Tracking : Az 27, El 22.
[12:22:08]  Ping Failed.
[12:22:12]  Cannot Load Remote Parameter.
[12:22:16]  Tracking : Az 24, El 21.
[12:22:29]  Ping Failed at node 3.
[12:22:29]  Tracking : Az 21, El 19.
[12:22:37]  [OK]CMD Packet Header: 0x18 0x71 0xc0 0x0 0x0 0x1 0x16 0x41
[12:22:39]  [OK]CMD Packet Header: 0x18 0x71 0xc0 0x0 0x0 0x1 0x16 0x41
[12:22:42]  [OK]CMD Packet Header: 0x18 0x71 0xc0 0x0 0x0 0x1 0x16 0x41
[12:22:44]  [OK]CMD Packet Header: 0x18 0x71 0xc0 0x0 0x0 0x1 0x16 0x41
[12:22:44]  Tracking : Az 18, El 17.
[12:22:46]  [OK]CMD Packet Header: 0x18 0x71 0xc0 0x0 0x0 0x1 0x16 0x41
[12:22:48]  [OK]CMD Packet Header: 0x18 0x71 0xc0 0x0 0x0 0x1 0x16 0x41
[12:22:50]  [OK]CMD Packet Header: 0x18 0x71 0xc0 0x0 0x0 0x1 0x16 0x41
[12:22:53]  AX100 Boot Count : 22240
[12:22:56]  Tracking : Az 16, El 16.
[12:23:01]  [OK]CMD Packet Header: 0x18 0x23 0xc0 0x0 0x0 0x1 0x6 0x3
[12:23:03]  [OK]CMD Packet Header: 0x18 0x23 0xc0 0x0 0x0 0x1 0x6 0x3
[12:23:05]  [OK]CMD Packet Header: 0x18 0x23 0xc0 0x0 0x0 0x1 0x6 0x3
[12:23:07]  [OK]CMD Packet Header: 0x18 0x23 0xc0 0x0 0x0 0x1 0x6 0x3
[12:23:08]  Tracking : Az 14, El 15.
[12:23:20]  [OK]CMD Packet Header: 0x18 0x20 0xc0 0x0 0x0 0x5 0x7 0xd
[12:23:22]  [OK]CMD Packet Header: 0x18 0x20 0xc0 0x0 0x0 0x5 0x7 0xd
[12:23:24]  [OK]CMD Packet Header: 0x18 0x20 0xc0 0x0 0x0 0x5 0x7 0xd
[12:23:26]  [OK]CMD Packet Header: 0x18 0x20 0xc0 0x0 0x0 0x5 0x7 0xd
[12:23:27]  [OK]CMD Packet Header: 0x18 0x20 0xc0 0x0 0x0 0x5 0x7 0xd
[12:23:29]  Tracking : Az 12, El 12.
[12:23:35]  [OK]CMD Packet Header: 0x18 0x23 0xc0 0x0 0x0 0x1 0x1b 0x1e
[12:23:36]  [OK]CMD Packet Header: 0x18 0x23 0xc0 0x0 0x0 0x8 0x2 0x18
[12:23:36]  [OK]CMD Packet Header: 0x18 0x19 0xc0 0x0 0x0 0x5 0x0 0x29
[12:23:38]  Tracking : Az 10, El 12.
[12:23:39]  [OK]CMD Packet Header: 0x18 0x23 0xc0 0x0 0x0 0x1 0x1b 0x1e
[12:23:40]  [OK]CMD Packet Header: 0x18 0x23 0xc0 0x0 0x0 0x8 0x2 0x18
[12:23:40]  [OK]CMD Packet Header: 0x18 0x19 0xc0 0x0 0x0 0x5 0x0 0x29
[12:23:44]  [OK]CMD Packet Header: 0x18 0x23 0xc0 0x0 0x0 0x1 0x1b 0x1e
[12:23:44]  [OK]CMD Packet Header: 0x18 0x23 0xc0 0x0 0x0 0x8 0x2 0x18
[12:23:45]  [OK]CMD Packet Header: 0x18 0x19 0xc0 0x0 0x0 0x5 0x0 0x29
[12:23:48]  [OK]CMD Packet Header: 0x18 0x23 0xc0 0x0 0x0 0x1 0x1b 0x1e
[12:23:48]  [OK]CMD Packet Header: 0x18 0x23 0xc0 0x0 0x0 0x8 0x2 0x18
[12:23:48]  [OK]CMD Packet Header: 0x18 0x19 0xc0 0x0 0x0 0x5 0x0 0x29
[12:23:51]  [OK]CMD Packet Header: 0x18 0x23 0xc0 0x0 0x0 0x1 0x1b 0x1e
[12:23:52]  [OK]CMD Packet Header: 0x18 0x23 0xc0 0x0 0x0 0x8 0x2 0x18
[12:23:52]  [OK]CMD Packet Header: 0x18 0x19 0xc0 0x0 0x0 0x5 0x0 0x29
[12:23:56]  Tracking : Az 8, El 10.
[12:23:57]  Ping Failed at node 3.
[12:24:01]  Ping Failed.
[12:24:05]  Ping Failed.
[12:24:11]  Ping Failed.
[12:24:16]  Ping Failed.
[12:24:21]  Cannot Load Remote Parameter.
[12:24:24]  Ping Failed.
[12:24:25]  Tracking : Az 6, El 7.
[12:24:30]  Ping Failed.
[12:24:41]  Ping Failed.
[12:24:46]  Ping Failed.
[12:24:52]  Ping Failed.
[12:24:53]  Tracking : Az 3, El 5.
[12:25:01]  Ping Failed.
[12:25:10]  Ping Failed.
[12:25:13]  [OK]CMD Packet Header: 0x18 0x23 0xc0 0x0 0x0 0x1 0x1b 0x1e
[12:25:13]  [OK]CMD Packet Header: 0x18 0x23 0xc0 0x0 0x0 0x8 0x2 0x18
[12:25:14]  [OK]CMD Packet Header: 0x18 0x19 0xc0 0x0 0x0 0x5 0x0 0x29
[12:25:22]  Ping Failed.
[12:25:31]  Ping Failed.
[12:25:35]  Tracking : Az 1, El 2.
[12:25:39]  Ping Failed.
[12:25:45]  Ping Failed.
[12:25:52]  Ping Failed.
[12:25:53]  Forked Safe Amplifier Process. (OFF)
[12:25:57]  Finish Engaging.
[12:25:57]  Beacon Success : 0, Ping Success : 12
[12:25:59]  Tracking : Az 0, El 0.
