2025-12-30 00:59
[00:59:23]  Connect to Switch Box.............Success.
[00:59:23]  Connect to Rotator................Success.
[00:59:23]  Connect to GS100..................Success.
[00:59:23]  TM Port 13 bind success.
[00:59:23]  BCN Port 31 bind success.
[00:59:23]  RPT Port 25 bind success.
[00:59:23]  Event Port 27 bind success.
[00:59:23]  COSMIC Beacon Port 23 bind success.
[00:59:23]  COSMIC Report Port 24 bind success.
[00:59:33]  TLE "cubesat" Download Completed.
[00:59:39]  Start Engaging.
[00:59:39]  Tracking : Az 17, El 0.
[00:59:40]  Start Doppler Correction.
[00:59:41]  Tracking : Az 17, El 0.
[00:59:43]  Tracking : Az 17, El 0.
[01:17:47]  Forked Safe Amplifier Process.(ON, Timer)
[01:18:07]  Tracking : Az 19, El 3.
[01:18:15]  Ping Failed.
[01:18:48]  Tracking : Az 21, El 6.
[01:18:54]  Ping Failed.
[01:19:11]  Ping Success at node 5, 464ms
[01:19:13]  [OK]CMD Packet Header: 0x18 0x75 0xc0 0x0 0x0 0x1 0x14 0x47
[01:19:14]  Received Report from port : 25.
[01:19:16]  Received Report from port : 25.
[01:19:18]  Received Report from port : 25.
[01:19:21]  Tracking : Az 23, El 8.
[01:19:45]  Tracking : Az 24, El 11.
[01:20:01]  [OK]CMD Packet Header: 0x18 0x75 0xc0 0x0 0x0 0x1 0x14 0x47
[01:20:02]  Received Report from port : 25.
[01:20:04]  Received Report from port : 25.
[01:20:04]  Tracking : Az 26, El 13.
[01:20:06]  Received Report from port : 25.
[01:20:24]  [OK]CMD Packet Header: 0x18 0x75 0xc0 0x0 0x0 0x1 0x17 0x44
[01:20:25]  Received Report from port : 25.
[01:20:27]  Received Report from port : 25.
[01:20:29]  Received Report from port : 25.
[01:20:30]  Tracking : Az 28, El 16.
[01:20:45]  Tracking : Az 30, El 18.
[01:21:06]  Tracking : Az 32, El 21.
[01:21:07]  Ping Success at node 5, 460ms
[01:21:14]  [OK]CMD Packet Header: 0x18 0x15 0xc0 0x0 0x0 0x45 0xa 0x4c
[01:21:15]  !!!!!!!!!Received COSMIC Beacon from port : 23.!!!!!!!!!

[01:21:15]  Tracking : Az 34, El 22.
[01:21:30]  Tracking : Az 36, El 25.
[01:21:42]  Tracking : Az 39, El 27.
[01:21:50]  Tracking : Az 41, El 28.
[01:21:54]  [OK]CMD Packet Header: 0x18 0x75 0xc0 0x0 0x0 0x1 0x14 0x47
[01:21:54]  Received Report from port : 25.
[01:21:56]  Received Report from port : 25.
[01:21:58]  Received Report from port : 25.
[01:22:00]  Tracking : Az 43, El 31.
[01:22:08]  Tracking : Az 46, El 32.
[01:22:17]  Tracking : Az 49, El 34.
[01:22:23]  [OK]CMD Packet Header: 0x18 0x75 0xc0 0x0 0x0 0x5 0x1e 0xa2
[01:22:23]  Received Report from port : 25.
[01:22:25]  Received Report from port : 25.
[01:22:25]  Tracking : Az 52, El 36.
[01:22:27]  Received Report from port : 25.
[01:22:32]  Tracking : Az 55, El 38.
[01:22:35]  [OK]CMD Packet Header: 0x18 0x50 0xc0 0x0 0x0 0x1 0x6 0x70
[01:22:38]  Tracking : Az 57, El 39.
[01:22:43]  Ping Success at node 5, 462ms
[01:22:43]  Tracking : Az 60, El 40.
[01:22:44]  [OK]CMD Packet Header: 0x18 0x50 0xc0 0x0 0x0 0x1 0x6 0x70
[01:22:45]  Received Report from port : 25.
[01:22:47]  Received Report from port : 25.
[01:22:48]  Tracking : Az 63, El 41.
[01:22:49]  Received Report from port : 25.
[01:22:53]  Tracking : Az 66, El 43.
[01:22:59]  Tracking : Az 69, El 44.
[01:23:02]  [OK]CMD Packet Header: 0x18 0x15 0xc0 0x0 0x0 0x45 0xa 0x4c
[01:23:03]  Tracking : Az 72, El 45.
[01:23:09]  Tracking : Az 76, El 45.
[01:23:13]  Tracking : Az 79, El 46.
[01:23:15]  [OK]CMD Packet Header: 0x18 0x15 0xc0 0x0 0x0 0x45 0xa 0x4c
[01:23:16]  !!!!!!!!!Received COSMIC Beacon from port : 23.!!!!!!!!!

[01:23:17]  Tracking : Az 82, El 47.
[01:23:22]  Tracking : Az 86, El 47.
[01:23:26]  Tracking : Az 89, El 48.
[01:23:29]  Tracking : Az 92, El 48.
[01:23:33]  Tracking : Az 95, El 48.
[01:23:36]  Tracking : Az 98, El 48.
[01:23:40]  Tracking : Az 101, El 48.
[01:23:43]  Tracking : Az 104, El 48.
[01:23:48]  Tracking : Az 108, El 48.
[01:23:52]  Tracking : Az 111, El 47.
[01:23:55]  Tracking : Az 114, El 47.
[01:23:59]  Tracking : Az 117, El 47.
[01:24:03]  Tracking : Az 120, El 46.
[01:24:07]  Tracking : Az 123, El 45.
[01:24:11]  Tracking : Az 126, El 45.
[01:24:16]  Tracking : Az 129, El 44.
[01:24:20]  Tracking : Az 132, El 43.
[01:24:25]  Tracking : Az 135, El 42.
[01:24:31]  Tracking : Az 138, El 40.
[01:24:36]  Tracking : Az 141, El 39.
[01:24:41]  [OK]CMD Packet Header: 0x18 0x75 0xc0 0x0 0x0 0x7 0xe 0xb1
[01:24:42]  Received Report from port : 25.
[01:24:43]  Tracking : Az 144, El 38.
[01:24:44]  Received Report from port : 25.
[01:24:46]  Received Report from port : 25.
[01:24:50]  Tracking : Az 147, El 36.
[01:24:52]  [OK]CMD Packet Header: 0x18 0x75 0xc0 0x0 0x0 0x1 0x17 0x0
[01:24:53]  Received Report from port : 25.
[01:24:55]  Received Report from port : 25.
[01:24:57]  Received Report from port : 25.
[01:24:58]  Tracking : Az 150, El 34.
[01:25:04]  Tracking : Az 152, El 33.
[01:25:12]  [OK]CMD Packet Header: 0x18 0x75 0xc0 0x0 0x0 0x1 0x17 0x44
[01:25:13]  Tracking : Az 155, El 31.
[01:25:13]  Received Report from port : 25.
[01:25:15]  Received Report from port : 25.
[01:25:17]  Received Report from port : 25.
[01:25:24]  Tracking : Az 157, El 28.
[01:25:29]  Tracking : Az 159, El 27.
[01:25:38]  Tracking : Az 161, El 26.
[01:25:38]  [OK]CMD Packet Header: 0x18 0x75 0xc0 0x0 0x0 0x5 0xa 0xb6
[01:25:39]  Received Report from port : 25.
[01:25:41]  Received Report from port : 25.
[01:25:43]  Received Report from port : 25.
[01:25:56]  Tracking : Az 164, El 22.
[01:26:03]  [OK]CMD Packet Header: 0x18 0x75 0xc0 0x0 0x0 0x1 0x14 0x47
[01:26:04]  Received Report from port : 25.
[01:26:06]  Received Report from port : 25.
[01:26:08]  Received Report from port : 25.
[01:26:14]  Tracking : Az 167, El 20.
[01:26:19]  [OK]CMD Packet Header: 0x18 0x75 0xc0 0x0 0x0 0x5 0xa 0xb7
[01:26:20]  Received Report from port : 25.
[01:26:22]  Received Report from port : 25.
[01:26:24]  Received Report from port : 25.
[01:26:34]  [OK]CMD Packet Header: 0x18 0x75 0xc0 0x0 0x0 0x1 0x14 0x47
[01:26:35]  Received Report from port : 25.
[01:26:36]  Tracking : Az 169, El 16.
[01:26:37]  Received Report from port : 25.
[01:26:39]  Received Report from port : 25.
[01:26:50]  [OK]CMD Packet Header: 0x18 0x75 0xc0 0x0 0x0 0x1 0x17 0x0
[01:26:57]  Ping Success at node 5, 466ms
[01:26:59]  Tracking : Az 172, El 14.
[01:26:59]  [OK]CMD Packet Header: 0x18 0x75 0xc0 0x0 0x0 0x1 0x17 0x44
[01:26:59]  Received Report from port : 25.
[01:27:07]  [OK]CMD Packet Header: 0x18 0x75 0xc0 0x0 0x0 0x1 0x17 0x0
[01:27:08]  Received Report from port : 25.
[01:27:10]  Received Report from port : 25.
[01:27:12]  Received Report from port : 25.
[01:27:18]  Tracking : Az 173, El 11.
[01:27:23]  [OK]CMD Packet Header: 0x18 0x75 0xc0 0x0 0x0 0x7 0xe 0xb0
[01:27:24]  Received Report from port : 25.
[01:27:26]  Received Report from port : 25.
[01:27:28]  Received Report from port : 25.
[01:27:33]  [OK]CMD Packet Header: 0x18 0x75 0xc0 0x0 0x0 0x1 0x17 0x44
[01:27:34]  Received Report from port : 25.
[01:27:36]  Received Report from port : 25.
[01:27:38]  Received Report from port : 25.
[01:27:55]  Tracking : Az 176, El 8.
[01:28:17]  [OK]CMD Packet Header: 0x18 0x75 0xc0 0x0 0x0 0x1 0x1a 0x49
[01:28:22]  Ping Success at node 5, 476ms
[01:28:23]  [OK]CMD Packet Header: 0x18 0x75 0xc0 0x0 0x0 0x1 0x1a 0x0
[01:28:24]  Tracking : Az 177, El 5.
[01:28:25]  Received Report from port : 25.
[01:28:34]  [OK]CMD Packet Header: 0x18 0x75 0xc0 0x0 0x0 0x1 0x1a 0x49
[01:28:35]  Received Report from port : 25.
[01:28:37]  Received Report from port : 25.
[01:28:39]  Received Report from port : 25.
[01:28:58]  Tracking : Az 179, El 3.
[01:29:02]  Ping Success at node 5, 467ms
[01:29:11]  Forked Safe Amplifier Process. (OFF)
[01:29:14]  Finish Engaging.
[01:29:14]  Beacon Success : 0, Ping Success : 6
[01:29:14]  Tracking : Az 0, El 0.
