2026-01-01 12:28
[12:28:30]  Connect to Switch Box.............Success.
[12:28:30]  Connect to Rotator................Success.
[12:28:30]  Connect to GS100..................Success.
[12:28:30]  TM Port 13 bind success.
[12:28:30]  BCN Port 31 bind success.
[12:28:30]  RPT Port 25 bind success.
[12:28:30]  Event Port 27 bind success.
[12:28:30]  COSMIC Beacon Port 23 bind success.
[12:28:30]  COSMIC Report Port 24 bind success.
[12:28:34]  TLE "cubesat" Download Completed.
[12:28:35]  Received Event from port : 27.

[12:28:37]  Received Event from port : 27.

[12:28:39]  Received Event from port : 27.

[12:28:41]  Start Engaging.
[12:28:41]  Tracking : Az 108, El 35.
[12:28:42]  Start Doppler Correction.
[12:28:43]  Tracking : Az 108, El 35.
[12:28:44]  Forked Safe Amplifier Process.(ON, Timer)
[12:28:45]  Received Event from port : 27.

[12:28:49]  Tracking : Az 105, El 36.
[12:28:54]  Tracking : Az 102, El 37.
[12:28:55]  Received Event from port : 27.

[12:28:59]  Received Event from port : 27.

[12:29:00]  Tracking : Az 99, El 38.
[12:29:05]  Received Event from port : 27.

[12:29:06]  Tracking : Az 96, El 38.
[12:29:12]  Tracking : Az 92, El 39.
[12:29:15]  Received Event from port : 27.

[12:29:17]  Tracking : Az 89, El 40.
[12:29:22]  Tracking : Az 86, El 40.
[12:29:25]  Received Event from port : 27.

[12:29:26]  Tracking : Az 83, El 41.
[12:29:31]  Tracking : Az 80, El 41.
[12:29:35]  Received Event from port : 27.

[12:29:35]  Tracking : Az 77, El 41.
[12:29:40]  Received Event from port : 27.

[00:13:03]  Tracking : Az 73, El 41.
[12:29:44]  [OK]CMD Packet Header: 0x18 0x75 0xc0 0x0 0x0 0x1 0x14 0x47
[12:29:45]  Received Event from port : 27.

[12:29:46]  Tracking : Az 70, El 41.
[12:29:50]  Tracking : Az 67, El 41.
[12:29:55]  Received Event from port : 27.

[12:29:55]  Tracking : Az 64, El 41.
[12:30:01]  Tracking : Az 60, El 40.
[12:30:03]  [OK]CMD Packet Header: 0x18 0x75 0xc0 0x0 0x0 0x1 0x14 0x47
[12:30:04]  Received Report from port : 25.
[12:30:05]  Tracking : Az 57, El 40.
[12:30:06]  Received Report from port : 25.
[12:30:08]  Received Report from port : 25.
[12:30:10]  Tracking : Az 54, El 40.
[12:30:10]  Received Event from port : 27.

[12:30:12]  Tracking : Az 53, El 39.
[12:30:15]  Received Event from port : 27.

[12:30:16]  Tracking : Az 51, El 39.
[12:30:21]  Received Event from port : 27.

[12:30:21]  Tracking : Az 48, El 38.
[12:30:25]  Received Event from port : 27.

[12:30:27]  Tracking : Az 45, El 37.
[12:30:31]  Tracking : Az 43, El 37.
[12:30:35]  Received Event from port : 27.

[12:30:36]  Tracking : Az 40, El 36.
[12:30:42]  Tracking : Az 37, El 35.
[12:30:45]  Received Event from port : 27.

[12:30:50]  [OK]CMD Packet Header: 0x18 0x0 0xc0 0x0 0x0 0x55 0x7 0x41
[12:30:51]  Tracking : Az 33, El 33.
[12:30:55]  Received Event from port : 27.

[12:30:57]  Received Event from port : 27.

[12:30:59]  Received Event from port : 27.

[12:30:59]  Tracking : Az 30, El 32.
[12:31:02]  Received Event from port : 27.

[12:31:05]  Received Event from port : 27.

[12:31:08]  Tracking : Az 27, El 30.
[12:31:15]  Received Event from port : 27.

[12:31:17]  Tracking : Az 24, El 28.
[12:31:25]  Received Event from port : 27.

[12:31:28]  Tracking : Az 21, El 27.
[12:31:35]  Received Event from port : 27.

[12:31:36]  Tracking : Az 19, El 25.
[12:31:43]  Received Event from port : 27.

[12:31:45]  Received Event from port : 27.

[12:31:49]  Tracking : Az 16, El 23.
[12:31:55]  Received Event from port : 27.

[12:31:59]  Tracking : Az 14, El 22.
[12:32:02]  [OK]CMD Packet Header: 0x18 0x23 0xc0 0x0 0x0 0x5 0x4 0x9
[12:32:14]  Tracking : Az 12, El 19.
[12:32:16]  [OK]CMD Packet Header: 0x18 0x23 0xc0 0x0 0x0 0x8 0x2 0x6
[12:32:16]  Received Event from port : 27.

[12:32:24]  Received Event from port : 27.

[12:32:26]  Received Event from port : 27.

[12:32:28]  [OK]CMD Packet Header: 0x18 0x32 0xc0 0x0 0x0 0x7 0xa 0xf9
[12:32:30]  Tracking : Az 9, El 17.
[12:32:35]  Received Event from port : 27.

[12:32:45]  Received Event from port : 27.

[12:32:48]  [OK]CMD Packet Header: 0x18 0x32 0xc0 0x0 0x0 0x7 0xa 0xf9
[12:32:55]  Received Event from port : 27.

[12:32:55]  Tracking : Az 6, El 14.
[12:33:04]  Ping Success at node 5, 465ms
[12:33:05]  Received Event from port : 27.

[12:33:07]  Received Event from port : 27.

[12:33:15]  Received Event from port : 27.

[12:33:16]  [OK]CMD Packet Header: 0x18 0x32 0xc0 0x0 0x0 0x7 0xa 0xf9
[12:33:21]  Tracking : Az 4, El 11.
[12:33:25]  Received Event from port : 27.

[12:33:35]  Received Event from port : 27.

[12:33:45]  Received Event from port : 27.

[12:33:47]  Received Event from port : 27.

[12:33:53]  [OK]CMD Packet Header: 0x18 0x30 0xc0 0x0 0x0 0x2 0x2 0x17
[12:33:53]  Tracking : Az 1, El 8.
[12:33:54]  Received Report from port : 25.
[12:33:56]  Received Report from port : 25.
[12:33:58]  Received Report from port : 25.
[12:34:00]  Received Event from port : 27.

[12:34:05]  Received Event from port : 27.

[12:34:25]  Received Event from port : 27.

[12:34:26]  Tracking : Az 359, El 6.
[12:34:27]  Received Event from port : 27.

[12:34:28]  Tracking : Az 359, El 6.
[12:34:30]  Tracking : Az 359, El 5.
[12:34:32]  Tracking : Az 359, El 5.
[12:34:34]  Tracking : Az 359, El 5.
[12:34:36]  Tracking : Az 359, El 5.
[12:34:38]  [OK]CMD Packet Header: 0x18 0x31 0xc0 0x0 0x0 0x7 0xa 0xfa
[12:34:38]  Tracking : Az 359, El 5.
[12:34:40]  Tracking : Az 359, El 5.
[12:34:42]  Tracking : Az 359, El 4.
[12:34:44]  Tracking : Az 359, El 4.
[12:34:46]  Tracking : Az 358, El 4.
[12:34:48]  Ping Failed.
[12:34:48]  Tracking : Az 358, El 4.
[12:34:50]  Tracking : Az 358, El 4.
[12:34:52]  Tracking : Az 358, El 4.
[12:34:53]  Ping Failed.
[12:34:54]  Tracking : Az 358, El 4.
[12:34:56]  Tracking : Az 358, El 3.
[12:34:58]  Tracking : Az 358, El 3.
[12:35:00]  Tracking : Az 358, El 3.
[12:35:02]  Tracking : Az 358, El 3.
[12:35:04]  Tracking : Az 358, El 3.
[12:35:06]  Tracking : Az 358, El 3.
[12:35:08]  Tracking : Az 357, El 3.
[12:35:10]  Tracking : Az 357, El 2.
[12:35:12]  Tracking : Az 357, El 2.
[12:35:14]  Tracking : Az 357, El 2.
[12:35:16]  Tracking : Az 357, El 2.
[12:35:17]  Ping Failed.
[12:35:18]  Tracking : Az 357, El 2.
[12:35:20]  Tracking : Az 357, El 2.
[12:35:22]  Tracking : Az 357, El 2.
[12:35:24]  Tracking : Az 357, El 2.
[12:36:16]  Tracking : Az 112, El 33.
[12:36:18]  Tracking : Az 112, El 33.
[12:36:20]  Tracking : Az 112, El 33.
[12:36:22]  Tracking : Az 112, El 33.
[12:36:24]  Tracking : Az 112, El 33.
[12:36:26]  Tracking : Az 112, El 33.
[12:36:28]  Tracking : Az 112, El 33.
[12:36:30]  Tracking : Az 112, El 33.
[12:36:32]  Tracking : Az 112, El 33.
[12:36:34]  Tracking : Az 112, El 33.
[12:36:36]  Tracking : Az 112, El 33.
[12:36:38]  Tracking : Az 112, El 33.
[12:36:40]  Tracking : Az 112, El 33.
[12:36:42]  Tracking : Az 112, El 33.
[12:36:44]  Tracking : Az 112, El 33.
[12:36:46]  Tracking : Az 112, El 33.
[12:36:48]  Tracking : Az 112, El 33.
[12:36:50]  Tracking : Az 112, El 33.
[12:36:52]  Tracking : Az 112, El 33.
[12:36:54]  Tracking : Az 112, El 33.
[12:36:56]  Tracking : Az 112, El 33.
[12:37:59]  Forked Safe Amplifier Process. (OFF)
[12:38:03]  Finish Engaging.
[12:38:03]  Beacon Success : 0, Ping Success : 1
