2026-01-09 19:01
[19:01:45]  Connect to Switch Box.............Success.
[19:01:45]  Connect to Rotator................Success.
[19:01:45]  Connect to GS100..................Success.
[19:01:45]  TM Port 13 bind success.
[19:01:45]  BCN Port 31 bind success.
[19:01:45]  RPT Port 25 bind success.
[19:01:45]  Event Port 27 bind success.
[19:01:45]  COSMIC Beacon Port 23 bind success.
[19:01:45]  COSMIC Report Port 24 bind success.
[19:01:52]  TLE "cubesat" Download Completed.
[19:02:43]  [Auto]Start AutoPilot.
[19:02:43]  [Auto]Start Autopilot. Next Valuable AOS : 1/9 19:4:57
[19:02:43]  [Auto]Max Elevation : 57.86° Please Keep Devices On.
[19:02:43]  [Auto]Start Engaging.
[19:02:43]  [Auto]Start Engaging.
[19:02:43]  Tracking : Az 7, El 0.
[19:02:43]  [Auto]Start Doppler Correction.
[19:02:45]  Tracking : Az 7, El 0.
[19:02:52]  Generated Command Message.
[19:02:53]  Generated Command Message.
[19:02:53]  Generated Command Message.
[19:02:53]  Generated Command Message.
[19:02:53]  Generated Command Message.
[19:04:14]  Forked Safe Amplifier Process.(ON, Timer)
[19:04:15]  Forked Safe Amplifier Process. (OFF)
[19:04:17]  Forked Safe Amplifier Process. (OFF)
[19:04:18]  Forked Safe Amplifier Process. (OFF)
[19:05:39]  Tracking : Az 6, El 3.
[19:05:41]  Tracking : Az 6, El 3.
[19:05:47]  [Auto]Autopilot Stopped by User.
[19:05:47]  [Auto]Stop Doppler Correction.
