2026-02-15 12:31
[12:31:14]  Connect to Switch Box.............Success.
[12:31:14]  Connect to Rotator................Success.
[12:31:14]  Connect to GS100..................Success.
[12:31:14]  TM Port 13 bind success.
[12:31:14]  BCN Port 31 bind success.
[12:31:14]  RPT Port 25 bind success.
[12:31:14]  Event Port 27 bind success.
[12:31:14]  COSMIC Beacon Port 23 bind success.
[12:31:14]  COSMIC Report Port 24 bind success.
[12:31:29]  TLE "active" Download Completed.
[12:31:35]  Start Engaging.
[12:31:35]  Tracking : Az 127, El 29.
[12:31:37]  Tracking : Az 126, El 30.
[12:31:37]  Start Doppler Correction.
[12:31:38]  Forked Safe Amplifier Process.(ON, Timer)
[12:31:40]  Ping Success at node 5, 466ms
[12:31:45]  Tracking : Az 123, El 31.
[12:31:50]  [OK]CMD Packet Header: 0x18 0x75 0xc0 0x0 0x0 0x1 0x14 0x47
[12:31:51]  Received Report from port : 25.
[12:31:53]  Received Report from port : 25.
[12:31:54]  Tracking : Az 120, El 33.
[12:31:55]  Received Report from port : 25.
[12:31:57]  Tracking : Az 119, El 34.
[12:32:04]  Tracking : Az 116, El 35.
[12:32:06]  [OK]CMD Packet Header: 0x18 0x75 0xc0 0x0 0x0 0x5 0x1e 0xa2
[12:32:07]  Tracking : Az 115, El 36.
[12:32:13]  Tracking : Az 112, El 37.
[12:32:14]  [OK]CMD Packet Header: 0x18 0x75 0xc0 0x0 0x0 0x5 0x1e 0xa2
[12:32:15]  Tracking : Az 111, El 38.
[12:32:15]  Received Report from port : 25.
[12:32:17]  Received Report from port : 25.
[12:32:21]  Tracking : Az 108, El 39.
[12:32:25]  [OK]CMD Packet Header: 0x18 0x50 0xc0 0x0 0x0 0x1 0x6 0x70
[12:32:27]  Tracking : Az 105, El 40.
[12:32:30]  Tracking : Az 103, El 41.
[12:32:33]  Tracking : Az 101, El 41.
[12:32:33]  [OK]CMD Packet Header: 0x18 0x50 0xc0 0x0 0x0 0x1 0x6 0x70
[12:32:34]  Received Report from port : 25.
[12:32:38]  Tracking : Az 98, El 42.
[12:32:40]  Tracking : Az 97, El 43.
[12:32:44]  Tracking : Az 94, El 43.
[12:32:47]  Tracking : Az 92, El 44.
[12:32:48]  [OK]CMD Packet Header: 0x18 0x75 0xc0 0x0 0x0 0x1 0x14 0x47
[12:32:51]  Tracking : Az 89, El 44.
[12:32:54]  Tracking : Az 87, El 44.
[12:32:58]  Tracking : Az 84, El 45.
[12:33:00]  Tracking : Az 82, El 45.
[12:33:03]  Tracking : Az 80, El 45.
[12:33:05]  Ping Success at node 5, 455ms
[12:33:05]  Tracking : Az 78, El 45.
[12:33:08]  Tracking : Az 76, El 45.
[12:33:08]  [OK]CMD Packet Header: 0x18 0x75 0xc0 0x0 0x0 0x1 0x14 0x47
[12:33:10]  Tracking : Az 74, El 45.
[12:33:15]  Tracking : Az 70, El 45.
[12:33:17]  Tracking : Az 69, El 45.
[12:33:22]  Tracking : Az 65, El 45.
[12:33:24]  Tracking : Az 63, El 45.
[12:33:25]  Ping Success at node 5, 460ms
[12:33:28]  Tracking : Az 60, El 45.
[12:33:28]  [OK]CMD Packet Header: 0x18 0x75 0xc0 0x0 0x0 0x1 0x14 0x47
[12:33:31]  Tracking : Az 58, El 44.
[12:33:36]  Tracking : Az 54, El 44.
[12:33:38]  Tracking : Az 53, El 43.
[12:33:44]  Tracking : Az 49, El 42.
[12:33:44]  [OK]CMD Packet Header: 0x18 0x75 0xc0 0x0 0x0 0x1 0x14 0x47
[12:33:45]  Received Report from port : 25.
[12:33:46]  Tracking : Az 48, El 42.
[12:33:47]  Received Report from port : 25.
[12:33:49]  Received Report from port : 25.
[12:33:51]  Tracking : Az 44, El 41.
[12:33:53]  Tracking : Az 43, El 41.
[12:33:58]  Tracking : Az 40, El 40.
[12:34:04]  Tracking : Az 37, El 39.
[12:34:06]  Tracking : Az 36, El 38.
[12:34:06]  [OK]CMD Packet Header: 0x18 0x50 0xc0 0x0 0x0 0x1 0x6 0x70
[12:34:07]  Received Report from port : 25.
[12:34:09]  Received Report from port : 25.
[12:34:11]  Received Report from port : 25.
[12:34:12]  Tracking : Az 33, El 37.
[12:34:18]  Tracking : Az 30, El 36.
[12:34:20]  Tracking : Az 30, El 35.
[12:34:22]  [OK]CMD Packet Header: 0x18 0x75 0xc0 0x0 0x0 0x1 0x14 0x47
[12:34:23]  Received Report from port : 25.
[12:34:25]  Received Report from port : 25.
[12:34:26]  Tracking : Az 27, El 34.
[12:34:27]  Received Report from port : 25.
[12:34:28]  Tracking : Az 26, El 34.
[12:34:36]  Tracking : Az 24, El 32.
[12:34:43]  Tracking : Az 21, El 30.
[12:34:46]  [OK]CMD Packet Header: 0x18 0x75 0xc0 0x0 0x0 0x1 0x1a 0x49
[12:34:46]  Tracking : Az 20, El 30.
[12:34:46]  Received Report from port : 25.
[12:34:48]  Received Report from port : 25.
[12:34:56]  [OK]CMD Packet Header: 0x18 0x75 0xc0 0x0 0x0 0x1 0x1a 0x0
[12:34:57]  Received Report from port : 25.
[12:34:58]  Tracking : Az 17, El 27.
[12:34:59]  Received Report from port : 25.
[12:35:00]  Tracking : Az 17, El 27.
[12:35:01]  Received Report from port : 25.
[12:35:11]  Tracking : Az 14, El 25.
[12:35:13]  Tracking : Az 14, El 25.
[12:35:14]  Forked Safe Amplifier Process. (OFF)
[12:35:18]  Finish Engaging.
[12:35:18]  Beacon Success : 0, Ping Success : 3
[12:35:18]  Tracking : Az 0, El 0.
