2025-12-24 12:44
[12:44:47]  Connect to Switch Box.............Success.
[12:44:47]  Connect to Rotator................Success.
[12:44:47]  Connect to GS100..................Success.
[12:44:47]  TM Port 13 bind success.
[12:44:47]  BCN Port 31 bind success.
[12:44:47]  RPT Port 25 bind success.
[12:44:47]  Event Port 27 bind success.
[12:44:47]  COSMIC Beacon Port 23 bind success.
[12:44:47]  COSMIC Report Port 24 bind success.
[12:45:00]  TLE "cubesat" Download Completed.
[12:45:09]  Start Engaging.
[12:45:09]  Tracking : Az 165, El 0.
[12:45:10]  Start Doppler Correction.
[12:45:11]  Tracking : Az 165, El 0.
[12:45:13]  Tracking : Az 165, El 0.
[12:45:15]  Tracking : Az 165, El 0.
[12:45:17]  Tracking : Az 165, El 0.
[12:45:19]  Tracking : Az 165, El 0.
[12:45:21]  Tracking : Az 165, El 0.
[12:45:23]  Tracking : Az 165, El 0.
[12:45:25]  Tracking : Az 165, El 0.
[12:45:27]  Tracking : Az 165, El 0.
[12:45:29]  Tracking : Az 165, El 0.
[12:45:31]  Tracking : Az 165, El 0.
[12:45:33]  Tracking : Az 165, El 0.
[12:45:35]  Tracking : Az 165, El 0.
[12:45:37]  Tracking : Az 165, El 0.
[12:49:13]  Tracking : Az 164, El 3.
[12:49:52]  Tracking : Az 164, El 6.
[12:49:54]  Tracking : Az 164, El 6.
[12:50:26]  Tracking : Az 164, El 9.
[12:50:28]  Tracking : Az 164, El 9.
[12:50:29]  Forked Safe Amplifier Process.(ON, Timer)
[12:50:31]  Ping Success at node 5, 467ms
[12:50:46]  Tracking : Az 164, El 11.
[12:50:51]  [OK]CMD Packet Header: 0x18 0x75 0xc0 0x0 0x0 0x5 0x1e 0xa2
[12:51:05]  Tracking : Az 164, El 13.
[12:51:07]  Tracking : Az 164, El 13.
[12:51:08]  [OK]CMD Packet Header: 0x18 0x50 0xc0 0x0 0x0 0x1 0x6 0x70
[12:51:09]  Received Report from port : 25.
[12:51:09]  Received Report from port : 25.
[12:51:10]  Received Report from port : 25.
[12:51:21]  Tracking : Az 164, El 15.
[12:51:23]  Tracking : Az 164, El 15.
[12:51:43]  Tracking : Az 164, El 18.
[12:51:45]  Tracking : Az 164, El 18.
[12:52:02]  Tracking : Az 164, El 21.
[12:52:10]  [OK]CMD Packet Header: 0x18 0x75 0xc0 0x0 0x0 0x1 0x14 0x47
[12:52:11]  Received Report from port : 25.
[12:52:12]  Received Report from port : 25.
[12:52:12]  Received Report from port : 25.
[12:52:19]  Tracking : Az 163, El 24.
[12:52:34]  Tracking : Az 163, El 27.
[12:52:47]  Tracking : Az 163, El 30.
[12:52:49]  Tracking : Az 163, El 30.
[12:52:52]  [OK]CMD Packet Header: 0x18 0x50 0xc0 0x0 0x0 0x1 0x6 0x70
[12:52:53]  Received Report from port : 25.
[12:52:53]  Received Report from port : 25.
[12:52:53]  Received Report from port : 25.
[12:52:58]  Tracking : Az 162, El 33.
[12:53:08]  Tracking : Az 162, El 36.
[12:53:11]  Tracking : Az 162, El 37.
[12:53:14]  [OK]CMD Packet Header: 0x18 0x75 0xc0 0x0 0x0 0x5 0x1e 0xa2
[12:53:15]  Received Report from port : 25.
[12:53:16]  Received Report from port : 25.
[12:53:16]  Received Report from port : 25.
[12:53:20]  Tracking : Az 161, El 40.
[12:53:22]  Tracking : Az 161, El 40.
[12:53:26]  Tracking : Az 161, El 42.
[12:53:29]  Tracking : Az 161, El 43.
[12:53:36]  Tracking : Az 160, El 46.
[12:53:38]  Tracking : Az 160, El 47.
[12:53:42]  [OK]CMD Packet Header: 0x18 0x75 0xc0 0x0 0x0 0x1 0x14 0x47
[12:53:43]  Received Report from port : 25.
[12:53:43]  Received Report from port : 25.
[12:53:44]  Received Report from port : 25.
[12:53:45]  Tracking : Az 160, El 50.
[12:53:47]  Tracking : Az 160, El 51.
[12:53:54]  Tracking : Az 159, El 54.
[12:53:56]  Tracking : Az 158, El 55.
[12:54:01]  Tracking : Az 158, El 58.
[12:54:03]  Tracking : Az 157, El 59.
[12:54:08]  Tracking : Az 156, El 62.
[12:54:10]  Tracking : Az 156, El 63.
[12:54:13]  Tracking : Az 155, El 65.
[12:54:18]  Tracking : Az 153, El 68.
[12:54:20]  Tracking : Az 152, El 69.
[12:54:25]  Tracking : Az 149, El 72.
[12:54:27]  Tracking : Az 148, El 73.
[12:54:29]  Tracking : Az 146, El 75.
[12:54:32]  Tracking : Az 143, El 76.
[12:54:34]  Tracking : Az 140, El 78.
[12:54:36]  Tracking : Az 137, El 79.
[12:54:38]  Tracking : Az 132, El 80.
[12:54:40]  Tracking : Az 127, El 81.
[12:54:42]  Tracking : Az 119, El 80.
[12:54:44]  Tracking : Az 90, El 84.
[12:54:46]  Tracking : Az 97, El 84.
[12:54:48]  Tracking : Az 83, El 80.
[12:54:48]  [OK]CMD Packet Header: 0x18 0x75 0xc0 0x0 0x0 0x1 0x14 0x47
[12:54:49]  Received Report from port : 25.
[12:54:49]  Received Report from port : 25.
[12:54:50]  Received Report from port : 25.
[12:54:50]  Tracking : Az 47, El 80.
[12:54:52]  Tracking : Az 36, El 83.
[12:54:54]  Tracking : Az 41, El 80.
[12:54:56]  Tracking : Az 22, El 80.
[12:54:58]  Tracking : Az 17, El 79.
[12:55:00]  Tracking : Az 20, El 80.
[12:55:02]  Tracking : Az 15, El 79.
[12:55:04]  Tracking : Az 12, El 77.
[12:55:07]  Tracking : Az 8, El 76.
[12:55:09]  Tracking : Az 6, El 74.
[12:55:12]  Tracking : Az 4, El 72.
[12:55:15]  Tracking : Az 2, El 70.
[12:55:21]  Tracking : Az 359, El 67.
[12:55:23]  Tracking : Az 359, El 66.
[12:55:25]  Tracking : Az 358, El 64.
[12:55:27]  Tracking : Az 357, El 63.
[12:55:29]  Tracking : Az 357, El 62.
[12:55:31]  Tracking : Az 356, El 61.
[12:55:33]  Tracking : Az 356, El 60.
[12:55:35]  Tracking : Az 356, El 59.
[12:55:37]  Tracking : Az 355, El 58.
[12:55:39]  Tracking : Az 355, El 56.
[12:55:41]  Tracking : Az 355, El 55.
[12:55:43]  Tracking : Az 354, El 54.
[12:55:45]  Tracking : Az 354, El 53.
[12:55:47]  Tracking : Az 354, El 52.
[12:55:49]  Tracking : Az 353, El 51.
[12:55:51]  Tracking : Az 353, El 50.
[12:55:53]  Tracking : Az 353, El 50.
[12:55:55]  Tracking : Az 353, El 49.
[12:55:57]  Tracking : Az 353, El 48.
[12:55:59]  Tracking : Az 353, El 47.
[12:56:01]  Tracking : Az 352, El 46.
[12:56:03]  Tracking : Az 352, El 45.
[12:56:05]  Tracking : Az 352, El 44.
[12:56:07]  Tracking : Az 352, El 44.
[12:56:09]  Tracking : Az 352, El 43.
[12:56:11]  Tracking : Az 352, El 42.
[12:56:13]  Tracking : Az 352, El 41.
[12:56:15]  Tracking : Az 351, El 41.
[12:56:17]  Tracking : Az 351, El 40.
[12:56:19]  Tracking : Az 351, El 39.
[12:56:28]  [OK]CMD Packet Header: 0x18 0x75 0xc0 0x0 0x0 0x1 0x14 0x47
[12:56:29]  Received Report from port : 25.
[00:08:00]  Received Report from port : 25.
[12:56:30]  Received Report from port : 25.
[12:56:31]  Tracking : Az 351, El 35.
[12:56:34]  Tracking : Az 351, El 34.
[12:56:49]  Tracking : Az 350, El 30.
[12:56:51]  Tracking : Az 350, El 30.
[12:56:55]  [OK]CMD Packet Header: 0x18 0x75 0xc0 0x0 0x0 0x1 0x14 0x47
[12:57:01]  Tracking : Az 350, El 27.
[12:57:20]  Tracking : Az 350, El 23.
[12:57:22]  Tracking : Az 350, El 23.
[12:57:43]  Tracking : Az 349, El 19.
[12:57:45]  Tracking : Az 349, El 19.
[12:58:03]  Tracking : Az 349, El 16.
[12:58:05]  Tracking : Az 349, El 16.
[12:58:12]  [OK]CMD Packet Header: 0x18 0x75 0xc0 0x0 0x0 0x1 0x14 0x47
[12:58:35]  Tracking : Az 349, El 12.
[12:58:43]  [OK]CMD Packet Header: 0x18 0x75 0xc0 0x0 0x0 0x1 0x14 0x47
[12:59:04]  Tracking : Az 349, El 9.
[12:59:13]  [OK]CMD Packet Header: 0x18 0x75 0xc0 0x0 0x0 0x1 0x14 0x47
[12:59:23]  Ping Success at node 5, 469ms
[12:59:34]  [OK]CMD Packet Header: 0x18 0x75 0xc0 0x0 0x0 0x1 0x14 0x47
[12:59:49]  Tracking : Az 349, El 5.
[13:00:54]  Forked Safe Amplifier Process. (OFF)
[13:00:58]  Tracking : Az 349, El 0.
[13:01:00]  Tracking : Az 349, El 0.
[13:01:16]  Finish Engaging.
[13:01:16]  Beacon Success : 0, Ping Success : 2
[13:01:19]  Tracking : Az 0, El 0.
