2025-12-29 12:43
[12:43:40]  Connect to Switch Box.............Success.
[12:43:40]  Connect to Rotator................Success.
[12:43:40]  Connect to GS100..................Success.
[12:43:40]  TM Port 13 bind success.
[12:43:40]  BCN Port 31 bind success.
[12:43:40]  RPT Port 25 bind success.
[12:43:40]  Event Port 27 bind success.
[12:43:40]  COSMIC Beacon Port 23 bind success.
[12:43:40]  COSMIC Report Port 24 bind success.
[12:48:25]  TLE "cubesat" Download Completed.
[13:00:42]  Start Engaging.
[13:00:42]  Tracking : Az 173, El 0.
[13:00:44]  Tracking : Az 173, El 0.
[13:00:45]  Start Doppler Correction.
[13:00:46]  Tracking : Az 173, El 0.
[13:00:48]  Tracking : Az 173, El 0.
[13:00:50]  Tracking : Az 173, El 0.
[13:00:52]  Tracking : Az 173, El 0.
[13:00:54]  Tracking : Az 173, El 0.
[13:00:56]  Tracking : Az 173, El 0.
[13:00:58]  Tracking : Az 173, El 0.
[13:01:00]  Tracking : Az 173, El 0.
[13:01:02]  Tracking : Az 173, El 0.
[13:01:04]  Tracking : Az 173, El 0.
[13:01:06]  Tracking : Az 173, El 0.
[13:01:08]  Tracking : Az 173, El 0.
[13:01:10]  Tracking : Az 173, El 0.
[13:01:12]  Tracking : Az 173, El 0.
[13:02:55]  Forked Safe Amplifier Process.(ON, Timer)
[13:03:00]  Ping Failed.
[13:03:13]  Ping Failed.
[13:03:28]  Ping Failed.
[13:03:31]  Tracking : Az 174, El 3.
[13:03:51]  Ping Failed.
[13:04:03]  Ping Failed.
[13:04:10]  Tracking : Az 175, El 6.
[13:04:12]  Tracking : Az 175, El 6.
[13:04:14]  Ping Failed.
[13:04:33]  Ping Failed.
[13:04:45]  Tracking : Az 176, El 9.
[13:04:47]  Tracking : Az 176, El 9.
[13:04:51]  Ping Success at node 5, 473ms
[13:04:54]  AX100 Boot Count : 22230
[13:04:57]  Ping Success at node 5, 471ms
[13:05:04]  Ping Failed at node 3.
[13:05:05]  Tracking : Az 177, El 11.
[13:05:08]  Ping Failed.
[13:05:14]  Ping Failed.
[13:05:23]  Ping Failed.
[13:05:25]  Tracking : Az 177, El 13.
[13:05:37]  Ping Failed.
[13:05:48]  Tracking : Az 179, El 16.
[13:05:52]  Ping Failed.
[13:06:03]  Tracking : Az 179, El 18.
[13:06:15]  Ping Failed.
[13:06:18]  Tracking : Az 181, El 20.
[13:06:24]  Ping Failed at node 3.
[13:06:29]  Ping Failed.
[13:06:34]  Tracking : Az 182, El 23.
[13:06:41]  Ping Failed.
[13:06:50]  Tracking : Az 183, El 26.
[13:06:54]  Ping Failed.
[13:06:57]  Ping Failed.
[13:07:02]  Ping Failed.
[13:07:04]  Tracking : Az 185, El 29.
[13:07:09]  Ping Success at node 5, 468ms
[13:07:13]  Ping Failed at node 3.
[13:07:16]  Tracking : Az 187, El 32.
[13:07:17]  Ping Failed.
[13:07:20]  Ping Success at node 5, 458ms
[13:07:24]  Ping Failed at node 3.
[13:07:25]  Ping Success at node 5, 456ms
[13:07:27]  Tracking : Az 189, El 35.
[13:07:27]  AX100 Boot Count : 22230
[13:07:32]  Ping Failed at node 3.
[13:07:38]  Tracking : Az 191, El 38.
[13:07:41]  Tracking : Az 192, El 39.
[13:07:41]  Ping Success at node 5, 461ms
[13:07:45]  Ping Failed at node 3.
[13:07:50]  Tracking : Az 195, El 42.
[13:07:51]  Ping Failed at node 3.
[13:07:53]  Tracking : Az 196, El 43.
[13:07:56]  Ping Failed at node 3.
[13:07:56]  Ping Success at node 5, 458ms
[13:07:58]  Ping Success at node 5, 458ms
[13:07:59]  Ping Success at node 5, 466ms
[13:07:59]  Tracking : Az 198, El 45.
[13:08:00]  AX100 Boot Count : 22230
[13:08:04]  Remote Param Control OK. tx_pwr : 3
[13:08:06]  Tracking : Az 201, El 47.
[13:08:06]  Remote Param Control OK. Last RSSI : -94
[13:08:07]  Remote Param Control OK. Active Conf : 1
[13:08:11]  Remote Param Control OK. csp_rtable : 0/0 AX100, 3/5 CAN
[13:08:12]  Tracking : Az 204, El 50.
[13:08:14]  Tracking : Az 205, El 50.
[13:08:17]  Tracking : Az 206, El 52.
[13:08:17]  Ping Failed at node 3.
[13:08:19]  Ping Success at node 5, 467ms
[13:08:20]  Tracking : Az 208, El 53.
[13:08:25]  Tracking : Az 212, El 55.
[13:08:27]  Tracking : Az 213, El 55.
[13:08:31]  Tracking : Az 216, El 57.
[13:08:33]  Tracking : Az 218, El 58.
[13:08:35]  [OK]CMD Packet Header: 0x18 0x23 0xc0 0x0 0x0 0x1 0x6 0x3
[13:08:36]  Tracking : Az 221, El 59.
[13:08:37]  [OK]CMD Packet Header: 0x18 0x23 0xc0 0x0 0x0 0x1 0x6 0x3
[13:08:38]  [OK]CMD Packet Header: 0x18 0x23 0xc0 0x0 0x0 0x1 0x6 0x3
[13:08:39]  Tracking : Az 224, El 60.
[13:08:41]  Tracking : Az 226, El 60.
[13:08:44]  Tracking : Az 230, El 61.
[13:08:46]  Tracking : Az 232, El 62.
[13:08:48]  Tracking : Az 235, El 62.
[13:08:50]  Tracking : Az 237, El 63.
[13:08:50]  [OK]CMD Packet Header: 0x18 0x20 0xc0 0x0 0x0 0x5 0x7 0xd
[13:08:51]  [OK]CMD Packet Header: 0x18 0x20 0xc0 0x0 0x0 0x5 0x7 0xd
[13:08:52]  [OK]CMD Packet Header: 0x18 0x20 0xc0 0x0 0x0 0x5 0x7 0xd
[13:08:53]  Tracking : Az 241, El 63.
[13:08:53]  [OK]CMD Packet Header: 0x18 0x20 0xc0 0x0 0x0 0x5 0x7 0xd
[13:08:55]  Tracking : Az 244, El 63.
[13:08:57]  Tracking : Az 247, El 64.
[13:08:57]  [OK]CMD Packet Header: 0x18 0x23 0xc0 0x0 0x0 0x1 0x1b 0x1e
[13:08:57]  [OK]CMD Packet Header: 0x18 0x23 0xc0 0x0 0x0 0x8 0x2 0x18
[13:08:58]  [OK]CMD Packet Header: 0x18 0x19 0xc0 0x0 0x0 0x5 0x0 0x29
[13:08:59]  Tracking : Az 250, El 64.
[13:09:00]  [OK]CMD Packet Header: 0x18 0x23 0xc0 0x0 0x0 0x1 0x1b 0x1e
[13:09:00]  [OK]CMD Packet Header: 0x18 0x23 0xc0 0x0 0x0 0x8 0x2 0x18
[13:09:01]  Tracking : Az 253, El 64.
[13:09:01]  [OK]CMD Packet Header: 0x18 0x19 0xc0 0x0 0x0 0x5 0x0 0x29
[13:09:03]  Tracking : Az 256, El 64.
[13:09:03]  [OK]CMD Packet Header: 0x18 0x23 0xc0 0x0 0x0 0x1 0x1b 0x1e
[13:09:03]  [OK]CMD Packet Header: 0x18 0x23 0xc0 0x0 0x0 0x8 0x2 0x18
[13:09:03]  [OK]CMD Packet Header: 0x18 0x19 0xc0 0x0 0x0 0x5 0x0 0x29
[13:09:05]  Tracking : Az 259, El 64.
[13:09:07]  Tracking : Az 263, El 64.
[13:09:09]  Tracking : Az 266, El 64.
[13:09:11]  Tracking : Az 269, El 64.
[13:09:12]  Ping Failed at node 3.
[13:09:13]  Tracking : Az 272, El 64.
[13:09:13]  Ping Success at node 5, 462ms
[13:09:15]  Tracking : Az 275, El 63.
[13:09:17]  Tracking : Az 277, El 63.
[13:09:18]  Ping Failed at node 3.
[13:09:18]  Ping Success at node 5, 457ms
[13:09:19]  Tracking : Az 280, El 63.
[13:09:21]  Tracking : Az 283, El 62.
[13:09:23]  Ping Failed at node 3.
[13:09:23]  Tracking : Az 285, El 62.
[13:09:24]  Ping Success at node 5, 457ms
[13:09:25]  Tracking : Az 288, El 61.
[13:09:27]  Tracking : Az 290, El 60.
[13:09:28]  Ping Failed at node 3.
[13:09:29]  Ping Success at node 5, 463ms
[13:09:30]  Tracking : Az 293, El 60.
[13:09:32]  Tracking : Az 295, El 59.
[13:09:33]  Ping Failed at node 3.
[13:09:34]  Ping Success at node 5, 468ms
[13:09:35]  Tracking : Az 298, El 58.
[13:09:37]  Tracking : Az 300, El 57.
[13:09:38]  Ping Failed at node 3.
[13:09:39]  Tracking : Az 302, El 56.
[13:09:39]  Ping Success at node 5, 457ms
[13:09:43]  Tracking : Az 305, El 55.
[13:09:43]  Ping Failed at node 3.
[13:09:46]  Tracking : Az 307, El 54.
[13:09:47]  [OK]CMD Packet Header: 0x18 0x23 0xc0 0x0 0x0 0x1 0x1b 0x1e
[13:09:47]  [OK]CMD Packet Header: 0x18 0x23 0xc0 0x0 0x0 0x8 0x2 0x18
[13:09:47]  [OK]CMD Packet Header: 0x18 0x19 0xc0 0x0 0x0 0x5 0x0 0x29
[13:09:48]  Tracking : Az 308, El 53.
[13:09:50]  [OK]CMD Packet Header: 0x18 0x23 0xc0 0x0 0x0 0x1 0x1b 0x1e
[13:09:51]  [OK]CMD Packet Header: 0x18 0x23 0xc0 0x0 0x0 0x8 0x2 0x18
[13:09:51]  [OK]CMD Packet Header: 0x18 0x19 0xc0 0x0 0x0 0x5 0x0 0x29
[13:09:52]  Tracking : Az 311, El 52.
[13:09:53]  [OK]CMD Packet Header: 0x18 0x23 0xc0 0x0 0x0 0x1 0x1b 0x1e
[13:09:54]  [OK]CMD Packet Header: 0x18 0x23 0xc0 0x0 0x0 0x8 0x2 0x18
[13:09:54]  Tracking : Az 312, El 51.
[13:09:54]  [OK]CMD Packet Header: 0x18 0x19 0xc0 0x0 0x0 0x5 0x0 0x29
[13:09:59]  Ping Failed.
[13:10:00]  Tracking : Az 315, El 48.
[13:10:02]  Tracking : Az 316, El 48.
[13:10:03]  Ping Failed.
[13:10:06]  Tracking : Az 318, El 46.
[13:10:08]  Cannot Load Remote Parameter.
[13:10:12]  Ping Failed.
[13:10:14]  Tracking : Az 321, El 43.
[13:10:17]  Tracking : Az 322, El 42.
[13:10:19]  Ping Success at node 5, 463ms
[13:10:23]  Tracking : Az 324, El 40.
[13:10:24]  Ping Failed at node 3.
[13:10:24]  AX100 Boot Count : 22230
[13:10:26]  Ping Success at node 5, 467ms
[13:10:31]  Ping Failed at node 3.
[13:10:35]  Tracking : Az 327, El 37.
[13:10:37]  Ping Success at node 5, 463ms
[13:10:37]  Tracking : Az 327, El 36.
[13:10:41]  Ping Failed at node 3.
[13:10:42]  Ping Success at node 5, 463ms
[13:10:46]  Ping Failed at node 3.
[13:10:47]  Tracking : Az 329, El 33.
[13:10:47]  Ping Success at node 5, 465ms
[13:10:51]  Ping Failed at node 3.
[13:10:52]  Ping Success at node 5, 470ms
[13:10:56]  Ping Failed at node 3.
[13:10:58]  Tracking : Az 331, El 30.
[13:10:58]  Ping Success at node 5, 462ms
[13:11:02]  Ping Failed at node 3.
[13:11:03]  Ping Success at node 5, 459ms
[13:11:07]  Ping Failed at node 3.
[13:11:16]  Tracking : Az 333, El 26.
[13:11:25]  Ping Failed at node 3.
[13:11:26]  Ping Success at node 5, 471ms
[13:11:31]  Ping Failed at node 3.
[13:11:32]  Ping Success at node 5, 464ms
[13:11:37]  Tracking : Az 335, El 22.
[13:11:37]  Ping Failed at node 3.
[13:11:38]  Ping Success at node 5, 458ms
[13:11:39]  Tracking : Az 336, El 22.
[13:11:42]  Ping Failed at node 3.
[13:11:43]  Ping Success at node 5, 470ms
[13:11:47]  Ping Failed at node 3.
[13:11:49]  Ping Success at node 5, 471ms
[13:11:52]  Ping Failed at node 3.
[13:11:54]  Ping Success at node 5, 459ms
[13:11:55]  Tracking : Az 337, El 19.
[13:11:59]  Ping Failed at node 3.
[13:12:00]  Ping Success at node 5, 471ms
[13:12:04]  Ping Failed at node 3.
[13:12:06]  Ping Success at node 5, 462ms
[13:12:10]  Ping Failed at node 3.
[13:12:11]  AX100 Boot Count : 22230
[13:12:14]  Remote Param Control OK. tx_baud : 4800
[13:12:15]  Tracking : Az 338, El 16.
[13:12:15]  Remote Param Control OK. rx_baud : 4800
[13:12:17]  Remote Param Control OK. tx_guard : 50
[13:12:18]  Remote Param Control OK. rx_guard : 0
[13:12:20]  Remote Param Control OK. Last RSSI : -99
[13:12:23]  Remote Param Control OK. can_en : true
[13:12:24]  Total RX Bytes : 41227
[13:12:25]  Remote Param Control OK. rssi_busy : 0
[13:12:27]  AX100 Boot Count : 22230
[13:12:34]  Ping Failed at node 3.
[13:12:35]  Ping Success at node 5, 462ms
[13:12:45]  Ping Failed at node 3.
[13:12:48]  Tracking : Az 340, El 12.
[13:12:50]  Tracking : Az 340, El 12.
[13:12:51]  Ping Failed at node 6.
[13:12:56]  Ping Failed at node 3.
[13:12:59]  Ping Failed.
[13:13:03]  Ping Failed.
[13:13:10]  Ping Success at node 5, 471ms
[13:13:15]  Ping Failed at node 3.
[13:13:17]  Tracking : Az 341, El 9.
[13:13:20]  Ping Failed at node 3.
[13:13:21]  Ping Success at node 5, 475ms
[13:13:25]  Ping Failed at node 3.
[13:13:28]  Ping Success at node 5, 464ms
[13:13:29]  Tracking : Az 342, El 8.
[13:13:32]  Ping Failed at node 3.
[13:13:34]  Ping Success at node 5, 475ms
[13:13:38]  Ping Failed at node 3.
[13:13:40]  Ping Success at node 5, 466ms
[13:13:45]  Ping Failed at node 3.
[13:13:46]  Ping Success at node 5, 462ms
[13:13:51]  Ping Failed at node 3.
[13:13:53]  Ping Success at node 5, 475ms
[13:13:57]  Ping Failed at node 3.
[13:13:59]  Ping Success at node 5, 474ms
[13:14:03]  Ping Failed at node 3.
[13:14:06]  Ping Success at node 5, 477ms
[13:14:11]  Ping Failed at node 3.
[13:14:14]  Ping Success at node 5, 463ms
[13:14:15]  Tracking : Az 343, El 4.
[13:14:19]  Ping Failed at node 3.
[13:14:21]  Ping Success at node 5, 467ms
[13:14:26]  Ping Failed at node 3.
[13:14:30]  Ping Success at node 5, 478ms
[13:14:35]  Ping Failed at node 3.
[13:14:38]  Cannot Load Remote Parameter.
[13:14:39]  Ping Success at node 5, 480ms
[13:14:43]  Cannot Load Remote Parameter.
[13:14:46]  Ping Failed.
[13:14:49]  Cannot Load Remote Parameter.
[13:15:03]  Ping Failed at node 3.
[13:15:06]  Ping Failed.
[13:15:12]  Tracking : Az 344, El 0.
[13:15:12]  Ping Failed at node 3.
[13:15:15]  Ping Failed.
[13:15:18]  Forked Safe Amplifier Process. (OFF)
[13:15:24]  Finish Engaging.
[13:15:24]  Beacon Success : 0, Ping Success : 46
[13:15:24]  Tracking : Az 0, El 0.
