2026-01-09 19:47
[19:47:27]  Connect to Switch Box.............Success.
[19:47:27]  Connect to Rotator................Success.
[19:47:27]  Connect to GS100..................Success.
[19:47:27]  TM Port 13 bind success.
[19:47:27]  BCN Port 31 bind success.
[19:47:27]  RPT Port 25 bind success.
[19:47:27]  Event Port 27 bind success.
[19:47:27]  COSMIC Beacon Port 23 bind success.
[19:47:27]  COSMIC Report Port 24 bind success.
[19:47:42]  TLE "active" Download Completed.
[19:47:50]  [Auto]Start AutoPilot.
[19:47:50]  [Auto]Start Autopilot. Next Valuable AOS : 1/9 19:47:45
[19:47:50]  [Auto]Max Elevation : 25.07° Please Keep Devices On.
[19:47:50]  [Auto]Start Engaging.
[19:47:50]  [Auto]Start Doppler Correction.
[19:47:50]  [DBG][AMP] enter: SatIndex=6 Path=0 min_to_los=1319.746 Autopilot=1
[19:47:50]  Tracking : Az 119, El 23.
[19:47:51]  [DBG][AMP] waiting: min_to_los=1319.733 (cond: 1319.733 > 15) now=1/9 10:47:51
[19:47:52]  [DBG][AMP] waiting: min_to_los=1319.717 (cond: 1319.717 > 15) now=1/9 10:47:52
[19:47:52]  Tracking : Az 119, El 23.
[19:47:53]  [DBG][AMP] waiting: min_to_los=1319.700 (cond: 1319.700 > 15) now=1/9 10:47:53
[19:47:54]  [DBG][AMP] waiting: min_to_los=1319.683 (cond: 1319.683 > 15) now=1/9 10:47:54
[19:47:54]  Tracking : Az 119, El 23.
[19:47:55]  [DBG][AMP] waiting: min_to_los=1319.667 (cond: 1319.667 > 15) now=1/9 10:47:55
[19:47:56]  [DBG][AMP] waiting: min_to_los=1319.650 (cond: 1319.650 > 15) now=1/9 10:47:56
[19:47:56]  Tracking : Az 119, El 23.
[19:47:57]  [DBG][AMP] waiting: min_to_los=1319.633 (cond: 1319.633 > 15) now=1/9 10:47:57
[19:47:58]  [DBG][AMP] waiting: min_to_los=1319.617 (cond: 1319.617 > 15) now=1/9 10:47:58
[19:47:58]  Tracking : Az 119, El 23.
[19:47:59]  [DBG][AMP] waiting: min_to_los=1319.600 (cond: 1319.600 > 15) now=1/9 10:47:59
[19:48:00]  [DBG][AMP] waiting: min_to_los=1319.583 (cond: 1319.583 > 15) now=1/9 10:48:00
[19:48:00]  Tracking : Az 119, El 23.
[19:48:01]  [DBG][AMP] waiting: min_to_los=1319.567 (cond: 1319.567 > 15) now=1/9 10:48:01
[19:48:02]  [DBG][AMP] waiting: min_to_los=1319.550 (cond: 1319.550 > 15) now=1/9 10:48:02
[19:48:02]  Tracking : Az 119, El 23.
[19:48:03]  [DBG][AMP] waiting: min_to_los=1319.533 (cond: 1319.533 > 15) now=1/9 10:48:03
[19:48:04]  [DBG][AMP] waiting: min_to_los=1319.517 (cond: 1319.517 > 15) now=1/9 10:48:04
[19:48:04]  Tracking : Az 119, El 23.
[19:48:05]  [DBG][AMP] waiting: min_to_los=1319.500 (cond: 1319.500 > 15) now=1/9 10:48:05
[19:48:06]  [DBG][AMP] waiting: min_to_los=1319.483 (cond: 1319.483 > 15) now=1/9 10:48:06
[19:48:06]  Tracking : Az 119, El 23.
[19:48:07]  [DBG][AMP] waiting: min_to_los=1319.467 (cond: 1319.467 > 15) now=1/9 10:48:07
[19:48:08]  [DBG][AMP] waiting: min_to_los=1319.450 (cond: 1319.450 > 15) now=1/9 10:48:08
[19:48:08]  Tracking : Az 119, El 23.
[19:48:09]  [DBG][AMP] waiting: min_to_los=1319.433 (cond: 1319.433 > 15) now=1/9 10:48:09
[19:48:10]  [DBG][AMP] waiting: min_to_los=1319.417 (cond: 1319.417 > 15) now=1/9 10:48:10
[19:48:10]  Tracking : Az 119, El 23.
[19:48:11]  [DBG][AMP] waiting: min_to_los=1319.400 (cond: 1319.400 > 15) now=1/9 10:48:11
[19:48:12]  [DBG][AMP] waiting: min_to_los=1319.383 (cond: 1319.383 > 15) now=1/9 10:48:12
[19:48:12]  [DBG][AMP] exit-wait: min_to_los=1319.383 Autopilot=0
[19:48:12]  [Auto]Stop Doppler Correction.
[19:48:13]  [Auto]Finish Engaging.
[19:48:13]  Tracking : Az 0, El 0.
[19:48:14]  [Auto]Beacon Success : 0, Ping Success : 0 CMD Success : 0
[19:50:32]  [Auto]Start AutoPilot.
[19:50:32]  [Auto]Start Autopilot. Next Valuable AOS : 1/9 19:50:26
[19:50:32]  [Auto]Max Elevation : 12.22° Please Keep Devices On.
[19:50:32]  [Auto]Start Engaging.
[19:50:32]  [Auto]Start Doppler Correction.
[19:50:32]  Tracking : Az 36, El 3.
[19:50:32]  [DBG][AMP] enter: SatIndex=343 Path=0 min_to_los=10.171 Autopilot=1
[19:50:32]  [DBG][AMP] exit-wait: min_to_los=10.183 Autopilot=1
[19:50:32]  Forked Safe Amplifier Process.(ON, Timer)
[19:50:34]  Tracking : Az 37, El 3.
[10:50:36]  Ping Failed.
[19:50:36]  Tracking : Az 37, El 3.
[19:50:38]  Tracking : Az 37, El 3.
[19:50:39]  Ping Failed.
[19:50:42]  Generated Command Message.
[19:50:42]  Generated Command Message.
[19:50:42]  Ping Failed.
[19:50:42]  Generated Command Message.
[19:50:46]  Ping Failed.
[19:50:49]  Ping Failed.
[19:50:52]  Ping Failed.
[19:50:56]  Ping Failed.
[19:50:58]  Tracking : Az 40, El 4.
[19:50:59]  Ping Failed.
[19:50:59]  [Auto]Autopilot Stopped by User.
[19:50:59]  [Auto]Stop Doppler Correction.
[19:51:00]  [Auto]Finish Engaging.
[19:51:00]  Tracking : Az 0, El 0.
[19:51:01]  [Auto]Beacon Success : 0, Ping Success : 0 CMD Success : 0
[19:51:04]  Generated Command Message.
[19:51:04]  Generated Command Message.
[19:51:04]  Generated Command Message.
[19:51:08]  [Auto]Start AutoPilot.
[19:51:08]  [Auto]Start Autopilot. Next Valuable AOS : 1/9 19:50:26
[19:51:08]  [Auto]Max Elevation : 12.22° Please Keep Devices On.
[19:51:08]  [Auto]Start Engaging.
[19:51:08]  [Auto]Start Doppler Correction.
[19:51:08]  Tracking : Az 41, El 5.
[19:51:08]  [DBG][AMP] enter: SatIndex=343 Path=0 min_to_los=9.567 Autopilot=1
[19:51:08]  [DBG][AMP] exit-wait: min_to_los=9.583 Autopilot=1
[19:51:08]  Cannot Turn on AMP Now. Wati until the timer goes on.
[19:51:08]  If you don't want it, restart the software.
[19:51:08]  Remind the AMP would be turned off after the timer goes on
[19:51:08]  even if you restart the software.
[19:51:10]  Tracking : Az 41, El 5.
[19:51:12]  Tracking : Az 41, El 5.
[19:51:14]  Tracking : Az 42, El 5.
[19:51:16]  Tracking : Az 42, El 5.
[19:51:28]  Tracking : Az 44, El 6.
[19:51:31]  Forked Safe Amplifier Process.(ON, Timer)
[19:51:31]  [Auto]Autopilot Stopped by User.
[19:51:31]  [Auto]Stop Doppler Correction.
[19:51:31]  [Auto]Finish Engaging.
[19:51:31]  Tracking : Az 0, El 0.
[19:51:32]  [Auto]Beacon Success : 0, Ping Success : 0 CMD Success : 0
