2026-07-22 18:26
[18:26:18]  Connect to Switch Box..............Failed.
[18:26:18]  Connect to Rotator.................Failed.
[18:26:18]  Connect to GS100..................Success.
[18:26:18]  BEE-1000 BCN Port 31 bind success.
[18:26:18]  BEE-1000 RPT Port 25 bind success.
[18:26:18]  Rotator Read Failed. Please Check Again.
[18:26:18]  BEE-1000 Event Port 27 bind success.
[18:26:18]  BEE-100 FM Port 23 bind success.
[18:26:18]  UEL-Y-Sys. BCN Port 12 bind success.
[18:26:18]  UEL-Y-Sys. RPT Port 10 bind success.
[18:26:18]  UEL-Y-Sys. Event Port 11 bind success.
[18:26:18]  UEL-Y-Sys. FM Port 14 bind success.
[18:26:18]  BEE-1012 BCN Port 17 bind success.
[18:26:18]  BEE-1012 RPT Port 15 bind success.
[18:26:18]  BEE-1012 Event Port 16 bind success.
[18:26:18]  BEE-1012 FM Port 18 bind success.
[18:26:18]  BEE-1012 AIOBC Port 29 bind success.
[18:33:58]  Ping Failed at node 14.
[18:33:59]  Ping Success at node 5, 461ms
[18:34:03]  Ping Failed at node 14.
[18:34:06]  Ping Failed at node 10.
[18:37:07]  Ping Success at node 14, 458ms
[18:39:14]  Ping Success at node 14, 457ms
[18:39:55]  [OK]CMD Packet Header: 0x18 0xf0 0xc0 0x0 0x0 0x1 0x1 0xd7
[18:39:56]  Received AIOBC TM from port : 29.

[18:42:00]  DataChunk generated. Magic=0x465A, RawDataLength=136, ChunkCRC32=0x82D6C0E9, PacketCRC=0xF0, PacketLength=154
[18:42:00]  [OK]CMD Packet Header: 0x0 0x0 0x0 0x0 0x0 0x0 0x0 0xf0
[18:42:18]  DataChunk generated. Magic=0x465A, RawDataLength=136, ChunkCRC32=0x82D6C0E9, PacketCRC=0xF0, PacketLength=154
[18:42:18]  [OK]CMD Packet Header: 0x0 0x0 0x0 0x0 0x0 0x0 0x0 0xf0
[18:43:21]  [OK]CMD Packet Header: 0x18 0xf0 0xc0 0x0 0x0 0xb5 0x3 0x61
[18:43:22]  Received AIOBC TM from port : 29.

[18:43:32]  [OK]CMD Packet Header: 0x18 0xf0 0xc0 0x0 0x0 0x1 0x1 0xd7
[18:43:33]  Received AIOBC TM from port : 29.

[18:44:46]  DataChunk generated. Magic=0x465A, RawDataLength=136, ChunkCRC32=0x82D6C0E9, PacketCRC=0xF0, PacketLength=154
[18:44:46]  [OK]CMD Packet Header: 0x0 0x0 0x0 0x0 0x0 0x0 0x0 0xf0
