2025-12-15 00:48
[00:48:38]  Connect to Switch Box.............Success.
[00:48:38]  Connect to Rotator................Success.
[00:48:38]  Connect to GS100..................Success.
[00:48:38]  TM Port 13 bind success.
[00:48:38]  BCN Port 31 bind success.
[00:48:38]  RPT Port 25 bind success.
[00:48:41]  TLE "cubesat" Download Completed.
[00:48:45]  Start Engaging.
[00:48:45]  Tracking : Az 127, El 13.
[00:48:46]  Start Doppler Correction.
[00:48:47]  Forked Safe Amplifier Process.(ON, Timer)
[00:48:48]  Ping Success at node 5, 467ms
[00:48:56]  [OK]CMD Packet Header: 0x18 0x75 0xc0 0x0 0x0 0x1 0x14 0x47
[00:48:56]  Tracking : Az 130, El 12.
[00:49:11]  Tracking : Az 133, El 11.
[00:49:27]  Tracking : Az 136, El 10.
[00:49:31]  [OK]CMD Packet Header: 0x18 0x75 0xc0 0x0 0x0 0x1 0x14 0x47
[00:49:44]  Tracking : Az 139, El 9.
[00:50:03]  Tracking : Az 142, El 8.
[00:50:24]  Tracking : Az 145, El 6.
[00:50:24]  Forked Safe Amplifier Process. (OFF)
[00:50:28]  Finish Engaging.
[00:50:28]  Beacon Success : 0, Ping Success : 1
[00:50:29]  Tracking : Az 0, El 0.
