2026-02-06 11:45
[11:45:29]  Connect to Switch Box.............Success.
[11:45:29]  Connect to Rotator................Success.
[11:45:29]  Connect to GS100..................Success.
[11:45:29]  TM Port 13 bind success.
[11:45:29]  BCN Port 31 bind success.
[11:45:29]  RPT Port 25 bind success.
[11:45:29]  Event Port 27 bind success.
[11:45:29]  COSMIC Beacon Port 23 bind success.
[11:45:29]  COSMIC Report Port 24 bind success.
[11:46:00]  TLE "active" Download Completed.
[12:36:38]  Start Engaging.
[12:36:38]  Tracking : Az 164, El 0.
[12:36:39]  Start Doppler Correction.
[12:36:40]  Tracking : Az 164, El 0.
[12:36:42]  Tracking : Az 164, El 0.
[12:36:44]  Tracking : Az 164, El 0.
[12:36:46]  Tracking : Az 164, El 0.
[12:47:06]  Forked Safe Amplifier Process.(ON, Timer)
[12:47:15]  Ping Success at node 5, 467ms
[12:47:29]  Tracking : Az 164, El 3.
[12:47:43]  Tracking : Az 164, El 4.
[12:47:49]  [OK]CMD Packet Header: 0x18 0x23 0xc0 0x0 0x0 0x8 0x2 0x6
[12:47:57]  Ping Failed.
[12:48:02]  Ping Failed.
[12:48:07]  Ping Failed.
[12:48:08]  Tracking : Az 163, El 6.
[12:48:12]  Ping Failed.
[12:48:19]  Ping Failed.
[12:48:26]  Ping Failed.
[12:48:33]  Ping Failed.
[12:48:38]  Ping Failed.
[12:48:42]  Tracking : Az 163, El 9.
[12:48:43]  Ping Failed.
[12:48:47]  Ping Failed.
[12:48:52]  Ping Failed.
[12:49:02]  Tracking : Az 163, El 11.
[12:49:02]  Ping Failed.
[12:49:07]  Ping Failed.
[12:49:16]  Ping Failed.
[12:49:20]  Tracking : Az 163, El 13.
[12:49:28]  Ping Failed.
[12:49:33]  Ping Failed.
[12:49:40]  Ping Failed.
[12:49:44]  Tracking : Az 163, El 16.
[12:49:47]  Ping Failed.
[12:49:54]  Ping Failed.
[12:49:59]  Tracking : Az 162, El 18.
[12:50:11]  Ping Failed.
[12:50:16]  Ping Failed.
[12:50:17]  Tracking : Az 162, El 21.
[12:50:23]  Ping Failed.
[12:50:34]  Tracking : Az 162, El 24.
[12:50:40]  Ping Failed.
[12:50:48]  Tracking : Az 161, El 27.
[12:50:54]  Ping Failed.
[12:51:01]  Tracking : Az 161, El 30.
[12:51:06]  Ping Success at node 5, 468ms
[12:51:10]  Ping Failed.
[12:51:12]  Tracking : Az 160, El 33.
[12:51:12]  Ping Success at node 5, 465ms
[12:51:13]  Ping Success at node 5, 461ms
[12:51:15]  [OK]CMD Packet Header: 0x18 0x23 0xc0 0x0 0x0 0x8 0x2 0x6
[12:51:15]  Received Event from port : 27.

[12:51:22]  Tracking : Az 160, El 36.
[12:51:22]  Received Event from port : 27.

[12:51:29]  [OK]CMD Packet Header: 0x18 0x65 0xc0 0x0 0x0 0x4 0x65 0x22
[12:51:31]  Tracking : Az 159, El 39.
[12:51:32]  Received Event from port : 27.

[12:51:35]  Received Event from port : 27.

[12:51:39]  Tracking : Az 158, El 42.
[12:51:47]  Tracking : Az 157, El 45.
[12:51:52]  Received Event from port : 27.

[12:51:54]  Tracking : Az 157, El 48.
[12:52:00]  Tracking : Az 156, El 51.
[12:52:06]  Tracking : Az 154, El 54.
[12:52:08]  [OK]CMD Packet Header: 0x18 0x75 0xc0 0x0 0x0 0x1 0x14 0x47
[12:52:12]  Tracking : Az 153, El 57.
[12:52:12]  Received Event from port : 27.

[12:52:16]  Received Event from port : 27.

[12:52:16]  [OK]CMD Packet Header: 0x18 0x75 0xc0 0x0 0x0 0x1 0x14 0x47
[12:52:18]  Tracking : Az 151, El 60.
[12:52:18]  Received Report from port : 25.
[12:52:20]  Received Report from port : 25.
[12:52:22]  Received Report from port : 25.
[12:52:23]  Tracking : Az 149, El 63.
[12:52:24]  Received Event from port : 27.

[12:52:28]  Tracking : Az 147, El 66.
[12:52:30]  [OK]CMD Packet Header: 0x18 0x75 0xc0 0x0 0x0 0x1 0x17 0x44
[12:52:31]  Received Report from port : 25.
[12:52:33]  Tracking : Az 143, El 69.
[12:52:33]  Received Report from port : 25.
[12:52:35]  Received Report from port : 25.
[12:52:36]  Tracking : Az 141, El 71.
[12:52:37]  Received Event from port : 27.

[12:52:39]  Tracking : Az 138, El 73.
[12:52:40]  [OK]CMD Packet Header: 0x18 0x75 0xc0 0x0 0x0 0x1 0x1a 0x49
[12:52:41]  Tracking : Az 135, El 74.
[12:52:41]  Received Report from port : 25.
[12:52:43]  Tracking : Az 132, El 75.
[12:52:43]  Received Report from port : 25.
[12:52:45]  Tracking : Az 129, El 76.
[12:52:45]  Received Report from port : 25.
[12:52:47]  Tracking : Az 125, El 77.
[12:52:47]  Received Event from port : 27.

[12:52:49]  Tracking : Az 120, El 78.
[12:52:51]  Tracking : Az 114, El 79.
[12:52:52]  Received Event from port : 27.

[12:52:53]  Tracking : Az 106, El 80.
[12:52:55]  Tracking : Az 98, El 81.
[12:52:57]  Tracking : Az 89, El 80.
[12:52:57]  Received Event from port : 27.

[12:52:59]  Tracking : Az 63, El 81.
[12:53:01]  Tracking : Az 68, El 80.
[12:53:02]  Received Event from port : 27.

[12:53:03]  Tracking : Az 45, El 80.
[12:53:04]  Start FTP Downlink.
[12:53:05]  Tracking : Az 49, El 80.
[12:53:07]  Tracking : Az 42, El 80.
[12:53:09]  Tracking : Az 35, El 79.
[12:53:09]  Received FTP Download Spec.
[12:53:09]  Received FTP Download Spec. Filesize : 0, CRC : 0.
[12:53:10]  Received FTP Status Request.
[12:53:10]  Start FTP Downlink. Total Chunk Size : 0
[12:53:11]  Tracking : Az 30, El 78.
[12:53:12]  FTP Transaction Completed.
[12:53:12]  Calculate FTP CRC. Remote : 0, Local : 0.
[12:53:13]  Tracking : Az 25, El 77.
[12:53:15]  Tracking : Az 22, El 76.
[12:53:17]  Tracking : Az 18, El 74.
[12:53:20]  Tracking : Az 14, El 73.
[12:53:23]  Tracking : Az 11, El 71.
[12:53:27]  Tracking : Az 8, El 68.
[12:53:32]  Tracking : Az 5, El 65.
[12:53:38]  Tracking : Az 2, El 62.
