2026-03-11 01:16
[01:16:42]  Connect to Switch Box.............Success.
[01:16:42]  Connect to Rotator................Success.
[01:16:42]  Connect to GS100..................Success.
[01:16:42]  TM Port 13 bind success.
[01:16:42]  BCN Port 31 bind success.
[01:16:42]  RPT Port 25 bind success.
[01:16:42]  Event Port 27 bind success.
[01:16:42]  COSMIC Beacon Port 23 bind success.
[01:16:42]  COSMIC Report Port 24 bind success.
[01:17:08]  TLE "cubesat" Download Completed.
[01:17:22]  Start Engaging.
[01:17:22]  Tracking : Az 12, El 0.
[01:17:23]  Start Doppler Correction.
[01:17:24]  Tracking : Az 12, El 0.
[01:35:06]  Forked Safe Amplifier Process.(ON, Timer)
[01:35:20]  Ping Failed.
[01:35:48]  Ping Failed.
[01:35:55]  Tracking : Az 12, El 3.
[01:35:59]  Ping Failed.
[01:36:06]  Ping Failed.
[01:36:28]  Ping Failed.
[01:36:35]  Tracking : Az 13, El 6.
[01:36:43]  Ping Failed.
[01:37:04]  Ping Failed.
[01:37:09]  Tracking : Az 13, El 9.
[01:37:13]  Ping Failed.
[01:37:30]  Tracking : Az 13, El 11.
[01:37:30]  Ping Failed.
[01:37:48]  Tracking : Az 14, El 13.
[01:37:49]  Ping Success at node 5, 464ms
[01:37:53]  Ping Success at node 5, 476ms
[01:37:58]  Ping Success at node 3, 476ms
[01:38:02]  Ping Success at node 3, 469ms
[01:38:10]  Tracking : Az 14, El 15.
[01:38:15]  Ping Success at node 5, 460ms
[01:38:18]  Ping Success at node 3, 477ms
[01:38:20]  Tracking : Az 14, El 17.
[01:38:40]  Tracking : Az 14, El 20.
[01:38:58]  Tracking : Az 15, El 23.
[01:39:13]  Tracking : Az 15, El 26.
[01:39:26]  Tracking : Az 16, El 29.
[01:39:38]  Tracking : Az 16, El 32.
[01:39:39]  Ping Success at node 3, 472ms
[01:39:49]  Tracking : Az 17, El 35.
[01:39:58]  Tracking : Az 17, El 38.
[01:40:07]  Tracking : Az 18, El 41.
[01:40:10]  Tracking : Az 18, El 42.
[01:40:15]  Ping Success at node 3, 461ms
[01:40:17]  Tracking : Az 19, El 45.
[01:40:25]  Tracking : Az 20, El 48.
[01:40:31]  Tracking : Az 21, El 51.
[01:40:37]  Tracking : Az 22, El 54.
[01:40:43]  Tracking : Az 23, El 57.
[01:40:49]  Tracking : Az 24, El 60.
[01:40:50]  Ping Success at node 3, 473ms
[01:40:52]  Tracking : Az 25, El 62.
[01:40:57]  Tracking : Az 27, El 65.
[01:41:02]  Tracking : Az 30, El 68.
[01:41:07]  Tracking : Az 33, El 71.
[01:41:10]  Tracking : Az 35, El 73.
[01:41:14]  Tracking : Az 40, El 75.
[01:41:16]  Tracking : Az 43, El 76.
[01:41:18]  Tracking : Az 46, El 77.
[01:41:20]  Tracking : Az 51, El 78.
[01:41:22]  Tracking : Az 56, El 80.
[01:41:24]  Tracking : Az 62, El 81.
[01:41:26]  Tracking : Az 70, El 80.
[01:41:28]  Tracking : Az 97, El 82.
[01:41:30]  Tracking : Az 91, El 80.
[01:41:32]  Tracking : Az 120, El 80.
[01:41:34]  Tracking : Az 130, El 82.
[01:41:36]  Tracking : Az 125, El 80.
[01:41:38]  Tracking : Az 145, El 80.
[01:41:40]  Tracking : Az 151, El 79.
[01:41:42]  Tracking : Az 148, El 79.
[01:41:44]  Tracking : Az 153, El 78.
[01:41:46]  Tracking : Az 158, El 77.
[01:41:48]  Tracking : Az 161, El 76.
[01:41:51]  Tracking : Az 165, El 74.
[01:41:54]  Tracking : Az 168, El 72.
[01:41:57]  Tracking : Az 171, El 70.
[01:42:01]  Tracking : Az 174, El 68.
[01:42:06]  Tracking : Az 176, El 65.
[01:42:09]  Tracking : Az 177, El 63.
[01:42:14]  Tracking : Az 179, El 60.
[01:42:22]  Tracking : Az 181, El 56.
[01:42:24]  Tracking : Az 181, El 55.
[01:42:31]  Tracking : Az 183, El 51.
[01:42:34]  Tracking : Az 183, El 50.
[01:42:40]  Tracking : Az 184, El 47.
[01:42:50]  Tracking : Az 185, El 43.
[01:42:58]  Tracking : Az 186, El 40.
[01:43:06]  Tracking : Az 186, El 37.
[01:43:19]  Tracking : Az 187, El 33.
[01:43:30]  Tracking : Az 187, El 30.
[01:43:47]  Tracking : Az 188, El 26.
[01:43:52]  Ping Success at node 3, 466ms
[01:43:56]  Forked Safe Amplifier Process. (OFF)
[01:44:01]  Tracking : Az 188, El 23.
[01:44:03]  Finish Engaging.
[01:44:03]  Beacon Success : 0, Ping Success : 10
[01:44:07]  Tracking : Az 0, El 0.
