2025-12-29 11:33
[11:33:57]  Connect to Switch Box.............Success.
[11:33:57]  Connect to Rotator................Success.
[11:33:57]  Connect to GS100..................Success.
[11:33:57]  TM Port 13 bind success.
[11:33:57]  BCN Port 31 bind success.
[11:33:57]  RPT Port 25 bind success.
[11:33:57]  Event Port 27 bind success.
[11:33:57]  COSMIC Beacon Port 23 bind success.
[11:33:57]  COSMIC Report Port 24 bind success.
[11:34:19]  TLE "cubesat" Download Completed.
[11:57:58]  Start Engaging.
[11:58:03]  Start Doppler Correction.
[11:58:03]  Please load TLE or FDS. Stop Doppler Correction.
[11:58:09]  Start Doppler Correction.
[11:58:09]  Please load TLE or FDS. Stop Doppler Correction.
[11:58:24]  Finish Engaging.
[11:58:24]  Beacon Success : 0, Ping Success : 0
[11:58:37]  Start Engaging.
[11:58:37]  Tracking : Az 130, El 3.
[11:58:39]  Start Doppler Correction.
[11:58:39]  Tracking : Az 129, El 3.
[11:58:41]  Tracking : Az 129, El 3.
[11:58:43]  Forked Safe Amplifier Process.(ON, Timer)
[11:58:43]  Tracking : Az 129, El 3.
[11:58:45]  Tracking : Az 129, El 3.
[11:58:47]  Tracking : Az 129, El 3.
[11:58:49]  Tracking : Az 129, El 3.
[11:58:51]  Tracking : Az 128, El 3.
[11:58:53]  Tracking : Az 128, El 4.
[11:58:55]  Tracking : Az 128, El 4.
[11:58:57]  Tracking : Az 128, El 4.
[11:58:59]  Tracking : Az 128, El 4.
[11:59:09]  Ping Success at node 5, 473ms
[11:59:21]  Tracking : Az 125, El 5.
[11:59:36]  [OK]CMD Packet Header: 0x18 0x75 0xc0 0x0 0x0 0x1 0x14 0x47
[11:59:36]  Received Report from port : 25.
[11:59:39]  Received Report from port : 25.
[11:59:39]  Tracking : Az 123, El 7.
[11:59:41]  Received Report from port : 25.
[11:59:55]  [OK]CMD Packet Header: 0x18 0x75 0xc0 0x0 0x0 0x1 0x17 0x44
[11:59:56]  Received Report from port : 25.
[11:59:58]  Received Report from port : 25.
[12:00:00]  Received Report from port : 25.
[12:00:02]  Tracking : Az 120, El 8.
[12:00:23]  [OK]CMD Packet Header: 0x18 0x75 0xc0 0x0 0x0 0x1 0x1a 0x49
[12:00:23]  Tracking : Az 117, El 10.
[12:00:24]  Received Report from port : 25.
[12:00:26]  Received Report from port : 25.
[12:00:28]  Received Report from port : 25.
[12:00:42]  Tracking : Az 114, El 11.
[12:00:44]  [OK]CMD Packet Header: 0x18 0x75 0xc0 0x0 0x0 0x1 0x14 0x47
[12:00:45]  Received Report from port : 25.
[12:00:47]  Received Report from port : 25.
[12:00:49]  Received Report from port : 25.
[12:00:58]  Tracking : Az 112, El 13.
[12:01:06]  Tracking : Az 110, El 13.
[12:01:08]  Ping Success at node 5, 468ms
[12:01:19]  Tracking : Az 107, El 14.
[12:01:28]  Tracking : Az 105, El 15.
[12:01:41]  Tracking : Az 102, El 16.
[12:01:53]  Tracking : Az 99, El 17.
[12:02:00]  Tracking : Az 97, El 17.
[12:02:11]  Tracking : Az 94, El 18.
[12:02:21]  Tracking : Az 91, El 19.
[12:02:35]  Tracking : Az 87, El 19.
[12:02:44]  Tracking : Az 84, El 20.
[12:02:48]  Ping Success at node 5, 469ms
[12:02:53]  Tracking : Az 81, El 20.
[12:03:02]  Tracking : Az 78, El 21.
[12:03:11]  Tracking : Az 75, El 21.
[12:03:20]  Tracking : Az 72, El 21.
[12:03:26]  Tracking : Az 70, El 21.
[12:03:37]  Tracking : Az 66, El 21.
[12:03:43]  Tracking : Az 64, El 21.
[12:03:48]  Tracking : Az 62, El 21.
[12:03:54]  Tracking : Az 60, El 21.
[12:04:03]  Tracking : Az 57, El 20.
[12:04:12]  Tracking : Az 54, El 20.
[12:04:13]  [OK]CMD Packet Header: 0x18 0x31 0xc0 0x0 0x0 0x1 0x0 0x17
[12:04:14]  Received Report from port : 25.
[12:04:16]  Received Report from port : 25.
[12:04:18]  Received Report from port : 25.
[12:04:20]  Received Report from port : 25.
[12:04:21]  Tracking : Az 51, El 20.
[12:04:22]  Received Report from port : 25.
[12:04:24]  Received Report from port : 25.
[12:04:31]  Tracking : Az 48, El 19.
[12:04:39]  Tracking : Az 46, El 19.
[12:04:47]  Tracking : Az 43, El 18.
[12:04:58]  Tracking : Az 40, El 18.
[12:05:09]  Tracking : Az 37, El 17.
[12:05:25]  Tracking : Az 33, El 16.
[12:05:39]  Tracking : Az 30, El 15.
[12:05:53]  Tracking : Az 27, El 13.
[12:06:09]  Tracking : Az 24, El 12.
[12:06:25]  [OK]CMD Packet Header: 0x18 0x30 0xc0 0x0 0x0 0x1 0x0 0x16
[12:06:26]  Received Report from port : 25.
[12:06:26]  Tracking : Az 21, El 11.
[12:06:28]  Received Report from port : 25.
[12:06:30]  Received Report from port : 25.
[12:06:39]  Tracking : Az 19, El 10.
[12:06:52]  [OK]CMD Packet Header: 0x18 0x30 0xc0 0x0 0x0 0x1 0x4 0x12
[12:06:53]  Received Report from port : 25.
[12:06:55]  Received Report from port : 25.
[12:06:57]  Received Report from port : 25.
[12:07:00]  Tracking : Az 16, El 8.
[12:07:15]  Tracking : Az 14, El 7.
[12:07:41]  Tracking : Az 11, El 5.
[12:08:12]  Tracking : Az 8, El 3.
[12:08:49]  Tracking : Az 5, El 1.
[12:08:50]  [OK]CMD Packet Header: 0x18 0x75 0xc0 0x0 0x0 0x1 0x14 0x47
[12:09:00]  Ping Failed.
[12:09:08]  Forked Safe Amplifier Process. (OFF)
[12:09:12]  Finish Engaging.
[12:09:12]  Beacon Success : 0, Ping Success : 3
