2025-12-20 12:16
[12:16:11]  Connect to Switch Box.............Success.
[12:16:11]  Connect to Rotator................Success.
[12:16:11]  Connect to GS100..................Success.
[12:16:11]  TM Port 13 bind success.
[12:16:11]  BCN Port 31 bind success.
[12:16:11]  RPT Port 25 bind success.
[12:16:11]  Event Port 27 bind success.
[12:16:16]  TLE "cubesat" Download Completed.
[12:16:20]  Start Engaging.
[12:16:20]  Tracking : Az 131, El 12.
[12:16:21]  Start Doppler Correction.
[12:16:22]  Forked Safe Amplifier Process.(ON, Timer)
[12:16:22]  Tracking : Az 131, El 12.
[12:16:35]  [OK]CMD Packet Header: 0x18 0x75 0xc0 0x0 0x0 0x1 0x14 0x47
[12:16:37]  Tracking : Az 128, El 14.
[12:16:43]  Ping Success at node 5, 461ms
[12:16:46]  [OK]CMD Packet Header: 0x18 0x75 0xc0 0x0 0x0 0x1 0x14 0x47
[12:16:48]  Received Report from port : 25.
[12:16:54]  [OK]CMD Packet Header: 0x18 0x75 0xc0 0x0 0x0 0x1 0x14 0x47
[12:16:55]  Received Report from port : 25.
