2026-01-02 11:48
[11:48:51]  Connect to Switch Box.............Success.
[11:48:51]  Connect to Rotator................Success.
[11:48:51]  Connect to GS100..................Success.
[11:48:51]  TM Port 13 bind success.
[11:48:51]  BCN Port 31 bind success.
[11:48:51]  RPT Port 25 bind success.
[11:48:51]  Event Port 27 bind success.
[11:48:51]  COSMIC Beacon Port 23 bind success.
[11:48:51]  COSMIC Report Port 24 bind success.
[11:49:23]  TLE "cubesat" Download Completed.
[11:50:12]  Start Engaging.
[11:50:12]  Tracking : Az 134, El 0.
[11:50:13]  Start Doppler Correction.
[11:50:14]  Tracking : Az 134, El 0.
[11:50:16]  Tracking : Az 134, El 0.
[11:50:18]  Tracking : Az 134, El 0.
[11:50:20]  Tracking : Az 134, El 0.
[11:50:22]  Tracking : Az 134, El 0.
[11:50:24]  Tracking : Az 134, El 0.
[11:50:26]  Tracking : Az 134, El 0.
[11:50:28]  Tracking : Az 134, El 0.
[11:50:30]  Tracking : Az 134, El 0.
[11:50:32]  Tracking : Az 134, El 0.
[11:50:34]  Tracking : Az 134, El 0.
[11:58:16]  Tracking : Az 134, El 0.
[11:59:23]  Forked Safe Amplifier Process.(ON, Timer)
[11:59:28]  Ping Failed.
[11:59:46]  Tracking : Az 131, El 2.
[11:59:48]  Tracking : Az 131, El 2.
[11:59:49]  Ping Failed.
[12:00:09]  Ping Failed.
[12:00:15]  Tracking : Az 129, El 4.
[12:00:17]  Tracking : Az 129, El 4.
[12:00:26]  Ping Failed.
[12:00:40]  Ping Failed.
[12:00:42]  Tracking : Az 126, El 5.
[12:00:44]  Tracking : Az 126, El 5.
[12:00:46]  Ping Failed.
[12:00:59]  Tracking : Az 125, El 7.
[12:01:01]  Tracking : Az 124, El 7.
[12:01:04]  Ping Failed.
[12:01:13]  Ping Success at node 5, 467ms
[12:01:15]  Ping Success at node 5, 464ms
[12:01:17]  AX100 Boot Count : 22232
[12:01:24]  Tracking : Az 121, El 8.
[12:01:24]  Ping Failed at node 3.
[12:01:26]  Tracking : Az 121, El 8.
[12:01:31]  Ping Failed at node 3.
[12:01:34]  Ping Success at node 5, 464ms
[12:01:39]  Remote Param Control OK. csp_rtable : 0/0 AX100, 3/5 CAN
[12:01:45]  Tracking : Az 118, El 10.
[12:01:47]  Tracking : Az 118, El 10.
[12:01:53]  Remote Param Control OK.
[12:01:58]  Cannot Load Remote Parameter.
[12:02:03]  Ping Failed.
[12:02:08]  Ping Failed.
[12:02:10]  Tracking : Az 114, El 12.
[12:02:12]  Ping Failed.
[12:02:12]  Tracking : Az 114, El 12.
[12:02:16]  Ping Failed.
[12:02:21]  Ping Failed.
[12:02:26]  Tracking : Az 111, El 13.
[12:02:27]  Ping Failed.
[12:02:28]  Tracking : Az 111, El 13.
[12:02:35]  Ping Failed.
[12:02:40]  Ping Success at node 5, 460ms
[12:02:41]  Tracking : Az 108, El 14.
[12:02:43]  Tracking : Az 108, El 15.
[12:02:44]  Remote Param Control OK. csp_rtable : 0/0 AX100, 6/5 CAN, 3/5 CAN
[12:02:51]  Ping Failed at node 3.
[12:02:54]  Tracking : Az 105, El 15.
[12:02:56]  Tracking : Az 105, El 16.
[12:03:00]  Ping Failed at node 6.
[12:03:05]  Ping Failed at node 6.
[12:03:07]  Ping Success at node 5, 460ms
[12:03:07]  Tracking : Az 102, El 16.
[12:03:12]  Ping Failed at node 6.
[12:03:19]  Tracking : Az 99, El 17.
[12:03:21]  Tracking : Az 99, El 18.
[12:03:26]  Tracking : Az 97, El 18.
[12:03:32]  Ping Success at node 5, 472ms
[12:03:35]  Ping Success at node 5, 468ms
[12:03:37]  Tracking : Az 94, El 19.
[12:03:39]  Tracking : Az 94, El 19.
[12:03:44]  Ping Success at node 5, 469ms
[12:03:47]  Tracking : Az 91, El 19.
[12:03:49]  Tracking : Az 91, El 19.
[12:03:55]  Ping Success at node 5, 460ms
[12:03:56]  Tracking : Az 88, El 20.
[12:04:04]  Tracking : Az 86, El 20.
[12:04:05]  AX100 Boot Count : 22232
[12:04:06]  Tracking : Az 85, El 20.
[12:04:10]  Ping Failed at node 6.
[12:04:12]  Tracking : Az 83, El 21.
[12:04:15]  Tracking : Az 82, El 21.
[12:04:16]  Ping Failed at node 3.
[12:04:21]  Tracking : Az 80, El 21.
[12:04:24]  Ping Failed at node 3.
[12:04:31]  Ping Failed at node 3.
[12:04:32]  Tracking : Az 76, El 21.
[12:04:34]  Tracking : Az 76, El 21.
[12:04:36]  Ping Failed at node 3.
[12:04:39]  Remote Param Control OK.(No Reply)
[12:04:41]  Tracking : Az 73, El 21.
[12:04:43]  Tracking : Az 72, El 21.
[12:04:44]  AX100 Boot Count : 22233
[12:04:46]  Ping Success at node 5, 465ms
[12:04:49]  Tracking : Az 70, El 22.
[12:04:50]  Ping Failed at node 3.
[12:04:55]  Remote Param Control OK.(No Reply)
[12:04:57]  Tracking : Az 67, El 22.
[12:04:58]  Ping Success at node 5, 469ms
[12:05:00]  AX100 Boot Count : 22234
[12:05:00]  Tracking : Az 66, El 22.
[12:05:04]  Ping Failed at node 3.
[12:05:06]  Remote Param Control OK. csp_rtable : 0/0 AX100, 3/5 CAN
[12:05:06]  Tracking : Az 64, El 21.
[12:05:09]  Tracking : Az 63, El 21.
[12:05:10]  Ping Success at node 5, 457ms
[12:05:11]  Tracking : Az 62, El 21.
[12:05:14]  Ping Success at node 5, 469ms
[12:05:23]  Tracking : Az 58, El 21.
[12:05:25]  Tracking : Az 58, El 21.
[12:05:32]  Tracking : Az 55, El 21.
[12:05:33]  Ping Success at node 5, 457ms
[12:05:34]  Tracking : Az 55, El 21.
[12:05:36]  Ping Success at node 5, 459ms
[12:05:42]  Tracking : Az 52, El 20.
[12:05:43]  Ping Failed at node 3.
[12:05:44]  Tracking : Az 51, El 20.
[12:05:46]  Remote Param Control OK. rssi_busy : 0
[12:05:47]  Remote Param Control OK. can_en : true
[12:05:49]  Remote Param Control OK. tx_inhibit : 0
[12:05:50]  Remote Param Control OK. tx_pwr : 3
[12:05:53]  Tracking : Az 48, El 20.
[12:05:54]  Cannot Load Remote Parameter.
[12:05:55]  Tracking : Az 48, El 20.
[12:05:59]  Cannot Load Remote Parameter.
[12:05:59]  Tracking : Az 46, El 19.
[12:06:07]  Cannot Load Remote Parameter.
[12:06:09]  Tracking : Az 43, El 19.
[12:06:11]  Tracking : Az 43, El 19.
[12:06:16]  Cannot Load Remote Parameter.
[12:06:19]  Ping Failed.
[12:06:20]  Tracking : Az 40, El 18.
[12:06:22]  Tracking : Az 40, El 18.
[12:06:24]  Ping Failed.
[12:06:27]  Ping Failed.
[12:06:31]  Tracking : Az 37, El 17.
[12:06:35]  Ping Failed.
[12:06:39]  Ping Failed.
[12:06:43]  Tracking : Az 34, El 16.
[12:06:44]  Ping Failed.
[12:06:48]  Ping Failed.
[12:06:52]  Ping Failed.
[12:06:55]  Tracking : Az 31, El 15.
[12:06:56]  Ping Failed.
[12:06:57]  Tracking : Az 31, El 15.
[12:06:58]  Ping Failed.
[12:07:07]  Ping Failed.
[12:07:09]  Ping Success at node 5, 470ms
[12:07:09]  Tracking : Az 28, El 14.
[12:07:11]  Tracking : Az 28, El 14.
[12:07:14]  Cannot Load Remote Parameter.
[12:07:16]  Ping Success at node 5, 463ms
[12:07:20]  Cannot Load Remote Parameter.
[12:07:21]  Ping Success at node 5, 467ms
[12:07:24]  AX100 Boot Count : 22234
[12:07:24]  Tracking : Az 25, El 13.
[12:07:26]  Tracking : Az 25, El 13.
[12:07:28]  Cannot Load Remote Parameter.
[12:07:32]  Cannot Load Remote Parameter.
[12:07:33]  Ping Success at node 5, 476ms
[12:07:38]  Ping Failed at node 3.
[12:07:40]  Tracking : Az 22, El 12.
[12:07:42]  Tracking : Az 22, El 12.
[12:07:44]  Ping Failed at node 5.
[12:07:53]  Ping Failed at node 3.
[12:07:57]  Ping Success at node 5, 467ms
[12:07:59]  AX100 Boot Count : 22234
[12:07:59]  Tracking : Az 19, El 10.
[12:08:01]  Tracking : Az 19, El 10.
[12:08:04]  Cannot Load Remote Parameter.
[12:08:11]  Cannot Load Remote Parameter.
[12:08:14]  Cannot Load Remote Parameter.
[12:08:18]  Cannot Load Remote Parameter.
[12:08:19]  Tracking : Az 16, El 9.
[12:08:21]  Ping Failed.
[12:08:30]  Ping Failed.
[12:08:35]  Tracking : Az 14, El 8.
[12:08:37]  Tracking : Az 14, El 7.
[12:08:39]  Cannot Load Remote Parameter.
[12:08:42]  Ping Failed.
[12:08:43]  Forked Safe Amplifier Process. (OFF)
[12:08:49]  Finish Engaging.
[12:08:49]  Beacon Success : 0, Ping Success : 20
[12:08:51]  Tracking : Az 0, El 0.
