2026-01-03 13:10
[13:10:35]  Connect to Switch Box.............Success.
[13:10:35]  Connect to Rotator................Success.
[13:10:35]  Connect to GS100..................Success.
[13:10:35]  TM Port 13 bind success.
[13:10:35]  BCN Port 31 bind success.
[13:10:35]  RPT Port 25 bind success.
[13:10:35]  Event Port 27 bind success.
[13:10:35]  COSMIC Beacon Port 23 bind success.
[13:10:35]  COSMIC Report Port 24 bind success.
[13:10:44]  TLE "cubesat" Download Completed.
[13:10:47]  Start Engaging.
[13:10:47]  Tracking : Az 197, El 0.
[13:10:47]  Start Doppler Correction.
[13:10:49]  Tracking : Az 197, El 0.
[13:10:51]  Tracking : Az 197, El 0.
[13:10:53]  Tracking : Az 197, El 0.
[13:10:55]  Tracking : Az 197, El 0.
[13:10:57]  Tracking : Az 197, El 0.
[13:10:59]  Tracking : Az 197, El 0.
[13:11:01]  Tracking : Az 197, El 0.
[13:11:03]  Tracking : Az 197, El 0.
[13:11:05]  Tracking : Az 197, El 0.
[13:11:07]  Tracking : Az 197, El 0.
[13:11:09]  Tracking : Az 197, El 0.
[13:11:11]  Tracking : Az 197, El 0.
[13:11:13]  Tracking : Az 197, El 0.
[13:11:15]  Tracking : Az 197, El 0.
[13:11:17]  Tracking : Az 197, El 0.
[13:11:19]  Tracking : Az 197, El 0.
[13:42:31]  Tracking : Az 199, El 1.
[13:42:56]  Forked Safe Amplifier Process.(ON, Timer)
[13:43:08]  Tracking : Az 202, El 3.
[13:43:10]  Ping Success at node 5, 478ms
[13:43:11]  Ping Success at node 5, 469ms
[13:43:14]  Ping Success at node 5, 475ms
[13:43:16]  AX100 Boot Count : 22239
[13:43:17]  Remote Param Control OK. csp_rtable : 0/0 AX100, 3/5 CAN
[13:43:26]  Remote Param Control OK.
[13:43:28]  Remote Param Control OK. csp_rtable : 0/0 AX100, 3/5 CAN, 6/5 CAN
[13:43:30]  Ping Success at node 5, 478ms
[13:43:40]  Tracking : Az 205, El 5.
[13:43:45]  Ping Failed at node 3.
[13:43:49]  Ping Failed at node 3.
[13:43:52]  Ping Failed.
[13:43:56]  Ping Success at node 5, 472ms
[13:44:04]  Tracking : Az 207, El 7.
[13:44:07]  Ping Success at node 5, 475ms
[13:44:13]  Ping Success at node 5, 467ms
[13:44:17]  Ping Failed at node 3.
[13:44:21]  Ping Failed at node 3.
[13:44:22]  Tracking : Az 210, El 8.
[13:44:44]  Tracking : Az 213, El 10.
[13:44:56]  Ping Success at node 5, 473ms
[13:45:01]  Ping Failed at node 3.
[13:45:03]  Tracking : Az 216, El 11.
[13:45:13]  Ping Success at node 5, 473ms
[13:45:20]  Tracking : Az 219, El 12.
[13:45:21]  Ping Failed at node 3.
[13:45:24]  Ping Success at node 5, 466ms
[13:45:28]  Ping Failed at node 3.
[13:45:32]  Ping Failed at node 3.
[13:45:36]  Tracking : Az 222, El 14.
[13:45:44]  Ping Failed at node 3.
[13:45:48]  Ping Failed at node 3.
[13:45:50]  Ping Success at node 5, 474ms
[13:45:50]  Tracking : Az 225, El 15.
[13:45:52]  Ping Success at node 5, 473ms
[13:45:55]  Ping Success at node 5, 465ms
[13:46:00]  Ping Failed at node 3.
[13:46:03]  Tracking : Az 228, El 16.
[13:46:06]  Ping Failed at node 3.
[13:46:13]  Ping Failed at node 3.
[13:46:15]  Tracking : Az 231, El 17.
[00:10:36]  Ping Failed at node 3.
[13:46:25]  Ping Failed at node 3.
[13:46:27]  Ping Success at node 5, 464ms
[13:46:27]  Tracking : Az 234, El 18.
[13:46:28]  Ping Success at node 5, 471ms
[13:46:34]  Ping Success at node 5, 463ms
[13:46:37]  Ping Success at node 5, 462ms
[13:46:38]  Tracking : Az 237, El 18.
[13:46:44]  Ping Success at node 5, 459ms
[13:46:48]  Tracking : Az 240, El 19.
[13:46:55]  Tracking : Az 242, El 20.
[13:47:01]  Tracking : Az 244, El 20.
[13:47:05]  [OK]CMD Packet Header: 0x18 0x71 0xc0 0x0 0x0 0x1 0x16 0x41
[13:47:07]  [OK]CMD Packet Header: 0x18 0x71 0xc0 0x0 0x0 0x1 0x16 0x41
[13:47:09]  [OK]CMD Packet Header: 0x18 0x71 0xc0 0x0 0x0 0x1 0x16 0x41
[13:47:10]  Tracking : Az 247, El 20.
[13:47:14]  Ping Failed at node 3.
[13:47:15]  Ping Success at node 5, 470ms
[13:47:19]  Tracking : Az 250, El 21.
[13:47:19]  Ping Failed at node 3.
[13:47:20]  Ping Success at node 5, 471ms
[13:47:21]  [OK]CMD Packet Header: 0x18 0x71 0xc0 0x0 0x0 0x1 0x16 0x41
[13:47:23]  [OK]CMD Packet Header: 0x18 0x71 0xc0 0x0 0x0 0x1 0x16 0x41
[13:47:24]  [OK]CMD Packet Header: 0x18 0x71 0xc0 0x0 0x0 0x1 0x16 0x41
[13:47:26]  Ping Success at node 5, 466ms
[13:47:28]  Tracking : Az 253, El 21.
[13:47:30]  Ping Failed at node 3.
[13:47:34]  Ping Success at node 5, 469ms
[13:47:37]  Tracking : Az 256, El 21.
[13:47:43]  Ping Success at node 5, 458ms
[13:47:45]  Tracking : Az 259, El 22.
[13:47:47]  Remote Param Control OK. rssi_busy : 0
[13:47:48]  Total RX Bytes : 52772
[13:47:49]  Remote Param Control OK. can_en : true
[13:47:50]  Remote Param Control OK. tx_inhibit : 0
[13:47:52]  Remote Param Control OK. tx_pwr : 3
[13:47:53]  Tracking : Az 262, El 22.
[13:48:00]  Ping Failed at node 3.
[13:48:01]  Ping Success at node 5, 468ms
[13:48:02]  [OK]CMD Packet Header: 0x18 0x71 0xc0 0x0 0x0 0x1 0x16 0x41
[13:48:02]  Tracking : Az 265, El 22.
[13:48:08]  Tracking : Az 267, El 22.
[13:48:12]  Ping Failed at node 3.
[13:48:16]  Tracking : Az 270, El 22.
[13:48:22]  Ping Failed at node 3.
[13:48:24]  Tracking : Az 273, El 21.
[13:48:27]  Ping Failed at node 3.
[13:48:27]  [OK]CMD Packet Header: 0x18 0x71 0xc0 0x0 0x0 0x1 0x16 0x41
[13:48:28]  [OK]CMD Packet Header: 0x18 0x71 0xc0 0x0 0x0 0x1 0x16 0x41
[13:48:30]  [OK]CMD Packet Header: 0x18 0x71 0xc0 0x0 0x0 0x1 0x16 0x41
[13:48:31]  Ping Success at node 5, 462ms
[13:48:33]  Tracking : Az 276, El 21.
[13:48:42]  Tracking : Az 279, El 21.
[13:48:42]  Ping Failed at node 3.
[13:48:45]  Ping Failed at node 3.
[13:48:45]  [OK]CMD Packet Header: 0x18 0x71 0xc0 0x0 0x0 0x1 0x16 0x41
[13:48:47]  Ping Success at node 5, 469ms
[13:48:47]  Ping Success at node 5, 463ms
[13:48:48]  Ping Success at node 5, 458ms
[13:48:50]  Tracking : Az 282, El 20.
[13:48:54]  Ping Failed at node 3.
[13:48:54]  [OK]CMD Packet Header: 0x18 0x71 0xc0 0x0 0x0 0x1 0x16 0x41
[13:48:58]  Ping Success at node 5, 463ms
[13:49:00]  Tracking : Az 285, El 20.
[13:49:04]  Ping Success at node 5, 473ms
[13:49:09]  Tracking : Az 288, El 19.
[13:49:10]  Ping Failed at node 3.
[13:49:14]  [OK]CMD Packet Header: 0x18 0x71 0xc0 0x0 0x0 0x1 0x16 0x41
[13:49:16]  Ping Success at node 5, 464ms
[13:49:19]  Tracking : Az 291, El 19.
[13:49:21]  Ping Failed at node 3.
[13:49:30]  Tracking : Az 294, El 18.
[13:49:37]  Tracking : Az 296, El 18.
[13:49:49]  Tracking : Az 299, El 17.
[13:50:01]  Tracking : Az 302, El 16.
[13:50:06]  AX100 Boot Count : 22239
[13:50:08]  Ping Failed at node 3.
[13:50:08]  Ping Success at node 5, 465ms
[13:50:10]  [OK]CMD Packet Header: 0x18 0x71 0xc0 0x0 0x0 0x1 0x16 0x41
[13:50:14]  Tracking : Az 305, El 15.
[13:50:29]  Tracking : Az 308, El 13.
[13:50:34]  Ping Failed at node 3.
[13:50:35]  Ping Success at node 5, 460ms
[13:50:38]  [OK]CMD Packet Header: 0x18 0x71 0xc0 0x0 0x0 0x1 0x16 0x41
[13:50:44]  Tracking : Az 311, El 12.
[13:50:50]  Ping Failed at node 3.
[13:50:51]  Ping Success at node 5, 473ms
[13:50:58]  [OK]CMD Packet Header: 0x18 0x71 0xc0 0x0 0x0 0x1 0x16 0x41
[13:51:02]  Tracking : Az 314, El 11.
[13:51:05]  Ping Success at node 5, 463ms
[13:51:10]  Ping Failed at node 3.
[13:51:19]  [OK]CMD Packet Header: 0x18 0x71 0xc0 0x0 0x0 0x1 0x16 0x41
[13:51:21]  Tracking : Az 317, El 9.
[13:51:21]  [OK]CMD Packet Header: 0x18 0x71 0xc0 0x0 0x0 0x1 0x16 0x41
[13:51:26]  Ping Failed at node 3.
[13:51:28]  Ping Success at node 5, 470ms
[13:51:38]  Ping Success at node 5, 474ms
[13:51:43]  Tracking : Az 320, El 8.
[13:51:45]  Ping Failed at node 3.
[13:51:47]  Ping Success at node 5, 471ms
[13:51:49]  [OK]CMD Packet Header: 0x18 0x71 0xc0 0x0 0x0 0x1 0x16 0x41
[13:51:57]  Ping Failed at node 3.
[13:51:58]  Ping Success at node 5, 468ms
[13:52:04]  Ping Success at node 5, 477ms
[13:52:05]  Ping Success at node 5, 475ms
[13:52:07]  Tracking : Az 323, El 6.
[13:52:10]  Ping Failed at node 3.
[13:52:11]  Ping Success at node 5, 466ms
[13:52:13]  Ping Success at node 5, 472ms
[13:52:14]  Ping Success at node 5, 474ms
[13:52:15]  [OK]CMD Packet Header: 0x18 0x71 0xc0 0x0 0x0 0x1 0x16 0x41
[13:52:16]  [OK]CMD Packet Header: 0x18 0x71 0xc0 0x0 0x0 0x1 0x16 0x41
[13:52:17]  [OK]CMD Packet Header: 0x18 0x71 0xc0 0x0 0x0 0x1 0x16 0x41
[13:52:18]  Ping Success at node 5, 469ms
[13:52:23]  Ping Failed at node 3.
[13:52:26]  Ping Success at node 5, 464ms
[13:52:31]  Ping Success at node 5, 475ms
[13:52:33]  Ping Success at node 5, 469ms
[13:52:37]  Ping Failed at node 3.
[13:52:40]  Ping Success at node 5, 468ms
[13:52:42]  Ping Success at node 5, 467ms
[13:52:45]  Ping Success at node 5, 471ms
[13:52:46]  Tracking : Az 327, El 4.
[13:52:50]  Ping Failed at node 3.
[13:52:51]  Ping Success at node 5, 470ms
[13:52:57]  Ping Success at node 5, 465ms
[13:52:59]  Ping Success at node 5, 472ms
[13:53:03]  Ping Failed at node 3.
[13:53:04]  Ping Success at node 5, 465ms
[13:53:06]  [OK]CMD Packet Header: 0x18 0x71 0xc0 0x0 0x0 0x1 0x16 0x41
[13:53:07]  [OK]CMD Packet Header: 0x18 0x71 0xc0 0x0 0x0 0x1 0x16 0x41
[13:53:09]  Ping Success at node 5, 473ms
[13:53:14]  Ping Failed at node 3.
[13:53:15]  Ping Success at node 5, 480ms
[13:53:18]  Ping Success at node 5, 480ms
[13:53:21]  Tracking : Az 330, El 1.
[13:53:26]  Ping Failed.
[13:53:33]  Ping Failed.
[13:53:36]  Forked Safe Amplifier Process. (OFF)
[13:53:40]  Finish Engaging.
[13:53:40]  Beacon Success : 0, Ping Success : 58
[13:53:41]  Tracking : Az 0, El 0.
[13:54:06]  Tracking : Az 0, El 0.
