2026-01-27 01:22
[01:22:21]  Connect to Switch Box.............Success.
[01:22:21]  Connect to Rotator................Success.
[01:22:21]  Connect to GS100..................Success.
[01:22:21]  TM Port 13 bind success.
[01:22:21]  BCN Port 31 bind success.
[01:22:21]  RPT Port 25 bind success.
[01:22:21]  Event Port 27 bind success.
[01:22:21]  COSMIC Beacon Port 23 bind success.
[01:22:21]  COSMIC Report Port 24 bind success.
[01:22:40]  TLE "active" Download Completed.
[01:23:00]  [Auto]Start AutoPilot.
[01:23:00]  [Auto]Start Autopilot. Next Valuable AOS : 1/27 2:9:6
[01:23:00]  [Auto]Max Elevation : 37.33° Please Keep Devices On.
[02:04:06]  [Auto]Start Engaging.
[02:04:06]  [Auto]Start Doppler Correction.
[02:06:16]  Forked Safe Amplifier Process.(ON, Timer)
[02:06:23]  Ping Failed.
[02:06:30]  Ping Failed.
[02:06:38]  Ping Failed.
[02:06:45]  Ping Failed.
[02:06:52]  Ping Failed.
[02:07:00]  Ping Failed.
[02:07:07]  Ping Failed.
[02:07:14]  Ping Failed.
[02:07:22]  Ping Failed.
[02:07:29]  Ping Failed.
[02:07:36]  Ping Failed.
[02:07:44]  Ping Failed.
[02:07:51]  Ping Failed.
[02:07:58]  Ping Failed.
[02:08:06]  Ping Failed.
[02:08:13]  Ping Failed.
[02:08:20]  Ping Failed.
[02:08:28]  Ping Failed.
[02:08:35]  Ping Failed.
[02:08:42]  Ping Failed.
[02:08:49]  Ping Failed.
[02:08:51]  Tracking : Az 3, El 0.
[02:08:57]  Ping Failed.
[02:09:04]  Ping Failed.
[02:09:11]  Ping Failed.
[02:09:19]  Ping Failed.
[02:09:24]  Ping Success at node 5, 475ms
[02:09:32]  Ping Failed.
[02:09:39]  Ping Failed.
[02:09:43]  Tracking : Az 0, El 2.
[02:09:44]  Ping Success at node 5, 479ms
[02:09:52]  Ping Failed.
[02:09:59]  Ping Failed.
[02:10:04]  Tracking : Az 359, El 3.
[02:10:06]  Tracking : Az 359, El 4.
[02:10:06]  Ping Failed.
[02:10:08]  Tracking : Az 359, El 4.
[02:10:10]  Tracking : Az 359, El 4.
[02:10:12]  Tracking : Az 359, El 4.
[02:10:14]  Tracking : Az 359, El 4.
[02:10:14]  Ping Failed.
[02:10:16]  Tracking : Az 359, El 4.
[02:10:18]  Tracking : Az 359, El 4.
[02:10:20]  Tracking : Az 359, El 5.
[02:10:21]  Ping Failed.
[02:10:22]  Tracking : Az 358, El 5.
[02:10:24]  Tracking : Az 358, El 5.
[02:10:26]  Tracking : Az 358, El 5.
[02:10:28]  Tracking : Az 358, El 5.
[02:10:28]  Ping Failed.
[02:10:30]  Tracking : Az 358, El 5.
[02:10:32]  Tracking : Az 358, El 6.
[02:10:34]  Tracking : Az 358, El 6.
[02:10:36]  Tracking : Az 358, El 6.
[02:10:36]  Ping Failed.
[02:10:38]  Tracking : Az 357, El 6.
[02:10:40]  Tracking : Az 357, El 6.
[02:10:42]  Tracking : Az 357, El 6.
[02:10:43]  Ping Failed.
[02:10:44]  Tracking : Az 357, El 6.
[02:10:46]  Tracking : Az 357, El 7.
[02:10:48]  Tracking : Az 357, El 7.
[02:10:50]  Tracking : Az 357, El 7.
[02:10:50]  Ping Failed.
[02:10:52]  Tracking : Az 357, El 7.
[02:10:54]  Tracking : Az 356, El 7.
[02:10:56]  Tracking : Az 356, El 7.
[02:10:58]  Tracking : Az 356, El 8.
[02:10:58]  Ping Failed.
[02:11:00]  Tracking : Az 356, El 8.
[02:11:02]  Tracking : Az 356, El 8.
[02:11:05]  Ping Failed.
[02:11:12]  Ping Failed.
[02:11:18]  Ping Success at node 5, 478ms
[02:11:25]  Ping Failed.
[02:11:30]  Tracking : Az 353, El 11.
[02:11:33]  Ping Failed.
[02:11:38]  Ping Success at node 5, 464ms
[02:11:43]  Ping Success at node 5, 471ms
[02:11:48]  [OK]CMD Packet Header: 0x18 0x75 0xc0 0x0 0x0 0x1 0x14 0x47
[02:11:49]  [Auto]EPS P60 DOCK GET TABLE HK Command Sent
[02:11:49]  Ping Success at node 5, 583ms
[02:11:58]  Tracking : Az 350, El 13.
[02:11:59]  [OK]CMD Packet Header: 0x18 0x75 0xc0 0x0 0x0 0x1 0x17 0x44
[02:11:59]  [Auto]EPS P60 PDU GET TABLE HK Command Sent
[02:12:09]  [OK]CMD Packet Header: 0x18 0x75 0xc0 0x0 0x0 0x1 0x1a 0x0
[02:12:09]  [Auto]EPS P60 ACU GET TABLE HK Command Sent
[02:12:11]  Received Report from port : 25.
[02:12:17]  Tracking : Az 348, El 16.
[02:12:19]  [Auto]Start GND WDT reset sequence
[02:12:20]  [OK]CMD Packet Header: 0x18 0x50 0xc0 0x0 0x0 0x1 0x6 0x70
[02:12:20]  [Auto]AX100 GND WDT CMD sent (1/3)
[02:12:20]  Received Report from port : 25.
[02:12:22]  Received Report from port : 25.
[02:12:30]  [OK]CMD Packet Header: 0x18 0x75 0xc0 0x0 0x0 0x5 0x1e 0xa2
[02:12:30]  [Auto]EPS P60 DOCK GND WDT CMD sent (1/3)
[02:12:31]  Received Report from port : 25.
[02:12:33]  Received Report from port : 25.
[02:12:34]  Tracking : Az 345, El 18.
[02:12:35]  Received Report from port : 25.
[02:12:40]  [Auto]GND WDT sequence completed
[02:12:40]  [OK]CMD Packet Header: 0x18 0x75 0xc0 0x0 0x0 0x1 0x14 0x47
[02:12:41]  [Auto]EPS P60 DOCK GET TABLE HK Command Sent
[02:12:41]  Received Report from port : 25.
[02:12:43]  Received Report from port : 25.
[02:12:51]  [OK]CMD Packet Header: 0x18 0x75 0xc0 0x0 0x0 0x1 0x17 0x44
[02:12:51]  Tracking : Az 342, El 20.
[02:12:51]  [Auto]EPS P60 PDU GET TABLE HK Command Sent
[02:12:51]  Received Report from port : 25.
[02:12:53]  Received Report from port : 25.
[02:13:01]  [OK]CMD Packet Header: 0x18 0x75 0xc0 0x0 0x0 0x1 0x1a 0x0
[02:13:01]  [Auto]EPS P60 ACU GET TABLE HK Command Sent
[02:13:02]  Received Report from port : 25.
[02:13:04]  Received Report from port : 25.
[02:13:05]  Tracking : Az 339, El 22.
[02:13:06]  Received Report from port : 25.
[02:13:18]  Tracking : Az 336, El 24.
[02:13:29]  Tracking : Az 333, El 25.
[02:13:39]  Tracking : Az 330, El 27.
[02:13:48]  Tracking : Az 327, El 28.
[02:13:56]  Tracking : Az 324, El 30.
[02:14:04]  Tracking : Az 321, El 31.
[02:14:11]  Tracking : Az 318, El 32.
[02:14:20]  Tracking : Az 314, El 33.
[02:14:26]  Tracking : Az 311, El 34.
[02:14:32]  Tracking : Az 308, El 35.
[02:14:38]  Tracking : Az 305, El 35.
[02:14:43]  Tracking : Az 302, El 36.
[02:14:48]  Tracking : Az 299, El 36.
[02:14:54]  Tracking : Az 296, El 36.
[02:15:00]  Tracking : Az 292, El 37.
[02:15:05]  Tracking : Az 289, El 37.
[02:15:11]  Tracking : Az 286, El 37.
[02:15:15]  Tracking : Az 283, El 37.
[02:15:21]  Tracking : Az 280, El 37.
[02:15:27]  Tracking : Az 276, El 36.
[02:15:33]  Tracking : Az 273, El 36.
[02:15:39]  Tracking : Az 269, El 35.
[02:15:45]  Tracking : Az 266, El 35.
[02:15:50]  Tracking : Az 263, El 34.
[02:15:56]  Tracking : Az 260, El 33.
[02:16:03]  Tracking : Az 257, El 32.
[02:16:09]  Tracking : Az 254, El 32.
[02:16:17]  Tracking : Az 251, El 30.
[02:16:22]  Tracking : Az 249, El 30.
[02:16:30]  Tracking : Az 246, El 28.
[02:16:39]  Tracking : Az 243, El 27.
[02:16:49]  Tracking : Az 240, El 25.
[02:17:00]  Tracking : Az 237, El 24.
[02:17:12]  Tracking : Az 234, El 22.
[02:17:27]  Tracking : Az 231, El 20.
[02:17:43]  Tracking : Az 228, El 18.
[02:18:03]  Tracking : Az 225, El 15.
[02:18:27]  Tracking : Az 222, El 13.
[02:18:48]  Tracking : Az 220, El 10.
[02:19:21]  Tracking : Az 218, El 7.
[02:19:51]  Tracking : Az 215, El 5.
[02:20:42]  Tracking : Az 213, El 1.
[02:21:16]  [Auto]Stop Doppler Correction.
[02:21:16]  [Auto]Finish Engaging.
[02:21:16]  Tracking : Az 0, El 0.
[02:21:17]  [Auto]Beacon Success : 0, Ping Success : 6 CMD Success : 0
[02:21:17]  [Auto]Update TLE...
[02:21:21]  [Auto]TLE "active" Download Completed.
[02:21:24]  Forked Safe Amplifier Process. (OFF)
[02:21:24]  Reset GS100 watchdog.
[02:21:36]  [Auto]Invalid tracking index before PathGenerator. trk=13455 ptr=(nil)
[02:21:36]  [Auto]AutoPilot Stopped with Error Code : -2
[12:30:46]  [Auto]Start AutoPilot.
[12:30:46]  [Auto]Start Autopilot. Next Valuable AOS : 1/27 12:57:22
[12:30:46]  [Auto]Max Elevation : 74.29° Please Keep Devices On.
[12:52:22]  [Auto]Start Engaging.
[12:52:22]  [Auto]Start Doppler Correction.
[12:52:22]  Tracking : Az 316, El 0.
[12:52:24]  Tracking : Az 316, El 0.
[12:52:26]  Tracking : Az 316, El 0.
[12:52:28]  Tracking : Az 316, El 0.
[12:52:30]  Tracking : Az 316, El 0.
[12:52:32]  Tracking : Az 316, El 0.
[12:52:34]  Tracking : Az 316, El 0.
[12:52:36]  Tracking : Az 316, El 0.
[12:52:38]  Tracking : Az 316, El 0.
[12:52:40]  Tracking : Az 316, El 0.
[12:52:42]  Tracking : Az 316, El 0.
[12:52:44]  Tracking : Az 316, El 0.
[12:52:46]  Tracking : Az 316, El 0.
[12:52:48]  Tracking : Az 316, El 0.
[12:52:50]  Tracking : Az 316, El 0.
[12:52:52]  Tracking : Az 316, El 0.
[12:52:54]  Tracking : Az 316, El 0.
[12:52:56]  Tracking : Az 316, El 0.
[12:52:58]  Tracking : Az 316, El 0.
[12:53:00]  Tracking : Az 316, El 0.
[12:53:02]  Tracking : Az 316, El 0.
[12:53:04]  Tracking : Az 316, El 0.
[12:53:06]  Tracking : Az 316, El 0.
[12:53:08]  Tracking : Az 316, El 0.
[12:53:10]  Tracking : Az 316, El 0.
[12:53:12]  Tracking : Az 316, El 0.
[12:53:14]  Tracking : Az 316, El 0.
[12:55:00]  Forked Safe Amplifier Process.(ON, Timer)
[12:55:07]  Ping Failed.
[12:55:14]  Ping Failed.
[12:55:22]  Ping Failed.
[12:55:29]  Ping Failed.
[12:55:36]  Ping Failed.
[12:55:44]  Ping Failed.
[12:55:51]  Ping Failed.
[12:55:58]  Ping Failed.
[12:56:06]  Ping Failed.
[12:56:13]  Ping Failed.
[12:56:20]  Ping Failed.
[12:56:27]  Ping Failed.
[12:56:35]  Ping Failed.
[12:56:42]  Ping Failed.
[12:56:49]  Ping Failed.
[12:56:57]  Ping Failed.
[12:57:04]  Ping Failed.
[12:57:07]  Tracking : Az 170, El 0.
[12:57:09]  Tracking : Az 170, El 0.
[12:57:11]  Tracking : Az 170, El 0.
[12:57:11]  Ping Failed.
[12:57:13]  Tracking : Az 170, El 0.
[12:57:15]  Tracking : Az 170, El 0.
[12:57:17]  Tracking : Az 170, El 0.
[12:57:19]  Tracking : Az 170, El 0.
[12:57:19]  Ping Failed.
[12:57:21]  Tracking : Az 170, El 0.
[12:57:23]  Tracking : Az 170, El 0.
[12:57:25]  Tracking : Az 170, El 0.
[12:57:26]  Ping Failed.
[12:57:27]  Tracking : Az 170, El 0.
[12:57:29]  Tracking : Az 170, El 0.
[12:57:31]  Tracking : Az 170, El 0.
[12:57:33]  Ping Failed.
[12:57:41]  Ping Failed.
[12:57:48]  Ping Failed.
[12:57:55]  Ping Failed.
[12:58:03]  Ping Failed.
[12:58:05]  Tracking : Az 171, El 3.
[12:58:07]  Tracking : Az 171, El 3.
[12:58:10]  Ping Failed.
[12:58:16]  Ping Success at node 5, 474ms
[12:58:23]  Ping Failed.
[12:58:30]  Ping Failed.
[12:58:38]  Ping Failed.
[12:58:45]  Tracking : Az 171, El 6.
[12:58:45]  Ping Failed.
[12:58:47]  Tracking : Az 171, El 6.
[12:58:52]  Ping Failed.
[12:58:57]  Tracking : Az 171, El 7.
[12:59:00]  Ping Failed.
[12:59:07]  Ping Failed.
[12:59:14]  Ping Failed.
[12:59:19]  Tracking : Az 172, El 9.
[12:59:21]  Tracking : Az 172, El 9.
[12:59:22]  Ping Failed.
[12:59:29]  Ping Failed.
[12:59:36]  Ping Failed.
[12:59:39]  Tracking : Az 172, El 11.
[12:59:44]  Ping Failed.
[12:59:51]  Ping Failed.
[12:59:58]  Tracking : Az 173, El 13.
[12:59:58]  Ping Failed.
[13:00:00]  Tracking : Az 173, El 13.
[13:00:06]  Ping Failed.
[13:00:13]  Ping Failed.
[13:00:20]  Ping Failed.
[13:00:22]  Tracking : Az 174, El 16.
[13:00:24]  Tracking : Az 174, El 16.
[13:00:28]  Ping Failed.
[13:00:35]  Ping Failed.
[13:00:36]  Tracking : Az 174, El 18.
[13:00:42]  Ping Failed.
[13:00:50]  Ping Failed.
[13:00:55]  Tracking : Az 175, El 21.
[13:00:57]  Tracking : Az 175, El 21.
[13:00:57]  Ping Failed.
[13:01:04]  Ping Failed.
[13:01:07]  Tracking : Az 176, El 23.
[13:01:12]  Ping Failed.
[13:01:19]  Ping Failed.
[13:01:22]  Tracking : Az 177, El 26.
[13:01:26]  Ping Failed.
[13:01:32]  Ping Success at node 5, 472ms
[13:01:35]  Tracking : Az 177, El 29.
[13:01:37]  Ping Success at node 5, 455ms
[13:01:43]  Ping Success at node 5, 455ms
[13:01:47]  Tracking : Az 179, El 32.
[13:01:48]  Ping Success at node 5, 455ms
[13:01:49]  Tracking : Az 179, El 32.
[13:01:53]  [OK]CMD Packet Header: 0x18 0x75 0xc0 0x0 0x0 0x1 0x14 0x47
[13:01:53]  [Auto]EPS P60 DOCK GET TABLE HK Command Sent
[13:01:54]  Ping Success at node 5, 567ms
[13:01:58]  Tracking : Az 180, El 35.
[13:02:01]  Tracking : Az 180, El 36.
[13:02:03]  [OK]CMD Packet Header: 0x18 0x75 0xc0 0x0 0x0 0x1 0x17 0x44
[13:02:04]  [Auto]EPS P60 PDU GET TABLE HK Command Sent
[13:02:04]  Received Report from port : 25.
[13:02:06]  Received Report from port : 25.
[13:02:08]  Received Report from port : 25.
[13:02:10]  Tracking : Az 181, El 39.
[13:02:13]  Tracking : Az 182, El 40.
[13:02:14]  [OK]CMD Packet Header: 0x18 0x75 0xc0 0x0 0x0 0x1 0x1a 0x0
[13:02:14]  [Auto]EPS P60 ACU GET TABLE HK Command Sent
[13:02:15]  Received Report from port : 25.
[13:02:17]  Received Report from port : 25.
[13:02:19]  Received Report from port : 25.
[13:02:22]  Tracking : Az 184, El 43.
[13:02:24]  Tracking : Az 184, El 44.
[13:02:24]  [Auto]Start GND WDT reset sequence
[13:02:24]  [OK]CMD Packet Header: 0x18 0x50 0xc0 0x0 0x0 0x1 0x6 0x70
[13:02:24]  [Auto]AX100 GND WDT CMD sent (1/3)
[13:02:25]  Received Report from port : 25.
[13:02:27]  Received Report from port : 25.
[13:02:29]  Received Report from port : 25.
[13:02:32]  Tracking : Az 186, El 47.
[13:02:34]  Tracking : Az 186, El 48.
[13:02:34]  [OK]CMD Packet Header: 0x18 0x75 0xc0 0x0 0x0 0x5 0x1e 0xa2
[13:02:35]  [Auto]EPS P60 DOCK GND WDT CMD sent (1/3)
[13:02:35]  Received Report from port : 25.
[13:02:37]  Received Report from port : 25.
[13:02:39]  Received Report from port : 25.
[13:02:41]  Tracking : Az 189, El 51.
[13:02:43]  Tracking : Az 189, El 52.
[13:02:45]  [Auto]GND WDT sequence completed
[13:02:45]  [OK]CMD Packet Header: 0x18 0x75 0xc0 0x0 0x0 0x1 0x14 0x47
[13:02:45]  [Auto]EPS P60 DOCK GET TABLE HK Command Sent
[13:02:46]  Received Report from port : 25.
[13:02:48]  Received Report from port : 25.
[13:02:49]  Tracking : Az 192, El 55.
[13:02:50]  Received Report from port : 25.
[13:02:51]  Tracking : Az 193, El 55.
[13:02:54]  Tracking : Az 194, El 57.
[13:02:55]  [OK]CMD Packet Header: 0x18 0x75 0xc0 0x0 0x0 0x1 0x17 0x44
[13:02:55]  [Auto]EPS P60 PDU GET TABLE HK Command Sent
[13:02:56]  Tracking : Az 195, El 58.
[13:02:56]  Received Report from port : 25.
[13:02:58]  Received Report from port : 25.
[13:02:59]  Tracking : Az 197, El 59.
[13:03:00]  Received Report from port : 25.
[13:03:02]  Tracking : Az 199, El 61.
[13:03:04]  Tracking : Az 201, El 62.
[13:03:05]  [OK]CMD Packet Header: 0x18 0x75 0xc0 0x0 0x0 0x1 0x1a 0x0
[13:03:06]  [Auto]EPS P60 ACU GET TABLE HK Command Sent
[13:03:06]  Received Report from port : 25.
[13:03:07]  Tracking : Az 203, El 63.
[13:03:08]  Received Report from port : 25.
[13:03:09]  Tracking : Az 205, El 64.
[13:03:10]  Received Report from port : 25.
[13:03:11]  Tracking : Az 207, El 65.
[13:03:13]  Tracking : Az 209, El 66.
[13:03:15]  Tracking : Az 212, El 67.
[13:03:17]  Tracking : Az 214, El 68.
[13:03:19]  Tracking : Az 217, El 69.
[13:03:21]  Tracking : Az 220, El 70.
[13:03:23]  Tracking : Az 224, El 71.
[13:03:25]  Tracking : Az 228, El 71.
[13:03:27]  Tracking : Az 232, El 72.
[13:03:29]  Tracking : Az 236, El 73.
[13:03:31]  Tracking : Az 241, El 73.
[13:03:33]  Tracking : Az 246, El 73.
[13:03:35]  Tracking : Az 251, El 74.
[13:03:37]  Tracking : Az 256, El 74.
[13:03:39]  Tracking : Az 262, El 74.
[13:03:41]  Tracking : Az 267, El 74.
[13:03:43]  Tracking : Az 272, El 73.
[13:03:45]  Tracking : Az 277, El 73.
[13:03:47]  Tracking : Az 281, El 72.
[13:03:49]  Tracking : Az 286, El 72.
[13:03:51]  Tracking : Az 290, El 71.
[13:03:53]  Tracking : Az 293, El 70.
[13:03:55]  Tracking : Az 297, El 70.
[13:03:57]  Tracking : Az 300, El 69.
[13:03:59]  Tracking : Az 303, El 68.
[13:04:01]  Tracking : Az 305, El 67.
[13:04:03]  Tracking : Az 307, El 66.
[13:04:05]  Tracking : Az 310, El 65.
[13:04:07]  Tracking : Az 311, El 64.
[13:04:09]  Tracking : Az 313, El 63.
[13:04:11]  Tracking : Az 315, El 62.
[13:04:13]  Tracking : Az 316, El 61.
[13:04:17]  Tracking : Az 319, El 59.
[13:04:19]  Tracking : Az 320, El 58.
[13:04:22]  Tracking : Az 322, El 57.
[13:04:28]  Tracking : Az 325, El 54.
[13:04:30]  Tracking : Az 325, El 53.
[13:04:33]  Tracking : Az 327, El 51.
[13:04:35]  Tracking : Az 327, El 50.
[13:04:39]  Tracking : Az 329, El 49.
[13:04:47]  Tracking : Az 331, El 45.
[13:04:49]  Tracking : Az 331, El 44.
[13:04:57]  Tracking : Az 333, El 41.
[13:05:00]  Tracking : Az 333, El 40.
[13:05:09]  Tracking : Az 335, El 37.
[13:05:12]  Tracking : Az 335, El 36.
[13:05:26]  Tracking : Az 337, El 32.
[13:05:29]  Tracking : Az 337, El 31.
[13:05:45]  Tracking : Az 339, El 27.
[13:06:05]  Tracking : Az 340, El 23.
[13:06:27]  Tracking : Az 341, El 19.
[13:06:29]  Tracking : Az 341, El 19.
[13:06:47]  Tracking : Az 342, El 16.
[13:06:49]  Tracking : Az 342, El 16.
[13:07:19]  Tracking : Az 343, El 12.
[13:07:21]  Tracking : Az 343, El 12.
[13:07:47]  Tracking : Az 344, El 9.
[13:08:32]  Tracking : Az 345, El 5.
[13:08:34]  Tracking : Az 345, El 5.
[13:09:12]  Tracking : Az 345, El 2.
[13:10:00]  [Auto]Stop Doppler Correction.
[13:10:00]  [Auto]Finish Engaging.
[13:10:00]  Tracking : Az 0, El 0.
[13:10:01]  [Auto]Beacon Success : 0, Ping Success : 6 CMD Success : 0
[13:10:01]  [Auto]Update TLE...
[13:10:04]  [Auto]TLE "active" Download Completed.
[13:10:07]  Forked Safe Amplifier Process. (OFF)
[13:10:07]  Reset GS100 watchdog.
[13:10:19]  [Auto]Invalid tracking index before PathGenerator. trk=13455 ptr=(nil)
[13:10:19]  [Auto]AutoPilot Stopped with Error Code : -2
[13:17:07]  TLE "active" Download Completed.
