2026-02-03 01:49
[01:49:20]  Connect to Switch Box.............Success.
[01:49:20]  Connect to Rotator................Success.
[01:49:20]  Connect to GS100..................Success.
[01:49:20]  TM Port 13 bind success.
[01:49:20]  BCN Port 31 bind success.
[01:49:20]  RPT Port 25 bind success.
[01:49:20]  Event Port 27 bind success.
[01:49:20]  COSMIC Beacon Port 23 bind success.
[01:49:20]  COSMIC Report Port 24 bind success.
[01:49:24]  TLE "cubesat" Download Completed.
[12:18:16]  Start Engaging.
[12:18:16]  Tracking : Az 342, El 0.
[12:18:18]  Tracking : Az 342, El 0.
[12:18:20]  Tracking : Az 342, El 0.
[12:18:20]  Start Doppler Correction.
[12:18:22]  Tracking : Az 342, El 0.
[12:18:24]  Tracking : Az 342, El 0.
[12:18:26]  Tracking : Az 342, El 0.
[12:18:28]  Tracking : Az 342, El 0.
[12:18:30]  Tracking : Az 342, El 0.
[12:18:32]  Tracking : Az 342, El 0.
[12:18:34]  Tracking : Az 342, El 0.
[12:18:36]  Tracking : Az 342, El 0.
[12:18:38]  Tracking : Az 342, El 0.
[12:18:40]  Tracking : Az 342, El 0.
[12:18:42]  Tracking : Az 342, El 0.
[12:21:23]  Tracking : Az 149, El 0.
[12:21:25]  Tracking : Az 149, El 0.
[12:21:27]  Tracking : Az 149, El 0.
[12:21:29]  Tracking : Az 149, El 0.
[12:21:31]  Tracking : Az 149, El 0.
[12:21:33]  Forked Safe Amplifier Process.(ON, Timer)
[12:21:33]  Tracking : Az 149, El 0.
[12:21:35]  Tracking : Az 149, El 0.
[12:21:37]  Tracking : Az 149, El 0.
[12:21:39]  Tracking : Az 148, El 0.
[12:21:40]  Ping Failed.
[12:21:41]  Tracking : Az 148, El 0.
[12:21:43]  Tracking : Az 148, El 0.
[12:21:45]  Ping Failed.
[12:21:45]  Tracking : Az 148, El 0.
[12:21:47]  Tracking : Az 148, El 0.
[12:21:49]  Tracking : Az 148, El 0.
[12:21:49]  Ping Failed.
[12:21:51]  Tracking : Az 148, El 0.
[12:21:53]  Tracking : Az 148, El 1.
[12:21:55]  Tracking : Az 148, El 1.
[12:21:56]  Ping Failed.
[12:21:59]  Ping Success at node 5, 474ms
[12:22:01]  Ping Success at node 5, 470ms
[12:22:02]  [OK]CMD Packet Header: 0x18 0x75 0xc0 0x0 0x0 0x5 0x1e 0xa2
[12:22:03]  Received Report from port : 25.
[12:22:05]  Received Report from port : 25.
[12:22:07]  Received Report from port : 25.
[12:22:13]  [OK]CMD Packet Header: 0x18 0x50 0xc0 0x0 0x0 0x1 0x6 0x70
[12:22:14]  Received Report from port : 25.
[12:22:16]  Received Report from port : 25.
[12:22:18]  Received Report from port : 25.
[12:22:19]  Forked Safe Amplifier Process. (OFF)
[12:22:21]  Finish Engaging.
[12:22:21]  Beacon Success : 0, Ping Success : 2
[12:22:21]  Start Doppler Correction.
[12:22:21]  You tried doppler correction with no engaging
