2025-12-15 13:06
[13:06:38]  Connect to Switch Box.............Success.
[13:06:38]  Connect to Rotator................Success.
[13:06:38]  Connect to GS100..................Success.
[13:06:38]  TM Port 13 bind success.
[13:06:38]  BCN Port 31 bind success.
[13:06:38]  RPT Port 25 bind success.
[13:06:44]  TLE "cubesat" Download Completed.
[13:06:48]  Start Engaging.
[13:06:48]  Tracking : Az 178, El 10.
[13:06:50]  Start Doppler Correction.
[13:06:50]  Tracking : Az 178, El 10.
[13:06:53]  Forked Safe Amplifier Process.(ON, Timer)
[13:06:56]  Ping Success at node 5, 464ms
[13:07:14]  Tracking : Az 179, El 13.
[13:07:16]  Tracking : Az 179, El 13.
[13:07:23]  [OK]CMD Packet Header: 0x18 0x75 0xc0 0x0 0x0 0x1 0x14 0x47
[13:07:24]  Received Report from port : 25.
[13:07:26]  Received Report from port : 25.
[13:07:28]  Received Report from port : 25.
[13:07:36]  [OK]CMD Packet Header: 0x18 0x75 0xc0 0x0 0x0 0x1 0x1a 0x49
[00:13:16]  Received Report from port : 25.
[13:07:38]  Tracking : Az 180, El 16.
[13:07:39]  Received Report from port : 25.
[13:07:40]  Tracking : Az 181, El 16.
[13:07:41]  Received Report from port : 25.
[13:07:49]  [OK]CMD Packet Header: 0x18 0x75 0xc0 0x0 0x0 0x1 0x17 0x44
[13:07:49]  Received Report from port : 25.
