2025-12-29 01:48
[01:48:16]  Connect to Switch Box.............Success.
[01:48:16]  Connect to Rotator................Success.
[01:48:16]  Connect to GS100..................Success.
[01:48:16]  TM Port 13 bind success.
[01:48:16]  BCN Port 31 bind success.
[01:48:16]  RPT Port 25 bind success.
[01:48:16]  Event Port 27 bind success.
[01:48:16]  COSMIC Beacon Port 23 bind success.
[01:48:16]  COSMIC Report Port 24 bind success.
[01:48:40]  TLE "cubesat" Download Completed.
[02:10:42]  Start Engaging.
[02:10:44]  Start Doppler Correction.
[02:15:15]  Forked Safe Amplifier Process.(ON, Timer)
[02:15:21]  Tracking : Az 359, El 1.
[02:15:23]  Tracking : Az 359, El 1.
[02:15:25]  Ping Failed.
[02:15:25]  Tracking : Az 359, El 1.
[02:15:27]  Tracking : Az 359, El 1.
[02:15:29]  Tracking : Az 359, El 2.
[02:15:31]  Tracking : Az 359, El 2.
[02:15:33]  Tracking : Az 359, El 2.
[02:15:35]  Tracking : Az 359, El 2.
[02:15:37]  Tracking : Az 359, El 2.
[02:15:39]  Tracking : Az 359, El 2.
[02:15:41]  Tracking : Az 358, El 2.
[02:15:43]  Tracking : Az 358, El 3.
[02:15:45]  Tracking : Az 358, El 3.
[02:15:47]  Tracking : Az 358, El 3.
[02:15:48]  Ping Failed.
[02:15:49]  Tracking : Az 358, El 3.
[02:15:51]  Tracking : Az 358, El 3.
[02:15:53]  Tracking : Az 358, El 3.
[02:15:55]  Tracking : Az 358, El 3.
[02:15:57]  Tracking : Az 358, El 3.
[02:15:59]  Tracking : Az 357, El 4.
[02:16:01]  Tracking : Az 357, El 4.
[02:16:03]  Tracking : Az 357, El 4.
[02:16:05]  Tracking : Az 357, El 4.
[02:16:07]  Tracking : Az 357, El 4.
[02:16:09]  Tracking : Az 357, El 4.
[02:16:11]  Tracking : Az 357, El 4.
[02:16:13]  Tracking : Az 357, El 5.
[02:16:15]  Tracking : Az 356, El 5.
[02:16:17]  Tracking : Az 356, El 5.
[02:16:17]  Ping Failed.
[02:16:19]  Tracking : Az 356, El 5.
[02:16:33]  Ping Failed.
[02:16:41]  Tracking : Az 354, El 7.
[02:16:44]  Ping Failed.
[02:16:56]  Ping Failed.
[02:17:03]  Tracking : Az 353, El 9.
[02:17:07]  Ping Failed.
[02:17:15]  Tracking : Az 351, El 10.
[02:17:18]  Ping Success at node 5, 477ms
[02:17:23]  Cannot Load Remote Parameter.
[02:17:26]  Ping Failed.
[02:17:33]  Ping Failed.
[02:17:39]  Ping Success at node 5, 475ms
[02:17:40]  AX100 Boot Count : 22229
[02:17:42]  Tracking : Az 348, El 12.
[02:17:45]  Ping Success at node 5, 468ms
[02:17:51]  Ping Failed at node 3.
[02:17:56]  Ping Success at node 5, 470ms
[02:18:00]  Ping Failed at node 3.
[02:18:04]  Tracking : Az 345, El 14.
[02:18:06]  Tracking : Az 345, El 15.
[02:18:13]  Ping Success at node 5, 472ms
[02:18:17]  Ping Failed at node 3.
[02:18:19]  AX100 Boot Count : 22229
[02:18:22]  Remote Param Control OK. can_en : true
[02:18:23]  Tracking : Az 342, El 16.
[02:18:26]  Remote Param Control OK. tx_inhibit : 0
[02:18:28]  Remote Param Control OK. tx_pwr : 3
[02:18:30]  Remote Param Control OK. csp_rtable : 0/0 AX100, 3/5 CAN
[02:18:33]  Tracking : Az 341, El 18.
[02:18:33]  Remote Param Control OK. Active Conf : 1
[02:18:35]  Remote Param Control OK. Last RSSI : -99
[02:18:41]  Tracking : Az 339, El 18.
[02:18:41]  Ping Failed at node 3.
[02:18:53]  Tracking : Az 336, El 20.
[02:19:05]  [OK]CMD Packet Header: 0x18 0x23 0xc0 0x0 0x0 0x1 0x6 0x3
[02:19:06]  Tracking : Az 333, El 22.
[02:19:06]  [OK]CMD Packet Header: 0x18 0x23 0xc0 0x0 0x0 0x1 0x6 0x3
[02:19:08]  [OK]CMD Packet Header: 0x18 0x23 0xc0 0x0 0x0 0x1 0x6 0x3
[02:19:17]  [OK]CMD Packet Header: 0x18 0x20 0xc0 0x0 0x0 0x5 0x7 0xd
[02:19:19]  [OK]CMD Packet Header: 0x18 0x20 0xc0 0x0 0x0 0x5 0x7 0xd
[02:19:21]  Tracking : Az 329, El 24.
[02:19:21]  [OK]CMD Packet Header: 0x18 0x20 0xc0 0x0 0x0 0x5 0x7 0xd
[02:19:25]  [OK]CMD Packet Header: 0x18 0x23 0xc0 0x0 0x0 0x1 0x1b 0x1e
[02:19:26]  [OK]CMD Packet Header: 0x18 0x23 0xc0 0x0 0x0 0x8 0x2 0x18
[02:19:26]  [OK]CMD Packet Header: 0x18 0x19 0xc0 0x0 0x0 0x5 0x0 0x29
[02:19:28]  [OK]CMD Packet Header: 0x18 0x23 0xc0 0x0 0x0 0x1 0x1b 0x1e
[02:19:28]  [OK]CMD Packet Header: 0x18 0x23 0xc0 0x0 0x0 0x8 0x2 0x18
[02:19:28]  [OK]CMD Packet Header: 0x18 0x19 0xc0 0x0 0x0 0x5 0x0 0x29
[02:19:30]  [OK]CMD Packet Header: 0x18 0x23 0xc0 0x0 0x0 0x1 0x1b 0x1e
[02:19:31]  [OK]CMD Packet Header: 0x18 0x23 0xc0 0x0 0x0 0x8 0x2 0x18
[02:19:31]  Tracking : Az 326, El 25.
[02:19:31]  [OK]CMD Packet Header: 0x18 0x19 0xc0 0x0 0x0 0x5 0x0 0x29
[02:19:37]  Tracking : Az 324, El 26.
[02:19:44]  Ping Failed at node 3.
[02:19:45]  Ping Success at node 5, 458ms
[02:19:46]  Tracking : Az 321, El 27.
[02:19:46]  AX100 Boot Count : 22229
[02:19:52]  Ping Failed at node 3.
[02:19:54]  Tracking : Az 318, El 28.
[02:19:56]  Tracking : Az 317, El 28.
[02:20:01]  Ping Failed at node 3.
[02:20:04]  Tracking : Az 314, El 29.
[02:20:06]  Tracking : Az 313, El 29.
[02:20:06]  Ping Failed at node 3.
[02:20:11]  Ping Failed at node 3.
[02:20:13]  Tracking : Az 310, El 30.
[02:20:15]  Ping Failed at node 3.
[02:20:16]  Ping Success at node 5, 455ms
[02:20:18]  AX100 Boot Count : 22229
[02:20:20]  Ping Success at node 5, 470ms
[02:20:20]  Tracking : Az 307, El 30.
[02:20:22]  Tracking : Az 306, El 31.
[02:20:24]  Ping Failed at node 3.
[02:20:28]  Tracking : Az 303, El 31.
[02:20:29]  Ping Failed at node 3.
[02:20:34]  Ping Failed at node 3.
[02:20:35]  Tracking : Az 300, El 31.
[02:20:40]  Ping Failed at node 3.
[02:20:41]  Tracking : Az 297, El 32.
[02:20:45]  Ping Failed at node 3.
[02:20:47]  Tracking : Az 294, El 32.
[02:20:49]  Tracking : Az 293, El 32.
[02:20:49]  Ping Failed at node 3.
[02:20:53]  Ping Failed at node 3.
[02:20:54]  Tracking : Az 290, El 32.
[02:20:58]  Ping Failed at node 3.
[02:21:00]  Tracking : Az 287, El 32.
[02:21:02]  Ping Failed at node 3.
[02:21:06]  Tracking : Az 284, El 32.
[02:21:07]  Ping Failed at node 3.
[02:21:11]  Ping Failed at node 3.
[02:21:12]  Tracking : Az 281, El 32.
[02:21:12]  Ping Success at node 5, 461ms
[02:21:15]  AX100 Boot Count : 22229
[02:21:18]  Tracking : Az 278, El 32.
[02:21:20]  Ping Failed at node 3.
[02:21:24]  Ping Failed at node 3.
[02:21:24]  Tracking : Az 275, El 31.
[02:21:26]  Tracking : Az 274, El 31.
[02:21:28]  Ping Failed at node 3.
[02:21:32]  Tracking : Az 271, El 31.
[02:21:33]  Ping Failed at node 3.
[02:21:34]  Tracking : Az 270, El 31.
[02:21:35]  Remote Param Control OK. Active Conf : 1
[02:21:40]  Tracking : Az 268, El 30.
[02:21:42]  Ping Failed at node 3.
[02:21:43]  Tracking : Az 266, El 30.
[02:21:46]  Remote Param Control OK. Active Conf : 1
[02:21:50]  Tracking : Az 263, El 29.
[02:21:52]  Ping Failed at node 3.
[02:21:53]  Ping Success at node 5, 459ms
[02:21:57]  Tracking : Az 260, El 28.
[02:22:04]  Tracking : Az 257, El 28.
[02:22:07]  Tracking : Az 256, El 27.
[02:22:08]  [OK]CMD Packet Header: 0x18 0x23 0xc0 0x0 0x0 0x8 0x2 0x18
[02:22:09]  [OK]CMD Packet Header: 0x18 0x19 0xc0 0x0 0x0 0x5 0x0 0x29
[02:22:15]  Tracking : Az 253, El 26.
[02:22:17]  [OK]CMD Packet Header: 0x18 0x23 0xc0 0x0 0x0 0x1 0x1b 0x1e
[02:22:17]  [OK]CMD Packet Header: 0x18 0x23 0xc0 0x0 0x0 0x8 0x2 0x18
[02:22:18]  [OK]CMD Packet Header: 0x18 0x19 0xc0 0x0 0x0 0x5 0x0 0x29
[02:22:18]  Tracking : Az 252, El 26.
[02:22:24]  AX100 Boot Count : 22229
[02:22:27]  Tracking : Az 249, El 25.
[02:22:31]  Ping Failed.
[02:22:37]  Tracking : Az 246, El 23.
[02:22:37]  Ping Failed at node 3.
[02:22:40]  Tracking : Az 245, El 23.
[02:22:40]  Ping Failed.
[02:22:44]  Ping Failed at node 3.
[02:22:48]  Ping Failed at node 3.
[02:22:51]  Tracking : Az 242, El 22.
[02:22:53]  Ping Failed.
[02:23:00]  Ping Success at node 5, 464ms
[02:23:04]  Tracking : Az 239, El 20.
[02:23:04]  Ping Failed at node 3.
[02:23:07]  Cannot Load Remote Parameter.
[02:23:12]  Cannot Load Remote Parameter.
[02:23:17]  Ping Failed.
[02:23:18]  Tracking : Az 236, El 18.
[02:23:23]  Ping Failed.
[02:23:28]  Ping Failed.
[02:23:33]  Tracking : Az 233, El 16.
[02:23:36]  Ping Failed.
[02:23:42]  Ping Failed.
[02:23:49]  Ping Failed.
[02:23:52]  Tracking : Az 230, El 14.
[02:23:56]  Ping Failed.
[02:24:04]  Ping Failed.
[02:24:13]  Ping Failed.
[02:24:13]  Tracking : Az 227, El 12.
[02:24:20]  Ping Failed at node 3.
[02:24:24]  Ping Failed.
[02:24:39]  Ping Failed.
[02:24:39]  Tracking : Az 224, El 10.
[02:24:44]  Ping Failed.
[02:24:51]  Ping Failed.
[02:25:00]  Ping Failed.
[02:25:03]  Ping Failed.
[02:25:05]  Tracking : Az 222, El 7.
[02:25:09]  Ping Failed.
[02:25:13]  Ping Failed.
[02:25:19]  Ping Failed.
[02:25:27]  Ping Failed.
[02:25:35]  Tracking : Az 220, El 5.
[02:25:35]  Ping Failed.
[02:25:40]  Ping Failed.
[02:25:48]  Ping Failed.
[02:25:56]  Ping Failed.
[02:26:03]  Ping Failed.
[02:26:07]  Tracking : Az 217, El 3.
[02:26:11]  Ping Failed.
[02:26:15]  Ping Failed at node 3.
[02:26:21]  Ping Failed.
[02:26:29]  Ping Failed.
[02:26:39]  Ping Failed.
[02:26:42]  Tracking : Az 216, El 0.
[02:26:45]  Ping Failed.
[02:26:46]  Forked Safe Amplifier Process. (OFF)
[02:26:53]  Finish Engaging.
[02:26:53]  Beacon Success : 0, Ping Success : 11
[02:26:54]  Tracking : Az 0, El 0.
