2026-01-02 13:06
[13:06:46]  Connect to Switch Box.............Success.
[13:06:46]  Connect to Rotator................Success.
[13:06:46]  Connect to GS100..................Success.
[13:06:46]  TM Port 13 bind success.
[13:06:46]  BCN Port 31 bind success.
[13:06:46]  RPT Port 25 bind success.
[13:06:46]  Event Port 27 bind success.
[13:06:46]  COSMIC Beacon Port 23 bind success.
[13:06:46]  COSMIC Report Port 24 bind success.
[13:07:16]  TLE "cubesat" Download Completed.
[13:32:00]  Start Engaging.
[13:32:00]  Tracking : Az 192, El 0.
[13:32:01]  Start Doppler Correction.
[13:32:02]  Tracking : Az 192, El 0.
[13:32:04]  Tracking : Az 192, El 0.
[13:32:06]  Tracking : Az 192, El 0.
[13:32:08]  Tracking : Az 192, El 0.
[13:32:10]  Tracking : Az 192, El 0.
[13:32:12]  Tracking : Az 192, El 0.
[13:32:14]  Tracking : Az 192, El 0.
[13:32:16]  Tracking : Az 192, El 0.
[13:32:18]  Tracking : Az 192, El 0.
[13:32:20]  Tracking : Az 192, El 0.
[13:32:22]  Tracking : Az 192, El 0.
[13:32:24]  Tracking : Az 192, El 0.
[13:32:26]  Tracking : Az 192, El 0.
[13:32:28]  Tracking : Az 192, El 0.
[13:32:30]  Tracking : Az 192, El 0.
[13:32:32]  Tracking : Az 192, El 0.
[13:34:38]  Forked Safe Amplifier Process.(ON, Timer)
[13:34:39]  Tracking : Az 194, El 1.
[13:34:44]  Ping Failed.
[13:34:57]  Ping Failed.
[13:35:20]  Tracking : Az 196, El 4.
[13:35:28]  Ping Failed.
[13:35:41]  Ping Failed.
[13:35:44]  Tracking : Az 199, El 5.
[13:35:53]  Ping Failed.
[13:36:02]  Ping Failed.
[13:36:02]  Tracking : Az 200, El 7.
[13:36:19]  Ping Failed.
[13:36:24]  Tracking : Az 203, El 8.
[13:36:31]  Ping Success at node 5, 470ms
[13:36:33]  AX100 Boot Count : 22234
[13:36:42]  Ping Failed at node 3.
[13:36:47]  Ping Failed.
[13:36:48]  Tracking : Az 206, El 10.
[13:36:48]  Ping Success at node 5, 470ms
[13:36:53]  Ping Failed at node 3.
[13:36:54]  Ping Success at node 5, 468ms
[13:36:58]  Ping Failed at node 3.
[13:36:59]  Remote Param Control OK. csp_rtable : 0/0 AX100, 3/5 CAN
[13:37:09]  Tracking : Az 209, El 12.
[13:37:21]  Cannot Load Remote Parameter.
[13:37:25]  Remote Param Control OK.
[13:37:28]  Tracking : Az 212, El 14.
[13:37:30]  Cannot Load Remote Parameter.
[13:37:31]  Ping Success at node 5, 460ms
[13:37:33]  Remote Param Control OK. csp_rtable : 3/5 CAN, 6/5 CAN, 0/0 AX100
[13:37:39]  Ping Failed at node 3.
[13:37:44]  Tracking : Az 215, El 15.
[13:37:44]  Ping Failed at node 6.
[13:37:49]  Ping Failed at node 6.
[13:37:54]  Ping Failed at node 6.
[13:37:57]  Ping Failed.
[13:37:59]  Tracking : Az 218, El 17.
[13:38:03]  Ping Failed.
[13:38:12]  Tracking : Az 221, El 18.
[13:38:14]  Ping Failed.
[13:38:21]  Ping Success at node 5, 467ms
[13:38:24]  Tracking : Az 224, El 19.
[13:38:26]  Ping Failed at node 6.
[13:38:27]  Ping Success at node 5, 460ms
[13:38:29]  AX100 Boot Count : 22234
[13:38:35]  Tracking : Az 227, El 20.
[13:38:46]  Tracking : Az 230, El 21.
[13:38:49]  Tracking : Az 231, El 22.
[13:38:54]  Ping Failed.
[13:38:55]  Tracking : Az 233, El 22.
[13:38:59]  Ping Failed.
[13:39:01]  Tracking : Az 235, El 23.
[13:39:03]  Ping Success at node 5, 459ms
[13:39:10]  Tracking : Az 238, El 24.
[13:39:10]  Ping Success at node 5, 460ms
[13:39:16]  Tracking : Az 240, El 24.
[13:39:17]  Ping Success at node 5, 467ms
[13:39:19]  Ping Success at node 5, 463ms
[13:39:24]  Tracking : Az 243, El 25.
[13:39:25]  Ping Failed at node 6.
[13:39:27]  Tracking : Az 244, El 25.
[13:39:30]  Ping Failed at node 6.
[13:39:33]  Ping Failed at node 6.
[13:39:35]  Tracking : Az 247, El 25.
[13:39:38]  Ping Failed at node 3.
[13:39:42]  Tracking : Az 250, El 26.
[13:39:42]  Ping Failed at node 3.
[13:39:45]  Tracking : Az 251, El 26.
[13:39:46]  Ping Failed at node 3.
[13:39:49]  Tracking : Az 253, El 26.
[13:39:55]  Tracking : Az 255, El 26.
[13:39:57]  Ping Failed at node 3.
[13:40:01]  Tracking : Az 258, El 26.
[13:40:03]  Ping Failed at node 3.
[13:40:04]  Tracking : Az 259, El 26.
[13:40:08]  Ping Success at node 5, 466ms
[13:40:09]  Tracking : Az 261, El 27.
[13:40:14]  Ping Failed at node 3.
[13:40:16]  Tracking : Az 264, El 27.
[13:40:23]  Tracking : Az 267, El 26.
[13:40:25]  Tracking : Az 268, El 26.
[13:40:32]  Tracking : Az 271, El 26.
[13:40:35]  Tracking : Az 272, El 26.
[13:40:38]  Ping Failed at node 3.
[13:40:39]  Ping Success at node 5, 458ms
[13:40:42]  Tracking : Az 275, El 26.
[13:40:44]  Tracking : Az 276, El 26.
[13:40:46]  Ping Failed at node 6.
[13:40:50]  Ping Failed at node 6.
[13:40:51]  Ping Success at node 5, 463ms
[13:40:52]  Tracking : Az 279, El 25.
[13:40:52]  [OK]CMD Packet Header: 0x18 0x71 0xc0 0x0 0x0 0x1 0x16 0x41
[13:40:54]  [OK]CMD Packet Header: 0x18 0x71 0xc0 0x0 0x0 0x1 0x16 0x41
[13:40:54]  Tracking : Az 280, El 25.
[13:40:55]  [OK]CMD Packet Header: 0x18 0x71 0xc0 0x0 0x0 0x1 0x16 0x41
[13:40:57]  [OK]CMD Packet Header: 0x18 0x71 0xc0 0x0 0x0 0x1 0x16 0x41
[13:40:59]  [OK]CMD Packet Header: 0x18 0x71 0xc0 0x0 0x0 0x1 0x16 0x41
[13:41:01]  [OK]CMD Packet Header: 0x18 0x71 0xc0 0x0 0x0 0x1 0x16 0x41
[13:41:02]  Tracking : Az 283, El 25.
[13:41:02]  [OK]CMD Packet Header: 0x18 0x71 0xc0 0x0 0x0 0x1 0x16 0x41
[13:41:04]  [OK]CMD Packet Header: 0x18 0x71 0xc0 0x0 0x0 0x1 0x16 0x41
[13:41:06]  [OK]CMD Packet Header: 0x18 0x71 0xc0 0x0 0x0 0x1 0x16 0x41
[13:41:07]  Tracking : Az 285, El 25.
[13:41:08]  AX100 Boot Count : 22234
[13:41:10]  [OK]CMD Packet Header: 0x18 0x71 0xc0 0x0 0x0 0x1 0x16 0x41
[13:41:13]  AX100 Boot Count : 22234
[13:41:15]  Ping Success at node 5, 462ms
[13:41:16]  Tracking : Az 288, El 24.
[13:41:18]  Tracking : Az 288, El 24.
[13:41:21]  Tracking : Az 290, El 23.
[13:41:21]  Ping Failed at node 6.
[13:41:24]  Tracking : Az 291, El 23.
[13:41:27]  Ping Failed at node 3.
[13:41:31]  Remote Param Control OK. csp_rtable : 3/5 CAN, 6/5 CAN, 0/0 AX100
[13:41:33]  Tracking : Az 294, El 22.
[13:41:35]  Tracking : Az 294, El 22.
[13:41:40]  Tracking : Az 296, El 22.
[13:41:40]  Remote Param Control OK. can_en : true
[13:41:43]  Remote Param Control OK. tx_inhibit : 0
[13:41:45]  Remote Param Control OK. tx_pwr : 3
[13:41:49]  Remote Param Control OK. rx_baud : 4800
[13:41:50]  Tracking : Az 299, El 21.
[13:41:51]  Remote Param Control OK. tx_baud : 4800
[13:41:52]  Tracking : Az 299, El 21.
[13:41:53]  Ping Success at node 5, 471ms
[13:41:57]  Tracking : Az 301, El 20.
[13:41:58]  Ping Failed at node 3.
[13:42:04]  Ping Failed at node 6.
[13:42:08]  Tracking : Az 304, El 19.
[13:42:08]  [OK]CMD Packet Header: 0x18 0x71 0xc0 0x0 0x0 0x1 0x16 0x41
[13:42:11]  [OK]CMD Packet Header: 0x18 0x71 0xc0 0x0 0x0 0x1 0x16 0x41
[13:42:13]  [OK]CMD Packet Header: 0x18 0x71 0xc0 0x0 0x0 0x1 0x16 0x41
[13:42:14]  [OK]CMD Packet Header: 0x18 0x71 0xc0 0x0 0x0 0x1 0x16 0x41
[13:42:16]  [OK]CMD Packet Header: 0x18 0x71 0xc0 0x0 0x0 0x1 0x16 0x41
[13:42:18]  [OK]CMD Packet Header: 0x18 0x71 0xc0 0x0 0x0 0x1 0x16 0x41
[13:42:20]  [OK]CMD Packet Header: 0x18 0x71 0xc0 0x0 0x0 0x1 0x16 0x41
[13:42:21]  Tracking : Az 307, El 18.
[13:42:22]  [OK]CMD Packet Header: 0x18 0x71 0xc0 0x0 0x0 0x1 0x16 0x41
[13:42:24]  [OK]CMD Packet Header: 0x18 0x71 0xc0 0x0 0x0 0x1 0x16 0x41
[13:42:26]  [OK]CMD Packet Header: 0x18 0x71 0xc0 0x0 0x0 0x1 0x16 0x41
[13:42:28]  [OK]CMD Packet Header: 0x18 0x71 0xc0 0x0 0x0 0x1 0x16 0x41
[13:42:30]  [OK]CMD Packet Header: 0x18 0x71 0xc0 0x0 0x0 0x1 0x16 0x41
[13:42:32]  [OK]CMD Packet Header: 0x18 0x71 0xc0 0x0 0x0 0x1 0x16 0x41
[13:42:34]  Tracking : Az 310, El 16.
[13:42:35]  AX100 Boot Count : 22234
[13:42:36]  Ping Success at node 5, 473ms
[13:42:37]  [OK]CMD Packet Header: 0x18 0x71 0xc0 0x0 0x0 0x1 0x16 0x41
[13:42:38]  [OK]CMD Packet Header: 0x18 0x71 0xc0 0x0 0x0 0x1 0x16 0x41
[13:42:39]  [OK]CMD Packet Header: 0x18 0x71 0xc0 0x0 0x0 0x1 0x16 0x41
[13:42:40]  [OK]CMD Packet Header: 0x18 0x71 0xc0 0x0 0x0 0x1 0x16 0x41
[13:42:41]  [OK]CMD Packet Header: 0x18 0x71 0xc0 0x0 0x0 0x1 0x16 0x41
[13:42:43]  [OK]CMD Packet Header: 0x18 0x71 0xc0 0x0 0x0 0x1 0x16 0x41
[13:42:44]  [OK]CMD Packet Header: 0x18 0x71 0xc0 0x0 0x0 0x1 0x16 0x41
[13:42:45]  [OK]CMD Packet Header: 0x18 0x71 0xc0 0x0 0x0 0x1 0x16 0x41
[13:42:46]  [OK]CMD Packet Header: 0x18 0x71 0xc0 0x0 0x0 0x1 0x16 0x41
[13:42:47]  [OK]CMD Packet Header: 0x18 0x71 0xc0 0x0 0x0 0x1 0x16 0x41
[13:42:48]  [OK]CMD Packet Header: 0x18 0x71 0xc0 0x0 0x0 0x1 0x16 0x41
[13:42:49]  Tracking : Az 313, El 15.
[13:42:49]  [OK]CMD Packet Header: 0x18 0x71 0xc0 0x0 0x0 0x1 0x16 0x41
[13:42:50]  [OK]CMD Packet Header: 0x18 0x71 0xc0 0x0 0x0 0x1 0x16 0x41
[13:42:51]  [OK]CMD Packet Header: 0x18 0x71 0xc0 0x0 0x0 0x1 0x16 0x41
[13:42:53]  AX100 Boot Count : 22234
[13:42:54]  Ping Success at node 5, 463ms
[13:42:59]  Ping Failed at node 6.
[13:43:04]  Ping Failed at node 6.
[13:43:06]  Tracking : Az 316, El 13.
[13:43:08]  Ping Failed at node 3.
[13:43:12]  Ping Failed at node 3.
[13:43:25]  Tracking : Az 319, El 12.
[13:43:26]  [OK]CMD Packet Header: 0x18 0x23 0xc0 0x0 0x0 0x1 0x1b 0x1e
[13:43:26]  [OK]CMD Packet Header: 0x18 0x23 0xc0 0x0 0x0 0x8 0x2 0x18
[13:43:27]  [OK]CMD Packet Header: 0x18 0x19 0xc0 0x0 0x0 0x5 0x0 0x29
[13:43:46]  Tracking : Az 322, El 10.
[13:43:58]  Ping Success at node 5, 470ms
[13:44:04]  Ping Failed at node 3.
[13:44:08]  Ping Failed at node 3.
[13:44:10]  AX100 Boot Count : 22234
[13:44:11]  Tracking : Az 325, El 8.
[13:44:14]  Remote Param Control OK.(No Reply)
[13:44:18]  AX100 Boot Count : 22234
[13:44:21]  Remote Param Control OK.(No Reply)
[13:44:23]  AX100 Boot Count : 22235
[13:44:25]  Remote Param Control OK. csp_rtable : 0/0 AX100, 3/5 CAN
[13:44:33]  Remote Param Control OK.
[13:44:35]  Remote Param Control OK. csp_rtable : 0/0 AX100, 3/5 CAN, 6/5 CAN
[13:44:37]  Remote Param Control OK.(No Reply)
[13:44:41]  AX100 Boot Count : 22235
[13:44:41]  Tracking : Az 328, El 6.
[13:44:43]  Ping Success at node 5, 469ms
[13:44:48]  Ping Failed at node 3.
[13:44:54]  Ping Failed at node 6.
[13:44:58]  Ping Failed at node 6.
[13:45:02]  Ping Failed at node 6.
[13:45:06]  Ping Failed at node 3.
[13:45:10]  Ping Failed at node 3.
[13:45:13]  Tracking : Az 330, El 3.
[13:45:15]  Ping Failed at node 3.
[13:45:15]  Ping Success at node 5, 474ms
[13:45:20]  Ping Failed at node 3.
[13:45:21]  Ping Success at node 5, 476ms
[13:45:25]  Ping Failed at node 3.
[13:45:43]  Tracking : Az 333, El 2.
[13:45:46]  Ping Success at node 5, 481ms
[13:45:51]  Ping Failed at node 3.
[13:45:55]  Cannot Load Remote Parameter.
[13:46:04]  Forked Safe Amplifier Process. (OFF)
[13:46:08]  Finish Engaging.
[13:46:08]  Beacon Success : 0, Ping Success : 22
[13:46:09]  Tracking : Az 0, El 0.
