2025-12-25 01:52
[01:52:27]  Connect to Switch Box.............Success.
[01:52:27]  Connect to Rotator................Success.
[01:52:27]  Connect to GS100..................Success.
[01:52:27]  TM Port 13 bind success.
[01:52:27]  BCN Port 31 bind success.
[01:52:27]  RPT Port 25 bind success.
[01:52:27]  Event Port 27 bind success.
[01:52:27]  COSMIC Beacon Port 23 bind success.
[01:52:27]  COSMIC Report Port 24 bind success.
[01:52:50]  TLE "cubesat" Download Completed.
[01:52:56]  Start Engaging.
[01:52:56]  Tracking : Az 198, El 17.
[01:52:57]  Start Doppler Correction.
[01:52:58]  Tracking : Az 198, El 16.
[01:53:00]  Forked Safe Amplifier Process.(ON, Timer)
[01:53:00]  Tracking : Az 198, El 16.
[01:53:02]  Tracking : Az 198, El 16.
[01:53:04]  Tracking : Az 198, El 15.
[01:53:06]  Tracking : Az 198, El 15.
[01:53:08]  Tracking : Az 198, El 15.
[01:53:10]  Tracking : Az 198, El 15.
[01:53:12]  Tracking : Az 197, El 14.
[01:53:14]  Tracking : Az 197, El 14.
[01:53:16]  Tracking : Az 197, El 14.
[01:53:18]  Tracking : Az 197, El 14.
[01:53:20]  Tracking : Az 197, El 13.
[01:53:22]  Tracking : Az 197, El 13.
[01:53:24]  Tracking : Az 197, El 13.
[01:53:26]  Tracking : Az 197, El 13.
[01:53:28]  Tracking : Az 197, El 12.
[01:53:31]  Ping Success at node 5, 468ms
[01:53:34]  AX100 Boot Count : 22226
[01:53:47]  [OK]CMD Packet Header: 0x18 0x23 0xc0 0x0 0x0 0x1 0x6 0x3
[01:53:56]  [OK]CMD Packet Header: 0x18 0x20 0xc0 0x0 0x0 0x5 0x7 0xd
[01:53:56]  Tracking : Az 197, El 9.
[01:54:00]  [OK]CMD Packet Header: 0x18 0x23 0xc0 0x0 0x0 0x1 0x1b 0x1e
[01:54:01]  [OK]CMD Packet Header: 0x18 0x23 0xc0 0x0 0x0 0x8 0x2 0x18
[01:54:01]  [OK]CMD Packet Header: 0x18 0x19 0xc0 0x0 0x0 0x5 0x0 0x29
[01:54:12]  [OK]CMD Packet Header: 0x18 0x23 0xc0 0x0 0x0 0x1 0x1b 0x1e
[01:54:12]  [OK]CMD Packet Header: 0x18 0x23 0xc0 0x0 0x0 0x8 0x2 0x18
[01:54:12]  [OK]CMD Packet Header: 0x18 0x19 0xc0 0x0 0x0 0x5 0x0 0x29
[01:54:24]  [OK]CMD Packet Header: 0x18 0x23 0xc0 0x0 0x0 0x1 0x1b 0x1e
[01:54:24]  [OK]CMD Packet Header: 0x18 0x23 0xc0 0x0 0x0 0x8 0x2 0x18
[01:54:24]  [OK]CMD Packet Header: 0x18 0x19 0xc0 0x0 0x0 0x5 0x0 0x29
[01:54:31]  [OK]CMD Packet Header: 0x18 0x23 0xc0 0x0 0x0 0x1 0x1b 0x1e
[01:54:32]  [OK]CMD Packet Header: 0x18 0x23 0xc0 0x0 0x0 0x8 0x2 0x18
[01:54:32]  [OK]CMD Packet Header: 0x18 0x19 0xc0 0x0 0x0 0x5 0x0 0x29
[01:54:40]  Tracking : Az 196, El 5.
[01:54:41]  Ping Failed.
[01:54:46]  Ping Failed.
[01:54:51]  Ping Failed.
[01:54:56]  [OK]CMD Packet Header: 0x18 0x23 0xc0 0x0 0x0 0x1 0x1b 0x1e
[01:54:56]  [OK]CMD Packet Header: 0x18 0x23 0xc0 0x0 0x0 0x8 0x2 0x18
[01:54:57]  [OK]CMD Packet Header: 0x18 0x19 0xc0 0x0 0x0 0x5 0x0 0x29
[01:55:03]  [OK]CMD Packet Header: 0x18 0x23 0xc0 0x0 0x0 0x1 0x1b 0x1e
[01:55:03]  [OK]CMD Packet Header: 0x18 0x23 0xc0 0x0 0x0 0x8 0x2 0x18
[01:55:04]  [OK]CMD Packet Header: 0x18 0x19 0xc0 0x0 0x0 0x5 0x0 0x29
[01:55:34]  Tracking : Az 196, El 1.
[01:55:38]  Forked Safe Amplifier Process. (OFF)
[01:55:48]  Finish Engaging.
[01:55:48]  Beacon Success : 0, Ping Success : 1
[01:55:49]  Tracking : Az 0, El 0.
