2026-02-10 01:10
[01:10:41]  Connect to Switch Box.............Success.
[01:10:41]  Connect to Rotator................Success.
[01:10:41]  Connect to GS100..................Success.
[01:10:41]  TM Port 13 bind success.
[01:10:41]  BCN Port 31 bind success.
[01:10:41]  RPT Port 25 bind success.
[01:10:41]  Event Port 27 bind success.
[01:10:41]  COSMIC Beacon Port 23 bind success.
[01:10:41]  COSMIC Report Port 24 bind success.
[01:10:48]  TLE "cubesat" Download Completed.
[01:10:56]  TLE "active" Download Completed.
[02:21:30]  Start Engaging.
[02:21:30]  Tracking : Az 355, El 0.
[02:21:32]  Start Doppler Correction.
[02:21:32]  Tracking : Az 355, El 0.
[02:21:34]  Tracking : Az 355, El 0.
[02:21:36]  Tracking : Az 355, El 0.
[02:21:38]  Tracking : Az 355, El 0.
[02:21:40]  Tracking : Az 355, El 0.
[02:21:42]  Tracking : Az 355, El 0.
[02:21:44]  Tracking : Az 355, El 0.
[02:21:46]  Tracking : Az 355, El 0.
[02:21:48]  Tracking : Az 355, El 0.
[02:21:50]  Tracking : Az 355, El 0.
[02:21:52]  Tracking : Az 355, El 0.
[02:21:54]  Tracking : Az 355, El 0.
[02:21:56]  Tracking : Az 355, El 0.
[02:21:58]  Tracking : Az 355, El 0.
[02:22:00]  Tracking : Az 355, El 0.
[02:22:02]  Tracking : Az 355, El 0.
[02:22:04]  Tracking : Az 355, El 0.
[02:22:06]  Tracking : Az 355, El 0.
[02:22:08]  Tracking : Az 355, El 0.
[02:22:10]  Tracking : Az 355, El 0.
[02:22:12]  Tracking : Az 355, El 0.
[02:22:14]  Tracking : Az 355, El 0.
[02:22:16]  Tracking : Az 355, El 0.
[02:22:18]  Tracking : Az 355, El 0.
[02:23:34]  Tracking : Az 355, El 0.
[02:33:02]  Tracking : Az 352, El 2.
[02:33:18]  Forked Safe Amplifier Process.(ON, Timer)
[02:33:20]  Ping Success at node 5, 471ms
[02:33:24]  [OK]CMD Packet Header: 0x18 0x15 0xc0 0x0 0x0 0x45 0xa 0x29
[02:33:25]  Received GETFILEINFO Response from port : 23.

[02:33:32]  Tracking : Az 350, El 4.
[02:33:35]  Forked Safe Amplifier Process. (OFF)
[02:33:39]  Finish Engaging.
[02:33:39]  Beacon Success : 0, Ping Success : 1
