2026-01-05 00:27
[00:27:06]  Connect to Switch Box.............Success.
[00:27:06]  Connect to Rotator................Success.
[00:27:06]  Connect to GS100..................Success.
[00:27:06]  TM Port 13 bind success.
[00:27:06]  BCN Port 31 bind success.
[00:27:06]  RPT Port 25 bind success.
[00:27:06]  Event Port 27 bind success.
[00:27:06]  COSMIC Beacon Port 23 bind success.
[00:27:06]  COSMIC Report Port 24 bind success.
[00:27:14]  TLE "cubesat" Download Completed.
[00:29:02]  Start Engaging.
[00:29:02]  Tracking : Az 32, El 0.
[00:29:04]  Finish Engaging.
[00:29:04]  Beacon Success : 0, Ping Success : 0
[00:29:06]  Tracking : Az 0, El 0.
[00:34:16]  Start Engaging.
[00:34:16]  Tracking : Az 32, El 0.
[00:34:17]  Start Doppler Correction.
[00:34:18]  Tracking : Az 32, El 0.
[00:34:20]  Tracking : Az 32, El 0.
[00:34:22]  Tracking : Az 32, El 0.
[00:34:24]  Tracking : Az 32, El 0.
[00:35:20]  Tracking : Az 35, El 1.
[00:35:25]  Forked Safe Amplifier Process.(ON, Timer)
[00:35:41]  Ping Failed.
[00:35:50]  Tracking : Az 38, El 2.
[00:36:01]  Ping Failed.
[00:36:11]  Tracking : Az 40, El 4.
[00:36:20]  Ping Failed.
[00:36:32]  Tracking : Az 43, El 5.
[00:36:35]  Ping Success at node 5, 469ms
[00:36:37]  [OK]CMD Packet Header: 0x18 0x75 0xc0 0x0 0x0 0x1 0x14 0x47
[00:36:38]  Received Report from port : 25.
[00:36:40]  Received Report from port : 25.
[00:36:42]  Received Report from port : 25.
[00:36:54]  Tracking : Az 46, El 6.
[00:36:56]  [OK]CMD Packet Header: 0x18 0x75 0xc0 0x0 0x0 0x5 0x1e 0xa2
[00:36:57]  Received Report from port : 25.
[00:36:59]  Received Report from port : 25.
[00:37:01]  Received Report from port : 25.
[00:37:14]  Tracking : Az 49, El 7.
[00:37:18]  [OK]CMD Packet Header: 0x18 0x50 0xc0 0x0 0x0 0x1 0x6 0x70
[00:37:19]  Received Report from port : 25.
[00:37:21]  Received Report from port : 25.
[00:37:23]  Received Report from port : 25.
[00:37:30]  [OK]CMD Packet Header: 0x18 0x75 0xc0 0x0 0x0 0x1 0x14 0x47
[00:37:31]  Received Report from port : 25.
[00:37:32]  Tracking : Az 52, El 8.
[00:37:33]  Received Report from port : 25.
[00:37:35]  Received Report from port : 25.
[00:37:46]  Forked Safe Amplifier Process. (OFF)
[00:37:49]  Tracking : Az 55, El 9.
[00:37:51]  Finish Engaging.
[00:37:51]  Beacon Success : 0, Ping Success : 1
