2026-01-29 01:03
[01:03:37]  Connect to Switch Box.............Success.
[01:03:37]  Connect to Rotator................Success.
[01:03:37]  Connect to GS100..................Success.
[01:03:37]  TM Port 13 bind success.
[01:03:37]  BCN Port 31 bind success.
[01:03:37]  RPT Port 25 bind success.
[01:03:37]  Event Port 27 bind success.
[01:03:37]  COSMIC Beacon Port 23 bind success.
[01:03:37]  COSMIC Report Port 24 bind success.
[01:03:56]  TLE "active" Download Completed.
[01:04:07]  [Auto]Start AutoPilot.
[01:04:07]  [Auto]Start Autopilot. Next Valuable AOS : 1/29 2:26:21
[01:04:07]  [Auto]Max Elevation : 24.19° Please Keep Devices On.
[02:21:21]  [Auto]Start Engaging.
[02:21:21]  [Auto]Start Doppler Correction.
[02:21:21]  Tracking : Az 357, El 0.
[02:21:23]  Tracking : Az 357, El 0.
[02:21:25]  Tracking : Az 357, El 0.
[02:21:27]  Tracking : Az 357, El 0.
[02:21:29]  Tracking : Az 357, El 0.
[02:21:31]  Tracking : Az 357, El 0.
[02:21:33]  Tracking : Az 357, El 0.
[02:21:35]  Tracking : Az 357, El 0.
[02:21:37]  Tracking : Az 357, El 0.
[02:21:39]  Tracking : Az 357, El 0.
[02:21:41]  Tracking : Az 357, El 0.
[02:21:43]  Tracking : Az 357, El 0.
[02:21:45]  Tracking : Az 357, El 0.
[02:21:47]  Tracking : Az 357, El 0.
[02:21:49]  Tracking : Az 357, El 0.
[02:21:51]  Tracking : Az 357, El 0.
[02:21:53]  Tracking : Az 357, El 0.
[02:21:55]  Tracking : Az 357, El 0.
[02:21:57]  Tracking : Az 357, El 0.
[02:21:59]  Tracking : Az 357, El 0.
[02:22:01]  Tracking : Az 357, El 0.
[02:22:03]  Tracking : Az 357, El 0.
[02:22:05]  Tracking : Az 357, El 0.
[02:22:07]  Tracking : Az 357, El 0.
[02:22:09]  Tracking : Az 357, El 0.
[02:22:11]  Tracking : Az 357, El 0.
[02:22:13]  Tracking : Az 357, El 0.
[02:22:15]  Tracking : Az 357, El 0.
[02:22:17]  Tracking : Az 357, El 0.
[02:22:19]  Tracking : Az 357, El 0.
[02:22:21]  Tracking : Az 357, El 0.
[02:22:56]  Forked Safe Amplifier Process.(ON, Timer)
[02:22:56]  [OK]CMD Packet Header: 0x18 0x75 0xc0 0x0 0x0 0x1 0x14 0x47
[02:22:56]  [Auto]EPS P60 DOCK GET TABLE HK Command Sent (1/2)
[02:23:06]  [OK]CMD Packet Header: 0x18 0x75 0xc0 0x0 0x0 0x1 0x14 0x47
[02:23:06]  [Auto]EPS P60 DOCK GET TABLE HK Command Sent (2/2)
[02:23:16]  [OK]CMD Packet Header: 0x18 0x75 0xc0 0x0 0x0 0x1 0x17 0x44
[02:23:17]  [Auto]EPS P60 PDU GET TABLE HK Command Sent (1/2)
[02:23:27]  [OK]CMD Packet Header: 0x18 0x75 0xc0 0x0 0x0 0x1 0x17 0x44
[02:23:27]  [Auto]EPS P60 PDU GET TABLE HK Command Sent (2/2)
[02:23:37]  [OK]CMD Packet Header: 0x18 0x75 0xc0 0x0 0x0 0x1 0x1a 0x0
[02:23:37]  [Auto]EPS P60 ACU GET TABLE HK Command Sent (1/2)
[02:23:47]  [OK]CMD Packet Header: 0x18 0x75 0xc0 0x0 0x0 0x1 0x1a 0x0
[02:23:48]  [Auto]EPS P60 ACU GET TABLE HK Command Sent (2/2)
[02:23:58]  [Auto]Start GND WDT reset sequence
[02:23:58]  [OK]CMD Packet Header: 0x18 0x50 0xc0 0x0 0x0 0x1 0x6 0x70
[02:23:58]  [Auto]AX100 GND WDT CMD sent (1/2)
[02:24:08]  [OK]CMD Packet Header: 0x18 0x50 0xc0 0x0 0x0 0x1 0x6 0x70
[02:24:08]  [Auto]AX100 GND WDT CMD sent (2/2)
[02:24:18]  [OK]CMD Packet Header: 0x18 0x75 0xc0 0x0 0x0 0x5 0x1e 0xa2
[02:24:19]  [Auto]EPS P60 DOCK GND WDT CMD sent (1/2)
[02:24:29]  [OK]CMD Packet Header: 0x18 0x75 0xc0 0x0 0x0 0x5 0x1e 0xa2
[02:24:29]  [Auto]EPS P60 DOCK GND WDT CMD sent (2/2)
[02:24:39]  [Auto]GND WDT sequence completed
[02:24:39]  [OK]CMD Packet Header: 0x18 0x75 0xc0 0x0 0x0 0x1 0x14 0x47
[02:24:39]  [Auto]EPS P60 DOCK GET TABLE HK Command Sent (1/2)
[02:24:49]  [OK]CMD Packet Header: 0x18 0x75 0xc0 0x0 0x0 0x1 0x14 0x47
[02:24:50]  [Auto]EPS P60 DOCK GET TABLE HK Command Sent (2/2)
[02:25:00]  [OK]CMD Packet Header: 0x18 0x75 0xc0 0x0 0x0 0x1 0x17 0x44
[02:25:00]  [Auto]EPS P60 PDU GET TABLE HK Command Sent (1/2)
[02:25:10]  [OK]CMD Packet Header: 0x18 0x75 0xc0 0x0 0x0 0x1 0x17 0x44
[02:25:10]  [Auto]EPS P60 PDU GET TABLE HK Command Sent (2/2)
[02:25:20]  [OK]CMD Packet Header: 0x18 0x75 0xc0 0x0 0x0 0x1 0x1a 0x0
[02:25:21]  [Auto]EPS P60 ACU GET TABLE HK Command Sent (1/2)
[02:25:31]  [OK]CMD Packet Header: 0x18 0x75 0xc0 0x0 0x0 0x1 0x1a 0x0
[02:25:31]  [Auto]EPS P60 ACU GET TABLE HK Command Sent (2/2)
[02:27:08]  Tracking : Az 354, El 3.
[02:27:34]  Tracking : Az 351, El 4.
[02:27:52]  Tracking : Az 350, El 6.
[02:28:15]  Tracking : Az 347, El 7.
[02:28:32]  Tracking : Az 345, El 9.
[02:28:54]  Tracking : Az 342, El 10.
[02:29:14]  Tracking : Az 339, El 12.
[02:29:31]  Tracking : Az 336, El 13.
[02:29:46]  Tracking : Az 333, El 15.
[02:30:05]  Tracking : Az 329, El 16.
[02:30:17]  Tracking : Az 326, El 18.
[02:30:28]  Tracking : Az 323, El 18.
[02:30:39]  Tracking : Az 320, El 19.
[02:30:49]  Tracking : Az 317, El 20.
[02:30:59]  Tracking : Az 314, El 21.
[02:31:08]  Tracking : Az 311, El 22.
[02:31:16]  Tracking : Az 308, El 22.
[02:31:25]  Tracking : Az 305, El 23.
[02:31:33]  Tracking : Az 302, El 23.
[02:31:41]  Tracking : Az 299, El 23.
[02:31:47]  Tracking : Az 297, El 23.
[02:31:54]  Tracking : Az 294, El 24.
[02:32:04]  Tracking : Az 290, El 24.
[02:32:12]  Tracking : Az 287, El 24.
[02:32:19]  Tracking : Az 284, El 24.
[02:32:27]  Tracking : Az 281, El 23.
[02:32:35]  Tracking : Az 278, El 23.
[02:32:43]  Tracking : Az 275, El 23.
[02:32:51]  Tracking : Az 272, El 22.
[02:33:00]  Tracking : Az 269, El 22.
[02:33:08]  Tracking : Az 266, El 21.
[02:33:18]  Tracking : Az 263, El 21.
[02:33:27]  Tracking : Az 260, El 20.
[02:33:38]  Tracking : Az 257, El 19.
[02:33:49]  Tracking : Az 254, El 18.
[02:34:00]  Tracking : Az 251, El 17.
[02:34:09]  Tracking : Az 249, El 16.
[02:34:22]  Tracking : Az 246, El 15.
[02:34:37]  Tracking : Az 243, El 14.
[02:34:54]  Tracking : Az 240, El 12.
[02:35:13]  Tracking : Az 237, El 11.
[02:35:34]  Tracking : Az 234, El 9.
[02:35:59]  Tracking : Az 231, El 7.
[02:36:28]  Tracking : Az 228, El 5.
[02:37:03]  Tracking : Az 225, El 3.
[02:37:36]  Tracking : Az 223, El 0.
[02:37:56]  [Auto]Stop Doppler Correction.
[02:37:56]  [Auto]Finish Engaging.
[02:37:56]  Tracking : Az 0, El 0.
[02:37:57]  [Auto]Beacon Success : 0, Ping Success : 0 CMD Success : 0
[02:37:57]  [Auto]Update TLE...
[02:38:19]  [Auto]TLE "active" Download Completed.
[02:38:22]  Forked Safe Amplifier Process. (OFF)
[02:38:22]  Reset GS100 watchdog.
[02:38:34]  [Auto]Start Autopilot. Next Valuable AOS : 1/29 11:40:26
[02:38:34]  [Auto]Max Elevation : 13.61° Please Keep Devices On.
[11:35:26]  [Auto]Start Engaging.
[11:35:26]  [Auto]Start Doppler Correction.
[11:35:26]  Tracking : Az 121, El 0.
[11:35:28]  Tracking : Az 121, El 0.
[11:35:30]  Tracking : Az 121, El 0.
[11:35:32]  Tracking : Az 121, El 0.
[11:35:34]  Tracking : Az 121, El 0.
[11:35:36]  Tracking : Az 121, El 0.
[11:35:38]  Tracking : Az 121, El 0.
[11:35:40]  Tracking : Az 121, El 0.
[11:35:42]  Tracking : Az 121, El 0.
[11:35:44]  Tracking : Az 121, El 0.
[11:35:46]  Tracking : Az 121, El 0.
[11:35:47]  Forked Safe Amplifier Process.(ON, Timer)
[11:35:47]  [OK]CMD Packet Header: 0x18 0x75 0xc0 0x0 0x0 0x1 0x14 0x47
[11:35:47]  [Auto]EPS P60 DOCK GET TABLE HK Command Sent (1/2)
[11:35:57]  [OK]CMD Packet Header: 0x18 0x75 0xc0 0x0 0x0 0x1 0x14 0x47
[11:35:57]  [Auto]EPS P60 DOCK GET TABLE HK Command Sent (2/2)
[11:36:07]  [OK]CMD Packet Header: 0x18 0x75 0xc0 0x0 0x0 0x1 0x17 0x44
[11:36:08]  [Auto]EPS P60 PDU GET TABLE HK Command Sent (1/2)
[11:36:18]  [OK]CMD Packet Header: 0x18 0x75 0xc0 0x0 0x0 0x1 0x17 0x44
[11:36:18]  [Auto]EPS P60 PDU GET TABLE HK Command Sent (2/2)
[11:36:28]  [OK]CMD Packet Header: 0x18 0x75 0xc0 0x0 0x0 0x1 0x1a 0x0
[11:36:28]  [Auto]EPS P60 ACU GET TABLE HK Command Sent (1/2)
[11:36:38]  [OK]CMD Packet Header: 0x18 0x75 0xc0 0x0 0x0 0x1 0x1a 0x0
[11:36:39]  [Auto]EPS P60 ACU GET TABLE HK Command Sent (2/2)
[11:36:49]  [Auto]Start GND WDT reset sequence
[11:36:49]  [OK]CMD Packet Header: 0x18 0x50 0xc0 0x0 0x0 0x1 0x6 0x70
[11:36:49]  [Auto]AX100 GND WDT CMD sent (1/2)
[11:36:59]  [OK]CMD Packet Header: 0x18 0x50 0xc0 0x0 0x0 0x1 0x6 0x70
[11:36:59]  [Auto]AX100 GND WDT CMD sent (2/2)
[11:37:09]  [OK]CMD Packet Header: 0x18 0x75 0xc0 0x0 0x0 0x5 0x1e 0xa2
[11:37:10]  [Auto]EPS P60 DOCK GND WDT CMD sent (1/2)
[11:37:20]  [OK]CMD Packet Header: 0x18 0x75 0xc0 0x0 0x0 0x5 0x1e 0xa2
[11:37:20]  [Auto]EPS P60 DOCK GND WDT CMD sent (2/2)
[11:37:30]  [Auto]GND WDT sequence completed
[11:37:30]  [OK]CMD Packet Header: 0x18 0x75 0xc0 0x0 0x0 0x1 0x14 0x47
[11:37:30]  [Auto]EPS P60 DOCK GET TABLE HK Command Sent (1/2)
[11:37:40]  [OK]CMD Packet Header: 0x18 0x75 0xc0 0x0 0x0 0x1 0x14 0x47
[11:37:41]  [Auto]EPS P60 DOCK GET TABLE HK Command Sent (2/2)
[11:37:51]  [OK]CMD Packet Header: 0x18 0x75 0xc0 0x0 0x0 0x1 0x17 0x44
[11:37:51]  [Auto]EPS P60 PDU GET TABLE HK Command Sent (1/2)
[11:38:01]  [OK]CMD Packet Header: 0x18 0x75 0xc0 0x0 0x0 0x1 0x17 0x44
[11:38:01]  [Auto]EPS P60 PDU GET TABLE HK Command Sent (2/2)
[11:38:11]  [OK]CMD Packet Header: 0x18 0x75 0xc0 0x0 0x0 0x1 0x1a 0x0
[11:38:12]  [Auto]EPS P60 ACU GET TABLE HK Command Sent (1/2)
[11:38:22]  [OK]CMD Packet Header: 0x18 0x75 0xc0 0x0 0x0 0x1 0x1a 0x0
[11:38:22]  [Auto]EPS P60 ACU GET TABLE HK Command Sent (2/2)
[11:40:54]  Tracking : Az 118, El 1.
[11:41:30]  Tracking : Az 114, El 3.
[11:41:54]  Tracking : Az 111, El 4.
[11:42:15]  Tracking : Az 109, El 6.
[11:42:29]  Tracking : Az 106, El 6.
[11:42:53]  Tracking : Az 102, El 8.
[11:43:10]  Tracking : Az 99, El 9.
[11:43:25]  Tracking : Az 96, El 9.
[11:43:35]  Tracking : Az 94, El 10.
[11:43:49]  Tracking : Az 91, El 10.
[11:44:03]  Tracking : Az 88, El 11.
[11:44:16]  Tracking : Az 85, El 12.
[11:44:32]  Tracking : Az 81, El 12.
[11:44:44]  Tracking : Az 78, El 12.
[11:44:56]  Tracking : Az 75, El 13.
[11:45:07]  Tracking : Az 72, El 13.
[11:45:19]  Tracking : Az 69, El 13.
[11:45:30]  Tracking : Az 66, El 13.
[11:45:37]  Tracking : Az 64, El 13.
[11:45:45]  Tracking : Az 62, El 13.
[11:45:52]  Tracking : Az 60, El 13.
[11:46:06]  Tracking : Az 57, El 13.
[11:46:15]  Tracking : Az 54, El 13.
[11:46:27]  Tracking : Az 51, El 12.
[11:46:39]  Tracking : Az 48, El 12.
[11:46:56]  Tracking : Az 44, El 11.
[11:47:09]  Tracking : Az 41, El 11.
[11:47:23]  Tracking : Az 38, El 10.
[11:47:37]  Tracking : Az 35, El 10.
[11:47:58]  Tracking : Az 31, El 8.
[11:48:14]  Tracking : Az 28, El 8.
[11:48:28]  Tracking : Az 26, El 7.
[11:48:39]  Tracking : Az 24, El 6.
[11:48:59]  Tracking : Az 21, El 5.
[11:49:14]  Tracking : Az 19, El 4.
[11:49:38]  Tracking : Az 16, El 3.
[11:50:15]  Tracking : Az 12, El 1.
[11:50:47]  [Auto]Stop Doppler Correction.
[11:50:47]  [Auto]Finish Engaging.
[11:50:47]  Tracking : Az 0, El 0.
[11:50:48]  [Auto]Beacon Success : 0, Ping Success : 0 CMD Success : 0
[11:50:48]  [Auto]Update TLE...
[11:50:51]  [Auto]TLE "active" Download Completed.
[11:50:54]  Forked Safe Amplifier Process. (OFF)
[11:50:54]  Reset GS100 watchdog.
[11:51:06]  [Auto]Start Autopilot. Next Valuable AOS : 1/29 13:14:33
[11:51:06]  [Auto]Max Elevation : 44.64° Please Keep Devices On.
[13:09:33]  [Auto]Start Engaging.
[13:09:33]  [Auto]Start Doppler Correction.
[13:09:33]  Tracking : Az 180, El 0.
[13:09:35]  Tracking : Az 180, El 0.
[13:09:37]  Tracking : Az 180, El 0.
[13:09:39]  Tracking : Az 180, El 0.
[13:09:41]  Tracking : Az 180, El 0.
[13:09:43]  Tracking : Az 180, El 0.
[13:09:45]  Tracking : Az 180, El 0.
[13:09:47]  Tracking : Az 180, El 0.
[13:09:49]  Tracking : Az 180, El 0.
[13:09:51]  Tracking : Az 180, El 0.
[13:09:53]  Tracking : Az 180, El 0.
[13:09:55]  Tracking : Az 180, El 0.
[13:09:57]  Tracking : Az 180, El 0.
[13:09:59]  Tracking : Az 180, El 0.
[13:10:01]  Tracking : Az 180, El 0.
[13:10:03]  Tracking : Az 180, El 0.
[13:10:05]  Tracking : Az 180, El 0.
[13:11:58]  Forked Safe Amplifier Process.(ON, Timer)
[13:11:58]  [OK]CMD Packet Header: 0x18 0x75 0xc0 0x0 0x0 0x1 0x14 0x47
[13:11:58]  [Auto]EPS P60 DOCK GET TABLE HK Command Sent (1/2)
[13:12:08]  [OK]CMD Packet Header: 0x18 0x75 0xc0 0x0 0x0 0x1 0x14 0x47
[13:12:08]  [Auto]EPS P60 DOCK GET TABLE HK Command Sent (2/2)
[13:12:18]  [OK]CMD Packet Header: 0x18 0x75 0xc0 0x0 0x0 0x1 0x17 0x44
[13:12:19]  [Auto]EPS P60 PDU GET TABLE HK Command Sent (1/2)
[13:12:29]  [OK]CMD Packet Header: 0x18 0x75 0xc0 0x0 0x0 0x1 0x17 0x44
[13:12:29]  [Auto]EPS P60 PDU GET TABLE HK Command Sent (2/2)
[13:12:39]  [OK]CMD Packet Header: 0x18 0x75 0xc0 0x0 0x0 0x1 0x1a 0x0
[13:12:39]  [Auto]EPS P60 ACU GET TABLE HK Command Sent (1/2)
[13:12:49]  [OK]CMD Packet Header: 0x18 0x75 0xc0 0x0 0x0 0x1 0x1a 0x0
[13:12:50]  [Auto]EPS P60 ACU GET TABLE HK Command Sent (2/2)
[13:13:00]  [Auto]Start GND WDT reset sequence
[13:13:00]  [OK]CMD Packet Header: 0x18 0x50 0xc0 0x0 0x0 0x1 0x6 0x70
[13:13:00]  [Auto]AX100 GND WDT CMD sent (1/2)
[13:13:10]  [OK]CMD Packet Header: 0x18 0x50 0xc0 0x0 0x0 0x1 0x6 0x70
[13:13:10]  [Auto]AX100 GND WDT CMD sent (2/2)
[13:13:20]  [OK]CMD Packet Header: 0x18 0x75 0xc0 0x0 0x0 0x5 0x1e 0xa2
[13:13:21]  [Auto]EPS P60 DOCK GND WDT CMD sent (1/2)
[13:13:31]  [OK]CMD Packet Header: 0x18 0x75 0xc0 0x0 0x0 0x5 0x1e 0xa2
[13:13:31]  [Auto]EPS P60 DOCK GND WDT CMD sent (2/2)
[13:13:41]  [Auto]GND WDT sequence completed
[13:13:41]  [OK]CMD Packet Header: 0x18 0x75 0xc0 0x0 0x0 0x1 0x14 0x47
[13:13:41]  [Auto]EPS P60 DOCK GET TABLE HK Command Sent (1/2)
[13:13:51]  [OK]CMD Packet Header: 0x18 0x75 0xc0 0x0 0x0 0x1 0x14 0x47
[13:13:52]  [Auto]EPS P60 DOCK GET TABLE HK Command Sent (2/2)
[13:14:02]  [OK]CMD Packet Header: 0x18 0x75 0xc0 0x0 0x0 0x1 0x17 0x44
[13:14:02]  [Auto]EPS P60 PDU GET TABLE HK Command Sent (1/2)
[13:14:12]  [OK]CMD Packet Header: 0x18 0x75 0xc0 0x0 0x0 0x1 0x17 0x44
[13:14:12]  [Auto]EPS P60 PDU GET TABLE HK Command Sent (2/2)
[13:14:22]  [OK]CMD Packet Header: 0x18 0x75 0xc0 0x0 0x0 0x1 0x1a 0x0
[13:14:23]  [Auto]EPS P60 ACU GET TABLE HK Command Sent (1/2)
[13:14:33]  [OK]CMD Packet Header: 0x18 0x75 0xc0 0x0 0x0 0x1 0x1a 0x0
[13:14:33]  [Auto]EPS P60 ACU GET TABLE HK Command Sent (2/2)
[13:15:17]  Tracking : Az 182, El 3.
[13:15:19]  Tracking : Az 182, El 3.
[13:15:57]  Tracking : Az 184, El 6.
[13:15:59]  Tracking : Az 184, El 6.
[13:16:33]  Tracking : Az 186, El 9.
[13:16:35]  Tracking : Az 186, El 9.
[13:16:54]  Tracking : Az 188, El 11.
[13:16:56]  Tracking : Az 188, El 11.
[13:17:13]  Tracking : Az 189, El 13.
[13:17:15]  Tracking : Az 190, El 13.
[13:17:34]  Tracking : Az 192, El 15.
[13:17:36]  Tracking : Az 192, El 15.
[13:17:51]  Tracking : Az 194, El 17.
[13:17:53]  Tracking : Az 194, El 17.
[13:18:09]  Tracking : Az 196, El 20.
[13:18:11]  Tracking : Az 196, El 20.
[13:18:24]  Tracking : Az 199, El 22.
[13:18:26]  Tracking : Az 199, El 22.
[13:18:32]  Tracking : Az 200, El 23.
[13:18:34]  Tracking : Az 200, El 23.
[13:18:41]  Tracking : Az 202, El 25.
[13:18:43]  Tracking : Az 202, El 25.
[13:18:48]  Tracking : Az 204, El 26.
[13:18:50]  Tracking : Az 204, El 26.
[13:18:57]  Tracking : Az 206, El 28.
[13:18:59]  Tracking : Az 206, El 28.
[13:19:04]  Tracking : Az 208, El 29.
[13:19:07]  Tracking : Az 209, El 29.
[13:19:17]  Tracking : Az 212, El 31.
[13:19:19]  Tracking : Az 212, El 32.
[13:19:23]  Tracking : Az 214, El 33.
[13:19:25]  Tracking : Az 215, El 33.
[13:19:31]  Tracking : Az 217, El 34.
[13:19:33]  Tracking : Az 218, El 35.
[13:19:40]  Tracking : Az 221, El 36.
[13:19:42]  Tracking : Az 222, El 37.
[13:19:48]  Tracking : Az 225, El 38.
[13:19:50]  Tracking : Az 226, El 38.
[13:19:55]  Tracking : Az 229, El 39.
[13:19:57]  Tracking : Az 230, El 39.
[13:20:02]  Tracking : Az 233, El 40.
[13:20:04]  Tracking : Az 234, El 41.
[13:20:09]  Tracking : Az 237, El 41.
[13:20:11]  Tracking : Az 238, El 42.
[13:20:13]  Tracking : Az 240, El 42.
[13:20:15]  Tracking : Az 241, El 42.
[13:20:18]  Tracking : Az 243, El 43.
[13:20:20]  Tracking : Az 244, El 43.
[13:20:22]  Tracking : Az 246, El 43.
[13:20:24]  Tracking : Az 247, El 43.
[13:20:28]  Tracking : Az 250, El 44.
[13:20:30]  Tracking : Az 252, El 44.
[13:20:32]  Tracking : Az 253, El 44.
[13:20:34]  Tracking : Az 255, El 44.
[13:20:37]  Tracking : Az 257, El 44.
[13:20:39]  Tracking : Az 258, El 44.
[13:20:41]  Tracking : Az 260, El 44.
[13:20:43]  Tracking : Az 261, El 44.
[13:20:46]  Tracking : Az 264, El 44.
[13:20:48]  Tracking : Az 265, El 44.
[13:20:50]  Tracking : Az 267, El 44.
[13:20:53]  Tracking : Az 269, El 44.
[13:20:55]  Tracking : Az 271, El 44.
[13:20:58]  Tracking : Az 273, El 43.
[13:21:01]  Tracking : Az 275, El 43.
[13:21:03]  Tracking : Az 276, El 43.
[13:21:07]  Tracking : Az 279, El 42.
[13:21:09]  Tracking : Az 280, El 42.
[13:21:11]  Tracking : Az 282, El 42.
[13:21:13]  Tracking : Az 283, El 42.
[13:21:16]  Tracking : Az 285, El 41.
[13:21:19]  Tracking : Az 287, El 41.
[13:21:21]  Tracking : Az 288, El 40.
[13:21:24]  Tracking : Az 290, El 40.
[13:21:26]  Tracking : Az 291, El 40.
[13:21:29]  Tracking : Az 293, El 39.
[13:21:31]  Tracking : Az 294, El 39.
[13:21:37]  Tracking : Az 297, El 37.
[13:21:39]  Tracking : Az 298, El 37.
[13:21:45]  Tracking : Az 301, El 36.
[13:21:47]  Tracking : Az 302, El 35.
[13:21:53]  Tracking : Az 304, El 34.
[13:21:55]  Tracking : Az 305, El 34.
[13:22:01]  Tracking : Az 307, El 33.
[13:22:03]  Tracking : Az 308, El 32.
[13:22:11]  Tracking : Az 311, El 31.
[13:22:13]  Tracking : Az 311, El 30.
[13:22:17]  Tracking : Az 312, El 29.
[13:22:25]  Tracking : Az 315, El 28.
[13:22:27]  Tracking : Az 315, El 27.
[13:22:37]  Tracking : Az 318, El 26.
[13:22:39]  Tracking : Az 318, El 25.
[13:22:46]  Tracking : Az 320, El 24.
[13:22:48]  Tracking : Az 320, El 24.
[13:23:01]  Tracking : Az 323, El 22.
[13:23:03]  Tracking : Az 323, El 21.
[13:23:14]  Tracking : Az 325, El 20.
[13:23:16]  Tracking : Az 325, El 19.
[13:23:35]  Tracking : Az 328, El 17.
[13:23:37]  Tracking : Az 328, El 16.
[13:24:02]  Tracking : Az 331, El 13.
[13:24:31]  Tracking : Az 333, El 10.
[13:25:03]  Tracking : Az 335, El 7.
[13:25:05]  Tracking : Az 336, El 7.
[13:25:55]  Tracking : Az 338, El 3.
[13:25:57]  Tracking : Az 338, El 3.
[13:26:39]  Tracking : Az 340, El 0.
[13:26:58]  [Auto]Stop Doppler Correction.
[13:26:58]  [Auto]Finish Engaging.
[13:26:58]  Tracking : Az 0, El 0.
[13:26:59]  [Auto]Beacon Success : 0, Ping Success : 0 CMD Success : 0
[13:26:59]  [Auto]Update TLE...
[13:27:02]  [Auto]TLE "active" Download Completed.
[13:27:05]  Forked Safe Amplifier Process. (OFF)
[13:27:05]  Reset GS100 watchdog.
[13:27:17]  [Auto]Start Autopilot. Next Valuable AOS : 1/30 0:59:13
[13:27:17]  [Auto]Max Elevation : 29.36° Please Keep Devices On.
[13:37:59]  [Auto]Autopilot Stopped by User.
[13:37:59]  [Auto]Stop Doppler Correction.
[13:37:59]  [Auto]Finish Engaging.
[13:37:59]  Tracking : Az 0, El 0.
[13:38:00]  [Auto]Beacon Success : 0, Ping Success : 0 CMD Success : 0
