2026-01-03 12:48
[12:48:09]  Connect to Switch Box.............Success.
[12:48:09]  Connect to Rotator................Success.
[12:48:09]  Connect to GS100..................Success.
[12:48:09]  TM Port 13 bind success.
[12:48:09]  BCN Port 31 bind success.
[12:48:09]  RPT Port 25 bind success.
[12:48:09]  Event Port 27 bind success.
[12:48:09]  COSMIC Beacon Port 23 bind success.
[12:48:09]  COSMIC Report Port 24 bind success.
[12:48:12]  TLE "cubesat" Download Completed.
[12:48:21]  Start Engaging.
[12:48:21]  Tracking : Az 8, El 44.
[12:48:22]  Start Doppler Correction.
[12:48:23]  Tracking : Az 8, El 43.
[12:48:25]  Tracking : Az 7, El 42.
[12:48:27]  Tracking : Az 7, El 41.
[12:48:29]  Tracking : Az 6, El 41.
[12:48:31]  Tracking : Az 6, El 40.
[12:48:33]  Tracking : Az 5, El 39.
[12:48:35]  Tracking : Az 5, El 39.
[12:48:39]  Forked Safe Amplifier Process.(ON, Timer)
[12:48:42]  Ping Failed.
[12:48:43]  Tracking : Az 4, El 36.
[12:48:46]  Tracking : Az 3, El 35.
[12:48:48]  Ping Success at node 5, 454ms
[12:48:56]  [OK]CMD Packet Header: 0x18 0x75 0xc0 0x0 0x0 0x5 0x1e 0xa2
[12:48:57]  Received Report from port : 25.
[12:48:59]  Received Report from port : 25.
[12:49:01]  Tracking : Az 1, El 31.
[12:49:01]  Received Report from port : 25.
[12:49:04]  Tracking : Az 0, El 30.
[12:49:04]  [OK]CMD Packet Header: 0x18 0x50 0xc0 0x0 0x0 0x1 0x6 0x70
[12:49:05]  Received Report from port : 25.
[12:49:07]  Received Report from port : 25.
[12:49:09]  Received Report from port : 25.
[12:49:13]  [OK]CMD Packet Header: 0x18 0x75 0xc0 0x0 0x0 0x1 0x14 0x47
[12:49:13]  Tracking : Az 359, El 28.
[12:49:14]  Received Report from port : 25.
[12:49:15]  Tracking : Az 359, El 28.
[12:49:16]  Received Report from port : 25.
[12:49:17]  Tracking : Az 359, El 27.
[12:49:18]  Received Report from port : 25.
[12:49:19]  Tracking : Az 359, El 27.
[12:49:21]  Tracking : Az 359, El 27.
[12:49:22]  Forked Safe Amplifier Process. (OFF)
[12:49:23]  Tracking : Az 358, El 26.
[12:49:25]  Finish Engaging.
[12:49:25]  Beacon Success : 0, Ping Success : 1
