2026-02-06 02:06
[02:06:35]  Connect to Switch Box.............Success.
[02:06:35]  Connect to Rotator................Success.
[02:06:35]  Connect to GS100..................Success.
[02:06:35]  TM Port 13 bind success.
[02:06:35]  BCN Port 31 bind success.
[02:06:35]  RPT Port 25 bind success.
[02:06:35]  Event Port 27 bind success.
[02:06:35]  COSMIC Beacon Port 23 bind success.
[02:06:35]  COSMIC Report Port 24 bind success.
[02:06:41]  TLE "cubesat" Download Completed.
[02:06:50]  Start Engaging.
[02:06:50]  Tracking : Az 221, El 24.
[02:06:51]  Start Doppler Correction.
[02:06:52]  Tracking : Az 220, El 23.
[02:06:52]  Forked Safe Amplifier Process.(ON, Timer)
[02:06:54]  Tracking : Az 220, El 23.
[02:06:55]  Ping Success at node 5, 457ms
[02:06:56]  Tracking : Az 220, El 23.
[02:06:58]  Tracking : Az 219, El 22.
[02:06:59]  Forked Safe Amplifier Process. (OFF)
