2025-12-24 01:49
[01:50:00]  Connect to Switch Box.............Success.
[01:50:00]  Connect to Rotator................Success.
[01:50:00]  Connect to GS100..................Success.
[01:50:00]  TM Port 13 bind success.
[01:50:00]  BCN Port 31 bind success.
[01:50:00]  RPT Port 25 bind success.
[01:50:00]  Event Port 27 bind success.
[01:50:00]  COSMIC Beacon Port 23 bind success.
[01:50:00]  COSMIC Report Port 24 bind success.
[01:50:09]  TLE "cubesat" Download Completed.
[01:50:14]  Start Engaging.
[01:50:14]  Tracking : Az 5, El 0.
[01:50:15]  Start Doppler Correction.
[01:50:16]  Tracking : Az 5, El 0.
[02:00:51]  Tracking : Az 4, El 3.
[02:00:53]  Tracking : Az 4, El 3.
[02:01:14]  Forked Safe Amplifier Process.(ON, Timer)
[02:01:31]  Ping Failed.
[02:01:32]  Tracking : Az 2, El 6.
[02:01:34]  Tracking : Az 2, El 6.
[02:01:42]  Ping Failed.
[02:02:07]  Tracking : Az 0, El 9.
[02:02:09]  Tracking : Az 0, El 9.
[02:02:25]  Tracking : Az 359, El 10.
[02:02:27]  Tracking : Az 359, El 10.
[02:02:29]  Tracking : Az 359, El 11.
[02:02:31]  Tracking : Az 359, El 11.
[02:02:33]  Tracking : Az 359, El 11.
[02:02:35]  Tracking : Az 359, El 11.
[02:02:37]  Tracking : Az 359, El 11.
[02:02:39]  Tracking : Az 359, El 12.
[02:02:41]  Tracking : Az 358, El 12.
[02:02:43]  Tracking : Az 358, El 12.
[02:02:45]  Tracking : Az 358, El 12.
[02:02:47]  Tracking : Az 358, El 12.
[02:02:49]  Tracking : Az 358, El 13.
[02:02:51]  Tracking : Az 358, El 13.
[02:02:53]  Tracking : Az 357, El 13.
[02:02:55]  Tracking : Az 357, El 13.
[02:02:57]  Tracking : Az 357, El 14.
[02:02:59]  Tracking : Az 357, El 14.
[02:03:01]  Tracking : Az 357, El 14.
[02:03:03]  Tracking : Az 357, El 14.
[02:03:05]  Tracking : Az 356, El 15.
[02:03:07]  Tracking : Az 356, El 15.
[02:03:09]  Tracking : Az 356, El 15.
[02:03:11]  Tracking : Az 356, El 15.
[02:03:13]  Tracking : Az 356, El 16.
[02:03:15]  Tracking : Az 356, El 16.
[02:03:17]  Tracking : Az 355, El 16.
[02:03:19]  Tracking : Az 355, El 16.
[02:03:21]  Tracking : Az 355, El 17.
[02:03:23]  Tracking : Az 355, El 17.
[02:03:31]  Ping Success at node 5, 470ms
[02:03:43]  Tracking : Az 352, El 20.
[02:03:45]  Tracking : Az 352, El 20.
[02:03:45]  [OK]CMD Packet Header: 0x18 0x75 0xc0 0x0 0x0 0x1 0x14 0x47
[02:03:46]  Received Report from port : 25.
[02:03:46]  Received Report from port : 25.
[02:03:47]  Received Report from port : 25.
[02:04:02]  Tracking : Az 350, El 23.
[02:04:04]  Tracking : Az 349, El 23.
[02:04:13]  Tracking : Az 348, El 25.
[02:04:15]  Tracking : Az 347, El 25.
[02:04:21]  [OK]CMD Packet Header: 0x18 0x65 0xc0 0x0 0x0 0x1 0x54 0x17
[02:04:22]  Received Report from port : 25.
[02:04:23]  Received Report from port : 25.
[02:04:23]  Received Report from port : 25.
[02:04:24]  Tracking : Az 346, El 27.
[02:04:34]  Tracking : Az 343, El 29.
[02:04:36]  Tracking : Az 343, El 29.
[02:04:46]  Tracking : Az 340, El 31.
[02:04:47]  [OK]CMD Packet Header: 0x18 0x65 0xc0 0x0 0x0 0x12 0x28 0x79
[02:04:48]  Received Report from port : 25.
[02:04:48]  Tracking : Az 340, El 32.
[02:04:48]  Received Report from port : 25.
[02:04:48]  Received Report from port : 25.
[02:04:52]  Tracking : Az 338, El 32.
[02:04:53]  [OK]CMD Packet Header: 0x18 0x65 0xc0 0x0 0x0 0x1 0x54 0x17
[02:04:54]  Received Report from port : 25.
[02:04:54]  Received Report from port : 25.
[02:04:55]  Received Report from port : 25.
[02:05:01]  Tracking : Az 335, El 34.
[02:05:03]  Tracking : Az 335, El 35.
[02:05:07]  Tracking : Az 333, El 36.
[02:05:14]  Tracking : Az 330, El 38.
[02:05:21]  Tracking : Az 327, El 39.
[02:05:23]  Tracking : Az 326, El 40.
[02:05:29]  Tracking : Az 323, El 41.
[02:05:31]  Tracking : Az 322, El 41.
[02:05:34]  Tracking : Az 320, El 42.
[02:05:36]  Tracking : Az 319, El 43.
[02:05:39]  Tracking : Az 317, El 43.
[02:05:42]  Tracking : Az 315, El 44.
[02:05:45]  Tracking : Az 313, El 44.
[02:05:48]  Tracking : Az 311, El 45.
[02:05:51]  Tracking : Az 309, El 46.
[02:05:53]  [OK]CMD Packet Header: 0x18 0x75 0xc0 0x0 0x0 0x1 0x1a 0x49
[02:05:54]  Tracking : Az 307, El 46.
[02:05:54]  Received Report from port : 25.
[02:05:55]  Received Report from port : 25.
[02:05:55]  Received Report from port : 25.
[02:05:59]  Tracking : Az 303, El 47.
[02:06:01]  Tracking : Az 302, El 47.
[02:06:04]  Tracking : Az 299, El 47.
[02:06:06]  Tracking : Az 298, El 48.
[02:06:08]  Tracking : Az 296, El 48.
[02:06:10]  Tracking : Az 294, El 48.
[02:06:13]  Tracking : Az 292, El 48.
[02:06:14]  [OK]CMD Packet Header: 0x18 0x75 0xc0 0x0 0x0 0x5 0x1e 0xa2
[02:06:15]  Received Report from port : 25.
[02:06:15]  Received Report from port : 25.
[02:06:15]  Received Report from port : 25.
[02:06:16]  Tracking : Az 289, El 48.
[02:06:18]  Tracking : Az 287, El 48.
[02:06:22]  [OK]CMD Packet Header: 0x18 0x50 0xc0 0x0 0x0 0x1 0x6 0x70
[02:06:23]  Tracking : Az 283, El 48.
[02:06:23]  Received Report from port : 25.
[02:06:24]  Received Report from port : 25.
[02:06:24]  Received Report from port : 25.
[02:06:25]  Tracking : Az 281, El 48.
[02:06:28]  Tracking : Az 279, El 48.
[02:06:30]  Tracking : Az 277, El 48.
[02:06:32]  Tracking : Az 275, El 48.
[02:06:35]  [OK]CMD Packet Header: 0x18 0x75 0xc0 0x0 0x0 0x1 0x17 0x44
[02:06:35]  Received Report from port : 25.
[02:06:36]  Received Report from port : 25.
[02:06:36]  Received Report from port : 25.
[02:06:38]  Tracking : Az 270, El 47.
[02:06:40]  Tracking : Az 269, El 47.
[02:06:45]  Tracking : Az 265, El 46.
[02:06:47]  Tracking : Az 263, El 46.
[02:06:53]  Tracking : Az 259, El 45.
[02:06:55]  Tracking : Az 258, El 44.
[02:06:59]  Tracking : Az 255, El 44.
[02:07:01]  Tracking : Az 254, El 43.
[02:07:04]  Tracking : Az 252, El 43.
[02:07:06]  Tracking : Az 251, El 42.
[02:07:10]  Tracking : Az 249, El 41.
[02:07:13]  Tracking : Az 247, El 41.
[02:07:16]  Tracking : Az 245, El 40.
[02:07:23]  Tracking : Az 242, El 38.
[02:07:25]  Tracking : Az 241, El 38.
[02:07:32]  Tracking : Az 238, El 36.
[02:07:34]  [OK]CMD Packet Header: 0x18 0x75 0xc0 0x0 0x0 0x1 0x14 0x47
[02:07:34]  Tracking : Az 237, El 36.
[02:07:35]  Received Report from port : 25.
[02:07:35]  Received Report from port : 25.
[02:07:35]  Received Report from port : 25.
[02:07:40]  Tracking : Az 235, El 34.
[02:07:43]  Tracking : Az 234, El 33.
[02:07:43]  [OK]CMD Packet Header: 0x18 0x65 0xc0 0x0 0x0 0x1 0x53 0x10
[02:07:44]  Received Report from port : 25.
[02:07:44]  Received Report from port : 25.
[02:07:44]  Received Report from port : 25.
[02:07:52]  Tracking : Az 231, El 31.
[02:07:54]  Tracking : Az 231, El 31.
[02:08:03]  Tracking : Az 228, El 29.
[02:08:16]  Tracking : Az 225, El 26.
[02:08:31]  Tracking : Az 222, El 24.
[02:08:44]  Tracking : Az 220, El 21.
[02:08:48]  [OK]CMD Packet Header: 0x18 0x75 0xc0 0x0 0x0 0x1 0x14 0x47
[02:08:49]  Received Report from port : 25.
[02:08:49]  Received Report from port : 25.
[02:08:49]  Received Report from port : 25.
[02:09:06]  Tracking : Az 217, El 18.
[02:09:26]  Tracking : Az 215, El 15.
[02:09:51]  Tracking : Az 213, El 12.
[02:10:01]  Forked Safe Amplifier Process. (OFF)
[02:10:04]  Finish Engaging.
[02:10:04]  Beacon Success : 0, Ping Success : 1
[02:10:04]  Tracking : Az 0, El 0.
[12:05:57]  Tracking : Az 0, El 0.
