2026-06-09 22:40
[22:40:52]  Connect to Switch Box..............Failed.
[22:40:52]  Connect to Rotator.................Failed.
[22:40:52]  Connect to GS100..................Success.
[22:40:52]  BEE-1000 BCN Port 31 bind success.
[22:40:52]  BEE-1000 RPT Port 25 bind success.
[22:40:52]  BEE-1000 Event Port 27 bind success.
[22:40:52]  Rotator Read Failed. Please Check Again.
[22:40:52]  BEE-100 FM Port 23 bind success.
[22:40:52]  UEL-Y-Sys. BCN Port 12 bind success.
[22:40:52]  UEL-Y-Sys. RPT Port 10 bind success.
[22:40:52]  UEL-Y-Sys. Event Port 11 bind success.
[22:40:52]  UEL-Y-Sys. FM Port 14 bind success.
[22:40:52]  BEE-1012 BCN Port 17 bind success.
[22:40:52]  BEE-1012 RPT Port 15 bind success.
[22:40:52]  BEE-1012 Event Port 16 bind success.
[22:40:52]  BEE-1012 FM Port 18 bind success.
[22:40:57]  Changing GS HMAC Key for UELYSYS...
[22:40:57]   Satellite Switched to: UELYSYS (TX HMAC enabled)
[22:40:58]  Received BEE1012 Beacon from port : 17.
[22:41:00]  Received UELYSYS Beacon from port : 12.
[22:41:02]  Ping Failed.
[22:41:14]  Ping Failed.
[22:41:22]  Received BEE1012 Beacon from port : 17.
[22:41:28]  Received BEE1012 Beacon from port : 17.
[22:41:30]  Received UELYSYS Beacon from port : 12.
[22:41:31]  Ping Failed.
[22:41:38]  Received BEE1012 Beacon from port : 17.
[22:41:59]  Received UELYSYS Beacon from port : 12.
[22:42:02]  Received BEE1012 Beacon from port : 17.
[22:42:03]  Ping Failed.
[22:42:08]  Received BEE1012 Beacon from port : 17.
[22:42:18]  Received BEE1012 Beacon from port : 17.
[22:42:29]  Received UELYSYS Beacon from port : 12.
[22:42:33]  Changing GS HMAC Key for BEE1012...
[22:42:33]   Satellite Switched to: BEE1012 (TX HMAC enabled)
[22:42:42]  Received BEE1012 Beacon from port : 17.
[22:42:43]  Ping Failed.
[22:42:47]  Ping Failed.
[22:42:48]  Received BEE1012 Beacon from port : 17.
[22:42:58]  Received BEE1012 Beacon from port : 17.
[22:43:00]  Received UELYSYS Beacon from port : 12.
[22:43:22]  Received BEE1012 Beacon from port : 17.
[22:43:28]  Received BEE1012 Beacon from port : 17.
[22:43:30]  Received UELYSYS Beacon from port : 12.
[22:43:38]  Received BEE1012 Beacon from port : 17.
[22:43:44]  Ping Success at node 20, 15ms
[22:43:59]  Received UELYSYS Beacon from port : 12.
[22:44:02]  Received BEE1012 Beacon from port : 17.
[22:44:08]  Received BEE1012 Beacon from port : 17.
[22:44:18]  Received BEE1012 Beacon from port : 17.
[22:44:29]  Received UELYSYS Beacon from port : 12.
[22:44:42]  Received BEE1012 Beacon from port : 17.
[22:44:48]  Received BEE1012 Beacon from port : 17.
[22:44:58]  Received BEE1012 Beacon from port : 17.
[22:45:00]  Received UELYSYS Beacon from port : 12.
[22:45:21]  Ping Success at node 5, 447ms
[22:45:22]  Received BEE1012 Beacon from port : 17.
[22:45:28]  Received BEE1012 Beacon from port : 17.
[22:45:30]  Received UELYSYS Beacon from port : 12.
[22:45:38]  Received BEE1012 Beacon from port : 17.
[22:45:41]  Ping Success at node 5, 457ms
[22:45:46]  Ping Success at node 5, 452ms
[22:45:49]  Ping Success at node 5, 458ms
[22:45:53]  Ping Success at node 5, 461ms
[22:45:59]  Received UELYSYS Beacon from port : 12.
[22:46:02]  Received BEE1012 Beacon from port : 17.
[22:46:08]  Received BEE1012 Beacon from port : 17.
[22:46:18]  Received BEE1012 Beacon from port : 17.
[22:46:29]  Received UELYSYS Beacon from port : 12.
[22:46:42]  Received BEE1012 Beacon from port : 17.
[22:46:48]  Received BEE1012 Beacon from port : 17.
[22:46:58]  Received BEE1012 Beacon from port : 17.
[22:47:00]  Received UELYSYS Beacon from port : 12.
[22:47:07]  Ping Success at node 5, 470ms
[22:47:13]  Ping Success at node 5, 465ms
[22:47:22]  Received BEE1012 Beacon from port : 17.
[22:47:28]  Received BEE1012 Beacon from port : 17.
[22:47:38]  Received BEE1012 Beacon from port : 17.
[22:47:59]  Received UELYSYS Beacon from port : 12.
[22:48:02]  Received BEE1012 Beacon from port : 17.
[22:48:08]  Received BEE1012 Beacon from port : 17.
[22:48:18]  Received BEE1012 Beacon from port : 17.
[22:48:29]  Received UELYSYS Beacon from port : 12.
[22:48:42]  Received BEE1012 Beacon from port : 17.
[22:48:45]  Changing GS HMAC Key for UELYSYS...
[22:48:45]   Satellite Switched to: UELYSYS (TX HMAC enabled)
[22:48:48]  Received BEE1012 Beacon from port : 17.
[22:48:58]  Received BEE1012 Beacon from port : 17.
[22:49:00]  Received UELYSYS Beacon from port : 12.
