2026-03-10 14:06
[14:06:19]  Connect to Switch Box.............Success.
[14:06:19]  Connect to Rotator................Success.
[14:06:19]  Connect to GS100..................Success.
[14:06:19]  TM Port 13 bind success.
[14:06:19]  BCN Port 31 bind success.
[14:06:19]  RPT Port 25 bind success.
[14:06:19]  Event Port 27 bind success.
[14:06:19]  COSMIC Beacon Port 23 bind success.
[14:06:19]  COSMIC Report Port 24 bind success.
[14:06:34]  TLE "active" Download Completed.
[14:06:40]  Start Engaging.
[14:06:40]  Tracking : Az 240, El 9.
[14:06:41]  Start Doppler Correction.
[14:06:42]  Tracking : Az 241, El 9.
[14:06:43]  Forked Safe Amplifier Process.(ON, Timer)
[14:06:47]  Ping Success at node 5, 476ms
[14:06:55]  Tracking : Az 244, El 10.
[14:06:57]  [OK]CMD Packet Header: 0x18 0x75 0xc0 0x0 0x0 0x1 0x14 0x47
[14:06:57]  Tracking : Az 244, El 10.
[14:06:58]  Received Report from port : 25.
[14:07:00]  Received Report from port : 25.
[14:07:02]  Received Report from port : 25.
[14:07:09]  Tracking : Az 247, El 10.
[14:07:15]  [OK]CMD Packet Header: 0x18 0x75 0xc0 0x0 0x0 0x5 0x1e 0xa2
[14:07:16]  Received Report from port : 25.
[14:07:18]  Received Report from port : 25.
[14:07:20]  Received Report from port : 25.
[14:07:22]  Tracking : Az 250, El 11.
[14:07:29]  [OK]CMD Packet Header: 0x18 0x50 0xc0 0x0 0x0 0x1 0x6 0x70
[14:07:30]  Received Report from port : 25.
[14:07:32]  Received Report from port : 25.
[14:07:34]  Received Report from port : 25.
[14:07:35]  Tracking : Az 253, El 11.
[14:07:44]  [OK]CMD Packet Header: 0x18 0x75 0xc0 0x0 0x0 0x1 0x14 0x47
[14:07:46]  Received Report from port : 25.
[14:07:47]  Tracking : Az 256, El 11.
[14:07:53]  [OK]CMD Packet Header: 0x18 0x75 0xc0 0x0 0x0 0x1 0x14 0x47
[14:07:54]  Received Report from port : 25.
[14:07:56]  Received Report from port : 25.
[14:07:58]  Received Report from port : 25.
[14:07:59]  Tracking : Az 259, El 11.
[14:08:01]  Tracking : Az 259, El 12.
[14:08:11]  Tracking : Az 262, El 12.
[14:08:12]  Ping Success at node 5, 465ms
[14:08:23]  [OK]CMD Packet Header: 0x18 0x75 0xc0 0x0 0x0 0x1 0x1a 0x49
[14:08:23]  Tracking : Az 265, El 12.
[14:08:31]  Ping Success at node 5, 472ms
[14:08:34]  [OK]CMD Packet Header: 0x18 0x75 0xc0 0x0 0x0 0x1 0x1a 0x0
[14:08:35]  Received Report from port : 25.
[14:08:35]  Tracking : Az 268, El 12.
[14:08:37]  Received Report from port : 25.
[14:08:39]  Received Report from port : 25.
[14:08:44]  Forked Safe Amplifier Process. (OFF)
[14:08:47]  Tracking : Az 271, El 12.
[14:08:49]  Finish Engaging.
[14:08:49]  Beacon Success : 0, Ping Success : 3
