2026-02-11 01:18
[01:18:36]  Connect to Switch Box.............Success.
[01:18:36]  Connect to Rotator................Success.
[01:18:36]  Connect to GS100..................Success.
[01:18:36]  TM Port 13 bind success.
[01:18:36]  BCN Port 31 bind success.
[01:18:36]  RPT Port 25 bind success.
[01:18:36]  Event Port 27 bind success.
[01:18:36]  COSMIC Beacon Port 23 bind success.
[01:18:36]  COSMIC Report Port 24 bind success.
[01:19:33]  TLE "active" Download Completed.
[01:19:39]  [Auto]Start AutoPilot.
[01:19:39]  [Auto]Start Autopilot. Next Valuable AOS : 2/11 2:41:2
[01:19:39]  [Auto]Max Elevation : 17.13° Please Keep Devices On.
[02:36:02]  [Auto]Start Engaging.
[02:36:02]  [Auto]Start Doppler Correction.
[02:36:02]  Tracking : Az 352, El 0.
[02:36:04]  Tracking : Az 352, El 0.
[02:36:06]  Tracking : Az 352, El 0.
[02:36:08]  Tracking : Az 352, El 0.
[02:36:10]  Tracking : Az 352, El 0.
[02:36:12]  Tracking : Az 352, El 0.
[02:36:14]  Tracking : Az 352, El 0.
[02:36:16]  Tracking : Az 352, El 0.
[02:36:18]  Tracking : Az 352, El 0.
[02:36:20]  Tracking : Az 352, El 0.
[02:36:22]  Tracking : Az 352, El 0.
[02:36:24]  Tracking : Az 352, El 0.
[02:36:26]  Tracking : Az 352, El 0.
[02:36:28]  Tracking : Az 352, El 0.
[02:36:30]  Tracking : Az 352, El 0.
[02:36:32]  Tracking : Az 352, El 0.
[02:36:34]  Tracking : Az 352, El 0.
[02:36:59]  Forked Safe Amplifier Process.(ON, Timer)
[02:37:06]  Ping Failed.
[02:37:13]  Ping Failed.
[02:37:21]  Ping Failed.
[02:37:28]  Ping Failed.
[02:37:35]  Ping Failed.
[02:37:43]  Ping Failed.
[02:37:50]  Ping Failed.
[02:37:57]  Ping Failed.
[02:38:05]  Ping Failed.
[02:38:12]  Ping Failed.
[02:38:19]  Ping Failed.
[02:38:26]  Ping Failed.
[02:38:34]  Ping Failed.
[02:38:41]  Ping Failed.
[02:38:48]  Ping Failed.
[02:38:56]  Ping Failed.
[02:39:03]  Ping Failed.
[02:39:10]  Ping Failed.
[02:39:18]  Ping Failed.
[02:39:25]  Ping Failed.
[02:39:32]  Ping Failed.
[02:39:40]  Ping Failed.
[02:39:47]  Ping Failed.
[02:39:54]  Ping Failed.
[02:40:02]  Ping Failed.
[02:40:09]  Ping Failed.
[02:40:16]  Ping Failed.
[02:40:24]  Ping Failed.
[02:40:31]  Ping Failed.
[02:40:38]  Ping Failed.
[02:40:46]  Ping Failed.
[02:40:53]  Ping Failed.
[02:41:00]  Ping Failed.
[02:41:08]  Ping Failed.
[02:41:15]  Ping Failed.
[02:41:22]  Ping Failed.
[02:41:30]  Ping Failed.
[02:41:34]  Tracking : Az 349, El 1.
[02:41:37]  Ping Failed.
[02:41:44]  Ping Failed.
[02:41:52]  Ping Failed.
[02:41:57]  Ping Success at node 5, 475ms
[02:42:03]  Ping Success at node 5, 471ms
[02:42:05]  Tracking : Az 346, El 3.
[02:42:08]  Ping Success at node 5, 471ms
[02:42:14]  Ping Success at node 5, 471ms
[02:42:19]  Ping Success at node 5, 471ms
[02:42:24]  [OK]CMD Packet Header: 0x18 0x75 0xc0 0x0 0x0 0x1 0x14 0x47
[02:42:24]  [Auto]EPS P60 DOCK GET TABLE HK Command Sent (1/2)
[02:42:25]  Ping Success at node 5, 583ms
[02:42:32]  Tracking : Az 343, El 5.
[00:08:25]  [OK]CMD Packet Header: 0x18 0x75 0xc0 0x0 0x0 0x1 0x14 0x47
[02:42:35]  [Auto]EPS P60 DOCK GET TABLE HK Command Sent (2/2)
[02:42:35]  Received Report from port : 25.
[02:42:37]  Received Report from port : 25.
[02:42:39]  Received Report from port : 25.
[02:42:45]  [OK]CMD Packet Header: 0x18 0x75 0xc0 0x0 0x0 0x1 0x17 0x44
[02:42:45]  [Auto]EPS P60 PDU GET TABLE HK Command Sent (1/2)
[02:42:46]  Received Report from port : 25.
[02:42:48]  Received Report from port : 25.
[02:42:50]  Received Report from port : 25.
[02:42:55]  Tracking : Az 340, El 6.
[02:42:55]  [OK]CMD Packet Header: 0x18 0x75 0xc0 0x0 0x0 0x1 0x17 0x44
[02:42:55]  [Auto]EPS P60 PDU GET TABLE HK Command Sent (2/2)
[02:42:56]  Received Report from port : 25.
[02:42:58]  Received Report from port : 25.
[02:43:00]  Received Report from port : 25.
[02:43:05]  [OK]CMD Packet Header: 0x18 0x75 0xc0 0x0 0x0 0x1 0x1a 0x0
[02:43:06]  [Auto]EPS P60 ACU GET TABLE HK Command Sent (1/2)
[02:43:06]  Received Report from port : 25.
[02:43:08]  Received Report from port : 25.
[02:43:10]  Received Report from port : 25.
[02:43:16]  Tracking : Az 337, El 8.
[02:43:16]  [OK]CMD Packet Header: 0x18 0x75 0xc0 0x0 0x0 0x1 0x1a 0x0
[02:43:16]  [Auto]EPS P60 ACU GET TABLE HK Command Sent (2/2)
[02:43:17]  Received Report from port : 25.
[02:43:19]  Received Report from port : 25.
[02:43:21]  Received Report from port : 25.
[02:43:26]  [Auto]Start GND WDT reset sequence
[02:43:26]  [OK]CMD Packet Header: 0x18 0x50 0xc0 0x0 0x0 0x1 0x6 0x70
[02:43:26]  [Auto]AX100 GND WDT CMD sent (1/2)
[02:43:27]  Received Report from port : 25.
[02:43:29]  Received Report from port : 25.
[02:43:31]  Received Report from port : 25.
[02:43:35]  Tracking : Az 334, El 9.
[02:43:36]  [OK]CMD Packet Header: 0x18 0x50 0xc0 0x0 0x0 0x1 0x6 0x70
[02:43:37]  [Auto]AX100 GND WDT CMD sent (2/2)
[02:43:37]  Received Report from port : 25.
[02:43:39]  Received Report from port : 25.
[02:43:41]  Received Report from port : 25.
[02:43:47]  [OK]CMD Packet Header: 0x18 0x75 0xc0 0x0 0x0 0x5 0x1e 0xa2
[02:43:47]  [Auto]EPS P60 DOCK GND WDT CMD sent (1/2)
[02:43:48]  Received Report from port : 25.
[02:43:50]  Received Report from port : 25.
[02:43:52]  Tracking : Az 331, El 10.
[02:43:52]  Received Report from port : 25.
[02:43:57]  [OK]CMD Packet Header: 0x18 0x75 0xc0 0x0 0x0 0x5 0x1e 0xa2
[02:43:58]  [Auto]EPS P60 DOCK GND WDT CMD sent (2/2)
[02:43:58]  Received Report from port : 25.
[02:44:00]  Received Report from port : 25.
[02:44:02]  Received Report from port : 25.
[02:44:08]  [Auto]GND WDT sequence completed
[02:44:08]  [OK]CMD Packet Header: 0x18 0x75 0xc0 0x0 0x0 0x1 0x14 0x47
[02:44:08]  Tracking : Az 328, El 11.
[02:44:08]  [Auto]EPS P60 DOCK GET TABLE HK Command Sent (1/2)
[02:44:08]  Received Report from port : 25.
[02:44:10]  Received Report from port : 25.
[02:44:12]  Received Report from port : 25.
[02:44:18]  Tracking : Az 326, El 12.
[02:44:18]  [OK]CMD Packet Header: 0x18 0x75 0xc0 0x0 0x0 0x1 0x14 0x47
[02:44:18]  [Auto]EPS P60 DOCK GET TABLE HK Command Sent (2/2)
[02:44:19]  Received Report from port : 25.
[02:44:21]  Received Report from port : 25.
[02:44:23]  Received Report from port : 25.
[02:44:28]  [OK]CMD Packet Header: 0x18 0x75 0xc0 0x0 0x0 0x1 0x17 0x44
[02:44:29]  [Auto]EPS P60 PDU GET TABLE HK Command Sent (1/2)
[02:44:29]  Received Report from port : 25.
[02:44:31]  Received Report from port : 25.
[02:44:32]  Tracking : Az 323, El 13.
[02:44:33]  Received Report from port : 25.
[02:44:39]  [OK]CMD Packet Header: 0x18 0x75 0xc0 0x0 0x0 0x1 0x17 0x44
[02:44:39]  [Auto]EPS P60 PDU GET TABLE HK Command Sent (2/2)
[02:44:39]  Received Report from port : 25.
[02:44:41]  Received Report from port : 25.
[02:44:43]  Received Report from port : 25.
[02:44:45]  Tracking : Az 320, El 13.
[02:44:49]  [OK]CMD Packet Header: 0x18 0x75 0xc0 0x0 0x0 0x1 0x1a 0x0
[02:44:49]  [Auto]EPS P60 ACU GET TABLE HK Command Sent (1/2)
[02:44:50]  Received Report from port : 25.
[02:44:52]  Received Report from port : 25.
[02:44:54]  Received Report from port : 25.
[02:44:58]  Tracking : Az 317, El 14.
[02:44:59]  [OK]CMD Packet Header: 0x18 0x75 0xc0 0x0 0x0 0x1 0x1a 0x0
[02:45:00]  [Auto]EPS P60 ACU GET TABLE HK Command Sent (2/2)
[02:45:00]  Received Report from port : 25.
[02:45:02]  Received Report from port : 25.
[02:45:04]  Received Report from port : 25.
[02:45:09]  Tracking : Az 314, El 15.
[02:45:21]  Tracking : Az 311, El 15.
[02:45:32]  Tracking : Az 308, El 16.
[02:45:42]  Tracking : Az 305, El 16.
[02:45:53]  Tracking : Az 302, El 16.
[02:46:03]  Tracking : Az 299, El 16.
[02:46:13]  Tracking : Az 296, El 17.
[02:46:23]  Tracking : Az 293, El 17.
[02:46:32]  Tracking : Az 290, El 17.
[02:46:42]  Tracking : Az 287, El 17.
[02:46:52]  Tracking : Az 284, El 16.
[02:47:02]  Tracking : Az 281, El 16.
[02:47:13]  Tracking : Az 278, El 16.
[02:47:27]  Tracking : Az 274, El 15.
[02:47:38]  Tracking : Az 271, El 15.
[02:47:49]  Tracking : Az 268, El 14.
[02:48:01]  Tracking : Az 265, El 14.
[02:48:14]  Tracking : Az 262, El 13.
[02:48:27]  Tracking : Az 259, El 12.
[02:48:42]  Tracking : Az 256, El 11.
[02:48:57]  Tracking : Az 253, El 10.
[02:49:14]  Tracking : Az 250, El 9.
[02:49:32]  Tracking : Az 247, El 8.
[02:49:52]  Tracking : Az 244, El 7.
[02:50:14]  Tracking : Az 241, El 5.
[02:50:40]  Tracking : Az 238, El 4.
[02:51:09]  Tracking : Az 235, El 2.
[02:51:42]  Tracking : Az 232, El 0.
[02:51:59]  [Auto]Stop Doppler Correction.
[02:51:59]  [Auto]Finish Engaging.
[02:51:59]  Tracking : Az 0, El 0.
[02:52:00]  [Auto]Beacon Success : 0, Ping Success : 6 CMD Success : 0
[02:52:00]  [Auto]Update TLE...
[02:52:09]  [Auto]TLE "active" Download Completed.
[02:52:12]  Forked Safe Amplifier Process. (OFF)
[02:52:12]  Reset GS100 watchdog.
[02:52:24]  [Auto]Start Autopilot. Next Valuable AOS : 2/11 11:54:20
[02:52:24]  [Auto]Max Elevation : 19.35° Please Keep Devices On.
[11:49:20]  [Auto]Start Engaging.
[11:49:20]  [Auto]Start Doppler Correction.
[11:49:20]  Tracking : Az 131, El 0.
[11:49:22]  Tracking : Az 131, El 0.
[11:49:24]  Tracking : Az 131, El 0.
[11:49:26]  Tracking : Az 131, El 0.
[11:49:28]  Tracking : Az 131, El 0.
[11:49:30]  Tracking : Az 131, El 0.
[11:49:32]  Tracking : Az 131, El 0.
[11:49:34]  Tracking : Az 131, El 0.
[11:49:36]  Tracking : Az 131, El 0.
[11:49:38]  Tracking : Az 131, El 0.
[11:49:40]  Tracking : Az 131, El 0.
[11:49:42]  Tracking : Az 131, El 0.
[11:49:44]  Tracking : Az 131, El 0.
[11:49:44]  [Auto]Stop Doppler Correction.
[11:49:46]  [Auto]Finish Engaging.
[11:49:46]  Tracking : Az 0, El 0.
[11:49:47]  [Auto]Beacon Success : 0, Ping Success : 0 CMD Success : 0
