2026-02-05 01:37
[01:37:42]  Connect to Switch Box.............Success.
[01:37:42]  Connect to Rotator................Success.
[01:37:42]  Connect to GS100..................Success.
[01:37:42]  TM Port 13 bind success.
[01:37:42]  BCN Port 31 bind success.
[01:37:42]  RPT Port 25 bind success.
[01:37:42]  Event Port 27 bind success.
[01:37:42]  COSMIC Beacon Port 23 bind success.
[01:37:42]  COSMIC Report Port 24 bind success.
[01:38:03]  TLE "active" Download Completed.
[01:46:15]  Start Engaging.
[01:46:15]  Tracking : Az 8, El 0.
[01:46:16]  Start Doppler Correction.
[01:46:17]  Tracking : Az 8, El 0.
[01:49:28]  Forked Safe Amplifier Process.(ON, Timer)
[01:49:45]  Ping Failed.
[01:49:51]  Ping Failed.
[01:50:06]  Ping Failed.
[01:50:21]  Ping Failed.
[01:50:38]  Tracking : Az 7, El 3.
[01:50:40]  Tracking : Az 7, El 3.
[01:51:04]  Ping Success at node 5, 476ms
[01:51:09]  [OK]CMD Packet Header: 0x18 0x23 0xc0 0x0 0x0 0x8 0x2 0x6
[01:51:09]  Received Event from port : 27.

[01:51:14]  Received Event from port : 27.

[01:51:18]  Tracking : Az 6, El 6.
[01:51:24]  Received Event from port : 27.

[01:51:26]  [OK]CMD Packet Header: 0x18 0x0 0xc0 0x0 0x0 0x15 0x5 0x22
[01:51:27]  Received Event from port : 27.

[01:51:32]  Received Event from port : 27.

[01:51:34]  Received Event from port : 27.

[01:51:44]  Received Event from port : 27.

[01:51:52]  Tracking : Az 5, El 9.
[01:51:54]  Received Event from port : 27.

[01:51:54]  Tracking : Az 5, El 9.
[01:52:04]  Received Event from port : 27.

[01:52:06]  Received Event from port : 27.

[01:52:07]  [OK]CMD Packet Header: 0x18 0x0 0xc0 0x0 0x0 0x71 0x4 0x45
[01:52:08]  Received Event from port : 27.

[01:52:13]  Tracking : Az 5, El 11.
[01:52:14]  Received Event from port : 27.

[01:52:24]  Received Event from port : 27.

[01:52:31]  Tracking : Az 4, El 13.
[01:52:34]  Received Event from port : 27.

[01:52:44]  Received Event from port : 27.

[01:52:47]  Received Event from port : 27.

[01:52:54]  Received Event from port : 27.

[01:52:56]  Tracking : Az 3, El 16.
[01:53:04]  Received Event from port : 27.

[01:53:14]  Received Event from port : 27.

[01:53:17]  Tracking : Az 2, El 19.
[01:53:24]  Received Event from port : 27.

[01:53:28]  Received Event from port : 27.

[01:53:33]  Tracking : Az 0, El 21.
[01:53:34]  Received Event from port : 27.

[01:53:44]  Received Event from port : 27.

[01:53:45]  Tracking : Az 359, El 23.
[01:53:47]  Tracking : Az 359, El 24.
[01:53:49]  Tracking : Az 359, El 24.
[01:53:51]  Tracking : Az 359, El 24.
[01:53:53]  Tracking : Az 359, El 25.
[01:53:55]  Tracking : Az 358, El 25.
[01:53:57]  Tracking : Az 358, El 26.
[01:53:59]  Tracking : Az 358, El 26.
[01:54:01]  Tracking : Az 358, El 27.
[01:54:03]  Tracking : Az 358, El 27.
[01:54:05]  Tracking : Az 357, El 27.
[01:54:07]  Tracking : Az 357, El 28.
[01:54:09]  Tracking : Az 357, El 28.
[01:54:11]  Tracking : Az 357, El 29.
[01:54:13]  Tracking : Az 356, El 29.
[01:54:15]  Tracking : Az 356, El 30.
[01:54:17]  Tracking : Az 356, El 30.
[01:54:18]  Ping Failed.
[01:54:19]  Tracking : Az 355, El 31.
[01:54:21]  Tracking : Az 355, El 31.
[01:54:23]  Tracking : Az 355, El 32.
[01:54:25]  Tracking : Az 354, El 32.
[01:54:27]  Ping Failed.
[01:54:27]  Tracking : Az 354, El 33.
[01:54:29]  Tracking : Az 354, El 33.
[01:54:31]  Tracking : Az 353, El 34.
[01:54:33]  Tracking : Az 353, El 34.
[01:54:34]  Received Event from port : 27.

[01:54:35]  Ping Success at node 5, 462ms
[01:54:35]  Tracking : Az 353, El 35.
[01:54:37]  Tracking : Az 352, El 36.
[01:54:39]  Tracking : Az 352, El 36.
[01:54:41]  Tracking : Az 351, El 37.
[01:54:43]  Tracking : Az 351, El 37.
[01:54:44]  Received Event from port : 27.

[01:54:50]  Tracking : Az 349, El 40.
[01:54:50]  Received Event from port : 27.

[01:54:53]  Tracking : Az 348, El 41.
[01:54:54]  Received Event from port : 27.

[01:55:02]  Tracking : Az 345, El 44.
[01:55:04]  Received Event from port : 27.

[01:55:05]  Tracking : Az 344, El 45.
[01:55:12]  Tracking : Az 341, El 47.
[01:55:14]  Received Event from port : 27.

[01:55:18]  Tracking : Az 338, El 50.
[01:55:21]  Tracking : Az 337, El 51.
[01:55:23]  Tracking : Az 335, El 52.
[01:55:24]  Received Event from port : 27.

[01:55:26]  Tracking : Az 333, El 53.
[01:55:26]  Received Event from port : 27.

[01:55:28]  Received Event from port : 27.

[01:55:29]  Tracking : Az 331, El 54.
[01:55:31]  Received Event from port : 27.

[01:55:33]  Tracking : Az 328, El 55.
[01:55:34]  Received Event from port : 27.

[01:55:36]  Tracking : Az 326, El 57.
[01:55:39]  Tracking : Az 323, El 58.
[01:55:41]  Tracking : Az 321, El 58.
[01:55:44]  Tracking : Az 318, El 59.
[01:55:44]  Received Event from port : 27.

[01:55:46]  Tracking : Az 316, El 60.
[01:55:49]  Tracking : Az 313, El 61.
[01:55:51]  Tracking : Az 310, El 61.
[01:55:54]  Tracking : Az 306, El 62.
[01:55:54]  Received Event from port : 27.

[01:55:56]  Tracking : Az 304, El 63.
[01:55:57]  [OK]CMD Packet Header: 0x18 0x0 0xc0 0x0 0x0 0x71 0x4 0x45
[01:55:58]  Received Event from port : 27.

[01:55:58]  Tracking : Az 301, El 63.
[01:56:00]  Tracking : Az 298, El 63.
[01:56:02]  Tracking : Az 295, El 63.
[01:56:04]  Tracking : Az 292, El 64.
[01:56:04]  Received Event from port : 27.

[01:56:07]  Tracking : Az 287, El 64.
[01:56:09]  Tracking : Az 284, El 64.
[01:56:11]  Tracking : Az 281, El 64.
[01:56:12]  Received Event from port : 27.

[01:56:13]  Tracking : Az 278, El 64.
[01:56:14]  Received Event from port : 27.

[01:56:16]  Tracking : Az 273, El 64.
[01:56:18]  Tracking : Az 270, El 63.
[01:56:20]  Tracking : Az 267, El 63.
[01:56:23]  Tracking : Az 263, El 62.
[01:56:24]  Received Event from port : 27.

[01:56:25]  Tracking : Az 261, El 62.
[01:56:28]  Tracking : Az 257, El 61.
[01:56:30]  Tracking : Az 254, El 61.
[01:56:32]  Tracking : Az 252, El 60.
[01:56:34]  Received Event from port : 27.

[01:56:35]  Tracking : Az 249, El 59.
[01:56:38]  Tracking : Az 246, El 58.
[01:56:40]  Tracking : Az 244, El 57.
[01:56:43]  Tracking : Az 241, El 56.
[01:56:44]  Received Event from port : 27.

[01:56:46]  Tracking : Az 239, El 55.
[01:56:51]  Tracking : Az 235, El 53.
[01:56:53]  Tracking : Az 234, El 52.
[01:56:53]  Received Event from port : 27.

[01:56:55]  Received Event from port : 27.

[01:56:58]  Tracking : Az 231, El 50.
[01:57:03]  Tracking : Az 228, El 49.
[01:57:04]  Received Event from port : 27.

[01:57:05]  Tracking : Az 227, El 48.
[01:57:12]  Tracking : Az 224, El 45.
[01:57:14]  Received Event from port : 27.

[01:57:15]  [OK]CMD Packet Header: 0x18 0x23 0xc0 0x0 0x0 0x5 0x4 0x9
[01:57:15]  Tracking : Az 223, El 44.
[01:57:23]  Tracking : Az 221, El 41.
[01:57:26]  Tracking : Az 220, El 40.
[01:57:35]  Tracking : Az 217, El 37.
[01:57:38]  Tracking : Az 217, El 36.
[01:57:49]  Tracking : Az 214, El 33.
[01:57:50]  [OK]CMD Packet Header: 0x18 0x75 0xc0 0x0 0x0 0x1 0x14 0x47
[01:57:51]  Received Report from port : 25.
[01:57:53]  Received Report from port : 25.
[01:57:55]  Received Report from port : 25.
[01:58:00]  Tracking : Az 213, El 30.
[01:58:01]  [OK]CMD Packet Header: 0x18 0x75 0xc0 0x0 0x0 0x1 0x17 0x44
[01:58:02]  Received Report from port : 25.
[01:58:04]  Received Report from port : 25.
[01:58:06]  Received Report from port : 25.
[01:58:12]  [OK]CMD Packet Header: 0x18 0x75 0xc0 0x0 0x0 0x1 0x1a 0x49
[01:58:13]  Received Report from port : 25.
[01:58:15]  Received Report from port : 25.
[01:58:15]  Tracking : Az 210, El 27.
[01:58:17]  Received Report from port : 25.
[01:58:32]  Tracking : Az 209, El 23.
[01:58:56]  Tracking : Az 207, El 19.
[01:59:16]  Tracking : Az 205, El 16.
[01:59:48]  Tracking : Az 204, El 12.
[01:59:50]  Tracking : Az 204, El 12.
[02:00:16]  Tracking : Az 203, El 9.
[02:00:40]  Forked Safe Amplifier Process. (OFF)
[02:00:42]  Finish Engaging.
[02:00:42]  Beacon Success : 0, Ping Success : 2
[12:33:13]  Start Engaging.
[12:33:13]  Start Engaging.
[12:33:13]  Tracking : Az 8, El 0.
[12:33:14]  Start Doppler Correction.
[12:33:15]  Tracking : Az 8, El 0.
[12:33:17]  Tracking : Az 8, El 0.
[12:33:19]  Tracking : Az 8, El 0.
[12:33:21]  Tracking : Az 8, El 0.
[12:33:23]  Tracking : Az 8, El 0.
[12:33:25]  Tracking : Az 8, El 0.
[12:33:27]  Tracking : Az 8, El 0.
[12:33:29]  Tracking : Az 8, El 0.
[12:33:31]  Tracking : Az 8, El 0.
[12:33:33]  Tracking : Az 8, El 0.
[12:33:35]  Tracking : Az 8, El 0.
[12:33:37]  Tracking : Az 8, El 0.
[12:33:39]  Tracking : Az 8, El 0.
[12:33:41]  Tracking : Az 8, El 0.
[12:33:43]  Tracking : Az 8, El 0.
[12:33:45]  Tracking : Az 8, El 0.
[12:38:06]  Tracking : Az 159, El 0.
[12:38:08]  Tracking : Az 159, El 0.
[12:38:10]  Tracking : Az 159, El 0.
[12:38:12]  Tracking : Az 159, El 0.
[12:38:14]  Tracking : Az 159, El 0.
[12:38:16]  Tracking : Az 159, El 0.
[12:38:18]  Tracking : Az 159, El 0.
[12:38:20]  Tracking : Az 159, El 0.
[12:38:22]  Tracking : Az 159, El 0.
[12:38:24]  Tracking : Az 159, El 0.
[12:38:26]  Tracking : Az 159, El 0.
[12:38:28]  Tracking : Az 159, El 0.
[12:38:30]  Tracking : Az 159, El 0.
[12:38:32]  Tracking : Az 159, El 0.
[12:38:34]  Tracking : Az 159, El 0.
[12:38:36]  Tracking : Az 159, El 1.
[12:38:40]  Forked Safe Amplifier Process.(ON, Timer)
[12:38:54]  Ping Success at node 5, 469ms
[12:38:58]  [OK]CMD Packet Header: 0x18 0x75 0xc0 0x0 0x0 0x5 0x1e 0xa2
[12:38:59]  Received Report from port : 25.
[12:39:01]  Received Report from port : 25.
[12:39:03]  Received Report from port : 25.
[12:39:11]  [OK]CMD Packet Header: 0x18 0x50 0xc0 0x0 0x0 0x1 0x6 0x70
[12:39:12]  Received Report from port : 25.
[12:39:14]  Received Report from port : 25.
[12:39:16]  Received Report from port : 25.
[12:39:18]  Tracking : Az 158, El 4.
[12:39:20]  Tracking : Az 158, El 4.
[12:39:26]  [OK]CMD Packet Header: 0x18 0x23 0xc0 0x0 0x0 0x8 0x2 0x6
[12:39:44]  Tracking : Az 157, El 6.
[12:39:44]  [OK]CMD Packet Header: 0x18 0x23 0xc0 0x0 0x0 0x8 0x2 0x6
[12:39:46]  Tracking : Az 157, El 6.
[12:40:02]  Received Event from port : 27.

[12:40:12]  Received Event from port : 27.

[12:40:14]  Received Event from port : 27.

[12:40:17]  [OK]CMD Packet Header: 0x18 0x0 0xc0 0x0 0x0 0x71 0x4 0x45
[12:40:18]  Tracking : Az 156, El 9.
[12:40:20]  Tracking : Az 156, El 9.
[12:40:32]  Received Event from port : 27.

[12:40:39]  Tracking : Az 156, El 11.
[12:40:41]  Tracking : Az 156, El 11.
[12:40:42]  Received Event from port : 27.

[12:40:57]  Tracking : Az 155, El 13.
[12:40:57]  [OK]CMD Packet Header: 0x18 0x65 0xc0 0x0 0x0 0x1 0x0 0x43
[12:40:59]  Tracking : Az 155, El 13.
[12:41:07]  [OK]CMD Packet Header: 0x18 0x0 0xc0 0x0 0x0 0x71 0x4 0x45
[12:41:22]  Tracking : Az 154, El 16.
[12:41:22]  Received Event from port : 27.

[12:41:24]  Tracking : Az 154, El 16.
[12:41:32]  Received Event from port : 27.

[12:41:34]  Received Event from port : 27.

[12:41:36]  Tracking : Az 153, El 18.
[12:41:38]  Tracking : Az 153, El 18.
[12:41:55]  Tracking : Az 151, El 21.
[12:41:57]  [OK]CMD Packet Header: 0x18 0x65 0xc0 0x0 0x0 0x1 0x0 0x0
[12:41:57]  Tracking : Az 151, El 21.
[12:42:04]  [OK]CMD Packet Header: 0x18 0x65 0xc0 0x0 0x0 0x1 0x0 0x43
[12:42:06]  Received Report from port : 25.
[12:42:07]  Tracking : Az 150, El 23.
[12:42:08]  Received Report from port : 25.
[12:42:09]  Tracking : Az 150, El 23.
[12:42:12]  Received Event from port : 27.

[12:42:15]  Received Event from port : 27.

[12:42:17]  Tracking : Az 149, El 25.
[12:42:19]  Tracking : Az 149, El 25.
[12:42:20]  [OK]CMD Packet Header: 0x18 0x65 0xc0 0x0 0x0 0x1 0x0 0x0
[12:42:21]  Received Event from port : 27.

[12:42:23]  Received Report from port : 25.
[12:42:25]  Received Report from port : 25.
[12:42:27]  Tracking : Az 148, El 27.
[12:42:27]  Received Report from port : 25.
[12:42:29]  Tracking : Az 148, El 27.
[12:42:29]  Received Event from port : 27.

[12:42:32]  Received Event from port : 27.

[12:42:36]  Tracking : Az 147, El 29.
[12:42:38]  Tracking : Az 147, El 29.
[12:42:42]  Received Event from port : 27.

[12:42:48]  Tracking : Az 145, El 32.
[12:42:52]  Received Event from port : 27.

[12:42:56]  Received Event from port : 27.

[12:42:58]  Tracking : Az 143, El 34.
[12:43:00]  Tracking : Az 143, El 35.
[12:43:00]  [OK]CMD Packet Header: 0x18 0x65 0xc0 0x0 0x0 0x1 0x0 0x43
[12:43:01]  Received Event from port : 27.

[12:43:03]  Received Report from port : 25.
[12:43:05]  Received Report from port : 25.
[12:43:07]  Received Report from port : 25.
[12:43:09]  Tracking : Az 141, El 38.
[12:43:09]  Received Event from port : 27.

[12:43:11]  [OK]CMD Packet Header: 0x18 0x65 0xc0 0x0 0x0 0x4 0x65 0x23
[12:43:12]  Tracking : Az 140, El 39.
[12:43:12]  Received Event from port : 27.

[12:43:14]  Received Report from port : 25.
[12:43:16]  Received Report from port : 25.
[12:43:18]  Received Report from port : 25.
[12:43:19]  Tracking : Az 138, El 41.
[12:43:21]  Tracking : Az 138, El 42.
[12:43:28]  Tracking : Az 135, El 44.
[12:43:30]  Tracking : Az 134, El 45.
[12:43:37]  Tracking : Az 131, El 47.
[12:43:39]  Tracking : Az 130, El 48.
[12:43:42]  Received Event from port : 27.

[12:43:45]  Tracking : Az 127, El 50.
[12:43:47]  Tracking : Az 126, El 51.
[12:43:52]  Received Event from port : 27.

[12:43:53]  Tracking : Az 122, El 53.
[12:43:55]  Tracking : Az 121, El 54.
[12:43:58]  Tracking : Az 118, El 55.
[12:44:00]  Tracking : Az 117, El 56.
[12:44:02]  Received Event from port : 27.

[12:44:03]  Tracking : Az 114, El 57.
[12:44:05]  Tracking : Az 112, El 58.
[12:44:07]  Tracking : Az 110, El 58.
[12:44:09]  Tracking : Az 108, El 59.
[12:44:11]  Tracking : Az 106, El 60.
[12:44:12]  Received Event from port : 27.

[12:44:13]  Tracking : Az 104, El 60.
[12:44:15]  Tracking : Az 101, El 61.
[12:44:17]  Tracking : Az 99, El 61.
[12:44:18]  Received Event from port : 27.

[12:44:19]  Tracking : Az 96, El 62.
[12:44:21]  Tracking : Az 93, El 62.
[12:44:22]  Received Event from port : 27.

[12:44:23]  Tracking : Az 90, El 63.
[12:44:25]  Tracking : Az 88, El 63.
[12:44:27]  Tracking : Az 85, El 63.
[12:44:29]  Tracking : Az 82, El 63.
[12:44:31]  Tracking : Az 78, El 63.
[12:44:32]  Received Event from port : 27.

[12:44:33]  Tracking : Az 75, El 63.
[12:44:35]  Tracking : Az 72, El 63.
[12:44:37]  Tracking : Az 69, El 63.
[12:44:39]  Tracking : Az 66, El 63.
[12:44:41]  Tracking : Az 63, El 63.
[12:44:41]  [OK]CMD Packet Header: 0x18 0x75 0xc0 0x0 0x0 0x1 0x14 0x47
[12:44:42]  Received Report from port : 25.
[12:44:43]  Tracking : Az 60, El 63.
[12:44:44]  Received Report from port : 25.
[12:44:45]  Tracking : Az 57, El 62.
[12:44:46]  Received Report from port : 25.
[12:44:47]  Tracking : Az 55, El 62.
[12:44:48]  Received Event from port : 27.

[12:44:49]  Tracking : Az 52, El 62.
[12:44:49]  [OK]CMD Packet Header: 0x18 0x75 0xc0 0x0 0x0 0x1 0x17 0x0
[12:44:50]  Received Report from port : 25.
[12:44:51]  Tracking : Az 50, El 61.
[12:44:52]  Received Report from port : 25.
[12:44:53]  Tracking : Az 47, El 61.
[12:44:54]  Received Report from port : 25.
[12:44:55]  Tracking : Az 45, El 60.
[12:44:56]  Received Event from port : 27.

[12:44:57]  Tracking : Az 42, El 59.
[12:44:59]  Tracking : Az 40, El 59.
[12:44:59]  Received Event from port : 27.

[12:45:00]  [OK]CMD Packet Header: 0x18 0x75 0xc0 0x0 0x0 0x1 0x1a 0x0
[12:45:01]  Tracking : Az 38, El 58.
[12:45:01]  Received Report from port : 25.
[12:45:03]  Tracking : Az 36, El 57.
[12:45:03]  Received Report from port : 25.
[12:45:05]  Tracking : Az 35, El 57.
[12:45:05]  Received Report from port : 25.
[12:45:07]  Received Event from port : 27.

[12:45:09]  Tracking : Az 31, El 55.
[12:45:11]  Tracking : Az 30, El 54.
[12:45:12]  [OK]CMD Packet Header: 0x18 0x65 0xc0 0x0 0x0 0x1 0x0 0x0
[12:45:12]  Received Event from port : 27.

[12:45:14]  Tracking : Az 27, El 53.
[12:45:15]  Received Event from port : 27.

[12:45:16]  Tracking : Az 26, El 53.
[12:45:17]  Received Report from port : 25.
[12:45:19]  Received Report from port : 25.
[12:45:21]  Received Report from port : 25.
[12:45:22]  Tracking : Az 22, El 50.
[12:45:23]  Received Event from port : 27.

[12:45:24]  Tracking : Az 21, El 49.
[12:45:27]  Received Event from port : 27.

[12:45:29]  Received Event from port : 27.

[12:45:30]  Tracking : Az 18, El 47.
[12:45:32]  Tracking : Az 17, El 46.
[12:45:32]  Received Event from port : 27.

[12:45:40]  Tracking : Az 14, El 44.
[12:45:40]  Received Event from port : 27.

[12:45:42]  Tracking : Az 13, El 43.
[12:45:42]  Received Event from port : 27.

[12:45:49]  Tracking : Az 11, El 40.
[12:45:51]  Tracking : Az 11, El 40.
[12:45:52]  Received Event from port : 27.

[12:45:59]  Tracking : Az 9, El 37.
[12:46:01]  Tracking : Az 8, El 37.
[12:46:02]  Received Event from port : 27.

[12:46:09]  Tracking : Az 6, El 34.
[12:46:11]  Tracking : Az 6, El 34.
[12:46:12]  Received Event from port : 27.

[12:46:17]  [OK]CMD Packet Header: 0x18 0x23 0xc0 0x0 0x0 0x5 0x4 0x9
[12:46:20]  Tracking : Az 4, El 31.
[12:46:22]  Tracking : Az 4, El 31.
[12:46:32]  Tracking : Az 3, El 28.
[12:46:34]  [OK]CMD Packet Header: 0x18 0x65 0xc0 0x0 0x0 0x1 0x0 0x43
[12:46:34]  Received Report from port : 25.
[12:46:37]  Received Report from port : 25.
[12:46:39]  Received Report from port : 25.
[12:46:46]  Tracking : Az 1, El 25.
[12:47:00]  Tracking : Az 359, El 23.
[12:47:02]  Tracking : Az 359, El 22.
[12:47:04]  Tracking : Az 359, El 22.
[12:47:06]  Tracking : Az 359, El 22.
[12:47:08]  Tracking : Az 359, El 21.
[12:47:10]  Tracking : Az 359, El 21.
[12:47:12]  Tracking : Az 358, El 21.
[12:47:14]  Tracking : Az 358, El 20.
[12:47:16]  Tracking : Az 358, El 20.
[12:47:18]  Tracking : Az 358, El 20.
[12:47:20]  Tracking : Az 358, El 19.
[12:47:22]  Tracking : Az 358, El 19.
[12:47:24]  Tracking : Az 358, El 19.
[12:47:26]  Tracking : Az 357, El 18.
[12:47:28]  Tracking : Az 357, El 18.
[12:47:30]  Tracking : Az 357, El 18.
[12:47:32]  Tracking : Az 357, El 17.
[12:47:34]  Tracking : Az 357, El 17.
[12:47:36]  Tracking : Az 357, El 17.
[12:47:38]  Tracking : Az 357, El 17.
[12:47:40]  Tracking : Az 357, El 16.
[12:47:42]  Tracking : Az 356, El 16.
[12:47:44]  Tracking : Az 356, El 16.
[12:47:46]  Tracking : Az 356, El 16.
[12:47:48]  Tracking : Az 356, El 15.
[12:47:50]  Tracking : Az 356, El 15.
[12:47:52]  Tracking : Az 356, El 15.
[12:47:54]  Tracking : Az 356, El 14.
[12:47:56]  Tracking : Az 356, El 14.
[12:47:58]  Tracking : Az 356, El 14.
[12:48:00]  Tracking : Az 356, El 14.
[12:48:20]  Tracking : Az 355, El 11.
[12:48:22]  Tracking : Az 355, El 11.
[12:48:41]  [OK]CMD Packet Header: 0x18 0x65 0xc0 0x0 0x0 0x4 0x65 0x0
[12:48:52]  [OK]CMD Packet Header: 0x18 0x65 0xc0 0x0 0x0 0x4 0x65 0x23
[12:49:01]  Tracking : Az 353, El 7.
[12:49:03]  Tracking : Az 353, El 7.
[12:49:03]  Ping Success at node 5, 468ms
[12:49:50]  Tracking : Az 352, El 3.
[12:49:52]  Tracking : Az 352, El 3.
[12:50:27]  Forked Safe Amplifier Process. (OFF)
[12:50:32]  Finish Engaging.
[12:50:32]  Beacon Success : 0, Ping Success : 2
