2026-02-05 23:44
[23:45:11]  Connect to Switch Box.............Success.
[23:45:11]  Connect to Rotator................Success.
[23:45:11]  Connect to GS100..................Success.
[23:45:11]  TM Port 13 bind success.
[23:45:11]  BCN Port 31 bind success.
[23:45:11]  RPT Port 25 bind success.
[23:45:11]  Event Port 27 bind success.
[23:45:11]  COSMIC Beacon Port 23 bind success.
[23:45:11]  COSMIC Report Port 24 bind success.
[23:45:23]  TLE "cubesat" Download Completed.
[23:45:36]  Start Engaging.
[23:45:36]  Tracking : Az 37, El 0.
[23:45:38]  Tracking : Az 37, El 0.
[23:45:40]  Tracking : Az 37, El 0.
[23:45:42]  Finish Engaging.
[23:45:42]  Beacon Success : 0, Ping Success : 0
[23:45:45]  Start Engaging.
[23:45:45]  Tracking : Az 37, El 0.
[23:45:47]  Tracking : Az 37, El 0.
[23:45:49]  Tracking : Az 37, El 0.
[23:45:51]  Tracking : Az 37, El 0.
[23:45:53]  Tracking : Az 37, El 0.
[23:45:55]  Tracking : Az 37, El 0.
[23:45:57]  Tracking : Az 37, El 0.
[23:45:59]  Tracking : Az 37, El 0.
[23:46:01]  Tracking : Az 37, El 0.
[23:46:03]  Tracking : Az 37, El 0.
[23:46:05]  Tracking : Az 37, El 0.
[23:46:07]  Tracking : Az 37, El 0.
[23:46:09]  Tracking : Az 37, El 0.
[23:46:11]  Tracking : Az 37, El 0.
[23:46:13]  Finish Engaging.
[23:46:13]  Beacon Success : 0, Ping Success : 0
[00:22:26]  Start Engaging.
[00:22:28]  Start Doppler Correction.
[00:23:43]  Forked Safe Amplifier Process.(ON, Timer)
[00:24:08]  Tracking : Az 40, El 1.
[00:24:23]  Ping Failed.
[00:24:34]  Tracking : Az 43, El 2.
[00:24:58]  Tracking : Az 46, El 3.
[00:25:10]  Ping Success at node 5, 474ms
[00:25:13]  [OK]CMD Packet Header: 0x18 0x15 0xc0 0x0 0x0 0x45 0xa 0x2b
[00:25:20]  Tracking : Az 49, El 4.
[00:25:33]  [OK]CMD Packet Header: 0x18 0x15 0xc0 0x0 0x0 0x45 0xa 0x2b
[00:25:33]  Received GETFILEINFO Response from port : 23.

[00:25:40]  Tracking : Az 52, El 5.
[00:25:59]  Tracking : Az 55, El 6.
[00:26:07]  Forked Safe Amplifier Process. (OFF)
