2026-01-09 21:33
[21:33:14]  Connect to Switch Box.............Success.
[21:33:14]  Connect to Rotator................Success.
[21:33:14]  Connect to GS100..................Success.
[21:33:14]  TM Port 13 bind success.
[21:33:14]  BCN Port 31 bind success.
[21:33:14]  RPT Port 25 bind success.
[21:33:14]  Event Port 27 bind success.
[21:33:14]  COSMIC Beacon Port 23 bind success.
[21:33:14]  COSMIC Report Port 24 bind success.
[21:33:28]  TLE "cubesat" Download Completed.
[21:33:42]  Start Engaging.
[21:33:42]  Tracking : Az 116, El 22.
[21:33:44]  Tracking : Az 116, El 22.
[21:33:46]  Tracking : Az 116, El 22.
[21:33:48]  Tracking : Az 116, El 22.
[21:33:50]  Tracking : Az 116, El 22.
[21:33:52]  Tracking : Az 116, El 22.
[21:33:54]  Tracking : Az 116, El 22.
[21:33:56]  Tracking : Az 116, El 22.
[21:33:58]  Tracking : Az 116, El 22.
[21:34:04]  Tracking : Az 116, El 22.
[21:34:06]  Tracking : Az 116, El 22.
[21:34:08]  Finish Engaging.
[21:34:08]  Beacon Success : 0, Ping Success : 0
[21:34:11]  Tracking : Az 0, El 0.
[21:34:12]  Rotator Read Failed.
[21:34:14]  Rotator Read Failed.
[21:34:16]  Rotator Read Failed.
