2025-12-13 02:05
[02:05:48]  Connect to Switch Box.............Success.
[02:05:48]  Connect to Rotator................Success.
[02:05:48]  Connect to GS100..................Success.
[02:05:48]  TM Port 13 bind success.
[02:05:48]  BCN Port 31 bind success.
[02:05:48]  RPT Port 25 bind success.
[02:05:54]  TLE "cubesat" Download Completed.
[02:05:58]  Start Engaging.
[02:05:58]  Tracking : Az 235, El 37.
[02:05:59]  Start Doppler Correction.
[02:06:00]  Tracking : Az 235, El 37.
[02:06:02]  Forked Safe Amplifier Process.(ON, Timer)
[02:06:06]  Ping Success at node 5, 460ms
[02:06:09]  Tracking : Az 231, El 34.
[02:06:11]  Tracking : Az 231, El 34.
[02:06:16]  Tracking : Az 229, El 33.
[02:06:18]  [OK]CMD Packet Header: 0x18 0x75 0xc0 0x0 0x0 0x1 0x14 0x47
[02:06:19]  Tracking : Az 228, El 32.
[02:06:22]  Tracking : Az 228, El 31.
[02:06:31]  Tracking : Az 225, El 29.
[02:06:35]  [OK]CMD Packet Header: 0x18 0x75 0xc0 0x0 0x0 0x1 0x14 0x47
[02:06:45]  Tracking : Az 222, El 27.
[02:06:47]  [OK]CMD Packet Header: 0x18 0x75 0xc0 0x0 0x0 0x1 0x14 0x47
