2026-02-19 12:21
[12:21:31]  Connect to Switch Box.............Success.
[12:21:31]  Connect to Rotator................Success.
[12:21:31]  Connect to GS100..................Success.
[12:21:31]  TM Port 13 bind success.
[12:21:31]  BCN Port 31 bind success.
[12:21:31]  RPT Port 25 bind success.
[12:21:31]  Event Port 27 bind success.
[12:21:31]  COSMIC Beacon Port 23 bind success.
[12:21:31]  COSMIC Report Port 24 bind success.
[12:21:50]  TLE "active" Download Completed.
[12:30:04]  Forked Safe Amplifier Process.(ON, Timer)
[12:30:10]  [OK]CMD Packet Header: 0x18 0x65 0xc0 0x0 0x0 0x19 0x1d 0x96
[12:30:12]  [OK]CMD Packet Header: 0x18 0x65 0xc0 0x0 0x0 0x19 0x1d 0x96
[12:30:14]  [OK]CMD Packet Header: 0x18 0x65 0xc0 0x0 0x0 0x19 0x1d 0x96
[12:30:15]  [OK]CMD Packet Header: 0x18 0x65 0xc0 0x0 0x0 0x19 0x1d 0x96
[12:30:22]  Forked Safe Amplifier Process. (OFF)
[13:01:39]  Start Engaging.
[13:01:39]  Tracking : Az 174, El 5.
[13:01:41]  Tracking : Az 174, El 5.
[13:01:41]  Start Doppler Correction.
[13:01:43]  Tracking : Az 174, El 5.
[13:01:45]  Tracking : Az 174, El 5.
[13:01:46]  Forked Safe Amplifier Process.(ON, Timer)
[13:01:47]  Tracking : Az 174, El 6.
[13:01:49]  Tracking : Az 174, El 6.
[13:01:51]  Tracking : Az 174, El 6.
[13:01:53]  Tracking : Az 174, El 6.
[13:01:55]  Tracking : Az 174, El 6.
[13:01:57]  Tracking : Az 174, El 7.
[13:01:57]  Ping Failed.
[13:01:59]  Tracking : Az 174, El 7.
[13:02:01]  Tracking : Az 174, El 7.
[13:02:03]  Tracking : Az 174, El 7.
[13:02:05]  Tracking : Az 174, El 7.
[13:02:07]  Tracking : Az 174, El 7.
[13:02:07]  Ping Success at node 5, 464ms
[13:02:20]  Tracking : Az 175, El 9.
[13:02:40]  Tracking : Az 175, El 11.
[13:02:42]  [OK]CMD Packet Header: 0x18 0x23 0xc0 0x0 0x0 0x8 0x2 0x2
[13:02:58]  Tracking : Az 176, El 13.
[13:02:58]  Ping Success at node 5, 463ms
[13:03:10]  [OK]CMD Packet Header: 0x18 0x23 0xc0 0x0 0x0 0x8 0x2 0x2
[13:03:15]  Tracking : Az 177, El 15.
[13:03:29]  [OK]CMD Packet Header: 0x18 0x23 0xc0 0x0 0x0 0x8 0x2 0x2
[13:03:37]  Tracking : Az 178, El 18.
[13:03:51]  Ping Success at node 5, 469ms
[13:03:56]  Tracking : Az 179, El 21.
[13:04:02]  [OK]CMD Packet Header: 0x18 0x65 0xc0 0x0 0x0 0x1 0x0 0x43
[13:04:03]  Received Report from port : 25.
[13:04:05]  Received Report from port : 25.
[13:04:07]  Received Report from port : 25.
[13:04:12]  Tracking : Az 180, El 24.
[13:04:27]  Tracking : Az 182, El 27.
[13:04:40]  [OK]CMD Packet Header: 0x18 0x23 0xc0 0x0 0x0 0x8 0x2 0x2
[13:04:40]  Tracking : Az 183, El 30.
[13:04:52]  Tracking : Az 185, El 33.
[13:05:02]  Tracking : Az 187, El 36.
[13:05:05]  Tracking : Az 188, El 37.
[13:05:14]  [OK]CMD Packet Header: 0x18 0x0 0xc0 0x0 0x0 0x15 0x5 0x22
[13:05:15]  Tracking : Az 190, El 40.
[13:05:18]  Tracking : Az 191, El 41.
[13:05:26]  Tracking : Az 193, El 44.
[13:05:32]  Tracking : Az 195, El 46.
[13:05:35]  [OK]CMD Packet Header: 0x18 0x65 0xc0 0x0 0x0 0x1 0x0 0x0
[13:05:39]  Tracking : Az 198, El 49.
[13:05:45]  Tracking : Az 201, El 51.
[13:05:50]  Tracking : Az 204, El 53.
[13:05:55]  Tracking : Az 207, El 55.
[13:05:56]  [OK]CMD Packet Header: 0x18 0x0 0xc0 0x0 0x0 0x71 0x4 0x45
[13:05:59]  Tracking : Az 210, El 57.
[13:06:05]  Tracking : Az 215, El 60.
[13:06:07]  Tracking : Az 217, El 60.
[13:06:10]  Tracking : Az 220, El 62.
[13:06:12]  Tracking : Az 223, El 62.
[13:06:13]  Ping Success at node 5, 452ms
[13:06:15]  Tracking : Az 226, El 63.
[13:06:17]  Tracking : Az 229, El 64.
[13:06:19]  Tracking : Az 232, El 65.
[13:06:21]  Tracking : Az 235, El 65.
[13:06:23]  Tracking : Az 238, El 66.
[13:06:25]  Tracking : Az 241, El 66.
[13:06:25]  [OK]CMD Packet Header: 0x18 0x65 0xc0 0x0 0x0 0x1 0x0 0x43
[13:06:27]  Tracking : Az 245, El 66.
[13:06:29]  Tracking : Az 248, El 67.
[13:06:31]  Tracking : Az 252, El 67.
[13:06:33]  Tracking : Az 255, El 67.
[13:06:33]  [OK]CMD Packet Header: 0x18 0x65 0xc0 0x0 0x0 0x1 0x0 0x0
[13:06:35]  Tracking : Az 259, El 67.
[13:06:37]  Tracking : Az 262, El 67.
[13:06:39]  Tracking : Az 266, El 67.
[13:06:41]  Tracking : Az 270, El 66.
[13:06:43]  Tracking : Az 273, El 66.
[13:06:45]  Tracking : Az 276, El 66.
[13:06:47]  Tracking : Az 279, El 65.
[13:06:49]  Tracking : Az 283, El 65.
[13:06:52]  Tracking : Az 287, El 64.
[13:06:54]  Tracking : Az 290, El 63.
[13:06:57]  Tracking : Az 293, El 62.
[13:06:59]  Tracking : Az 296, El 62.
[13:07:02]  Tracking : Az 299, El 61.
[13:07:05]  Tracking : Az 302, El 59.
[13:07:08]  Tracking : Az 305, El 58.
[13:07:13]  Tracking : Az 309, El 56.
[13:07:15]  Tracking : Az 310, El 55.
[13:07:21]  Tracking : Az 314, El 53.
[13:07:24]  Tracking : Az 316, El 51.
[13:07:30]  Tracking : Az 319, El 49.
[13:07:38]  Tracking : Az 322, El 46.
[13:07:38]  [OK]CMD Packet Header: 0x18 0x0 0xc0 0x0 0x0 0x71 0x4 0x45
[13:07:45]  Tracking : Az 324, El 43.
[13:07:53]  Tracking : Az 326, El 40.
[13:08:02]  Tracking : Az 329, El 37.
[13:08:10]  [OK]CMD Packet Header: 0x18 0x0 0xc0 0x0 0x0 0x71 0x4 0x45
[13:08:16]  Tracking : Az 331, El 33.
[13:08:27]  Tracking : Az 333, El 30.
[13:08:36]  [OK]CMD Packet Header: 0x18 0x65 0xc0 0x0 0x0 0x1 0x0 0x43
[13:08:37]  Received Report from port : 25.
[13:08:39]  Received Report from port : 25.
[13:08:41]  Received Report from port : 25.
[13:08:44]  Tracking : Az 335, El 26.
[13:08:45]  Ping Success at node 5, 460ms
[13:09:00]  Tracking : Az 336, El 23.
[13:09:13]  Ping Success at node 5, 472ms
[13:09:15]  [OK]CMD Packet Header: 0x18 0x65 0xc0 0x0 0x0 0x1 0x0 0x0
[13:09:16]  Received Report from port : 25.
[13:09:18]  Received Report from port : 25.
[13:09:20]  Received Report from port : 25.
[13:09:22]  Tracking : Az 338, El 19.
[13:09:41]  [OK]CMD Packet Header: 0x18 0x23 0xc0 0x0 0x0 0x5 0x4 0x9
[13:09:44]  Tracking : Az 339, El 16.
[13:09:59]  [OK]CMD Packet Header: 0x18 0x65 0xc0 0x0 0x0 0x1 0x0 0x43
[13:10:00]  Received Report from port : 25.
[13:10:02]  Received Report from port : 25.
[13:10:04]  Received Report from port : 25.
[13:10:09]  [OK]CMD Packet Header: 0x18 0x75 0xc0 0x0 0x0 0x1 0x14 0x47
[13:10:10]  Received Report from port : 25.
[13:10:12]  Received Report from port : 25.
[13:10:14]  Tracking : Az 341, El 12.
[13:10:14]  Received Report from port : 25.
[13:10:19]  [OK]CMD Packet Header: 0x18 0x75 0xc0 0x0 0x0 0x1 0x17 0x44
[13:10:20]  Received Report from port : 25.
[13:10:22]  Received Report from port : 25.
[13:10:24]  Received Report from port : 25.
[13:10:26]  [OK]CMD Packet Header: 0x18 0x75 0xc0 0x0 0x0 0x1 0x1a 0x49
[13:10:27]  Received Report from port : 25.
[13:10:29]  Received Report from port : 25.
[13:10:31]  Received Report from port : 25.
[13:10:43]  Tracking : Az 342, El 9.
[13:11:01]  Tracking : Az 342, El 8.
[13:11:28]  Tracking : Az 343, El 5.
[13:12:05]  Ping Success at node 5, 479ms
[13:12:05]  Ping Success at node 5, 480ms
[13:12:07]  Tracking : Az 344, El 2.
[13:13:12]  Tracking : Az 172, El 0.
[13:13:14]  Tracking : Az 172, El 0.
[13:13:16]  Tracking : Az 172, El 0.
[13:13:18]  Tracking : Az 172, El 0.
[13:13:20]  Tracking : Az 172, El 0.
[13:13:22]  Tracking : Az 172, El 0.
[13:13:24]  Tracking : Az 172, El 0.
[13:13:26]  Tracking : Az 172, El 0.
[13:13:28]  Tracking : Az 172, El 0.
[13:13:30]  Tracking : Az 172, El 0.
[13:13:32]  Tracking : Az 172, El 0.
[13:13:34]  Tracking : Az 172, El 0.
[13:13:36]  Tracking : Az 172, El 0.
[13:13:38]  Tracking : Az 172, El 0.
[13:13:40]  Tracking : Az 172, El 0.
[13:13:41]  Forked Safe Amplifier Process. (OFF)
[13:13:42]  Tracking : Az 172, El 0.
[13:13:46]  Finish Engaging.
[13:13:46]  Beacon Success : 0, Ping Success : 8
[13:15:02]  [Auto]Start AutoPilot.
[13:15:02]  [Auto]Start Autopilot. Next Valuable AOS : 2/19 13:0:24
[13:15:02]  [Auto]Max Elevation : 67.36° Please Keep Devices On.
[13:15:02]  [Auto]Start Engaging.
[13:15:02]  [Auto]Start Doppler Correction.
[13:15:02]  Cannot Turn on AMP Now. Wati until the timer goes on.
[13:15:02]  If you don't want it, restart the software.
[13:15:02]  Remind the AMP would be turned off after the timer goes on
[13:15:02]  even if you restart the software.
[13:15:46]  Forked Safe Amplifier Process.(ON, Timer)
