2026-01-24 01:25
[01:25:21]  Connect to Switch Box.............Success.
[01:25:21]  Connect to Rotator................Success.
[01:25:21]  Connect to GS100..................Success.
[01:25:21]  TM Port 13 bind success.
[01:25:21]  BCN Port 31 bind success.
[01:25:21]  RPT Port 25 bind success.
[01:25:21]  Event Port 27 bind success.
[01:25:21]  COSMIC Beacon Port 23 bind success.
[01:25:21]  COSMIC Report Port 24 bind success.
[01:25:37]  TLE "active" Download Completed.
[01:26:23]  Start Engaging.
[01:26:23]  Tracking : Az 10, El 0.
[01:26:25]  Tracking : Az 10, El 0.
[01:43:10]  Forked Safe Amplifier Process.(ON, Timer)
[01:43:24]  Ping Failed.
[01:43:39]  Ping Failed.
[01:43:52]  Ping Failed.
[01:44:01]  Tracking : Az 9, El 3.
[01:44:10]  Ping Failed.
[01:44:18]  Ping Failed.
[01:44:31]  Ping Failed.
[01:44:33]  Start Doppler Correction.
[01:44:37]  Ping Success at node 5, 466ms
[01:44:40]  Tracking : Az 9, El 6.
[01:44:40]  [OK]CMD Packet Header: 0x18 0x20 0xc0 0x0 0x0 0x5 0x7 0x6
[01:44:48]  Ping Success at node 5, 469ms
[01:44:52]  Tracking : Az 9, El 7.
[01:44:54]  AX100 Boot Count : 192
[01:45:03]  Received Beacon from port : 31.

[01:45:15]  Tracking : Az 9, El 9.
[01:45:23]  Received Beacon from port : 31.

[01:45:33]  Received Beacon from port : 31.

[01:45:35]  Tracking : Az 9, El 11.
[01:45:39]  [OK]CMD Packet Header: 0x18 0x75 0xc0 0x0 0x0 0x7 0xe 0xb0
[01:45:40]  Received Report from port : 25.
[01:45:42]  Received Report from port : 25.
[01:45:49]  Received Report from port : 25.
[01:45:53]  Received Beacon from port : 31.

[01:45:53]  Tracking : Az 8, El 13.
[01:46:13]  Received Beacon from port : 31.

[01:46:17]  Tracking : Az 8, El 16.
[01:46:23]  Received Beacon from port : 31.

[01:46:32]  Tracking : Az 8, El 18.
[01:46:33]  Received Beacon from port : 31.

[01:46:43]  Received Beacon from port : 31.

[01:46:51]  Tracking : Az 7, El 21.
[01:46:53]  Received Beacon from port : 31.

[01:47:03]  Received Beacon from port : 31.

[01:47:03]  [OK]CMD Packet Header: 0x18 0x75 0xc0 0x0 0x0 0x5 0x1e 0xa2
[01:47:05]  Received Report from port : 25.
[01:47:07]  Received Report from port : 25.
[01:47:07]  Tracking : Az 6, El 24.
[01:47:09]  Received Report from port : 25.
[01:47:13]  Received Beacon from port : 31.

[01:47:17]  [OK]CMD Packet Header: 0x18 0x50 0xc0 0x0 0x0 0x1 0x6 0x70
[01:47:18]  Received Report from port : 25.
[01:47:20]  Received Report from port : 25.
[01:47:22]  Received Report from port : 25.
[01:47:22]  Tracking : Az 6, El 27.
[01:47:24]  Received Beacon from port : 31.

[01:47:33]  Received Beacon from port : 31.

[01:47:34]  Tracking : Az 5, El 30.
[01:47:44]  [OK]CMD Packet Header: 0x18 0x20 0xc0 0x0 0x0 0x5 0x7 0x1
[01:47:46]  Tracking : Az 4, El 33.
[01:47:53]  Received Beacon from port : 31.

[01:47:54]  Ping Success at node 5, 454ms
[01:47:56]  Tracking : Az 4, El 36.
[01:48:03]  Received Beacon from port : 31.

[01:48:05]  Tracking : Az 3, El 39.
[01:48:13]  Received Beacon from port : 31.

[01:48:13]  Tracking : Az 2, El 42.
[01:48:21]  Tracking : Az 0, El 45.
[01:48:27]  Tracking : Az 359, El 47.
[01:48:29]  Tracking : Az 359, El 48.
[01:48:31]  Tracking : Az 359, El 49.
[01:48:33]  Tracking : Az 358, El 50.
[01:48:35]  Tracking : Az 358, El 51.
[01:48:37]  Tracking : Az 357, El 52.
[01:48:39]  Tracking : Az 357, El 53.
[01:48:41]  Tracking : Az 356, El 54.
[01:48:43]  Tracking : Az 355, El 55.
[01:48:45]  Tracking : Az 355, El 56.
[01:48:47]  Tracking : Az 354, El 57.
[01:48:49]  Tracking : Az 353, El 58.
[01:48:51]  Tracking : Az 352, El 59.
[01:48:53]  Tracking : Az 351, El 60.
[01:48:55]  Tracking : Az 350, El 61.
[01:48:57]  Tracking : Az 349, El 62.
[01:48:59]  Tracking : Az 348, El 63.
[01:49:01]  Tracking : Az 347, El 64.
[01:49:03]  Received Beacon from port : 31.

[01:49:03]  Tracking : Az 345, El 66.
[01:49:05]  Tracking : Az 343, El 67.
[01:49:07]  Tracking : Az 342, El 68.
[01:49:09]  Tracking : Az 339, El 69.
[01:49:11]  Tracking : Az 337, El 70.
[01:49:13]  Tracking : Az 335, El 71.
[01:49:14]  !!!!!!!!!Received Mission Beacon from port : 31.!!!!!!!!!
[01:49:15]  Tracking : Az 332, El 72.
[01:49:17]  Tracking : Az 328, El 73.
[01:49:19]  Tracking : Az 324, El 74.
[01:49:23]  Tracking : Az 315, El 76.
[01:49:25]  Tracking : Az 310, El 77.
[01:49:27]  Tracking : Az 304, El 77.
[01:49:29]  Tracking : Az 297, El 78.
[01:49:31]  Tracking : Az 290, El 78.
[01:49:33]  Received Beacon from port : 31.

[01:49:33]  Tracking : Az 283, El 78.
[01:49:35]  Tracking : Az 275, El 78.
[01:49:37]  Tracking : Az 269, El 78.
[01:49:39]  Tracking : Az 262, El 77.
[01:49:41]  Tracking : Az 256, El 76.
[01:49:43]  Received Beacon from port : 31.

[01:49:43]  Tracking : Az 250, El 76.
[01:49:45]  Tracking : Az 246, El 75.
[01:49:47]  Tracking : Az 241, El 74.
[01:49:49]  Tracking : Az 238, El 73.
[01:49:51]  Tracking : Az 234, El 72.
[01:49:53]  Received Beacon from port : 31.

[01:49:54]  Tracking : Az 230, El 71.
[01:49:55]  !!!!!!!!!Received Mission Beacon from port : 31.!!!!!!!!!
[01:49:56]  Tracking : Az 227, El 69.
[01:49:59]  Tracking : Az 224, El 68.
[01:50:03]  Received Beacon from port : 31.

[01:50:03]  Tracking : Az 221, El 65.
[01:50:07]  Tracking : Az 218, El 63.
[01:50:12]  Tracking : Az 215, El 60.
[01:50:13]  Received Beacon from port : 31.

[01:50:18]  Tracking : Az 212, El 57.
[01:50:23]  Received Beacon from port : 31.

[01:50:26]  Tracking : Az 210, El 53.
[01:50:32]  Tracking : Az 208, El 50.
[01:50:36]  !!!!!!!!!Received Mission Beacon from port : 31.!!!!!!!!!
[01:50:39]  Tracking : Az 207, El 47.
[01:50:43]  Received Beacon from port : 31.

[01:50:48]  Tracking : Az 205, El 43.
[01:50:59]  Tracking : Az 204, El 39.
[01:51:03]  Received Beacon from port : 31.

[01:51:11]  Tracking : Az 202, El 35.
[01:51:13]  Received Beacon from port : 31.

[01:51:17]  !!!!!!!!!Received Mission Beacon from port : 31.!!!!!!!!!
[01:51:23]  [OK]CMD Packet Header: 0x18 0x20 0xc0 0x0 0x0 0x5 0x6 0x0
[01:51:24]  Tracking : Az 201, El 31.
[01:51:33]  Received Beacon from port : 31.

[01:51:36]  Tracking : Az 201, El 28.
[01:51:42]  [OK]CMD Packet Header: 0x18 0x75 0xc0 0x0 0x0 0x7 0xe 0xb1
[01:51:42]  Received Report from port : 25.
[01:51:44]  Received Report from port : 25.
[01:51:46]  Received Report from port : 25.
[01:51:49]  Tracking : Az 200, El 25.
[01:51:53]  Received Beacon from port : 31.

[01:51:58]  !!!!!!!!!Received Mission Beacon from port : 31.!!!!!!!!!
[01:52:03]  Received Beacon from port : 31.

[01:52:10]  Tracking : Az 199, El 21.
[01:52:13]  Received Beacon from port : 31.

[01:52:15]  [OK]CMD Packet Header: 0x18 0x20 0xc0 0x0 0x0 0x5 0x6 0x0
[01:52:23]  [OK]CMD Packet Header: 0x18 0x20 0xc0 0x0 0x0 0x5 0x6 0x7
[01:52:31]  Ping Success at node 5, 459ms
[01:52:34]  Tracking : Az 198, El 17.
[01:52:40]  [OK]CMD Packet Header: 0x18 0x75 0xc0 0x0 0x0 0x1 0x14 0x47
[01:52:41]  Received Report from port : 25.
[01:52:43]  Received Report from port : 25.
[01:52:45]  Received Report from port : 25.
[01:52:56]  Tracking : Az 198, El 14.
[01:52:59]  [OK]CMD Packet Header: 0x18 0x75 0xc0 0x0 0x0 0x1 0x17 0x44
[01:53:00]  Received Report from port : 25.
[01:53:02]  Received Report from port : 25.
[01:53:04]  Received Report from port : 25.
[01:53:22]  Tracking : Az 197, El 11.
[01:53:54]  [OK]CMD Packet Header: 0x18 0x15 0xc0 0x0 0x0 0x45 0xa 0x34
[01:53:54]  Received GETFILEINFO Response from port : 23.

[01:54:02]  Tracking : Az 197, El 7.
[01:54:12]  Forked Safe Amplifier Process. (OFF)
[01:54:15]  Finish Engaging.
[01:54:15]  Beacon Success : 30, Ping Success : 4
[01:54:16]  Tracking : Az 0, El 0.
[12:16:45]  TLE "active" Download Completed.
[12:16:51]  Start Engaging.
[12:16:51]  Tracking : Az 155, El 0.
[12:16:53]  Tracking : Az 155, El 0.
[12:16:55]  Start Doppler Correction.
[12:16:55]  Tracking : Az 155, El 0.
[12:16:57]  Tracking : Az 155, El 0.
[12:16:59]  Tracking : Az 155, El 0.
[12:17:01]  Tracking : Az 155, El 0.
[12:17:03]  Tracking : Az 155, El 0.
[12:17:05]  Tracking : Az 155, El 0.
[12:17:07]  Tracking : Az 155, El 0.
[12:17:09]  Tracking : Az 155, El 0.
[12:17:11]  Tracking : Az 155, El 0.
[12:17:13]  Tracking : Az 155, El 0.
[12:17:15]  Tracking : Az 155, El 0.
[12:17:17]  Tracking : Az 155, El 0.
[12:31:38]  Forked Safe Amplifier Process.(ON, Timer)
[12:31:55]  Ping Failed.
[12:32:13]  Ping Success at node 5, 472ms
[12:32:19]  AX100 Boot Count : 192
[12:32:21]  [OK]CMD Packet Header: 0x18 0x20 0xc0 0x0 0x0 0x5 0x7 0x6
[12:32:32]  Tracking : Az 154, El 3.
[12:32:46]  Ping Success at node 5, 468ms
[12:32:54]  [OK]CMD Packet Header: 0x18 0x20 0xc0 0x0 0x0 0x5 0x7 0x6
[12:33:01]  Received Beacon from port : 31.

[12:33:11]  Received Beacon from port : 31.

[12:33:12]  Tracking : Az 152, El 6.
[12:33:21]  [OK]CMD Packet Header: 0x18 0x75 0xc0 0x0 0x0 0x7 0xe 0xb0
[12:33:40]  Ping Success at node 5, 464ms
[12:33:41]  Received Beacon from port : 31.

[12:33:47]  Tracking : Az 151, El 9.
[12:33:51]  Received Beacon from port : 31.

[12:34:01]  Received Beacon from port : 31.

[12:34:08]  Tracking : Az 150, El 11.
[12:34:26]  Tracking : Az 149, El 13.
[12:34:41]  Received Beacon from port : 31.

[12:34:51]  Tracking : Az 147, El 16.
[12:35:01]  Received Beacon from port : 31.

[12:35:03]  [OK]CMD Packet Header: 0x18 0x20 0xc0 0x0 0x0 0x5 0x7 0x1
[12:35:06]  Tracking : Az 145, El 18.
[12:35:19]  Ping Success at node 5, 467ms
[12:35:23]  Tracking : Az 143, El 20.
[12:35:32]  Received Beacon from port : 31.

[12:35:38]  Tracking : Az 142, El 23.
[12:35:42]  Received Beacon from port : 31.

[12:35:52]  Received Beacon from port : 31.

[12:35:54]  Tracking : Az 139, El 25.
[12:35:58]  !!!!!!!!!Received Mission Beacon from port : 31.!!!!!!!!!
[12:36:02]  Received Beacon from port : 31.

[12:36:05]  Tracking : Az 137, El 28.
[12:36:19]  Tracking : Az 134, El 31.
[12:36:22]  Received Beacon from port : 31.

[12:36:29]  Tracking : Az 131, El 33.
[12:36:32]  Received Beacon from port : 31.

[12:36:38]  Tracking : Az 128, El 35.
[12:36:47]  Tracking : Az 125, El 38.
[12:36:54]  Tracking : Az 122, El 39.
[12:37:01]  Tracking : Az 119, El 41.
[12:37:07]  Tracking : Az 116, El 43.
[12:37:12]  Received Beacon from port : 31.

[12:37:13]  Tracking : Az 113, El 45.
[12:37:17]  Tracking : Az 110, El 46.
[12:37:20]  !!!!!!!!!Received Mission Beacon from port : 31.!!!!!!!!!
[12:37:22]  Received Beacon from port : 31.

[12:37:23]  Tracking : Az 106, El 47.
[12:37:27]  Tracking : Az 103, El 48.
[12:37:31]  Tracking : Az 100, El 49.
[12:37:32]  Received Beacon from port : 31.

[12:37:35]  Tracking : Az 97, El 50.
[12:37:38]  Tracking : Az 94, El 50.
[12:37:42]  Received Beacon from port : 31.

[12:37:42]  Tracking : Az 91, El 51.
[12:37:46]  Tracking : Az 87, El 51.
[12:37:49]  Tracking : Az 84, El 52.
[12:37:52]  Tracking : Az 81, El 52.
[12:37:56]  Tracking : Az 78, El 52.
[12:37:59]  Tracking : Az 75, El 52.
[12:38:01]  [OK]CMD Packet Header: 0x18 0x75 0xc0 0x0 0x0 0x5 0x1e 0xa2
[12:38:01]  Received Report from port : 25.
[12:38:03]  Tracking : Az 71, El 52.
[12:38:03]  Received Report from port : 25.
[12:38:05]  Received Report from port : 25.
[12:38:07]  Received Beacon from port : 31.

[12:38:08]  Tracking : Az 66, El 52.
[12:38:09]  !!!!!!!!!Received Mission Beacon from port : 31.!!!!!!!!!
[12:38:12]  Tracking : Az 62, El 51.
[12:38:15]  [OK]CMD Packet Header: 0x18 0x50 0xc0 0x0 0x0 0x1 0x6 0x70
[12:38:16]  Received Report from port : 25.
[12:38:16]  Tracking : Az 58, El 51.
[12:38:18]  Received Report from port : 25.
[12:38:20]  Received Report from port : 25.
[12:38:21]  Tracking : Az 54, El 50.
[12:38:22]  Received Beacon from port : 31.

[12:38:24]  Tracking : Az 51, El 50.
[12:38:28]  Tracking : Az 48, El 49.
[12:38:32]  Received Beacon from port : 31.

[12:38:32]  Tracking : Az 45, El 48.
[12:38:37]  Tracking : Az 41, El 47.
[12:38:41]  Tracking : Az 38, El 46.
[12:38:42]  Received Beacon from port : 31.

[12:38:44]  !!!!!!!!!Received Mission Beacon from port : 31.!!!!!!!!!
[12:38:46]  Tracking : Az 35, El 45.
[12:38:52]  Received Beacon from port : 31.

[12:38:52]  Tracking : Az 32, El 43.
[12:38:58]  Tracking : Az 29, El 41.
[12:39:02]  Received Beacon from port : 31.

[12:39:03]  Tracking : Az 26, El 40.
[12:39:12]  Received Beacon from port : 31.

[12:39:13]  Tracking : Az 22, El 37.
[12:39:21]  Tracking : Az 19, El 35.
[12:39:22]  Received Beacon from port : 31.

[12:39:31]  Tracking : Az 16, El 33.
[12:39:32]  Received Beacon from port : 31.

[12:39:42]  Received Beacon from port : 31.

[12:39:42]  Tracking : Az 14, El 30.
[12:39:52]  Received Beacon from port : 31.

[12:39:52]  Tracking : Az 11, El 28.
[12:40:02]  Received Beacon from port : 31.

[12:40:06]  Tracking : Az 9, El 25.
[12:40:21]  Tracking : Az 6, El 23.
[12:40:22]  Received Beacon from port : 31.

[12:40:25]  [OK]CMD Packet Header: 0x18 0x20 0xc0 0x0 0x0 0x5 0x6 0x0
[12:40:39]  [OK]CMD Packet Header: 0x18 0x75 0xc0 0x0 0x0 0x7 0xe 0xb1
[12:40:40]  Received Report from port : 25.
[12:40:40]  Tracking : Az 4, El 19.
[12:40:42]  Received Report from port : 25.
[12:40:44]  Received Report from port : 25.
[12:40:46]  Received Beacon from port : 31.

[12:40:52]  Received Beacon from port : 31.

[12:41:02]  Received Beacon from port : 31.

[12:41:06]  Tracking : Az 1, El 16.
[12:41:15]  [OK]CMD Packet Header: 0x18 0x20 0xc0 0x0 0x0 0x5 0x6 0x7
[12:41:23]  Ping Success at node 5, 464ms
[12:41:30]  [OK]CMD Packet Header: 0x18 0x75 0xc0 0x0 0x0 0x1 0x1a 0x49
[12:41:31]  Received Report from port : 25.
[12:41:32]  Tracking : Az 359, El 13.
[12:41:33]  Received Report from port : 25.
[12:41:34]  Tracking : Az 359, El 12.
[12:41:35]  Received Report from port : 25.
[12:41:36]  Tracking : Az 359, El 12.
[12:41:38]  Tracking : Az 359, El 12.
[12:41:40]  Tracking : Az 359, El 12.
[12:41:42]  Tracking : Az 359, El 12.
[12:41:44]  Tracking : Az 359, El 11.
[12:41:46]  Tracking : Az 359, El 11.
[12:41:48]  Tracking : Az 358, El 11.
[12:41:50]  Tracking : Az 358, El 11.
[12:41:52]  Tracking : Az 358, El 11.
[12:41:54]  Tracking : Az 358, El 10.
[12:41:56]  Tracking : Az 358, El 10.
[12:41:58]  Tracking : Az 358, El 10.
[12:42:00]  Tracking : Az 358, El 10.
[12:42:02]  Tracking : Az 358, El 10.
[12:42:04]  Tracking : Az 358, El 9.
[12:42:06]  Tracking : Az 358, El 9.
[12:42:08]  Tracking : Az 357, El 9.
[12:42:10]  Tracking : Az 357, El 9.
[12:42:12]  Tracking : Az 357, El 9.
[12:42:14]  Tracking : Az 357, El 8.
[12:42:16]  Tracking : Az 357, El 8.
[12:42:18]  Tracking : Az 357, El 8.
[12:42:20]  Tracking : Az 357, El 8.
[12:42:22]  Tracking : Az 357, El 8.
[12:42:24]  Tracking : Az 357, El 8.
[12:42:26]  Tracking : Az 357, El 7.
[12:42:28]  Tracking : Az 357, El 7.
[12:42:30]  Tracking : Az 356, El 7.
[12:42:49]  [OK]CMD Packet Header: 0x18 0x75 0xc0 0x0 0x0 0x1 0x1a 0x0
[12:42:50]  Received Report from port : 25.
[12:42:52]  Received Report from port : 25.
[12:42:54]  Received Report from port : 25.
[12:43:08]  [OK]CMD Packet Header: 0x18 0x75 0xc0 0x0 0x0 0x1 0x14 0x47
[12:43:08]  Received Report from port : 25.
[12:43:10]  Received Report from port : 25.
[12:43:12]  Received Report from port : 25.
[12:43:15]  Tracking : Az 355, El 3.
[12:43:23]  Forked Safe Amplifier Process. (OFF)
[12:43:26]  Finish Engaging.
[12:43:26]  Beacon Success : 33, Ping Success : 5
[12:43:27]  Tracking : Az 0, El 0.
[23:19:49]  TLE "active" Download Completed.
[23:20:00]  Start Engaging.
[23:20:00]  Tracking : Az 36, El 0.
[23:20:02]  Start Doppler Correction.
[23:20:02]  Tracking : Az 36, El 0.
[23:20:04]  Tracking : Az 36, El 0.
[23:20:06]  Tracking : Az 36, El 0.
[00:25:51]  Forked Safe Amplifier Process.(ON, Timer)
[00:25:56]  Tracking : Az 38, El 0.
[00:25:59]  Ping Failed.
[00:26:17]  Ping Failed.
[00:26:24]  Tracking : Az 41, El 1.
[00:26:24]  Ping Failed.
[00:26:26]  Tracking : Az 41, El 1.
[00:26:39]  Ping Failed.
[00:26:49]  Tracking : Az 44, El 3.
[00:26:51]  Tracking : Az 44, El 3.
[00:26:56]  Ping Failed.
[00:27:01]  Ping Failed.
[00:27:11]  Tracking : Az 47, El 4.
[00:27:13]  Tracking : Az 47, El 4.
[00:27:15]  Ping Success at node 5, 469ms
[00:27:18]  [OK]CMD Packet Header: 0x18 0x75 0xc0 0x0 0x0 0x1 0x14 0x47
[00:27:19]  Received Report from port : 25.
[00:27:21]  Received Report from port : 25.
[00:27:23]  Received Report from port : 25.
[00:27:32]  Tracking : Az 50, El 5.
[00:27:34]  Tracking : Az 50, El 5.
[00:27:44]  [OK]CMD Packet Header: 0x18 0x75 0xc0 0x0 0x0 0x5 0x1e 0xa2
[00:27:45]  Received Report from port : 25.
[00:27:57]  [OK]CMD Packet Header: 0x18 0x50 0xc0 0x0 0x0 0x1 0x6 0x70
[00:27:58]  Tracking : Az 54, El 6.
[00:27:58]  Received Report from port : 25.
[00:28:00]  Tracking : Az 54, El 6.
[00:28:04]  Tracking : Az 55, El 6.
[00:28:09]  [OK]CMD Packet Header: 0x18 0x75 0xc0 0x0 0x0 0x1 0x14 0x47
[00:28:15]  Ping Success at node 5, 474ms
[00:28:17]  [OK]CMD Packet Header: 0x18 0x75 0xc0 0x0 0x0 0x1 0x14 0x47
[00:28:19]  Received Report from port : 25.
[00:28:21]  Tracking : Az 58, El 7.
[00:28:23]  Tracking : Az 58, El 7.
[00:28:29]  Ping Success at node 5, 474ms
[00:28:30]  [OK]CMD Packet Header: 0x18 0x75 0xc0 0x0 0x0 0x1 0x14 0x47
[00:28:32]  Tracking : Az 60, El 8.
[00:28:34]  Tracking : Az 60, El 8.
[00:28:43]  [OK]CMD Packet Header: 0x18 0x75 0xc0 0x0 0x0 0x1 0x14 0x47
[00:28:47]  Tracking : Az 63, El 8.
[00:28:49]  Tracking : Az 63, El 8.
[00:28:53]  Tracking : Az 64, El 9.
[00:28:57]  [OK]CMD Packet Header: 0x18 0x75 0xc0 0x0 0x0 0x1 0x14 0x47
[00:28:59]  Received Report from port : 25.
[00:29:09]  [OK]CMD Packet Header: 0x18 0x75 0xc0 0x0 0x0 0x1 0x14 0x47
[00:29:12]  Tracking : Az 68, El 9.
[00:29:14]  Tracking : Az 68, El 9.
[00:29:17]  AX100 Boot Count : 192
[00:29:21]  [OK]CMD Packet Header: 0x18 0x75 0xc0 0x0 0x0 0x1 0x14 0x47
[00:29:25]  Tracking : Az 71, El 10.
[00:29:27]  Tracking : Az 71, El 10.
[00:29:31]  Ping Success at node 5, 460ms
[00:29:33]  [OK]CMD Packet Header: 0x18 0x75 0xc0 0x0 0x0 0x1 0x14 0x47
[00:29:35]  Tracking : Az 73, El 10.
[00:29:37]  Tracking : Az 73, El 10.
[00:29:47]  Tracking : Az 76, El 10.
[00:29:48]  [OK]CMD Packet Header: 0x18 0x75 0xc0 0x0 0x0 0x1 0x14 0x47
[00:29:49]  Tracking : Az 76, El 10.
[00:29:49]  Received Report from port : 25.
[00:29:51]  Received Report from port : 25.
[00:29:53]  Tracking : Az 77, El 11.
[00:29:58]  [OK]CMD Packet Header: 0x18 0x75 0xc0 0x0 0x0 0x1 0x14 0x47
[00:30:00]  Tracking : Az 79, El 11.
[00:30:02]  Tracking : Az 79, El 11.
[00:30:08]  Ping Failed.
[00:30:10]  Tracking : Az 81, El 11.
[00:30:12]  Tracking : Az 82, El 11.
[00:30:17]  Ping Failed.
[00:30:21]  Tracking : Az 84, El 11.
[00:30:23]  Tracking : Az 84, El 11.
[00:30:29]  Ping Failed.
[00:30:33]  Tracking : Az 87, El 11.
[00:30:35]  Tracking : Az 87, El 11.
[00:30:35]  Ping Success at node 5, 462ms
[00:30:37]  [OK]CMD Packet Header: 0x18 0x75 0xc0 0x0 0x0 0x1 0x14 0x47
[00:30:39]  Received Report from port : 25.
[00:30:41]  Received Report from port : 25.
[00:30:45]  Tracking : Az 90, El 11.
[00:30:47]  Tracking : Az 90, El 11.
[00:30:49]  [OK]CMD Packet Header: 0x18 0x75 0xc0 0x0 0x0 0x1 0x14 0x47
[00:30:50]  Received Report from port : 25.
[00:30:52]  Received Report from port : 25.
[00:30:53]  Tracking : Az 92, El 11.
[00:30:54]  Received Report from port : 25.
[00:31:05]  Tracking : Az 95, El 11.
[00:31:07]  Tracking : Az 95, El 11.
[00:31:12]  [OK]CMD Packet Header: 0x18 0x50 0xc0 0x0 0x0 0x1 0x6 0x70
[00:31:13]  Tracking : Az 97, El 11.
[00:31:13]  Received Report from port : 25.
[00:31:15]  Received Report from port : 25.
[00:31:17]  Received Report from port : 25.
[00:31:25]  Tracking : Az 100, El 11.
[00:31:27]  Tracking : Az 100, El 11.
[00:31:27]  [OK]CMD Packet Header: 0x18 0x75 0xc0 0x0 0x0 0x1 0x14 0x47
[00:31:28]  Received Report from port : 25.
[00:31:30]  Received Report from port : 25.
[00:31:32]  Received Report from port : 25.
[00:31:36]  [OK]CMD Packet Header: 0x18 0x75 0xc0 0x0 0x0 0x1 0x17 0x0
[00:31:37]  Tracking : Az 103, El 11.
[00:31:37]  Received Report from port : 25.
[00:31:39]  Tracking : Az 103, El 11.
[00:31:39]  Received Report from port : 25.
[00:31:41]  Received Report from port : 25.
[00:31:43]  Tracking : Az 104, El 11.
[00:31:46]  Tracking : Az 105, El 11.
[00:31:46]  Forked Safe Amplifier Process. (OFF)
[00:31:49]  Finish Engaging.
[00:31:49]  Beacon Success : 0, Ping Success : 5
[00:31:49]  Tracking : Az 0, El 0.
[12:48:42]  Start Engaging.
[12:48:42]  Tracking : Az 165, El 0.
[12:48:44]  Tracking : Az 165, El 0.
[12:48:45]  Start Doppler Correction.
[12:48:46]  Tracking : Az 165, El 0.
[12:48:48]  Tracking : Az 165, El 0.
[12:48:50]  Tracking : Az 165, El 0.
[12:48:52]  Tracking : Az 165, El 0.
[12:48:54]  Tracking : Az 165, El 0.
[12:48:56]  Tracking : Az 165, El 0.
[12:48:58]  Tracking : Az 165, El 0.
[12:49:00]  Tracking : Az 165, El 0.
[12:49:02]  Tracking : Az 165, El 0.
[12:49:04]  Tracking : Az 165, El 1.
[12:49:06]  Tracking : Az 165, El 1.
[12:49:08]  Tracking : Az 165, El 1.
[12:49:10]  Tracking : Az 165, El 1.
[12:49:46]  Tracking : Az 165, El 4.
[12:50:17]  Forked Safe Amplifier Process.(ON, Timer)
[12:50:19]  Ping Success at node 5, 478ms
[12:50:23]  Tracking : Az 165, El 7.
[12:50:24]  [OK]CMD Packet Header: 0x18 0x75 0xc0 0x0 0x0 0x1 0x17 0x44
[12:50:32]  Ping Success at node 5, 476ms
[12:50:34]  [OK]CMD Packet Header: 0x18 0x75 0xc0 0x0 0x0 0x1 0x14 0x47
[12:50:35]  Received Report from port : 25.
[12:50:37]  Received Report from port : 25.
[12:50:39]  Received Report from port : 25.
[12:50:46]  Tracking : Az 165, El 9.
[12:50:52]  [OK]CMD Packet Header: 0x18 0x50 0xc0 0x0 0x0 0x1 0x6 0x70
[12:50:53]  Received Report from port : 25.
[12:50:55]  Received Report from port : 25.
[12:50:57]  Received Report from port : 25.
[12:51:00]  [OK]CMD Packet Header: 0x18 0x75 0xc0 0x0 0x0 0x5 0x1e 0xa2
[12:51:01]  Received Report from port : 25.
[12:51:03]  Received Report from port : 25.
[12:51:05]  Received Report from port : 25.
[12:51:06]  Tracking : Az 165, El 11.
[12:51:12]  [OK]CMD Packet Header: 0x18 0x75 0xc0 0x0 0x0 0x1 0x14 0x47
[12:51:13]  Received Report from port : 25.
[12:51:15]  Received Report from port : 25.
[12:51:17]  Received Report from port : 25.
[12:51:22]  Forked Safe Amplifier Process. (OFF)
[12:51:24]  Tracking : Az 165, El 13.
[12:51:26]  Finish Engaging.
[12:51:26]  Beacon Success : 0, Ping Success : 2
