2026-01-23 12:41
[12:42:12]  Connect to Switch Box.............Success.
[12:42:12]  Connect to Rotator................Success.
[12:42:12]  Connect to GS100..................Success.
[12:42:12]  TM Port 13 bind success.
[12:42:12]  BCN Port 31 bind success.
[12:42:12]  RPT Port 25 bind success.
[12:42:12]  Event Port 27 bind success.
[12:42:12]  COSMIC Beacon Port 23 bind success.
[12:42:12]  COSMIC Report Port 24 bind success.
[12:42:31]  TLE "cubesat" Download Completed.
[12:43:52]  Start Engaging.
[12:43:52]  Tracking : Az 173, El 0.
[12:43:54]  Start Doppler Correction.
[12:43:54]  Start Doppler Correction.
[12:43:54]  Tracking : Az 173, El 0.
[12:43:56]  Tracking : Az 173, El 0.
[12:43:58]  Tracking : Az 173, El 0.
[12:44:00]  Tracking : Az 173, El 0.
[12:44:02]  Tracking : Az 173, El 0.
[12:44:04]  Tracking : Az 173, El 0.
[12:44:06]  Tracking : Az 173, El 0.
[12:44:08]  Tracking : Az 173, El 0.
[12:44:10]  Tracking : Az 173, El 0.
[12:44:12]  Tracking : Az 173, El 0.
[12:44:14]  Tracking : Az 173, El 0.
[12:44:16]  Tracking : Az 173, El 0.
[12:44:18]  Tracking : Az 173, El 0.
[12:44:20]  Tracking : Az 173, El 0.
[12:44:22]  Tracking : Az 173, El 0.
[13:03:41]  Forked Safe Amplifier Process.(ON, Timer)
[13:03:49]  Ping Failed.
[13:04:02]  Ping Failed.
[13:04:05]  Tracking : Az 174, El 3.
[13:04:07]  Tracking : Az 174, El 3.
[13:04:26]  Ping Failed.
[13:04:32]  Tracking : Az 175, El 5.
[13:04:47]  Ping Failed.
[13:04:57]  Ping Failed.
[13:04:58]  Tracking : Az 176, El 7.
[13:05:05]  Ping Success at node 5, 473ms
[13:05:09]  Ping Success at node 5, 475ms
[13:05:13]  AX100 Boot Count : 22247
[13:05:16]  Remote Param Control OK.(No Reply)
[13:05:18]  Remote Param Control OK.(No Reply)
[13:05:19]  Tracking : Az 177, El 9.
[13:05:27]  Ping Failed at node 3.
[13:05:29]  Ping Success at node 5, 467ms
[13:05:34]  Ping Failed at node 3.
[13:05:36]  Ping Success at node 5, 469ms
[13:05:39]  Tracking : Az 177, El 11.
[13:05:41]  Ping Failed at node 3.
[13:05:58]  Tracking : Az 178, El 13.
[13:06:15]  Tracking : Az 179, El 15.
[13:06:37]  Tracking : Az 180, El 18.
[13:06:57]  Tracking : Az 182, El 21.
[13:07:14]  Tracking : Az 184, El 24.
[13:07:23]  Ping Success at node 5, 458ms
[13:07:29]  Tracking : Az 185, El 27.
[13:07:42]  Tracking : Az 187, El 30.
[13:07:54]  Tracking : Az 189, El 33.
[13:08:05]  Tracking : Az 192, El 36.
[13:08:15]  Tracking : Az 194, El 39.
[13:08:23]  Tracking : Az 197, El 41.
[13:08:29]  Tracking : Az 199, El 43.
[13:08:36]  Tracking : Az 201, El 46.
[13:08:39]  Tracking : Az 203, El 47.
[13:08:45]  Tracking : Az 206, El 49.
[13:08:48]  Tracking : Az 208, El 50.
[13:08:54]  Tracking : Az 211, El 52.
[13:08:59]  Tracking : Az 215, El 54.
[13:09:02]  Tracking : Az 217, El 55.
[13:09:06]  Tracking : Az 221, El 57.
[13:09:08]  Tracking : Az 223, El 57.
[13:09:11]  Tracking : Az 226, El 58.
[13:09:14]  Tracking : Az 229, El 59.
[13:09:17]  Tracking : Az 232, El 60.
[13:09:19]  Tracking : Az 235, El 60.
[13:09:22]  Tracking : Az 238, El 61.
[13:09:24]  Tracking : Az 241, El 61.
[13:09:26]  Tracking : Az 244, El 62.
[13:09:29]  Tracking : Az 248, El 62.
[13:09:31]  Tracking : Az 251, El 62.
[13:09:34]  Tracking : Az 255, El 62.
[13:09:36]  Tracking : Az 258, El 63.
[13:09:39]  Tracking : Az 262, El 62.
[13:09:41]  Tracking : Az 265, El 62.
[13:09:44]  Tracking : Az 270, El 62.
[13:09:46]  Tracking : Az 272, El 62.
[13:09:49]  Tracking : Az 276, El 61.
[13:09:51]  Tracking : Az 279, El 61.
[13:09:53]  Tracking : Az 282, El 61.
[13:09:56]  Tracking : Az 285, El 60.
[13:09:59]  Tracking : Az 289, El 59.
[13:10:02]  Tracking : Az 292, El 58.
[13:10:04]  Tracking : Az 294, El 57.
[13:10:08]  Tracking : Az 298, El 56.
[13:10:11]  Tracking : Az 300, El 55.
[13:10:16]  Tracking : Az 304, El 53.
[13:10:19]  Tracking : Az 306, El 52.
[13:10:23]  Tracking : Az 309, El 51.
[13:10:28]  Tracking : Az 312, El 49.
[13:10:34]  Tracking : Az 315, El 47.
[13:10:40]  Tracking : Az 317, El 45.
[13:10:47]  Tracking : Az 320, El 42.
[13:10:51]  Ping Success at node 5, 457ms
[13:10:53]  Tracking : Az 322, El 40.
[13:10:57]  AX100 Boot Count : 22247
[13:11:02]  Tracking : Az 324, El 37.
[13:11:03]  AX100 Boot Count : 22247
[13:11:12]  Tracking : Az 327, El 34.
[13:11:13]  Remote Param Control OK.(No Reply)
[13:11:18]  Remote Param Control OK. csp_rtable : 0/0 AX100, 3/5 CAN
[13:11:24]  Tracking : Az 329, El 31.
[13:11:36]  Tracking : Az 331, El 28.
[13:11:50]  Tracking : Az 333, El 25.
[13:12:11]  Tracking : Az 335, El 21.
[13:12:37]  Tracking : Az 337, El 17.
[13:12:41]  Ping Success at node 5, 464ms
[13:12:48]  Ping Failed at node 3.
[13:12:53]  Ping Failed at node 3.
[13:12:55]  Ping Success at node 5, 473ms
[13:12:59]  Tracking : Az 338, El 14.
[13:13:01]  Ping Success at node 5, 461ms
[13:13:12]  Ping Success at node 5, 466ms
[13:13:19]  Ping Failed at node 3.
[13:13:23]  Ping Success at node 5, 474ms
[13:13:25]  Tracking : Az 340, El 11.
[13:13:29]  Ping Failed at node 3.
[13:13:45]  Ping Success at node 5, 471ms
[13:14:06]  Tracking : Az 341, El 7.
[13:14:12]  Ping Success at node 5, 464ms
[13:14:16]  AX100 Boot Count : 22247
[13:14:18]  Remote Param Control OK. can_en : true
[13:14:22]  Ping Success at node 5, 467ms
[13:14:27]  Ping Failed at node 3.
[13:14:42]  Forked Safe Amplifier Process. (OFF)
[13:14:44]  Tracking : Az 343, El 4.
[13:14:50]  Finish Engaging.
[13:14:50]  Beacon Success : 0, Ping Success : 14
[13:14:53]  Tracking : Az 0, El 0.
