2025-12-15 00:35
[00:35:08]  Connect to Switch Box.............Success.
[00:35:08]  Connect to Rotator................Success.
[00:35:08]  Connect to GS100..................Success.
[00:35:08]  TM Port 13 bind success.
[00:35:08]  BCN Port 31 bind success.
[00:35:08]  RPT Port 25 bind success.
[00:36:54]  TLE "cubesat" Download Completed.
[00:37:03]  Start Engaging.
[00:37:03]  Tracking : Az 30, El 0.
[00:37:04]  Start Doppler Correction.
[00:37:05]  Tracking : Az 30, El 0.
[00:37:07]  Tracking : Az 30, El 0.
[00:37:09]  Tracking : Az 30, El 0.
[00:41:35]  Forked Safe Amplifier Process.(ON, Timer)
[00:41:37]  Tracking : Az 33, El 1.
[00:42:08]  Tracking : Az 36, El 3.
[00:42:14]  Ping Failed.
[00:42:26]  Ping Failed.
[00:42:36]  Tracking : Az 39, El 5.
[00:42:41]  Ping Failed.
[00:42:52]  Tracking : Az 41, El 6.
[00:42:59]  Ping Success at node 5, 473ms
[00:43:08]  [OK]CMD Packet Header: 0x18 0x75 0xc0 0x0 0x0 0x1 0x14 0x47
[00:43:15]  Tracking : Az 44, El 7.
[00:43:27]  [OK]CMD Packet Header: 0x18 0x75 0xc0 0x0 0x0 0x1 0x14 0x47
[00:43:34]  Tracking : Az 46, El 9.
[00:43:35]  [OK]CMD Packet Header: 0x18 0x75 0xc0 0x0 0x0 0x1 0x14 0x47
