2025-12-24 01:12
[01:13:16]  Connect to Switch Box.............Success.
[01:13:16]  Connect to Rotator................Success.
[01:13:16]  Connect to GS100..................Success.
[01:13:16]  TM Port 13 bind success.
[01:13:16]  BCN Port 31 bind success.
[01:13:16]  RPT Port 25 bind success.
[01:13:16]  Event Port 27 bind success.
[01:13:16]  COSMIC Beacon Port 23 bind success.
[01:13:16]  COSMIC Report Port 24 bind success.
[01:17:09]  TLE "cubesat" Download Completed.
[01:17:19]  TLE "cubesat" Download Completed.
[01:29:01]  Start Engaging.
[01:29:01]  Tracking : Az 12, El 0.
[01:29:02]  Start Doppler Correction.
[01:29:03]  Tracking : Az 12, El 0.
[01:35:56]  Forked Safe Amplifier Process.(ON, Timer)
[01:36:18]  Tracking : Az 12, El 3.
[01:36:41]  Ping Failed.
[01:36:55]  Ping Failed.
[01:36:58]  Tracking : Az 13, El 6.
[01:37:11]  Ping Failed.
[01:37:25]  Ping Failed.
[01:37:33]  Tracking : Az 13, El 9.
[01:37:36]  Ping Failed.
[01:37:46]  Ping Failed.
[01:38:03]  Tracking : Az 13, El 12.
[01:38:08]  Ping Failed.
[01:38:29]  Tracking : Az 14, El 15.
[01:38:37]  Ping Success at node 5, 473ms
[01:38:40]  Ping Success at node 5, 469ms
[01:38:42]  AX100 Boot Count : 22226
[01:38:51]  Tracking : Az 14, El 18.
[01:39:00]  [OBC]Ping Failed.
[01:39:03]  Ping Success at node 3, 476ms
[01:39:10]  Tracking : Az 15, El 21.
[01:39:27]  Tracking : Az 15, El 24.
[01:39:37]  [OK]CMD Packet Header: 0x18 0x23 0xc0 0x0 0x0 0x1 0x1b 0x1e
[01:39:37]  [OK]CMD Packet Header: 0x18 0x23 0xc0 0x0 0x0 0x8 0x2 0x18
[01:39:37]  [OK]CMD Packet Header: 0x18 0x19 0xc0 0x0 0x0 0x5 0x0 0x29
[01:39:38]  !!!!!!!!!Received COSMIC Beacon from port : 23.!!!!!!!!!

[01:39:38]  !!!!!!!!!Received COSMIC Report from port : 23.!!!!!!!!!

[01:39:38]  Received Report from port : 23.
[01:39:41]  Tracking : Az 16, El 27.
[01:39:47]  !!!!!!!!!Received COSMIC Beacon from port : 23.!!!!!!!!!

[01:39:47]  !!!!!!!!!Received COSMIC Report from port : 23.!!!!!!!!!

[01:39:47]  Received Report from port : 23.
[01:39:51]  !!!!!!!!!Received COSMIC Beacon from port : 23.!!!!!!!!!

[01:39:51]  !!!!!!!!!Received COSMIC Report from port : 23.!!!!!!!!!

[01:39:51]  Received Report from port : 23.
[01:39:53]  !!!!!!!!!Received COSMIC Beacon from port : 23.!!!!!!!!!

[01:39:53]  !!!!!!!!!Received COSMIC Report from port : 23.!!!!!!!!!

[01:39:53]  Received Report from port : 23.
[01:39:54]  Tracking : Az 16, El 30.
[01:40:06]  Tracking : Az 17, El 33.
[01:40:10]  [OK]CMD Packet Header: 0x18 0x23 0xc0 0x0 0x0 0x1 0x1b 0x1e
[01:40:10]  [OK]CMD Packet Header: 0x18 0x23 0xc0 0x0 0x0 0x8 0x2 0x18
[01:40:11]  [OK]CMD Packet Header: 0x18 0x19 0xc0 0x0 0x0 0x5 0x0 0x29
[01:40:11]  !!!!!!!!!Received COSMIC Beacon from port : 23.!!!!!!!!!

[01:40:11]  !!!!!!!!!Received COSMIC Report from port : 23.!!!!!!!!!

[01:40:11]  Received Report from port : 23.
[01:40:16]  Tracking : Az 17, El 36.
[01:40:16]  [OK]CMD Packet Header: 0x18 0x23 0xc0 0x0 0x0 0x1 0x1b 0x1e
[01:40:17]  [OK]CMD Packet Header: 0x18 0x23 0xc0 0x0 0x0 0x8 0x2 0x18
[01:40:17]  [OK]CMD Packet Header: 0x18 0x19 0xc0 0x0 0x0 0x5 0x0 0x29
[01:40:18]  !!!!!!!!!Received COSMIC Beacon from port : 23.!!!!!!!!!

[01:40:18]  !!!!!!!!!Received COSMIC Report from port : 23.!!!!!!!!!

[01:40:18]  Received Report from port : 23.
[01:40:25]  Tracking : Az 18, El 39.
[01:40:31]  [OK]CMD Packet Header: 0x18 0x23 0xc0 0x0 0x0 0x1 0x1b 0x1e
[01:40:32]  [OK]CMD Packet Header: 0x18 0x23 0xc0 0x0 0x0 0x8 0x2 0x18
[01:40:32]  [OK]CMD Packet Header: 0x18 0x19 0xc0 0x0 0x0 0x5 0x0 0x29
[01:40:33]  Tracking : Az 18, El 42.
[01:40:36]  !!!!!!!!!Received COSMIC Beacon from port : 23.!!!!!!!!!

[01:40:36]  !!!!!!!!!Received COSMIC Report from port : 23.!!!!!!!!!

[01:40:36]  Received Report from port : 23.
[01:40:38]  !!!!!!!!!Received COSMIC Beacon from port : 23.!!!!!!!!!

[01:40:38]  !!!!!!!!!Received COSMIC Report from port : 23.!!!!!!!!!

[01:40:38]  Received Report from port : 23.
[01:40:41]  Tracking : Az 19, El 45.
[01:40:42]  !!!!!!!!!Received COSMIC Beacon from port : 23.!!!!!!!!!

[01:40:42]  !!!!!!!!!Received COSMIC Report from port : 23.!!!!!!!!!

[01:40:42]  Received Report from port : 23.
[01:40:44]  !!!!!!!!!Received COSMIC Beacon from port : 23.!!!!!!!!!

[01:40:44]  !!!!!!!!!Received COSMIC Report from port : 23.!!!!!!!!!

[01:40:44]  Received Report from port : 23.
[01:40:48]  Tracking : Az 20, El 48.
[01:40:55]  Tracking : Az 21, El 51.
[01:41:00]  [OK]CMD Packet Header: 0x18 0x23 0xc0 0x0 0x0 0x1 0x1b 0x1e
[01:41:00]  [OK]CMD Packet Header: 0x18 0x23 0xc0 0x0 0x0 0x8 0x2 0x18
[01:41:01]  [OK]CMD Packet Header: 0x18 0x19 0xc0 0x0 0x0 0x5 0x0 0x29
[01:41:01]  Tracking : Az 22, El 54.
[01:41:02]  !!!!!!!!!Received COSMIC Beacon from port : 23.!!!!!!!!!

[01:41:02]  !!!!!!!!!Received COSMIC Report from port : 23.!!!!!!!!!

[01:41:02]  Received Report from port : 23.
[01:41:07]  Tracking : Az 23, El 57.
[01:41:09]  [OK]CMD Packet Header: 0x18 0x23 0xc0 0x0 0x0 0x1 0x1b 0x1e
[01:41:09]  [OK]CMD Packet Header: 0x18 0x23 0xc0 0x0 0x0 0x8 0x2 0x18
[01:41:10]  [OK]CMD Packet Header: 0x18 0x19 0xc0 0x0 0x0 0x5 0x0 0x29
[01:41:10]  Tracking : Az 24, El 59.
[01:41:11]  !!!!!!!!!Received COSMIC Beacon from port : 23.!!!!!!!!!

[01:41:11]  !!!!!!!!!Received COSMIC Report from port : 23.!!!!!!!!!

[01:41:11]  Received Report from port : 23.
[01:41:16]  Tracking : Az 26, El 62.
[01:41:17]  !!!!!!!!!Received COSMIC Beacon from port : 23.!!!!!!!!!

[01:41:17]  !!!!!!!!!Received COSMIC Report from port : 23.!!!!!!!!!

[01:41:17]  Received Report from port : 23.
[01:41:19]  Tracking : Az 27, El 64.
[01:41:21]  !!!!!!!!!Received COSMIC Beacon from port : 23.!!!!!!!!!

[01:41:21]  !!!!!!!!!Received COSMIC Report from port : 23.!!!!!!!!!

[01:41:21]  Received Report from port : 23.
[01:41:23]  [OK]CMD Packet Header: 0x18 0x23 0xc0 0x0 0x0 0x1 0x1b 0x1e
[01:41:23]  [OK]CMD Packet Header: 0x18 0x23 0xc0 0x0 0x0 0x8 0x2 0x18
[01:41:23]  [OK]CMD Packet Header: 0x18 0x19 0xc0 0x0 0x0 0x5 0x0 0x29
[01:41:24]  Tracking : Az 29, El 67.
[01:41:24]  !!!!!!!!!Received COSMIC Beacon from port : 23.!!!!!!!!!

[01:41:24]  !!!!!!!!!Received COSMIC Report from port : 23.!!!!!!!!!

[01:41:24]  Received Report from port : 23.
[01:41:29]  Tracking : Az 32, El 70.
[01:41:32]  Tracking : Az 35, El 72.
[01:41:36]  Tracking : Az 39, El 74.
[01:41:37]  [OK]CMD Packet Header: 0x18 0x23 0xc0 0x0 0x0 0x1 0x1b 0x1e
[01:41:37]  [OK]CMD Packet Header: 0x18 0x23 0xc0 0x0 0x0 0x8 0x2 0x18
[01:41:38]  [OK]CMD Packet Header: 0x18 0x19 0xc0 0x0 0x0 0x5 0x0 0x29
[01:41:39]  !!!!!!!!!Received COSMIC Beacon from port : 23.!!!!!!!!!

[01:41:39]  !!!!!!!!!Received COSMIC Report from port : 23.!!!!!!!!!

[01:41:39]  Received Report from port : 23.
[01:41:39]  Tracking : Az 43, El 76.
[01:41:41]  Tracking : Az 46, El 77.
[01:41:43]  Tracking : Az 51, El 78.
[01:41:45]  Tracking : Az 56, El 79.
[01:41:47]  Tracking : Az 62, El 80.
[01:41:49]  Tracking : Az 70, El 81.
[01:41:51]  [OK]CMD Packet Header: 0x18 0x23 0xc0 0x0 0x0 0x1 0x1b 0x1e
[01:41:51]  [OK]CMD Packet Header: 0x18 0x23 0xc0 0x0 0x0 0x8 0x2 0x18
[01:41:51]  Tracking : Az 79, El 80.
[01:41:51]  [OK]CMD Packet Header: 0x18 0x19 0xc0 0x0 0x0 0x5 0x0 0x29
[01:41:52]  !!!!!!!!!Received COSMIC Beacon from port : 23.!!!!!!!!!

[01:41:52]  !!!!!!!!!Received COSMIC Report from port : 23.!!!!!!!!!

[01:41:52]  Received Report from port : 23.
[01:41:53]  Tracking : Az 107, El 82.
[01:41:55]  Tracking : Az 101, El 80.
[01:41:56]  [OK]CMD Packet Header: 0x18 0x23 0xc0 0x0 0x0 0x1 0x1b 0x1e
[01:41:57]  [OK]CMD Packet Header: 0x18 0x23 0xc0 0x0 0x0 0x8 0x2 0x18
[01:41:57]  [OK]CMD Packet Header: 0x18 0x19 0xc0 0x0 0x0 0x5 0x0 0x29
[01:41:57]  Tracking : Az 128, El 82.
[01:41:58]  !!!!!!!!!Received COSMIC Beacon from port : 23.!!!!!!!!!

[01:41:58]  !!!!!!!!!Received COSMIC Report from port : 23.!!!!!!!!!

[01:41:58]  Received Report from port : 23.
[01:41:59]  Tracking : Az 123, El 80.
[01:42:01]  Tracking : Az 144, El 80.
[01:42:01]  [OK]CMD Packet Header: 0x18 0x23 0xc0 0x0 0x0 0x1 0x1b 0x1e
[01:42:02]  [OK]CMD Packet Header: 0x18 0x23 0xc0 0x0 0x0 0x8 0x2 0x18
[01:42:02]  [OK]CMD Packet Header: 0x18 0x19 0xc0 0x0 0x0 0x5 0x0 0x29
[01:42:03]  Tracking : Az 141, El 80.
[01:42:05]  Tracking : Az 147, El 79.
[01:42:06]  [OK]CMD Packet Header: 0x18 0x23 0xc0 0x0 0x0 0x1 0x1b 0x1e
[01:42:06]  [OK]CMD Packet Header: 0x18 0x23 0xc0 0x0 0x0 0x8 0x2 0x18
[01:42:07]  [OK]CMD Packet Header: 0x18 0x19 0xc0 0x0 0x0 0x5 0x0 0x29
[01:42:07]  Tracking : Az 152, El 78.
[01:42:09]  Tracking : Az 157, El 77.
[01:42:11]  Tracking : Az 160, El 76.
[01:42:11]  [OK]CMD Packet Header: 0x18 0x23 0xc0 0x0 0x0 0x1 0x1b 0x1e
[01:42:12]  [OK]CMD Packet Header: 0x18 0x23 0xc0 0x0 0x0 0x8 0x2 0x18
[01:42:12]  [OK]CMD Packet Header: 0x18 0x19 0xc0 0x0 0x0 0x5 0x0 0x29
[01:42:13]  Tracking : Az 163, El 75.
[01:42:14]  !!!!!!!!!Received COSMIC Beacon from port : 23.!!!!!!!!!

[01:42:14]  !!!!!!!!!Received COSMIC Report from port : 23.!!!!!!!!!

[01:42:14]  Received Report from port : 23.
[01:42:15]  Tracking : Az 166, El 74.
[01:42:16]  [OK]CMD Packet Header: 0x18 0x23 0xc0 0x0 0x0 0x1 0x1b 0x1e
[01:42:16]  [OK]CMD Packet Header: 0x18 0x23 0xc0 0x0 0x0 0x8 0x2 0x18
[01:42:17]  [OK]CMD Packet Header: 0x18 0x19 0xc0 0x0 0x0 0x5 0x0 0x29
[01:42:18]  !!!!!!!!!Received COSMIC Beacon from port : 23.!!!!!!!!!

[01:42:18]  !!!!!!!!!Received COSMIC Report from port : 23.!!!!!!!!!

[01:42:18]  Received Report from port : 23.
[01:42:19]  Tracking : Az 170, El 71.
[01:42:22]  Tracking : Az 172, El 69.
[01:42:26]  Tracking : Az 174, El 67.
[01:42:29]  [OK]CMD Packet Header: 0x18 0x23 0xc0 0x0 0x0 0x1 0x1b 0x1e
[01:42:30]  [OK]CMD Packet Header: 0x18 0x23 0xc0 0x0 0x0 0x8 0x2 0x18
[01:42:30]  [OK]CMD Packet Header: 0x18 0x19 0xc0 0x0 0x0 0x5 0x0 0x29
[01:42:31]  !!!!!!!!!Received COSMIC Beacon from port : 23.!!!!!!!!!

[01:42:31]  !!!!!!!!!Received COSMIC Report from port : 23.!!!!!!!!!

[01:42:31]  Received Report from port : 23.
[01:42:31]  Tracking : Az 177, El 64.
[01:42:35]  Tracking : Az 178, El 61.
[01:42:41]  Tracking : Az 180, El 58.
[01:42:44]  Tracking : Az 181, El 56.
[01:42:47]  !!!!!!!!!Received COSMIC Beacon from port : 23.!!!!!!!!!

[01:42:47]  !!!!!!!!!Received COSMIC Report from port : 23.!!!!!!!!!

[01:42:47]  Received Report from port : 23.
[01:42:50]  Tracking : Az 182, El 53.
[01:42:51]  !!!!!!!!!Received COSMIC Beacon from port : 23.!!!!!!!!!

[01:42:51]  !!!!!!!!!Received COSMIC Report from port : 23.!!!!!!!!!

[01:42:51]  Received Report from port : 23.
[01:42:53]  !!!!!!!!!Received COSMIC Beacon from port : 23.!!!!!!!!!

[01:42:53]  !!!!!!!!!Received COSMIC Report from port : 23.!!!!!!!!!

[01:42:53]  Received Report from port : 23.
[01:42:56]  Tracking : Az 183, El 50.
[01:43:04]  [OK]CMD Packet Header: 0x18 0x23 0xc0 0x0 0x0 0x1 0x1b 0x1e
[01:43:04]  [OK]CMD Packet Header: 0x18 0x23 0xc0 0x0 0x0 0x8 0x2 0x18
[01:43:05]  [OK]CMD Packet Header: 0x18 0x19 0xc0 0x0 0x0 0x5 0x0 0x29
[01:43:05]  Tracking : Az 184, El 46.
[01:43:05]  !!!!!!!!!Received COSMIC Beacon from port : 23.!!!!!!!!!

[01:43:05]  !!!!!!!!!Received COSMIC Report from port : 23.!!!!!!!!!

[01:43:05]  Received Report from port : 23.
[01:43:07]  [OK]CMD Packet Header: 0x18 0x23 0xc0 0x0 0x0 0x1 0x1b 0x1e
[01:43:07]  [OK]CMD Packet Header: 0x18 0x23 0xc0 0x0 0x0 0x8 0x2 0x18
[01:43:08]  [OK]CMD Packet Header: 0x18 0x19 0xc0 0x0 0x0 0x5 0x0 0x29
[01:43:09]  !!!!!!!!!Received COSMIC Beacon from port : 23.!!!!!!!!!

[01:43:09]  !!!!!!!!!Received COSMIC Report from port : 23.!!!!!!!!!

[01:43:09]  Received Report from port : 23.
[01:43:10]  [OK]CMD Packet Header: 0x18 0x23 0xc0 0x0 0x0 0x1 0x1b 0x1e
[01:43:10]  [OK]CMD Packet Header: 0x18 0x23 0xc0 0x0 0x0 0x8 0x2 0x18
[01:43:11]  [OK]CMD Packet Header: 0x18 0x19 0xc0 0x0 0x0 0x5 0x0 0x29
[01:43:11]  !!!!!!!!!Received COSMIC Beacon from port : 23.!!!!!!!!!

[01:43:11]  !!!!!!!!!Received COSMIC Report from port : 23.!!!!!!!!!

[01:43:11]  Received Report from port : 23.
[01:43:12]  Tracking : Az 185, El 43.
[01:43:15]  [OK]CMD Packet Header: 0x18 0x23 0xc0 0x0 0x0 0x1 0x1b 0x1e
[01:43:16]  [OK]CMD Packet Header: 0x18 0x23 0xc0 0x0 0x0 0x8 0x2 0x18
[01:43:16]  [OK]CMD Packet Header: 0x18 0x19 0xc0 0x0 0x0 0x5 0x0 0x29
[01:43:17]  !!!!!!!!!Received COSMIC Beacon from port : 23.!!!!!!!!!

[01:43:17]  !!!!!!!!!Received COSMIC Report from port : 23.!!!!!!!!!

[01:43:17]  Received Report from port : 23.
[01:43:20]  Tracking : Az 185, El 40.
[01:43:30]  Tracking : Az 186, El 37.
[01:43:38]  Tracking : Az 187, El 34.
[01:43:47]  [OK]CMD Packet Header: 0x18 0x23 0xc0 0x0 0x0 0x1 0x1b 0x1e
[01:43:47]  [OK]CMD Packet Header: 0x18 0x23 0xc0 0x0 0x0 0x8 0x2 0x18
[01:43:47]  [OK]CMD Packet Header: 0x18 0x19 0xc0 0x0 0x0 0x5 0x0 0x29
[01:43:48]  !!!!!!!!!Received COSMIC Beacon from port : 23.!!!!!!!!!

[01:43:48]  !!!!!!!!!Received COSMIC Report from port : 23.!!!!!!!!!

[01:43:48]  Received Report from port : 23.
[01:43:51]  [OK]CMD Packet Header: 0x18 0x23 0xc0 0x0 0x0 0x1 0x1b 0x1e
[01:43:51]  [OK]CMD Packet Header: 0x18 0x23 0xc0 0x0 0x0 0x8 0x2 0x18
[01:43:52]  [OK]CMD Packet Header: 0x18 0x19 0xc0 0x0 0x0 0x5 0x0 0x29
[01:43:52]  Tracking : Az 187, El 30.
[01:43:53]  !!!!!!!!!Received COSMIC Beacon from port : 23.!!!!!!!!!

[01:43:53]  !!!!!!!!!Received COSMIC Report from port : 23.!!!!!!!!!

[01:43:53]  Received Report from port : 23.
[01:44:09]  Tracking : Az 188, El 26.
[01:44:28]  Tracking : Az 189, El 22.
[01:44:46]  Tracking : Az 189, El 19.
[01:44:58]  [OK]CMD Packet Header: 0x18 0x23 0xc0 0x0 0x0 0x1 0x1b 0x1e
[01:44:58]  [OK]CMD Packet Header: 0x18 0x23 0xc0 0x0 0x0 0x8 0x2 0x18
[01:44:59]  [OK]CMD Packet Header: 0x18 0x19 0xc0 0x0 0x0 0x5 0x0 0x29
[01:45:00]  !!!!!!!!!Received COSMIC Beacon from port : 23.!!!!!!!!!

[01:45:00]  !!!!!!!!!Received COSMIC Report from port : 23.!!!!!!!!!

[01:45:00]  Received Report from port : 23.
[01:45:03]  !!!!!!!!!Received COSMIC Beacon from port : 23.!!!!!!!!!

[01:45:03]  !!!!!!!!!Received COSMIC Report from port : 23.!!!!!!!!!

[01:45:03]  Received Report from port : 23.
[01:45:07]  !!!!!!!!!Received COSMIC Beacon from port : 23.!!!!!!!!!

[01:45:07]  !!!!!!!!!Received COSMIC Report from port : 23.!!!!!!!!!

[01:45:07]  Received Report from port : 23.
[01:45:07]  AX100 Boot Count : 22226
[01:45:09]  !!!!!!!!!Received COSMIC Beacon from port : 23.!!!!!!!!!

[01:45:09]  !!!!!!!!!Received COSMIC Report from port : 23.!!!!!!!!!

[01:45:09]  Received Report from port : 23.
[01:45:11]  Ping Success at node 5, 470ms
[01:45:13]  !!!!!!!!!Received COSMIC Beacon from port : 23.!!!!!!!!!

[01:45:13]  !!!!!!!!!Received COSMIC Report from port : 23.!!!!!!!!!

[01:45:13]  Received Report from port : 23.
[01:45:13]  Tracking : Az 189, El 15.
[01:45:15]  !!!!!!!!!Received COSMIC Beacon from port : 23.!!!!!!!!!

[01:45:15]  !!!!!!!!!Received COSMIC Report from port : 23.!!!!!!!!!

[01:45:15]  Received Report from port : 23.
[01:45:46]  Tracking : Az 190, El 11.
[01:46:10]  [OK]CMD Packet Header: 0x18 0x23 0xc0 0x0 0x0 0x1 0x1b 0x1e
[01:46:10]  [OK]CMD Packet Header: 0x18 0x23 0xc0 0x0 0x0 0x8 0x2 0x18
[01:46:10]  [OK]CMD Packet Header: 0x18 0x19 0xc0 0x0 0x0 0x5 0x0 0x29
[01:46:11]  !!!!!!!!!Received COSMIC Beacon from port : 23.!!!!!!!!!

[01:46:11]  !!!!!!!!!Received COSMIC Report from port : 23.!!!!!!!!!

[01:46:11]  Received Report from port : 23.
[01:46:26]  AX100 Boot Count : 22226
[01:46:26]  Tracking : Az 190, El 7.
[01:46:30]  Ping Success at node 5, 461ms
[01:46:33]  [OK]CMD Packet Header: 0x18 0x23 0xc0 0x0 0x0 0x1 0x1b 0x1e
[01:46:33]  [OK]CMD Packet Header: 0x18 0x23 0xc0 0x0 0x0 0x8 0x2 0x18
[01:46:34]  [OK]CMD Packet Header: 0x18 0x19 0xc0 0x0 0x0 0x5 0x0 0x29
[01:46:35]  !!!!!!!!!Received COSMIC Beacon from port : 23.!!!!!!!!!

[01:46:35]  !!!!!!!!!Received COSMIC Report from port : 23.!!!!!!!!!

[01:46:35]  Received Report from port : 23.
[01:46:37]  !!!!!!!!!Received COSMIC Beacon from port : 23.!!!!!!!!!

[01:46:37]  !!!!!!!!!Received COSMIC Report from port : 23.!!!!!!!!!

[01:46:37]  Received Report from port : 23.
[01:46:39]  !!!!!!!!!Received COSMIC Beacon from port : 23.!!!!!!!!!

[01:46:39]  !!!!!!!!!Received COSMIC Report from port : 23.!!!!!!!!!

[01:46:39]  Received Report from port : 23.
[01:46:43]  !!!!!!!!!Received COSMIC Beacon from port : 23.!!!!!!!!!

[01:46:43]  !!!!!!!!!Received COSMIC Report from port : 23.!!!!!!!!!

[01:46:43]  Received Report from port : 23.
[01:46:43]  Forked Safe Amplifier Process. (OFF)
[01:46:45]  !!!!!!!!!Received COSMIC Beacon from port : 23.!!!!!!!!!

[01:46:45]  !!!!!!!!!Received COSMIC Report from port : 23.!!!!!!!!!

[01:46:45]  Received Report from port : 23.
[01:46:52]  Finish Engaging.
[01:46:52]  Beacon Success : 0, Ping Success : 5
[01:46:56]  Tracking : Az 0, El 0.
