2026-01-04 13:39
[13:39:50]  Connect to Switch Box.............Success.
[13:39:50]  Connect to Rotator................Success.
[13:39:50]  Connect to GS100..................Success.
[13:39:50]  TM Port 13 bind success.
[13:39:50]  BCN Port 31 bind success.
[13:39:50]  RPT Port 25 bind success.
[13:39:50]  Event Port 27 bind success.
[13:39:50]  COSMIC Beacon Port 23 bind success.
[13:39:50]  COSMIC Report Port 24 bind success.
[13:40:06]  TLE "cubesat" Download Completed.
[13:40:14]  Start Engaging.
[13:40:14]  Tracking : Az 202, El 0.
[13:40:14]  Start Doppler Correction.
[13:40:16]  Tracking : Az 202, El 0.
[13:40:18]  Tracking : Az 202, El 0.
[13:40:20]  Tracking : Az 202, El 0.
[13:40:22]  Tracking : Az 202, El 0.
[13:40:24]  Tracking : Az 202, El 0.
[13:40:26]  Tracking : Az 202, El 0.
[13:40:28]  Tracking : Az 202, El 0.
[13:40:30]  Tracking : Az 202, El 0.
[13:40:32]  Tracking : Az 202, El 0.
[13:40:34]  Tracking : Az 202, El 0.
[13:40:36]  Tracking : Az 202, El 0.
[13:40:38]  Tracking : Az 202, El 0.
[13:40:40]  Tracking : Az 202, El 0.
[13:40:42]  Tracking : Az 202, El 0.
[13:40:44]  Tracking : Az 202, El 0.
[13:40:46]  Tracking : Az 202, El 0.
[13:40:48]  Tracking : Az 202, El 0.
[13:40:50]  Tracking : Az 202, El 0.
[13:50:21]  Forked Safe Amplifier Process.(ON, Timer)
[13:50:25]  Ping Success at node 5, 473ms
[13:50:25]  Tracking : Az 204, El 0.
[13:50:27]  Ping Success at node 5, 475ms
[13:50:28]  Ping Success at node 5, 479ms
[13:50:30]  AX100 Boot Count : 22240
[13:50:36]  Ping Failed at node 3.
[13:50:39]  [OK]CMD Packet Header: 0x18 0x71 0xc0 0x0 0x0 0x1 0x16 0x41
[13:50:40]  [OK]CMD Packet Header: 0x18 0x71 0xc0 0x0 0x0 0x1 0x16 0x41
[13:50:42]  [OK]CMD Packet Header: 0x18 0x71 0xc0 0x0 0x0 0x1 0x16 0x41
[13:50:44]  [OK]CMD Packet Header: 0x18 0x71 0xc0 0x0 0x0 0x1 0x16 0x41
[13:50:49]  Ping Failed at node 3.
[13:50:52]  Ping Failed.
[13:50:58]  Tracking : Az 207, El 2.
[13:50:58]  Ping Failed.
[13:51:04]  Ping Failed.
[13:51:06]  Ping Success at node 5, 475ms
[13:51:11]  Ping Failed at node 3.
[13:51:17]  Ping Failed at node 6.
[13:51:20]  Tracking : Az 209, El 4.
[13:51:23]  Ping Failed at node 6.
[13:51:30]  Ping Failed at node 3.
[13:51:34]  Cannot Load Remote Parameter.
[13:51:37]  Ping Failed.
[13:51:45]  Tracking : Az 212, El 5.
[13:52:08]  Tracking : Az 215, El 7.
[13:52:18]  Ping Failed.
[13:52:29]  Tracking : Az 218, El 8.
[13:52:42]  Tracking : Az 220, El 9.
[13:52:47]  Ping Failed.
[13:52:50]  AX100 Boot Count : 22240
[13:52:52]  Ping Success at node 5, 469ms
[13:52:57]  Ping Failed at node 3.
[13:53:00]  Tracking : Az 223, El 10.
[13:53:00]  [OK]CMD Packet Header: 0x18 0x71 0xc0 0x0 0x0 0x1 0x16 0x41
[13:53:01]  [OK]CMD Packet Header: 0x18 0x71 0xc0 0x0 0x0 0x1 0x16 0x41
[13:53:03]  [OK]CMD Packet Header: 0x18 0x71 0xc0 0x0 0x0 0x1 0x16 0x41
[13:53:05]  [OK]CMD Packet Header: 0x18 0x71 0xc0 0x0 0x0 0x1 0x16 0x41
[13:53:06]  [OK]CMD Packet Header: 0x18 0x71 0xc0 0x0 0x0 0x1 0x16 0x41
[13:53:14]  Ping Failed at node 3.
[13:53:16]  Tracking : Az 226, El 11.
[13:53:16]  Ping Failed.
[13:53:21]  Ping Success at node 5, 463ms
[13:53:23]  Remote Param Control OK. rssi_busy : 0
[13:53:25]  Total RX Bytes : 55770
[13:53:27]  Remote Param Control OK. can_en : true
[13:53:28]  Remote Param Control OK. tx_inhibit : 0
[13:53:30]  Remote Param Control OK. tx_pwr : 3
[13:53:31]  Tracking : Az 229, El 12.
[13:53:31]  Remote Param Control OK. csp_rtable : 0/0 AX100, 3/5 CAN, 6/5 CAN
[13:53:34]  Remote Param Control OK. Active Conf : 1
[13:53:35]  Remote Param Control OK. Last RSSI : -100
[13:53:37]  Remote Param Control OK. rx_guard : 0
[13:53:38]  Remote Param Control OK. tx_guard : 50
[13:53:39]  Remote Param Control OK. rx_baud : 4800
[13:53:40]  Remote Param Control OK. tx_baud : 4800
[13:53:41]  Remote Param Control OK.(No Reply)
[13:53:42]  Remote Param Control OK.(No Reply)
[13:53:45]  Tracking : Az 232, El 13.
[13:53:49]  Ping Failed at node 3.
[13:53:51]  Ping Success at node 5, 470ms
[13:53:58]  Ping Failed at node 6.
[13:53:59]  Tracking : Az 235, El 14.
[13:54:07]  Ping Failed at node 4.
[13:54:11]  Tracking : Az 238, El 15.
[13:54:12]  Ping Failed at node 5.
[13:54:18]  Ping Failed at node 5.
[13:54:22]  Ping Success at node 5, 476ms
[13:54:23]  Tracking : Az 241, El 15.
[13:54:23]  Ping Success at node 5, 459ms
[13:54:29]  Ping Failed at node 6.
[13:54:34]  Tracking : Az 244, El 16.
[13:54:37]  Ping Failed at node 6.
[13:54:44]  Ping Failed at node 3.
[13:54:45]  Tracking : Az 247, El 16.
[13:54:55]  Tracking : Az 250, El 17.
[13:55:00]  [OK]CMD Packet Header: 0x18 0x20 0xc0 0x0 0x0 0x5 0x7 0xd
[13:55:01]  [OK]CMD Packet Header: 0x18 0x20 0xc0 0x0 0x0 0x5 0x7 0xd
[13:55:02]  [OK]CMD Packet Header: 0x18 0x20 0xc0 0x0 0x0 0x5 0x7 0xd
[13:55:04]  [OK]CMD Packet Header: 0x18 0x20 0xc0 0x0 0x0 0x5 0x7 0xd
[13:55:06]  Tracking : Az 253, El 17.
[13:55:06]  [OK]CMD Packet Header: 0x18 0x20 0xc0 0x0 0x0 0x5 0x7 0xd
[13:55:07]  [OK]CMD Packet Header: 0x18 0x20 0xc0 0x0 0x0 0x5 0x7 0xd
[13:55:08]  [OK]CMD Packet Header: 0x18 0x20 0xc0 0x0 0x0 0x5 0x7 0xd
[13:55:08]  [OK]CMD Packet Header: 0x18 0x20 0xc0 0x0 0x0 0x5 0x7 0xd
[13:55:14]  [OK]CMD Packet Header: 0x18 0x23 0xc0 0x0 0x0 0x1 0x6 0x3
[13:55:16]  Tracking : Az 256, El 17.
[13:55:16]  [OK]CMD Packet Header: 0x18 0x23 0xc0 0x0 0x0 0x1 0x6 0x3
[13:55:17]  [OK]CMD Packet Header: 0x18 0x23 0xc0 0x0 0x0 0x1 0x6 0x3
[13:55:18]  [OK]CMD Packet Header: 0x18 0x23 0xc0 0x0 0x0 0x1 0x6 0x3
[13:55:20]  [OK]CMD Packet Header: 0x18 0x23 0xc0 0x0 0x0 0x1 0x6 0x3
[13:55:25]  Tracking : Az 259, El 17.
[13:55:35]  Tracking : Az 262, El 18.
[13:55:42]  [OK]CMD Packet Header: 0x18 0x23 0xc0 0x0 0x0 0x8 0x2 0x18
[13:55:44]  [OK]CMD Packet Header: 0x18 0x19 0xc0 0x0 0x0 0x5 0x0 0x29
[13:55:45]  Tracking : Az 265, El 18.
[13:55:47]  [OK]CMD Packet Header: 0x18 0x23 0xc0 0x0 0x0 0x8 0x2 0x18
[13:55:48]  [OK]CMD Packet Header: 0x18 0x19 0xc0 0x0 0x0 0x5 0x0 0x29
[13:55:50]  [OK]CMD Packet Header: 0x18 0x23 0xc0 0x0 0x0 0x8 0x2 0x18
[13:55:51]  Tracking : Az 267, El 18.
[13:55:52]  [OK]CMD Packet Header: 0x18 0x19 0xc0 0x0 0x0 0x5 0x0 0x29
[13:55:54]  [OK]CMD Packet Header: 0x18 0x23 0xc0 0x0 0x0 0x8 0x2 0x18
[13:55:55]  [OK]CMD Packet Header: 0x18 0x19 0xc0 0x0 0x0 0x5 0x0 0x29
[13:55:57]  [OK]CMD Packet Header: 0x18 0x23 0xc0 0x0 0x0 0x8 0x2 0x18
[13:55:58]  [OK]CMD Packet Header: 0x18 0x19 0xc0 0x0 0x0 0x5 0x0 0x29
[13:56:01]  Tracking : Az 270, El 18.
[13:56:02]  [OK]CMD Packet Header: 0x18 0x23 0xc0 0x0 0x0 0x1 0x1b 0x1e
[13:56:03]  [OK]CMD Packet Header: 0x18 0x23 0xc0 0x0 0x0 0x8 0x2 0x18
[13:56:03]  [OK]CMD Packet Header: 0x18 0x19 0xc0 0x0 0x0 0x5 0x0 0x29
[13:56:06]  [OK]CMD Packet Header: 0x18 0x23 0xc0 0x0 0x0 0x1 0x1b 0x1e
[13:56:06]  [OK]CMD Packet Header: 0x18 0x23 0xc0 0x0 0x0 0x8 0x2 0x18
[13:56:06]  [OK]CMD Packet Header: 0x18 0x19 0xc0 0x0 0x0 0x5 0x0 0x29
[13:56:10]  Tracking : Az 273, El 17.
[13:56:12]  Ping Failed at node 3.
[13:56:14]  Ping Success at node 5, 467ms
[13:56:19]  Ping Failed at node 3.
[13:56:20]  Tracking : Az 276, El 17.
[13:56:24]  Ping Failed at node 6.
[13:56:25]  AX100 Boot Count : 22240
[13:56:30]  Tracking : Az 279, El 17.
[13:56:33]  [OK]CMD Packet Header: 0x18 0x71 0xc0 0x0 0x0 0x1 0x16 0x41
[13:56:34]  [OK]CMD Packet Header: 0x18 0x71 0xc0 0x0 0x0 0x1 0x16 0x41
[13:56:35]  [OK]CMD Packet Header: 0x18 0x71 0xc0 0x0 0x0 0x1 0x16 0x41
[13:56:37]  [OK]CMD Packet Header: 0x18 0x71 0xc0 0x0 0x0 0x1 0x16 0x41
[13:56:38]  [OK]CMD Packet Header: 0x18 0x71 0xc0 0x0 0x0 0x1 0x16 0x41
[13:56:39]  [OK]CMD Packet Header: 0x18 0x71 0xc0 0x0 0x0 0x1 0x16 0x41
[13:56:40]  Tracking : Az 282, El 17.
[13:56:40]  [OK]CMD Packet Header: 0x18 0x71 0xc0 0x0 0x0 0x1 0x16 0x41
[13:56:41]  [OK]CMD Packet Header: 0x18 0x71 0xc0 0x0 0x0 0x1 0x16 0x41
[13:56:42]  [OK]CMD Packet Header: 0x18 0x71 0xc0 0x0 0x0 0x1 0x16 0x41
[13:56:43]  [OK]CMD Packet Header: 0x18 0x71 0xc0 0x0 0x0 0x1 0x16 0x41
[13:56:44]  [OK]CMD Packet Header: 0x18 0x71 0xc0 0x0 0x0 0x1 0x16 0x41
[13:56:45]  [OK]CMD Packet Header: 0x18 0x71 0xc0 0x0 0x0 0x1 0x16 0x41
[13:56:47]  [OK]CMD Packet Header: 0x18 0x71 0xc0 0x0 0x0 0x1 0x16 0x41
[13:56:48]  [OK]CMD Packet Header: 0x18 0x71 0xc0 0x0 0x0 0x1 0x16 0x41
[13:56:51]  Tracking : Az 285, El 16.
[13:56:53]  Ping Failed at node 3.
[13:56:54]  [OK]CMD Packet Header: 0x18 0x71 0xc0 0x0 0x0 0x1 0x16 0x41
[13:56:58]  Ping Failed at node 3.
[13:56:59]  [OK]CMD Packet Header: 0x18 0x71 0xc0 0x0 0x0 0x1 0x16 0x41
[13:57:02]  Tracking : Az 288, El 16.
[13:57:04]  Ping Failed at node 3.
[13:57:08]  [OK]CMD Packet Header: 0x18 0x71 0xc0 0x0 0x0 0x1 0x16 0x41
[13:57:09]  Tracking : Az 290, El 15.
[13:57:12]  Ping Failed at node 3.
[13:57:13]  [OK]CMD Packet Header: 0x18 0x71 0xc0 0x0 0x0 0x1 0x16 0x41
[13:57:14]  [OK]CMD Packet Header: 0x18 0x71 0xc0 0x0 0x0 0x1 0x16 0x41
[13:57:15]  [OK]CMD Packet Header: 0x18 0x71 0xc0 0x0 0x0 0x1 0x16 0x41
[13:57:19]  Ping Failed at node 3.
[13:57:21]  Tracking : Az 293, El 15.
[13:57:22]  [OK]CMD Packet Header: 0x18 0x71 0xc0 0x0 0x0 0x1 0x16 0x41
[13:57:23]  [OK]CMD Packet Header: 0x18 0x71 0xc0 0x0 0x0 0x1 0x16 0x41
[13:57:24]  [OK]CMD Packet Header: 0x18 0x71 0xc0 0x0 0x0 0x1 0x16 0x41
[13:57:28]  Ping Failed at node 3.
[13:57:29]  [OK]CMD Packet Header: 0x18 0x71 0xc0 0x0 0x0 0x1 0x16 0x41
[13:57:30]  [OK]CMD Packet Header: 0x18 0x71 0xc0 0x0 0x0 0x1 0x16 0x41
[13:57:30]  [OK]CMD Packet Header: 0x18 0x71 0xc0 0x0 0x0 0x1 0x16 0x41
[13:57:33]  Tracking : Az 296, El 14.
[13:57:35]  Ping Failed at node 3.
[13:57:36]  [OK]CMD Packet Header: 0x18 0x71 0xc0 0x0 0x0 0x1 0x16 0x41
[13:57:36]  [OK]CMD Packet Header: 0x18 0x71 0xc0 0x0 0x0 0x1 0x16 0x41
[13:57:37]  [OK]CMD Packet Header: 0x18 0x71 0xc0 0x0 0x0 0x1 0x16 0x41
[13:57:37]  [OK]CMD Packet Header: 0x18 0x71 0xc0 0x0 0x0 0x1 0x16 0x41
[13:57:38]  [OK]CMD Packet Header: 0x18 0x71 0xc0 0x0 0x0 0x1 0x16 0x41
[13:57:42]  Ping Failed at node 3.
[13:57:45]  AX100 Boot Count : 22240
[13:57:46]  Tracking : Az 299, El 13.
[13:57:46]  Ping Success at node 5, 463ms
[13:57:48]  [OK]CMD Packet Header: 0x18 0x71 0xc0 0x0 0x0 0x1 0x16 0x41
[13:57:48]  [OK]CMD Packet Header: 0x18 0x71 0xc0 0x0 0x0 0x1 0x16 0x41
[13:57:49]  [OK]CMD Packet Header: 0x18 0x71 0xc0 0x0 0x0 0x1 0x16 0x41
[13:57:49]  [OK]CMD Packet Header: 0x18 0x71 0xc0 0x0 0x0 0x1 0x16 0x41
[13:57:50]  [OK]CMD Packet Header: 0x18 0x71 0xc0 0x0 0x0 0x1 0x16 0x41
[13:57:54]  Ping Failed at node 3.
[13:57:55]  [OK]CMD Packet Header: 0x18 0x71 0xc0 0x0 0x0 0x1 0x16 0x41
[13:57:56]  [OK]CMD Packet Header: 0x18 0x71 0xc0 0x0 0x0 0x1 0x16 0x41
[13:57:57]  [OK]CMD Packet Header: 0x18 0x71 0xc0 0x0 0x0 0x1 0x16 0x41
[13:57:57]  [OK]CMD Packet Header: 0x18 0x71 0xc0 0x0 0x0 0x1 0x16 0x41
[13:57:58]  [OK]CMD Packet Header: 0x18 0x71 0xc0 0x0 0x0 0x1 0x16 0x41
[13:58:00]  Tracking : Az 302, El 12.
[13:58:02]  Ping Failed at node 3.
[13:58:05]  [OK]CMD Packet Header: 0x18 0x71 0xc0 0x0 0x0 0x1 0x16 0x41
[13:58:06]  [OK]CMD Packet Header: 0x18 0x71 0xc0 0x0 0x0 0x1 0x16 0x41
[13:58:07]  [OK]CMD Packet Header: 0x18 0x71 0xc0 0x0 0x0 0x1 0x16 0x41
[13:58:12]  Ping Failed at node 3.
[13:58:14]  Tracking : Az 305, El 11.
[13:58:15]  Ping Failed.
[13:58:16]  Ping Success at node 5, 465ms
[13:58:18]  Ping Success at node 5, 462ms
[13:58:19]  Ping Success at node 5, 467ms
[13:58:20]  Ping Success at node 5, 471ms
[13:58:21]  Ping Success at node 5, 469ms
[13:58:22]  Ping Success at node 5, 461ms
[13:58:23]  Ping Success at node 5, 470ms
[13:58:24]  Ping Success at node 5, 463ms
[13:58:25]  Ping Success at node 5, 473ms
[13:58:25]  Ping Success at node 5, 467ms
[13:58:26]  Ping Success at node 5, 476ms
[13:58:27]  Ping Success at node 5, 473ms
[13:58:28]  Ping Success at node 5, 470ms
[13:58:30]  Tracking : Az 308, El 10.
[13:58:33]  Ping Failed at node 3.
[13:58:38]  Ping Failed at node 6.
[13:58:42]  Ping Failed at node 6.
[13:58:47]  Ping Failed at node 6.
[13:58:48]  Tracking : Az 311, El 9.
[13:58:48]  Remote Param Control OK.(No Reply)
[13:58:51]  Remote Param Control OK.(No Reply)
[13:58:53]  AX100 Boot Count : 22241
[13:58:58]  Ping Failed at node 6.
[13:59:03]  Ping Failed at node 3.
[13:59:07]  Tracking : Az 314, El 8.
[13:59:07]  Ping Failed at node 3.
[13:59:07]  Remote Param Control OK. csp_rtable : 0/0 AX100, 3/5 CAN
[13:59:14]  Remote Param Control OK.
[13:59:16]  Remote Param Control OK. csp_rtable : 0/0 AX100, 3/5 CAN, 6/5 CAN
[13:59:19]  Remote Param Control OK.(No Reply)
[13:59:23]  Ping Failed at node 3.
[13:59:28]  Tracking : Az 317, El 7.
[13:59:29]  Ping Failed at node 6.
[13:59:33]  Ping Failed at node 6.
[13:59:37]  Ping Failed at node 6.
[13:59:41]  Ping Failed at node 6.
[13:59:45]  Ping Failed at node 6.
[13:59:48]  Ping Failed at node 6.
[13:59:51]  Tracking : Az 320, El 5.
[13:59:52]  Ping Failed at node 6.
[13:59:57]  Ping Failed at node 6.
[13:59:57]  [OK]CMD Packet Header: 0x18 0x71 0xc0 0x0 0x0 0x1 0x16 0x41
[13:59:58]  [OK]CMD Packet Header: 0x18 0x71 0xc0 0x0 0x0 0x1 0x16 0x41
[13:59:58]  [OK]CMD Packet Header: 0x18 0x71 0xc0 0x0 0x0 0x1 0x16 0x41
[13:59:59]  [OK]CMD Packet Header: 0x18 0x71 0xc0 0x0 0x0 0x1 0x16 0x41
[13:59:59]  [OK]CMD Packet Header: 0x18 0x71 0xc0 0x0 0x0 0x1 0x16 0x41
[14:00:00]  [OK]CMD Packet Header: 0x18 0x71 0xc0 0x0 0x0 0x1 0x16 0x41
[14:00:00]  [OK]CMD Packet Header: 0x18 0x71 0xc0 0x0 0x0 0x1 0x16 0x41
[14:00:01]  [OK]CMD Packet Header: 0x18 0x71 0xc0 0x0 0x0 0x1 0x16 0x41
[14:00:02]  [OK]CMD Packet Header: 0x18 0x71 0xc0 0x0 0x0 0x1 0x16 0x41
[14:00:02]  [OK]CMD Packet Header: 0x18 0x71 0xc0 0x0 0x0 0x1 0x16 0x41
[14:00:03]  [OK]CMD Packet Header: 0x18 0x71 0xc0 0x0 0x0 0x1 0x16 0x41
[14:00:03]  [OK]CMD Packet Header: 0x18 0x71 0xc0 0x0 0x0 0x1 0x16 0x41
[14:00:04]  [OK]CMD Packet Header: 0x18 0x71 0xc0 0x0 0x0 0x1 0x16 0x41
[14:00:05]  [OK]CMD Packet Header: 0x18 0x71 0xc0 0x0 0x0 0x1 0x16 0x41
[14:00:05]  [OK]CMD Packet Header: 0x18 0x71 0xc0 0x0 0x0 0x1 0x16 0x41
[14:00:06]  [OK]CMD Packet Header: 0x18 0x71 0xc0 0x0 0x0 0x1 0x16 0x41
[14:00:07]  [OK]CMD Packet Header: 0x18 0x71 0xc0 0x0 0x0 0x1 0x16 0x41
[14:00:07]  [OK]CMD Packet Header: 0x18 0x71 0xc0 0x0 0x0 0x1 0x16 0x41
[14:00:08]  [OK]CMD Packet Header: 0x18 0x71 0xc0 0x0 0x0 0x1 0x16 0x41
[14:00:10]  Ping Success at node 5, 469ms
[14:00:11]  AX100 Boot Count : 22241
[14:00:16]  Ping Failed at node 6.
[14:00:17]  Tracking : Az 323, El 4.
[14:00:19]  Ping Failed at node 3.
[14:00:23]  Ping Failed at node 3.
[14:00:26]  Ping Failed at node 3.
[14:00:26]  Ping Success at node 5, 476ms
[14:00:29]  AX100 Boot Count : 22241
[14:00:47]  Tracking : Az 326, El 2.
[14:00:58]  Ping Success at node 5, 479ms
[14:01:00]  AX100 Boot Count : 22241
[14:01:06]  Ping Failed at node 3.
[14:01:09]  Forked Safe Amplifier Process. (OFF)
[14:01:13]  Finish Engaging.
[14:01:13]  Beacon Success : 0, Ping Success : 27
[14:01:14]  Tracking : Az 0, El 0.
