2026-01-09 19:11
[19:11:05]  Connect to Switch Box.............Success.
[19:11:05]  Connect to Rotator................Success.
[19:11:05]  Connect to GS100..................Success.
[19:11:05]  TM Port 13 bind success.
[19:11:05]  BCN Port 31 bind success.
[19:11:05]  RPT Port 25 bind success.
[19:11:05]  Event Port 27 bind success.
[19:11:05]  COSMIC Beacon Port 23 bind success.
[19:11:05]  COSMIC Report Port 24 bind success.
[19:11:13]  TLE "cubesat" Download Completed.
[19:12:07]  [Auto]Start AutoPilot.
[19:12:07]  [Auto]Start Autopilot. Next Valuable AOS : 1/9 19:12:2
[19:12:07]  [Auto]Max Elevation : 56.41° Please Keep Devices On.
[19:12:07]  [Auto]Start Engaging.
[19:12:07]  [Auto]Start Doppler Correction.
[19:12:07]  Tracking : Az 230, El 41.
[19:12:09]  Tracking : Az 229, El 40.
[19:12:11]  Tracking : Az 228, El 40.
[19:12:13]  Tracking : Az 227, El 39.
[19:12:15]  Tracking : Az 227, El 38.
[19:12:16]  [Auto]Autopilot Stopped by User.
[19:12:16]  [Auto]Stop Doppler Correction.
