2026-06-11 17:05
[17:05:44]  Connect to Switch Box..............Failed.
[17:05:44]  Connect to Rotator.................Failed.
[17:05:44]  Connect to GS100..................Success.
[17:05:44]  BEE-1000 BCN Port 31 bind success.
[17:05:44]  BEE-1000 RPT Port 25 bind success.
[17:05:44]  BEE-1000 Event Port 27 bind success.
[17:05:44]  Rotator Read Failed. Please Check Again.
[17:05:44]  BEE-100 FM Port 23 bind success.
[17:05:44]  UEL-Y-Sys. BCN Port 12 bind success.
[17:05:44]  UEL-Y-Sys. RPT Port 10 bind success.
[17:05:44]  UEL-Y-Sys. Event Port 11 bind success.
[17:05:44]  UEL-Y-Sys. FM Port 14 bind success.
[17:05:44]  BEE-1012 BCN Port 17 bind success.
[17:05:44]  BEE-1012 RPT Port 15 bind success.
[17:05:44]  BEE-1012 Event Port 16 bind success.
[17:05:44]  BEE-1012 FM Port 18 bind success.
[17:05:44]  BEE-1012 AIOBC Port 29 bind success.
[17:05:46]  Ping Success at node 5, 436ms
[17:07:17]  [OK]CMD Packet Header: 0x18 0xf0 0xc0 0x0 0x0 0x1 0x1 0xd7
[17:11:58]  [OK]CMD Packet Header: 0x18 0xf0 0xc0 0x0 0x0 0x1 0x1 0xd7
[17:11:58]  Received AIOBC TM from port : 29.

[17:14:00]  [OK]CMD Packet Header: 0x18 0xf0 0xc0 0x0 0x0 0x1 0x1 0xd7
[17:14:00]  Received AIOBC TM from port : 29.

[17:17:16]  DataChunk generated. RawDataLength=0, PacketLength=154
[17:17:16]  [OK]CMD Packet Header: 0x18 0xf0 0xc0 0x0 0x0 0x93 0x2 0xcb
[17:19:18]  FDIR generated. scenarioid=0, commandid=0, flags=0, conf_scale=0.000000, thre_scale=0.000000, PacketLength=25
[17:19:18]  [OK]CMD Packet Header: 0x18 0xf0 0xc0 0x0 0x0 0x12 0xe 0xcb
[17:19:19]  Received AIOBC TM from port : 29.

[17:20:33]  DataChunk generated. RawDataLength=0, PacketLength=154
[17:20:33]  [OK]CMD Packet Header: 0x18 0xf0 0xc0 0x0 0x0 0x93 0x2 0xd7
[17:20:51]  DataChunk generated. RawDataLength=0, PacketLength=154
[17:20:51]  [OK]CMD Packet Header: 0x18 0xf0 0xc0 0x0 0x0 0x93 0x2 0xd7
[17:21:03]  DataChunk generated. RawDataLength=0, PacketLength=154
[17:21:03]  [OK]CMD Packet Header: 0x18 0xf0 0xc0 0x0 0x0 0x93 0x2 0xcb
[17:23:47]  Received AIOBC TM from port : 29.

[17:23:54]  Received AIOBC TM from port : 29.

