2026-01-09 01:02
[01:02:03]  Connect to Switch Box.............Success.
[01:02:03]  Connect to Rotator................Success.
[01:02:03]  Connect to GS100..................Success.
[01:02:03]  TM Port 13 bind success.
[01:02:03]  BCN Port 31 bind success.
[01:02:03]  RPT Port 25 bind success.
[01:02:03]  Event Port 27 bind success.
[01:02:03]  COSMIC Beacon Port 23 bind success.
[01:02:03]  COSMIC Report Port 24 bind success.
[01:02:06]  TLE "cubesat" Download Completed.
[01:02:10]  Start Engaging.
[01:02:10]  Tracking : Az 20, El 0.
[01:02:12]  Start Doppler Correction.
[01:02:12]  Tracking : Az 20, El 0.
[01:02:14]  Tracking : Az 20, El 0.
[01:09:19]  Forked Safe Amplifier Process.(ON, Timer)
[01:09:28]  Ping Failed.
[01:10:01]  Tracking : Az 22, El 3.
[01:10:08]  Ping Failed.
[01:10:21]  Ping Failed.
[01:10:41]  Ping Failed.
[01:10:41]  Tracking : Az 25, El 5.
[01:10:48]  Ping Failed.
[01:10:56]  Tracking : Az 26, El 7.
[01:11:04]  Ping Failed.
[01:11:18]  Ping Failed.
[01:11:20]  Tracking : Az 27, El 9.
[01:11:25]  Ping Success at node 5, 475ms
[01:11:27]  [OK]CMD Packet Header: 0x18 0x31 0xc0 0x0 0x0 0x1 0x0 0x17
[01:11:29]  Received Report from port : 25.
[01:11:31]  Received Report from port : 25.
[01:11:33]  Received Report from port : 25.
[01:11:44]  Tracking : Az 30, El 11.
[01:11:48]  [OK]CMD Packet Header: 0x18 0x23 0xc0 0x0 0x0 0x8 0x2 0x6
[01:11:49]  Received Event from port : 27.

[01:11:56]  Received Event from port : 27.

[01:12:02]  Tracking : Az 31, El 13.
[01:12:06]  Received Event from port : 27.

[01:12:07]  [OK]CMD Packet Header: 0x18 0x31 0xc0 0x0 0x0 0x7 0xa 0x2b
[01:12:08]  Received Event from port : 27.

[01:12:10]  Received Event from port : 27.

[01:12:12]  Received Report from port : 25.
[01:12:14]  Received Report from port : 25.
[01:12:16]  Received Report from port : 25.
[01:12:18]  Received Report from port : 25.
[01:12:20]  Tracking : Az 34, El 15.
[01:12:20]  Received Report from port : 25.
[01:12:22]  Received Report from port : 25.
[01:12:25]  Received Event from port : 27.

[01:12:27]  Received Event from port : 27.

[01:12:36]  Received Event from port : 27.

[01:12:38]  [OK]CMD Packet Header: 0x18 0x15 0xc0 0x0 0x0 0x45 0xa 0x36
[01:12:38]  Received GETFILEINFO Response from port : 23.

[01:12:40]  Received Event from port : 27.

[01:12:41]  Tracking : Az 37, El 17.
[01:12:46]  Received Event from port : 27.

[01:12:50]  Forked Safe Amplifier Process. (OFF)
[01:12:51]  Received Event from port : 27.

[01:12:52]  Finish Engaging.
[01:12:52]  Beacon Success : 0, Ping Success : 1
[01:12:56]  Received Event from port : 27.

