2026-01-30 12:19
[12:20:47]  Connect to Switch Box.............Success.
[12:20:47]  Connect to Rotator................Success.
[12:20:47]  Connect to GS100..................Success.
[12:20:47]  TM Port 13 bind success.
[12:20:47]  BCN Port 31 bind success.
[12:20:47]  RPT Port 25 bind success.
[12:20:47]  Event Port 27 bind success.
[12:20:47]  COSMIC Beacon Port 23 bind success.
[12:20:47]  COSMIC Report Port 24 bind success.
[12:21:09]  TLE "cubesat" Download Completed.
[12:21:25]  Start Engaging.
[12:21:25]  Tracking : Az 145, El 3.
[12:21:27]  Tracking : Az 145, El 3.
[12:21:28]  Start Doppler Correction.
[12:21:29]  Tracking : Az 145, El 3.
[12:21:31]  Tracking : Az 145, El 4.
[12:21:33]  Tracking : Az 145, El 4.
[12:21:35]  Tracking : Az 145, El 4.
[12:21:36]  Forked Safe Amplifier Process.(ON, Timer)
[12:21:37]  Tracking : Az 144, El 4.
[12:21:39]  Tracking : Az 144, El 4.
[12:21:41]  Tracking : Az 144, El 4.
[12:21:43]  Tracking : Az 144, El 5.
[12:21:45]  Tracking : Az 144, El 5.
[12:21:47]  Tracking : Az 144, El 5.
[12:21:49]  Tracking : Az 144, El 5.
[12:22:01]  Forked Safe Amplifier Process. (OFF)
[12:22:09]  Tracking : Az 143, El 7.
[12:22:24]  Start Doppler Correction.
[12:22:36]  Tracking : Az 140, El 9.
[12:22:36]  Forked Safe Amplifier Process. (OFF)
[12:22:55]  Tracking : Az 139, El 11.
[12:23:14]  Tracking : Az 137, El 13.
[12:23:20]  Finish Engaging.
[12:23:20]  Beacon Success : 0, Ping Success : 0
