2025-12-18 12:58
[12:58:59]  Connect to Switch Box.............Success.
[12:58:59]  Connect to Rotator................Success.
[12:58:59]  Connect to GS100..................Success.
[12:58:59]  TM Port 13 bind success.
[12:58:59]  BCN Port 31 bind success.
[12:58:59]  RPT Port 25 bind success.
[12:59:12]  TLE "cubesat" Download Completed.
[12:59:17]  Start Engaging.
[12:59:17]  Tracking : Az 178, El 0.
[12:59:18]  Start Doppler Correction.
[12:59:19]  Tracking : Az 178, El 0.
[12:59:21]  Tracking : Az 178, El 0.
[12:59:23]  Tracking : Az 178, El 0.
[12:59:25]  Tracking : Az 178, El 0.
[12:59:27]  Tracking : Az 178, El 0.
[12:59:29]  Tracking : Az 178, El 0.
[12:59:31]  Tracking : Az 178, El 0.
[12:59:33]  Tracking : Az 178, El 0.
[12:59:35]  Tracking : Az 178, El 0.
[12:59:37]  Tracking : Az 178, El 0.
[12:59:39]  Tracking : Az 178, El 0.
[12:59:41]  Tracking : Az 178, El 0.
[12:59:43]  Tracking : Az 178, El 0.
[12:59:45]  Tracking : Az 178, El 0.
[13:01:07]  Start Doppler Correction.
[13:11:56]  Forked Safe Amplifier Process.(ON, Timer)
[13:12:37]  Tracking : Az 180, El 3.
[13:12:38]  Ping Failed.
[13:12:45]  Ping Failed.
[13:13:07]  Ping Success at node 5, 475ms
[13:13:17]  Tracking : Az 182, El 6.
[13:13:18]  Ping Failed.
[13:13:32]  Ping Success at node 5, 477ms
[13:13:37]  Ping Success at node 5, 472ms
[13:13:52]  Tracking : Az 183, El 9.
[13:13:54]  Ping Failed at node 3.
[13:13:59]  Ping Failed at node 3.
[13:14:04]  Ping Failed at node 5.
[13:14:08]  Ping Failed at node 5.
[13:14:12]  Ping Failed at node 5.
[13:14:13]  Tracking : Az 185, El 11.
[13:14:15]  Ping Success at node 5, 470ms
[13:14:18]  Ping Success at node 5, 473ms
[13:14:25]  Ping Failed at node 3.
[13:14:31]  Ping Failed at node 3.
[13:14:32]  Tracking : Az 186, El 13.
[13:14:33]  Ping Success at node 5, 473ms
[13:14:37]  Ping Success at node 5, 470ms
[13:14:41]  Ping Success at node 5, 458ms
[13:14:45]  Ping Success at node 5, 472ms
[13:14:49]  Ping Success at node 5, 464ms
[13:14:55]  Ping Failed at node 3.
[13:14:58]  Tracking : Az 188, El 16.
[13:15:03]  Ping Failed at node 3.
[13:15:04]  Ping Success at node 5, 467ms
[13:15:11]  Ping Failed.
[13:15:13]  Tracking : Az 190, El 18.
[13:15:15]  Ping Failed.
[13:15:23]  Ping Failed.
[13:15:30]  Ping Failed.
[13:15:33]  Tracking : Az 192, El 21.
[13:15:39]  Ping Failed.
[13:15:44]  Ping Failed.
[13:15:48]  Ping Success at node 5, 471ms
[13:15:48]  Tracking : Az 195, El 23.
[13:15:54]  Ping Success at node 5, 464ms
[13:15:59]  Ping Failed at node 3.
[13:16:03]  Tracking : Az 197, El 26.
[13:16:14]  Tracking : Az 200, El 28.
[13:16:16]  Ping Failed at node 3.
[13:16:24]  Ping Failed at node 3.
[13:16:26]  Tracking : Az 203, El 30.
[13:16:31]  Ping Failed at node 3.
[13:16:36]  Tracking : Az 206, El 33.
[13:16:38]  Ping Failed at node 3.
[13:16:42]  Ping Failed at node 3.
[13:16:46]  Tracking : Az 209, El 35.
[13:16:48]  Ping Failed at node 3.
[13:16:53]  Ping Failed at node 3.
[13:16:54]  Tracking : Az 212, El 37.
[13:16:58]  Ping Failed at node 3.
[13:17:00]  Tracking : Az 214, El 38.
[13:17:02]  Ping Failed at node 3.
[13:17:06]  Ping Failed at node 3.
[13:17:06]  Tracking : Az 217, El 40.
[13:17:09]  Ping Failed at node 3.
[13:17:11]  Tracking : Az 220, El 41.
[13:17:13]  Ping Failed at node 3.
[13:17:17]  Ping Failed at node 3.
[13:17:17]  Tracking : Az 223, El 42.
[13:17:22]  Ping Failed at node 3.
[13:17:22]  Tracking : Az 226, El 43.
[13:17:27]  Ping Failed at node 3.
[13:17:27]  Tracking : Az 229, El 44.
[13:17:32]  Ping Failed at node 3.
[13:17:33]  Tracking : Az 233, El 46.
[13:17:37]  Ping Failed at node 3.
[13:17:37]  Tracking : Az 236, El 46.
[13:17:41]  Ping Failed at node 3.
[13:17:42]  Tracking : Az 240, El 47.
[13:17:45]  Ping Failed at node 3.
[13:17:46]  Tracking : Az 243, El 48.
[13:17:49]  Ping Failed at node 3.
[13:17:50]  Tracking : Az 246, El 48.
[13:17:53]  Tracking : Az 249, El 49.
[13:17:55]  Ping Failed at node 3.
[13:17:57]  Tracking : Az 252, El 49.
[13:18:00]  Tracking : Az 255, El 49.
[13:18:02]  Ping Failed at node 3.
[13:18:05]  Tracking : Az 259, El 49.
[13:18:08]  Tracking : Az 262, El 49.
[13:18:10]  Ping Failed at node 3.
[13:18:12]  Tracking : Az 265, El 49.
[13:18:15]  Tracking : Az 268, El 49.
[13:18:16]  Ping Failed at node 3.
[13:18:18]  Tracking : Az 271, El 49.
[13:18:21]  Ping Failed at node 3.
[13:18:22]  Tracking : Az 274, El 48.
[13:18:25]  Ping Failed at node 3.
[13:18:27]  Tracking : Az 278, El 48.
[13:18:30]  Ping Failed at node 3.
[13:18:31]  Tracking : Az 281, El 47.
[13:18:35]  Tracking : Az 284, El 46.
[13:18:36]  Ping Failed at node 3.
[13:18:39]  Tracking : Az 287, El 46.
[13:18:40]  Ping Failed at node 3.
[13:18:43]  Tracking : Az 290, El 45.
[13:18:47]  Ping Failed at node 3.
[13:18:48]  Tracking : Az 293, El 44.
[13:18:53]  Ping Failed at node 3.
[13:18:54]  Tracking : Az 297, El 42.
[13:18:58]  Ping Failed at node 3.
[13:19:00]  Tracking : Az 300, El 41.
[13:19:03]  Ping Failed at node 3.
[13:19:06]  Tracking : Az 303, El 40.
[13:19:09]  Ping Failed at node 3.
[13:19:10]  Tracking : Az 305, El 39.
[13:19:13]  Ping Failed at node 3.
[13:19:15]  Tracking : Az 307, El 37.
[13:19:18]  Ping Failed at node 3.
[13:19:22]  Tracking : Az 310, El 36.
[13:19:31]  Tracking : Az 313, El 34.
[13:19:33]  [OK]CMD Packet Header: 0x18 0x71 0xc0 0x0 0x0 0x1 0x1e 0x49
[13:19:38]  [OK]CMD Packet Header: 0x18 0x71 0xc0 0x0 0x0 0x1 0x1e 0x49
[13:19:40]  Tracking : Az 316, El 32.
[13:19:43]  [OK]CMD Packet Header: 0x18 0x71 0xc0 0x0 0x0 0x1 0x1e 0x49
[13:19:48]  [OK]CMD Packet Header: 0x18 0x71 0xc0 0x0 0x0 0x1 0x1e 0x49
[13:19:51]  Tracking : Az 318, El 29.
[13:19:53]  [OK]CMD Packet Header: 0x18 0x71 0xc0 0x0 0x0 0x1 0x1e 0x49
[13:20:00]  Ping Failed at node 3.
[13:20:01]  Tracking : Az 321, El 28.
[13:20:01]  [OK]CMD Packet Header: 0x18 0x71 0xc0 0x0 0x0 0x1 0x1e 0x49
[13:20:06]  [OK]CMD Packet Header: 0x18 0x71 0xc0 0x0 0x0 0x1 0x1e 0x49
[13:20:10]  [OK]CMD Packet Header: 0x18 0x71 0xc0 0x0 0x0 0x1 0x1e 0x49
[13:20:15]  [OK]CMD Packet Header: 0x18 0x71 0xc0 0x0 0x0 0x1 0x1e 0x49
[13:20:16]  Tracking : Az 324, El 25.
[13:20:22]  Ping Failed at node 3.
[13:20:23]  [OK]CMD Packet Header: 0x18 0x71 0xc0 0x0 0x0 0x1 0x1e 0x49
[13:20:28]  [OK]CMD Packet Header: 0x18 0x71 0xc0 0x0 0x0 0x1 0x1e 0x49
[13:20:33]  [OK]CMD Packet Header: 0x18 0x71 0xc0 0x0 0x0 0x1 0x1e 0x49
[13:20:34]  Tracking : Az 327, El 22.
[13:20:37]  [OK]CMD Packet Header: 0x18 0x71 0xc0 0x0 0x0 0x1 0x1e 0x49
[13:20:42]  [OK]CMD Packet Header: 0x18 0x71 0xc0 0x0 0x0 0x1 0x1e 0x49
[13:20:45]  [OK]CMD Packet Header: 0x18 0x71 0xc0 0x0 0x0 0x1 0x1e 0x49
[13:20:48]  Tracking : Az 328, El 19.
[13:20:50]  [OK]CMD Packet Header: 0x18 0x71 0xc0 0x0 0x0 0x1 0x1e 0x49
[13:20:54]  [OK]CMD Packet Header: 0x18 0x71 0xc0 0x0 0x0 0x1 0x1e 0x49
[13:20:58]  [OK]CMD Packet Header: 0x18 0x71 0xc0 0x0 0x0 0x1 0x1e 0x49
[13:21:04]  [OK]CMD Packet Header: 0x18 0x71 0xc0 0x0 0x0 0x1 0x1e 0x49
[13:21:06]  Tracking : Az 331, El 17.
[13:21:14]  Ping Failed at node 3.
[13:21:16]  Ping Success at node 5, 465ms
[13:21:19]  Ping Success at node 5, 460ms
[13:21:25]  Ping Failed.
[13:21:26]  Tracking : Az 333, El 14.
[13:21:30]  Forked Safe Amplifier Process. (OFF)
[13:21:34]  Finish Engaging.
[13:21:34]  Beacon Success : 0, Ping Success : 15
[13:21:38]  Tracking : Az 0, El 0.
[13:22:17]  Start Engaging.
[13:22:17]  Start Engaging.
[13:22:17]  Tracking : Az 190, El 0.
[13:22:19]  Tracking : Az 190, El 0.
[13:22:19]  Start Doppler Correction.
[13:22:21]  Tracking : Az 190, El 0.
[13:22:23]  Tracking : Az 190, El 0.
[13:22:25]  Tracking : Az 190, El 0.
[13:22:27]  Tracking : Az 190, El 0.
[13:22:29]  Tracking : Az 190, El 0.
[13:22:31]  Tracking : Az 190, El 0.
[13:22:33]  Tracking : Az 190, El 0.
[13:31:53]  Forked Safe Amplifier Process.(ON, Timer)
[13:32:00]  Ping Failed.
[13:32:04]  Tracking : Az 193, El 2.
[13:32:05]  Ping Failed.
[13:32:07]  Ping Success at node 5, 472ms
[13:32:11]  Ping Success at node 5, 466ms
[13:32:15]  Ping Success at node 3, 484ms
[13:32:30]  Tracking : Az 194, El 4.
[13:32:58]  Tracking : Az 197, El 5.
[13:33:00]  [OK]CMD Packet Header: 0x18 0x75 0xc0 0x0 0x0 0x1 0x14 0x47
[13:33:01]  Received Report from port ~~ with new code : 25.
[13:33:01]  Received Report from port : 25.

[13:33:01]  Received Report from port ~~ with new code : 25.
[13:33:01]  Received Report from port : 25.

[13:33:01]  Received Report from port ~~ with new code : 25.
[13:33:12]  Tracking : Az 198, El 7.
[13:33:12]  [OK]CMD Packet Header: 0x18 0x75 0xc0 0x0 0x0 0x1 0x1a 0x49
[13:33:20]  [OK]CMD Packet Header: 0x18 0x75 0xc0 0x0 0x0 0x1 0x1a 0x0
[13:33:21]  Received Report from port ~~ with new code : 25.
[13:33:21]  Received Report from port : 25.

[13:33:21]  Received Report from port ~~ with new code : 25.
[13:33:21]  Received Report from port : 25.

[13:33:22]  Received Report from port ~~ with new code : 25.
[13:33:37]  Tracking : Az 200, El 9.
[13:33:56]  Tracking : Az 203, El 10.
[13:34:19]  Tracking : Az 206, El 12.
[13:34:19]  Ping Failed.
[13:34:22]  Ping Success at node 5, 471ms
[13:34:31]  [OK]CMD Packet Header: 0x18 0x75 0xc0 0x0 0x0 0x1 0x14 0x47
[13:34:32]  Received Report from port ~~ with new code : 25.
[13:34:32]  Received Report from port : 25.

[13:34:32]  Received Report from port ~~ with new code : 25.
[13:34:32]  Received Report from port : 25.

[13:34:33]  Received Report from port ~~ with new code : 25.
[13:34:38]  Tracking : Az 209, El 14.
[13:34:55]  Tracking : Az 212, El 16.
[13:35:15]  Tracking : Az 216, El 18.
[13:35:28]  Tracking : Az 219, El 19.
[13:35:35]  [OK]CMD Packet Header: 0x18 0x75 0xc0 0x0 0x0 0x1 0x14 0x47
[13:35:36]  Received Report from port ~~ with new code : 25.
[13:35:36]  Received Report from port : 25.

[13:35:36]  Received Report from port ~~ with new code : 25.
[13:35:36]  Received Report from port : 25.

[13:35:37]  Received Report from port ~~ with new code : 25.
[13:35:40]  Tracking : Az 222, El 21.
[13:35:46]  [OK]CMD Packet Header: 0x18 0x75 0xc0 0x0 0x0 0x1 0x1a 0x49
[13:35:47]  Received Report from port ~~ with new code : 25.
[13:35:47]  Received Report from port : 25.

[13:35:47]  Received Report from port ~~ with new code : 25.
[13:35:47]  Received Report from port : 25.

[13:35:47]  Received Report from port ~~ with new code : 25.
[13:35:51]  Tracking : Az 225, El 22.
[13:36:01]  Tracking : Az 228, El 23.
[13:36:11]  Tracking : Az 231, El 24.
[13:36:17]  Tracking : Az 233, El 24.
[13:36:25]  Tracking : Az 236, El 25.
[13:36:33]  Tracking : Az 239, El 26.
[13:36:41]  Tracking : Az 242, El 27.
[13:36:48]  Tracking : Az 245, El 27.
[13:36:51]  [OK]CMD Packet Header: 0x18 0x75 0xc0 0x0 0x0 0x1 0x14 0x47
[13:36:52]  Received Report from port ~~ with new code : 25.
[13:36:52]  Received Report from port : 25.

[13:36:53]  Received Report from port ~~ with new code : 25.
[13:36:53]  Received Report from port : 25.

[13:36:53]  Received Report from port ~~ with new code : 25.
[13:36:54]  Tracking : Az 247, El 28.
[13:37:00]  Tracking : Az 250, El 28.
[13:37:07]  Tracking : Az 253, El 28.
[13:37:14]  Tracking : Az 256, El 28.
[13:37:20]  Tracking : Az 259, El 29.
[13:37:27]  Tracking : Az 262, El 29.
[13:37:34]  Tracking : Az 265, El 29.
[13:37:40]  Tracking : Az 268, El 29.
[13:37:44]  [OK]CMD Packet Header: 0x18 0x50 0xc0 0x0 0x0 0x1 0x6 0x70
[13:37:47]  Tracking : Az 271, El 28.
[13:37:54]  Tracking : Az 274, El 28.
[13:37:57]  [OK]CMD Packet Header: 0x18 0x75 0xc0 0x0 0x0 0x5 0x1e 0xa2
[13:38:00]  Tracking : Az 276, El 28.
[13:38:04]  Tracking : Az 278, El 28.
[13:38:05]  [OK]CMD Packet Header: 0x18 0x75 0xc0 0x0 0x0 0x5 0x1e 0xa2
[13:38:06]  Received Report from port ~~ with new code : 25.
[13:38:06]  Received Report from port : 25.

[13:38:06]  Received Report from port ~~ with new code : 25.
[13:38:06]  Received Report from port : 25.

[13:38:07]  Received Report from port ~~ with new code : 25.
[13:38:10]  Tracking : Az 281, El 27.
[13:38:11]  [OK]CMD Packet Header: 0x18 0x50 0xc0 0x0 0x0 0x1 0x6 0x70
[13:38:18]  Tracking : Az 284, El 27.
[13:38:22]  [OK]CMD Packet Header: 0x18 0x75 0xc0 0x0 0x0 0x1 0x14 0x47
[13:38:23]  Received Report from port ~~ with new code : 25.
[13:38:23]  Received Report from port : 25.

[13:38:24]  Received Report from port ~~ with new code : 25.
[13:38:24]  Received Report from port : 25.

[13:38:24]  Received Report from port ~~ with new code : 25.
[13:38:25]  Tracking : Az 287, El 26.
[13:38:33]  Tracking : Az 290, El 25.
[13:38:42]  Tracking : Az 293, El 25.
[13:38:51]  Tracking : Az 296, El 24.
[13:38:57]  [OK]CMD Packet Header: 0x18 0x75 0xc0 0x0 0x0 0x1 0x1a 0x0
[13:38:57]  Received Report from port ~~ with new code : 25.
[13:38:57]  Received Report from port : 25.

[13:38:58]  Received Report from port ~~ with new code : 25.
[13:38:58]  Received Report from port : 25.

[13:38:58]  Received Report from port ~~ with new code : 25.
[13:39:00]  Tracking : Az 299, El 23.
[13:39:10]  Tracking : Az 302, El 22.
[13:39:21]  Tracking : Az 305, El 20.
[13:39:33]  Tracking : Az 307, El 19.
[13:39:38]  [OK]CMD Packet Header: 0x18 0x75 0xc0 0x0 0x0 0x1 0x1a 0x49
[13:39:39]  Received Report from port ~~ with new code : 25.
[13:39:39]  Received Report from port : 25.

[13:39:39]  Received Report from port ~~ with new code : 25.
[13:39:39]  Received Report from port : 25.

[13:39:40]  Received Report from port ~~ with new code : 25.
[13:39:42]  Tracking : Az 310, El 18.
[13:39:57]  Tracking : Az 313, El 17.
[13:40:13]  Tracking : Az 316, El 15.
[13:40:25]  [OK]CMD Packet Header: 0x18 0x75 0xc0 0x0 0x0 0x1 0x1a 0x0
[13:40:26]  Received Report from port ~~ with new code : 25.
[13:40:26]  Received Report from port : 25.

[13:40:27]  Received Report from port ~~ with new code : 25.
[13:40:27]  Received Report from port : 25.

[13:40:27]  Received Report from port ~~ with new code : 25.
[13:40:31]  Tracking : Az 319, El 13.
[13:40:44]  Tracking : Az 321, El 12.
[13:41:02]  [OK]CMD Packet Header: 0x18 0x75 0xc0 0x0 0x0 0x1 0x1a 0x49
[13:41:06]  Ping Success at node 5, 465ms
[13:41:07]  Tracking : Az 324, El 10.
[13:41:08]  [OK]CMD Packet Header: 0x18 0x75 0xc0 0x0 0x0 0x1 0x1a 0x0
[13:41:09]  Received Report from port ~~ with new code : 25.
[13:41:09]  Received Report from port : 25.

[13:41:10]  Received Report from port ~~ with new code : 25.
[13:41:10]  Received Report from port : 25.

[13:41:10]  Received Report from port ~~ with new code : 25.
[13:41:34]  Tracking : Az 327, El 8.
[13:41:51]  [OK]CMD Packet Header: 0x18 0x75 0xc0 0x0 0x0 0x1 0x14 0x47
[13:41:58]  Ping Failed.
[13:42:04]  Tracking : Az 329, El 5.
[13:42:08]  Ping Success at node 5, 480ms
[13:42:09]  [OK]CMD Packet Header: 0x18 0x75 0xc0 0x0 0x0 0x1 0x14 0x47
[13:42:10]  Received Report from port ~~ with new code : 25.
[13:42:10]  Received Report from port : 25.

[13:42:10]  Received Report from port ~~ with new code : 25.
[13:42:10]  Received Report from port : 25.

[13:42:11]  Received Report from port ~~ with new code : 25.
[13:42:31]  Tracking : Az 332, El 4.
[13:43:20]  Tracking : Az 335, El 0.
[13:43:31]  Forked Safe Amplifier Process. (OFF)
[13:43:34]  Finish Engaging.
[13:43:34]  Beacon Success : 0, Ping Success : 6
[13:44:02]  Tracking : Az 0, El 0.
