2026-01-11 01:37
[01:37:28]  Connect to Switch Box.............Success.
[01:37:28]  Connect to Rotator................Success.
[01:37:28]  Connect to GS100..................Success.
[01:37:28]  TM Port 13 bind success.
[01:37:28]  BCN Port 31 bind success.
[01:37:28]  RPT Port 25 bind success.
[01:37:28]  Event Port 27 bind success.
[01:37:28]  COSMIC Beacon Port 23 bind success.
[01:37:28]  COSMIC Report Port 24 bind success.
[01:37:31]  TLE "cubesat" Download Completed.
[01:37:34]  Start Engaging.
[01:37:35]  Start Doppler Correction.
[01:37:36]  Ping Success at node 5, 477ms
[01:37:37]  Forked Safe Amplifier Process.(ON, Timer)
[01:37:39]  Tracking : Az 184, El 5.
[01:37:40]  Ping Success at node 5, 472ms
[01:37:41]  Tracking : Az 184, El 5.
[01:37:49]  [OK]CMD Packet Header: 0x18 0x75 0xc0 0x0 0x0 0x1 0x14 0x47
[01:38:19]  Tracking : Az 185, El 2.
[01:38:21]  Tracking : Az 185, El 2.
[01:38:31]  [OK]CMD Packet Header: 0x18 0x75 0xc0 0x0 0x0 0x1 0x14 0x47
[01:38:34]  Ping Success at node 5, 475ms
[01:38:36]  AX100 Boot Count : 189
[01:38:39]  Total RX Bytes : 218891
[01:38:45]  Remote Param Control OK. Last RSSI : -93
[01:38:47]  Remote Param Control OK. csp_rtable : 0/0 AX100, 3/5 CAN, 23/5 CAN
[01:38:50]  Ping Success at node 5, 476ms
[01:39:22]  Tracking : Az 184, El 6.
[01:39:24]  Tracking : Az 184, El 6.
[01:40:06]  Forked Safe Amplifier Process. (OFF)
[01:40:08]  Finish Engaging.
[01:40:08]  Beacon Success : 0, Ping Success : 4
[01:40:08]  Tracking : Az 0, El 0.
