2026-01-04 01:11
[01:11:50]  Connect to Switch Box.............Success.
[01:11:50]  Connect to Rotator................Success.
[01:11:50]  Connect to GS100..................Success.
[01:11:50]  TM Port 13 bind success.
[01:11:50]  BCN Port 31 bind success.
[01:11:50]  RPT Port 25 bind success.
[01:11:50]  Event Port 27 bind success.
[01:11:50]  COSMIC Beacon Port 23 bind success.
[01:11:50]  COSMIC Report Port 24 bind success.
[01:11:53]  TLE "cubesat" Download Completed.
[01:11:58]  Start Engaging.
[01:12:08]  Start Doppler Correction.
[01:26:39]  Tracking : Az 16, El 3.
[01:26:55]  Forked Safe Amplifier Process.(ON, Timer)
[01:26:59]  Ping Failed.
[01:27:08]  Ping Failed.
[01:27:19]  Tracking : Az 17, El 6.
[01:27:44]  Ping Failed.
[01:27:54]  Tracking : Az 18, El 9.
[01:27:57]  Ping Failed.
[01:28:10]  Ping Failed.
[01:28:24]  Tracking : Az 19, El 12.
[01:28:26]  Ping Failed.
[01:28:45]  Ping Failed.
[01:28:50]  Tracking : Az 21, El 15.
[01:28:52]  Tracking : Az 21, El 15.
[01:28:55]  Ping Success at node 5, 465ms
[01:29:04]  Ping Failed at node 3.
[01:29:05]  AX100 Boot Count : 22239
[01:29:08]  Ping Success at node 5, 467ms
[01:29:13]  Tracking : Az 22, El 18.
[01:29:15]  Ping Failed at node 3.
[01:29:16]  Remote Param Control OK. csp_rtable : 0/0 AX100, 3/5 CAN, 6/5 CAN
[01:29:22]  Ping Failed at node 3.
[01:29:26]  Ping Failed at node 3.
[01:29:30]  Ping Failed at node 3.
[01:29:31]  Ping Success at node 5, 466ms
[01:29:32]  Tracking : Az 24, El 21.
[01:29:49]  Tracking : Az 25, El 24.
[01:30:05]  Tracking : Az 27, El 27.
[01:30:18]  Tracking : Az 29, El 30.
[01:30:30]  Tracking : Az 31, El 33.
[01:30:40]  Tracking : Az 34, El 35.
[01:30:48]  Tracking : Az 36, El 38.
[01:30:51]  Tracking : Az 36, El 39.
[01:30:53]  Tracking : Az 37, El 39.
[01:30:56]  Ping Success at node 5, 459ms
[01:31:00]  Tracking : Az 39, El 42.
[01:31:01]  Ping Failed at node 3.
[01:31:04]  Ping Failed at node 3.
[01:31:08]  Tracking : Az 42, El 44.
[01:31:08]  Ping Failed at node 3.
[01:31:11]  Tracking : Az 44, El 45.
[01:31:12]  Ping Failed at node 3.
[01:31:16]  Ping Failed at node 3.
[01:31:18]  Tracking : Az 47, El 48.
[01:31:20]  Tracking : Az 48, El 49.
[01:31:20]  Ping Failed at node 3.
[01:31:25]  Ping Failed at node 3.
[01:31:26]  Tracking : Az 51, El 51.
[01:31:29]  Ping Failed at node 3.
[01:31:30]  Tracking : Az 54, El 52.
[01:31:30]  Ping Success at node 5, 456ms
[01:31:32]  Tracking : Az 56, El 53.
[01:31:33]  AX100 Boot Count : 22239
[01:31:34]  Ping Failed at node 3.
[01:31:38]  Tracking : Az 60, El 55.
[01:31:40]  Tracking : Az 62, El 56.
[01:31:44]  Tracking : Az 66, El 57.
[01:31:46]  Tracking : Az 68, El 58.
[01:31:49]  Ping Success at node 5, 466ms
[01:31:49]  Tracking : Az 71, El 58.
[01:31:51]  Tracking : Az 73, El 59.
[01:31:54]  Tracking : Az 77, El 60.
[01:31:54]  Ping Failed at node 3.
[01:31:56]  Tracking : Az 79, El 60.
[01:31:59]  Tracking : Az 83, El 61.
[01:32:01]  Tracking : Az 86, El 61.
[01:32:03]  Tracking : Az 88, El 61.
[01:32:06]  Tracking : Az 93, El 62.
[01:32:08]  Tracking : Az 95, El 62.
[01:32:10]  Tracking : Az 98, El 62.
[01:32:12]  Tracking : Az 101, El 62.
[01:32:14]  Tracking : Az 104, El 62.
[01:32:16]  Tracking : Az 107, El 62.
[01:32:18]  Tracking : Az 110, El 62.
[01:32:21]  Tracking : Az 114, El 61.
[01:32:23]  Tracking : Az 117, El 61.
[01:32:26]  Tracking : Az 120, El 60.
[01:32:28]  Tracking : Az 123, El 60.
[01:32:31]  Tracking : Az 127, El 59.
[01:32:33]  Tracking : Az 129, El 59.
[01:32:35]  Tracking : Az 131, El 58.
[01:32:37]  Tracking : Az 133, El 58.
[01:32:41]  Tracking : Az 137, El 56.
[01:32:43]  Tracking : Az 139, El 56.
[01:32:47]  Tracking : Az 142, El 54.
[01:32:47]  Ping Failed at node 3.
[01:32:49]  Tracking : Az 144, El 53.
[01:32:50]  Ping Failed at node 3.
[01:32:51]  Ping Success at node 5, 456ms
[01:32:53]  Tracking : Az 147, El 52.
[01:32:54]  Total RX Bytes : 53836
[01:32:56]  Tracking : Az 149, El 51.
[01:32:57]  Ping Success at node 5, 458ms
[01:33:00]  Total RX Bytes : 53860
[01:33:01]  Tracking : Az 152, El 49.
[01:33:05]  Forked Safe Amplifier Process. (OFF)
[01:33:07]  Tracking : Az 155, El 47.
[01:33:09]  Finish Engaging.
[01:33:09]  Beacon Success : 0, Ping Success : 8
[01:33:09]  Tracking : Az 0, El 0.
[01:33:10]  Tracking : Az 0, El 0.
