2026-01-02 01:48
[01:48:57]  Connect to Switch Box.............Success.
[01:48:57]  Connect to Rotator................Success.
[01:48:57]  Connect to GS100..................Success.
[01:48:57]  TM Port 13 bind success.
[01:48:57]  BCN Port 31 bind success.
[01:48:57]  RPT Port 25 bind success.
[01:48:57]  Event Port 27 bind success.
[01:48:57]  COSMIC Beacon Port 23 bind success.
[01:48:57]  COSMIC Report Port 24 bind success.
[01:49:10]  TLE "cubesat" Download Completed.
[01:49:14]  Start Engaging.
[01:49:14]  Tracking : Az 0, El 0.
[01:49:16]  Start Doppler Correction.
[01:49:16]  Please load TLE or FDS. Stop Doppler Correction.
[01:49:16]  Tracking : Az 0, El 0.
[01:49:18]  Tracking : Az 351, El 60.
[01:49:20]  Tracking : Az 349, El 62.
[01:49:22]  Tracking : Az 348, El 63.
[01:49:24]  Tracking : Az 347, El 64.
[01:49:25]  Start Doppler Correction.
[01:49:26]  Tracking : Az 346, El 65.
[01:49:28]  Tracking : Az 344, El 66.
[01:49:30]  Tracking : Az 342, El 67.
[01:49:32]  Tracking : Az 340, El 68.
[01:49:34]  Tracking : Az 338, El 69.
[01:49:36]  Tracking : Az 336, El 70.
[01:49:38]  Tracking : Az 333, El 71.
[01:49:40]  Tracking : Az 330, El 72.
[01:49:42]  Tracking : Az 326, El 73.
[01:49:44]  Tracking : Az 322, El 74.
[01:49:46]  Tracking : Az 318, El 75.
[01:49:48]  Tracking : Az 313, El 76.
[01:49:49]  Forked Safe Amplifier Process.(ON, Timer)
[01:49:50]  Tracking : Az 307, El 77.
[01:49:52]  Tracking : Az 301, El 77.
[01:49:54]  Tracking : Az 294, El 77.
[01:49:56]  Tracking : Az 287, El 78.
[01:49:58]  Tracking : Az 280, El 78.
[01:50:00]  Tracking : Az 273, El 78.
[01:50:02]  Tracking : Az 266, El 77.
[01:50:04]  Tracking : Az 260, El 77.
[01:50:06]  Tracking : Az 254, El 76.
[01:50:08]  Tracking : Az 249, El 75.
[01:50:10]  Tracking : Az 244, El 75.
[01:50:12]  Tracking : Az 240, El 74.
[01:50:14]  Tracking : Az 237, El 73.
[01:50:16]  Tracking : Az 234, El 72.
[01:50:18]  Tracking : Az 231, El 71.
[01:50:20]  Tracking : Az 228, El 69.
[01:50:22]  Tracking : Az 226, El 68.
[01:50:25]  Tracking : Az 223, El 67.
[01:50:28]  Ping Success at node 5, 453ms
[01:50:29]  Tracking : Az 220, El 64.
[01:50:30]  [OK]CMD Packet Header: 0x18 0x75 0xc0 0x0 0x0 0x1 0x14 0x47
[01:50:31]  Received Report from port : 25.
[01:50:31]  Tracking : Az 219, El 63.
[01:50:33]  Received Report from port : 25.
[01:50:35]  Tracking : Az 216, El 61.
[01:50:35]  Received Report from port : 25.
[01:50:37]  Tracking : Az 215, El 60.
[01:50:42]  Tracking : Az 213, El 57.
[01:50:44]  Tracking : Az 212, El 56.
[01:50:52]  Tracking : Az 210, El 52.
[01:50:54]  Tracking : Az 209, El 51.
[01:51:03]  Tracking : Az 207, El 47.
[01:51:05]  Tracking : Az 207, El 46.
[01:51:15]  Tracking : Az 205, El 42.
[01:51:18]  Tracking : Az 204, El 41.
[01:51:22]  Start FTP Downlink.
[01:51:29]  Tracking : Az 203, El 37.
[01:51:32]  Tracking : Az 203, El 36.
[01:51:42]  Tracking : Az 202, El 33.
[01:51:53]  Fail to complete ftp_download. Retcode : -5
[01:51:53]  Tracking : Az 201, El 30.
[01:52:03]  Ping Success at node 5, 468ms
[01:52:04]  [OK]CMD Packet Header: 0x18 0x75 0xc0 0x0 0x0 0x1 0x14 0x47
[01:52:05]  Received Report from port : 25.
[01:52:07]  Received Report from port : 25.
[01:52:09]  Tracking : Az 200, El 26.
[01:52:09]  Received Report from port : 25.
[01:52:11]  Tracking : Az 200, El 26.
[01:52:24]  Tracking : Az 200, El 23.
[01:52:32]  [OK]CMD Packet Header: 0x18 0x15 0xc0 0x0 0x0 0x45 0xa 0x3e
[01:52:33]  Received GETFILEINFO Response from port : 23.

[01:52:46]  Tracking : Az 199, El 19.
[01:52:46]  Start FTP Downlink.
[01:52:48]  Tracking : Az 199, El 19.
[01:53:06]  Tracking : Az 198, El 16.
[01:53:17]  Fail to complete ftp_download. Retcode : -5
[01:53:37]  Tracking : Az 198, El 12.
[01:53:39]  Tracking : Az 198, El 12.
[01:54:01]  Ping Success at node 5, 460ms
[01:54:05]  Tracking : Az 197, El 9.
[01:54:18]  [OK]CMD Packet Header: 0x18 0x75 0xc0 0x0 0x0 0x1 0x14 0x47
[01:54:20]  Received Report from port : 25.
[01:54:22]  Received Report from port : 25.
[01:54:28]  [OK]CMD Packet Header: 0x18 0x75 0xc0 0x0 0x0 0x1 0x14 0x47
[01:54:28]  Received Report from port : 25.
[01:54:30]  Received Report from port : 25.
[01:54:33]  Received Report from port : 25.
[01:54:45]  [OK]CMD Packet Header: 0x18 0x50 0xc0 0x0 0x0 0x1 0x6 0x70
[01:54:45]  Received Report from port : 25.
[01:54:47]  Received Report from port : 25.
[01:54:49]  Tracking : Az 197, El 5.
[01:54:49]  Received Report from port : 25.
[01:54:51]  Tracking : Az 197, El 5.
[01:55:03]  [OK]CMD Packet Header: 0x18 0x75 0xc0 0x0 0x0 0x5 0x1e 0xa2
[01:55:11]  Ping Success at node 5, 471ms
[01:55:12]  [OK]CMD Packet Header: 0x18 0x75 0xc0 0x0 0x0 0x5 0x1e 0xa2
[01:55:21]  [OK]CMD Packet Header: 0x18 0x75 0xc0 0x0 0x0 0x5 0x1e 0xa2
[01:55:31]  Tracking : Az 196, El 2.
[01:55:35]  [OK]CMD Packet Header: 0x18 0x75 0xc0 0x0 0x0 0x5 0x1e 0xa2
[01:55:39]  Ping Success at node 5, 465ms
[01:55:41]  [OK]CMD Packet Header: 0x18 0x75 0xc0 0x0 0x0 0x5 0x1e 0xa2
[01:55:53]  [OK]CMD Packet Header: 0x18 0x75 0xc0 0x0 0x0 0x1 0x14 0x47
[01:56:00]  Ping Success at node 5, 479ms
[01:56:05]  AX100 Boot Count : 188
[01:56:09]  [OK]CMD Packet Header: 0x18 0x75 0xc0 0x0 0x0 0x1 0x14 0x47
[01:56:23]  Ping Failed.
[01:56:25]  Forked Safe Amplifier Process. (OFF)
[01:56:28]  Finish Engaging.
[01:56:28]  Beacon Success : 0, Ping Success : 6
[01:56:29]  Tracking : Az 0, El 0.
