2026-06-17 22:28
[22:28:43]  Connect to Switch Box..............Failed.
[22:28:43]  Connect to Rotator.................Failed.
[22:28:43]  Connect to GS100..................Success.
[22:28:43]  BEE-1000 BCN Port 31 bind success.
[22:28:43]  BEE-1000 RPT Port 25 bind success.
[22:28:43]  BEE-1000 Event Port 27 bind success.
[22:28:43]  BEE-100 FM Port 23 bind success.
[22:28:43]  UEL-Y-Sys. BCN Port 12 bind success.
[22:28:43]  UEL-Y-Sys. RPT Port 10 bind success.
[22:28:43]  UEL-Y-Sys. Event Port 11 bind success.
[22:28:43]  Rotator Read Failed. Please Check Again.
[22:28:43]  UEL-Y-Sys. FM Port 14 bind success.
[22:28:43]  BEE-1012 BCN Port 17 bind success.
[22:28:43]  BEE-1012 RPT Port 15 bind success.
[22:28:43]  BEE-1012 Event Port 16 bind success.
[22:28:43]  BEE-1012 FM Port 18 bind success.
[22:28:43]  BEE-1012 AIOBC Port 29 bind success.
[22:28:47]  Cannot Read 20 parameters of Table 0.
[22:28:50]  Cannot Read 13 parameters of Table 1.
[22:28:53]  Cannot Read 18 parameters of Table 5.
