2026-01-03 11:54
[11:54:15]  Connect to Switch Box.............Success.
[11:54:15]  Connect to Rotator................Success.
[11:54:15]  Connect to GS100..................Success.
[11:54:15]  TM Port 13 bind success.
[11:54:15]  BCN Port 31 bind success.
[11:54:15]  RPT Port 25 bind success.
[11:54:15]  Event Port 27 bind success.
[11:54:15]  COSMIC Beacon Port 23 bind success.
[11:54:15]  COSMIC Report Port 24 bind success.
[11:54:23]  TLE "cubesat" Download Completed.
[11:54:55]  Start Engaging.
[11:54:55]  Tracking : Az 139, El 0.
[11:54:57]  Tracking : Az 139, El 0.
[11:54:57]  Start Doppler Correction.
[11:54:59]  Tracking : Az 139, El 0.
[11:55:01]  Tracking : Az 139, El 0.
[11:55:03]  Tracking : Az 139, El 0.
[11:55:05]  Tracking : Az 139, El 0.
[11:55:07]  Tracking : Az 139, El 0.
[11:55:09]  Tracking : Az 139, El 0.
[11:55:11]  Tracking : Az 139, El 0.
[11:55:13]  Tracking : Az 139, El 0.
[11:55:15]  Tracking : Az 139, El 0.
[11:55:17]  Tracking : Az 139, El 0.
[11:55:19]  Tracking : Az 139, El 0.
[11:55:21]  Tracking : Az 139, El 0.
[11:55:23]  Tracking : Az 139, El 0.
[12:07:22]  Tracking : Az 136, El 2.
[12:07:28]  Ping Failed.
[12:07:44]  Tracking : Az 135, El 4.
[12:07:46]  Tracking : Az 135, El 4.
[12:07:52]  Ping Failed.
[12:07:58]  Forked Safe Amplifier Process.(ON, Timer)
[12:08:06]  Ping Success at node 5, 471ms
[12:08:08]  Ping Success at node 5, 473ms
[12:08:10]  Ping Success at node 5, 464ms
[12:08:12]  Tracking : Az 132, El 5.
[12:08:12]  AX100 Boot Count : 22238
[12:08:14]  Tracking : Az 132, El 6.
[12:08:16]  Cannot Load Remote Parameter.
[12:08:20]  Cannot Load Remote Parameter.
[12:08:24]  Cannot Load Remote Parameter.
[12:08:28]  Ping Failed.
[12:08:34]  Ping Success at node 5, 463ms
[12:08:37]  AX100 Boot Count : 22238
[12:08:39]  Remote Param Control OK. csp_rtable : 0/0 AX100, 3/5 CAN, 6/5 CAN
[12:08:43]  Tracking : Az 129, El 8.
[12:08:45]  Ping Failed at node 3.
[12:08:50]  Ping Failed at node 3.
[12:08:57]  Ping Failed at node 6.
[12:09:02]  Ping Failed at node 6.
[12:09:04]  Tracking : Az 127, El 10.
[12:09:21]  Ping Failed at node 6.
[12:09:22]  Ping Success at node 5, 463ms
[12:09:23]  Tracking : Az 124, El 11.
[12:09:25]  Tracking : Az 124, El 11.
[12:09:39]  Tracking : Az 122, El 13.
[12:09:41]  Tracking : Az 122, El 13.
[12:09:41]  Ping Failed at node 6.
[12:09:44]  Ping Failed at node 6.
[12:09:45]  Ping Success at node 5, 462ms
[12:09:55]  Tracking : Az 119, El 14.
[12:10:00]  [OK]CMD Packet Header: 0x18 0x71 0xc0 0x0 0x0 0x1 0x16 0x41
[12:10:06]  Ping Failed at node 6.
[12:10:09]  Ping Failed at node 3.
[12:10:10]  Ping Success at node 5, 472ms
[12:10:11]  Tracking : Az 116, El 16.
[12:10:13]  Tracking : Az 116, El 16.
[12:10:24]  Ping Success at node 5, 471ms
[12:10:25]  Tracking : Az 113, El 17.
[12:10:31]  Ping Failed at node 3.
[12:10:35]  Ping Failed at node 3.
[12:10:36]  Ping Success at node 5, 469ms
[12:10:38]  Tracking : Az 110, El 18.
[12:10:40]  Tracking : Az 110, El 18.
[12:10:41]  Ping Failed at node 3.
[12:10:42]  Ping Success at node 5, 467ms
[12:10:46]  Ping Failed at node 3.
[12:10:50]  Ping Failed at node 6.
[12:10:51]  Ping Success at node 5, 462ms
[12:10:54]  Tracking : Az 106, El 20.
[12:10:56]  Tracking : Az 106, El 20.
[12:10:57]  Ping Failed at node 6.
[12:10:58]  Ping Success at node 5, 458ms
[12:11:04]  Ping Failed at node 6.
[12:11:04]  Tracking : Az 103, El 21.
[12:11:05]  Ping Success at node 5, 471ms
[12:11:06]  Tracking : Az 103, El 21.
[12:11:14]  Tracking : Az 100, El 22.
[12:11:15]  [OK]CMD Packet Header: 0x18 0x23 0xc0 0x0 0x0 0x1 0x1b 0x1e
[12:11:15]  [OK]CMD Packet Header: 0x18 0x23 0xc0 0x0 0x0 0x8 0x2 0x18
[12:11:15]  [OK]CMD Packet Header: 0x18 0x19 0xc0 0x0 0x0 0x5 0x0 0x29
[12:11:16]  Tracking : Az 100, El 22.
[12:11:20]  Ping Success at node 5, 469ms
[12:11:23]  Tracking : Az 98, El 23.
[12:11:25]  Tracking : Az 97, El 23.
[12:11:28]  Ping Failed at node 6.
[12:11:33]  Tracking : Az 94, El 23.
[12:11:35]  Tracking : Az 94, El 23.
[12:11:35]  Ping Failed at node 6.
[12:11:37]  Ping Failed.
[12:11:38]  Ping Success at node 5, 470ms
[12:11:40]  AX100 Boot Count : 22238
[12:11:41]  Tracking : Az 91, El 24.
[12:11:43]  Tracking : Az 91, El 24.
[12:11:43]  Remote Param Control OK. csp_rtable : 0/0 AX100, 3/5 CAN, 6/5 CAN
[12:11:47]  Tracking : Az 89, El 24.
[12:11:49]  Ping Failed at node 6.
[12:11:55]  Tracking : Az 86, El 25.
[12:11:55]  Ping Failed at node 6.
[12:11:57]  Tracking : Az 85, El 25.
[12:12:01]  Ping Failed at node 6.
[12:12:03]  Tracking : Az 83, El 25.
[12:12:07]  Ping Failed at node 6.
[12:12:10]  Tracking : Az 80, El 26.
[12:12:12]  Tracking : Az 79, El 26.
[12:12:14]  Ping Failed at node 6.
[12:12:18]  Tracking : Az 77, El 26.
[12:12:20]  Ping Failed at node 6.
[12:12:20]  Ping Success at node 5, 471ms
[12:12:24]  Tracking : Az 74, El 26.
[12:12:27]  Ping Failed at node 3.
[12:12:27]  Tracking : Az 73, El 26.
[12:12:33]  Ping Failed at node 3.
[12:12:34]  Tracking : Az 70, El 26.
[12:12:36]  Tracking : Az 69, El 26.
[12:12:38]  Ping Failed at node 3.
[12:12:39]  Ping Success at node 5, 466ms
[12:12:42]  Tracking : Az 67, El 26.
[12:12:45]  Ping Failed.
[12:12:47]  Ping Success at node 5, 467ms
[12:12:48]  Tracking : Az 64, El 26.
[12:12:51]  Ping Success at node 5, 458ms
[12:12:51]  Tracking : Az 63, El 26.
[12:12:56]  Ping Success at node 5, 463ms
[12:12:58]  Tracking : Az 60, El 26.
[12:13:00]  Tracking : Az 60, El 26.
[12:13:02]  Ping Failed at node 3.
[12:13:06]  Tracking : Az 57, El 25.
[12:13:08]  Tracking : Az 56, El 25.
[12:13:16]  Tracking : Az 53, El 25.
[12:13:18]  Tracking : Az 52, El 25.
[12:13:26]  Tracking : Az 49, El 24.
[12:13:28]  Tracking : Az 49, El 24.
[12:13:35]  Tracking : Az 46, El 24.
[12:13:37]  Tracking : Az 46, El 23.
[12:13:43]  Tracking : Az 43, El 23.
[12:13:45]  Tracking : Az 43, El 23.
[12:13:53]  Tracking : Az 40, El 22.
[12:13:55]  Tracking : Az 40, El 22.
[12:14:02]  Tracking : Az 37, El 21.
[12:14:04]  Tracking : Az 37, El 21.
[12:14:09]  Tracking : Az 35, El 21.
[12:14:20]  Tracking : Az 32, El 19.
[12:14:36]  Tracking : Az 28, El 18.
[12:14:38]  Ping Failed at node 3.
[12:14:38]  Tracking : Az 28, El 18.
[12:14:38]  Ping Success at node 5, 457ms
[12:14:40]  Ping Success at node 5, 459ms
[12:14:42]  Ping Success at node 5, 473ms
[12:14:44]  AX100 Boot Count : 22238
[12:14:46]  Remote Param Control OK. csp_rtable : 0/0 AX100, 3/5 CAN, 6/5 CAN
[12:14:52]  Remote Param Control OK.(No Reply)
[12:14:54]  Tracking : Az 24, El 16.
[12:14:56]  Tracking : Az 24, El 16.
[12:14:57]  Ping Success at node 5, 468ms
[12:15:00]  AX100 Boot Count : 22239
[12:15:02]  AX100 Boot Count : 22239
[12:15:10]  Tracking : Az 21, El 15.
[12:15:12]  Tracking : Az 21, El 14.
[12:15:22]  Ping Success at node 5, 467ms
[12:15:26]  Ping Success at node 5, 466ms
[12:15:28]  Ping Success at node 5, 468ms
[12:15:33]  Tracking : Az 17, El 12.
[12:15:33]  Ping Failed at node 3.
[12:15:35]  Tracking : Az 17, El 12.
[12:15:37]  Ping Failed.
[12:15:41]  Ping Failed.
[12:15:44]  Ping Failed.
[12:15:47]  Ping Failed.
[12:15:51]  Ping Failed.
[12:15:54]  Tracking : Az 14, El 11.
[12:15:54]  Ping Failed.
[12:15:56]  Tracking : Az 14, El 10.
[12:16:00]  Ping Failed.
[12:16:06]  Ping Failed.
[12:16:12]  Ping Failed.
[12:16:17]  Ping Failed.
[12:16:18]  Tracking : Az 11, El 9.
[12:16:24]  Ping Failed.
[12:16:27]  Ping Failed at node 3.
[12:16:34]  Forked Safe Amplifier Process. (OFF)
[12:16:40]  Finish Engaging.
[12:16:40]  Beacon Success : 0, Ping Success : 27
[12:16:43]  Tracking : Az 0, El 0.
