2025-12-15 13:03
[13:03:38]  Connect to Switch Box.............Success.
[13:03:38]  Connect to Rotator................Success.
[13:03:38]  Connect to GS100..................Success.
[13:03:38]  TM Port 13 bind success.
[13:03:38]  BCN Port 31 bind success.
[13:03:38]  RPT Port 25 bind success.
[13:03:50]  TLE "cubesat" Download Completed.
[13:04:02]  Start Engaging.
[13:04:02]  Start Engaging.
[13:04:02]  Tracking : Az 174, El 0.
[13:04:02]  Start Doppler Correction.
[13:04:04]  Tracking : Az 174, El 0.
[13:04:06]  Tracking : Az 174, El 0.
[13:04:08]  Tracking : Az 174, El 0.
[13:04:10]  Tracking : Az 174, El 0.
[13:04:12]  Tracking : Az 174, El 0.
[13:04:14]  Tracking : Az 174, El 0.
[13:04:16]  Tracking : Az 174, El 0.
[13:04:18]  Tracking : Az 174, El 0.
[13:04:20]  Tracking : Az 174, El 0.
[13:04:22]  Tracking : Az 174, El 0.
[13:04:24]  Tracking : Az 174, El 0.
[13:04:26]  Tracking : Az 174, El 0.
[13:04:28]  Tracking : Az 174, El 0.
[13:04:30]  Tracking : Az 174, El 0.
[13:04:32]  Tracking : Az 174, El 0.
[13:04:34]  Tracking : Az 174, El 0.
[13:05:04]  Forked Safe Amplifier Process.(ON, Timer)
[13:05:07]  Ping Success at node 5, 476ms
[13:05:21]  Tracking : Az 175, El 3.
[13:05:23]  Tracking : Az 175, El 3.
[13:05:27]  [OK]CMD Packet Header: 0x18 0x75 0xc0 0x0 0x0 0x1 0x14 0x47
[13:05:28]  Received Report from port : 25.
[13:05:30]  Received Report from port : 25.
[13:05:32]  Received Report from port : 25.
[13:05:58]  [OK]CMD Packet Header: 0x18 0x75 0xc0 0x0 0x0 0x1 0x1a 0x49
[13:05:58]  Received Report from port : 25.
[13:06:00]  Received Report from port : 25.
[13:06:01]  Tracking : Az 176, El 6.
[13:06:02]  Received Report from port : 25.
[13:06:03]  Tracking : Az 176, El 6.
[13:06:27]  [OK]CMD Packet Header: 0x18 0x75 0xc0 0x0 0x0 0x1 0x17 0x44
[13:06:28]  Received Report from port : 25.
