2026-07-22 21:42
[21:42:28]  Connect to Switch Box..............Failed.
[21:42:28]  Connect to Rotator.................Failed.
[21:42:28]  Connect to GS100..................Success.
[21:42:28]  BEE-1000 BCN Port 31 bind success.
[21:42:28]  Rotator Read Failed. Please Check Again.
[21:42:28]  BEE-1000 RPT Port 25 bind success.
[21:42:28]  BEE-1000 Event Port 27 bind success.
[21:42:28]  BEE-100 FM Port 23 bind success.
[21:42:28]  UEL-Y-Sys. BCN Port 12 bind success.
[21:42:28]  UEL-Y-Sys. RPT Port 10 bind success.
[21:42:28]  UEL-Y-Sys. Event Port 11 bind success.
[21:42:28]  UEL-Y-Sys. FM Port 14 bind success.
[21:42:28]  BEE-1012 BCN Port 17 bind success.
[21:42:28]  BEE-1012 RPT Port 15 bind success.
[21:42:28]  BEE-1012 Event Port 16 bind success.
[21:42:28]  BEE-1012 FM Port 18 bind success.
[21:42:28]  BEE-1012 AIOBC Port 29 bind success.
[21:42:33]  Ping Failed.
[21:42:37]  Changing GS HMAC Key for BEE1012...
[21:42:37]   Satellite Switched to: BEE1012 (TX HMAC enabled)
[21:42:38]  Ping Failed.
[21:42:41]  Ping Failed.
[22:11:33]  Received Report from port : 15.
[22:11:33]  Received Report from port : 15.
[22:11:33]  Received Report from port : 15.
[22:11:34]  Received Report from port : 15.
[22:11:34]  Received Report from port : 15.
[22:11:35]  Received Report from port : 15.
[22:11:35]  Received Report from port : 15.
[22:11:36]  Received Report from port : 15.
[22:11:36]  Received Report from port : 15.
[22:11:37]  Received BEE1012 Beacon from port : 17.
[22:11:42]  Received Report from port : 15.
[22:11:42]  Received Report from port : 15.
[22:11:43]  Received Report from port : 15.
[22:11:43]  Received Report from port : 15.
[22:11:44]  Received Report from port : 15.
[22:11:44]  Received Report from port : 15.
[22:11:45]  Received BEE1012 Beacon from port : 17.
[22:11:52]  Received Report from port : 15.
[22:11:53]  Received Report from port : 15.
[22:11:53]  Received Report from port : 15.
[22:11:54]  Received BEE1012 Beacon from port : 17.
[22:11:56]  Received Report from port : 15.
[22:11:56]  Received Report from port : 15.
[22:11:56]  Received Report from port : 15.
[22:12:03]  Received Report from port : 15.
[22:12:03]  Received Report from port : 15.
[22:12:04]  Received Report from port : 15.
[22:12:12]  Ping Success at node 5, 463ms
[22:12:17]  Received BEE1012 Beacon from port : 17.
[22:12:23]  Received BEE1012 Beacon from port : 17.
[22:12:33]  Received BEE1012 Beacon from port : 17.
[22:12:36]  Received Report from port : 15.
[22:12:37]  Received Report from port : 15.
[22:12:37]  Received Report from port : 15.
[22:12:40]  Received Report from port : 15.
[22:12:41]  Received Report from port : 15.
[22:12:41]  Received Report from port : 15.
[22:12:49]  [OK]CMD Packet Header: 0x18 0x75 0xc0 0x0 0x0 0x1 0x15 0x46
[22:12:50]  Received Report from port : 15.
[22:12:50]  Received Report from port : 15.
[22:12:51]  Received Report from port : 15.
[22:12:51]  Received Report from port : 15.
[22:12:52]  Received Report from port : 15.
[22:12:52]  Received Report from port : 15.
[22:12:52]  Received Report from port : 15.
[22:12:53]  Received Report from port : 15.
[22:12:53]  Received Report from port : 15.
[22:12:53]  Received Report from port : 15.
[22:12:54]  Received Report from port : 15.
[22:12:54]  Received Report from port : 15.
[22:12:55]  Received Report from port : 15.
[22:12:55]  Received Report from port : 15.
[22:12:55]  Received Report from port : 15.
[22:12:57]  Received BEE1012 Beacon from port : 17.
[22:13:03]  Received BEE1012 Beacon from port : 17.
[22:13:07]  [OK]CMD Packet Header: 0x18 0x75 0xc0 0x0 0x0 0x1 0x15 0x46
[22:13:08]  Received Report from port : 15.
[22:13:08]  Received Report from port : 15.
[22:13:09]  Received Report from port : 15.
[22:13:09]  Received Report from port : 15.
[22:13:09]  Received Report from port : 15.
[22:13:10]  Received Report from port : 15.
[22:13:10]  Received Report from port : 15.
[22:13:11]  Received Report from port : 15.
[22:13:11]  Received Report from port : 15.
[22:13:11]  Received Report from port : 15.
[22:13:12]  Received Report from port : 15.
[22:13:12]  Received Report from port : 15.
[22:13:12]  Received Report from port : 15.
[22:13:13]  Received Report from port : 15.
[22:13:13]  Received Report from port : 15.
[22:13:14]  Received BEE1012 Beacon from port : 17.
[22:13:37]  Received BEE1012 Beacon from port : 17.
[22:13:43]  Received BEE1012 Beacon from port : 17.
[22:13:54]  Received BEE1012 Beacon from port : 17.
[22:14:18]  Received BEE1012 Beacon from port : 17.
[22:14:24]  Received BEE1012 Beacon from port : 17.
[22:14:34]  Received BEE1012 Beacon from port : 17.
[22:14:58]  Received BEE1012 Beacon from port : 17.
[22:15:04]  Received BEE1012 Beacon from port : 17.
[22:15:14]  Received BEE1012 Beacon from port : 17.
[22:15:16]  Received Report from port : 15.
[22:15:16]  Received Report from port : 15.
[22:15:16]  Received Report from port : 15.
[22:15:38]  Received BEE1012 Beacon from port : 17.
[22:15:44]  Received BEE1012 Beacon from port : 17.
[22:16:02]  Received Report from port : 15.
[22:16:02]  Received Report from port : 15.
[22:16:03]  Received Report from port : 15.
[22:16:07]  Received BEE1012 Beacon from port : 17.
[22:16:11]  Received Report from port : 15.
[22:16:12]  Received Report from port : 15.
[22:16:12]  Received Report from port : 15.
[22:16:13]  Received BEE1012 Beacon from port : 17.
[22:16:17]  Received Report from port : 15.
[22:16:17]  Received Report from port : 15.
[22:16:18]  Received Report from port : 15.
