2026-06-09 20:54
[20:54:30]  Connect to Switch Box..............Failed.
[20:54:30]  Connect to Rotator.................Failed.
[20:54:30]  Connect to GS100..................Success.
[20:54:30]  BEE-1000 BCN Port 31 bind success.
[20:54:30]  BEE-1000 RPT Port 25 bind success.
[20:54:30]  BEE-1000 Event Port 27 bind success.
[20:54:30]  BEE-100 FM Port 23 bind success.
[20:54:30]  Rotator Read Failed. Please Check Again.
[20:54:30]  UEL-Y-Sys. BCN Port 12 bind success.
[20:54:30]  UEL-Y-Sys. RPT Port 10 bind success.
[20:54:30]  UEL-Y-Sys. Event Port 11 bind success.
[20:54:30]  UEL-Y-Sys. FM Port 14 bind success.
[20:54:30]  BEE-1012 BCN Port 17 bind success.
[20:54:30]  BEE-1012 RPT Port 15 bind success.
[20:54:30]  BEE-1012 Event Port 16 bind success.
[20:54:30]  BEE-1012 FM Port 18 bind success.
[20:54:39]  Received BEE1012 Beacon from port : 17.
[20:54:45]  Received BEE1012 Beacon from port : 17.
[20:54:48]  Packet Received on unknown port 11
[20:54:48]  Packet length is 172
[20:54:52]  Packet Received on unknown port 11
[20:54:52]  Packet length is 172
[20:54:55]  Received BEE1012 Beacon from port : 17.
[20:55:08]  Packet Received on unknown port 11
[20:55:08]  Packet length is 172
[20:55:19]  Received BEE1012 Beacon from port : 17.
[20:55:21]  Packet Received on unknown port 11
[20:55:21]  Packet length is 172
[20:55:25]  Received BEE1012 Beacon from port : 17.
[20:55:27]  Received UELYSYS Beacon from port : 12.
[20:55:29]  Packet Received on unknown port 11
[20:55:29]  Packet length is 172
[20:55:35]  Received BEE1012 Beacon from port : 17.
[20:55:48]  Packet Received on unknown port 11
[20:55:48]  Packet length is 172
[20:55:51]  Packet Received on unknown port 11
[20:55:51]  Packet length is 172
[20:55:56]  Received UELYSYS Beacon from port : 12.
[20:55:59]  Received BEE1012 Beacon from port : 17.
[20:56:05]  Received BEE1012 Beacon from port : 17.
[20:56:08]  Packet Received on unknown port 11
[20:56:08]  Packet length is 172
[20:56:15]  Received BEE1012 Beacon from port : 17.
[20:56:21]  Packet Received on unknown port 11
[20:56:21]  Packet length is 172
[20:56:26]  Received UELYSYS Beacon from port : 12.
[20:56:28]  Packet Received on unknown port 11
[20:56:28]  Packet length is 172
[20:56:39]  Received BEE1012 Beacon from port : 17.
[20:56:45]  Received BEE1012 Beacon from port : 17.
[20:56:48]  Packet Received on unknown port 11
[20:56:48]  Packet length is 172
[20:56:51]  Packet Received on unknown port 11
[20:56:51]  Packet length is 172
[20:56:55]  Received BEE1012 Beacon from port : 17.
[20:56:57]  Received UELYSYS Beacon from port : 12.
[20:56:59]  Start FTP Downlink.
[20:57:04]  Received FTP Download Spec.
[20:57:04]  Received FTP Download Spec. Filesize : 150888, CRC : 3700173035.
[20:57:05]  Received FTP Status Request.
[20:57:05]  Start FTP Downlink. Total Chunk Size : 1509
[20:57:05]  Download : 0/1509
