2026-01-09 21:16
[21:16:40]  Connect to Switch Box.............Success.
[21:16:40]  Connect to Rotator................Success.
[21:16:40]  Connect to GS100..................Success.
[21:16:40]  TM Port 13 bind success.
[21:16:40]  BCN Port 31 bind success.
[21:16:40]  RPT Port 25 bind success.
[21:16:40]  Event Port 27 bind success.
[21:16:40]  COSMIC Beacon Port 23 bind success.
[21:16:40]  COSMIC Report Port 24 bind success.
[21:16:51]  TLE "cubesat" Download Completed.
[21:17:29]  [Auto]Start AutoPilot.
[21:17:29]  [Auto]Start Autopilot. Next Valuable AOS : 1/9 21:17:20
[21:17:29]  [Auto]Max Elevation : 27.62° Please Keep Devices On.
[21:17:29]  [Auto]Start Engaging.
[21:17:29]  [Auto]Start Doppler Correction.
[21:17:29]  Tracking : Az 173, El 11.
[21:17:29]  Forked Safe Amplifier Process.(ON, Timer)
[21:17:31]  Tracking : Az 173, El 12.
[21:17:33]  Tracking : Az 173, El 12.
[21:17:35]  Tracking : Az 172, El 12.
[21:17:36]  Ping Failed.
[21:17:37]  Tracking : Az 172, El 12.
[21:17:39]  Tracking : Az 172, El 12.
[21:17:41]  Tracking : Az 172, El 12.
[21:17:43]  Tracking : Az 171, El 13.
[21:17:44]  Ping Failed.
[21:17:45]  Tracking : Az 171, El 13.
[21:17:47]  Tracking : Az 171, El 13.
[21:17:49]  Tracking : Az 170, El 13.
[21:17:51]  Tracking : Az 170, El 13.
[21:17:51]  Ping Failed.
[21:17:53]  Tracking : Az 170, El 14.
[21:17:55]  Tracking : Az 169, El 14.
[21:17:57]  Tracking : Az 169, El 14.
[21:17:58]  Ping Failed.
[21:18:06]  Ping Failed.
[21:18:10]  Tracking : Az 166, El 15.
[21:18:13]  Ping Failed.
[21:18:20]  Ping Failed.
[21:18:24]  Tracking : Az 163, El 17.
[21:18:28]  Ping Failed.
[21:18:35]  Ping Failed.
[21:18:37]  Tracking : Az 160, El 18.
[21:18:42]  Ping Failed.
[21:18:48]  Tracking : Az 157, El 19.
[21:18:50]  Ping Failed.
[21:18:55]  Tracking : Az 155, El 20.
[21:18:57]  Ping Failed.
[21:19:04]  Ping Failed.
[21:19:05]  Tracking : Az 152, El 21.
[21:19:12]  Ping Failed.
[21:19:15]  Tracking : Az 149, El 22.
[21:19:19]  Ping Failed.
[21:19:23]  Tracking : Az 146, El 23.
[21:19:26]  Ping Failed.
[21:19:31]  Tracking : Az 143, El 24.
[21:19:34]  Ping Failed.
[21:19:39]  Tracking : Az 140, El 25.
[21:19:41]  Ping Failed.
[21:19:45]  Tracking : Az 138, El 25.
[21:19:48]  Ping Failed.
[21:19:51]  Tracking : Az 135, El 26.
[21:19:56]  Ping Failed.
[21:19:57]  Tracking : Az 133, El 26.
[21:20:01]  Tracking : Az 131, El 26.
[21:20:03]  Ping Failed.
[21:20:07]  Tracking : Az 128, El 27.
[21:20:10]  Ping Failed.
[21:20:14]  Tracking : Az 125, El 27.
[21:20:18]  Ping Failed.
[21:20:20]  Tracking : Az 122, El 27.
[21:20:25]  Ping Failed.
[21:20:26]  Tracking : Az 119, El 27.
[21:20:32]  Ping Failed.
[21:20:33]  Tracking : Az 116, El 27.
[21:20:39]  Tracking : Az 113, El 27.
[21:20:40]  Ping Failed.
[21:20:45]  Tracking : Az 110, El 27.
[21:20:47]  Ping Failed.
[21:20:54]  Tracking : Az 106, El 27.
[21:20:54]  Ping Failed.
[21:21:02]  Ping Failed.
[21:21:02]  Tracking : Az 103, El 26.
[21:21:07]  Tracking : Az 100, El 26.
[21:21:09]  Ping Failed.
[21:21:14]  Tracking : Az 97, El 25.
[21:21:16]  Ping Failed.
[21:21:21]  Tracking : Az 94, El 25.
[21:21:24]  Ping Failed.
[21:21:29]  Tracking : Az 91, El 24.
[21:21:31]  Ping Failed.
[21:21:37]  Tracking : Az 88, El 23.
[21:21:38]  Ping Failed.
[21:21:46]  Ping Failed.
[21:21:48]  Tracking : Az 84, El 22.
[21:21:53]  Ping Failed.
[21:21:57]  Tracking : Az 81, El 21.
[21:22:00]  Ping Failed.
[21:22:07]  Tracking : Az 78, El 20.
[21:22:08]  Ping Failed.
[21:22:15]  Ping Failed.
[21:22:17]  Tracking : Az 75, El 19.
[21:22:22]  Ping Failed.
[21:22:29]  Tracking : Az 72, El 18.
[21:22:30]  Ping Failed.
[21:22:37]  Ping Failed.
[21:22:42]  Tracking : Az 69, El 16.
[21:22:44]  Ping Failed.
[21:22:52]  Ping Failed.
[21:22:56]  Tracking : Az 66, El 15.
[21:22:59]  Ping Failed.
[21:23:06]  Ping Failed.
[21:23:14]  Ping Failed.
[21:23:18]  Tracking : Az 62, El 13.
[21:23:21]  Ping Failed.
[21:23:28]  Ping Failed.
[21:23:35]  Ping Failed.
[21:23:38]  Tracking : Az 59, El 11.
[21:23:43]  Ping Failed.
[21:23:50]  Ping Failed.
[21:23:57]  Ping Failed.
[21:24:04]  Tracking : Az 56, El 8.
[21:24:05]  Ping Failed.
[21:24:12]  Ping Failed.
[21:24:19]  Ping Failed.
[21:24:27]  Ping Failed.
[21:24:29]  Tracking : Az 53, El 6.
[21:24:34]  Ping Failed.
[21:24:41]  Ping Failed.
[21:24:49]  Ping Failed.
[21:24:56]  Ping Failed.
[21:25:03]  Ping Failed.
[21:25:11]  Ping Failed.
[21:25:11]  Tracking : Az 50, El 3.
[21:25:18]  Ping Failed.
[21:25:25]  Ping Failed.
[21:25:33]  Ping Failed.
[21:25:40]  Ping Failed.
[21:25:47]  Ping Failed.
[21:25:55]  Ping Failed.
[21:25:57]  Tracking : Az 47, El 0.
[21:26:02]  Ping Failed.
[21:26:09]  Ping Failed.
[21:26:17]  Ping Failed.
[21:26:34]  Tracking : Az 175, El 10.
[21:26:36]  Tracking : Az 175, El 10.
[21:26:38]  Tracking : Az 175, El 10.
[21:26:40]  Tracking : Az 175, El 10.
[21:26:42]  Tracking : Az 175, El 10.
[21:26:44]  Tracking : Az 175, El 10.
[21:26:46]  Tracking : Az 175, El 10.
[21:26:48]  Tracking : Az 175, El 10.
[21:26:50]  Tracking : Az 175, El 10.
[21:26:52]  Tracking : Az 175, El 10.
[21:26:54]  Tracking : Az 175, El 10.
[21:26:56]  Tracking : Az 175, El 10.
