2026-01-03 00:29
[00:29:21]  Connect to Switch Box.............Success.
[00:29:21]  Connect to Rotator................Success.
[00:29:21]  Connect to GS100..................Success.
[00:29:21]  TM Port 13 bind success.
[00:29:21]  BCN Port 31 bind success.
[00:29:21]  RPT Port 25 bind success.
[00:29:21]  Event Port 27 bind success.
[00:29:21]  COSMIC Beacon Port 23 bind success.
[00:29:21]  COSMIC Report Port 24 bind success.
[00:29:25]  TLE "cubesat" Download Completed.
[00:29:34]  Start Engaging.
[00:29:34]  Tracking : Az 17, El 0.
[00:29:36]  Tracking : Az 17, El 0.
[00:29:38]  Tracking : Az 17, El 0.
[01:14:19]  Start Doppler Correction.
[01:18:57]  Tracking : Az 19, El 3.
[01:18:59]  Tracking : Az 19, El 3.
[01:19:03]  Forked Safe Amplifier Process.(ON, Timer)
[01:19:07]  Ping Failed.
[01:19:13]  Ping Failed.
[01:19:38]  Tracking : Az 21, El 6.
[01:19:40]  Tracking : Az 21, El 6.
[01:19:43]  Ping Failed.
[01:19:56]  Ping Failed.
[01:20:07]  Ping Failed.
[01:20:13]  Ping Failed.
[01:20:13]  Tracking : Az 22, El 9.
[01:20:15]  Tracking : Az 22, El 9.
[01:20:20]  Ping Failed.
[01:20:34]  Tracking : Az 24, El 11.
[01:20:36]  Tracking : Az 24, El 11.
[01:20:40]  Ping Failed.
[01:21:01]  Start Doppler Correction.
[01:21:03]  Tracking : Az 26, El 14.
[01:21:04]  Ping Failed.
[01:21:05]  Tracking : Az 26, El 14.
[01:21:11]  Ping Success at node 5, 472ms
[01:21:19]  Ping Failed at node 3.
[01:21:22]  AX100 Boot Count : 22235
[01:21:27]  Tracking : Az 28, El 17.
[01:21:29]  Tracking : Az 28, El 17.
[01:21:42]  AX100 Boot Count : 22235
[01:21:45]  Ping Success at node 5, 465ms
[01:21:48]  Tracking : Az 31, El 19.
[01:21:50]  Tracking : Az 31, El 20.
[01:21:50]  Ping Failed at node 3.
[01:21:54]  Remote Param Control OK. csp_rtable : 0/0 AX100, 3/5 CAN, 6/5 CAN
[01:21:57]  Ping Success at node 5, 468ms
[01:22:08]  Tracking : Az 34, El 23.
[01:22:10]  Tracking : Az 34, El 23.
[01:22:19]  Tracking : Az 35, El 25.
[01:22:21]  Tracking : Az 36, El 25.
[01:22:25]  Tracking : Az 37, El 26.
[01:22:39]  Tracking : Az 40, El 28.
[01:22:41]  Tracking : Az 40, El 29.
[01:22:42]  Ping Failed at node 3.
[01:22:51]  Tracking : Az 43, El 31.
[01:22:53]  Tracking : Az 43, El 31.
[01:23:01]  Tracking : Az 46, El 33.
[01:23:03]  Tracking : Az 46, El 34.
[01:23:09]  Tracking : Az 49, El 35.
[01:23:11]  Tracking : Az 49, El 36.
[01:23:12]  Ping Failed at node 3.
[01:23:14]  Ping Success at node 5, 455ms
[01:23:17]  Tracking : Az 52, El 37.
[01:23:17]  Ping Success at node 5, 458ms
[01:23:19]  Tracking : Az 53, El 38.
[01:23:25]  Tracking : Az 55, El 39.
[01:23:28]  Tracking : Az 57, El 40.
[01:23:30]  Tracking : Az 58, El 40.
[01:23:30]  Ping Success at node 5, 453ms
[01:23:36]  Tracking : Az 61, El 42.
[01:23:36]  Ping Success at node 5, 466ms
[01:23:38]  Tracking : Az 62, El 42.
[01:23:41]  Ping Success at node 5, 456ms
[01:23:41]  Tracking : Az 64, El 43.
[01:23:43]  Tracking : Az 65, El 43.
[01:23:43]  AX100 Boot Count : 22235
[01:23:47]  Tracking : Az 67, El 44.
[01:23:49]  Tracking : Az 69, El 45.
[01:23:51]  Tracking : Az 70, El 45.
[01:23:52]  Ping Failed at node 3.
[01:23:53]  Tracking : Az 72, El 45.
[01:23:55]  Tracking : Az 73, El 46.
[01:23:59]  Tracking : Az 76, El 46.
[01:24:00]  Ping Failed at node 3.
[01:24:01]  Tracking : Az 77, El 47.
[01:24:03]  Tracking : Az 79, El 47.
[01:24:05]  Tracking : Az 81, El 47.
[01:24:07]  Ping Failed at node 3.
[01:24:07]  Tracking : Az 82, El 48.
[01:24:09]  Tracking : Az 84, El 48.
[01:24:11]  Tracking : Az 86, El 48.
[01:24:11]  Ping Failed at node 3.
[01:24:13]  Tracking : Az 87, El 48.
[01:24:15]  Tracking : Az 89, El 48.
[01:24:16]  Ping Failed at node 3.
[01:24:17]  Tracking : Az 91, El 49.
[01:24:19]  Tracking : Az 92, El 49.
[01:24:22]  Tracking : Az 95, El 49.
[01:24:24]  Ping Success at node 5, 457ms
[01:24:24]  Tracking : Az 97, El 49.
[01:24:26]  Tracking : Az 99, El 49.
[01:24:28]  Tracking : Az 101, El 49.
[01:24:29]  Ping Success at node 5, 465ms
[01:24:31]  Tracking : Az 103, El 49.
[01:24:32]  Remote Param Control OK.(No Reply)
[01:24:33]  Tracking : Az 105, El 49.
[01:24:35]  Tracking : Az 107, El 49.
[01:24:36]  Ping Success at node 5, 457ms
[01:24:37]  Tracking : Az 108, El 49.
[01:24:38]  AX100 Boot Count : 22236
[01:24:40]  Tracking : Az 111, El 48.
[01:24:42]  Tracking : Az 113, El 48.
[01:24:44]  Tracking : Az 114, El 48.
[01:24:45]  Ping Failed at node 3.
[01:24:46]  Tracking : Az 116, El 48.
[01:24:48]  Remote Param Control OK. csp_rtable : 0/0 AX100, 3/5 CAN
[01:24:48]  Tracking : Az 118, El 47.
[01:24:50]  Tracking : Az 119, El 47.
[01:24:50]  Remote Param Control OK.(No Reply)
[01:24:53]  Tracking : Az 122, El 47.
[01:24:54]  Ping Success at node 5, 454ms
[01:24:55]  Tracking : Az 123, El 46.
[01:24:57]  Tracking : Az 125, El 46.
[01:24:59]  Ping Failed at node 3.
[01:24:59]  Tracking : Az 126, El 45.
[01:25:00]  Remote Param Control OK.(No Reply)
[01:25:02]  Tracking : Az 128, El 45.
[01:25:04]  Tracking : Az 130, El 44.
[01:25:05]  AX100 Boot Count : 22238
[01:25:06]  Tracking : Az 131, El 44.
[01:25:09]  Tracking : Az 133, El 43.
[01:25:11]  Ping Failed at node 3.
[01:25:11]  Tracking : Az 134, El 43.
[01:25:16]  Tracking : Az 137, El 42.
[01:25:18]  Tracking : Az 138, El 41.
[01:25:20]  Remote Param Control OK.
[01:25:21]  Tracking : Az 140, El 41.
[01:25:23]  Remote Param Control OK. csp_rtable : 0/0 AX100, 3/5 CAN, 6/5 CAN
[01:25:23]  Tracking : Az 141, El 40.
[01:25:29]  Tracking : Az 144, El 39.
[01:25:31]  Tracking : Az 144, El 38.
[01:25:36]  Tracking : Az 147, El 37.
[01:25:38]  Tracking : Az 147, El 36.
[01:25:42]  Tracking : Az 149, El 35.
[01:25:44]  Tracking : Az 150, El 35.
[01:25:50]  Tracking : Az 152, El 34.
[01:25:52]  Tracking : Az 153, El 33.
[01:25:59]  Ping Failed at node 3.
[01:25:59]  Tracking : Az 155, El 31.
[01:26:00]  Ping Success at node 5, 456ms
[01:26:01]  Tracking : Az 155, El 31.
[01:26:06]  Tracking : Az 157, El 30.
[01:26:16]  Ping Success at node 5, 468ms
[01:26:18]  Tracking : Az 160, El 27.
[01:26:20]  Tracking : Az 160, El 27.
[01:26:22]  Ping Failed at node 3.
[01:26:24]  Tracking : Az 161, El 26.
[01:26:25]  Ping Failed at node 3.
[01:26:29]  Ping Failed at node 3.
[01:26:34]  [OBC]Ping Failed.
[01:26:36]  Ping Success at node 5, 462ms
[01:26:38]  Tracking : Az 164, El 24.
[01:26:40]  Tracking : Az 164, El 23.
[01:26:46]  AX100 Boot Count : 22238
[01:26:49]  AX100 Boot Count : 22238
[01:26:57]  AX100 Boot Count : 22238
[01:26:57]  Tracking : Az 167, El 20.
[01:26:59]  Tracking : Az 167, El 20.
[01:27:02]  Ping Failed at node 3.
[01:27:04]  Forked Safe Amplifier Process. (OFF)
[01:27:07]  Finish Engaging.
[01:27:07]  Beacon Success : 0, Ping Success : 15
[01:27:08]  Tracking : Az 0, El 0.
