2026-01-29 13:41
[13:41:25]  Connect to Switch Box.............Success.
[13:41:25]  Connect to Rotator................Success.
[13:41:25]  Connect to GS100..................Success.
[13:41:25]  TM Port 13 bind success.
[13:41:25]  BCN Port 31 bind success.
[13:41:25]  RPT Port 25 bind success.
[13:41:25]  Event Port 27 bind success.
[13:41:25]  COSMIC Beacon Port 23 bind success.
[13:41:25]  COSMIC Report Port 24 bind success.
[13:41:30]  TLE "cubesat" Download Completed.
[13:41:53]  Start Engaging.
[13:41:53]  Tracking : Az 202, El 0.
[13:41:54]  Start Doppler Correction.
[13:41:55]  Tracking : Az 202, El 0.
[13:41:57]  Tracking : Az 202, El 0.
[13:41:59]  Tracking : Az 202, El 0.
[13:42:01]  Tracking : Az 202, El 0.
[13:42:03]  Tracking : Az 202, El 0.
[13:42:05]  Tracking : Az 202, El 0.
[13:42:07]  Tracking : Az 202, El 0.
[13:42:09]  Tracking : Az 202, El 0.
[13:42:11]  Tracking : Az 202, El 0.
[13:42:13]  Tracking : Az 202, El 0.
[13:42:15]  Tracking : Az 202, El 0.
[13:42:17]  Tracking : Az 202, El 0.
[13:42:19]  Tracking : Az 202, El 0.
[13:42:21]  Tracking : Az 202, El 0.
[13:42:23]  Tracking : Az 202, El 0.
[13:42:25]  Tracking : Az 202, El 0.
[13:42:27]  Tracking : Az 202, El 0.
[13:49:24]  Tracking : Az 204, El 1.
[13:49:27]  Forked Safe Amplifier Process.(ON, Timer)
[13:49:57]  Tracking : Az 207, El 3.
[13:49:59]  Tracking : Az 207, El 3.
[13:50:13]  Ping Success at node 5, 473ms
[13:50:24]  Ping Failed at node 3.
[13:50:25]  Tracking : Az 210, El 4.
[13:50:25]  Ping Success at node 5, 478ms
[13:50:27]  Tracking : Az 210, El 4.
[13:50:29]  Ping Failed.
[13:50:31]  AX100 Boot Count : 22249
[13:50:34]  Remote Param Control OK.(No Reply)
[13:50:37]  Ping Success at node 5, 469ms
[13:50:42]  Cannot Load Remote Parameter.
[13:50:44]  Ping Success at node 5, 481ms
[13:50:46]  Tracking : Az 212, El 6.
[13:50:48]  Cannot Load Remote Parameter.
[13:50:48]  Tracking : Az 212, El 6.
[13:50:51]  Ping Failed.
[13:51:05]  Tracking : Az 215, El 7.
[13:51:12]  Ping Failed.
[13:51:18]  Ping Failed.
[13:51:21]  Tracking : Az 217, El 8.
[13:51:25]  Ping Failed.
[13:51:32]  Ping Failed.
[13:51:39]  Tracking : Az 220, El 9.
[13:51:41]  Ping Success at node 5, 470ms
[13:51:46]  Ping Failed at node 3.
[13:51:49]  Remote Param Control OK.(No Reply)
[13:51:51]  Remote Param Control OK.(No Reply)
[13:51:52]  Remote Param Control OK.(No Reply)
[13:51:55]  Remote Param Control OK. rssi_busy : 0
[13:51:56]  Tracking : Az 223, El 10.
[13:51:57]  Total RX Bytes : 70527
[13:51:59]  Remote Param Control OK. can_en : true
[13:52:01]  Remote Param Control OK. tx_inhibit : 0
[13:52:02]  Remote Param Control OK. tx_pwr : 3
[13:52:04]  Remote Param Control OK. csp_rtable : 0/0 AX100, 3/5 CAN
[13:52:06]  Remote Param Control OK. Active Conf : 1
[13:52:08]  Remote Param Control OK. Last RSSI : -98
[13:52:11]  Remote Param Control OK. rx_guard : 0
[13:52:12]  Tracking : Az 226, El 11.
[13:52:13]  Remote Param Control OK. tx_guard : 50
[13:52:15]  Remote Param Control OK. rx_baud : 4800
[13:52:18]  Remote Param Control OK. tx_baud : 4800
[13:52:20]  Ping Success at node 5, 475ms
[13:52:25]  Ping Failed at node 3.
[13:52:27]  Tracking : Az 229, El 12.
[13:52:30]  Ping Failed at node 3.
[13:52:33]  Ping Failed.
[13:52:41]  Tracking : Az 232, El 13.
[13:52:53]  Tracking : Az 235, El 14.
[13:53:06]  Tracking : Az 238, El 15.
[13:53:13]  Tracking : Az 240, El 15.
[13:53:15]  Ping Failed at node 3.
[13:53:15]  Ping Success at node 5, 469ms
[13:53:21]  Ping Failed at node 3.
[13:53:22]  Ping Success at node 5, 466ms
[13:53:25]  Tracking : Az 243, El 16.
[13:53:28]  Ping Success at node 5, 461ms
[13:53:28]  Tracking : Az 244, El 16.
[13:53:33]  Ping Failed at node 3.
[13:53:38]  Ping Success at node 5, 465ms
[13:53:39]  Tracking : Az 247, El 16.
[13:53:42]  Tracking : Az 248, El 16.
[13:53:44]  Ping Failed at node 3.
[13:53:46]  Ping Success at node 5, 474ms
[13:53:53]  Forked Safe Amplifier Process. (OFF)
[13:53:53]  Tracking : Az 251, El 17.
[13:53:56]  Tracking : Az 252, El 17.
[13:53:58]  Finish Engaging.
[13:53:58]  Beacon Success : 0, Ping Success : 11
[13:54:06]  Tracking : Az 0, El 0.
