2026-06-10 23:39
[23:40:07]  Connect to Switch Box..............Failed.
[23:40:07]  Connect to Rotator.................Failed.
[23:40:07]  Connect to GS100..................Success.
[23:40:07]  BEE-1000 BCN Port 31 bind success.
[23:40:07]  BEE-1000 RPT Port 25 bind success.
[23:40:07]  BEE-1000 Event Port 27 bind success.
[23:40:07]  BEE-100 FM Port 23 bind success.
[23:40:07]  Rotator Read Failed. Please Check Again.
[23:40:07]  UEL-Y-Sys. BCN Port 12 bind success.
[23:40:07]  UEL-Y-Sys. RPT Port 10 bind success.
[23:40:07]  UEL-Y-Sys. Event Port 11 bind success.
[23:40:07]  UEL-Y-Sys. FM Port 14 bind success.
[23:40:07]  BEE-1012 BCN Port 17 bind success.
[23:40:07]  BEE-1012 RPT Port 15 bind success.
[23:40:07]  BEE-1012 Event Port 16 bind success.
[23:40:07]  BEE-1012 FM Port 18 bind success.
[23:40:11]  Changing GS HMAC Key for BEE1012...
[23:40:12]   Satellite Switched to: BEE1012 (TX HMAC enabled)
[23:40:16]  Ping Success at node 5, 453ms
[23:40:17]  Received Report from port : 10.
[23:40:18]  Received Report from port : 10.
[23:40:18]  Received Report from port : 10.
[23:40:23]  Received Report from port : 10.
[23:40:24]  Received Report from port : 10.
[23:40:24]  Received Report from port : 10.
[23:40:25]  Received UELYSYS Beacon from port : 12.
[23:40:42]  Received Report from port : 10.
[23:40:42]  Received Report from port : 10.
[23:40:43]  Received Report from port : 10.
[23:40:54]  Received UELYSYS Beacon from port : 12.
[23:40:56]  Received Report from port : 10.
[23:40:56]  Received Report from port : 10.
[23:40:56]  Received Report from port : 10.
[23:41:17]  Received Report from port : 10.
[23:41:17]  Received Report from port : 10.
[23:41:17]  Received Report from port : 10.
[23:41:24]  Received UELYSYS Beacon from port : 12.
[23:41:54]  Received UELYSYS Beacon from port : 12.
[23:42:22]  Received Report from port : 10.
[23:42:22]  Received Report from port : 10.
[23:42:22]  Received Report from port : 10.
[23:42:24]  Received UELYSYS Beacon from port : 12.
[23:42:32]  Received Report from port : 10.
[23:42:32]  Received Report from port : 10.
[23:42:32]  Received Report from port : 10.
[23:42:54]  Received UELYSYS Beacon from port : 12.
[23:43:09]  Changing GS HMAC Key for UELYSYS...
[23:43:09]   Satellite Switched to: UELYSYS (TX HMAC enabled)
[23:43:17]  Received Report from port : 10.
[23:43:17]  Received Report from port : 10.
[23:43:17]  Received Report from port : 10.
[23:43:20]  Changing GS HMAC Key for BEE1012...
[23:43:20]   Satellite Switched to: BEE1012 (TX HMAC enabled)
[23:43:24]  Received UELYSYS Beacon from port : 12.
[23:43:33]  Received Report from port : 10.
[23:43:33]  Received Report from port : 10.
[23:43:33]  Received Report from port : 10.
[23:43:52]  Received Report from port : 10.
[23:43:53]  Received Report from port : 10.
[23:43:53]  Received Report from port : 10.
[23:43:54]  Received UELYSYS Beacon from port : 12.
[23:44:21]  Received Report from port : 10.
[23:44:22]  Received Report from port : 10.
[23:44:22]  Received Report from port : 10.
[23:44:24]  Received UELYSYS Beacon from port : 12.
[23:44:39]  Start FTP Downlink.
[23:44:43]  Received FTP Download Spec.
[23:44:43]  Received FTP Download Spec. Filesize : 2340, CRC : 1637766341.
[23:44:44]  Received FTP Status Request.
[23:44:44]  Start FTP Downlink. Total Chunk Size : 13
[23:44:45]  Download : 0/13
[23:44:46]  Download : 1/13
[23:44:46]  Download : 2/13
[23:44:47]  Download : 3/13
[23:44:47]  Download : 4/13
[23:44:47]  Download : 5/13
[23:44:48]  Download : 6/13
[23:44:49]  Download : 7/13
[23:44:49]  Download : 8/13
[23:44:50]  Download : 9/13
[23:44:50]  Download : 10/13
[23:44:50]  Download : 11/13
[23:44:51]  Download : 12/13
[23:44:53]  FTP Transaction Completed.
[23:44:53]  Calculate FTP CRC. Remote : 1637766341, Local : 3598341490.
