2025-12-29 00:17
[00:17:43]  Connect to Switch Box.............Success.
[00:17:43]  Connect to Rotator................Success.
[00:17:43]  Connect to GS100..................Success.
[00:17:43]  TM Port 13 bind success.
[00:17:43]  BCN Port 31 bind success.
[00:17:43]  RPT Port 25 bind success.
[00:17:43]  Event Port 27 bind success.
[00:17:43]  COSMIC Beacon Port 23 bind success.
[00:17:43]  COSMIC Report Port 24 bind success.
[00:20:04]  TLE "cubesat" Download Completed.
[00:34:21]  Start Engaging.
[00:34:21]  Tracking : Az 30, El 0.
[00:34:23]  Start Doppler Correction.
[00:34:23]  Tracking : Az 30, El 0.
[00:34:25]  Tracking : Az 30, El 0.
[00:34:27]  Tracking : Az 30, El 0.
[00:39:56]  Forked Safe Amplifier Process.(ON, Timer)
[00:40:04]  Ping Failed.
[00:40:13]  Tracking : Az 33, El 1.
[00:40:15]  Tracking : Az 33, El 1.
[00:40:17]  Ping Failed.
[00:40:29]  Ping Failed.
[00:40:45]  Tracking : Az 36, El 3.
[00:40:47]  Tracking : Az 36, El 3.
[00:40:49]  Ping Failed.
[00:41:13]  Ping Failed.
[00:41:13]  Tracking : Az 39, El 4.
[00:41:15]  Tracking : Az 39, El 4.
[00:41:29]  Tracking : Az 41, El 5.
[00:41:31]  Tracking : Az 41, El 5.
[00:41:32]  Ping Failed.
[00:41:52]  Tracking : Az 44, El 7.
[00:41:54]  Tracking : Az 44, El 7.
[00:41:55]  Ping Success at node 5, 467ms
[00:42:00]  Ping Success at node 5, 468ms
[00:42:03]  AX100 Boot Count : 22229
[00:42:05]  Ping Success at node 5, 463ms
[00:42:11]  Ping Failed at node 3.
[00:42:12]  Tracking : Az 47, El 8.
[00:42:14]  Tracking : Az 47, El 8.
[00:42:19]  Ping Failed at node 3.
[00:42:25]  Ping Success at node 5, 470ms
[00:42:29]  Ping Failed at node 3.
[00:42:31]  Tracking : Az 50, El 9.
[00:42:33]  Tracking : Az 50, El 9.
[00:42:35]  AX100 Boot Count : 22229
[00:42:42]  Tracking : Az 52, El 10.
[00:42:48]  Ping Failed at node 3.
[00:42:56]  Ping Success at node 5, 462ms
[00:42:58]  Tracking : Az 55, El 11.
[00:43:00]  Tracking : Az 55, El 11.
[00:43:01]  Ping Failed at node 3.
[00:43:06]  Remote Param Control OK. tx_pwr : 3
[00:43:08]  Tracking : Az 57, El 12.
[00:43:09]  Remote Param Control OK. Active Conf : 1
[00:43:10]  Tracking : Az 57, El 12.
[00:43:13]  Ping Failed at node 3.
[00:43:22]  Tracking : Az 60, El 12.
[00:43:24]  Ping Success at node 5, 473ms
[00:43:24]  Tracking : Az 60, El 12.
[00:43:26]  AX100 Boot Count : 22229
[00:43:32]  Ping Failed at node 3.
[00:43:34]  [OK]CMD Packet Header: 0x18 0x23 0xc0 0x0 0x0 0x1 0x6 0x3
[00:43:36]  Tracking : Az 63, El 13.
[00:43:38]  Tracking : Az 63, El 13.
[00:43:42]  Tracking : Az 64, El 14.
[00:43:48]  [OK]CMD Packet Header: 0x18 0x20 0xc0 0x0 0x0 0x5 0x7 0xd
[00:43:48]  Tracking : Az 66, El 14.
[00:43:56]  [OK]CMD Packet Header: 0x18 0x23 0xc0 0x0 0x0 0x1 0x6 0x3
[00:43:58]  [OK]CMD Packet Header: 0x18 0x23 0xc0 0x0 0x0 0x1 0x6 0x3
[00:44:01]  [OK]CMD Packet Header: 0x18 0x23 0xc0 0x0 0x0 0x1 0x6 0x3
[00:44:04]  Tracking : Az 70, El 15.
[00:44:06]  Tracking : Az 70, El 15.
[00:44:12]  [OK]CMD Packet Header: 0x18 0x20 0xc0 0x0 0x0 0x5 0x7 0xd
[00:44:12]  Tracking : Az 72, El 15.
[00:44:14]  [OK]CMD Packet Header: 0x18 0x20 0xc0 0x0 0x0 0x5 0x7 0xd
[00:44:14]  Tracking : Az 72, El 15.
[00:44:16]  [OK]CMD Packet Header: 0x18 0x20 0xc0 0x0 0x0 0x5 0x7 0xd
[00:44:19]  Tracking : Az 74, El 15.
[00:44:21]  [OK]CMD Packet Header: 0x18 0x23 0xc0 0x0 0x0 0x1 0x1b 0x1e
[00:44:21]  Tracking : Az 74, El 15.
[00:44:21]  [OK]CMD Packet Header: 0x18 0x23 0xc0 0x0 0x0 0x8 0x2 0x18
[00:44:22]  [OK]CMD Packet Header: 0x18 0x19 0xc0 0x0 0x0 0x5 0x0 0x29
[00:44:25]  [OK]CMD Packet Header: 0x18 0x23 0xc0 0x0 0x0 0x1 0x1b 0x1e
[00:44:25]  [OK]CMD Packet Header: 0x18 0x23 0xc0 0x0 0x0 0x8 0x2 0x18
[00:44:25]  [OK]CMD Packet Header: 0x18 0x19 0xc0 0x0 0x0 0x5 0x0 0x29
[00:44:26]  Tracking : Az 76, El 16.
[00:44:33]  Ping Failed at node 3.
[00:44:36]  AX100 Boot Count : 22229
[00:44:37]  Tracking : Az 79, El 16.
[00:44:38]  Ping Success at node 5, 461ms
[00:44:39]  Tracking : Az 79, El 16.
[00:44:43]  Ping Failed at node 3.
[00:44:44]  Tracking : Az 81, El 16.
[00:44:47]  Tracking : Az 82, El 16.
[00:44:49]  Ping Failed at node 6.
[00:44:54]  Ping Failed at node 3.
[00:44:54]  Tracking : Az 84, El 17.
[00:45:02]  Ping Failed at node 3.
[00:45:04]  Tracking : Az 87, El 17.
[00:45:06]  Ping Failed at node 3.
[00:45:06]  Tracking : Az 87, El 17.
[00:45:07]  Ping Success at node 5, 462ms
[00:45:11]  Ping Failed at node 3.
[00:45:13]  Ping Success at node 5, 468ms
[00:45:13]  Tracking : Az 90, El 17.
[00:45:15]  AX100 Boot Count : 22229
[00:45:15]  Tracking : Az 90, El 17.
[00:45:20]  Ping Failed at node 3.
[00:45:20]  Tracking : Az 92, El 17.
[00:45:23]  Tracking : Az 93, El 17.
[00:45:25]  Ping Failed at node 3.
[00:45:30]  Tracking : Az 95, El 17.
[00:45:31]  Ping Failed at node 3.
[00:45:36]  Ping Failed at node 3.
[00:45:39]  Tracking : Az 98, El 17.
[00:45:40]  Ping Failed at node 3.
[00:45:41]  Tracking : Az 98, El 17.
[00:45:45]  Ping Failed at node 3.
[00:45:46]  Ping Success at node 5, 471ms
[00:45:46]  Tracking : Az 100, El 17.
[00:45:49]  Tracking : Az 101, El 17.
[00:45:59]  Tracking : Az 104, El 16.
[00:46:01]  Tracking : Az 104, El 16.
[00:46:06]  Ping Failed at node 3.
[00:46:06]  Tracking : Az 106, El 16.
[00:46:11]  Ping Failed at node 3.
[00:46:16]  Ping Failed at node 3.
[00:46:16]  Tracking : Az 109, El 16.
[00:46:18]  Tracking : Az 109, El 16.
[00:46:22]  Ping Failed at node 3.
[00:46:23]  Tracking : Az 111, El 16.
[00:46:23]  Ping Success at node 5, 466ms
[00:46:25]  AX100 Boot Count : 22229
[00:46:30]  Ping Failed at node 3.
[00:46:34]  Tracking : Az 114, El 15.
[00:46:36]  Tracking : Az 114, El 15.
[00:46:39]  Ping Failed at node 3.
[00:46:41]  Tracking : Az 116, El 15.
[00:46:44]  Ping Failed at node 3.
[00:46:53]  Tracking : Az 119, El 14.
[00:46:53]  Ping Failed at node 3.
[00:46:55]  Tracking : Az 119, El 14.
[00:46:57]  Ping Failed.
[00:47:01]  Ping Failed.
[00:47:04]  Ping Failed.
[00:47:05]  Tracking : Az 122, El 14.
[00:47:07]  Tracking : Az 122, El 14.
[00:47:09]  Ping Failed.
[00:47:15]  Ping Failed.
[00:47:17]  Tracking : Az 125, El 13.
[00:47:19]  Tracking : Az 125, El 13.
[00:47:24]  Ping Failed.
[00:47:29]  Ping Failed.
[00:47:31]  Tracking : Az 128, El 12.
[00:47:33]  Tracking : Az 128, El 12.
[00:47:36]  Ping Failed.
[00:47:41]  Cannot Load Remote Parameter.
[00:47:44]  Ping Failed.
[00:47:45]  Tracking : Az 131, El 11.
[00:47:47]  Tracking : Az 131, El 11.
[00:47:49]  Ping Failed.
[00:47:53]  Ping Failed.
[00:48:00]  Tracking : Az 134, El 10.
[00:48:02]  Ping Failed.
[00:48:02]  Tracking : Az 134, El 10.
[00:48:07]  Ping Failed at node 3.
[00:48:11]  Ping Failed.
[00:48:15]  Ping Failed.
[00:48:17]  Tracking : Az 137, El 9.
[00:48:19]  Ping Failed.
[00:48:19]  Tracking : Az 137, El 9.
[00:48:21]  Ping Success at node 5, 466ms
[00:48:27]  Ping Failed at node 3.
[00:48:29]  Tracking : Az 139, El 8.
[00:48:29]  Cannot Load Remote Parameter.
[00:48:31]  Tracking : Az 139, El 8.
[00:48:33]  Cannot Load Remote Parameter.
[00:48:36]  Cannot Load Remote Parameter.
[00:48:39]  Cannot Load Remote Parameter.
[00:48:42]  Cannot Load Remote Parameter.
[00:48:45]  Cannot Load Remote Parameter.
[00:48:48]  Tracking : Az 142, El 7.
[00:48:49]  Cannot Load Remote Parameter.
[00:48:50]  Tracking : Az 142, El 7.
[00:48:52]  Cannot Load Remote Parameter.
[00:48:55]  Ping Failed.
[00:48:58]  Ping Failed.
[00:49:01]  Ping Failed.
[00:49:09]  Ping Failed at node 3.
[00:49:12]  Ping Failed.
[00:49:16]  Cannot Load Remote Parameter.
[00:49:16]  Tracking : Az 145, El 5.
[00:49:18]  Tracking : Az 146, El 5.
[00:49:19]  Ping Failed.
[00:49:22]  Ping Success at node 5, 478ms
[00:49:25]  Cannot Load Remote Parameter.
[00:49:29]  Cannot Load Remote Parameter.
[00:49:34]  Cannot Load Remote Parameter.
[00:49:38]  Ping Failed at node 3.
[00:49:41]  Ping Failed.
[00:49:42]  Tracking : Az 149, El 4.
[00:49:43]  Ping Success at node 5, 470ms
[00:49:44]  Tracking : Az 149, El 4.
[00:49:45]  AX100 Boot Count : 22229
[00:49:50]  Ping Failed at node 3.
[00:49:54]  Ping Failed at node 3.
[00:49:58]  Ping Failed at node 3.
[00:50:02]  Ping Failed at node 3.
[00:50:06]  Ping Failed at node 3.
[00:50:10]  Ping Failed at node 3.
[00:50:10]  Tracking : Az 152, El 2.
[00:50:12]  Tracking : Az 152, El 2.
[00:50:14]  Ping Failed at node 3.
[00:50:20]  Ping Failed at node 3.
[00:50:25]  Ping Failed at node 3.
[00:50:29]  Ping Failed at node 3.
[00:50:34]  Ping Failed at node 3.
[00:50:38]  Ping Failed at node 3.
[00:50:42]  Ping Failed at node 3.
[00:50:43]  Tracking : Az 155, El 0.
[00:50:45]  Tracking : Az 155, El 0.
[00:50:46]  Ping Failed at node 3.
[00:50:49]  Forked Safe Amplifier Process. (OFF)
[00:50:57]  Finish Engaging.
[00:50:57]  Beacon Success : 0, Ping Success : 14
[00:51:00]  Tracking : Az 0, El 0.
