2026-01-06 12:16
[12:16:59]  Connect to Switch Box.............Success.
[12:16:59]  Connect to Rotator................Success.
[12:16:59]  Connect to GS100..................Success.
[12:16:59]  TM Port 13 bind success.
[12:16:59]  BCN Port 31 bind success.
[12:16:59]  RPT Port 25 bind success.
[12:16:59]  Event Port 27 bind success.
[12:16:59]  COSMIC Beacon Port 23 bind success.
[12:16:59]  COSMIC Report Port 24 bind success.
[12:18:15]  TLE "cubesat" Download Completed.
[12:21:10]  Start Engaging.
[12:21:10]  Tracking : Az 153, El 0.
[12:21:11]  Start Doppler Correction.
[12:21:12]  Tracking : Az 153, El 0.
[12:21:14]  Tracking : Az 153, El 0.
[12:21:16]  Tracking : Az 153, El 0.
[12:21:18]  Tracking : Az 153, El 0.
[12:21:20]  Tracking : Az 153, El 0.
[12:21:22]  Tracking : Az 153, El 0.
[12:21:24]  Tracking : Az 153, El 0.
[12:21:26]  Tracking : Az 153, El 0.
[12:21:28]  Tracking : Az 153, El 0.
[12:21:30]  Tracking : Az 153, El 0.
[12:21:32]  Tracking : Az 153, El 0.
[12:21:34]  Tracking : Az 153, El 0.
[12:21:36]  Tracking : Az 153, El 0.
[12:21:38]  Tracking : Az 153, El 0.
[12:28:56]  Forked Safe Amplifier Process.(ON, Timer)
[12:29:03]  Ping Failed.
[12:29:31]  Ping Failed.
[12:30:07]  Tracking : Az 152, El 3.
[12:30:09]  Tracking : Az 152, El 3.
[12:30:11]  Ping Success at node 5, 467ms
[12:30:15]  Ping Failed.
[12:30:18]  Cannot Load Remote Parameter.
[12:30:47]  Tracking : Az 150, El 6.
[12:30:49]  Tracking : Az 150, El 6.
[12:30:51]  Ping Success at node 5, 477ms
[12:30:52]  Ping Success at node 5, 466ms
[12:30:53]  Ping Success at node 5, 471ms
[12:30:55]  AX100 Boot Count : 22242
[12:30:58]  Remote Param Control OK.(No Reply)
[12:31:00]  Remote Param Control OK. csp_rtable : 0/0 AX100, 3/5 CAN, 6/5 CAN
[12:31:10]  Ping Failed at node 3.
[12:31:23]  Tracking : Az 148, El 9.
[12:31:23]  Ping Failed.
[12:31:25]  Tracking : Az 148, El 9.
[12:31:27]  Ping Success at node 5, 468ms
[12:31:28]  Ping Success at node 5, 466ms
[12:31:32]  Ping Failed at node 6.
[12:31:37]  Ping Failed at node 3.
[12:31:37]  Ping Success at node 5, 470ms
[12:31:44]  Tracking : Az 147, El 11.
[12:32:01]  Ping Success at node 5, 474ms
[12:32:03]  Tracking : Az 146, El 13.
[12:32:07]  Ping Failed.
[12:32:11]  Ping Failed at node 3.
[12:32:18]  Cannot Load Remote Parameter.
[12:32:24]  Cannot Load Remote Parameter.
[12:32:27]  Ping Failed.
[12:32:28]  Tracking : Az 144, El 16.
[12:32:30]  Tracking : Az 143, El 16.
[12:32:32]  Cannot Load Remote Parameter.
[12:32:38]  Ping Failed.
[12:32:45]  Ping Failed.
[12:32:49]  Ping Failed.
[12:32:51]  Tracking : Az 141, El 19.
[12:32:52]  Ping Success at node 5, 465ms
[12:32:53]  Tracking : Az 141, El 19.
[12:32:54]  Ping Success at node 5, 461ms
[12:32:56]  Ping Success at node 5, 469ms
[12:32:57]  AX100 Boot Count : 22242
[12:33:01]  Ping Failed at node 3.
[12:33:04]  Tracking : Az 139, El 21.
[12:33:06]  Tracking : Az 139, El 21.
[12:33:06]  Ping Failed at node 3.
[12:33:09]  Ping Failed at node 3.
[12:33:13]  Ping Failed at node 3.
[12:33:16]  Tracking : Az 138, El 23.
[12:33:16]  Ping Failed at node 3.
[12:33:18]  Tracking : Az 137, El 23.
[12:33:20]  Ping Failed at node 3.
[12:33:20]  Ping Success at node 5, 468ms
[12:33:24]  Ping Failed at node 3.
[12:33:28]  Tracking : Az 136, El 25.
[12:33:28]  Ping Failed at node 3.
[12:33:30]  Tracking : Az 135, El 25.
[12:33:33]  Ping Failed at node 3.
[12:33:38]  Ping Failed at node 3.
[12:33:39]  Tracking : Az 133, El 27.
[12:33:41]  Tracking : Az 133, El 27.
[12:33:43]  Ping Failed at node 3.
[12:33:47]  Ping Failed at node 3.
[12:33:49]  Tracking : Az 131, El 29.
[12:33:51]  Tracking : Az 131, El 29.
[12:33:53]  Ping Failed at node 3.
[12:33:59]  Ping Failed at node 3.
[12:34:00]  Tracking : Az 128, El 31.
[12:34:02]  Tracking : Az 128, El 31.
[12:34:04]  Ping Failed at node 3.
[12:34:10]  Tracking : Az 125, El 33.
[12:34:10]  Ping Failed at node 3.
[12:34:12]  Tracking : Az 125, El 34.
[12:34:14]  Ping Failed at node 3.
[12:34:19]  Ping Failed at node 3.
[12:34:20]  Tracking : Az 122, El 35.
[12:34:22]  Tracking : Az 121, El 36.
[12:34:25]  Ping Failed at node 3.
[12:34:29]  Tracking : Az 118, El 38.
[12:34:29]  Ping Failed at node 3.
[12:34:31]  Tracking : Az 117, El 38.
[12:34:33]  Ping Failed at node 3.
[12:34:36]  Ping Failed at node 3.
[12:34:38]  Tracking : Az 114, El 40.
[12:34:40]  Tracking : Az 113, El 40.
[12:34:40]  Ping Failed at node 3.
[12:34:43]  Ping Failed at node 3.
[12:34:45]  Tracking : Az 110, El 41.
[12:34:47]  Tracking : Az 109, El 42.
[12:34:47]  Ping Failed at node 3.
[12:34:51]  Ping Failed at node 3.
[12:34:53]  Tracking : Az 106, El 43.
[12:34:55]  Tracking : Az 105, El 43.
[12:34:56]  Ping Failed at node 3.
[12:34:57]  Tracking : Az 103, El 44.
[12:34:59]  Tracking : Az 102, El 44.
[12:35:01]  Tracking : Az 101, El 45.
[12:35:05]  Tracking : Az 98, El 45.
[12:35:07]  Tracking : Az 97, El 46.
[12:35:10]  Tracking : Az 94, El 46.
[12:35:12]  Tracking : Az 93, El 46.
[12:35:14]  Tracking : Az 91, El 47.
[12:35:17]  Tracking : Az 89, El 47.
[12:35:19]  Tracking : Az 87, El 47.
[12:35:21]  Tracking : Az 86, El 48.
[12:35:23]  Tracking : Az 84, El 48.
[12:35:25]  Tracking : Az 82, El 48.
[12:35:27]  Tracking : Az 81, El 48.
[12:35:30]  Tracking : Az 78, El 48.
[12:35:32]  Tracking : Az 76, El 48.
[12:35:34]  Tracking : Az 75, El 48.
[12:35:38]  Tracking : Az 71, El 48.
[12:35:40]  Tracking : Az 70, El 48.
[12:35:43]  Tracking : Az 67, El 48.
[12:35:45]  Tracking : Az 65, El 48.
[12:35:48]  Tracking : Az 63, El 48.
[12:35:51]  Tracking : Az 60, El 47.
[12:35:54]  Tracking : Az 58, El 47.
[12:35:56]  Tracking : Az 56, El 47.
[12:35:58]  Ping Failed at node 3.
[12:35:59]  Tracking : Az 54, El 46.
[12:36:02]  Tracking : Az 52, El 46.
[12:36:02]  Ping Failed at node 3.
[12:36:04]  Tracking : Az 50, El 46.
[12:36:05]  Ping Failed at node 3.
[12:36:07]  Tracking : Az 48, El 45.
[12:36:10]  Tracking : Az 46, El 45.
[12:36:12]  Ping Failed at node 3.
[12:36:13]  Tracking : Az 44, El 44.
[12:36:15]  Tracking : Az 43, El 44.
[12:36:18]  Tracking : Az 41, El 43.
[12:36:18]  Ping Failed at node 3.
[12:36:20]  Tracking : Az 40, El 43.
[12:36:22]  Ping Failed at node 3.
[12:36:23]  Tracking : Az 38, El 42.
[12:36:27]  Ping Failed at node 3.
[12:36:28]  Tracking : Az 35, El 41.
[12:36:30]  Tracking : Az 34, El 40.
[12:36:32]  Ping Failed at node 3.
[12:36:36]  Tracking : Az 31, El 39.
[12:36:38]  Tracking : Az 31, El 39.
[12:36:40]  Ping Failed at node 3.
[12:36:43]  Tracking : Az 28, El 37.
[12:36:45]  Tracking : Az 27, El 37.
[12:36:46]  Ping Failed at node 3.
[12:36:51]  Ping Failed at node 3.
[12:36:53]  Tracking : Az 24, El 35.
[12:36:56]  Tracking : Az 23, El 34.
[12:36:56]  Ping Failed at node 3.
[12:37:02]  Tracking : Az 21, El 33.
[12:37:03]  Ping Failed at node 3.
[12:37:07]  Ping Failed at node 3.
[12:37:12]  Tracking : Az 18, El 31.
[12:37:13]  Ping Failed at node 3.
[12:37:14]  Tracking : Az 18, El 30.
[12:37:19]  Ping Failed at node 3.
[12:37:19]  Tracking : Az 16, El 29.
[12:37:26]  Ping Failed at node 3.
[12:37:28]  Tracking : Az 14, El 28.
[12:37:30]  Tracking : Az 14, El 27.
[12:37:43]  Tracking : Az 11, El 25.
[12:37:45]  Tracking : Az 11, El 24.
[12:37:55]  Ping Failed at node 3.
[12:38:01]  Tracking : Az 8, El 22.
[12:38:05]  Ping Failed at node 3.
[12:38:15]  Tracking : Az 6, El 19.
[12:38:17]  Tracking : Az 6, El 19.
[12:38:28]  Ping Failed at node 3.
[12:38:37]  Tracking : Az 4, El 16.
[12:38:39]  Tracking : Az 4, El 16.
[12:38:42]  Ping Failed at node 3.
[12:39:05]  Tracking : Az 1, El 13.
[12:39:07]  Tracking : Az 1, El 13.
[12:39:28]  Ping Failed at node 3.
[12:39:29]  Tracking : Az 0, El 10.
[12:39:31]  Ping Failed.
[12:39:34]  Tracking : Az 359, El 10.
[12:39:36]  Tracking : Az 359, El 10.
[12:39:38]  Tracking : Az 359, El 10.
[12:39:38]  Ping Failed.
[12:39:40]  Tracking : Az 359, El 9.
[12:39:42]  Tracking : Az 359, El 9.
[12:39:44]  Tracking : Az 359, El 9.
[12:39:46]  Tracking : Az 359, El 9.
[12:39:48]  Tracking : Az 359, El 9.
[12:39:50]  Tracking : Az 359, El 9.
[12:39:52]  Tracking : Az 358, El 8.
[12:39:54]  Tracking : Az 358, El 8.
[12:39:56]  Tracking : Az 358, El 8.
[12:39:58]  Tracking : Az 358, El 8.
[12:40:00]  Tracking : Az 358, El 8.
[12:40:02]  Tracking : Az 358, El 7.
[12:40:04]  Tracking : Az 358, El 7.
[12:40:06]  Tracking : Az 358, El 7.
[12:40:08]  Tracking : Az 358, El 7.
[12:40:10]  Tracking : Az 358, El 7.
[12:40:12]  Tracking : Az 357, El 7.
[12:40:14]  Tracking : Az 357, El 6.
[12:40:16]  Tracking : Az 357, El 6.
[12:40:18]  Tracking : Az 357, El 6.
[12:40:20]  Tracking : Az 357, El 6.
[12:40:22]  Tracking : Az 357, El 6.
[12:40:24]  Tracking : Az 357, El 6.
[12:40:26]  Tracking : Az 357, El 5.
[12:40:28]  Tracking : Az 357, El 5.
[12:40:30]  Tracking : Az 357, El 5.
[12:40:32]  Tracking : Az 357, El 5.
[12:40:34]  Tracking : Az 357, El 5.
[12:40:36]  Forked Safe Amplifier Process. (OFF)
[12:40:40]  Finish Engaging.
[12:40:40]  Beacon Success : 0, Ping Success : 12
[12:40:41]  Tracking : Az 0, El 0.
