2026-02-07 02:11
[02:11:23]  Connect to Switch Box.............Success.
[02:11:23]  Connect to Rotator................Success.
[02:11:23]  Connect to GS100..................Success.
[02:11:23]  TM Port 13 bind success.
[02:11:23]  BCN Port 31 bind success.
[02:11:23]  RPT Port 25 bind success.
[02:11:23]  Event Port 27 bind success.
[02:11:23]  COSMIC Beacon Port 23 bind success.
[02:11:23]  COSMIC Report Port 24 bind success.
[02:11:26]  Received Event from port : 27.

[02:11:27]  TLE "cubesat" Download Completed.
[02:11:33]  Received Event from port : 27.

[02:11:40]  Start Engaging.
[02:11:40]  Tracking : Az 330, El 29.
[02:11:41]  Start Doppler Correction.
[02:11:42]  Tracking : Az 329, El 30.
[02:11:42]  Forked Safe Amplifier Process.(ON, Timer)
[02:11:43]  Received Event from port : 27.

[02:11:44]  Ping Success at node 5, 496ms
[02:11:49]  Tracking : Az 326, El 31.
[02:11:53]  Received Event from port : 27.

[02:11:57]  Tracking : Az 323, El 32.
[02:12:03]  Received Event from port : 27.

[02:12:04]  Tracking : Az 320, El 33.
[02:12:06]  [OK]CMD Packet Header: 0x18 0x15 0xc0 0x0 0x0 0x45 0xa 0x2b
[02:12:07]  Received GETFILEINFO Response from port : 23.

[02:12:09]  Received Event from port : 27.

[02:12:10]  Tracking : Az 317, El 34.
[02:12:11]  Received Event from port : 27.

[02:12:13]  Received Event from port : 27.

[02:12:16]  Tracking : Az 314, El 35.
[02:12:22]  Tracking : Az 311, El 36.
[02:12:23]  Received Event from port : 27.

[02:12:28]  Tracking : Az 308, El 37.
[02:12:31]  [Auto]Start AutoPilot.
[02:12:31]  [Auto]Start Autopilot. Next Valuable AOS : 2/7 2:11:31
[02:12:31]  [Auto]Max Elevation : 39.57° Please Keep Devices On.
[02:12:31]  [Auto]Start Engaging.
[02:12:31]  [Auto]Start Doppler Correction.
[02:12:31]  Cannot Turn on AMP Now. Wati until the timer goes on.
[02:12:31]  If you don't want it, restart the software.
[02:12:31]  Remind the AMP would be turned off after the timer goes on
[02:12:31]  even if you restart the software.
[02:12:33]  Received Event from port : 27.

[02:12:34]  Tracking : Az 304, El 38.
[02:12:35]  Tracking : Az 304, El 38.
[02:12:35]  Rotator Read Failed.
[02:12:36]  Tracking : Az 303, El 38.
[02:12:37]  Tracking : Az 303, El 38.
[02:12:37]  Rotator Read Failed.
[02:12:38]  Tracking : Az 302, El 38.
[02:12:39]  Tracking : Az 302, El 38.
[02:12:39]  Rotator Read Failed.
[02:12:40]  Tracking : Az 301, El 38.
[02:12:41]  Tracking : Az 300, El 38.
[02:12:41]  Rotator Read Failed.
[02:12:42]  Forked Safe Amplifier Process.(ON, Timer)
[02:12:42]  [Auto]Autopilot Stopped by User.
[02:12:42]  [Auto]Stop Doppler Correction.
[02:12:42]  [Auto]Finish Engaging.
[02:12:42]  Tracking : Az 0, El 0.
[02:12:43]  [Auto]Beacon Success : 0, Ping Success : 1 CMD Success : 0
[02:12:43]  Received Event from port : 27.

[02:12:47]  Start Engaging.
[02:12:47]  Tracking : Az 296, El 39.
[02:12:48]  Received Event from port : 27.

[02:12:49]  Start Doppler Correction.
[02:12:49]  Tracking : Az 295, El 39.
[02:12:51]  Tracking : Az 294, El 39.
[02:12:52]  Ping Failed.
[02:12:53]  Tracking : Az 293, El 39.
[02:12:53]  Received Event from port : 27.

[02:12:55]  Tracking : Az 291, El 39.
[02:12:58]  Tracking : Az 289, El 39.
[02:13:01]  Tracking : Az 287, El 39.
[02:13:02]  Ping Success at node 5, 455ms
[02:13:03]  Tracking : Az 286, El 39.
[02:13:03]  Received Event from port : 27.

[02:13:08]  Tracking : Az 283, El 39.
[02:13:10]  Tracking : Az 282, El 39.
[02:13:13]  Received Event from port : 27.

[02:13:15]  Tracking : Az 278, El 39.
[02:13:17]  Tracking : Az 277, El 39.
[02:13:19]  [OK]CMD Packet Header: 0x18 0x75 0xc0 0x0 0x0 0x5 0x1e 0xa2
[02:13:20]  Received Report from port : 25.
[02:13:22]  Received Report from port : 25.
[02:13:23]  Tracking : Az 273, El 38.
[02:13:24]  Received Report from port : 25.
[02:13:25]  Tracking : Az 272, El 38.
[02:13:26]  Received Event from port : 27.

[02:13:29]  Received Event from port : 27.

[02:13:30]  [OK]CMD Packet Header: 0x18 0x50 0xc0 0x0 0x0 0x1 0x6 0x70
[02:13:30]  Tracking : Az 269, El 38.
[02:13:31]  Received Event from port : 27.

[02:13:32]  Tracking : Az 268, El 37.
[02:13:33]  Received Event from port : 27.

[02:13:35]  Received Report from port : 25.
[17:13:37]  Received Report from port : 25.
[02:13:38]  Tracking : Az 265, El 37.
[02:13:38]  [OK]CMD Packet Header: 0x18 0x75 0xc0 0x0 0x0 0x1 0x1a 0x49
[02:13:40]  Received Report from port : 25.
[02:13:40]  Tracking : Az 264, El 36.
[02:13:42]  Received Event from port : 27.

[02:13:44]  Received Report from port : 25.
[02:13:46]  Received Report from port : 25.
[02:13:46]  Tracking : Az 260, El 36.
[02:13:48]  Received Report from port : 25.
[02:13:48]  Tracking : Az 259, El 35.
[02:13:50]  Received Event from port : 27.

[02:13:50]  [OK]CMD Packet Header: 0x18 0x75 0xc0 0x0 0x0 0x1 0x17 0x44
[02:13:52]  Received Report from port : 25.
[02:13:54]  Received Report from port : 25.
[02:13:54]  Tracking : Az 256, El 34.
[02:13:56]  Received Report from port : 25.
[02:13:56]  Tracking : Az 255, El 34.
[02:13:58]  Received Event from port : 27.

[02:13:58]  [OK]CMD Packet Header: 0x18 0x75 0xc0 0x0 0x0 0x1 0x14 0x47
[02:14:00]  Received Report from port : 25.
[02:14:02]  Received Report from port : 25.
[02:14:03]  Tracking : Az 252, El 33.
[02:14:04]  Received Report from port : 25.
[02:14:05]  Tracking : Az 251, El 33.
[02:14:06]  Received Event from port : 27.

[02:14:10]  Received Event from port : 27.

[02:14:11]  Tracking : Az 249, El 32.
[02:14:13]  Received Event from port : 27.

[02:14:20]  Tracking : Az 245, El 30.
[02:14:22]  Tracking : Az 245, El 30.
[02:14:23]  Received Event from port : 27.

[02:14:26]  Tracking : Az 243, El 29.
[02:14:33]  Received Event from port : 27.

[02:14:35]  Tracking : Az 240, El 28.
[02:14:38]  Tracking : Az 239, El 27.
[02:14:42]  [OK]CMD Packet Header: 0x18 0x75 0xc0 0x0 0x0 0x1 0x14 0x47
[02:14:43]  Received Report from port : 25.
[02:14:45]  Received Report from port : 25.
[02:14:47]  Received Report from port : 25.
[02:14:49]  Received Event from port : 27.

[02:14:49]  Tracking : Az 236, El 25.
[02:14:51]  Tracking : Az 236, El 25.
[02:14:51]  Received Event from port : 27.

[02:14:54]  Received Event from port : 27.

[02:15:01]  Tracking : Az 233, El 23.
[02:15:03]  Received Event from port : 27.

[02:15:13]  Received Event from port : 27.

[02:15:15]  Tracking : Az 230, El 21.
[02:15:23]  Received Event from port : 27.

[02:15:32]  Tracking : Az 227, El 19.
[02:15:32]  Received Event from port : 27.

[02:15:34]  Tracking : Az 227, El 19.
[02:15:35]  Received Event from port : 27.

[02:15:43]  Received Event from port : 27.

[02:15:51]  Tracking : Az 224, El 16.
[02:15:53]  Tracking : Az 224, El 16.
[02:15:53]  Received Event from port : 27.

[02:16:03]  Received Event from port : 27.

