2025-12-22 13:41
[13:41:43]  Connect to Switch Box.............Success.
[13:41:43]  Connect to Rotator................Success.
[13:41:43]  Connect to GS100..................Success.
[13:41:43]  TM Port 13 bind success.
[13:41:43]  BCN Port 31 bind success.
[13:41:43]  RPT Port 25 bind success.
[13:41:43]  Event Port 27 bind success.
[13:42:06]  TLE "cubesat" Download Completed.
[13:43:23]  Start Engaging.
[13:43:23]  Start Engaging.
[13:43:23]  Tracking : Az 198, El 0.
[13:43:24]  Start Doppler Correction.
[13:43:25]  Tracking : Az 198, El 0.
[13:43:27]  Tracking : Az 198, El 0.
[13:43:29]  Tracking : Az 198, El 0.
[13:43:31]  Tracking : Az 198, El 0.
[13:43:33]  Tracking : Az 198, El 0.
[13:43:35]  Tracking : Az 198, El 0.
[13:43:37]  Tracking : Az 198, El 0.
[13:43:39]  Tracking : Az 198, El 0.
[13:43:41]  Tracking : Az 198, El 0.
[13:43:43]  Tracking : Az 198, El 0.
[13:43:45]  Tracking : Az 198, El 0.
[13:43:47]  Tracking : Az 197, El 0.
[13:43:49]  Tracking : Az 197, El 0.
[13:43:51]  Tracking : Az 198, El 0.
[13:43:53]  Tracking : Az 198, El 0.
[13:43:55]  Tracking : Az 198, El 0.
[13:43:57]  Tracking : Az 198, El 0.
[13:44:13]  Ping Failed.
[13:44:15]  Forked Safe Amplifier Process.(ON, Timer)
[13:44:18]  Tracking : Az 200, El 0.
[13:44:52]  Tracking : Az 202, El 3.
[13:44:52]  Ping Success at node 5, 471ms
[13:44:54]  Tracking : Az 203, El 3.
[13:45:03]  Cannot Load Remote Parameter.
[13:45:08]  Cannot Load Remote Parameter.
[13:45:13]  Cannot Load Remote Parameter.
[13:45:25]  Tracking : Az 206, El 5.
[13:45:26]  Ping Failed.
[13:45:27]  Tracking : Az 206, El 5.
[13:45:32]  Cannot Load Remote Parameter.
[13:45:47]  Ping Success at node 5, 477ms
[13:45:50]  Cannot Load Remote Parameter.
[13:45:52]  Tracking : Az 209, El 6.
[13:45:53]  AX100 Boot Count : 22225
[13:46:10]  Ping Success at node 5, 479ms
[13:46:12]  Ping Success at node 5, 478ms
[13:46:15]  Tracking : Az 212, El 8.
[13:46:16]  Cannot Load Remote Parameter.
[13:46:17]  Tracking : Az 212, El 8.
[13:46:29]  Tracking : Az 214, El 9.
[13:46:48]  Tracking : Az 217, El 11.
[13:46:49]  Ping Failed.
[13:46:50]  Tracking : Az 217, El 11.
[13:46:54]  Cannot Load Remote Parameter.
[13:47:01]  Ping Failed.
[13:47:06]  Tracking : Az 220, El 12.
[13:47:07]  Ping Failed.
[13:47:08]  Tracking : Az 220, El 12.
[13:47:09]  Ping Success at node 5, 469ms
[13:47:11]  [OK]CMD Packet Header: 0x18 0x23 0xc0 0x0 0x0 0x1 0x6 0x3
[13:47:16]  Tracking : Az 222, El 13.
[13:47:18]  Tracking : Az 222, El 13.
[13:47:30]  [OK]CMD Packet Header: 0x18 0x20 0xc0 0x0 0x0 0x5 0x7 0xd
[13:47:31]  Tracking : Az 225, El 14.
[13:47:34]  [OK]CMD Packet Header: 0x18 0x20 0xc0 0x0 0x0 0x5 0x7 0xd
[13:47:37]  [OK]CMD Packet Header: 0x18 0x20 0xc0 0x0 0x0 0x5 0x7 0xd
[13:47:40]  Ping Success at node 5, 467ms
[13:47:45]  Tracking : Az 228, El 15.
[13:47:47]  Tracking : Az 228, El 15.
[13:47:57]  Tracking : Az 231, El 16.
[13:47:59]  Rparam Load OK. node=5 table=4 addr=0x0038 value=69913
[13:47:59]  Tracking : Az 231, El 16.
[13:48:05]  [OK]CMD Packet Header: 0x18 0x23 0xc0 0x0 0x0 0x1 0x1b 0x1e
[13:48:05]  [OK]CMD Packet Header: 0x18 0x23 0xc0 0x0 0x0 0x8 0x2 0x18
[13:48:06]  [OK]CMD Packet Header: 0x18 0x19 0xc0 0x0 0x0 0x5 0x0 0x29
[13:48:09]  Tracking : Az 234, El 17.
[13:48:11]  Tracking : Az 234, El 17.
[13:48:15]  Tracking : Az 235, El 17.
[13:48:15]  Rparam Load OK. node=5 table=4 addr=0x0038 value=70225
[13:48:24]  Tracking : Az 238, El 18.
[13:48:25]  Rparam Load OK. node=5 table=4 addr=0x0038 value=70292
[13:48:26]  Tracking : Az 238, El 18.
[13:48:30]  Rparam Load OK. node=5 table=4 addr=0x0038 value=70359
[13:48:34]  Rparam Load OK. node=5 table=4 addr=0x0038 value=70426
[13:48:34]  Tracking : Az 241, El 18.
[13:48:35]  [OK]CMD Packet Header: 0x18 0x23 0xc0 0x0 0x0 0x1 0x1b 0x1e
[13:48:35]  [OK]CMD Packet Header: 0x18 0x23 0xc0 0x0 0x0 0x8 0x2 0x18
[13:48:36]  [OK]CMD Packet Header: 0x18 0x19 0xc0 0x0 0x0 0x5 0x0 0x29
[13:48:36]  Tracking : Az 241, El 18.
[13:48:41]  Tracking : Az 243, El 19.
[13:48:48]  Tracking : Az 245, El 19.
[13:48:51]  Tracking : Az 246, El 19.
[13:48:54]  [OK]CMD Packet Header: 0x18 0x23 0xc0 0x0 0x0 0x1 0x1b 0x1e
[13:48:55]  [OK]CMD Packet Header: 0x18 0x23 0xc0 0x0 0x0 0x8 0x2 0x18
[13:48:55]  [OK]CMD Packet Header: 0x18 0x19 0xc0 0x0 0x0 0x5 0x0 0x29
[13:49:00]  Tracking : Az 249, El 20.
[13:49:03]  Tracking : Az 250, El 20.
[13:49:09]  [OK]CMD Packet Header: 0x18 0x23 0xc0 0x0 0x0 0x1 0x1b 0x1e
[13:49:10]  [OK]CMD Packet Header: 0x18 0x23 0xc0 0x0 0x0 0x8 0x2 0x18
[13:49:10]  [OK]CMD Packet Header: 0x18 0x19 0xc0 0x0 0x0 0x5 0x0 0x29
[13:49:12]  Tracking : Az 253, El 20.
[13:49:15]  Tracking : Az 254, El 20.
[13:49:22]  Rparam Load OK. node=5 table=4 addr=0x0038 value=71963
[13:49:24]  Tracking : Az 257, El 20.
[13:49:25]  [OK]CMD Packet Header: 0x18 0x23 0xc0 0x0 0x0 0x1 0x1b 0x1e
[13:49:25]  [OK]CMD Packet Header: 0x18 0x23 0xc0 0x0 0x0 0x8 0x2 0x18
[13:49:26]  [OK]CMD Packet Header: 0x18 0x19 0xc0 0x0 0x0 0x5 0x0 0x29
[13:49:27]  Tracking : Az 258, El 21.
[13:49:29]  Rparam Load OK. node=5 table=4 addr=0x0038 value=72520
[13:49:32]  Rparam Load OK. node=5 table=4 addr=0x0038 value=72587
[13:49:36]  Rparam Load OK. node=5 table=4 addr=0x0038 value=72654
[13:49:36]  Tracking : Az 261, El 21.
[13:49:39]  Tracking : Az 262, El 21.
[13:49:39]  Rparam Load OK. node=5 table=4 addr=0x0038 value=72721
[13:49:47]  Tracking : Az 265, El 21.
[13:49:50]  Tracking : Az 266, El 21.
[13:49:51]  Rparam Load OK. node=5 table=4 addr=0x0038 value=72788
[13:49:56]  Rparam Load OK. node=5 table=4 addr=0x0038 value=72855
[13:49:56]  Tracking : Az 268, El 21.
[13:49:59]  Tracking : Az 269, El 21.
[13:50:07]  Tracking : Az 272, El 21.
[13:50:09]  Tracking : Az 272, El 21.
[13:50:10]  Rparam Load OK. node=5 table=4 addr=0x0038 value=72922
[13:50:13]  Tracking : Az 274, El 20.
[13:50:19]  Tracking : Az 276, El 20.
[13:50:22]  Tracking : Az 277, El 20.
[13:50:31]  Tracking : Az 280, El 20.
[13:50:33]  Tracking : Az 280, El 20.
[13:50:41]  Tracking : Az 283, El 19.
[13:50:44]  Tracking : Az 284, El 19.
[13:50:45]  [OK]CMD Packet Header: 0x18 0x23 0xc0 0x0 0x0 0x1 0x1b 0x1e
[13:50:46]  [OK]CMD Packet Header: 0x18 0x23 0xc0 0x0 0x0 0x8 0x2 0x18
[13:50:46]  [OK]CMD Packet Header: 0x18 0x19 0xc0 0x0 0x0 0x5 0x0 0x29
[13:50:50]  Rparam Load OK. node=5 table=4 addr=0x0038 value=73234
[13:50:53]  Tracking : Az 287, El 19.
[13:50:54]  Rparam Load OK. node=5 table=4 addr=0x0038 value=73546
[13:50:55]  Tracking : Az 287, El 19.
[13:51:03]  Tracking : Az 289, El 18.
[13:51:05]  Tracking : Az 290, El 18.
[13:51:14]  Tracking : Az 293, El 17.
[13:51:25]  Tracking : Az 296, El 17.
[13:51:27]  Tracking : Az 296, El 17.
[13:51:28]  AX100 Boot Count : 22225
[13:51:36]  Rparam Load OK. node=5 table=4 addr=0x0038 value=74168
[13:51:37]  Tracking : Az 299, El 16.
[13:51:39]  Tracking : Az 299, El 16.
[13:51:50]  Tracking : Az 302, El 15.
[13:51:52]  Tracking : Az 302, El 15.
[13:51:58]  AX100 Boot Count : 22225
[13:52:03]  Tracking : Az 305, El 14.
[13:52:04]  Ping Success at node 5, 471ms
[13:52:05]  Tracking : Az 305, El 14.
[13:52:07]  Rparam Load OK. node=5 table=4 addr=0x0038 value=74355
[13:52:12]  Rparam Load OK. node=5 table=4 addr=0x0038 value=74422
[13:52:13]  Tracking : Az 307, El 13.
[13:52:29]  Ping Success at node 5, 471ms
[13:52:29]  Tracking : Az 310, El 12.
[13:52:31]  Tracking : Az 310, El 12.
[13:52:44]  Rparam Load OK. node=5 table=4 addr=0x0038 value=74544
[13:52:46]  Tracking : Az 313, El 11.
[13:52:48]  Tracking : Az 313, El 11.
[13:52:52]  Rparam Load OK. node=5 table=4 addr=0x0038 value=74611
[13:53:00]  Rparam Load Failed.
[13:53:05]  Tracking : Az 316, El 9.
[13:53:07]  Tracking : Az 316, El 9.
[13:53:08]  Rparam Load OK. node=5 table=4 addr=0x0038 value=74745
[13:53:26]  Tracking : Az 319, El 8.
[13:53:28]  Tracking : Az 319, El 8.
[13:53:44]  Tracking : Az 321, El 7.
[13:53:46]  Tracking : Az 321, El 6.
[13:54:08]  Tracking : Az 324, El 5.
[13:54:10]  Tracking : Az 324, El 5.
[13:54:36]  Rparam Load OK. node=5 table=4 addr=0x0038 value=74812
[13:54:38]  Tracking : Az 327, El 3.
[13:54:40]  Rparam Load OK. node=5 table=4 addr=0x0038 value=74879
[13:54:40]  Tracking : Az 327, El 3.
[13:55:13]  Tracking : Az 330, El 1.
[13:55:15]  Tracking : Az 330, El 1.
[13:55:40]  Tracking : Az 332, El 0.
[13:56:00]  Tracking : Az 198, El 0.
[13:56:02]  Tracking : Az 198, El 0.
[13:56:04]  Tracking : Az 198, El 0.
[13:56:06]  Tracking : Az 198, El 0.
[13:56:08]  Tracking : Az 198, El 0.
[13:56:10]  Tracking : Az 198, El 0.
[13:56:12]  Tracking : Az 198, El 0.
[13:56:14]  Tracking : Az 198, El 0.
[13:56:16]  Tracking : Az 198, El 0.
[13:56:18]  Tracking : Az 198, El 0.
[13:56:20]  Tracking : Az 198, El 0.
[13:56:22]  Tracking : Az 198, El 0.
[13:56:24]  Tracking : Az 198, El 0.
[13:56:29]  Forked Safe Amplifier Process. (OFF)
[13:56:33]  Finish Engaging.
[13:56:33]  Beacon Success : 0, Ping Success : 8
