2025-12-26 12:53
[12:53:50]  Connect to Switch Box.............Success.
[12:53:50]  Connect to Rotator................Success.
[12:53:50]  Connect to GS100..................Success.
[12:53:50]  TM Port 13 bind success.
[12:53:50]  BCN Port 31 bind success.
[12:53:50]  RPT Port 25 bind success.
[12:53:50]  Event Port 27 bind success.
[12:53:50]  COSMIC Beacon Port 23 bind success.
[12:53:50]  COSMIC Report Port 24 bind success.
[12:53:54]  TLE "cubesat" Download Completed.
[12:54:30]  Start Engaging.
[12:54:30]  Tracking : Az 175, El 0.
[12:54:32]  Tracking : Az 175, El 0.
[12:54:34]  Tracking : Az 175, El 0.
[12:54:36]  Tracking : Az 175, El 0.
[12:54:38]  Start Doppler Correction.
[12:54:38]  Tracking : Az 175, El 0.
[12:54:40]  Tracking : Az 175, El 0.
[12:54:42]  Tracking : Az 175, El 0.
[12:54:44]  Tracking : Az 175, El 0.
[12:54:46]  Tracking : Az 175, El 0.
[12:54:48]  Tracking : Az 175, El 0.
[12:54:50]  Tracking : Az 175, El 0.
[12:54:52]  Tracking : Az 175, El 0.
[12:54:54]  Tracking : Az 175, El 0.
[12:54:56]  Tracking : Az 175, El 0.
[12:54:58]  Tracking : Az 175, El 0.
[13:06:11]  Forked Safe Amplifier Process.(ON, Timer)
[13:06:17]  Ping Failed.
[13:06:41]  Ping Success at node 5, 478ms
[13:06:52]  Tracking : Az 176, El 3.
[13:07:01]  [OK]CMD Packet Header: 0x18 0x75 0xc0 0x0 0x0 0x1 0x14 0x47
[13:07:02]  Received Report from port : 25.
[13:07:03]  Received Report from port : 25.
[13:07:03]  Received Report from port : 25.
[13:07:29]  [OK]CMD Packet Header: 0x18 0x75 0xc0 0x0 0x0 0x5 0x1e 0xa2
[13:07:32]  Tracking : Az 177, El 6.
[13:07:35]  Ping Failed.
[13:07:40]  Ping Failed.
[13:07:51]  Ping Success at node 5, 472ms
[13:07:52]  [OK]CMD Packet Header: 0x18 0x75 0xc0 0x0 0x0 0x5 0x1e 0xa2
[13:07:53]  Received Report from port : 25.
[13:07:54]  Received Report from port : 25.
[13:07:54]  Received Report from port : 25.
[13:07:58]  [OK]CMD Packet Header: 0x18 0x75 0xc0 0x0 0x0 0x1 0x1a 0x49
[13:07:59]  Received Report from port : 25.
[13:08:00]  Received Report from port : 25.
[13:08:00]  Received Report from port : 25.
[13:08:03]  Tracking : Az 179, El 8.
[13:08:14]  [OK]CMD Packet Header: 0x18 0x50 0xc0 0x0 0x0 0x1 0x6 0x70
[13:08:15]  Received Report from port : 25.
[13:08:15]  Received Report from port : 25.
[13:08:16]  Received Report from port : 25.
[13:08:28]  Tracking : Az 180, El 11.
[13:08:41]  [OK]CMD Packet Header: 0x18 0x65 0xc0 0x0 0x0 0x3f 0x1a 0x67
[13:08:47]  Tracking : Az 181, El 13.
[13:08:58]  [OK]CMD Packet Header: 0x18 0x65 0xc0 0x0 0x0 0x3f 0x1a 0x67
[13:09:08]  [OK]CMD Packet Header: 0x18 0x65 0xc0 0x0 0x0 0x2b 0x1b 0xc1
[13:09:12]  Tracking : Az 182, El 16.
[13:09:23]  [OK]CMD Packet Header: 0x18 0x65 0xc0 0x0 0x0 0x63 0x1c 0x0
[13:09:24]  Received Report from port : 25.
[13:09:24]  Received Report from port : 25.
[13:09:24]  Received Report from port : 25.
[13:09:26]  Tracking : Az 183, El 18.
[13:09:32]  Ping Failed.
[13:09:36]  Ping Success at node 5, 458ms
[13:09:44]  [OK]CMD Packet Header: 0x18 0x65 0xc0 0x0 0x0 0x3f 0x1a 0x67
[13:09:46]  Tracking : Az 185, El 21.
[13:09:54]  [OK]CMD Packet Header: 0x18 0x65 0xc0 0x0 0x0 0x3f 0x1a 0x67
[13:10:04]  Tracking : Az 187, El 24.
[13:10:14]  [OK]CMD Packet Header: 0x18 0x65 0xc0 0x0 0x0 0x5 0x1e 0x54
[13:10:15]  Received Report from port : 25.
[13:10:15]  Received Report from port : 25.
[13:10:16]  Received Report from port : 25.
[13:10:19]  Tracking : Az 189, El 27.
[13:10:32]  [OK]CMD Packet Header: 0x18 0x65 0xc0 0x0 0x0 0x69 0x1f 0x9d
[13:10:33]  Tracking : Az 192, El 30.
[13:10:33]  Received Report from port : 25.
[13:10:33]  Received Report from port : 25.
[13:10:34]  Received Report from port : 25.
[13:10:44]  [OK]CMD Packet Header: 0x18 0x65 0xc0 0x0 0x0 0x29 0x21 0x43
[13:10:45]  Received Report from port : 25.
[13:10:45]  Received Report from port : 25.
[13:10:45]  Received Report from port : 25.
[13:10:46]  Tracking : Az 194, El 33.
[13:10:51]  [OK]CMD Packet Header: 0x18 0x65 0xc0 0x0 0x0 0x3f 0x1a 0x67
[13:10:52]  Tracking : Az 196, El 34.
[13:10:52]  Received Report from port : 25.
[13:10:53]  Received Report from port : 25.
[13:10:53]  Received Report from port : 25.
[13:10:58]  [OK]CMD Packet Header: 0x18 0x65 0xc0 0x0 0x0 0x2b 0x1b 0xc1
[13:10:59]  Received Report from port : 25.
[13:11:00]  Received Report from port : 25.
[13:11:00]  Received Report from port : 25.
[13:11:01]  Tracking : Az 198, El 37.
[13:11:09]  Tracking : Az 201, El 39.
[13:11:17]  Tracking : Az 204, El 41.
[13:11:20]  [OK]CMD Packet Header: 0x18 0x65 0xc0 0x0 0x0 0x29 0x21 0x43
[13:11:21]  Received Report from port : 25.
[13:11:21]  Received Report from port : 25.
[13:11:22]  Received Report from port : 25.
[13:11:24]  Tracking : Az 207, El 44.
[13:11:31]  Tracking : Az 210, El 46.
[13:11:31]  [OK]CMD Packet Header: 0x18 0x65 0xc0 0x0 0x0 0x9 0x23 0x6b
[13:11:32]  Received Report from port : 25.
[13:11:33]  Received Report from port : 25.
[13:11:33]  Received Report from port : 25.
[13:11:37]  Tracking : Az 213, El 48.
[13:11:41]  Tracking : Az 216, El 49.
[13:11:45]  [OK]CMD Packet Header: 0x18 0x65 0xc0 0x0 0x0 0x15 0x24 0xa9
[13:11:46]  Received Report from port : 25.
[13:11:46]  Received Report from port : 25.
[13:11:47]  Tracking : Az 220, El 51.
[13:11:47]  Received Report from port : 25.
[13:11:51]  Tracking : Az 223, El 52.
[13:11:55]  Tracking : Az 226, El 53.
[13:11:58]  Tracking : Az 229, El 54.
[13:11:58]  [OK]CMD Packet Header: 0x18 0x65 0xc0 0x0 0x0 0x2 0x27 0x67
[13:11:58]  Received Report from port : 25.
[13:11:59]  Received Report from port : 25.
[13:11:59]  Received Report from port : 25.
[13:12:03]  Tracking : Az 233, El 55.
[13:12:06]  Tracking : Az 236, El 56.
[13:12:10]  Tracking : Az 240, El 56.
[13:12:12]  [OK]CMD Packet Header: 0x18 0x65 0xc0 0x0 0x0 0x1 0x53 0x10
[13:12:13]  Tracking : Az 244, El 57.
[13:12:13]  Received Report from port : 25.
[13:12:14]  Received Report from port : 25.
[13:12:14]  Received Report from port : 25.
[13:12:16]  Tracking : Az 247, El 57.
[13:12:19]  Tracking : Az 250, El 58.
[13:12:22]  Tracking : Az 254, El 58.
[13:12:25]  Tracking : Az 258, El 58.
[13:12:28]  Tracking : Az 261, El 58.
[13:12:31]  Tracking : Az 265, El 58.
[13:12:35]  Tracking : Az 269, El 57.
[13:12:37]  Tracking : Az 272, El 57.
[13:12:41]  Tracking : Az 276, El 57.
[13:12:44]  Tracking : Az 279, El 56.
[13:12:46]  Tracking : Az 281, El 56.
[13:12:46]  Ping Success at node 5, 466ms
[13:12:49]  Tracking : Az 284, El 55.
[13:12:52]  Tracking : Az 287, El 54.
[13:12:55]  Tracking : Az 290, El 54.
[13:12:58]  Tracking : Az 293, El 53.
[13:12:59]  [OK]CMD Packet Header: 0x18 0x65 0xc0 0x0 0x0 0x1 0x54 0x17
[13:13:00]  Received Report from port : 25.
[13:13:00]  Received Report from port : 25.
[13:13:01]  Received Report from port : 25.
[13:13:02]  Tracking : Az 296, El 52.
[13:13:06]  Tracking : Az 299, El 51.
[13:13:11]  Tracking : Az 302, El 49.
[13:13:15]  Tracking : Az 305, El 48.
[13:13:21]  Tracking : Az 308, El 46.
[13:13:21]  [OK]CMD Packet Header: 0x18 0x75 0xc0 0x0 0x0 0x1 0x14 0x47
[13:13:22]  Received Report from port : 25.
[13:13:22]  Received Report from port : 25.
[13:13:23]  Received Report from port : 25.
[13:13:27]  Tracking : Az 311, El 44.
[13:13:34]  Tracking : Az 314, El 42.
[13:13:41]  Tracking : Az 317, El 40.
[13:13:49]  Tracking : Az 319, El 37.
[13:13:58]  Tracking : Az 322, El 35.
[13:14:10]  Tracking : Az 325, El 32.
[13:14:21]  Tracking : Az 327, El 29.
[13:14:35]  Tracking : Az 329, El 26.
[13:14:40]  [OK]CMD Packet Header: 0x18 0x75 0xc0 0x0 0x0 0x1 0x14 0x47
[13:14:41]  Received Report from port : 25.
[13:14:41]  Received Report from port : 25.
[13:14:42]  Received Report from port : 25.
[13:14:54]  Tracking : Az 332, El 23.
[13:15:15]  Tracking : Az 334, El 19.
[13:15:37]  Tracking : Az 336, El 16.
[13:16:03]  [OK]CMD Packet Header: 0x18 0x75 0xc0 0x0 0x0 0x1 0x14 0x47
[13:16:08]  Tracking : Az 338, El 12.
[13:16:08]  Ping Success at node 5, 468ms
[13:16:09]  [OK]CMD Packet Header: 0x18 0x75 0xc0 0x0 0x0 0x1 0x14 0x47
[13:16:10]  Received Report from port : 25.
[13:16:11]  Received Report from port : 25.
[13:16:11]  Received Report from port : 25.
[13:16:16]  [OK]CMD Packet Header: 0x18 0x75 0xc0 0x0 0x0 0x1 0x14 0x47
[13:16:38]  Tracking : Az 339, El 9.
[13:16:40]  [OK]CMD Packet Header: 0x18 0x75 0xc0 0x0 0x0 0x1 0x14 0x47
[13:16:40]  Received Report from port : 25.
[13:16:41]  Received Report from port : 25.
[13:16:41]  Received Report from port : 25.
[13:16:45]  AX100 Boot Count : 188
[13:16:52]  Forked Safe Amplifier Process. (OFF)
[13:17:00]  Finish Engaging.
[13:17:00]  Beacon Success : 0, Ping Success : 5
[13:17:00]  Tracking : Az 0, El 0.
