2026-01-07 12:23
[12:23:41]  Connect to Switch Box.............Success.
[12:23:41]  Connect to Rotator................Success.
[12:23:41]  Connect to GS100..................Success.
[12:23:41]  TM Port 13 bind success.
[12:23:41]  BCN Port 31 bind success.
[12:23:41]  RPT Port 25 bind success.
[12:23:41]  Event Port 27 bind success.
[12:23:41]  COSMIC Beacon Port 23 bind success.
[12:23:41]  COSMIC Report Port 24 bind success.
[12:23:44]  TLE "cubesat" Download Completed.
[12:24:48]  Start Engaging.
[12:24:48]  Tracking : Az 158, El 0.
[12:24:49]  Start Doppler Correction.
[12:24:50]  Tracking : Az 158, El 0.
[12:24:52]  Tracking : Az 158, El 0.
[12:24:54]  Tracking : Az 158, El 0.
[12:24:56]  Tracking : Az 158, El 0.
[12:24:58]  Tracking : Az 158, El 0.
[12:25:00]  Tracking : Az 158, El 0.
[12:25:02]  Tracking : Az 158, El 0.
[12:25:04]  Tracking : Az 158, El 0.
[12:25:06]  Tracking : Az 158, El 0.
[12:25:08]  Tracking : Az 158, El 0.
[12:25:10]  Tracking : Az 158, El 0.
[12:25:12]  Tracking : Az 158, El 0.
[12:25:14]  Tracking : Az 158, El 0.
[12:25:16]  Tracking : Az 158, El 0.
[12:37:11]  Forked Safe Amplifier Process.(ON, Timer)
[12:37:42]  Tracking : Az 157, El 3.
[12:37:48]  Ping Failed.
[12:37:51]  Ping Success at node 5, 477ms
[12:37:53]  Ping Success at node 5, 465ms
[12:37:54]  Ping Success at node 5, 477ms
[12:37:56]  AX100 Boot Count : 22242
[12:37:58]  Remote Param Control OK.(No Reply)
[12:38:04]  Cannot Load Remote Parameter.
[12:38:07]  Cannot Load Remote Parameter.
[12:38:12]  Cannot Load Remote Parameter.
[12:38:22]  Tracking : Az 156, El 6.
[12:38:24]  Ping Success at node 5, 472ms
[12:38:26]  Remote Param Control OK. csp_rtable : 0/0 AX100, 3/5 CAN, 6/5 CAN
[12:38:28]  AX100 Boot Count : 22242
[12:38:38]  Ping Failed at node 3.
[12:38:43]  Ping Failed at node 3.
[12:38:57]  Tracking : Az 155, El 9.
[12:39:01]  Ping Failed at node 3.
[12:39:04]  Ping Failed at node 3.
[12:39:04]  Ping Success at node 5, 467ms
[12:39:06]  Ping Success at node 5, 469ms
[12:39:11]  Ping Failed at node 3.
[12:39:15]  Ping Failed at node 6.
[12:39:17]  Tracking : Az 154, El 11.
[12:39:22]  Ping Failed at node 6.
[12:39:30]  Ping Failed at node 6.
[12:39:35]  Ping Failed at node 6.
[12:39:38]  Ping Failed at node 6.
[12:39:41]  Ping Failed at node 3.
[12:39:42]  Ping Success at node 5, 462ms
[12:39:42]  Ping Success at node 5, 464ms
[12:39:43]  Ping Success at node 5, 470ms
[12:39:44]  Ping Success at node 5, 473ms
[12:39:44]  Tracking : Az 153, El 14.
[12:39:45]  Ping Success at node 5, 470ms
[12:39:46]  Ping Success at node 5, 473ms
[12:39:47]  Ping Success at node 5, 469ms
[12:39:48]  Ping Success at node 5, 468ms
[12:39:49]  Ping Success at node 5, 465ms
[12:39:50]  Ping Success at node 5, 459ms
[12:39:52]  Ping Success at node 5, 473ms
[12:39:53]  Ping Success at node 5, 473ms
[12:39:55]  Ping Success at node 5, 465ms
[12:39:56]  Ping Success at node 5, 459ms
[12:39:57]  Ping Success at node 5, 469ms
[12:39:59]  Ping Success at node 5, 460ms
[12:40:00]  Ping Success at node 5, 474ms
[12:40:01]  Ping Success at node 5, 458ms
[12:40:02]  Ping Success at node 5, 459ms
[12:40:04]  Ping Success at node 5, 469ms
[12:40:05]  Ping Success at node 5, 467ms
[12:40:06]  Tracking : Az 151, El 16.
[12:40:06]  Ping Success at node 5, 458ms
[12:40:08]  Ping Success at node 5, 469ms
[12:40:09]  Ping Success at node 5, 466ms
[12:40:10]  Ping Success at node 5, 460ms
[12:40:12]  Ping Success at node 5, 472ms
[12:40:13]  Ping Success at node 5, 461ms
[12:40:14]  Ping Success at node 5, 466ms
[12:40:15]  Ping Success at node 5, 464ms
[12:40:17]  Ping Success at node 5, 462ms
[12:40:20]  Ping Failed.
[12:40:22]  Tracking : Az 150, El 19.
[12:40:23]  Ping Failed at node 3.
[12:40:26]  Ping Failed at node 3.
[12:40:30]  Ping Failed at node 6.
[12:40:33]  Ping Failed at node 6.
[12:40:33]  Ping Success at node 5, 474ms
[12:40:37]  Ping Success at node 5, 466ms
[12:40:40]  Ping Success at node 5, 462ms
[12:40:41]  Tracking : Az 149, El 22.
[12:40:46]  Ping Failed.
[12:40:50]  Ping Failed.
[12:40:51]  Ping Success at node 5, 471ms
[12:40:52]  Ping Success at node 5, 464ms
[12:40:53]  Ping Success at node 5, 461ms
[12:40:57]  Tracking : Az 147, El 25.
[12:40:58]  Ping Failed.
[12:41:00]  Ping Success at node 5, 461ms
[12:41:03]  Ping Success at node 5, 457ms
[12:41:05]  Ping Success at node 5, 470ms
[12:41:06]  Ping Success at node 5, 463ms
[12:41:08]  Ping Success at node 5, 464ms
[12:41:10]  Ping Success at node 5, 463ms
[12:41:11]  Ping Success at node 5, 471ms
[12:41:12]  Tracking : Az 145, El 28.
[12:41:14]  Ping Failed.
[12:41:18]  Ping Failed at node 6.
[12:41:21]  Ping Failed at node 6.
[12:41:22]  Tracking : Az 143, El 30.
[12:41:24]  Ping Failed at node 6.
[12:41:28]  Ping Failed at node 3.
[12:41:31]  Ping Failed at node 3.
[12:41:33]  Tracking : Az 141, El 33.
[12:41:34]  Ping Failed at node 3.
[12:41:38]  Ping Failed at node 3.
[12:41:43]  Ping Failed at node 3.
[12:41:44]  Tracking : Az 139, El 36.
[12:41:49]  Ping Failed at node 3.
[12:41:50]  Ping Success at node 5, 455ms
[12:41:53]  Ping Success at node 5, 467ms
[12:41:54]  Tracking : Az 136, El 38.
[12:41:54]  Ping Success at node 5, 463ms
[12:41:55]  Ping Success at node 5, 455ms
[12:41:56]  Ping Success at node 5, 462ms
[12:41:58]  Ping Success at node 5, 461ms
[12:42:01]  Tracking : Az 134, El 41.
[12:42:09]  Tracking : Az 131, El 43.
[12:42:16]  Tracking : Az 128, El 46.
[12:42:22]  Tracking : Az 125, El 48.
[12:42:26]  Ping Success at node 5, 464ms
[12:42:28]  Ping Success at node 5, 460ms
[12:42:28]  Tracking : Az 122, El 50.
[12:42:29]  Ping Success at node 5, 454ms
[12:42:30]  Ping Success at node 5, 465ms
[12:42:32]  Ping Success at node 5, 458ms
[12:42:32]  Tracking : Az 119, El 51.
[12:42:33]  Ping Success at node 5, 469ms
[12:42:35]  Ping Success at node 5, 454ms
[12:42:36]  Tracking : Az 116, El 52.
[12:42:37]  Ping Success at node 5, 467ms
[12:42:38]  Ping Success at node 5, 458ms
[12:42:40]  Ping Success at node 5, 458ms
[12:42:40]  Tracking : Az 113, El 54.
[12:42:41]  Ping Success at node 5, 463ms
[12:42:43]  Ping Success at node 5, 465ms
[12:42:44]  Ping Success at node 5, 453ms
[12:42:44]  Tracking : Az 110, El 55.
[12:42:46]  Ping Success at node 5, 467ms
[12:42:48]  Ping Success at node 5, 458ms
[12:42:48]  Tracking : Az 106, El 56.
[12:42:49]  Ping Success at node 5, 454ms
[12:42:51]  Ping Success at node 5, 463ms
[12:42:51]  Tracking : Az 103, El 57.
[12:42:54]  Tracking : Az 100, El 58.
[12:42:57]  Tracking : Az 97, El 58.
[12:43:00]  Tracking : Az 93, El 59.
[12:43:01]  Ping Success at node 5, 454ms
[12:43:04]  Tracking : Az 89, El 60.
[12:43:06]  Tracking : Az 86, El 60.
[12:43:08]  Tracking : Az 83, El 60.
[12:43:11]  Tracking : Az 80, El 60.
[12:43:14]  Tracking : Az 76, El 60.
[12:43:17]  Tracking : Az 72, El 60.
[12:43:20]  Tracking : Az 68, El 60.
[12:43:22]  Tracking : Az 65, El 60.
[12:43:25]  Tracking : Az 61, El 60.
[12:43:29]  Tracking : Az 56, El 59.
[12:43:31]  Tracking : Az 54, El 59.
[12:43:34]  Tracking : Az 51, El 58.
[12:43:37]  Tracking : Az 47, El 57.
[12:43:41]  Tracking : Az 43, El 56.
[12:43:45]  Tracking : Az 40, El 55.
[12:43:48]  Ping Success at node 5, 461ms
[12:43:48]  Tracking : Az 37, El 54.
[12:43:49]  Ping Success at node 5, 458ms
[12:43:51]  Ping Success at node 5, 459ms
[12:43:52]  Ping Success at node 5, 460ms
[12:43:52]  Tracking : Az 34, El 53.
[12:43:53]  Ping Success at node 5, 464ms
[12:43:54]  Ping Success at node 5, 466ms
[12:43:55]  Ping Success at node 5, 458ms
[12:43:57]  Tracking : Az 30, El 51.
[12:44:02]  Tracking : Az 27, El 50.
[12:44:06]  Ping Failed at node 3.
[12:44:07]  Tracking : Az 24, El 48.
[12:44:10]  Ping Failed at node 3.
[12:44:13]  Ping Failed at node 3.
[12:44:13]  Tracking : Az 21, El 46.
[12:44:14]  Ping Success at node 5, 456ms
[12:44:19]  Tracking : Az 19, El 44.
[12:44:25]  Tracking : Az 16, El 42.
[12:44:33]  Tracking : Az 14, El 39.
[12:44:41]  Tracking : Az 11, El 37.
[12:44:54]  Tracking : Az 8, El 33.
[12:45:06]  Tracking : Az 6, El 30.
[12:45:23]  Tracking : Az 4, El 26.
[12:45:40]  Tracking : Az 1, El 23.
[12:46:02]  Tracking : Az 359, El 19.
[12:46:04]  Ping Success at node 5, 461ms
[12:46:04]  Tracking : Az 359, El 19.
[12:46:05]  Ping Success at node 5, 466ms
[12:46:06]  Tracking : Az 359, El 19.
[12:46:06]  Ping Success at node 5, 464ms
[12:46:08]  Ping Success at node 5, 466ms
[12:46:08]  Tracking : Az 359, El 19.
[12:46:09]  Ping Success at node 5, 458ms
[12:46:10]  Tracking : Az 359, El 18.
[12:46:12]  Ping Failed.
[12:46:12]  Tracking : Az 359, El 18.
[12:46:14]  Ping Failed.
[12:46:14]  Tracking : Az 359, El 18.
[12:46:16]  Tracking : Az 358, El 17.
[12:46:16]  Ping Failed.
[12:46:18]  Tracking : Az 358, El 17.
[12:46:20]  Tracking : Az 358, El 17.
[12:46:22]  Tracking : Az 358, El 17.
[12:46:24]  Tracking : Az 358, El 16.
[12:46:26]  Tracking : Az 358, El 16.
[12:46:28]  Ping Failed.
[12:46:28]  Tracking : Az 358, El 16.
[12:46:30]  Tracking : Az 357, El 16.
[12:46:32]  Tracking : Az 357, El 15.
[12:46:34]  Tracking : Az 357, El 15.
[12:46:35]  Ping Failed.
[12:46:36]  Tracking : Az 357, El 15.
[12:46:38]  Ping Failed.
[12:46:38]  Tracking : Az 357, El 14.
[12:46:40]  Tracking : Az 357, El 14.
[12:46:41]  Ping Failed.
[12:46:42]  Tracking : Az 357, El 14.
[12:46:44]  Tracking : Az 357, El 14.
[12:46:45]  Forked Safe Amplifier Process. (OFF)
[12:46:46]  Tracking : Az 357, El 14.
[12:46:48]  Tracking : Az 357, El 13.
[12:46:50]  Finish Engaging.
[12:46:50]  Beacon Success : 0, Ping Success : 86
