2026-07-02 15:29
[15:29:16]  Connect to Switch Box..............Failed.
[15:29:16]  Connect to Rotator.................Failed.
[15:29:16]  Connect to GS100..................Success.
[15:29:16]  BEE-1000 BCN Port 31 bind success.
[15:29:16]  Rotator Read Failed. Please Check Again.
[15:29:16]  BEE-1000 RPT Port 25 bind success.
[15:29:16]  BEE-1000 Event Port 27 bind success.
[15:29:16]  BEE-100 FM Port 23 bind success.
[15:29:16]  UEL-Y-Sys. BCN Port 12 bind success.
[15:29:16]  UEL-Y-Sys. RPT Port 10 bind success.
[15:29:16]  UEL-Y-Sys. Event Port 11 bind success.
[15:29:16]  UEL-Y-Sys. FM Port 14 bind success.
[15:29:16]  BEE-1012 BCN Port 17 bind success.
[15:29:16]  BEE-1012 RPT Port 15 bind success.
[15:29:16]  BEE-1012 Event Port 16 bind success.
[15:29:16]  BEE-1012 FM Port 18 bind success.
[15:29:16]  BEE-1012 AIOBC Port 29 bind success.
[15:29:55]  Start FTP RYU DOWNLOAD id=1.
[15:29:55]  [FTP_RYU_TEST][id=1][DOWNLOAD] begin local=file://./yosijane.so remote=file://./cf/helpme.so host=10 port=19 chunk=180
[15:30:25]  [FTP_RYU_TEST][id=1][DOWNLOAD][ERROR] retcode=-5
[15:30:25]  [FTP_RYU_TEST][id=1][DOWNLOAD] cleanup_done=1
[15:44:13]  Start FTP RYU UPLOAD id=2.
[15:44:13]  [FTP_RYU_TEST][id=2][UPLOAD] begin local=file://./adcs.so remote=file://./cf/yosijane.so host=10 port=19 chunk=180
[15:44:13]  Received FTP Upload Spec.
[15:44:13]  Received FTP Upload File Spec. Filesize : 45908, CRC : 2142142446.
[15:44:16]  Received FTP Status Reply.
[15:44:16]  Start FTP Uplink. Total Chunk Size : 256
[15:44:16]  Upload : 0/256
[15:44:16]  [FTP_RYU_TEST][id=2][UPLOAD] progress 0/256 chunk=180
[15:44:17]  Upload : 1/256
[15:44:17]  [FTP_RYU_TEST][id=2][UPLOAD] progress 1/256 chunk=180
[15:44:17]  Upload : 2/256
[15:44:17]  [FTP_RYU_TEST][id=2][UPLOAD] progress 2/256 chunk=180
[15:44:18]  Upload : 3/256
[15:44:18]  [FTP_RYU_TEST][id=2][UPLOAD] progress 3/256 chunk=180
[15:44:18]  Upload : 4/256
[15:44:18]  [FTP_RYU_TEST][id=2][UPLOAD] progress 4/256 chunk=180
[15:44:19]  Upload : 5/256
[15:44:19]  [FTP_RYU_TEST][id=2][UPLOAD] progress 5/256 chunk=180
[15:44:20]  Upload : 6/256
[15:44:20]  [FTP_RYU_TEST][id=2][UPLOAD] progress 6/256 chunk=180
[15:44:34]  Upload : 7/256
[15:44:34]  [FTP_RYU_TEST][id=2][UPLOAD] progress 7/256 chunk=180
[15:44:35]  Upload : 8/256
[15:44:35]  [FTP_RYU_TEST][id=2][UPLOAD] progress 8/256 chunk=180
[15:44:35]  Upload : 9/256
[15:44:35]  [FTP_RYU_TEST][id=2][UPLOAD] progress 9/256 chunk=180
[15:44:36]  Upload : 10/256
[15:44:36]  [FTP_RYU_TEST][id=2][UPLOAD] progress 10/256 chunk=180
[15:44:37]  Upload : 11/256
[15:44:37]  [FTP_RYU_TEST][id=2][UPLOAD] progress 11/256 chunk=180
[15:44:37]  Upload : 12/256
[15:44:37]  [FTP_RYU_TEST][id=2][UPLOAD] progress 12/256 chunk=180
[15:44:52]  Upload : 13/256
[15:44:52]  [FTP_RYU_TEST][id=2][UPLOAD] progress 13/256 chunk=180
[15:44:52]  Upload : 14/256
[15:44:52]  [FTP_RYU_TEST][id=2][UPLOAD] progress 14/256 chunk=180
[15:44:53]  Upload : 15/256
[15:44:53]  [FTP_RYU_TEST][id=2][UPLOAD] progress 15/256 chunk=180
[15:44:53]  Upload : 16/256
[15:44:53]  [FTP_RYU_TEST][id=2][UPLOAD] progress 16/256 chunk=180
[15:44:54]  Upload : 17/256
[15:44:54]  [FTP_RYU_TEST][id=2][UPLOAD] progress 17/256 chunk=180
[15:44:55]  Upload : 18/256
[15:44:55]  [FTP_RYU_TEST][id=2][UPLOAD] progress 18/256 chunk=180
[15:45:06]  Ping Success at node 5, 440ms
[15:45:09]  Upload : 19/256
[15:45:09]  [FTP_RYU_TEST][id=2][UPLOAD] progress 19/256 chunk=180
[15:45:10]  Upload : 20/256
[15:45:10]  [FTP_RYU_TEST][id=2][UPLOAD] progress 20/256 chunk=180
[15:45:10]  Upload : 21/256
[15:45:10]  [FTP_RYU_TEST][id=2][UPLOAD] progress 21/256 chunk=180
[15:45:11]  Upload : 22/256
[15:45:11]  [FTP_RYU_TEST][id=2][UPLOAD] progress 22/256 chunk=180
[15:45:12]  Upload : 23/256
[15:45:12]  [FTP_RYU_TEST][id=2][UPLOAD] progress 23/256 chunk=180
[15:45:12]  Upload : 24/256
[15:45:12]  [FTP_RYU_TEST][id=2][UPLOAD] progress 24/256 chunk=180
[15:45:27]  Upload : 25/256
[15:45:27]  [FTP_RYU_TEST][id=2][UPLOAD] progress 25/256 chunk=180
[15:45:27]  Upload : 26/256
[15:45:27]  [FTP_RYU_TEST][id=2][UPLOAD] progress 26/256 chunk=180
[15:45:28]  Upload : 27/256
[15:45:28]  [FTP_RYU_TEST][id=2][UPLOAD] progress 27/256 chunk=180
[15:45:28]  Upload : 28/256
[15:45:28]  [FTP_RYU_TEST][id=2][UPLOAD] progress 28/256 chunk=180
[15:45:29]  Upload : 29/256
[15:45:29]  [FTP_RYU_TEST][id=2][UPLOAD] progress 29/256 chunk=180
[15:45:30]  Upload : 30/256
[15:45:30]  [FTP_RYU_TEST][id=2][UPLOAD] progress 30/256 chunk=180
[15:45:44]  Upload : 31/256
[15:45:44]  [FTP_RYU_TEST][id=2][UPLOAD] progress 31/256 chunk=180
[15:45:45]  Upload : 32/256
[15:45:45]  [FTP_RYU_TEST][id=2][UPLOAD] progress 32/256 chunk=180
[15:45:45]  Upload : 33/256
[15:45:45]  [FTP_RYU_TEST][id=2][UPLOAD] progress 33/256 chunk=180
[15:45:46]  Upload : 34/256
[15:45:46]  [FTP_RYU_TEST][id=2][UPLOAD] progress 34/256 chunk=180
[15:45:47]  Upload : 35/256
[15:45:47]  [FTP_RYU_TEST][id=2][UPLOAD] progress 35/256 chunk=180
[15:45:47]  Upload : 36/256
[15:45:47]  [FTP_RYU_TEST][id=2][UPLOAD] progress 36/256 chunk=180
[15:46:02]  Upload : 37/256
[15:46:02]  [FTP_RYU_TEST][id=2][UPLOAD] progress 37/256 chunk=180
[15:46:02]  Upload : 38/256
[15:46:02]  [FTP_RYU_TEST][id=2][UPLOAD] progress 38/256 chunk=180
[15:46:03]  Upload : 39/256
[15:46:03]  [FTP_RYU_TEST][id=2][UPLOAD] progress 39/256 chunk=180
[15:46:03]  Upload : 40/256
[15:46:03]  [FTP_RYU_TEST][id=2][UPLOAD] progress 40/256 chunk=180
[15:46:04]  Upload : 41/256
[15:46:04]  [FTP_RYU_TEST][id=2][UPLOAD] progress 41/256 chunk=180
[15:46:05]  Upload : 42/256
[15:46:05]  [FTP_RYU_TEST][id=2][UPLOAD] progress 42/256 chunk=180
[15:46:19]  Upload : 43/256
[15:46:19]  [FTP_RYU_TEST][id=2][UPLOAD] progress 43/256 chunk=180
[15:46:20]  Upload : 44/256
[15:46:20]  [FTP_RYU_TEST][id=2][UPLOAD] progress 44/256 chunk=180
[15:46:21]  Upload : 45/256
[15:46:21]  [FTP_RYU_TEST][id=2][UPLOAD] progress 45/256 chunk=180
[15:46:21]  Upload : 46/256
[15:46:21]  [FTP_RYU_TEST][id=2][UPLOAD] progress 46/256 chunk=180
[15:46:22]  Upload : 47/256
[15:46:22]  [FTP_RYU_TEST][id=2][UPLOAD] progress 47/256 chunk=180
[15:46:22]  Upload : 48/256
[15:46:22]  [FTP_RYU_TEST][id=2][UPLOAD] progress 48/256 chunk=180
[15:46:36]  Upload : 49/256
[15:46:36]  [FTP_RYU_TEST][id=2][UPLOAD] progress 49/256 chunk=180
[15:46:37]  Upload : 50/256
[15:46:37]  [FTP_RYU_TEST][id=2][UPLOAD] progress 50/256 chunk=180
[15:46:38]  Upload : 51/256
[15:46:38]  [FTP_RYU_TEST][id=2][UPLOAD] progress 51/256 chunk=180
[15:46:38]  Upload : 52/256
[15:46:38]  [FTP_RYU_TEST][id=2][UPLOAD] progress 52/256 chunk=180
[15:46:39]  Upload : 53/256
[15:46:39]  [FTP_RYU_TEST][id=2][UPLOAD] progress 53/256 chunk=180
[15:46:39]  Upload : 54/256
[15:46:39]  [FTP_RYU_TEST][id=2][UPLOAD] progress 54/256 chunk=180
[15:46:53]  Upload : 55/256
[15:46:53]  [FTP_RYU_TEST][id=2][UPLOAD] progress 55/256 chunk=180
[15:46:54]  Upload : 56/256
[15:46:54]  [FTP_RYU_TEST][id=2][UPLOAD] progress 56/256 chunk=180
[15:46:54]  Upload : 57/256
[15:46:54]  [FTP_RYU_TEST][id=2][UPLOAD] progress 57/256 chunk=180
[15:46:55]  Upload : 58/256
[15:46:55]  [FTP_RYU_TEST][id=2][UPLOAD] progress 58/256 chunk=180
[15:46:56]  Upload : 59/256
[15:46:56]  [FTP_RYU_TEST][id=2][UPLOAD] progress 59/256 chunk=180
[15:46:56]  Upload : 60/256
[15:46:56]  [FTP_RYU_TEST][id=2][UPLOAD] progress 60/256 chunk=180
[15:47:10]  Upload : 61/256
[15:47:10]  [FTP_RYU_TEST][id=2][UPLOAD] progress 61/256 chunk=180
[15:47:11]  Upload : 62/256
[15:47:11]  [FTP_RYU_TEST][id=2][UPLOAD] progress 62/256 chunk=180
[15:47:11]  Upload : 63/256
[15:47:11]  [FTP_RYU_TEST][id=2][UPLOAD] progress 63/256 chunk=180
[15:47:12]  Upload : 64/256
[15:47:12]  [FTP_RYU_TEST][id=2][UPLOAD] progress 64/256 chunk=180
[15:47:13]  Upload : 65/256
[15:47:13]  [FTP_RYU_TEST][id=2][UPLOAD] progress 65/256 chunk=180
[15:47:28]  Upload : 66/256
[15:47:28]  [FTP_RYU_TEST][id=2][UPLOAD] progress 66/256 chunk=180
[15:47:29]  Upload : 67/256
[15:47:29]  [FTP_RYU_TEST][id=2][UPLOAD] progress 67/256 chunk=180
[15:47:30]  Upload : 68/256
[15:47:30]  [FTP_RYU_TEST][id=2][UPLOAD] progress 68/256 chunk=180
[15:47:30]  Upload : 69/256
[15:47:30]  [FTP_RYU_TEST][id=2][UPLOAD] progress 69/256 chunk=180
[15:47:31]  Upload : 70/256
[15:47:31]  [FTP_RYU_TEST][id=2][UPLOAD] progress 70/256 chunk=180
[15:47:32]  Upload : 71/256
[15:47:32]  [FTP_RYU_TEST][id=2][UPLOAD] progress 71/256 chunk=180
[15:47:46]  Upload : 72/256
[15:47:46]  [FTP_RYU_TEST][id=2][UPLOAD] progress 72/256 chunk=180
[15:47:47]  Upload : 73/256
[15:47:47]  [FTP_RYU_TEST][id=2][UPLOAD] progress 73/256 chunk=180
[15:47:47]  Upload : 74/256
[15:47:47]  [FTP_RYU_TEST][id=2][UPLOAD] progress 74/256 chunk=180
[15:47:48]  Upload : 75/256
[15:47:48]  [FTP_RYU_TEST][id=2][UPLOAD] progress 75/256 chunk=180
[15:47:48]  Upload : 76/256
[15:47:48]  [FTP_RYU_TEST][id=2][UPLOAD] progress 76/256 chunk=180
[15:47:49]  Upload : 77/256
[15:47:49]  [FTP_RYU_TEST][id=2][UPLOAD] progress 77/256 chunk=180
[15:48:03]  Upload : 78/256
[15:48:03]  [FTP_RYU_TEST][id=2][UPLOAD] progress 78/256 chunk=180
[15:48:04]  Upload : 79/256
[15:48:04]  [FTP_RYU_TEST][id=2][UPLOAD] progress 79/256 chunk=180
[15:48:05]  Upload : 80/256
[15:48:05]  [FTP_RYU_TEST][id=2][UPLOAD] progress 80/256 chunk=180
[15:48:05]  Upload : 81/256
[15:48:05]  [FTP_RYU_TEST][id=2][UPLOAD] progress 81/256 chunk=180
[15:48:06]  Upload : 82/256
[15:48:06]  [FTP_RYU_TEST][id=2][UPLOAD] progress 82/256 chunk=180
[15:48:22]  Upload : 83/256
[15:48:22]  [FTP_RYU_TEST][id=2][UPLOAD] progress 83/256 chunk=180
[15:48:22]  Upload : 84/256
[15:48:22]  [FTP_RYU_TEST][id=2][UPLOAD] progress 84/256 chunk=180
[15:48:23]  Upload : 85/256
[15:48:23]  [FTP_RYU_TEST][id=2][UPLOAD] progress 85/256 chunk=180
[15:48:23]  Upload : 86/256
[15:48:23]  [FTP_RYU_TEST][id=2][UPLOAD] progress 86/256 chunk=180
[15:48:24]  Upload : 87/256
[15:48:24]  [FTP_RYU_TEST][id=2][UPLOAD] progress 87/256 chunk=180
[15:48:25]  Upload : 88/256
[15:48:25]  [FTP_RYU_TEST][id=2][UPLOAD] progress 88/256 chunk=180
[15:48:39]  Upload : 89/256
[15:48:39]  [FTP_RYU_TEST][id=2][UPLOAD] progress 89/256 chunk=180
[15:48:40]  Upload : 90/256
[15:48:40]  [FTP_RYU_TEST][id=2][UPLOAD] progress 90/256 chunk=180
[15:48:40]  Upload : 91/256
[15:48:40]  [FTP_RYU_TEST][id=2][UPLOAD] progress 91/256 chunk=180
[15:48:41]  Upload : 92/256
[15:48:41]  [FTP_RYU_TEST][id=2][UPLOAD] progress 92/256 chunk=180
[15:48:42]  Upload : 93/256
[15:48:42]  [FTP_RYU_TEST][id=2][UPLOAD] progress 93/256 chunk=180
[15:48:42]  Upload : 94/256
[15:48:42]  [FTP_RYU_TEST][id=2][UPLOAD] progress 94/256 chunk=180
[15:48:57]  Upload : 95/256
[15:48:57]  [FTP_RYU_TEST][id=2][UPLOAD] progress 95/256 chunk=180
[15:48:57]  Upload : 96/256
[15:48:57]  [FTP_RYU_TEST][id=2][UPLOAD] progress 96/256 chunk=180
[15:48:58]  Upload : 97/256
[15:48:58]  [FTP_RYU_TEST][id=2][UPLOAD] progress 97/256 chunk=180
[15:48:58]  Upload : 98/256
[15:48:58]  [FTP_RYU_TEST][id=2][UPLOAD] progress 98/256 chunk=180
[15:48:59]  Upload : 99/256
[15:48:59]  [FTP_RYU_TEST][id=2][UPLOAD] progress 99/256 chunk=180
[15:49:00]  Upload : 100/256
[15:49:00]  [FTP_RYU_TEST][id=2][UPLOAD] progress 100/256 chunk=180
[15:49:15]  Upload : 101/256
[15:49:15]  [FTP_RYU_TEST][id=2][UPLOAD] progress 101/256 chunk=180
[15:49:16]  Upload : 102/256
[15:49:16]  [FTP_RYU_TEST][id=2][UPLOAD] progress 102/256 chunk=180
[15:49:16]  Upload : 103/256
[15:49:16]  [FTP_RYU_TEST][id=2][UPLOAD] progress 103/256 chunk=180
[15:49:17]  Upload : 104/256
[15:49:17]  [FTP_RYU_TEST][id=2][UPLOAD] progress 104/256 chunk=180
[15:49:18]  Upload : 105/256
[15:49:18]  [FTP_RYU_TEST][id=2][UPLOAD] progress 105/256 chunk=180
[15:49:18]  Upload : 106/256
[15:49:18]  [FTP_RYU_TEST][id=2][UPLOAD] progress 106/256 chunk=180
[15:49:32]  Upload : 107/256
[15:49:32]  [FTP_RYU_TEST][id=2][UPLOAD] progress 107/256 chunk=180
[15:49:33]  Upload : 108/256
[15:49:33]  [FTP_RYU_TEST][id=2][UPLOAD] progress 108/256 chunk=180
[15:49:33]  Upload : 109/256
[15:49:33]  [FTP_RYU_TEST][id=2][UPLOAD] progress 109/256 chunk=180
[15:49:34]  Upload : 110/256
[15:49:34]  [FTP_RYU_TEST][id=2][UPLOAD] progress 110/256 chunk=180
[15:49:35]  Upload : 111/256
[15:49:35]  [FTP_RYU_TEST][id=2][UPLOAD] progress 111/256 chunk=180
[15:49:35]  Upload : 112/256
[15:49:35]  [FTP_RYU_TEST][id=2][UPLOAD] progress 112/256 chunk=180
[15:49:49]  Upload : 113/256
[15:49:49]  [FTP_RYU_TEST][id=2][UPLOAD] progress 113/256 chunk=180
[15:49:50]  Upload : 114/256
[15:49:50]  [FTP_RYU_TEST][id=2][UPLOAD] progress 114/256 chunk=180
[15:49:50]  Upload : 115/256
[15:49:50]  [FTP_RYU_TEST][id=2][UPLOAD] progress 115/256 chunk=180
[15:49:51]  Upload : 116/256
[15:49:51]  [FTP_RYU_TEST][id=2][UPLOAD] progress 116/256 chunk=180
[15:49:51]  Upload : 117/256
[15:49:51]  [FTP_RYU_TEST][id=2][UPLOAD] progress 117/256 chunk=180
[15:49:52]  Upload : 118/256
[15:49:52]  [FTP_RYU_TEST][id=2][UPLOAD] progress 118/256 chunk=180
[15:49:53]  Upload : 119/256
[15:49:53]  [FTP_RYU_TEST][id=2][UPLOAD] progress 119/256 chunk=180
[15:49:53]  Upload : 120/256
[15:49:53]  [FTP_RYU_TEST][id=2][UPLOAD] progress 120/256 chunk=180
[15:49:54]  Upload : 121/256
[15:49:54]  [FTP_RYU_TEST][id=2][UPLOAD] progress 121/256 chunk=180
[15:50:10]  Upload : 122/256
[15:50:10]  [FTP_RYU_TEST][id=2][UPLOAD] progress 122/256 chunk=180
[15:50:10]  Upload : 123/256
[15:50:10]  [FTP_RYU_TEST][id=2][UPLOAD] progress 123/256 chunk=180
[15:50:11]  Upload : 124/256
[15:50:11]  [FTP_RYU_TEST][id=2][UPLOAD] progress 124/256 chunk=180
[15:50:12]  Upload : 125/256
[15:50:12]  [FTP_RYU_TEST][id=2][UPLOAD] progress 125/256 chunk=180
[15:50:12]  Upload : 126/256
[15:50:12]  [FTP_RYU_TEST][id=2][UPLOAD] progress 126/256 chunk=180
[15:50:13]  Upload : 127/256
[15:50:13]  [FTP_RYU_TEST][id=2][UPLOAD] progress 127/256 chunk=180
[15:50:13]  Upload : 128/256
[15:50:13]  [FTP_RYU_TEST][id=2][UPLOAD] progress 128/256 chunk=180
[15:50:14]  Upload : 129/256
[15:50:14]  [FTP_RYU_TEST][id=2][UPLOAD] progress 129/256 chunk=180
[15:50:30]  Upload : 130/256
[15:50:30]  [FTP_RYU_TEST][id=2][UPLOAD] progress 130/256 chunk=180
[15:50:30]  Upload : 131/256
[15:50:30]  [FTP_RYU_TEST][id=2][UPLOAD] progress 131/256 chunk=180
[15:50:31]  Upload : 132/256
[15:50:31]  [FTP_RYU_TEST][id=2][UPLOAD] progress 132/256 chunk=180
[15:50:32]  Upload : 133/256
[15:50:32]  [FTP_RYU_TEST][id=2][UPLOAD] progress 133/256 chunk=180
[15:50:32]  Upload : 134/256
[15:50:32]  [FTP_RYU_TEST][id=2][UPLOAD] progress 134/256 chunk=180
[15:50:33]  Upload : 135/256
[15:50:33]  [FTP_RYU_TEST][id=2][UPLOAD] progress 135/256 chunk=180
[15:50:48]  Upload : 136/256
[15:50:48]  [FTP_RYU_TEST][id=2][UPLOAD] progress 136/256 chunk=180
[15:50:48]  Upload : 137/256
[15:50:48]  [FTP_RYU_TEST][id=2][UPLOAD] progress 137/256 chunk=180
[15:50:49]  Upload : 138/256
[15:50:49]  [FTP_RYU_TEST][id=2][UPLOAD] progress 138/256 chunk=180
[15:50:49]  Upload : 139/256
[15:50:49]  [FTP_RYU_TEST][id=2][UPLOAD] progress 139/256 chunk=180
[15:50:50]  Upload : 140/256
[15:50:50]  [FTP_RYU_TEST][id=2][UPLOAD] progress 140/256 chunk=180
[15:50:51]  Upload : 141/256
[15:50:51]  [FTP_RYU_TEST][id=2][UPLOAD] progress 141/256 chunk=180
[15:51:05]  Upload : 142/256
[15:51:05]  [FTP_RYU_TEST][id=2][UPLOAD] progress 142/256 chunk=180
[15:51:05]  Upload : 143/256
[15:51:05]  [FTP_RYU_TEST][id=2][UPLOAD] progress 143/256 chunk=180
[15:51:06]  Upload : 144/256
[15:51:06]  [FTP_RYU_TEST][id=2][UPLOAD] progress 144/256 chunk=180
[15:51:06]  Upload : 145/256
[15:51:06]  [FTP_RYU_TEST][id=2][UPLOAD] progress 145/256 chunk=180
[15:51:07]  Upload : 146/256
[15:51:07]  [FTP_RYU_TEST][id=2][UPLOAD] progress 146/256 chunk=180
[15:51:08]  Upload : 147/256
[15:51:08]  [FTP_RYU_TEST][id=2][UPLOAD] progress 147/256 chunk=180
[15:51:22]  Upload : 148/256
[15:51:22]  [FTP_RYU_TEST][id=2][UPLOAD] progress 148/256 chunk=180
[15:51:22]  Upload : 149/256
[15:51:22]  [FTP_RYU_TEST][id=2][UPLOAD] progress 149/256 chunk=180
[15:51:23]  Upload : 150/256
[15:51:23]  [FTP_RYU_TEST][id=2][UPLOAD] progress 150/256 chunk=180
[15:51:23]  Upload : 151/256
[15:51:23]  [FTP_RYU_TEST][id=2][UPLOAD] progress 151/256 chunk=180
[15:51:24]  Upload : 152/256
[15:51:24]  [FTP_RYU_TEST][id=2][UPLOAD] progress 152/256 chunk=180
[15:51:40]  Upload : 153/256
[15:51:40]  [FTP_RYU_TEST][id=2][UPLOAD] progress 153/256 chunk=180
[15:51:40]  Upload : 154/256
[15:51:40]  [FTP_RYU_TEST][id=2][UPLOAD] progress 154/256 chunk=180
[15:51:41]  Upload : 155/256
[15:51:41]  [FTP_RYU_TEST][id=2][UPLOAD] progress 155/256 chunk=180
[15:51:42]  Upload : 156/256
[15:51:42]  [FTP_RYU_TEST][id=2][UPLOAD] progress 156/256 chunk=180
[15:51:42]  Upload : 157/256
[15:51:42]  [FTP_RYU_TEST][id=2][UPLOAD] progress 157/256 chunk=180
[15:51:43]  Upload : 158/256
[15:51:43]  [FTP_RYU_TEST][id=2][UPLOAD] progress 158/256 chunk=180
[15:51:57]  Upload : 159/256
[15:51:57]  [FTP_RYU_TEST][id=2][UPLOAD] progress 159/256 chunk=180
[15:51:58]  Upload : 160/256
[15:51:58]  [FTP_RYU_TEST][id=2][UPLOAD] progress 160/256 chunk=180
[15:51:58]  Upload : 161/256
[15:51:58]  [FTP_RYU_TEST][id=2][UPLOAD] progress 161/256 chunk=180
[15:51:59]  Upload : 162/256
[15:51:59]  [FTP_RYU_TEST][id=2][UPLOAD] progress 162/256 chunk=180
[15:52:00]  Upload : 163/256
[15:52:00]  [FTP_RYU_TEST][id=2][UPLOAD] progress 163/256 chunk=180
[15:52:00]  Upload : 164/256
[15:52:00]  [FTP_RYU_TEST][id=2][UPLOAD] progress 164/256 chunk=180
[15:52:15]  Upload : 165/256
[15:52:15]  [FTP_RYU_TEST][id=2][UPLOAD] progress 165/256 chunk=180
[15:52:15]  Upload : 166/256
[15:52:15]  [FTP_RYU_TEST][id=2][UPLOAD] progress 166/256 chunk=180
[15:52:16]  Upload : 167/256
[15:52:16]  [FTP_RYU_TEST][id=2][UPLOAD] progress 167/256 chunk=180
[15:52:17]  Upload : 168/256
[15:52:17]  [FTP_RYU_TEST][id=2][UPLOAD] progress 168/256 chunk=180
[15:52:17]  Upload : 169/256
[15:52:17]  [FTP_RYU_TEST][id=2][UPLOAD] progress 169/256 chunk=180
[15:52:18]  Upload : 170/256
[15:52:18]  [FTP_RYU_TEST][id=2][UPLOAD] progress 170/256 chunk=180
[15:52:32]  Upload : 171/256
[15:52:32]  [FTP_RYU_TEST][id=2][UPLOAD] progress 171/256 chunk=180
[15:52:33]  Upload : 172/256
[15:52:33]  [FTP_RYU_TEST][id=2][UPLOAD] progress 172/256 chunk=180
[15:52:33]  Upload : 173/256
[15:52:33]  [FTP_RYU_TEST][id=2][UPLOAD] progress 173/256 chunk=180
[15:52:34]  Upload : 174/256
[15:52:34]  [FTP_RYU_TEST][id=2][UPLOAD] progress 174/256 chunk=180
[15:52:35]  Upload : 175/256
[15:52:35]  [FTP_RYU_TEST][id=2][UPLOAD] progress 175/256 chunk=180
[15:52:35]  Upload : 176/256
[15:52:35]  [FTP_RYU_TEST][id=2][UPLOAD] progress 176/256 chunk=180
[15:52:50]  Upload : 177/256
[15:52:50]  [FTP_RYU_TEST][id=2][UPLOAD] progress 177/256 chunk=180
[15:52:50]  Upload : 178/256
[15:52:50]  [FTP_RYU_TEST][id=2][UPLOAD] progress 178/256 chunk=180
[15:52:51]  Upload : 179/256
[15:52:51]  [FTP_RYU_TEST][id=2][UPLOAD] progress 179/256 chunk=180
[15:52:51]  Upload : 180/256
[15:52:51]  [FTP_RYU_TEST][id=2][UPLOAD] progress 180/256 chunk=180
[15:52:52]  Upload : 181/256
[15:52:52]  [FTP_RYU_TEST][id=2][UPLOAD] progress 181/256 chunk=180
[15:52:53]  Upload : 182/256
[15:52:53]  [FTP_RYU_TEST][id=2][UPLOAD] progress 182/256 chunk=180
[15:53:07]  Upload : 183/256
[15:53:07]  [FTP_RYU_TEST][id=2][UPLOAD] progress 183/256 chunk=180
[15:53:08]  Upload : 184/256
[15:53:08]  [FTP_RYU_TEST][id=2][UPLOAD] progress 184/256 chunk=180
[15:53:08]  Upload : 185/256
[15:53:08]  [FTP_RYU_TEST][id=2][UPLOAD] progress 185/256 chunk=180
[15:53:09]  Upload : 186/256
[15:53:09]  [FTP_RYU_TEST][id=2][UPLOAD] progress 186/256 chunk=180
[15:53:10]  Upload : 187/256
[15:53:10]  [FTP_RYU_TEST][id=2][UPLOAD] progress 187/256 chunk=180
[15:53:10]  Upload : 188/256
[15:53:10]  [FTP_RYU_TEST][id=2][UPLOAD] progress 188/256 chunk=180
[15:53:25]  Upload : 189/256
[15:53:25]  [FTP_RYU_TEST][id=2][UPLOAD] progress 189/256 chunk=180
[15:53:25]  Upload : 190/256
[15:53:25]  [FTP_RYU_TEST][id=2][UPLOAD] progress 190/256 chunk=180
[15:53:26]  Upload : 191/256
[15:53:26]  [FTP_RYU_TEST][id=2][UPLOAD] progress 191/256 chunk=180
[15:53:26]  Upload : 192/256
[15:53:26]  [FTP_RYU_TEST][id=2][UPLOAD] progress 192/256 chunk=180
[15:53:27]  Upload : 193/256
[15:53:27]  [FTP_RYU_TEST][id=2][UPLOAD] progress 193/256 chunk=180
[15:53:28]  Upload : 194/256
[15:53:28]  [FTP_RYU_TEST][id=2][UPLOAD] progress 194/256 chunk=180
[15:53:29]  Upload : 195/256
[15:53:29]  [FTP_RYU_TEST][id=2][UPLOAD] progress 195/256 chunk=180
[15:53:30]  Upload : 196/256
[15:53:30]  [FTP_RYU_TEST][id=2][UPLOAD] progress 196/256 chunk=180
[15:53:30]  Upload : 197/256
[15:53:30]  [FTP_RYU_TEST][id=2][UPLOAD] progress 197/256 chunk=180
[15:53:31]  Upload : 198/256
[15:53:31]  [FTP_RYU_TEST][id=2][UPLOAD] progress 198/256 chunk=180
[15:53:46]  Upload : 199/256
[15:53:46]  [FTP_RYU_TEST][id=2][UPLOAD] progress 199/256 chunk=180
[15:53:47]  Upload : 200/256
[15:53:47]  [FTP_RYU_TEST][id=2][UPLOAD] progress 200/256 chunk=180
[15:53:47]  Upload : 201/256
[15:53:47]  [FTP_RYU_TEST][id=2][UPLOAD] progress 201/256 chunk=180
[15:53:48]  Upload : 202/256
[15:53:48]  [FTP_RYU_TEST][id=2][UPLOAD] progress 202/256 chunk=180
[15:53:48]  Upload : 203/256
[15:53:48]  [FTP_RYU_TEST][id=2][UPLOAD] progress 203/256 chunk=180
[15:54:18]  [FTP_RYU_TEST][id=2][UPLOAD][ERROR] retcode=-5
[15:54:18]  [FTP_RYU_TEST][id=2][UPLOAD] cleanup_done=1
[15:56:59]  Start FTP RYU UPLOAD id=3.
[15:56:59]  [FTP_RYU_TEST][id=3][UPLOAD] begin local=file://./adcs.so remote=file://./cf/yosijane.so host=10 port=19 chunk=180
[15:56:59]  Received FTP Upload Spec.
[15:56:59]  Received FTP Upload File Spec. Filesize : 45908, CRC : 2142142446.
[15:57:02]  Received FTP Status Reply.
[15:57:02]  Restart FTP Uplink from chunk : 197, to total : 256
[15:57:02]  Upload : 197/256
[15:57:02]  [FTP_RYU_TEST][id=3][UPLOAD] progress 197/256 chunk=180
[15:57:02]  Upload : 198/256
[15:57:02]  [FTP_RYU_TEST][id=3][UPLOAD] progress 198/256 chunk=180
[15:57:03]  Upload : 199/256
[15:57:03]  [FTP_RYU_TEST][id=3][UPLOAD] progress 199/256 chunk=180
[15:57:04]  Upload : 200/256
[15:57:04]  [FTP_RYU_TEST][id=3][UPLOAD] progress 200/256 chunk=180
[15:57:04]  Upload : 201/256
[15:57:04]  [FTP_RYU_TEST][id=3][UPLOAD] progress 201/256 chunk=180
[15:57:05]  Upload : 202/256
[15:57:05]  [FTP_RYU_TEST][id=3][UPLOAD] progress 202/256 chunk=180
[15:57:05]  Upload : 203/256
[15:57:05]  [FTP_RYU_TEST][id=3][UPLOAD] progress 203/256 chunk=180
[15:57:20]  Upload : 204/256
[15:57:20]  [FTP_RYU_TEST][id=3][UPLOAD] progress 204/256 chunk=180
[15:57:20]  Upload : 205/256
[15:57:20]  [FTP_RYU_TEST][id=3][UPLOAD] progress 205/256 chunk=180
[15:57:21]  Upload : 206/256
[15:57:21]  [FTP_RYU_TEST][id=3][UPLOAD] progress 206/256 chunk=180
[15:57:22]  Upload : 207/256
[15:57:22]  [FTP_RYU_TEST][id=3][UPLOAD] progress 207/256 chunk=180
[15:57:22]  Upload : 208/256
[15:57:22]  [FTP_RYU_TEST][id=3][UPLOAD] progress 208/256 chunk=180
[15:57:23]  Upload : 209/256
[15:57:23]  [FTP_RYU_TEST][id=3][UPLOAD] progress 209/256 chunk=180
[15:57:37]  Upload : 210/256
[15:57:37]  [FTP_RYU_TEST][id=3][UPLOAD] progress 210/256 chunk=180
[15:57:38]  Upload : 211/256
[15:57:38]  [FTP_RYU_TEST][id=3][UPLOAD] progress 211/256 chunk=180
[15:57:38]  Upload : 212/256
[15:57:38]  [FTP_RYU_TEST][id=3][UPLOAD] progress 212/256 chunk=180
[15:57:39]  Upload : 213/256
[15:57:39]  [FTP_RYU_TEST][id=3][UPLOAD] progress 213/256 chunk=180
[15:57:40]  Upload : 214/256
[15:57:40]  [FTP_RYU_TEST][id=3][UPLOAD] progress 214/256 chunk=180
[15:57:40]  Upload : 215/256
[15:57:40]  [FTP_RYU_TEST][id=3][UPLOAD] progress 215/256 chunk=180
[15:57:55]  Upload : 216/256
[15:57:55]  [FTP_RYU_TEST][id=3][UPLOAD] progress 216/256 chunk=180
[15:57:55]  Upload : 217/256
[15:57:55]  [FTP_RYU_TEST][id=3][UPLOAD] progress 217/256 chunk=180
[15:57:56]  Upload : 218/256
[15:57:56]  [FTP_RYU_TEST][id=3][UPLOAD] progress 218/256 chunk=180
[15:57:57]  Upload : 219/256
[15:57:57]  [FTP_RYU_TEST][id=3][UPLOAD] progress 219/256 chunk=180
[15:57:57]  Upload : 220/256
[15:57:57]  [FTP_RYU_TEST][id=3][UPLOAD] progress 220/256 chunk=180
[15:57:58]  Upload : 221/256
[15:57:58]  [FTP_RYU_TEST][id=3][UPLOAD] progress 221/256 chunk=180
[15:58:12]  Upload : 222/256
[15:58:12]  [FTP_RYU_TEST][id=3][UPLOAD] progress 222/256 chunk=180
[15:58:13]  Upload : 223/256
[15:58:13]  [FTP_RYU_TEST][id=3][UPLOAD] progress 223/256 chunk=180
[15:58:13]  Upload : 224/256
[15:58:13]  [FTP_RYU_TEST][id=3][UPLOAD] progress 224/256 chunk=180
[15:58:14]  Upload : 225/256
[15:58:14]  [FTP_RYU_TEST][id=3][UPLOAD] progress 225/256 chunk=180
[15:58:15]  Upload : 226/256
[15:58:15]  [FTP_RYU_TEST][id=3][UPLOAD] progress 226/256 chunk=180
[15:58:15]  Upload : 227/256
[15:58:15]  [FTP_RYU_TEST][id=3][UPLOAD] progress 227/256 chunk=180
[15:58:30]  Upload : 228/256
[15:58:30]  [FTP_RYU_TEST][id=3][UPLOAD] progress 228/256 chunk=180
[15:58:30]  Upload : 229/256
[15:58:30]  [FTP_RYU_TEST][id=3][UPLOAD] progress 229/256 chunk=180
[15:58:31]  Upload : 230/256
[15:58:31]  [FTP_RYU_TEST][id=3][UPLOAD] progress 230/256 chunk=180
[15:58:32]  Upload : 231/256
[15:58:32]  [FTP_RYU_TEST][id=3][UPLOAD] progress 231/256 chunk=180
[15:58:32]  Upload : 232/256
[15:58:32]  [FTP_RYU_TEST][id=3][UPLOAD] progress 232/256 chunk=180
[15:58:33]  Upload : 233/256
[15:58:33]  [FTP_RYU_TEST][id=3][UPLOAD] progress 233/256 chunk=180
[15:58:47]  Upload : 234/256
[15:58:47]  [FTP_RYU_TEST][id=3][UPLOAD] progress 234/256 chunk=180
[15:58:48]  Upload : 235/256
[15:58:48]  [FTP_RYU_TEST][id=3][UPLOAD] progress 235/256 chunk=180
[15:58:48]  Upload : 236/256
[15:58:48]  [FTP_RYU_TEST][id=3][UPLOAD] progress 236/256 chunk=180
[15:58:49]  Upload : 237/256
[15:58:49]  [FTP_RYU_TEST][id=3][UPLOAD] progress 237/256 chunk=180
[15:58:50]  Upload : 238/256
[15:58:50]  [FTP_RYU_TEST][id=3][UPLOAD] progress 238/256 chunk=180
[15:58:50]  Upload : 239/256
[15:58:50]  [FTP_RYU_TEST][id=3][UPLOAD] progress 239/256 chunk=180
[15:59:05]  Upload : 240/256
[15:59:05]  [FTP_RYU_TEST][id=3][UPLOAD] progress 240/256 chunk=180
[15:59:06]  Upload : 241/256
[15:59:06]  [FTP_RYU_TEST][id=3][UPLOAD] progress 241/256 chunk=180
[15:59:06]  Upload : 242/256
[15:59:06]  [FTP_RYU_TEST][id=3][UPLOAD] progress 242/256 chunk=180
[15:59:07]  Upload : 243/256
[15:59:07]  [FTP_RYU_TEST][id=3][UPLOAD] progress 243/256 chunk=180
[15:59:07]  Upload : 244/256
[15:59:07]  [FTP_RYU_TEST][id=3][UPLOAD] progress 244/256 chunk=180
[15:59:08]  Upload : 245/256
[15:59:08]  [FTP_RYU_TEST][id=3][UPLOAD] progress 245/256 chunk=180
[15:59:22]  Upload : 246/256
[15:59:22]  [FTP_RYU_TEST][id=3][UPLOAD] progress 246/256 chunk=180
[15:59:23]  Upload : 247/256
[15:59:23]  [FTP_RYU_TEST][id=3][UPLOAD] progress 247/256 chunk=180
[15:59:23]  Upload : 248/256
[15:59:23]  [FTP_RYU_TEST][id=3][UPLOAD] progress 248/256 chunk=180
[15:59:24]  Upload : 249/256
[15:59:24]  [FTP_RYU_TEST][id=3][UPLOAD] progress 249/256 chunk=180
[15:59:24]  Upload : 250/256
[15:59:24]  [FTP_RYU_TEST][id=3][UPLOAD] progress 250/256 chunk=180
[15:59:25]  Upload : 251/256
[15:59:25]  [FTP_RYU_TEST][id=3][UPLOAD] progress 251/256 chunk=180
[15:59:39]  Upload : 252/256
[15:59:39]  [FTP_RYU_TEST][id=3][UPLOAD] progress 252/256 chunk=180
[15:59:40]  Upload : 253/256
[15:59:40]  [FTP_RYU_TEST][id=3][UPLOAD] progress 253/256 chunk=180
[15:59:40]  Upload : 254/256
[15:59:40]  [FTP_RYU_TEST][id=3][UPLOAD] progress 254/256 chunk=180
[15:59:41]  Upload : 255/256
[15:59:41]  [FTP_RYU_TEST][id=3][UPLOAD] progress 255/256 chunk=180
[15:59:42]  Received FTP Status Reply.
[15:59:42]  Restart FTP Uplink from chunk : 256, to total : 256
[15:59:43]  FTP Transaction Completed.
[15:59:43]  Calculate FTP CRC. Remote : 2142142446, Local : 2142142446.
[15:59:43]  [FTP_RYU_TEST][id=3][UPLOAD] CRC remote=2142142446 local=2142142446
[15:59:43]  [FTP_RYU_TEST][id=3][UPLOAD][OK] retcode=0
[15:59:43]  [FTP_RYU_TEST][id=3][UPLOAD] cleanup_done=1
[16:00:13]  Start FTP RYU DOWNLOAD id=4.
[16:00:13]  [FTP_RYU_TEST][id=4][DOWNLOAD] begin local=file://./toyou.so remote=file://./cf/yosijane.so host=10 port=19 chunk=180
[16:00:31]  Received FTP Download Spec.
[16:00:31]  Received FTP Download Spec. Filesize : 45908, CRC : 4001345151.
[16:00:31]  Received FTP Status Request.
[16:00:31]  Start FTP Downlink. Total Chunk Size : 256
[16:00:32]  Download : 0/256
[16:00:32]  [FTP_RYU_TEST][id=4][DOWNLOAD] progress 0/256 chunk=180
[16:00:33]  Download : 1/256
[16:00:33]  [FTP_RYU_TEST][id=4][DOWNLOAD] progress 1/256 chunk=180
[16:00:33]  Download : 2/256
[16:00:33]  [FTP_RYU_TEST][id=4][DOWNLOAD] progress 2/256 chunk=180
[16:00:34]  Download : 3/256
[16:00:34]  [FTP_RYU_TEST][id=4][DOWNLOAD] progress 3/256 chunk=180
[16:00:34]  Download : 4/256
[16:00:34]  [FTP_RYU_TEST][id=4][DOWNLOAD] progress 4/256 chunk=180
[16:00:34]  Download : 5/256
[16:00:34]  [FTP_RYU_TEST][id=4][DOWNLOAD] progress 5/256 chunk=180
[16:00:35]  Download : 6/256
[16:00:35]  [FTP_RYU_TEST][id=4][DOWNLOAD] progress 6/256 chunk=180
[16:00:36]  Download : 7/256
[16:00:36]  [FTP_RYU_TEST][id=4][DOWNLOAD] progress 7/256 chunk=180
[16:00:36]  Download : 8/256
[16:00:36]  [FTP_RYU_TEST][id=4][DOWNLOAD] progress 8/256 chunk=180
[16:00:37]  Download : 9/256
[16:00:37]  [FTP_RYU_TEST][id=4][DOWNLOAD] progress 9/256 chunk=180
[16:00:37]  Download : 10/256
[16:00:37]  [FTP_RYU_TEST][id=4][DOWNLOAD] progress 10/256 chunk=180
[16:00:38]  Download : 11/256
[16:00:38]  [FTP_RYU_TEST][id=4][DOWNLOAD] progress 11/256 chunk=180
[16:00:38]  Download : 12/256
[16:00:38]  [FTP_RYU_TEST][id=4][DOWNLOAD] progress 12/256 chunk=180
[16:00:39]  Download : 13/256
[16:00:39]  [FTP_RYU_TEST][id=4][DOWNLOAD] progress 13/256 chunk=180
[16:00:39]  Download : 14/256
[16:00:39]  [FTP_RYU_TEST][id=4][DOWNLOAD] progress 14/256 chunk=180
[16:00:40]  Download : 15/256
[16:00:40]  [FTP_RYU_TEST][id=4][DOWNLOAD] progress 15/256 chunk=180
[16:00:40]  Download : 16/256
[16:00:40]  [FTP_RYU_TEST][id=4][DOWNLOAD] progress 16/256 chunk=180
[16:00:41]  Download : 17/256
[16:00:41]  [FTP_RYU_TEST][id=4][DOWNLOAD] progress 17/256 chunk=180
[16:00:41]  Download : 18/256
[16:00:41]  [FTP_RYU_TEST][id=4][DOWNLOAD] progress 18/256 chunk=180
[16:00:41]  Download : 19/256
[16:00:41]  [FTP_RYU_TEST][id=4][DOWNLOAD] progress 19/256 chunk=180
[16:00:42]  Download : 20/256
[16:00:42]  [FTP_RYU_TEST][id=4][DOWNLOAD] progress 20/256 chunk=180
[16:00:43]  Download : 21/256
[16:00:43]  [FTP_RYU_TEST][id=4][DOWNLOAD] progress 21/256 chunk=180
[16:00:43]  Download : 22/256
[16:00:43]  [FTP_RYU_TEST][id=4][DOWNLOAD] progress 22/256 chunk=180
[16:00:43]  Download : 23/256
[16:00:43]  [FTP_RYU_TEST][id=4][DOWNLOAD] progress 23/256 chunk=180
[16:00:44]  Download : 24/256
[16:00:44]  [FTP_RYU_TEST][id=4][DOWNLOAD] progress 24/256 chunk=180
[16:00:45]  Download : 25/256
[16:00:45]  [FTP_RYU_TEST][id=4][DOWNLOAD] progress 25/256 chunk=180
[16:00:45]  Download : 26/256
[16:00:45]  [FTP_RYU_TEST][id=4][DOWNLOAD] progress 26/256 chunk=180
[16:00:45]  Download : 27/256
[16:00:45]  [FTP_RYU_TEST][id=4][DOWNLOAD] progress 27/256 chunk=180
[16:00:46]  Download : 28/256
[16:00:46]  [FTP_RYU_TEST][id=4][DOWNLOAD] progress 28/256 chunk=180
[16:00:47]  Download : 29/256
[16:00:47]  [FTP_RYU_TEST][id=4][DOWNLOAD] progress 29/256 chunk=180
[16:00:47]  Download : 30/256
[16:00:47]  [FTP_RYU_TEST][id=4][DOWNLOAD] progress 30/256 chunk=180
[16:00:47]  Download : 31/256
[16:00:47]  [FTP_RYU_TEST][id=4][DOWNLOAD] progress 31/256 chunk=180
[16:00:48]  Download : 32/256
[16:00:48]  [FTP_RYU_TEST][id=4][DOWNLOAD] progress 32/256 chunk=180
[16:00:49]  Download : 33/256
[16:00:49]  [FTP_RYU_TEST][id=4][DOWNLOAD] progress 33/256 chunk=180
[16:00:49]  Download : 34/256
[16:00:49]  [FTP_RYU_TEST][id=4][DOWNLOAD] progress 34/256 chunk=180
[16:00:49]  Download : 35/256
[16:00:49]  [FTP_RYU_TEST][id=4][DOWNLOAD] progress 35/256 chunk=180
[16:00:50]  Download : 36/256
[16:00:50]  [FTP_RYU_TEST][id=4][DOWNLOAD] progress 36/256 chunk=180
[16:00:50]  Download : 37/256
[16:00:50]  [FTP_RYU_TEST][id=4][DOWNLOAD] progress 37/256 chunk=180
[16:00:51]  Download : 38/256
[16:00:51]  [FTP_RYU_TEST][id=4][DOWNLOAD] progress 38/256 chunk=180
[16:00:51]  Download : 39/256
[16:00:51]  [FTP_RYU_TEST][id=4][DOWNLOAD] progress 39/256 chunk=180
[16:00:52]  Download : 40/256
[16:00:52]  [FTP_RYU_TEST][id=4][DOWNLOAD] progress 40/256 chunk=180
[16:00:52]  Download : 41/256
[16:00:52]  [FTP_RYU_TEST][id=4][DOWNLOAD] progress 41/256 chunk=180
[16:00:53]  Download : 42/256
[16:00:53]  [FTP_RYU_TEST][id=4][DOWNLOAD] progress 42/256 chunk=180
[16:00:53]  Download : 43/256
[16:00:53]  [FTP_RYU_TEST][id=4][DOWNLOAD] progress 43/256 chunk=180
[16:00:54]  Download : 44/256
[16:00:54]  [FTP_RYU_TEST][id=4][DOWNLOAD] progress 44/256 chunk=180
[16:00:54]  Download : 45/256
[16:00:54]  [FTP_RYU_TEST][id=4][DOWNLOAD] progress 45/256 chunk=180
[16:00:55]  Download : 46/256
[16:00:55]  [FTP_RYU_TEST][id=4][DOWNLOAD] progress 46/256 chunk=180
[16:00:55]  Download : 47/256
[16:00:55]  [FTP_RYU_TEST][id=4][DOWNLOAD] progress 47/256 chunk=180
[16:00:56]  Download : 48/256
[16:00:56]  [FTP_RYU_TEST][id=4][DOWNLOAD] progress 48/256 chunk=180
[16:00:56]  Download : 49/256
[16:00:56]  [FTP_RYU_TEST][id=4][DOWNLOAD] progress 49/256 chunk=180
[16:00:57]  Download : 50/256
[16:00:57]  [FTP_RYU_TEST][id=4][DOWNLOAD] progress 50/256 chunk=180
[16:00:57]  Download : 51/256
[16:00:57]  [FTP_RYU_TEST][id=4][DOWNLOAD] progress 51/256 chunk=180
[16:00:58]  Download : 52/256
[16:00:58]  [FTP_RYU_TEST][id=4][DOWNLOAD] progress 52/256 chunk=180
[16:00:58]  Download : 53/256
[16:00:58]  [FTP_RYU_TEST][id=4][DOWNLOAD] progress 53/256 chunk=180
[16:00:59]  Download : 54/256
[16:00:59]  [FTP_RYU_TEST][id=4][DOWNLOAD] progress 54/256 chunk=180
[16:00:59]  Download : 55/256
[16:00:59]  [FTP_RYU_TEST][id=4][DOWNLOAD] progress 55/256 chunk=180
[16:01:00]  Download : 56/256
[16:01:00]  [FTP_RYU_TEST][id=4][DOWNLOAD] progress 56/256 chunk=180
[16:01:00]  Download : 57/256
[16:01:00]  [FTP_RYU_TEST][id=4][DOWNLOAD] progress 57/256 chunk=180
[16:01:01]  Download : 58/256
[16:01:01]  [FTP_RYU_TEST][id=4][DOWNLOAD] progress 58/256 chunk=180
[16:01:01]  Download : 59/256
[16:01:01]  [FTP_RYU_TEST][id=4][DOWNLOAD] progress 59/256 chunk=180
[16:01:02]  Download : 60/256
[16:01:02]  [FTP_RYU_TEST][id=4][DOWNLOAD] progress 60/256 chunk=180
[16:01:02]  Download : 61/256
[16:01:02]  [FTP_RYU_TEST][id=4][DOWNLOAD] progress 61/256 chunk=180
[16:01:03]  Download : 62/256
[16:01:03]  [FTP_RYU_TEST][id=4][DOWNLOAD] progress 62/256 chunk=180
[16:01:03]  Download : 63/256
[16:01:03]  [FTP_RYU_TEST][id=4][DOWNLOAD] progress 63/256 chunk=180
[16:01:03]  Download : 64/256
[16:01:03]  [FTP_RYU_TEST][id=4][DOWNLOAD] progress 64/256 chunk=180
[16:01:04]  Download : 65/256
[16:01:04]  [FTP_RYU_TEST][id=4][DOWNLOAD] progress 65/256 chunk=180
[16:01:05]  Download : 66/256
[16:01:05]  [FTP_RYU_TEST][id=4][DOWNLOAD] progress 66/256 chunk=180
[16:01:05]  Download : 67/256
[16:01:05]  [FTP_RYU_TEST][id=4][DOWNLOAD] progress 67/256 chunk=180
[16:01:05]  Download : 68/256
[16:01:05]  [FTP_RYU_TEST][id=4][DOWNLOAD] progress 68/256 chunk=180
[16:01:06]  Download : 69/256
[16:01:06]  [FTP_RYU_TEST][id=4][DOWNLOAD] progress 69/256 chunk=180
[16:01:07]  Download : 70/256
[16:01:07]  [FTP_RYU_TEST][id=4][DOWNLOAD] progress 70/256 chunk=180
[16:01:07]  Download : 71/256
[16:01:07]  [FTP_RYU_TEST][id=4][DOWNLOAD] progress 71/256 chunk=180
[16:01:07]  Download : 72/256
[16:01:07]  [FTP_RYU_TEST][id=4][DOWNLOAD] progress 72/256 chunk=180
[16:01:08]  Download : 73/256
[16:01:08]  [FTP_RYU_TEST][id=4][DOWNLOAD] progress 73/256 chunk=180
[16:01:09]  Download : 74/256
[16:01:09]  [FTP_RYU_TEST][id=4][DOWNLOAD] progress 74/256 chunk=180
[16:01:09]  Download : 75/256
[16:01:09]  [FTP_RYU_TEST][id=4][DOWNLOAD] progress 75/256 chunk=180
[16:01:09]  Download : 76/256
[16:01:09]  [FTP_RYU_TEST][id=4][DOWNLOAD] progress 76/256 chunk=180
[16:01:10]  Download : 77/256
[16:01:10]  [FTP_RYU_TEST][id=4][DOWNLOAD] progress 77/256 chunk=180
[16:01:10]  Download : 78/256
[16:01:10]  [FTP_RYU_TEST][id=4][DOWNLOAD] progress 78/256 chunk=180
[16:01:11]  Download : 79/256
[16:01:11]  [FTP_RYU_TEST][id=4][DOWNLOAD] progress 79/256 chunk=180
[16:01:11]  Download : 80/256
[16:01:11]  [FTP_RYU_TEST][id=4][DOWNLOAD] progress 80/256 chunk=180
[16:01:12]  Download : 81/256
[16:01:12]  [FTP_RYU_TEST][id=4][DOWNLOAD] progress 81/256 chunk=180
[16:01:12]  Download : 82/256
[16:01:12]  [FTP_RYU_TEST][id=4][DOWNLOAD] progress 82/256 chunk=180
[16:01:13]  Download : 83/256
[16:01:13]  [FTP_RYU_TEST][id=4][DOWNLOAD] progress 83/256 chunk=180
[16:01:13]  Download : 84/256
[16:01:13]  [FTP_RYU_TEST][id=4][DOWNLOAD] progress 84/256 chunk=180
[16:01:14]  Download : 85/256
[16:01:14]  [FTP_RYU_TEST][id=4][DOWNLOAD] progress 85/256 chunk=180
[16:01:14]  Download : 86/256
[16:01:14]  [FTP_RYU_TEST][id=4][DOWNLOAD] progress 86/256 chunk=180
[16:01:15]  Download : 87/256
[16:01:15]  [FTP_RYU_TEST][id=4][DOWNLOAD] progress 87/256 chunk=180
[16:01:15]  Download : 88/256
[16:01:15]  [FTP_RYU_TEST][id=4][DOWNLOAD] progress 88/256 chunk=180
[16:01:16]  Download : 89/256
[16:01:16]  [FTP_RYU_TEST][id=4][DOWNLOAD] progress 89/256 chunk=180
[16:01:16]  Download : 90/256
[16:01:16]  [FTP_RYU_TEST][id=4][DOWNLOAD] progress 90/256 chunk=180
[16:01:17]  Download : 91/256
[16:01:17]  [FTP_RYU_TEST][id=4][DOWNLOAD] progress 91/256 chunk=180
[16:01:17]  Download : 92/256
[16:01:17]  [FTP_RYU_TEST][id=4][DOWNLOAD] progress 92/256 chunk=180
[16:01:18]  Download : 93/256
[16:01:18]  [FTP_RYU_TEST][id=4][DOWNLOAD] progress 93/256 chunk=180
[16:01:18]  Download : 94/256
[16:01:18]  [FTP_RYU_TEST][id=4][DOWNLOAD] progress 94/256 chunk=180
[16:01:19]  Download : 95/256
[16:01:19]  [FTP_RYU_TEST][id=4][DOWNLOAD] progress 95/256 chunk=180
[16:01:19]  Download : 96/256
[16:01:19]  [FTP_RYU_TEST][id=4][DOWNLOAD] progress 96/256 chunk=180
[16:01:20]  Download : 97/256
[16:01:20]  [FTP_RYU_TEST][id=4][DOWNLOAD] progress 97/256 chunk=180
[16:01:20]  Download : 98/256
[16:01:20]  [FTP_RYU_TEST][id=4][DOWNLOAD] progress 98/256 chunk=180
[16:01:21]  Download : 99/256
[16:01:21]  [FTP_RYU_TEST][id=4][DOWNLOAD] progress 99/256 chunk=180
[16:01:21]  Download : 100/256
[16:01:21]  [FTP_RYU_TEST][id=4][DOWNLOAD] progress 100/256 chunk=180
[16:01:22]  Download : 101/256
[16:01:22]  [FTP_RYU_TEST][id=4][DOWNLOAD] progress 101/256 chunk=180
[16:01:22]  Download : 102/256
[16:01:22]  [FTP_RYU_TEST][id=4][DOWNLOAD] progress 102/256 chunk=180
[16:01:23]  Download : 103/256
[16:01:23]  [FTP_RYU_TEST][id=4][DOWNLOAD] progress 103/256 chunk=180
[16:01:23]  Download : 104/256
[16:01:23]  [FTP_RYU_TEST][id=4][DOWNLOAD] progress 104/256 chunk=180
[16:01:24]  Download : 105/256
[16:01:24]  [FTP_RYU_TEST][id=4][DOWNLOAD] progress 105/256 chunk=180
[16:01:24]  Download : 106/256
[16:01:24]  [FTP_RYU_TEST][id=4][DOWNLOAD] progress 106/256 chunk=180
[16:01:25]  Download : 107/256
[16:01:25]  [FTP_RYU_TEST][id=4][DOWNLOAD] progress 107/256 chunk=180
[16:01:25]  Download : 108/256
[16:01:25]  [FTP_RYU_TEST][id=4][DOWNLOAD] progress 108/256 chunk=180
[16:01:26]  Download : 109/256
[16:01:26]  [FTP_RYU_TEST][id=4][DOWNLOAD] progress 109/256 chunk=180
[16:01:26]  Download : 110/256
[16:01:26]  [FTP_RYU_TEST][id=4][DOWNLOAD] progress 110/256 chunk=180
[16:01:27]  Download : 111/256
[16:01:27]  [FTP_RYU_TEST][id=4][DOWNLOAD] progress 111/256 chunk=180
[16:01:27]  Download : 112/256
[16:01:27]  [FTP_RYU_TEST][id=4][DOWNLOAD] progress 112/256 chunk=180
[16:01:28]  Download : 113/256
[16:01:28]  [FTP_RYU_TEST][id=4][DOWNLOAD] progress 113/256 chunk=180
[16:01:28]  Download : 114/256
[16:01:28]  [FTP_RYU_TEST][id=4][DOWNLOAD] progress 114/256 chunk=180
[16:01:29]  Download : 115/256
[16:01:29]  [FTP_RYU_TEST][id=4][DOWNLOAD] progress 115/256 chunk=180
[16:01:29]  Download : 116/256
[16:01:29]  [FTP_RYU_TEST][id=4][DOWNLOAD] progress 116/256 chunk=180
[16:01:30]  Download : 117/256
[16:01:30]  [FTP_RYU_TEST][id=4][DOWNLOAD] progress 117/256 chunk=180
[16:01:30]  Download : 118/256
[16:01:30]  [FTP_RYU_TEST][id=4][DOWNLOAD] progress 118/256 chunk=180
[16:01:30]  Download : 119/256
[16:01:30]  [FTP_RYU_TEST][id=4][DOWNLOAD] progress 119/256 chunk=180
[16:01:31]  Download : 120/256
[16:01:31]  [FTP_RYU_TEST][id=4][DOWNLOAD] progress 120/256 chunk=180
[16:01:32]  Download : 121/256
[16:01:32]  [FTP_RYU_TEST][id=4][DOWNLOAD] progress 121/256 chunk=180
[16:01:32]  Download : 122/256
[16:01:32]  [FTP_RYU_TEST][id=4][DOWNLOAD] progress 122/256 chunk=180
[16:01:32]  Download : 123/256
[16:01:32]  [FTP_RYU_TEST][id=4][DOWNLOAD] progress 123/256 chunk=180
[16:01:33]  Download : 124/256
[16:01:33]  [FTP_RYU_TEST][id=4][DOWNLOAD] progress 124/256 chunk=180
[16:01:34]  Download : 125/256
[16:01:34]  [FTP_RYU_TEST][id=4][DOWNLOAD] progress 125/256 chunk=180
[16:01:34]  Download : 126/256
[16:01:34]  [FTP_RYU_TEST][id=4][DOWNLOAD] progress 126/256 chunk=180
[16:01:34]  Download : 127/256
[16:01:34]  [FTP_RYU_TEST][id=4][DOWNLOAD] progress 127/256 chunk=180
[16:01:35]  Download : 128/256
[16:01:35]  [FTP_RYU_TEST][id=4][DOWNLOAD] progress 128/256 chunk=180
[16:01:36]  Download : 129/256
[16:01:36]  [FTP_RYU_TEST][id=4][DOWNLOAD] progress 129/256 chunk=180
[16:01:36]  Download : 130/256
[16:01:36]  [FTP_RYU_TEST][id=4][DOWNLOAD] progress 130/256 chunk=180
[16:01:36]  Download : 131/256
[16:01:36]  [FTP_RYU_TEST][id=4][DOWNLOAD] progress 131/256 chunk=180
[16:01:37]  Download : 132/256
[16:01:37]  [FTP_RYU_TEST][id=4][DOWNLOAD] progress 132/256 chunk=180
[16:01:38]  Download : 133/256
[16:01:38]  [FTP_RYU_TEST][id=4][DOWNLOAD] progress 133/256 chunk=180
[16:01:38]  Download : 134/256
[16:01:38]  [FTP_RYU_TEST][id=4][DOWNLOAD] progress 134/256 chunk=180
[16:01:38]  Download : 135/256
[16:01:38]  [FTP_RYU_TEST][id=4][DOWNLOAD] progress 135/256 chunk=180
[16:01:39]  Download : 136/256
[16:01:39]  [FTP_RYU_TEST][id=4][DOWNLOAD] progress 136/256 chunk=180
[16:01:39]  Download : 137/256
[16:01:39]  [FTP_RYU_TEST][id=4][DOWNLOAD] progress 137/256 chunk=180
[16:01:40]  Download : 138/256
[16:01:40]  [FTP_RYU_TEST][id=4][DOWNLOAD] progress 138/256 chunk=180
[16:01:40]  Download : 139/256
[16:01:40]  [FTP_RYU_TEST][id=4][DOWNLOAD] progress 139/256 chunk=180
[16:01:41]  Download : 140/256
[16:01:41]  [FTP_RYU_TEST][id=4][DOWNLOAD] progress 140/256 chunk=180
[16:01:41]  Download : 141/256
[16:01:41]  [FTP_RYU_TEST][id=4][DOWNLOAD] progress 141/256 chunk=180
[16:01:42]  Download : 142/256
[16:01:42]  [FTP_RYU_TEST][id=4][DOWNLOAD] progress 142/256 chunk=180
[16:01:42]  Download : 143/256
[16:01:42]  [FTP_RYU_TEST][id=4][DOWNLOAD] progress 143/256 chunk=180
[16:01:43]  Download : 144/256
[16:01:43]  [FTP_RYU_TEST][id=4][DOWNLOAD] progress 144/256 chunk=180
[16:01:43]  Download : 145/256
[16:01:43]  [FTP_RYU_TEST][id=4][DOWNLOAD] progress 145/256 chunk=180
[16:01:44]  Download : 146/256
[16:01:44]  [FTP_RYU_TEST][id=4][DOWNLOAD] progress 146/256 chunk=180
[16:01:44]  Download : 147/256
[16:01:44]  [FTP_RYU_TEST][id=4][DOWNLOAD] progress 147/256 chunk=180
[16:01:45]  Download : 148/256
[16:01:45]  [FTP_RYU_TEST][id=4][DOWNLOAD] progress 148/256 chunk=180
[16:01:45]  Download : 149/256
[16:01:45]  [FTP_RYU_TEST][id=4][DOWNLOAD] progress 149/256 chunk=180
[16:01:46]  Download : 150/256
[16:01:46]  [FTP_RYU_TEST][id=4][DOWNLOAD] progress 150/256 chunk=180
[16:01:46]  Download : 151/256
[16:01:46]  [FTP_RYU_TEST][id=4][DOWNLOAD] progress 151/256 chunk=180
[16:01:47]  Download : 152/256
[16:01:47]  [FTP_RYU_TEST][id=4][DOWNLOAD] progress 152/256 chunk=180
[16:01:47]  Download : 153/256
[16:01:47]  [FTP_RYU_TEST][id=4][DOWNLOAD] progress 153/256 chunk=180
[16:01:48]  Download : 154/256
[16:01:48]  [FTP_RYU_TEST][id=4][DOWNLOAD] progress 154/256 chunk=180
[16:01:48]  Download : 155/256
[16:01:48]  [FTP_RYU_TEST][id=4][DOWNLOAD] progress 155/256 chunk=180
[16:01:49]  Download : 156/256
[16:01:49]  [FTP_RYU_TEST][id=4][DOWNLOAD] progress 156/256 chunk=180
[16:01:49]  Download : 157/256
[16:01:49]  [FTP_RYU_TEST][id=4][DOWNLOAD] progress 157/256 chunk=180
[16:01:50]  Download : 158/256
[16:01:50]  [FTP_RYU_TEST][id=4][DOWNLOAD] progress 158/256 chunk=180
[16:01:50]  Download : 159/256
[16:01:50]  [FTP_RYU_TEST][id=4][DOWNLOAD] progress 159/256 chunk=180
[16:01:50]  Download : 160/256
[16:01:50]  [FTP_RYU_TEST][id=4][DOWNLOAD] progress 160/256 chunk=180
[16:01:51]  Download : 161/256
[16:01:51]  [FTP_RYU_TEST][id=4][DOWNLOAD] progress 161/256 chunk=180
[16:01:52]  Download : 162/256
[16:01:52]  [FTP_RYU_TEST][id=4][DOWNLOAD] progress 162/256 chunk=180
[16:01:52]  Download : 163/256
[16:01:52]  [FTP_RYU_TEST][id=4][DOWNLOAD] progress 163/256 chunk=180
[16:01:52]  Download : 164/256
[16:01:52]  [FTP_RYU_TEST][id=4][DOWNLOAD] progress 164/256 chunk=180
[16:01:53]  Download : 165/256
[16:01:53]  [FTP_RYU_TEST][id=4][DOWNLOAD] progress 165/256 chunk=180
[16:01:54]  Download : 166/256
[16:01:54]  [FTP_RYU_TEST][id=4][DOWNLOAD] progress 166/256 chunk=180
[16:01:54]  Download : 167/256
[16:01:54]  [FTP_RYU_TEST][id=4][DOWNLOAD] progress 167/256 chunk=180
[16:01:54]  Download : 168/256
[16:01:54]  [FTP_RYU_TEST][id=4][DOWNLOAD] progress 168/256 chunk=180
[16:01:55]  Download : 169/256
[16:01:55]  [FTP_RYU_TEST][id=4][DOWNLOAD] progress 169/256 chunk=180
[16:01:56]  Download : 170/256
[16:01:56]  [FTP_RYU_TEST][id=4][DOWNLOAD] progress 170/256 chunk=180
[16:01:56]  Download : 171/256
[16:01:56]  [FTP_RYU_TEST][id=4][DOWNLOAD] progress 171/256 chunk=180
[16:01:56]  Download : 172/256
[16:01:56]  [FTP_RYU_TEST][id=4][DOWNLOAD] progress 172/256 chunk=180
[16:01:57]  Download : 173/256
[16:01:57]  [FTP_RYU_TEST][id=4][DOWNLOAD] progress 173/256 chunk=180
[16:01:58]  Download : 174/256
[16:01:58]  [FTP_RYU_TEST][id=4][DOWNLOAD] progress 174/256 chunk=180
[16:01:58]  Download : 175/256
[16:01:58]  [FTP_RYU_TEST][id=4][DOWNLOAD] progress 175/256 chunk=180
[16:01:58]  Download : 176/256
[16:01:58]  [FTP_RYU_TEST][id=4][DOWNLOAD] progress 176/256 chunk=180
[16:01:59]  Download : 177/256
[16:01:59]  [FTP_RYU_TEST][id=4][DOWNLOAD] progress 177/256 chunk=180
[16:01:59]  Download : 178/256
[16:01:59]  [FTP_RYU_TEST][id=4][DOWNLOAD] progress 178/256 chunk=180
[16:02:00]  Download : 179/256
[16:02:00]  [FTP_RYU_TEST][id=4][DOWNLOAD] progress 179/256 chunk=180
[16:02:00]  Download : 180/256
[16:02:00]  [FTP_RYU_TEST][id=4][DOWNLOAD] progress 180/256 chunk=180
[16:02:01]  Download : 181/256
[16:02:01]  [FTP_RYU_TEST][id=4][DOWNLOAD] progress 181/256 chunk=180
[16:02:01]  Download : 182/256
[16:02:01]  [FTP_RYU_TEST][id=4][DOWNLOAD] progress 182/256 chunk=180
[16:02:02]  Download : 183/256
[16:02:02]  [FTP_RYU_TEST][id=4][DOWNLOAD] progress 183/256 chunk=180
[16:02:02]  Download : 184/256
[16:02:02]  [FTP_RYU_TEST][id=4][DOWNLOAD] progress 184/256 chunk=180
[16:02:03]  Download : 185/256
[16:02:03]  [FTP_RYU_TEST][id=4][DOWNLOAD] progress 185/256 chunk=180
[16:02:03]  Download : 186/256
[16:02:03]  [FTP_RYU_TEST][id=4][DOWNLOAD] progress 186/256 chunk=180
[16:02:04]  Download : 187/256
[16:02:04]  [FTP_RYU_TEST][id=4][DOWNLOAD] progress 187/256 chunk=180
[16:02:04]  Download : 188/256
[16:02:04]  [FTP_RYU_TEST][id=4][DOWNLOAD] progress 188/256 chunk=180
[16:02:05]  Download : 189/256
[16:02:05]  [FTP_RYU_TEST][id=4][DOWNLOAD] progress 189/256 chunk=180
[16:02:05]  Download : 190/256
[16:02:05]  [FTP_RYU_TEST][id=4][DOWNLOAD] progress 190/256 chunk=180
[16:02:06]  Download : 191/256
[16:02:06]  [FTP_RYU_TEST][id=4][DOWNLOAD] progress 191/256 chunk=180
[16:02:06]  Download : 192/256
[16:02:06]  [FTP_RYU_TEST][id=4][DOWNLOAD] progress 192/256 chunk=180
[16:02:07]  Download : 193/256
[16:02:07]  [FTP_RYU_TEST][id=4][DOWNLOAD] progress 193/256 chunk=180
[16:02:07]  Download : 194/256
[16:02:07]  [FTP_RYU_TEST][id=4][DOWNLOAD] progress 194/256 chunk=180
[16:02:08]  Download : 195/256
[16:02:08]  [FTP_RYU_TEST][id=4][DOWNLOAD] progress 195/256 chunk=180
[16:02:08]  Download : 196/256
[16:02:08]  [FTP_RYU_TEST][id=4][DOWNLOAD] progress 196/256 chunk=180
[16:02:09]  Download : 197/256
[16:02:09]  [FTP_RYU_TEST][id=4][DOWNLOAD] progress 197/256 chunk=180
[16:02:09]  Download : 198/256
[16:02:09]  [FTP_RYU_TEST][id=4][DOWNLOAD] progress 198/256 chunk=180
[16:02:10]  Download : 199/256
[16:02:10]  [FTP_RYU_TEST][id=4][DOWNLOAD] progress 199/256 chunk=180
[16:02:10]  Download : 200/256
[16:02:10]  [FTP_RYU_TEST][id=4][DOWNLOAD] progress 200/256 chunk=180
[16:02:11]  Download : 201/256
[16:02:11]  [FTP_RYU_TEST][id=4][DOWNLOAD] progress 201/256 chunk=180
[16:02:11]  Download : 202/256
[16:02:11]  [FTP_RYU_TEST][id=4][DOWNLOAD] progress 202/256 chunk=180
[16:02:12]  Download : 203/256
[16:02:12]  [FTP_RYU_TEST][id=4][DOWNLOAD] progress 203/256 chunk=180
[16:02:12]  Download : 204/256
[16:02:12]  [FTP_RYU_TEST][id=4][DOWNLOAD] progress 204/256 chunk=180
[16:02:13]  Download : 205/256
[16:02:13]  [FTP_RYU_TEST][id=4][DOWNLOAD] progress 205/256 chunk=180
[16:02:13]  Download : 206/256
[16:02:13]  [FTP_RYU_TEST][id=4][DOWNLOAD] progress 206/256 chunk=180
[16:02:14]  Download : 207/256
[16:02:14]  [FTP_RYU_TEST][id=4][DOWNLOAD] progress 207/256 chunk=180
[16:02:14]  Download : 208/256
[16:02:14]  [FTP_RYU_TEST][id=4][DOWNLOAD] progress 208/256 chunk=180
[16:02:15]  Download : 209/256
[16:02:15]  [FTP_RYU_TEST][id=4][DOWNLOAD] progress 209/256 chunk=180
[16:02:15]  Download : 210/256
[16:02:15]  [FTP_RYU_TEST][id=4][DOWNLOAD] progress 210/256 chunk=180
[16:02:16]  Download : 211/256
[16:02:16]  [FTP_RYU_TEST][id=4][DOWNLOAD] progress 211/256 chunk=180
[16:02:16]  Download : 212/256
[16:02:16]  [FTP_RYU_TEST][id=4][DOWNLOAD] progress 212/256 chunk=180
[16:02:17]  Download : 213/256
[16:02:17]  [FTP_RYU_TEST][id=4][DOWNLOAD] progress 213/256 chunk=180
[16:02:17]  Download : 214/256
[16:02:17]  [FTP_RYU_TEST][id=4][DOWNLOAD] progress 214/256 chunk=180
[16:02:18]  Download : 215/256
[16:02:18]  [FTP_RYU_TEST][id=4][DOWNLOAD] progress 215/256 chunk=180
[16:02:18]  Download : 216/256
[16:02:18]  [FTP_RYU_TEST][id=4][DOWNLOAD] progress 216/256 chunk=180
[16:02:19]  Download : 217/256
[16:02:19]  [FTP_RYU_TEST][id=4][DOWNLOAD] progress 217/256 chunk=180
[16:02:19]  Download : 218/256
[16:02:19]  [FTP_RYU_TEST][id=4][DOWNLOAD] progress 218/256 chunk=180
[16:02:20]  Download : 219/256
[16:02:20]  [FTP_RYU_TEST][id=4][DOWNLOAD] progress 219/256 chunk=180
[16:02:20]  Download : 220/256
[16:02:20]  [FTP_RYU_TEST][id=4][DOWNLOAD] progress 220/256 chunk=180
[16:02:21]  Download : 221/256
[16:02:21]  [FTP_RYU_TEST][id=4][DOWNLOAD] progress 221/256 chunk=180
[16:02:21]  Download : 222/256
[16:02:21]  [FTP_RYU_TEST][id=4][DOWNLOAD] progress 222/256 chunk=180
[16:02:21]  Download : 223/256
[16:02:21]  [FTP_RYU_TEST][id=4][DOWNLOAD] progress 223/256 chunk=180
[16:02:22]  Download : 224/256
[16:02:22]  [FTP_RYU_TEST][id=4][DOWNLOAD] progress 224/256 chunk=180
[16:02:23]  Download : 225/256
[16:02:23]  [FTP_RYU_TEST][id=4][DOWNLOAD] progress 225/256 chunk=180
[16:02:23]  Download : 226/256
[16:02:23]  [FTP_RYU_TEST][id=4][DOWNLOAD] progress 226/256 chunk=180
[16:02:23]  Download : 227/256
[16:02:23]  [FTP_RYU_TEST][id=4][DOWNLOAD] progress 227/256 chunk=180
[16:02:24]  Download : 228/256
[16:02:24]  [FTP_RYU_TEST][id=4][DOWNLOAD] progress 228/256 chunk=180
[16:02:25]  Download : 229/256
[16:02:25]  [FTP_RYU_TEST][id=4][DOWNLOAD] progress 229/256 chunk=180
[16:02:25]  Download : 230/256
[16:02:25]  [FTP_RYU_TEST][id=4][DOWNLOAD] progress 230/256 chunk=180
[16:02:25]  Download : 231/256
[16:02:25]  [FTP_RYU_TEST][id=4][DOWNLOAD] progress 231/256 chunk=180
[16:02:26]  Download : 232/256
[16:02:26]  [FTP_RYU_TEST][id=4][DOWNLOAD] progress 232/256 chunk=180
[16:02:27]  Download : 233/256
[16:02:27]  [FTP_RYU_TEST][id=4][DOWNLOAD] progress 233/256 chunk=180
[16:02:27]  Download : 234/256
[16:02:27]  [FTP_RYU_TEST][id=4][DOWNLOAD] progress 234/256 chunk=180
[16:02:27]  Download : 235/256
[16:02:27]  [FTP_RYU_TEST][id=4][DOWNLOAD] progress 235/256 chunk=180
[16:02:28]  Download : 236/256
[16:02:28]  [FTP_RYU_TEST][id=4][DOWNLOAD] progress 236/256 chunk=180
[16:02:29]  Download : 237/256
[16:02:29]  [FTP_RYU_TEST][id=4][DOWNLOAD] progress 237/256 chunk=180
[16:02:29]  Download : 238/256
[16:02:29]  [FTP_RYU_TEST][id=4][DOWNLOAD] progress 238/256 chunk=180
[16:02:29]  Download : 239/256
[16:02:29]  [FTP_RYU_TEST][id=4][DOWNLOAD] progress 239/256 chunk=180
[16:02:30]  Download : 240/256
[16:02:30]  [FTP_RYU_TEST][id=4][DOWNLOAD] progress 240/256 chunk=180
[16:02:30]  Download : 241/256
[16:02:30]  [FTP_RYU_TEST][id=4][DOWNLOAD] progress 241/256 chunk=180
[16:02:31]  Download : 242/256
[16:02:31]  [FTP_RYU_TEST][id=4][DOWNLOAD] progress 242/256 chunk=180
[16:02:31]  Download : 243/256
[16:02:31]  [FTP_RYU_TEST][id=4][DOWNLOAD] progress 243/256 chunk=180
[16:02:32]  Download : 244/256
[16:02:32]  [FTP_RYU_TEST][id=4][DOWNLOAD] progress 244/256 chunk=180
[16:02:32]  Download : 245/256
[16:02:32]  [FTP_RYU_TEST][id=4][DOWNLOAD] progress 245/256 chunk=180
[16:02:33]  Download : 246/256
[16:02:33]  [FTP_RYU_TEST][id=4][DOWNLOAD] progress 246/256 chunk=180
[16:02:33]  Download : 247/256
[16:02:33]  [FTP_RYU_TEST][id=4][DOWNLOAD] progress 247/256 chunk=180
[16:02:34]  Download : 248/256
[16:02:34]  [FTP_RYU_TEST][id=4][DOWNLOAD] progress 248/256 chunk=180
[16:02:34]  Download : 249/256
[16:02:34]  [FTP_RYU_TEST][id=4][DOWNLOAD] progress 249/256 chunk=180
[16:02:35]  Download : 250/256
[16:02:35]  [FTP_RYU_TEST][id=4][DOWNLOAD] progress 250/256 chunk=180
[16:02:35]  Download : 251/256
[16:02:35]  [FTP_RYU_TEST][id=4][DOWNLOAD] progress 251/256 chunk=180
[16:02:36]  Download : 252/256
[16:02:36]  [FTP_RYU_TEST][id=4][DOWNLOAD] progress 252/256 chunk=180
[16:02:36]  Download : 253/256
[16:02:36]  [FTP_RYU_TEST][id=4][DOWNLOAD] progress 253/256 chunk=180
[16:02:37]  Download : 254/256
[16:02:37]  [FTP_RYU_TEST][id=4][DOWNLOAD] progress 254/256 chunk=180
[16:02:37]  Download : 255/256
[16:02:37]  [FTP_RYU_TEST][id=4][DOWNLOAD] progress 255/256 chunk=180
[16:02:38]  FTP Transaction Completed.
[16:02:38]  Calculate FTP CRC. Remote : 2142142446, Local : 2142142446.
[16:02:38]  [FTP_RYU_TEST][id=4][DOWNLOAD] CRC remote=2142142446 local=2142142446
[16:02:38]  [FTP_RYU_TEST][id=4][DOWNLOAD][OK] retcode=0
[16:02:38]  [FTP_RYU_TEST][id=4][DOWNLOAD] cleanup_done=1
[16:03:52]  FTP_OLD_DOWNLOAD received legacy shared ftpinfo argument; pre-start pthread_create race remains until caller uses miman_ftp_create_worker_arg().
[16:03:52]  Start FTP OLD DOWNLOAD id=5.
[16:03:52]  [FTP_OLD_TEST][id=5][DOWNLOAD] begin local=file://./oldftp.so remote=file://./cf/yosijane.so host=10 port=9 chunk=180
[16:03:56]  Received FTP Download Spec.
[16:03:56]  Received FTP Download Spec. Filesize : 45908, CRC : 2142142446.
[16:03:57]  Received FTP Status Request.
[16:03:57]  Start FTP Downlink. Total Chunk Size : 256
[16:03:58]  Download : 0/256
[16:03:58]  [FTP_OLD_TEST][id=5][DOWNLOAD] progress 0/256 chunk=180
[16:03:59]  Download : 1/256
[16:03:59]  [FTP_OLD_TEST][id=5][DOWNLOAD] progress 1/256 chunk=180
[16:03:59]  Download : 2/256
[16:03:59]  [FTP_OLD_TEST][id=5][DOWNLOAD] progress 2/256 chunk=180
[16:04:00]  Download : 3/256
[16:04:00]  [FTP_OLD_TEST][id=5][DOWNLOAD] progress 3/256 chunk=180
[16:04:00]  Download : 4/256
[16:04:00]  [FTP_OLD_TEST][id=5][DOWNLOAD] progress 4/256 chunk=180
[16:04:00]  Download : 5/256
[16:04:00]  [FTP_OLD_TEST][id=5][DOWNLOAD] progress 5/256 chunk=180
[16:04:01]  Download : 6/256
[16:04:01]  [FTP_OLD_TEST][id=5][DOWNLOAD] progress 6/256 chunk=180
[16:04:02]  Download : 7/256
[16:04:02]  [FTP_OLD_TEST][id=5][DOWNLOAD] progress 7/256 chunk=180
[16:04:02]  Download : 8/256
[16:04:02]  [FTP_OLD_TEST][id=5][DOWNLOAD] progress 8/256 chunk=180
[16:04:03]  Download : 9/256
[16:04:03]  [FTP_OLD_TEST][id=5][DOWNLOAD] progress 9/256 chunk=180
[16:04:03]  Download : 10/256
[16:04:03]  [FTP_OLD_TEST][id=5][DOWNLOAD] progress 10/256 chunk=180
[16:04:04]  Download : 11/256
[16:04:04]  [FTP_OLD_TEST][id=5][DOWNLOAD] progress 11/256 chunk=180
[16:04:04]  Download : 12/256
[16:04:04]  [FTP_OLD_TEST][id=5][DOWNLOAD] progress 12/256 chunk=180
[16:04:05]  Download : 13/256
[16:04:05]  [FTP_OLD_TEST][id=5][DOWNLOAD] progress 13/256 chunk=180
[16:04:05]  Download : 14/256
[16:04:05]  [FTP_OLD_TEST][id=5][DOWNLOAD] progress 14/256 chunk=180
[16:04:05]  Download : 15/256
[16:04:05]  [FTP_OLD_TEST][id=5][DOWNLOAD] progress 15/256 chunk=180
[16:04:06]  Download : 16/256
[16:04:06]  [FTP_OLD_TEST][id=5][DOWNLOAD] progress 16/256 chunk=180
[16:04:07]  Download : 17/256
[16:04:07]  [FTP_OLD_TEST][id=5][DOWNLOAD] progress 17/256 chunk=180
[16:04:07]  Download : 18/256
[16:04:07]  [FTP_OLD_TEST][id=5][DOWNLOAD] progress 18/256 chunk=180
[16:04:07]  Download : 19/256
[16:04:07]  [FTP_OLD_TEST][id=5][DOWNLOAD] progress 19/256 chunk=180
[16:04:08]  Download : 20/256
[16:04:08]  [FTP_OLD_TEST][id=5][DOWNLOAD] progress 20/256 chunk=180
[16:04:09]  Download : 21/256
[16:04:09]  [FTP_OLD_TEST][id=5][DOWNLOAD] progress 21/256 chunk=180
[16:04:09]  Download : 22/256
[16:04:09]  [FTP_OLD_TEST][id=5][DOWNLOAD] progress 22/256 chunk=180
[16:04:09]  Download : 23/256
[16:04:09]  [FTP_OLD_TEST][id=5][DOWNLOAD] progress 23/256 chunk=180
[16:04:10]  Download : 24/256
[16:04:10]  [FTP_OLD_TEST][id=5][DOWNLOAD] progress 24/256 chunk=180
[16:04:11]  Download : 25/256
[16:04:11]  [FTP_OLD_TEST][id=5][DOWNLOAD] progress 25/256 chunk=180
[16:04:11]  Download : 26/256
[16:04:11]  [FTP_OLD_TEST][id=5][DOWNLOAD] progress 26/256 chunk=180
[16:04:11]  Download : 27/256
[16:04:11]  [FTP_OLD_TEST][id=5][DOWNLOAD] progress 27/256 chunk=180
[16:04:12]  Download : 28/256
[16:04:12]  [FTP_OLD_TEST][id=5][DOWNLOAD] progress 28/256 chunk=180
[16:04:13]  Download : 29/256
[16:04:13]  [FTP_OLD_TEST][id=5][DOWNLOAD] progress 29/256 chunk=180
[16:04:13]  Download : 30/256
[16:04:13]  [FTP_OLD_TEST][id=5][DOWNLOAD] progress 30/256 chunk=180
[16:04:13]  Download : 31/256
[16:04:13]  [FTP_OLD_TEST][id=5][DOWNLOAD] progress 31/256 chunk=180
[16:04:14]  Download : 32/256
[16:04:14]  [FTP_OLD_TEST][id=5][DOWNLOAD] progress 32/256 chunk=180
[16:04:14]  Download : 33/256
[16:04:14]  [FTP_OLD_TEST][id=5][DOWNLOAD] progress 33/256 chunk=180
[16:04:15]  Download : 34/256
[16:04:15]  [FTP_OLD_TEST][id=5][DOWNLOAD] progress 34/256 chunk=180
[16:04:15]  Download : 35/256
[16:04:15]  [FTP_OLD_TEST][id=5][DOWNLOAD] progress 35/256 chunk=180
[16:04:16]  Download : 36/256
[16:04:16]  [FTP_OLD_TEST][id=5][DOWNLOAD] progress 36/256 chunk=180
[16:04:16]  Download : 37/256
[16:04:16]  [FTP_OLD_TEST][id=5][DOWNLOAD] progress 37/256 chunk=180
[16:04:17]  Download : 38/256
[16:04:17]  [FTP_OLD_TEST][id=5][DOWNLOAD] progress 38/256 chunk=180
[16:04:17]  Download : 39/256
[16:04:17]  [FTP_OLD_TEST][id=5][DOWNLOAD] progress 39/256 chunk=180
[16:04:18]  Download : 40/256
[16:04:18]  [FTP_OLD_TEST][id=5][DOWNLOAD] progress 40/256 chunk=180
[16:04:18]  Download : 41/256
[16:04:18]  [FTP_OLD_TEST][id=5][DOWNLOAD] progress 41/256 chunk=180
[16:04:19]  Download : 42/256
[16:04:19]  [FTP_OLD_TEST][id=5][DOWNLOAD] progress 42/256 chunk=180
[16:04:19]  Download : 43/256
[16:04:19]  [FTP_OLD_TEST][id=5][DOWNLOAD] progress 43/256 chunk=180
[16:04:20]  Download : 44/256
[16:04:20]  [FTP_OLD_TEST][id=5][DOWNLOAD] progress 44/256 chunk=180
[16:04:20]  Download : 45/256
[16:04:20]  [FTP_OLD_TEST][id=5][DOWNLOAD] progress 45/256 chunk=180
[16:04:21]  Download : 46/256
[16:04:21]  [FTP_OLD_TEST][id=5][DOWNLOAD] progress 46/256 chunk=180
[16:04:21]  Download : 47/256
[16:04:21]  [FTP_OLD_TEST][id=5][DOWNLOAD] progress 47/256 chunk=180
[16:04:22]  Download : 48/256
[16:04:22]  [FTP_OLD_TEST][id=5][DOWNLOAD] progress 48/256 chunk=180
[16:04:22]  Download : 49/256
[16:04:22]  [FTP_OLD_TEST][id=5][DOWNLOAD] progress 49/256 chunk=180
[16:04:23]  Download : 50/256
[16:04:23]  [FTP_OLD_TEST][id=5][DOWNLOAD] progress 50/256 chunk=180
[16:04:23]  Download : 51/256
[16:04:23]  [FTP_OLD_TEST][id=5][DOWNLOAD] progress 51/256 chunk=180
[16:04:24]  Download : 52/256
[16:04:24]  [FTP_OLD_TEST][id=5][DOWNLOAD] progress 52/256 chunk=180
[16:04:24]  Download : 53/256
[16:04:24]  [FTP_OLD_TEST][id=5][DOWNLOAD] progress 53/256 chunk=180
[16:04:25]  Download : 54/256
[16:04:25]  [FTP_OLD_TEST][id=5][DOWNLOAD] progress 54/256 chunk=180
[16:04:25]  Download : 55/256
[16:04:25]  [FTP_OLD_TEST][id=5][DOWNLOAD] progress 55/256 chunk=180
[16:04:25]  Download : 56/256
[16:04:25]  [FTP_OLD_TEST][id=5][DOWNLOAD] progress 56/256 chunk=180
[16:04:26]  Download : 57/256
[16:04:26]  [FTP_OLD_TEST][id=5][DOWNLOAD] progress 57/256 chunk=180
[16:04:27]  Download : 58/256
[16:04:27]  [FTP_OLD_TEST][id=5][DOWNLOAD] progress 58/256 chunk=180
[16:04:27]  Download : 59/256
[16:04:27]  [FTP_OLD_TEST][id=5][DOWNLOAD] progress 59/256 chunk=180
[16:04:27]  Download : 60/256
[16:04:27]  [FTP_OLD_TEST][id=5][DOWNLOAD] progress 60/256 chunk=180
[16:04:28]  Download : 61/256
[16:04:28]  [FTP_OLD_TEST][id=5][DOWNLOAD] progress 61/256 chunk=180
[16:04:29]  Download : 62/256
[16:04:29]  [FTP_OLD_TEST][id=5][DOWNLOAD] progress 62/256 chunk=180
[16:04:29]  Download : 63/256
[16:04:29]  [FTP_OLD_TEST][id=5][DOWNLOAD] progress 63/256 chunk=180
[16:04:29]  Download : 64/256
[16:04:29]  [FTP_OLD_TEST][id=5][DOWNLOAD] progress 64/256 chunk=180
[16:04:30]  Download : 65/256
[16:04:30]  [FTP_OLD_TEST][id=5][DOWNLOAD] progress 65/256 chunk=180
[16:04:31]  Download : 66/256
[16:04:31]  [FTP_OLD_TEST][id=5][DOWNLOAD] progress 66/256 chunk=180
[16:04:31]  Download : 67/256
[16:04:31]  [FTP_OLD_TEST][id=5][DOWNLOAD] progress 67/256 chunk=180
[16:04:31]  Download : 68/256
[16:04:31]  [FTP_OLD_TEST][id=5][DOWNLOAD] progress 68/256 chunk=180
[16:04:32]  Download : 69/256
[16:04:32]  [FTP_OLD_TEST][id=5][DOWNLOAD] progress 69/256 chunk=180
[16:04:33]  Download : 70/256
[16:04:33]  [FTP_OLD_TEST][id=5][DOWNLOAD] progress 70/256 chunk=180
[16:04:33]  Download : 71/256
[16:04:33]  [FTP_OLD_TEST][id=5][DOWNLOAD] progress 71/256 chunk=180
[16:04:33]  Download : 72/256
[16:04:33]  [FTP_OLD_TEST][id=5][DOWNLOAD] progress 72/256 chunk=180
[16:04:34]  Download : 73/256
[16:04:34]  [FTP_OLD_TEST][id=5][DOWNLOAD] progress 73/256 chunk=180
[16:04:34]  Download : 74/256
[16:04:34]  [FTP_OLD_TEST][id=5][DOWNLOAD] progress 74/256 chunk=180
[16:04:35]  Download : 75/256
[16:04:35]  [FTP_OLD_TEST][id=5][DOWNLOAD] progress 75/256 chunk=180
[16:04:35]  Download : 76/256
[16:04:35]  [FTP_OLD_TEST][id=5][DOWNLOAD] progress 76/256 chunk=180
[16:04:36]  Download : 77/256
[16:04:36]  [FTP_OLD_TEST][id=5][DOWNLOAD] progress 77/256 chunk=180
[16:04:36]  Download : 78/256
[16:04:36]  [FTP_OLD_TEST][id=5][DOWNLOAD] progress 78/256 chunk=180
[16:04:37]  Download : 79/256
[16:04:37]  [FTP_OLD_TEST][id=5][DOWNLOAD] progress 79/256 chunk=180
[16:04:37]  Download : 80/256
[16:04:37]  [FTP_OLD_TEST][id=5][DOWNLOAD] progress 80/256 chunk=180
[16:04:38]  Download : 81/256
[16:04:38]  [FTP_OLD_TEST][id=5][DOWNLOAD] progress 81/256 chunk=180
[16:04:38]  Download : 82/256
[16:04:38]  [FTP_OLD_TEST][id=5][DOWNLOAD] progress 82/256 chunk=180
[16:04:39]  Download : 83/256
[16:04:39]  [FTP_OLD_TEST][id=5][DOWNLOAD] progress 83/256 chunk=180
[16:04:39]  Download : 84/256
[16:04:39]  [FTP_OLD_TEST][id=5][DOWNLOAD] progress 84/256 chunk=180
[16:04:40]  Download : 85/256
[16:04:40]  [FTP_OLD_TEST][id=5][DOWNLOAD] progress 85/256 chunk=180
[16:04:40]  Download : 86/256
[16:04:40]  [FTP_OLD_TEST][id=5][DOWNLOAD] progress 86/256 chunk=180
[16:04:41]  Download : 87/256
[16:04:41]  [FTP_OLD_TEST][id=5][DOWNLOAD] progress 87/256 chunk=180
[16:04:41]  Download : 88/256
[16:04:41]  [FTP_OLD_TEST][id=5][DOWNLOAD] progress 88/256 chunk=180
[16:04:42]  Download : 89/256
[16:04:42]  [FTP_OLD_TEST][id=5][DOWNLOAD] progress 89/256 chunk=180
[16:04:42]  Download : 90/256
[16:04:42]  [FTP_OLD_TEST][id=5][DOWNLOAD] progress 90/256 chunk=180
[16:04:43]  Download : 91/256
[16:04:43]  [FTP_OLD_TEST][id=5][DOWNLOAD] progress 91/256 chunk=180
[16:04:43]  Download : 92/256
[16:04:43]  [FTP_OLD_TEST][id=5][DOWNLOAD] progress 92/256 chunk=180
[16:04:44]  Download : 93/256
[16:04:44]  [FTP_OLD_TEST][id=5][DOWNLOAD] progress 93/256 chunk=180
[16:04:44]  Download : 94/256
[16:04:44]  [FTP_OLD_TEST][id=5][DOWNLOAD] progress 94/256 chunk=180
[16:04:45]  Download : 95/256
[16:04:45]  [FTP_OLD_TEST][id=5][DOWNLOAD] progress 95/256 chunk=180
[16:04:45]  Download : 96/256
[16:04:45]  [FTP_OLD_TEST][id=5][DOWNLOAD] progress 96/256 chunk=180
[16:04:46]  Download : 97/256
[16:04:46]  [FTP_OLD_TEST][id=5][DOWNLOAD] progress 97/256 chunk=180
[16:04:46]  Download : 98/256
[16:04:46]  [FTP_OLD_TEST][id=5][DOWNLOAD] progress 98/256 chunk=180
[16:04:47]  Download : 99/256
[16:04:47]  [FTP_OLD_TEST][id=5][DOWNLOAD] progress 99/256 chunk=180
[16:04:47]  Download : 100/256
[16:04:47]  [FTP_OLD_TEST][id=5][DOWNLOAD] progress 100/256 chunk=180
[16:04:48]  Download : 101/256
[16:04:48]  [FTP_OLD_TEST][id=5][DOWNLOAD] progress 101/256 chunk=180
[16:04:48]  Download : 102/256
[16:04:48]  [FTP_OLD_TEST][id=5][DOWNLOAD] progress 102/256 chunk=180
[16:04:49]  Download : 103/256
[16:04:49]  [FTP_OLD_TEST][id=5][DOWNLOAD] progress 103/256 chunk=180
[16:04:49]  Download : 104/256
[16:04:49]  [FTP_OLD_TEST][id=5][DOWNLOAD] progress 104/256 chunk=180
[16:04:50]  Download : 105/256
[16:04:50]  [FTP_OLD_TEST][id=5][DOWNLOAD] progress 105/256 chunk=180
[16:04:50]  Download : 106/256
[16:04:50]  [FTP_OLD_TEST][id=5][DOWNLOAD] progress 106/256 chunk=180
[16:04:51]  Download : 107/256
[16:04:51]  [FTP_OLD_TEST][id=5][DOWNLOAD] progress 107/256 chunk=180
[16:04:51]  Download : 108/256
[16:04:51]  [FTP_OLD_TEST][id=5][DOWNLOAD] progress 108/256 chunk=180
[16:04:52]  Download : 109/256
[16:04:52]  [FTP_OLD_TEST][id=5][DOWNLOAD] progress 109/256 chunk=180
[16:04:52]  Download : 110/256
[16:04:52]  [FTP_OLD_TEST][id=5][DOWNLOAD] progress 110/256 chunk=180
[16:04:53]  Download : 111/256
[16:04:53]  [FTP_OLD_TEST][id=5][DOWNLOAD] progress 111/256 chunk=180
[16:04:53]  Download : 112/256
[16:04:53]  [FTP_OLD_TEST][id=5][DOWNLOAD] progress 112/256 chunk=180
[16:04:54]  Download : 113/256
[16:04:54]  [FTP_OLD_TEST][id=5][DOWNLOAD] progress 113/256 chunk=180
[16:04:54]  Download : 114/256
[16:04:54]  [FTP_OLD_TEST][id=5][DOWNLOAD] progress 114/256 chunk=180
[16:04:54]  Download : 115/256
[16:04:54]  [FTP_OLD_TEST][id=5][DOWNLOAD] progress 115/256 chunk=180
[16:04:55]  Download : 116/256
[16:04:55]  [FTP_OLD_TEST][id=5][DOWNLOAD] progress 116/256 chunk=180
[16:04:56]  Download : 117/256
[16:04:56]  [FTP_OLD_TEST][id=5][DOWNLOAD] progress 117/256 chunk=180
[16:04:56]  Download : 118/256
[16:04:56]  [FTP_OLD_TEST][id=5][DOWNLOAD] progress 118/256 chunk=180
[16:04:56]  Download : 119/256
[16:04:56]  [FTP_OLD_TEST][id=5][DOWNLOAD] progress 119/256 chunk=180
[16:04:57]  Download : 120/256
[16:04:57]  [FTP_OLD_TEST][id=5][DOWNLOAD] progress 120/256 chunk=180
[16:04:58]  Download : 121/256
[16:04:58]  [FTP_OLD_TEST][id=5][DOWNLOAD] progress 121/256 chunk=180
[16:04:58]  Download : 122/256
[16:04:58]  [FTP_OLD_TEST][id=5][DOWNLOAD] progress 122/256 chunk=180
[16:04:58]  Download : 123/256
[16:04:58]  [FTP_OLD_TEST][id=5][DOWNLOAD] progress 123/256 chunk=180
[16:04:59]  Download : 124/256
[16:04:59]  [FTP_OLD_TEST][id=5][DOWNLOAD] progress 124/256 chunk=180
[16:05:00]  Download : 125/256
[16:05:00]  [FTP_OLD_TEST][id=5][DOWNLOAD] progress 125/256 chunk=180
[16:05:00]  Download : 126/256
[16:05:00]  [FTP_OLD_TEST][id=5][DOWNLOAD] progress 126/256 chunk=180
[16:05:00]  Download : 127/256
[16:05:00]  [FTP_OLD_TEST][id=5][DOWNLOAD] progress 127/256 chunk=180
[16:05:01]  Download : 128/256
[16:05:01]  [FTP_OLD_TEST][id=5][DOWNLOAD] progress 128/256 chunk=180
[16:05:02]  Download : 129/256
[16:05:02]  [FTP_OLD_TEST][id=5][DOWNLOAD] progress 129/256 chunk=180
[16:05:02]  Download : 130/256
[16:05:02]  [FTP_OLD_TEST][id=5][DOWNLOAD] progress 130/256 chunk=180
[16:05:02]  Download : 131/256
[16:05:02]  [FTP_OLD_TEST][id=5][DOWNLOAD] progress 131/256 chunk=180
[16:05:03]  Download : 132/256
[16:05:03]  [FTP_OLD_TEST][id=5][DOWNLOAD] progress 132/256 chunk=180
[16:05:03]  Download : 133/256
[16:05:03]  [FTP_OLD_TEST][id=5][DOWNLOAD] progress 133/256 chunk=180
[16:05:04]  Download : 134/256
[16:05:04]  [FTP_OLD_TEST][id=5][DOWNLOAD] progress 134/256 chunk=180
[16:05:04]  Download : 135/256
[16:05:04]  [FTP_OLD_TEST][id=5][DOWNLOAD] progress 135/256 chunk=180
[16:05:05]  Download : 136/256
[16:05:05]  [FTP_OLD_TEST][id=5][DOWNLOAD] progress 136/256 chunk=180
[16:05:05]  Download : 137/256
[16:05:05]  [FTP_OLD_TEST][id=5][DOWNLOAD] progress 137/256 chunk=180
[16:05:06]  Download : 138/256
[16:05:06]  [FTP_OLD_TEST][id=5][DOWNLOAD] progress 138/256 chunk=180
[16:05:06]  Download : 139/256
[16:05:06]  [FTP_OLD_TEST][id=5][DOWNLOAD] progress 139/256 chunk=180
[16:05:07]  Download : 140/256
[16:05:07]  [FTP_OLD_TEST][id=5][DOWNLOAD] progress 140/256 chunk=180
[16:05:07]  Download : 141/256
[16:05:07]  [FTP_OLD_TEST][id=5][DOWNLOAD] progress 141/256 chunk=180
[16:05:08]  Download : 142/256
[16:05:08]  [FTP_OLD_TEST][id=5][DOWNLOAD] progress 142/256 chunk=180
[16:05:08]  Download : 143/256
[16:05:08]  [FTP_OLD_TEST][id=5][DOWNLOAD] progress 143/256 chunk=180
[16:05:09]  Download : 144/256
[16:05:09]  [FTP_OLD_TEST][id=5][DOWNLOAD] progress 144/256 chunk=180
[16:05:09]  Download : 145/256
[16:05:09]  [FTP_OLD_TEST][id=5][DOWNLOAD] progress 145/256 chunk=180
[16:05:10]  Download : 146/256
[16:05:10]  [FTP_OLD_TEST][id=5][DOWNLOAD] progress 146/256 chunk=180
[16:05:10]  Download : 147/256
[16:05:10]  [FTP_OLD_TEST][id=5][DOWNLOAD] progress 147/256 chunk=180
[16:05:11]  Download : 148/256
[16:05:11]  [FTP_OLD_TEST][id=5][DOWNLOAD] progress 148/256 chunk=180
[16:05:11]  Download : 149/256
[16:05:11]  [FTP_OLD_TEST][id=5][DOWNLOAD] progress 149/256 chunk=180
[16:05:12]  Download : 150/256
[16:05:12]  [FTP_OLD_TEST][id=5][DOWNLOAD] progress 150/256 chunk=180
[16:05:12]  Download : 151/256
[16:05:12]  [FTP_OLD_TEST][id=5][DOWNLOAD] progress 151/256 chunk=180
[16:05:13]  Download : 152/256
[16:05:13]  [FTP_OLD_TEST][id=5][DOWNLOAD] progress 152/256 chunk=180
[16:05:13]  Download : 153/256
[16:05:13]  [FTP_OLD_TEST][id=5][DOWNLOAD] progress 153/256 chunk=180
[16:05:14]  Download : 154/256
[16:05:14]  [FTP_OLD_TEST][id=5][DOWNLOAD] progress 154/256 chunk=180
[16:05:14]  Download : 155/256
[16:05:14]  [FTP_OLD_TEST][id=5][DOWNLOAD] progress 155/256 chunk=180
[16:05:14]  Download : 156/256
[16:05:14]  [FTP_OLD_TEST][id=5][DOWNLOAD] progress 156/256 chunk=180
[16:05:15]  Download : 157/256
[16:05:15]  [FTP_OLD_TEST][id=5][DOWNLOAD] progress 157/256 chunk=180
[16:05:16]  Download : 158/256
[16:05:16]  [FTP_OLD_TEST][id=5][DOWNLOAD] progress 158/256 chunk=180
[16:05:16]  Download : 159/256
[16:05:16]  [FTP_OLD_TEST][id=5][DOWNLOAD] progress 159/256 chunk=180
[16:05:16]  Download : 160/256
[16:05:16]  [FTP_OLD_TEST][id=5][DOWNLOAD] progress 160/256 chunk=180
[16:05:17]  Download : 161/256
[16:05:17]  [FTP_OLD_TEST][id=5][DOWNLOAD] progress 161/256 chunk=180
[16:05:18]  Download : 162/256
[16:05:18]  [FTP_OLD_TEST][id=5][DOWNLOAD] progress 162/256 chunk=180
[16:05:18]  Download : 163/256
[16:05:18]  [FTP_OLD_TEST][id=5][DOWNLOAD] progress 163/256 chunk=180
[16:05:18]  Download : 164/256
[16:05:18]  [FTP_OLD_TEST][id=5][DOWNLOAD] progress 164/256 chunk=180
[16:05:19]  Download : 165/256
[16:05:19]  [FTP_OLD_TEST][id=5][DOWNLOAD] progress 165/256 chunk=180
[16:05:20]  Download : 166/256
[16:05:20]  [FTP_OLD_TEST][id=5][DOWNLOAD] progress 166/256 chunk=180
[16:05:20]  Download : 167/256
[16:05:20]  [FTP_OLD_TEST][id=5][DOWNLOAD] progress 167/256 chunk=180
[16:05:20]  Download : 168/256
[16:05:20]  [FTP_OLD_TEST][id=5][DOWNLOAD] progress 168/256 chunk=180
[16:05:21]  Download : 169/256
[16:05:21]  [FTP_OLD_TEST][id=5][DOWNLOAD] progress 169/256 chunk=180
[16:05:22]  Download : 170/256
[16:05:22]  [FTP_OLD_TEST][id=5][DOWNLOAD] progress 170/256 chunk=180
[16:05:22]  Download : 171/256
[16:05:22]  [FTP_OLD_TEST][id=5][DOWNLOAD] progress 171/256 chunk=180
[16:05:22]  Download : 172/256
[16:05:22]  [FTP_OLD_TEST][id=5][DOWNLOAD] progress 172/256 chunk=180
[16:05:23]  Download : 173/256
[16:05:23]  [FTP_OLD_TEST][id=5][DOWNLOAD] progress 173/256 chunk=180
[16:05:23]  Download : 174/256
[16:05:23]  [FTP_OLD_TEST][id=5][DOWNLOAD] progress 174/256 chunk=180
[16:05:24]  Download : 175/256
[16:05:24]  [FTP_OLD_TEST][id=5][DOWNLOAD] progress 175/256 chunk=180
[16:05:24]  Download : 176/256
[16:05:24]  [FTP_OLD_TEST][id=5][DOWNLOAD] progress 176/256 chunk=180
[16:05:25]  Download : 177/256
[16:05:25]  [FTP_OLD_TEST][id=5][DOWNLOAD] progress 177/256 chunk=180
[16:05:25]  Download : 178/256
[16:05:25]  [FTP_OLD_TEST][id=5][DOWNLOAD] progress 178/256 chunk=180
[16:05:26]  Download : 179/256
[16:05:26]  [FTP_OLD_TEST][id=5][DOWNLOAD] progress 179/256 chunk=180
[16:05:26]  Download : 180/256
[16:05:26]  [FTP_OLD_TEST][id=5][DOWNLOAD] progress 180/256 chunk=180
[16:05:27]  Download : 181/256
[16:05:27]  [FTP_OLD_TEST][id=5][DOWNLOAD] progress 181/256 chunk=180
[16:05:27]  Download : 182/256
[16:05:27]  [FTP_OLD_TEST][id=5][DOWNLOAD] progress 182/256 chunk=180
[16:05:28]  Download : 183/256
[16:05:28]  [FTP_OLD_TEST][id=5][DOWNLOAD] progress 183/256 chunk=180
[16:05:28]  Download : 184/256
[16:05:28]  [FTP_OLD_TEST][id=5][DOWNLOAD] progress 184/256 chunk=180
[16:05:29]  Download : 185/256
[16:05:29]  [FTP_OLD_TEST][id=5][DOWNLOAD] progress 185/256 chunk=180
[16:05:29]  Download : 186/256
[16:05:29]  [FTP_OLD_TEST][id=5][DOWNLOAD] progress 186/256 chunk=180
[16:05:30]  Download : 187/256
[16:05:30]  [FTP_OLD_TEST][id=5][DOWNLOAD] progress 187/256 chunk=180
[16:05:30]  Download : 188/256
[16:05:30]  [FTP_OLD_TEST][id=5][DOWNLOAD] progress 188/256 chunk=180
[16:05:31]  Download : 189/256
[16:05:31]  [FTP_OLD_TEST][id=5][DOWNLOAD] progress 189/256 chunk=180
[16:05:31]  Download : 190/256
[16:05:31]  [FTP_OLD_TEST][id=5][DOWNLOAD] progress 190/256 chunk=180
[16:05:32]  Download : 191/256
[16:05:32]  [FTP_OLD_TEST][id=5][DOWNLOAD] progress 191/256 chunk=180
[16:05:32]  Download : 192/256
[16:05:32]  [FTP_OLD_TEST][id=5][DOWNLOAD] progress 192/256 chunk=180
[16:05:33]  Download : 193/256
[16:05:33]  [FTP_OLD_TEST][id=5][DOWNLOAD] progress 193/256 chunk=180
[16:05:33]  Download : 194/256
[16:05:33]  [FTP_OLD_TEST][id=5][DOWNLOAD] progress 194/256 chunk=180
[16:05:34]  Download : 195/256
[16:05:34]  [FTP_OLD_TEST][id=5][DOWNLOAD] progress 195/256 chunk=180
[16:05:34]  Download : 196/256
[16:05:34]  [FTP_OLD_TEST][id=5][DOWNLOAD] progress 196/256 chunk=180
[16:05:35]  Download : 197/256
[16:05:35]  [FTP_OLD_TEST][id=5][DOWNLOAD] progress 197/256 chunk=180
[16:05:35]  Download : 198/256
[16:05:35]  [FTP_OLD_TEST][id=5][DOWNLOAD] progress 198/256 chunk=180
[16:05:36]  Download : 199/256
[16:05:36]  [FTP_OLD_TEST][id=5][DOWNLOAD] progress 199/256 chunk=180
[16:05:36]  Download : 200/256
[16:05:36]  [FTP_OLD_TEST][id=5][DOWNLOAD] progress 200/256 chunk=180
[16:05:37]  Download : 201/256
[16:05:37]  [FTP_OLD_TEST][id=5][DOWNLOAD] progress 201/256 chunk=180
[16:05:37]  Download : 202/256
[16:05:37]  [FTP_OLD_TEST][id=5][DOWNLOAD] progress 202/256 chunk=180
[16:05:38]  Download : 203/256
[16:05:38]  [FTP_OLD_TEST][id=5][DOWNLOAD] progress 203/256 chunk=180
[16:05:38]  Download : 204/256
[16:05:38]  [FTP_OLD_TEST][id=5][DOWNLOAD] progress 204/256 chunk=180
[16:05:39]  Download : 205/256
[16:05:39]  [FTP_OLD_TEST][id=5][DOWNLOAD] progress 205/256 chunk=180
[16:05:39]  Download : 206/256
[16:05:39]  [FTP_OLD_TEST][id=5][DOWNLOAD] progress 206/256 chunk=180
[16:05:40]  Download : 207/256
[16:05:40]  [FTP_OLD_TEST][id=5][DOWNLOAD] progress 207/256 chunk=180
[16:05:40]  Download : 208/256
[16:05:40]  [FTP_OLD_TEST][id=5][DOWNLOAD] progress 208/256 chunk=180
[16:05:41]  Download : 209/256
[16:05:41]  [FTP_OLD_TEST][id=5][DOWNLOAD] progress 209/256 chunk=180
[16:05:41]  Download : 210/256
[16:05:41]  [FTP_OLD_TEST][id=5][DOWNLOAD] progress 210/256 chunk=180
[16:05:42]  Download : 211/256
[16:05:42]  [FTP_OLD_TEST][id=5][DOWNLOAD] progress 211/256 chunk=180
[16:05:42]  Download : 212/256
[16:05:42]  [FTP_OLD_TEST][id=5][DOWNLOAD] progress 212/256 chunk=180
[16:05:43]  Download : 213/256
[16:05:43]  [FTP_OLD_TEST][id=5][DOWNLOAD] progress 213/256 chunk=180
[16:05:43]  Download : 214/256
[16:05:43]  [FTP_OLD_TEST][id=5][DOWNLOAD] progress 214/256 chunk=180
[16:05:43]  Download : 215/256
[16:05:43]  [FTP_OLD_TEST][id=5][DOWNLOAD] progress 215/256 chunk=180
[16:05:44]  Download : 216/256
[16:05:44]  [FTP_OLD_TEST][id=5][DOWNLOAD] progress 216/256 chunk=180
[16:05:45]  Download : 217/256
[16:05:45]  [FTP_OLD_TEST][id=5][DOWNLOAD] progress 217/256 chunk=180
[16:05:45]  Download : 218/256
[16:05:45]  [FTP_OLD_TEST][id=5][DOWNLOAD] progress 218/256 chunk=180
[16:05:45]  Download : 219/256
[16:05:45]  [FTP_OLD_TEST][id=5][DOWNLOAD] progress 219/256 chunk=180
[16:05:46]  Download : 220/256
[16:05:46]  [FTP_OLD_TEST][id=5][DOWNLOAD] progress 220/256 chunk=180
[16:05:47]  Download : 221/256
[16:05:47]  [FTP_OLD_TEST][id=5][DOWNLOAD] progress 221/256 chunk=180
[16:05:47]  Download : 222/256
[16:05:47]  [FTP_OLD_TEST][id=5][DOWNLOAD] progress 222/256 chunk=180
[16:05:47]  Download : 223/256
[16:05:47]  [FTP_OLD_TEST][id=5][DOWNLOAD] progress 223/256 chunk=180
[16:05:48]  Download : 224/256
[16:05:48]  [FTP_OLD_TEST][id=5][DOWNLOAD] progress 224/256 chunk=180
[16:05:49]  Download : 225/256
[16:05:49]  [FTP_OLD_TEST][id=5][DOWNLOAD] progress 225/256 chunk=180
[16:05:49]  Download : 226/256
[16:05:49]  [FTP_OLD_TEST][id=5][DOWNLOAD] progress 226/256 chunk=180
[16:05:49]  Download : 227/256
[16:05:49]  [FTP_OLD_TEST][id=5][DOWNLOAD] progress 227/256 chunk=180
[16:05:50]  Download : 228/256
[16:05:50]  [FTP_OLD_TEST][id=5][DOWNLOAD] progress 228/256 chunk=180
[16:05:51]  Download : 229/256
[16:05:51]  [FTP_OLD_TEST][id=5][DOWNLOAD] progress 229/256 chunk=180
[16:05:51]  Download : 230/256
[16:05:51]  [FTP_OLD_TEST][id=5][DOWNLOAD] progress 230/256 chunk=180
[16:05:51]  Download : 231/256
[16:05:51]  [FTP_OLD_TEST][id=5][DOWNLOAD] progress 231/256 chunk=180
[16:05:52]  Download : 232/256
[16:05:52]  [FTP_OLD_TEST][id=5][DOWNLOAD] progress 232/256 chunk=180
[16:05:52]  Download : 233/256
[16:05:52]  [FTP_OLD_TEST][id=5][DOWNLOAD] progress 233/256 chunk=180
[16:05:53]  Download : 234/256
[16:05:53]  [FTP_OLD_TEST][id=5][DOWNLOAD] progress 234/256 chunk=180
[16:05:53]  Download : 235/256
[16:05:53]  [FTP_OLD_TEST][id=5][DOWNLOAD] progress 235/256 chunk=180
[16:05:54]  Download : 236/256
[16:05:54]  [FTP_OLD_TEST][id=5][DOWNLOAD] progress 236/256 chunk=180
[16:05:54]  Download : 237/256
[16:05:54]  [FTP_OLD_TEST][id=5][DOWNLOAD] progress 237/256 chunk=180
[16:05:55]  Download : 238/256
[16:05:55]  [FTP_OLD_TEST][id=5][DOWNLOAD] progress 238/256 chunk=180
[16:05:55]  Download : 239/256
[16:05:55]  [FTP_OLD_TEST][id=5][DOWNLOAD] progress 239/256 chunk=180
[16:05:56]  Download : 240/256
[16:05:56]  [FTP_OLD_TEST][id=5][DOWNLOAD] progress 240/256 chunk=180
[16:05:56]  Download : 241/256
[16:05:56]  [FTP_OLD_TEST][id=5][DOWNLOAD] progress 241/256 chunk=180
[16:05:57]  Download : 242/256
[16:05:57]  [FTP_OLD_TEST][id=5][DOWNLOAD] progress 242/256 chunk=180
[16:05:57]  Download : 243/256
[16:05:57]  [FTP_OLD_TEST][id=5][DOWNLOAD] progress 243/256 chunk=180
[16:05:58]  Download : 244/256
[16:05:58]  [FTP_OLD_TEST][id=5][DOWNLOAD] progress 244/256 chunk=180
[16:05:58]  Download : 245/256
[16:05:58]  [FTP_OLD_TEST][id=5][DOWNLOAD] progress 245/256 chunk=180
[16:05:59]  Download : 246/256
[16:05:59]  [FTP_OLD_TEST][id=5][DOWNLOAD] progress 246/256 chunk=180
[16:05:59]  Download : 247/256
[16:05:59]  [FTP_OLD_TEST][id=5][DOWNLOAD] progress 247/256 chunk=180
[16:06:00]  Download : 248/256
[16:06:00]  [FTP_OLD_TEST][id=5][DOWNLOAD] progress 248/256 chunk=180
[16:06:00]  Download : 249/256
[16:06:00]  [FTP_OLD_TEST][id=5][DOWNLOAD] progress 249/256 chunk=180
[16:06:01]  Download : 250/256
[16:06:01]  [FTP_OLD_TEST][id=5][DOWNLOAD] progress 250/256 chunk=180
[16:06:01]  Download : 251/256
[16:06:01]  [FTP_OLD_TEST][id=5][DOWNLOAD] progress 251/256 chunk=180
[16:06:02]  Download : 252/256
[16:06:02]  [FTP_OLD_TEST][id=5][DOWNLOAD] progress 252/256 chunk=180
[16:06:02]  Download : 253/256
[16:06:02]  [FTP_OLD_TEST][id=5][DOWNLOAD] progress 253/256 chunk=180
[16:06:03]  Download : 254/256
[16:06:03]  [FTP_OLD_TEST][id=5][DOWNLOAD] progress 254/256 chunk=180
[16:06:03]  Download : 255/256
[16:06:03]  [FTP_OLD_TEST][id=5][DOWNLOAD] progress 255/256 chunk=180
[16:06:05]  FTP Transaction Completed.
[16:06:05]  Calculate FTP CRC. Remote : 2142142446, Local : 2142142446.
[16:06:05]  [FTP_OLD_TEST][id=5][DOWNLOAD] CRC remote=2142142446 local=2142142446
[16:06:38]  [FTP_OLD_TEST][id=5][DOWNLOAD][OK] retcode=0
[16:06:38]  [FTP_OLD_TEST][id=5][DOWNLOAD] cleanup_done=1
