2026-01-02 00:00
[00:00:26]  Connect to Switch Box.............Success.
[00:00:26]  Connect to Rotator................Success.
[00:00:26]  Connect to GS100..................Success.
[00:00:26]  TM Port 13 bind success.
[00:00:26]  BCN Port 31 bind success.
[00:00:26]  RPT Port 25 bind success.
[00:00:26]  Event Port 27 bind success.
[00:00:26]  COSMIC Beacon Port 23 bind success.
[00:00:26]  COSMIC Report Port 24 bind success.
[00:00:36]  TLE "cubesat" Download Completed.
[00:00:40]  Start Engaging.
[00:00:40]  Tracking : Az 45, El 0.
[00:00:42]  Tracking : Az 45, El 0.
[00:00:44]  Start Doppler Correction.
[00:00:45]  Tracking : Az 45, El 0.
[00:00:46]  Tracking : Az 45, El 0.
[00:00:49]  Tracking : Az 45, El 0.
[00:09:45]  Forked Safe Amplifier Process.(ON, Timer)
[00:09:50]  Ping Failed.
[00:09:51]  Tracking : Az 47, El 0.
[00:10:14]  Tracking : Az 50, El 1.
[00:10:19]  Ping Failed.
[00:10:43]  Tracking : Az 54, El 2.
[00:10:54]  Ping Failed.
[00:11:03]  Tracking : Az 57, El 3.
[00:11:18]  Ping Failed.
[00:11:22]  Tracking : Az 60, El 3.
[00:11:32]  Ping Failed.
[00:11:40]  Tracking : Az 63, El 4.
[00:11:53]  Ping Success at node 5, 471ms
[00:11:56]  [OK]CMD Packet Header: 0x18 0x15 0xc0 0x0 0x0 0x45 0xa 0x3e
[00:11:57]  Received GETFILEINFO Response from port : 23.

[00:11:58]  Tracking : Az 66, El 4.
[00:12:20]  Tracking : Az 70, El 5.
[00:12:36]  Tracking : Az 73, El 5.
[00:12:40]  [OK]CMD Packet Header: 0x18 0x75 0xc0 0x0 0x0 0x1 0x14 0x47
[00:12:41]  Received Report from port : 25.
[00:12:43]  Received Report from port : 25.
[00:12:45]  Received Report from port : 25.
[00:12:51]  Tracking : Az 76, El 6.
[00:13:07]  Tracking : Az 79, El 6.
[00:13:22]  Tracking : Az 82, El 6.
[00:13:24]  [OK]CMD Packet Header: 0x18 0x50 0xc0 0x0 0x0 0x1 0x6 0x70
[00:13:25]  Received Report from port : 25.
[00:13:27]  Received Report from port : 25.
[00:13:29]  Received Report from port : 25.
[00:13:39]  [OK]CMD Packet Header: 0x18 0x75 0xc0 0x0 0x0 0x5 0x1e 0xa2
[00:13:41]  Tracking : Az 86, El 6.
[00:13:49]  Ping Success at node 5, 464ms
[00:13:50]  [OK]CMD Packet Header: 0x18 0x75 0xc0 0x0 0x0 0x5 0x1e 0xa2
[00:13:51]  Received Report from port : 25.
[00:13:53]  Received Report from port : 25.
[00:13:55]  Received Report from port : 25.
[00:13:56]  Tracking : Az 89, El 6.
[00:14:11]  Tracking : Az 92, El 6.
[00:14:26]  Tracking : Az 95, El 6.
[00:14:41]  Tracking : Az 98, El 6.
[00:14:47]  [OK]CMD Packet Header: 0x18 0x75 0xc0 0x0 0x0 0x1 0x14 0x47
[00:14:48]  Received Report from port : 25.
[00:14:50]  Received Report from port : 25.
[00:14:52]  Received Report from port : 25.
[00:14:56]  Tracking : Az 101, El 6.
[00:15:11]  Tracking : Az 104, El 5.
[00:15:13]  [OK]CMD Packet Header: 0x18 0x75 0xc0 0x0 0x0 0x1 0x14 0x47
[00:15:14]  Received Report from port : 25.
[00:15:16]  Received Report from port : 25.
[00:15:18]  Received Report from port : 25.
[00:15:27]  Tracking : Az 107, El 5.
[00:15:43]  Tracking : Az 110, El 5.
[00:16:00]  Tracking : Az 113, El 4.
[00:16:18]  Tracking : Az 116, El 4.
[00:16:36]  Tracking : Az 119, El 3.
[00:16:55]  Tracking : Az 122, El 2.
[00:17:16]  Tracking : Az 125, El 2.
[00:17:45]  Tracking : Az 129, El 0.
[00:18:01]  Forked Safe Amplifier Process. (OFF)
[00:18:05]  Finish Engaging.
[00:18:05]  Beacon Success : 0, Ping Success : 2
[00:18:05]  Tracking : Az 0, El 0.
