2026-01-31 16:29
[16:29:56]  Connect to Switch Box.............Success.
[16:29:56]  Connect to Rotator................Success.
[16:29:56]  Connect to GS100..................Success.
[16:29:56]  TM Port 13 bind success.
[16:29:56]  BCN Port 31 bind success.
[16:29:56]  RPT Port 25 bind success.
[16:29:56]  Event Port 27 bind success.
[16:29:56]  COSMIC Beacon Port 23 bind success.
[16:29:56]  COSMIC Report Port 24 bind success.
[16:30:16]  TLE "active" Download Completed.
[16:30:45]  [Auto]Start AutoPilot.
[16:30:45]  [Auto]Start Autopilot. Next Valuable AOS : 2/1 1:16:4
[16:30:45]  [Auto]Max Elevation : 47.23° Please Keep Devices On.
[16:31:17]  [Auto]Autopilot Stopped by User.
[16:31:17]  [Auto]Stop Doppler Correction.
[16:31:17]  [Auto]Finish Engaging.
[16:31:17]  Tracking : Az 0, El 0.
[16:31:18]  [Auto]Beacon Success : 0, Ping Success : 0 CMD Success : 0
[17:21:25]  [Auto]Start AutoPilot.
[17:21:25]  [Auto]Start Autopilot. Next Valuable AOS : 2/1 1:16:4
[17:21:25]  [Auto]Max Elevation : 47.23° Please Keep Devices On.
[17:22:21]  [Auto]Autopilot Stopped by User.
[17:22:21]  [Auto]Stop Doppler Correction.
[17:22:21]  [Auto]Finish Engaging.
[17:22:21]  Tracking : Az 0, El 0.
[17:22:22]  [Auto]Beacon Success : 0, Ping Success : 0 CMD Success : 0
[23:00:23]  [Auto]Start AutoPilot.
[23:00:23]  [Auto]Start Autopilot. Next Valuable AOS : 2/1 1:16:4
[23:00:23]  [Auto]Max Elevation : 47.23° Please Keep Devices On.
[01:11:04]  [Auto]Start Engaging.
[01:11:04]  [Auto]Start Doppler Correction.
[01:11:04]  Tracking : Az 74, El 0.
[01:11:06]  Tracking : Az 74, El 0.
[01:11:08]  Tracking : Az 74, El 0.
[01:11:10]  Tracking : Az 74, El 0.
[01:11:12]  Tracking : Az 74, El 0.
[01:11:14]  Tracking : Az 74, El 0.
[01:11:16]  Tracking : Az 74, El 0.
[01:13:31]  Forked Safe Amplifier Process.(ON, Timer)
[01:13:31]  [OK]CMD Packet Header: 0x18 0x75 0xc0 0x0 0x0 0x1 0x14 0x47
[01:13:31]  [Auto]EPS P60 DOCK GET TABLE HK Command Sent (1/2)
[01:13:41]  [OK]CMD Packet Header: 0x18 0x75 0xc0 0x0 0x0 0x1 0x14 0x47
[01:13:41]  [Auto]EPS P60 DOCK GET TABLE HK Command Sent (2/2)
[01:13:51]  [OK]CMD Packet Header: 0x18 0x75 0xc0 0x0 0x0 0x1 0x17 0x44
[01:13:52]  [Auto]EPS P60 PDU GET TABLE HK Command Sent (1/2)
[01:14:02]  [OK]CMD Packet Header: 0x18 0x75 0xc0 0x0 0x0 0x1 0x17 0x44
[01:14:02]  [Auto]EPS P60 PDU GET TABLE HK Command Sent (2/2)
[01:14:12]  [OK]CMD Packet Header: 0x18 0x75 0xc0 0x0 0x0 0x1 0x1a 0x0
[01:14:12]  [Auto]EPS P60 ACU GET TABLE HK Command Sent (1/2)
[01:14:22]  [OK]CMD Packet Header: 0x18 0x75 0xc0 0x0 0x0 0x1 0x1a 0x0
[01:14:23]  [Auto]EPS P60 ACU GET TABLE HK Command Sent (2/2)
[01:14:33]  [Auto]Start GND WDT reset sequence
[01:14:33]  [OK]CMD Packet Header: 0x18 0x50 0xc0 0x0 0x0 0x1 0x6 0x70
[01:14:33]  [Auto]AX100 GND WDT CMD sent (1/2)
[01:14:43]  [OK]CMD Packet Header: 0x18 0x50 0xc0 0x0 0x0 0x1 0x6 0x70
[01:14:43]  [Auto]AX100 GND WDT CMD sent (2/2)
[01:14:53]  [OK]CMD Packet Header: 0x18 0x75 0xc0 0x0 0x0 0x5 0x1e 0xa2
[01:14:54]  [Auto]EPS P60 DOCK GND WDT CMD sent (1/2)
[01:15:04]  [OK]CMD Packet Header: 0x18 0x75 0xc0 0x0 0x0 0x5 0x1e 0xa2
[01:15:04]  [Auto]EPS P60 DOCK GND WDT CMD sent (2/2)
[01:15:14]  [Auto]GND WDT sequence completed
[01:15:14]  [OK]CMD Packet Header: 0x18 0x75 0xc0 0x0 0x0 0x1 0x14 0x47
[01:15:14]  [Auto]EPS P60 DOCK GET TABLE HK Command Sent (1/2)
[01:15:24]  [OK]CMD Packet Header: 0x18 0x75 0xc0 0x0 0x0 0x1 0x14 0x47
[01:15:25]  [Auto]EPS P60 DOCK GET TABLE HK Command Sent (2/2)
[01:15:35]  [OK]CMD Packet Header: 0x18 0x75 0xc0 0x0 0x0 0x1 0x17 0x44
[01:15:35]  [Auto]EPS P60 PDU GET TABLE HK Command Sent (1/2)
[01:15:45]  [OK]CMD Packet Header: 0x18 0x75 0xc0 0x0 0x0 0x1 0x17 0x44
[01:15:45]  [Auto]EPS P60 PDU GET TABLE HK Command Sent (2/2)
[01:15:48]  Tracking : Az 17, El 0.
[01:15:50]  Tracking : Az 17, El 0.
[01:15:52]  Tracking : Az 17, El 0.
[01:15:54]  Tracking : Az 18, El 0.
[01:15:55]  [OK]CMD Packet Header: 0x18 0x75 0xc0 0x0 0x0 0x1 0x1a 0x0
[01:15:56]  Tracking : Az 18, El 0.
[01:15:56]  [Auto]EPS P60 ACU GET TABLE HK Command Sent (1/2)
[01:15:58]  Tracking : Az 18, El 0.
[01:16:06]  [OK]CMD Packet Header: 0x18 0x75 0xc0 0x0 0x0 0x1 0x1a 0x0
[01:16:06]  [Auto]EPS P60 ACU GET TABLE HK Command Sent (2/2)
[01:16:48]  Tracking : Az 19, El 3.
[01:17:29]  Tracking : Az 21, El 6.
[01:17:52]  Tracking : Az 23, El 7.
[01:18:04]  Tracking : Az 23, El 9.
[01:18:23]  Tracking : Az 25, El 10.
[01:18:45]  Tracking : Az 26, El 13.
[01:18:59]  Tracking : Az 28, El 14.
[01:19:18]  Tracking : Az 30, El 17.
[01:19:40]  Tracking : Az 32, El 20.
[01:19:55]  Tracking : Az 35, El 22.
[01:20:06]  Tracking : Az 37, El 24.
[01:20:21]  Tracking : Az 40, El 26.
[01:20:32]  Tracking : Az 42, El 29.
[01:20:40]  Tracking : Az 45, El 30.
[01:20:47]  Tracking : Az 47, El 32.
[01:20:56]  Tracking : Az 50, El 34.
[01:21:06]  Tracking : Az 54, El 36.
[01:21:13]  Tracking : Az 57, El 38.
[01:21:19]  Tracking : Az 60, El 39.
[01:21:25]  Tracking : Az 63, El 40.
[01:21:30]  Tracking : Az 66, El 41.
[01:21:36]  Tracking : Az 69, El 42.
[01:21:42]  Tracking : Az 73, El 44.
[01:21:44]  Tracking : Az 75, El 44.
[01:21:50]  Tracking : Az 79, El 45.
[01:21:52]  Tracking : Az 80, El 45.
[01:21:55]  Tracking : Az 83, El 45.
[01:21:57]  Tracking : Az 84, El 46.
[01:22:01]  Tracking : Az 87, El 46.
[01:22:03]  Tracking : Az 89, El 46.
[01:22:07]  Tracking : Az 92, El 47.
[01:22:09]  Tracking : Az 94, El 47.
[01:22:13]  Tracking : Az 97, El 47.
[01:22:17]  Tracking : Az 100, El 47.
[01:22:20]  Tracking : Az 103, El 47.
[01:22:24]  Tracking : Az 106, El 46.
[01:22:27]  Tracking : Az 109, El 46.
[01:22:31]  Tracking : Az 112, El 46.
[01:22:36]  Tracking : Az 116, El 45.
[01:22:38]  Tracking : Az 117, El 45.
[01:22:42]  Tracking : Az 120, El 45.
[01:22:47]  Tracking : Az 124, El 44.
[01:22:49]  Tracking : Az 125, El 43.
[01:22:53]  Tracking : Az 128, El 43.
[01:22:58]  Tracking : Az 131, El 42.
[01:23:04]  Tracking : Az 134, El 41.
[01:23:09]  Tracking : Az 137, El 39.
[01:23:15]  Tracking : Az 140, El 38.
[01:23:21]  Tracking : Az 143, El 37.
[01:23:28]  Tracking : Az 146, El 35.
[01:23:36]  Tracking : Az 149, El 33.
[01:23:45]  Tracking : Az 152, El 31.
[01:23:56]  Tracking : Az 155, El 29.
[01:24:07]  Tracking : Az 158, El 27.
[01:24:21]  Tracking : Az 161, El 24.
[01:24:38]  Tracking : Az 164, El 22.
[01:24:51]  Tracking : Az 166, El 19.
[01:25:13]  Tracking : Az 168, El 16.
[01:25:35]  Tracking : Az 171, El 14.
[01:25:56]  Tracking : Az 172, El 11.
[01:26:28]  Tracking : Az 175, El 8.
[01:27:02]  Tracking : Az 176, El 5.
[01:27:51]  Tracking : Az 179, El 2.
[01:28:31]  [Auto]Stop Doppler Correction.
[01:28:31]  [Auto]Finish Engaging.
[01:28:31]  Tracking : Az 0, El 0.
[01:28:32]  [Auto]Beacon Success : 0, Ping Success : 0 CMD Success : 0
[01:28:32]  [Auto]Update TLE...
[01:28:35]  [Auto]TLE "active" Download Completed.
[01:28:38]  Forked Safe Amplifier Process. (OFF)
[01:28:38]  Reset GS100 watchdog.
[01:28:50]  [Auto]Start Autopilot. Next Valuable AOS : 2/1 2:52:19
[01:28:50]  [Auto]Max Elevation : 12.95° Please Keep Devices On.
[02:47:19]  [Auto]Start Engaging.
[02:47:19]  [Auto]Start Doppler Correction.
[02:47:19]  Tracking : Az 349, El 0.
[02:47:21]  Tracking : Az 349, El 0.
[02:47:23]  Tracking : Az 349, El 0.
[02:47:25]  Tracking : Az 349, El 0.
[02:47:27]  Tracking : Az 349, El 0.
[02:47:29]  Tracking : Az 349, El 0.
[02:47:31]  Tracking : Az 349, El 0.
[02:47:32]  Forked Safe Amplifier Process.(ON, Timer)
[02:47:32]  [OK]CMD Packet Header: 0x18 0x75 0xc0 0x0 0x0 0x1 0x14 0x47
[02:47:32]  [Auto]EPS P60 DOCK GET TABLE HK Command Sent (1/2)
[02:47:33]  Tracking : Az 349, El 0.
[02:47:35]  Tracking : Az 349, El 0.
[02:47:37]  Tracking : Az 349, El 0.
[02:47:39]  Tracking : Az 349, El 0.
[02:47:41]  Tracking : Az 349, El 0.
[02:47:42]  [OK]CMD Packet Header: 0x18 0x75 0xc0 0x0 0x0 0x1 0x14 0x47
[02:47:42]  [Auto]EPS P60 DOCK GET TABLE HK Command Sent (2/2)
[02:47:43]  Tracking : Az 349, El 0.
[02:47:45]  Tracking : Az 349, El 0.
[02:47:47]  Tracking : Az 349, El 0.
[02:47:49]  Tracking : Az 349, El 0.
[02:47:51]  Tracking : Az 349, El 0.
[02:47:52]  [OK]CMD Packet Header: 0x18 0x75 0xc0 0x0 0x0 0x1 0x17 0x44
[02:47:53]  Tracking : Az 349, El 0.
[02:47:53]  [Auto]EPS P60 PDU GET TABLE HK Command Sent (1/2)
[02:47:55]  Tracking : Az 349, El 0.
[02:47:57]  Tracking : Az 349, El 0.
[02:47:59]  Tracking : Az 349, El 0.
[02:48:01]  Tracking : Az 349, El 0.
[02:48:03]  Tracking : Az 349, El 0.
[02:48:03]  [OK]CMD Packet Header: 0x18 0x75 0xc0 0x0 0x0 0x1 0x17 0x44
[02:48:03]  [Auto]EPS P60 PDU GET TABLE HK Command Sent (2/2)
[02:48:05]  Tracking : Az 349, El 0.
[02:48:07]  Tracking : Az 349, El 0.
[02:48:09]  Tracking : Az 349, El 0.
[02:48:11]  Tracking : Az 349, El 0.
[02:48:13]  Tracking : Az 349, El 0.
[02:48:13]  [OK]CMD Packet Header: 0x18 0x75 0xc0 0x0 0x0 0x1 0x1a 0x0
[02:48:13]  [Auto]EPS P60 ACU GET TABLE HK Command Sent (1/2)
[02:48:15]  Tracking : Az 349, El 0.
[02:48:17]  Tracking : Az 349, El 0.
[02:48:19]  Tracking : Az 349, El 0.
[02:48:21]  Tracking : Az 349, El 0.
[02:48:23]  [OK]CMD Packet Header: 0x18 0x75 0xc0 0x0 0x0 0x1 0x1a 0x0
[02:48:24]  [Auto]EPS P60 ACU GET TABLE HK Command Sent (2/2)
[02:48:34]  [Auto]Start GND WDT reset sequence
[02:48:34]  [OK]CMD Packet Header: 0x18 0x50 0xc0 0x0 0x0 0x1 0x6 0x70
[02:48:34]  [Auto]AX100 GND WDT CMD sent (1/2)
[02:48:44]  [OK]CMD Packet Header: 0x18 0x50 0xc0 0x0 0x0 0x1 0x6 0x70
[02:48:44]  [Auto]AX100 GND WDT CMD sent (2/2)
[02:48:54]  [OK]CMD Packet Header: 0x18 0x75 0xc0 0x0 0x0 0x5 0x1e 0xa2
[02:48:55]  [Auto]EPS P60 DOCK GND WDT CMD sent (1/2)
[02:49:05]  [OK]CMD Packet Header: 0x18 0x75 0xc0 0x0 0x0 0x5 0x1e 0xa2
[02:49:05]  [Auto]EPS P60 DOCK GND WDT CMD sent (2/2)
[02:49:15]  [Auto]GND WDT sequence completed
[02:49:15]  [OK]CMD Packet Header: 0x18 0x75 0xc0 0x0 0x0 0x1 0x14 0x47
[02:49:15]  [Auto]EPS P60 DOCK GET TABLE HK Command Sent (1/2)
[02:49:25]  [OK]CMD Packet Header: 0x18 0x75 0xc0 0x0 0x0 0x1 0x14 0x47
[02:49:26]  [Auto]EPS P60 DOCK GET TABLE HK Command Sent (2/2)
[02:49:36]  [OK]CMD Packet Header: 0x18 0x75 0xc0 0x0 0x0 0x1 0x17 0x44
[02:49:36]  [Auto]EPS P60 PDU GET TABLE HK Command Sent (1/2)
[02:49:46]  [OK]CMD Packet Header: 0x18 0x75 0xc0 0x0 0x0 0x1 0x17 0x44
[02:49:46]  [Auto]EPS P60 PDU GET TABLE HK Command Sent (2/2)
[02:49:46]  [Auto]EPS P60 PDU GET TABLE HK Command Sent (2/2)
[02:49:56]  [OK]CMD Packet Header: 0x18 0x75 0xc0 0x0 0x0 0x1 0x1a 0x0
[02:49:57]  [Auto]EPS P60 ACU GET TABLE HK Command Sent (1/2)
[02:50:07]  [OK]CMD Packet Header: 0x18 0x75 0xc0 0x0 0x0 0x1 0x1a 0x0
[02:50:07]  [Auto]EPS P60 ACU GET TABLE HK Command Sent (2/2)
[02:52:48]  Tracking : Az 345, El 1.
[02:52:50]  Tracking : Az 345, El 1.
[02:53:15]  Tracking : Az 342, El 3.
[02:53:17]  Tracking : Az 342, El 3.
[02:53:39]  Tracking : Az 339, El 4.
[02:53:41]  Tracking : Az 339, El 4.
[02:54:01]  Tracking : Az 336, El 5.
[02:54:03]  Tracking : Az 336, El 5.
[02:54:21]  Tracking : Az 333, El 6.
[02:54:23]  Tracking : Az 333, El 6.
[02:54:45]  Tracking : Az 329, El 7.
[02:54:47]  Tracking : Az 329, El 7.
[02:55:02]  Tracking : Az 326, El 8.
[02:55:04]  Tracking : Az 326, El 8.
[02:55:18]  Tracking : Az 323, El 9.
[02:55:20]  Tracking : Az 323, El 9.
[02:55:32]  Tracking : Az 320, El 10.
[02:55:46]  Tracking : Az 317, El 10.
[02:55:48]  Tracking : Az 317, El 10.
[02:56:00]  Tracking : Az 314, El 11.
[02:56:13]  Tracking : Az 311, El 11.
[02:56:15]  Tracking : Az 311, El 11.
[02:56:25]  Tracking : Az 308, El 12.
[02:56:27]  Tracking : Az 308, El 12.
[02:56:37]  Tracking : Az 305, El 12.
[02:56:39]  Tracking : Az 305, El 12.
[02:56:49]  Tracking : Az 302, El 12.
[02:56:51]  Tracking : Az 302, El 12.
[02:57:01]  Tracking : Az 299, El 12.
[02:57:09]  Tracking : Az 297, El 12.
[02:57:20]  Tracking : Az 294, El 12.
[02:57:22]  Tracking : Az 294, El 12.
[02:57:32]  Tracking : Az 291, El 12.
[02:57:35]  Tracking : Az 290, El 12.
[02:57:47]  Tracking : Az 287, El 12.
[02:57:59]  Tracking : Az 284, El 12.
[02:58:11]  Tracking : Az 281, El 12.
[02:58:13]  Tracking : Az 281, El 12.
[02:58:23]  Tracking : Az 278, El 12.
[02:58:25]  Tracking : Az 278, El 11.
[02:58:35]  Tracking : Az 275, El 11.
[02:58:37]  Tracking : Az 275, El 11.
[02:58:48]  Tracking : Az 272, El 11.
[02:59:02]  Tracking : Az 269, El 10.
[02:59:04]  Tracking : Az 269, El 10.
[02:59:16]  Tracking : Az 266, El 10.
[02:59:31]  Tracking : Az 263, El 9.
[02:59:33]  Tracking : Az 263, El 9.
[02:59:46]  Tracking : Az 260, El 8.
[02:59:48]  Tracking : Az 260, El 8.
[03:00:03]  Tracking : Az 257, El 7.
[03:00:05]  Tracking : Az 257, El 7.
[03:00:21]  Tracking : Az 254, El 6.
[03:00:23]  Tracking : Az 254, El 6.
[03:00:48]  Tracking : Az 250, El 5.
[03:00:50]  Tracking : Az 250, El 5.
[03:00:55]  Tracking : Az 249, El 4.
[03:01:18]  Tracking : Az 246, El 3.
[03:01:43]  Tracking : Az 243, El 2.
[03:02:12]  Tracking : Az 240, El 0.
[03:02:14]  Tracking : Az 240, El 0.
[03:02:32]  [Auto]Stop Doppler Correction.
[03:02:32]  [Auto]Finish Engaging.
[03:02:32]  Tracking : Az 0, El 0.
[03:02:33]  [Auto]Beacon Success : 0, Ping Success : 0 CMD Success : 0
[03:02:33]  [Auto]Update TLE...
[03:02:36]  [Auto]TLE "active" Download Completed.
[03:02:39]  Forked Safe Amplifier Process. (OFF)
[03:02:39]  Reset GS100 watchdog.
[03:02:51]  [Auto]Start Autopilot. Next Valuable AOS : 2/1 12:5:3
[03:02:51]  [Auto]Max Elevation : 25.36° Please Keep Devices On.
[12:00:03]  [Auto]Start Engaging.
[12:00:03]  [Auto]Start Doppler Correction.
[12:00:03]  Tracking : Az 138, El 0.
[12:00:05]  Tracking : Az 138, El 0.
[12:00:07]  Tracking : Az 138, El 0.
[12:00:09]  Tracking : Az 138, El 0.
[12:00:11]  Tracking : Az 138, El 0.
[12:00:13]  Tracking : Az 138, El 0.
[12:00:15]  Tracking : Az 138, El 0.
[12:00:17]  Tracking : Az 138, El 0.
[12:00:19]  Tracking : Az 138, El 0.
[12:00:21]  Tracking : Az 138, El 0.
[12:00:23]  Tracking : Az 138, El 0.
[12:00:25]  Tracking : Az 138, El 0.
[12:01:43]  Forked Safe Amplifier Process.(ON, Timer)
[12:01:43]  [OK]CMD Packet Header: 0x18 0x75 0xc0 0x0 0x0 0x1 0x14 0x47
[12:01:43]  [Auto]EPS P60 DOCK GET TABLE HK Command Sent (1/2)
[12:01:53]  [OK]CMD Packet Header: 0x18 0x75 0xc0 0x0 0x0 0x1 0x14 0x47
[12:01:53]  [Auto]EPS P60 DOCK GET TABLE HK Command Sent (2/2)
[12:02:03]  [OK]CMD Packet Header: 0x18 0x75 0xc0 0x0 0x0 0x1 0x17 0x44
[12:02:04]  [Auto]EPS P60 PDU GET TABLE HK Command Sent (1/2)
[12:02:14]  [OK]CMD Packet Header: 0x18 0x75 0xc0 0x0 0x0 0x1 0x17 0x44
[12:02:14]  [Auto]EPS P60 PDU GET TABLE HK Command Sent (2/2)
[12:02:24]  [OK]CMD Packet Header: 0x18 0x75 0xc0 0x0 0x0 0x1 0x1a 0x0
[12:02:24]  [Auto]EPS P60 ACU GET TABLE HK Command Sent (1/2)
[12:02:34]  [OK]CMD Packet Header: 0x18 0x75 0xc0 0x0 0x0 0x1 0x1a 0x0
[12:02:35]  [Auto]EPS P60 ACU GET TABLE HK Command Sent (2/2)
[12:02:45]  [Auto]Start GND WDT reset sequence
[12:02:45]  [OK]CMD Packet Header: 0x18 0x50 0xc0 0x0 0x0 0x1 0x6 0x70
[12:02:45]  [Auto]AX100 GND WDT CMD sent (1/2)
[12:02:55]  [OK]CMD Packet Header: 0x18 0x50 0xc0 0x0 0x0 0x1 0x6 0x70
[12:02:55]  [Auto]AX100 GND WDT CMD sent (2/2)
[12:03:05]  [OK]CMD Packet Header: 0x18 0x75 0xc0 0x0 0x0 0x5 0x1e 0xa2
[12:03:06]  [Auto]EPS P60 DOCK GND WDT CMD sent (1/2)
[12:03:16]  [OK]CMD Packet Header: 0x18 0x75 0xc0 0x0 0x0 0x5 0x1e 0xa2
[12:03:16]  [Auto]EPS P60 DOCK GND WDT CMD sent (2/2)
[12:03:26]  [Auto]GND WDT sequence completed
[12:03:26]  [OK]CMD Packet Header: 0x18 0x75 0xc0 0x0 0x0 0x1 0x14 0x47
[12:03:26]  [Auto]EPS P60 DOCK GET TABLE HK Command Sent (1/2)
[12:03:36]  [OK]CMD Packet Header: 0x18 0x75 0xc0 0x0 0x0 0x1 0x14 0x47
[12:03:37]  [Auto]EPS P60 DOCK GET TABLE HK Command Sent (2/2)
[12:03:47]  [OK]CMD Packet Header: 0x18 0x75 0xc0 0x0 0x0 0x1 0x17 0x44
[12:03:47]  [Auto]EPS P60 PDU GET TABLE HK Command Sent (1/2)
[12:03:57]  [OK]CMD Packet Header: 0x18 0x75 0xc0 0x0 0x0 0x1 0x17 0x44
[12:03:57]  [Auto]EPS P60 PDU GET TABLE HK Command Sent (2/2)
[12:04:07]  [OK]CMD Packet Header: 0x18 0x75 0xc0 0x0 0x0 0x1 0x1a 0x0
[12:04:08]  [Auto]EPS P60 ACU GET TABLE HK Command Sent (1/2)
[12:04:18]  [OK]CMD Packet Header: 0x18 0x75 0xc0 0x0 0x0 0x1 0x1a 0x0
[12:04:18]  [Auto]EPS P60 ACU GET TABLE HK Command Sent (2/2)
[12:05:42]  Tracking : Az 135, El 2.
[12:06:04]  Tracking : Az 134, El 4.
[12:06:31]  Tracking : Az 131, El 5.
[12:06:47]  Tracking : Az 130, El 7.
[12:07:09]  Tracking : Az 127, El 8.
[12:07:32]  Tracking : Az 124, El 10.
[12:07:52]  Tracking : Az 121, El 12.
[12:08:10]  Tracking : Az 118, El 13.
[12:08:26]  Tracking : Az 115, El 15.
[12:08:40]  Tracking : Az 112, El 16.
[12:08:53]  Tracking : Az 109, El 17.
[12:09:05]  Tracking : Az 106, El 19.
[12:09:16]  Tracking : Az 103, El 20.
[12:09:26]  Tracking : Az 100, El 21.
[12:09:36]  Tracking : Az 97, El 21.
[12:09:45]  Tracking : Az 94, El 22.
[12:09:54]  Tracking : Az 91, El 23.
[12:10:02]  Tracking : Az 88, El 23.
[12:10:10]  Tracking : Az 85, El 24.
[12:10:16]  Tracking : Az 83, El 24.
[12:10:23]  Tracking : Az 80, El 24.
[12:10:31]  Tracking : Az 77, El 25.
[12:10:37]  Tracking : Az 75, El 25.
[12:10:41]  Tracking : Az 73, El 25.
[12:10:48]  Tracking : Az 70, El 25.
[12:10:55]  Tracking : Az 67, El 25.
[12:11:03]  Tracking : Az 64, El 25.
[12:11:08]  Tracking : Az 62, El 25.
[12:11:14]  Tracking : Az 60, El 24.
[12:11:20]  Tracking : Az 57, El 24.
[12:11:28]  Tracking : Az 54, El 24.
[12:11:36]  Tracking : Az 51, El 23.
[12:11:44]  Tracking : Az 48, El 23.
[12:11:50]  Tracking : Az 46, El 22.
[12:11:59]  Tracking : Az 43, El 22.
[12:12:08]  Tracking : Az 40, El 21.
[12:12:18]  Tracking : Az 37, El 20.
[12:12:29]  Tracking : Az 34, El 19.
[12:12:40]  Tracking : Az 31, El 18.
[12:12:52]  Tracking : Az 28, El 17.
[12:13:11]  Tracking : Az 24, El 15.
[12:13:26]  Tracking : Az 21, El 14.
[12:13:38]  Tracking : Az 19, El 13.
[12:13:57]  Tracking : Az 16, El 11.
[12:14:27]  Tracking : Az 12, El 9.
[12:14:44]  Tracking : Az 10, El 7.
[12:15:04]  Tracking : Az 8, El 6.
[12:15:36]  Tracking : Az 6, El 3.
[12:16:06]  Tracking : Az 3, El 2.
[12:16:43]  [Auto]Stop Doppler Correction.
[12:16:43]  [Auto]Finish Engaging.
[12:16:43]  Tracking : Az 0, El 0.
[12:16:44]  [Auto]Beacon Success : 0, Ping Success : 0 CMD Success : 0
[12:16:44]  [Auto]Update TLE...
[12:16:47]  [Auto]TLE "active" Download Completed.
[12:16:50]  Forked Safe Amplifier Process. (OFF)
[12:16:50]  Reset GS100 watchdog.
[12:17:02]  [Auto]Start Autopilot. Next Valuable AOS : 2/1 13:40:34
[12:17:02]  [Auto]Max Elevation : 22.36° Please Keep Devices On.
[13:03:33]  [Auto]Autopilot Stopped by User.
[13:03:33]  [Auto]Stop Doppler Correction.
[13:03:33]  [Auto]Finish Engaging.
[13:03:33]  Tracking : Az 0, El 0.
[13:03:34]  [Auto]Beacon Success : 0, Ping Success : 0 CMD Success : 0
[13:40:36]  Start Engaging.
[13:40:36]  Tracking : Az 197, El 0.
[13:40:38]  Tracking : Az 197, El 0.
[13:40:39]  Start Doppler Correction.
[13:40:40]  Tracking : Az 197, El 0.
[13:40:41]  Forked Safe Amplifier Process.(ON, Timer)
[13:40:42]  Tracking : Az 197, El 0.
[13:40:44]  Tracking : Az 198, El 0.
[13:40:46]  Tracking : Az 198, El 0.
[13:40:48]  Tracking : Az 198, El 0.
[13:40:50]  Tracking : Az 198, El 1.
[13:40:52]  Tracking : Az 198, El 1.
