2025-12-27 21:32
[21:32:16]  Connect to Switch Box.............Success.
[21:32:16]  Connect to Rotator................Success.
[21:32:16]  Connect to GS100..................Success.
[21:32:16]  TM Port 13 bind success.
[21:32:16]  BCN Port 31 bind success.
[21:32:16]  RPT Port 25 bind success.
[21:32:16]  Event Port 27 bind success.
[21:32:16]  COSMIC Beacon Port 23 bind success.
[21:32:16]  COSMIC Report Port 24 bind success.
[21:33:18]  TLE "cubesat" Download Completed.
[00:28:30]  Start Engaging.
[00:28:30]  Tracking : Az 34, El 0.
[00:28:32]  Tracking : Az 34, El 0.
[00:28:32]  Start Doppler Correction.
[00:28:34]  Tracking : Az 34, El 0.
[00:28:36]  Tracking : Az 34, El 0.
[00:28:38]  Tracking : Az 34, El 0.
[00:28:40]  Tracking : Az 34, El 0.
[00:28:42]  Tracking : Az 34, El 0.
[00:28:44]  Tracking : Az 34, El 0.
[00:28:46]  Tracking : Az 34, El 0.
[00:28:48]  Tracking : Az 34, El 0.
[00:28:50]  Tracking : Az 34, El 0.
[00:28:52]  Tracking : Az 34, El 0.
[00:28:54]  Tracking : Az 34, El 0.
[00:28:56]  Tracking : Az 34, El 0.
[00:28:58]  Tracking : Az 34, El 0.
[00:29:00]  Tracking : Az 34, El 0.
[00:29:02]  Tracking : Az 34, El 0.
[00:32:42]  Tracking : Az 37, El 1.
[00:32:44]  Tracking : Az 37, El 1.
[00:33:01]  Tracking : Az 39, El 2.
[00:33:03]  Tracking : Az 39, El 2.
[00:33:09]  Forked Safe Amplifier Process.(ON, Timer)
[00:33:17]  Ping Failed.
[00:33:28]  Tracking : Az 42, El 4.
[00:33:30]  Tracking : Az 42, El 4.
[00:33:38]  Ping Failed.
[00:33:57]  Tracking : Az 46, El 5.
[00:33:59]  Tracking : Az 46, El 5.
[00:34:01]  Ping Failed.
[00:34:15]  Ping Failed.
[00:34:18]  Tracking : Az 49, El 6.
[00:34:20]  Tracking : Az 49, El 6.
[00:34:37]  Tracking : Az 52, El 7.
[00:34:38]  Ping Failed.
[00:34:39]  Tracking : Az 52, El 7.
[00:34:54]  Tracking : Az 55, El 8.
[00:34:56]  Tracking : Az 55, El 8.
[00:35:05]  Tracking : Az 57, El 9.
[00:35:07]  Ping Failed.
[00:35:19]  Ping Failed.
[00:35:21]  Tracking : Az 60, El 10.
[00:35:23]  Tracking : Az 60, El 10.
[00:35:27]  Tracking : Az 61, El 10.
[00:35:34]  Ping Failed.
[00:35:40]  Tracking : Az 64, El 11.
[00:35:42]  Tracking : Az 64, El 11.
[00:35:53]  Tracking : Az 67, El 11.
[00:35:55]  Tracking : Az 67, El 11.
[00:35:57]  Ping Failed.
[00:36:07]  Tracking : Az 70, El 12.
[00:36:15]  Ping Failed.
[00:36:19]  Tracking : Az 73, El 12.
[00:36:21]  Tracking : Az 73, El 12.
[00:36:31]  Tracking : Az 76, El 13.
[00:36:33]  Tracking : Az 76, El 13.
[00:36:37]  Tracking : Az 77, El 13.
[00:36:43]  Tracking : Az 79, El 13.
[00:36:44]  Ping Success at node 5, 472ms
[00:36:54]  Tracking : Az 82, El 13.
[00:36:55]  Ping Failed at node 3.
[00:36:56]  Tracking : Az 82, El 13.
[00:37:00]  AX100 Boot Count : 22228
[00:37:04]  AX100 Boot Count : 22228
[00:37:04]  Tracking : Az 84, El 13.
[00:37:06]  Tracking : Az 85, El 13.
[00:37:09]  Ping Success at node 5, 459ms
[00:37:13]  Tracking : Az 87, El 14.
[00:37:24]  Tracking : Az 90, El 14.
[00:37:24]  Ping Failed at node 3.
[00:37:26]  Tracking : Az 90, El 14.
[00:37:31]  Ping Failed at node 3.
[00:37:32]  Tracking : Az 92, El 14.
[00:37:35]  Tracking : Az 93, El 14.
[00:37:37]  Ping Failed at node 3.
[00:37:43]  Tracking : Az 95, El 14.
[00:37:45]  Ping Failed at node 3.
[00:37:46]  Tracking : Az 96, El 14.
[00:37:51]  Ping Success at node 5, 473ms
[00:38:00]  Ping Success at node 5, 466ms
[00:38:01]  Tracking : Az 100, El 13.
[00:38:03]  Tracking : Az 100, El 13.
[00:38:05]  Ping Success at node 5, 464ms
[00:38:12]  AX100 Boot Count : 22228
[00:38:12]  Tracking : Az 103, El 13.
[00:38:14]  Tracking : Az 103, El 13.
[00:38:18]  Tracking : Az 104, El 13.
[00:38:28]  Tracking : Az 107, El 13.
[00:38:30]  Tracking : Az 107, El 13.
[00:38:35]  Tracking : Az 109, El 13.
[00:38:48]  Tracking : Az 112, El 12.
[00:38:50]  Tracking : Az 112, El 12.
[00:38:54]  Ping Success at node 5, 473ms
[00:38:56]  Tracking : Az 114, El 12.
[00:39:02]  Ping Failed at node 3.
[00:39:09]  Ping Failed at node 1.
[00:39:09]  Tracking : Az 117, El 11.
[00:39:11]  Tracking : Az 117, El 11.
[00:39:14]  Ping Failed at node 2.
[00:39:21]  Ping Failed at node 4.
[00:39:22]  Tracking : Az 120, El 11.
[00:39:23]  Ping Success at node 5, 472ms
[00:39:24]  Tracking : Az 120, El 11.
[00:39:25]  Ping Success at node 5, 467ms
[00:39:31]  Tracking : Az 122, El 10.
[00:39:31]  Ping Failed at node 6.
[00:39:38]  Ping Failed at node 7.
[00:39:40]  Ping Success at node 8, 10ms
[00:39:46]  Tracking : Az 125, El 10.
[00:39:48]  Tracking : Az 125, El 9.
[00:39:51]  Ping Failed at node 9.
[00:39:58]  Ping Failed at node 10.
[00:40:01]  Tracking : Az 128, El 9.
[00:40:03]  Tracking : Az 128, El 9.
[00:40:03]  Ping Failed at node 11.
[00:40:09]  Ping Failed at node 20.
[00:40:18]  Tracking : Az 131, El 8.
[00:40:20]  Tracking : Az 131, El 8.
[00:40:20]  Ping Failed at node 13.
[00:40:26]  Ping Failed at node 12.
[00:40:35]  Ping Failed at node 14.
[00:40:35]  Tracking : Az 134, El 7.
[00:40:37]  Tracking : Az 134, El 7.
[00:40:40]  Ping Failed at node 15.
[00:40:42]  Ping Success at node 5, 477ms
[00:40:52]  Forked Safe Amplifier Process. (OFF)
[00:40:54]  Tracking : Az 137, El 6.
[00:40:56]  Tracking : Az 137, El 6.
[00:40:58]  Finish Engaging.
[00:40:58]  Beacon Success : 0, Ping Success : 10
[00:41:01]  Tracking : Az 0, El 0.
