2026-01-01 13:42
[13:42:41]  Connect to Switch Box.............Success.
[13:42:41]  Connect to Rotator................Success.
[13:42:41]  Connect to GS100..................Success.
[13:42:41]  TM Port 13 bind success.
[13:42:41]  BCN Port 31 bind success.
[13:42:41]  RPT Port 25 bind success.
[13:42:41]  Event Port 27 bind success.
[13:42:41]  COSMIC Beacon Port 23 bind success.
[13:42:41]  COSMIC Report Port 24 bind success.
[13:42:48]  TLE "cubesat" Download Completed.
[13:42:55]  Start Engaging.
[13:42:55]  Tracking : Az 209, El 0.
[13:42:56]  Start Doppler Correction.
[13:42:57]  Tracking : Az 209, El 0.
[13:42:59]  Tracking : Az 209, El 0.
[13:43:01]  Tracking : Az 209, El 0.
[13:43:03]  Tracking : Az 209, El 0.
[13:43:05]  Tracking : Az 209, El 0.
[13:43:07]  Tracking : Az 209, El 0.
[13:43:09]  Tracking : Az 209, El 0.
[13:43:11]  Tracking : Az 209, El 0.
[13:43:13]  Tracking : Az 209, El 0.
[13:43:15]  Tracking : Az 209, El 0.
[13:43:17]  Tracking : Az 209, El 0.
[13:43:19]  Tracking : Az 209, El 0.
[13:43:21]  Tracking : Az 209, El 0.
[13:43:23]  Tracking : Az 209, El 0.
[13:43:25]  Tracking : Az 209, El 0.
[13:43:27]  Tracking : Az 209, El 0.
[13:43:29]  Tracking : Az 209, El 0.
[13:43:31]  Tracking : Az 209, El 0.
[13:59:58]  Forked Safe Amplifier Process.(ON, Timer)
[14:00:17]  Received Event from port : 27.

[14:00:24]  [OK]CMD Packet Header: 0x18 0x75 0xc0 0x0 0x0 0x1 0x14 0x47
[14:00:25]  Received Report from port : 25.
[14:00:27]  Received Report from port : 25.
[14:00:29]  Received Report from port : 25.
[14:00:31]  Tracking : Az 212, El 1.
[14:00:31]  Received Event from port : 27.

[14:00:35]  Received Event from port : 27.

[14:00:37]  Received Event from port : 27.

[14:00:47]  Received Event from port : 27.

[14:00:48]  [OK]CMD Packet Header: 0x18 0x15 0xc0 0x0 0x0 0x49 0xf 0x5c
[14:00:49]  !!!!!!!!!Received COSMIC Beacon from port : 23.!!!!!!!!!

[14:00:51]  !!!!!!!!!Received COSMIC Beacon from port : 23.!!!!!!!!!

[14:00:53]  !!!!!!!!!Received COSMIC Beacon from port : 23.!!!!!!!!!

[14:00:55]  !!!!!!!!!Received COSMIC Beacon from port : 23.!!!!!!!!!

[14:00:57]  !!!!!!!!!Received COSMIC Beacon from port : 23.!!!!!!!!!

[14:00:59]  Tracking : Az 215, El 2.
[14:00:59]  !!!!!!!!!Received COSMIC Beacon from port : 23.!!!!!!!!!

[14:01:01]  Received Event from port : 27.

[14:01:04]  Received Event from port : 27.

[14:01:07]  Received Event from port : 27.

[14:01:16]  Tracking : Az 217, El 3.
[14:01:16]  Received Event from port : 27.

[14:01:18]  Received Event from port : 27.

[14:01:21]  [OK]CMD Packet Header: 0x18 0x31 0xc0 0x0 0x0 0x1 0x0 0x17
[14:01:22]  Received Event from port : 27.

[14:01:24]  Received Report from port : 25.
[14:01:26]  Received Report from port : 25.
[14:01:28]  Received Report from port : 25.
[14:01:30]  Received Report from port : 25.
[14:01:32]  Tracking : Az 219, El 4.
[14:01:32]  Received Report from port : 25.
[14:01:34]  Received Report from port : 25.
[14:01:36]  Received Event from port : 27.

[14:01:38]  Received Event from port : 27.

[14:01:40]  [OK]CMD Packet Header: 0x18 0x31 0xc0 0x0 0x0 0x7 0xa 0xfa
[14:01:40]  Received Event from port : 27.

[14:01:42]  Received Report from port : 25.
[14:01:44]  Received Report from port : 25.
[14:01:46]  Received Report from port : 25.
[14:01:48]  Received Event from port : 27.

[14:01:54]  Tracking : Az 222, El 5.
[14:01:57]  Received Event from port : 27.

[14:01:59]  Received Event from port : 27.

[14:02:07]  Received Event from port : 27.

[14:02:15]  Tracking : Az 225, El 7.
[14:02:17]  Received Event from port : 27.

[14:02:27]  Received Event from port : 27.

[14:02:33]  Received Report from port : 25.
[14:02:33]  Tracking : Az 228, El 8.
[14:02:35]  Received Report from port : 25.
[14:02:37]  Received Report from port : 25.
[14:02:39]  Received Event from port : 27.

[14:02:41]  Received Event from port : 27.

[14:02:47]  Received Event from port : 27.

[14:02:50]  Tracking : Az 231, El 8.
[14:02:57]  Received Event from port : 27.

[14:03:06]  Tracking : Az 234, El 9.
[14:03:17]  [OK]CMD Packet Header: 0x18 0x31 0xc0 0x0 0x0 0x1 0x0 0x17
[14:03:19]  Received Event from port : 27.

[14:03:22]  Tracking : Az 237, El 10.
[14:03:27]  [OK]CMD Packet Header: 0x18 0x31 0xc0 0x0 0x0 0x1 0x0 0x17
[14:03:34]  Ping Success at node 5, 465ms
[14:03:36]  Tracking : Az 240, El 11.
[14:03:37]  [OK]CMD Packet Header: 0x18 0x31 0xc0 0x0 0x0 0x1 0x0 0x17
[14:03:47]  Received Event from port : 27.

[14:03:49]  Tracking : Az 243, El 11.
[14:03:53]  [OK]CMD Packet Header: 0x18 0x31 0xc0 0x0 0x0 0x1 0x0 0x17
[14:03:54]  Received Event from port : 27.

[14:03:56]  Received Report from port : 25.
[14:03:58]  Received Report from port : 25.
[14:04:00]  Received Report from port : 25.
[14:04:02]  Received Report from port : 25.
[14:04:02]  Tracking : Az 246, El 12.
[14:04:04]  Received Report from port : 25.
[14:04:06]  Received Report from port : 25.
[14:04:08]  Received Event from port : 27.

[14:04:10]  Received Event from port : 27.

[14:04:12]  Received Event from port : 27.

[14:04:15]  Tracking : Az 249, El 12.
[14:04:17]  Received Event from port : 27.

[14:04:27]  Tracking : Az 252, El 13.
[14:04:27]  Received Event from port : 27.

[14:04:37]  [OK]CMD Packet Header: 0x18 0x31 0xc0 0x0 0x0 0x7 0xa 0xfa
[14:04:39]  Received Event from port : 27.

[14:04:39]  Tracking : Az 255, El 13.
[14:04:47]  Received Event from port : 27.

[14:04:50]  Tracking : Az 258, El 13.
[14:04:57]  [OK]CMD Packet Header: 0x18 0x31 0xc0 0x0 0x0 0x1 0x0 0x17
[14:04:57]  Received Event from port : 27.

[14:04:59]  Received Event from port : 27.

[14:05:01]  Received Report from port : 25.
[14:05:02]  Tracking : Az 261, El 13.
[14:05:03]  Received Report from port : 25.
[14:05:05]  Received Report from port : 25.
[14:05:07]  Received Report from port : 25.
[14:05:09]  Received Report from port : 25.
[14:05:10]  Tracking : Az 263, El 14.
[14:05:11]  Received Report from port : 25.
[14:05:17]  Tracking : Az 265, El 14.
[14:05:17]  [OK]CMD Packet Header: 0x18 0x31 0xc0 0x0 0x0 0x7 0xa 0xfa
[14:05:22]  Received Event from port : 27.

[14:05:24]  Tracking : Az 267, El 14.
[14:05:27]  Received Event from port : 27.

[14:05:30]  [OK]CMD Packet Header: 0x18 0x31 0xc0 0x0 0x0 0x7 0xa 0xfa
[14:05:36]  Tracking : Az 270, El 14.
[14:05:37]  Received Event from port : 27.

[14:05:43]  Ping Failed.
[14:05:47]  Tracking : Az 273, El 13.
[14:05:49]  Ping Success at node 5, 467ms
[14:05:57]  Received Event from port : 27.

[14:05:58]  Tracking : Az 276, El 13.
[14:06:03]  Received Event from port : 27.

[14:06:05]  [OK]CMD Packet Header: 0x18 0x31 0xc0 0x0 0x0 0x7 0xa 0xfa
[14:06:05]  Received Event from port : 27.

[14:06:07]  Received Report from port : 25.
[14:06:09]  Received Report from port : 25.
[14:06:10]  Tracking : Az 279, El 13.
[14:06:11]  Received Report from port : 25.
[14:06:13]  Received Event from port : 27.

[14:06:17]  Received Event from port : 27.

[14:06:21]  Tracking : Az 282, El 13.
[14:06:27]  Received Event from port : 27.

[14:06:34]  Tracking : Az 285, El 12.
[14:06:41]  Received Event from port : 27.

[14:06:42]  Tracking : Az 287, El 12.
[14:06:44]  Received Event from port : 27.

[14:06:47]  Received Event from port : 27.

[14:06:54]  Tracking : Az 290, El 12.
[14:06:57]  Received Event from port : 27.

[14:07:00]  Received Report from port : 25.
[14:07:02]  Received Report from port : 25.
[14:07:04]  Received Report from port : 25.
[14:07:07]  Received Event from port : 27.

[14:07:08]  Tracking : Az 293, El 11.
[14:07:17]  Received Event from port : 27.

[14:07:21]  Tracking : Az 296, El 11.
[14:07:25]  Received Event from port : 27.

[14:07:27]  Received Event from port : 27.

[14:07:36]  Tracking : Az 299, El 10.
[14:07:37]  Received Event from port : 27.

[14:07:44]  [OK]CMD Packet Header: 0x18 0x15 0xc0 0x0 0x0 0x45 0xa 0x4c
[14:07:45]  Received GETFILEINFO Response from port : 23.

[14:07:47]  Received Event from port : 27.

[14:07:49]  Received Event from port : 27.

[14:07:51]  Tracking : Az 302, El 9.
[14:07:57]  Received Event from port : 27.

[14:08:06]  Received Event from port : 27.

[14:08:08]  Tracking : Az 305, El 8.
[14:08:08]  Received Event from port : 27.

[14:08:17]  Received Event from port : 27.

[14:08:22]  [OK]CMD Packet Header: 0x18 0x75 0xc0 0x0 0x0 0x1 0x14 0x47
[14:08:23]  Received Report from port : 25.
[14:08:25]  Received Report from port : 25.
[14:08:26]  Tracking : Az 308, El 7.
[14:08:27]  Received Report from port : 25.
[14:08:29]  Received Event from port : 27.

[14:08:37]  Received Event from port : 27.

[14:08:39]  [OK]CMD Packet Header: 0x18 0x75 0xc0 0x0 0x0 0x1 0x1a 0x49
[14:08:40]  Received Report from port : 25.
[14:08:42]  Received Report from port : 25.
[14:08:44]  Received Report from port : 25.
[14:08:45]  Tracking : Az 311, El 6.
[14:08:48]  Received Event from port : 27.

[14:08:50]  Received Event from port : 27.

[14:08:58]  Received Event from port : 27.

[14:09:02]  [OK]CMD Packet Header: 0x18 0x75 0xc0 0x0 0x0 0x1 0x14 0x47
[14:09:05]  Tracking : Az 314, El 5.
[14:09:08]  Received Event from port : 27.

[14:09:18]  Received Event from port : 27.

[14:09:28]  Received Event from port : 27.

[14:09:28]  Tracking : Az 317, El 4.
[14:09:29]  [OK]CMD Packet Header: 0x18 0x23 0xc0 0x0 0x0 0x5 0x4 0x9
[14:09:30]  Received Event from port : 27.

[14:09:43]  Ping Success at node 5, 468ms
[14:09:53]  Tracking : Az 320, El 2.
[14:09:55]  [OK]CMD Packet Header: 0x18 0x75 0xc0 0x0 0x0 0x1 0x14 0x47
[14:09:56]  Received Report from port : 25.
[14:09:58]  Received Report from port : 25.
[14:10:00]  Received Report from port : 25.
[14:10:21]  Tracking : Az 323, El 1.
[14:10:49]  Forked Safe Amplifier Process. (OFF)
[14:10:51]  Finish Engaging.
[14:10:51]  Beacon Success : 0, Ping Success : 3
[14:10:52]  Tracking : Az 0, El 0.
