2026-07-22 21:13
[21:13:21]  Connect to Switch Box..............Failed.
[21:13:21]  Connect to Rotator.................Failed.
[21:13:21]  Connect to GS100..................Success.
[21:13:21]  BEE-1000 BCN Port 31 bind success.
[21:13:21]  Rotator Read Failed. Please Check Again.
[21:13:21]  BEE-1000 RPT Port 25 bind success.
[21:13:21]  BEE-1000 Event Port 27 bind success.
[21:13:21]  BEE-100 FM Port 23 bind success.
[21:13:21]  UEL-Y-Sys. BCN Port 12 bind success.
[21:13:21]  UEL-Y-Sys. RPT Port 10 bind success.
[21:13:21]  UEL-Y-Sys. Event Port 11 bind success.
[21:13:21]  UEL-Y-Sys. FM Port 14 bind success.
[21:13:21]  BEE-1012 BCN Port 17 bind success.
[21:13:21]  BEE-1012 RPT Port 15 bind success.
[21:13:21]  BEE-1012 Event Port 16 bind success.
[21:13:21]  BEE-1012 FM Port 18 bind success.
[21:13:21]  BEE-1012 AIOBC Port 29 bind success.
[21:13:24]  Ping Success at node 5, 454ms
[21:14:58]  Received Report from port : 15.
[21:14:58]  Received Report from port : 15.
[21:14:58]  Received Report from port : 15.
[21:15:03]  Received BEE1012 Beacon from port : 17.
[21:15:09]  Received BEE1012 Beacon from port : 17.
[21:15:19]  Received BEE1012 Beacon from port : 17.
[21:18:33]  [OK]CMD Packet Header: 0x18 0xf0 0xc0 0x0 0x0 0xb5 0x3 0x61
[21:18:34]  Received AIOBC TM from port : 29.

[21:18:37]  [OK]CMD Packet Header: 0x18 0xf0 0xc0 0x0 0x0 0x1 0x1 0xd7
[21:18:37]  Received AIOBC TM from port : 29.

[21:18:56]  AIMode Cmd generated. ScenarioID=17039617, Magic=0x465A, CRC32=0xF0ED1172, PacketCRC=0xA3
[21:18:56]  [OK]CMD Packet Header: 0x18 0xf0 0xc0 0x0 0x0 0x13 0x5 0xa3
[21:18:57]  Received AIOBC TM from port : 29.

[21:19:01]  [OK]CMD Packet Header: 0x18 0xf0 0xc0 0x0 0x0 0x1 0x7 0xd1
[21:19:01]  Received AIOBC TM from port : 29.

[21:19:08]  FDIR generated. scenarioid=0, commandid=14, flags=1,  PacketLength=17
[21:19:08]  [OK]CMD Packet Header: 0x18 0xf0 0xc0 0x0 0x0 0xa 0xe 0xdc
[21:19:08]  Received AIOBC TM from port : 29.

[21:19:11]  [OK]CMD Packet Header: 0x18 0xf0 0xc0 0x0 0x0 0x1 0x9 0xdf
[21:19:12]  Received AIOBC TM from port : 29.

[21:20:01]  [OK]CMD Packet Header: 0x18 0xf0 0xc0 0x0 0x0 0x1 0x1 0xd7
[21:20:01]  Received AIOBC TM from port : 29.

[21:21:34]  [OK]CMD Packet Header: 0x18 0xf0 0xc0 0x0 0x0 0xb5 0x3 0x61
[21:21:35]  Received AIOBC TM from port : 29.

[21:21:38]  [OK]CMD Packet Header: 0x18 0xf0 0xc0 0x0 0x0 0x1 0x1 0xd7
[21:21:39]  Received AIOBC TM from port : 29.

[21:21:55]  AIMode Cmd generated. ScenarioID=17039617, Magic=0x465A, CRC32=0xF0ED1172, PacketCRC=0xA2
[21:21:55]  [OK]CMD Packet Header: 0x18 0xf0 0xc0 0x0 0x0 0x13 0x5 0xa2
[21:21:55]  Received AIOBC TM from port : 29.

[21:22:01]  [OK]CMD Packet Header: 0x18 0xf0 0xc0 0x0 0x0 0x1 0x7 0xd1
[21:22:02]  Received AIOBC TM from port : 29.

[21:22:38]  FDIR generated. scenarioid=17039617, commandid=14, flags=1,  PacketLength=17
[21:22:38]  [OK]CMD Packet Header: 0x18 0xf0 0xc0 0x0 0x0 0xa 0xe 0xd9
[21:22:40]  Received AIOBC TM from port : 29.

[21:22:47]  [OK]CMD Packet Header: 0x18 0xf0 0xc0 0x0 0x0 0x1 0x9 0xdf
[21:22:48]  Received AIOBC TM from port : 29.

[21:23:20]  [OK]CMD Packet Header: 0x18 0xf0 0xc0 0x0 0x0 0x1 0x1 0xd7
[21:23:21]  Received AIOBC TM from port : 29.

[21:23:33]  AIMode Cmd generated. ScenarioID=17039617, Magic=0x465A, CRC32=0xF0ED1172, PacketCRC=0xA2
[21:23:33]  [OK]CMD Packet Header: 0x18 0xf0 0xc0 0x0 0x0 0x13 0x5 0xa2
[21:23:34]  Received AIOBC TM from port : 29.

[21:23:37]  [OK]CMD Packet Header: 0x18 0xf0 0xc0 0x0 0x0 0x1 0x7 0xd1
[21:23:38]  Received AIOBC TM from port : 29.

[21:23:44]  FDIR generated. scenarioid=17039617, commandid=14, flags=2,  PacketLength=17
[21:23:44]  [OK]CMD Packet Header: 0x18 0xf0 0xc0 0x0 0x0 0xa 0xe 0xda
[21:23:44]  Received AIOBC TM from port : 29.

[21:24:00]  [OK]CMD Packet Header: 0x18 0xf0 0xc0 0x0 0x0 0x1 0x9 0xdf
[21:24:00]  Received AIOBC TM from port : 29.

[21:25:22]  [OK]CMD Packet Header: 0x18 0xf0 0xc0 0x0 0x0 0x1 0x1 0xd7
[21:25:22]  Received AIOBC TM from port : 29.

[21:25:27]  AIMode Cmd generated. ScenarioID=17039617, Magic=0x465A, CRC32=0xF0ED1172, PacketCRC=0xA2
[21:25:27]  [OK]CMD Packet Header: 0x18 0xf0 0xc0 0x0 0x0 0x13 0x5 0xa2
[21:25:28]  Received AIOBC TM from port : 29.

[21:25:30]  [OK]CMD Packet Header: 0x18 0xf0 0xc0 0x0 0x0 0x1 0x7 0xd1
[21:25:31]  Received AIOBC TM from port : 29.

[21:25:36]  FDIR generated. scenarioid=17039617, commandid=14, flags=1,  PacketLength=17
[21:25:36]  [OK]CMD Packet Header: 0x18 0xf0 0xc0 0x0 0x0 0xa 0xe 0xd9
[21:25:37]  Received AIOBC TM from port : 29.

[21:25:40]  [OK]CMD Packet Header: 0x18 0xf0 0xc0 0x0 0x0 0x1 0x9 0xdf
[21:25:41]  Received AIOBC TM from port : 29.

[21:25:44]  [OK]CMD Packet Header: 0x18 0xf0 0xc0 0x0 0x0 0x1 0x1 0xd7
[21:25:45]  Received AIOBC TM from port : 29.

[21:25:57]  AIMode Cmd generated. ScenarioID=17039617, Magic=0x465A, CRC32=0xF0ED1172, PacketCRC=0xA2
[21:25:57]  [OK]CMD Packet Header: 0x18 0xf0 0xc0 0x0 0x0 0x13 0x5 0xa2
[21:25:57]  Received AIOBC TM from port : 29.

[21:26:00]  [OK]CMD Packet Header: 0x18 0xf0 0xc0 0x0 0x0 0x1 0x7 0xd1
[21:26:01]  Received AIOBC TM from port : 29.

[21:26:05]  FDIR generated. scenarioid=17039617, commandid=14, flags=2,  PacketLength=17
[21:26:05]  [OK]CMD Packet Header: 0x18 0xf0 0xc0 0x0 0x0 0xa 0xe 0xda
[21:26:06]  Received AIOBC TM from port : 29.

[21:26:08]  [OK]CMD Packet Header: 0x18 0xf0 0xc0 0x0 0x0 0x1 0x9 0xdf
[21:26:09]  Received AIOBC TM from port : 29.

