2026-02-04 12:06
[12:06:54]  Connect to Switch Box.............Success.
[12:06:54]  Connect to Rotator................Success.
[12:06:54]  Connect to GS100..................Success.
[12:06:54]  TM Port 13 bind success.
[12:06:54]  BCN Port 31 bind success.
[12:06:54]  RPT Port 25 bind success.
[12:06:54]  Event Port 27 bind success.
[12:06:54]  COSMIC Beacon Port 23 bind success.
[12:06:54]  COSMIC Report Port 24 bind success.
[12:07:14]  TLE "active" Download Completed.
[12:24:23]  Start Engaging.
[12:24:23]  Start Engaging.
[12:24:23]  Tracking : Az 154, El 0.
[12:24:24]  Start Doppler Correction.
[12:24:25]  Tracking : Az 154, El 0.
[12:24:27]  Tracking : Az 154, El 0.
[12:24:29]  Tracking : Az 154, El 0.
[12:24:31]  Tracking : Az 154, El 0.
[12:24:33]  Tracking : Az 154, El 0.
[12:24:35]  Tracking : Az 154, El 0.
[12:24:37]  Tracking : Az 154, El 0.
[12:24:39]  Tracking : Az 154, El 0.
[12:29:55]  Forked Safe Amplifier Process.(ON, Timer)
[12:30:01]  Ping Failed.
[12:30:08]  Ping Failed.
[12:30:20]  Ping Failed.
[12:30:39]  Ping Success at node 5, 472ms
[12:30:41]  Ping Success at node 5, 475ms
[12:30:43]  Tracking : Az 152, El 3.
[12:30:47]  [OK]CMD Packet Header: 0x18 0x23 0xc0 0x0 0x0 0x8 0x2 0x6
[12:30:47]  Received Event from port : 27.

[12:30:52]  Received Event from port : 27.

[12:30:55]  Received Event from port : 27.

[12:31:17]  Ping Success at node 5, 476ms
[12:31:19]  [OK]CMD Packet Header: 0x18 0x0 0xc0 0x0 0x0 0x15 0x5 0x37
[12:31:23]  Tracking : Az 151, El 6.
[12:31:58]  Tracking : Az 149, El 9.
[12:32:02]  Received Event from port : 27.

[12:32:12]  Received Event from port : 27.

[12:32:15]  Received Event from port : 27.

[12:32:18]  Tracking : Az 148, El 11.
[12:32:22]  Received Event from port : 27.

[12:32:32]  Received Event from port : 27.

[12:32:37]  Tracking : Az 147, El 13.
[12:32:38]  [OK]CMD Packet Header: 0x18 0x0 0xc0 0x0 0x0 0x15 0x5 0x37
[12:32:39]  Received Event from port : 27.

[12:32:43]  Received Event from port : 27.

[12:32:53]  Received Event from port : 27.

[12:32:56]  Received Event from port : 27.

[12:33:02]  Tracking : Az 145, El 16.
[12:33:03]  Received Event from port : 27.

[12:33:13]  Received Event from port : 27.

[12:33:14]  Tracking : Az 143, El 17.
[12:33:23]  Received Event from port : 27.

[12:33:25]  Received Event from port : 27.

[12:33:27]  Received Event from port : 27.

[12:33:31]  Tracking : Az 141, El 20.
[12:33:33]  Received Event from port : 27.

[12:33:37]  Received Event from port : 27.

[12:33:43]  Received Event from port : 27.

[12:33:44]  [OK]CMD Packet Header: 0x18 0x75 0xc0 0x0 0x0 0x1 0x14 0x47
[12:33:45]  Received Report from port : 25.
[12:33:47]  Received Report from port : 25.
[12:33:49]  Received Report from port : 25.
[12:33:50]  Tracking : Az 139, El 23.
[12:33:53]  Received Event from port : 27.

[12:34:03]  Received Event from port : 27.

[12:34:04]  Tracking : Az 136, El 25.
[12:34:13]  Received Event from port : 27.

[12:34:15]  [OK]CMD Packet Header: 0x18 0x0 0xc0 0x0 0x0 0x15 0x5 0x37
[12:34:15]  Received Event from port : 27.

[12:34:16]  Tracking : Az 134, El 28.
[12:34:18]  Received Event from port : 27.

[12:34:23]  Received Event from port : 27.

[12:34:25]  Received Event from port : 27.

[12:34:27]  Received Event from port : 27.

[12:34:27]  Tracking : Az 131, El 30.
[12:34:33]  Received Event from port : 27.

[12:34:38]  Tracking : Az 128, El 32.
[12:34:43]  Received Event from port : 27.

[12:34:44]  Tracking : Az 126, El 34.
[12:34:53]  Received Event from port : 27.

[12:34:53]  Tracking : Az 123, El 36.
[12:34:59]  Received Event from port : 27.

[12:35:00]  Tracking : Az 120, El 38.
[12:35:03]  Received Event from port : 27.

[12:35:07]  Tracking : Az 117, El 39.
[12:35:13]  Received Event from port : 27.

[12:35:13]  Tracking : Az 114, El 41.
[12:35:16]  [OK]CMD Packet Header: 0x18 0x0 0xc0 0x0 0x0 0x15 0x5 0x37
[12:35:16]  Received Event from port : 27.

[12:35:19]  Tracking : Az 111, El 42.
[12:35:23]  Received Event from port : 27.

[12:35:24]  Tracking : Az 108, El 43.
[12:35:31]  Tracking : Az 103, El 45.
[12:35:33]  Received Event from port : 27.

[12:35:36]  Tracking : Az 100, El 46.
[12:35:40]  Received Event from port : 27.

[12:35:40]  Tracking : Az 97, El 47.
[12:35:43]  Received Event from port : 27.

[12:35:44]  Tracking : Az 94, El 47.
[12:35:47]  Tracking : Az 91, El 48.
[12:35:52]  Tracking : Az 87, El 48.
[12:35:53]  Received Event from port : 27.

[12:35:56]  Tracking : Az 84, El 49.
[12:35:59]  Tracking : Az 81, El 49.
[12:36:03]  Received Event from port : 27.

[12:36:03]  Tracking : Az 77, El 49.
[12:36:08]  Tracking : Az 73, El 49.
[12:36:11]  Tracking : Az 70, El 49.
[12:36:13]  Received Event from port : 27.

[12:36:14]  [OK]CMD Packet Header: 0x18 0x23 0xc0 0x0 0x0 0x5 0x4 0x9
[00:07:40]  Tracking : Az 67, El 49.
[12:36:18]  Tracking : Az 64, El 49.
[12:36:23]  Tracking : Az 60, El 48.
[12:36:27]  Tracking : Az 56, El 48.
[12:36:31]  Tracking : Az 53, El 47.
[12:36:35]  Tracking : Az 50, El 47.
[12:36:40]  Tracking : Az 46, El 46.
[12:36:40]  [OK]CMD Packet Header: 0x18 0x75 0xc0 0x0 0x0 0x1 0x17 0x44
[12:36:41]  Received Report from port : 25.
[12:36:43]  Received Report from port : 25.
[12:36:44]  Tracking : Az 43, El 45.
[12:36:45]  Received Report from port : 25.
[12:36:49]  Tracking : Az 40, El 44.
[12:36:52]  [OK]CMD Packet Header: 0x18 0x75 0xc0 0x0 0x0 0x1 0x1a 0x49
[12:36:53]  Received Report from port : 25.
[12:36:54]  Tracking : Az 37, El 43.
[12:36:55]  Received Report from port : 25.
[12:36:57]  Received Report from port : 25.
[12:36:59]  Tracking : Az 34, El 41.
[12:37:03]  [OK]CMD Packet Header: 0x18 0x75 0xc0 0x0 0x0 0x1 0x14 0x47
[12:37:04]  Received Report from port : 25.
[12:37:05]  Tracking : Az 31, El 40.
[12:37:06]  Received Report from port : 25.
[12:37:08]  Received Report from port : 25.
[12:37:11]  Tracking : Az 28, El 38.
[12:37:19]  Tracking : Az 25, El 37.
[12:37:26]  Tracking : Az 22, El 35.
[12:37:29]  [OK]CMD Packet Header: 0x18 0x75 0xc0 0x0 0x0 0x5 0x1e 0xa2
[12:37:30]  Received Report from port : 25.
[12:37:32]  Received Report from port : 25.
[12:37:34]  Received Report from port : 25.
[12:37:35]  Tracking : Az 19, El 33.
[12:37:41]  [OK]CMD Packet Header: 0x18 0x50 0xc0 0x0 0x0 0x1 0x6 0x70
[12:37:42]  Received Report from port : 25.
[12:37:44]  Received Report from port : 25.
[12:37:45]  Tracking : Az 17, El 30.
[12:37:46]  Received Report from port : 25.
[12:37:53]  AX100 Boot Count : 193
[12:37:54]  Tracking : Az 14, El 28.
[12:38:03]  Remote Param Control OK. Active Conf : 1
[12:38:08]  Tracking : Az 11, El 26.
[12:38:25]  Tracking : Az 8, El 23.
[12:38:40]  [OK]CMD Packet Header: 0x18 0x75 0xc0 0x0 0x0 0x1 0x14 0x47
[12:38:41]  Received Report from port : 25.
[12:38:43]  Received Report from port : 25.
[12:38:45]  Tracking : Az 6, El 19.
[12:38:45]  Received Report from port : 25.
[12:39:03]  Ping Success at node 5, 471ms
[12:39:05]  Tracking : Az 3, El 17.
[12:39:11]  [OK]CMD Packet Header: 0x18 0x75 0xc0 0x0 0x0 0x1 0x17 0x0
[12:39:20]  Ping Success at node 5, 464ms
[12:39:22]  Tracking : Az 2, El 14.
[12:39:24]  [OK]CMD Packet Header: 0x18 0x75 0xc0 0x0 0x0 0x1 0x17 0x44
[12:39:40]  Ping Failed.
[12:39:43]  Ping Success at node 5, 462ms
[12:39:48]  Tracking : Az 0, El 11.
[12:39:55]  Tracking : Az 359, El 11.
[12:39:57]  Tracking : Az 359, El 11.
[12:39:59]  Tracking : Az 359, El 10.
[12:40:01]  Tracking : Az 359, El 10.
[12:40:02]  Cannot Load Remote Parameter.
[12:40:03]  Tracking : Az 359, El 10.
[12:40:05]  Tracking : Az 359, El 10.
[12:40:07]  Tracking : Az 359, El 10.
[12:40:09]  Cannot Load Remote Parameter.
[12:40:09]  Tracking : Az 359, El 9.
[12:40:11]  Tracking : Az 359, El 9.
[12:40:13]  Tracking : Az 358, El 9.
[12:40:15]  Tracking : Az 358, El 9.
[12:40:17]  Tracking : Az 358, El 9.
[12:40:19]  Tracking : Az 358, El 8.
[12:40:21]  Tracking : Az 358, El 8.
[12:40:22]  Ping Failed.
[12:40:23]  Tracking : Az 358, El 8.
[12:40:25]  Tracking : Az 358, El 8.
[12:40:27]  Tracking : Az 358, El 8.
[12:40:29]  Tracking : Az 358, El 8.
[12:40:31]  Tracking : Az 357, El 7.
[12:40:33]  Tracking : Az 357, El 7.
[12:40:34]  Ping Failed.
[12:40:35]  Tracking : Az 357, El 7.
[12:40:37]  Tracking : Az 357, El 7.
[12:40:39]  Tracking : Az 357, El 7.
[12:40:41]  Tracking : Az 357, El 7.
[12:40:43]  Tracking : Az 357, El 6.
[12:40:45]  Tracking : Az 357, El 6.
[12:40:47]  Tracking : Az 357, El 6.
[12:40:49]  Tracking : Az 357, El 6.
[12:40:50]  Ping Failed.
[12:40:51]  Tracking : Az 357, El 6.
[12:40:53]  Tracking : Az 357, El 6.
[12:40:55]  Tracking : Az 356, El 5.
[12:41:04]  Ping Failed.
[12:41:30]  Ping Failed.
[12:41:35]  Tracking : Az 355, El 2.
[12:41:40]  Ping Failed.
[12:41:45]  Forked Safe Amplifier Process. (OFF)
[12:41:47]  Finish Engaging.
[12:41:47]  Beacon Success : 0, Ping Success : 6
[12:41:57]  Tracking : Az 0, El 0.
[15:34:56]  Forked Safe Amplifier Process.(ON, Timer)
[15:34:57]  Forked Safe Amplifier Process. (OFF)
[15:35:09]  Forked Safe Amplifier Process. (OFF)
