2026-07-22 17:40
[17:40:59]  Connect to Switch Box..............Failed.
[17:40:59]  Connect to Rotator.................Failed.
[17:40:59]  Connect to GS100..................Success.
[17:40:59]  BEE-1000 BCN Port 31 bind success.
[17:40:59]  Rotator Read Failed. Please Check Again.
[17:40:59]  Rotator Read Failed. Please Check Again.
[17:40:59]  BEE-1000 RPT Port 25 bind success.
[17:40:59]  BEE-1000 Event Port 27 bind success.
[17:40:59]  BEE-100 FM Port 23 bind success.
[17:40:59]  UEL-Y-Sys. BCN Port 12 bind success.
[17:40:59]  UEL-Y-Sys. RPT Port 10 bind success.
[17:40:59]  UEL-Y-Sys. Event Port 11 bind success.
[17:40:59]  UEL-Y-Sys. FM Port 14 bind success.
[17:40:59]  BEE-1012 BCN Port 17 bind success.
[17:40:59]  BEE-1012 RPT Port 15 bind success.
[17:40:59]  BEE-1012 Event Port 16 bind success.
[17:40:59]  BEE-1012 FM Port 18 bind success.
[17:40:59]  BEE-1012 AIOBC Port 29 bind success.
[17:41:38]  Rparam Load Failed.
[17:41:48]  Rparam Load Failed.
[17:41:51]  Ping Success at node 5, 453ms
[17:41:56]  Ping Success at node 11, 459ms
[17:42:01]  Rparam Load Failed.
[17:42:13]  Rparam Load Failed.
[17:42:20]  Rparam Load Failed.
[17:42:26]  Rparam Load Failed.
[17:42:30]  Rparam Load Failed.
[17:43:37]  Rparam Load OK. node=5 table=0 addr=0x0000 value=-16
[17:43:54]  Rparam Load Failed.
[17:44:55]  FTP_OLD_UPLOAD received legacy shared ftpinfo argument; pre-start pthread_create race remains until caller uses miman_ftp_create_worker_arg().
[17:44:56]  Start FTP OLD UPLOAD id=1.
[17:44:56]  [FTP_OLD_TEST][id=1][UPLOAD] begin local=file://./test.png remote=file://./cf/test.png host=10 port=9 chunk=180
[17:44:56]  Received FTP Upload Spec.
[17:44:56]  Received FTP Upload File Spec. Filesize : 3103, CRC : 230144794.
[17:45:32]  [FTP_OLD_TEST][id=1][UPLOAD][ERROR] retcode=-17
[17:45:32]  [FTP_OLD_TEST][id=1][UPLOAD] cleanup_done=1
[17:46:30]  FTP_OLD_UPLOAD received legacy shared ftpinfo argument; pre-start pthread_create race remains until caller uses miman_ftp_create_worker_arg().
[17:46:30]  Start FTP OLD UPLOAD id=2.
[17:46:30]  [FTP_OLD_TEST][id=2][UPLOAD] begin local=file://./test.png remote=file://./cf/test.png host=12 port=9 chunk=180
[17:46:30]  Received FTP Upload Spec.
[17:46:30]  Received FTP Upload File Spec. Filesize : 3103, CRC : 230144794.
[17:47:00]  [FTP_OLD_TEST][id=2][UPLOAD][ERROR] retcode=-5
[17:47:00]  [FTP_OLD_TEST][id=2][UPLOAD] cleanup_done=1
[17:48:03]  FTP_OLD_UPLOAD received legacy shared ftpinfo argument; pre-start pthread_create race remains until caller uses miman_ftp_create_worker_arg().
[17:48:03]  Start FTP OLD UPLOAD id=3.
[17:48:03]  [FTP_OLD_TEST][id=3][UPLOAD] begin local=file://./test.png remote=file://./cf/test.png host=10 port=9 chunk=180
[17:48:03]  Received FTP Upload Spec.
[17:48:03]  Received FTP Upload File Spec. Filesize : 3103, CRC : 230144794.
[17:48:39]  [FTP_OLD_TEST][id=3][UPLOAD][ERROR] retcode=-17
[17:48:39]  [FTP_OLD_TEST][id=3][UPLOAD] cleanup_done=1
[17:48:57]  FTP_OLD_UPLOAD received legacy shared ftpinfo argument; pre-start pthread_create race remains until caller uses miman_ftp_create_worker_arg().
[17:48:57]  Start FTP OLD UPLOAD id=4.
[17:48:57]  [FTP_OLD_TEST][id=4][UPLOAD] begin local=file://./test.png remote=file://./cf/test2.png host=10 port=9 chunk=180
[17:48:57]  Received FTP Upload Spec.
[17:48:57]  Received FTP Upload File Spec. Filesize : 3103, CRC : 230144794.
[17:49:01]  Received FTP Status Reply.
[17:49:01]  Start FTP Uplink. Total Chunk Size : 18
[17:49:01]  Upload : 0/18
[17:49:01]  [FTP_OLD_TEST][id=4][UPLOAD] progress 0/18 chunk=180
[17:49:03]  Upload : 1/18
[17:49:03]  [FTP_OLD_TEST][id=4][UPLOAD] progress 1/18 chunk=180
[17:49:04]  Upload : 2/18
[17:49:04]  [FTP_OLD_TEST][id=4][UPLOAD] progress 2/18 chunk=180
[17:49:06]  Upload : 3/18
[17:49:06]  [FTP_OLD_TEST][id=4][UPLOAD] progress 3/18 chunk=180
[17:49:07]  Upload : 4/18
[17:49:07]  [FTP_OLD_TEST][id=4][UPLOAD] progress 4/18 chunk=180
[17:49:09]  Upload : 5/18
[17:49:09]  [FTP_OLD_TEST][id=4][UPLOAD] progress 5/18 chunk=180
[17:49:11]  Upload : 6/18
[17:49:11]  [FTP_OLD_TEST][id=4][UPLOAD] progress 6/18 chunk=180
[17:49:12]  Upload : 7/18
[17:49:12]  [FTP_OLD_TEST][id=4][UPLOAD] progress 7/18 chunk=180
[17:49:14]  Upload : 8/18
[17:49:14]  [FTP_OLD_TEST][id=4][UPLOAD] progress 8/18 chunk=180
[17:49:15]  Upload : 9/18
[17:49:15]  [FTP_OLD_TEST][id=4][UPLOAD] progress 9/18 chunk=180
[17:49:40]  Upload : 10/18
[17:49:40]  [FTP_OLD_TEST][id=4][UPLOAD] progress 10/18 chunk=180
[17:49:42]  Upload : 11/18
[17:49:42]  [FTP_OLD_TEST][id=4][UPLOAD] progress 11/18 chunk=180
[17:49:43]  Upload : 12/18
[17:49:43]  [FTP_OLD_TEST][id=4][UPLOAD] progress 12/18 chunk=180
[17:49:45]  Upload : 13/18
[17:49:45]  [FTP_OLD_TEST][id=4][UPLOAD] progress 13/18 chunk=180
[17:49:46]  Upload : 14/18
[17:49:46]  [FTP_OLD_TEST][id=4][UPLOAD] progress 14/18 chunk=180
[17:49:48]  Upload : 15/18
[17:49:48]  [FTP_OLD_TEST][id=4][UPLOAD] progress 15/18 chunk=180
[17:49:57]  Upload : 16/18
[17:49:57]  [FTP_OLD_TEST][id=4][UPLOAD] progress 16/18 chunk=180
[17:49:59]  Upload : 17/18
[17:49:59]  [FTP_OLD_TEST][id=4][UPLOAD] progress 17/18 chunk=180
[17:50:01]  FTP Transaction Completed.
[17:50:01]  Calculate FTP CRC. Remote : 230144794, Local : 230144794.
[17:50:01]  [FTP_OLD_TEST][id=4][UPLOAD] CRC remote=230144794 local=230144794
[17:50:04]  [FTP_OLD_TEST][id=4][UPLOAD][OK] retcode=0
[17:50:04]  [FTP_OLD_TEST][id=4][UPLOAD] cleanup_done=1
[17:50:18]  FTP_OLD_UPLOAD received legacy shared ftpinfo argument; pre-start pthread_create race remains until caller uses miman_ftp_create_worker_arg().
[17:50:18]  Start FTP OLD UPLOAD id=5.
[17:50:18]  [FTP_OLD_TEST][id=5][UPLOAD] begin local=file://./test.png remote=file:///home/bee/data/test2.png host=11 port=9 chunk=180
[17:50:18]  Received FTP Upload Spec.
[17:50:18]  Received FTP Upload File Spec. Filesize : 3103, CRC : 230144794.
[17:50:22]  Received FTP Status Reply.
[17:50:22]  Start FTP Uplink. Total Chunk Size : 18
[17:50:22]  Upload : 0/18
[17:50:22]  [FTP_OLD_TEST][id=5][UPLOAD] progress 0/18 chunk=180
[17:50:24]  Upload : 1/18
[17:50:24]  [FTP_OLD_TEST][id=5][UPLOAD] progress 1/18 chunk=180
[17:50:26]  Upload : 2/18
[17:50:26]  [FTP_OLD_TEST][id=5][UPLOAD] progress 2/18 chunk=180
[17:50:27]  Upload : 3/18
[17:50:27]  [FTP_OLD_TEST][id=5][UPLOAD] progress 3/18 chunk=180
[17:50:29]  Upload : 4/18
[17:50:29]  [FTP_OLD_TEST][id=5][UPLOAD] progress 4/18 chunk=180
[17:50:30]  Upload : 5/18
[17:50:30]  [FTP_OLD_TEST][id=5][UPLOAD] progress 5/18 chunk=180
[17:50:32]  Upload : 6/18
[17:50:32]  [FTP_OLD_TEST][id=5][UPLOAD] progress 6/18 chunk=180
[17:50:33]  Upload : 7/18
[17:50:33]  [FTP_OLD_TEST][id=5][UPLOAD] progress 7/18 chunk=180
[17:50:35]  Upload : 8/18
[17:50:35]  [FTP_OLD_TEST][id=5][UPLOAD] progress 8/18 chunk=180
[17:50:36]  Upload : 9/18
[17:50:36]  [FTP_OLD_TEST][id=5][UPLOAD] progress 9/18 chunk=180
[17:50:38]  Upload : 10/18
[17:50:38]  [FTP_OLD_TEST][id=5][UPLOAD] progress 10/18 chunk=180
[17:50:39]  Upload : 11/18
[17:50:39]  [FTP_OLD_TEST][id=5][UPLOAD] progress 11/18 chunk=180
[17:50:41]  Upload : 12/18
[17:50:41]  [FTP_OLD_TEST][id=5][UPLOAD] progress 12/18 chunk=180
[17:50:43]  Upload : 13/18
[17:50:43]  [FTP_OLD_TEST][id=5][UPLOAD] progress 13/18 chunk=180
[17:50:44]  Upload : 14/18
[17:50:44]  [FTP_OLD_TEST][id=5][UPLOAD] progress 14/18 chunk=180
[17:50:46]  Upload : 15/18
[17:50:46]  [FTP_OLD_TEST][id=5][UPLOAD] progress 15/18 chunk=180
[17:50:47]  Upload : 16/18
[17:50:47]  [FTP_OLD_TEST][id=5][UPLOAD] progress 16/18 chunk=180
[17:50:49]  Upload : 17/18
[17:50:49]  [FTP_OLD_TEST][id=5][UPLOAD] progress 17/18 chunk=180
[17:50:51]  FTP Transaction Completed.
[17:50:51]  Calculate FTP CRC. Remote : 230144794, Local : 230144794.
[17:50:51]  [FTP_OLD_TEST][id=5][UPLOAD] CRC remote=230144794 local=230144794
[17:50:54]  [FTP_OLD_TEST][id=5][UPLOAD][OK] retcode=0
[17:50:54]  [FTP_OLD_TEST][id=5][UPLOAD] cleanup_done=1
[17:52:03]  Ping Success at node 10, 461ms
[17:52:22]  [OK]CMD Packet Header: 0x18 0x23 0xc0 0x0 0x0 0x1 0x6 0x3
[17:58:13]  [OK]CMD Packet Header: 0x18 0x50 0xc0 0x0 0x0 0x1 0x0 0x76
[17:58:15]  [OK]CMD Packet Header: 0x18 0x50 0xc0 0x0 0x0 0x1 0x0 0x76
[17:59:17]  [OK]CMD Packet Header: 0x18 0x30 0xc0 0x0 0x0 0x1 0x0 0x16
