2026-01-11 02:00
[02:00:44]  Connect to Switch Box.............Success.
[02:00:44]  Connect to Rotator................Success.
[02:00:44]  Connect to GS100..................Success.
[02:00:44]  TM Port 13 bind success.
[02:00:44]  BCN Port 31 bind success.
[02:00:44]  RPT Port 25 bind success.
[02:00:44]  Event Port 27 bind success.
[02:00:44]  COSMIC Beacon Port 23 bind success.
[02:00:44]  COSMIC Report Port 24 bind success.
[02:03:29]  TLE "cubesat" Download Completed.
[02:11:25]  Forked Safe Amplifier Process.(ON, Timer)
[02:11:28]  [OK]CMD Packet Header: 0x18 0x0 0xc0 0x0 0x0 0x55 0x7 0x7d
[02:37:28]  Start Engaging.
[02:37:28]  Tracking : Az 345, El 0.
[02:37:29]  Start Doppler Correction.
[02:37:30]  Tracking : Az 345, El 0.
[02:37:32]  Tracking : Az 345, El 0.
[02:37:34]  Tracking : Az 345, El 0.
[02:37:36]  Tracking : Az 345, El 0.
[02:37:38]  Tracking : Az 345, El 0.
[02:37:40]  Tracking : Az 345, El 0.
[02:37:42]  Tracking : Az 345, El 0.
[02:37:44]  Tracking : Az 345, El 0.
[02:37:46]  Tracking : Az 345, El 0.
[02:37:48]  Tracking : Az 345, El 0.
[02:37:50]  Tracking : Az 345, El 0.
[02:37:52]  Tracking : Az 345, El 0.
[02:37:54]  Tracking : Az 345, El 0.
[02:37:56]  Tracking : Az 345, El 0.
[02:37:58]  Tracking : Az 345, El 0.
[02:38:00]  Tracking : Az 345, El 0.
[02:38:02]  Tracking : Az 345, El 0.
[02:38:04]  Tracking : Az 345, El 0.
[02:38:06]  Tracking : Az 345, El 0.
[02:38:08]  Tracking : Az 345, El 0.
[02:38:10]  Tracking : Az 345, El 0.
[02:38:12]  Tracking : Az 345, El 0.
[02:38:14]  Tracking : Az 345, El 0.
[02:38:16]  Tracking : Az 345, El 0.
[02:38:18]  Tracking : Az 345, El 0.
[02:38:20]  Tracking : Az 345, El 0.
[02:38:22]  Tracking : Az 345, El 0.
[02:38:24]  Tracking : Az 345, El 0.
[02:38:26]  Tracking : Az 345, El 0.
[02:38:28]  Tracking : Az 345, El 0.
[03:02:23]  Forked Safe Amplifier Process.(ON, Timer)
[03:02:29]  Ping Failed.
[03:03:12]  Ping Failed.
[03:03:35]  Tracking : Az 341, El 1.
[03:03:40]  Ping Failed.
[03:04:00]  Tracking : Az 338, El 2.
[03:04:03]  Ping Failed.
[03:04:15]  Ping Failed.
[03:04:22]  Tracking : Az 335, El 3.
[03:04:27]  Ping Failed.
[03:04:37]  Ping Failed.
[03:04:43]  Tracking : Az 332, El 4.
[03:04:45]  Tracking : Az 332, El 4.
[03:04:49]  Ping Failed.
[03:05:02]  Tracking : Az 329, El 5.
[03:05:03]  Ping Success at node 5, 472ms
[03:05:04]  Tracking : Az 329, El 5.
[03:05:08]  Ping Success at node 5, 467ms
[03:05:11]  AX100 Boot Count : 189
[03:05:13]  [OK]CMD Packet Header: 0x18 0x0 0xc0 0x0 0x0 0x55 0x7 0x7d
[03:05:20]  Tracking : Az 326, El 6.
[03:05:22]  Tracking : Az 326, El 6.
[03:05:26]  [OK]CMD Packet Header: 0x18 0x75 0xc0 0x0 0x0 0x1 0x14 0x47
[03:05:27]  Received Report from port : 25.
[03:05:29]  Received Report from port : 25.
[03:05:31]  Received Report from port : 25.
[03:05:37]  Tracking : Az 323, El 6.
[03:05:39]  Tracking : Az 323, El 6.
[03:05:49]  [OK]CMD Packet Header: 0x18 0x20 0xc0 0x0 0x0 0x5 0x7 0x6
[03:05:53]  Tracking : Az 320, El 7.
[03:06:09]  Tracking : Az 317, El 8.
[03:06:11]  Tracking : Az 317, El 8.
[03:06:13]  [OK]CMD Packet Header: 0x18 0x75 0xc0 0x0 0x0 0x5 0x1e 0xa2
[03:06:24]  Tracking : Az 314, El 8.
[03:06:26]  Tracking : Az 314, El 8.
[03:06:27]  Ping Failed.
[03:06:37]  Ping Failed.
[03:06:38]  Tracking : Az 311, El 8.
[03:06:40]  Tracking : Az 311, El 8.
[03:06:46]  Ping Failed.
[03:06:52]  Tracking : Az 308, El 9.
[03:06:54]  Tracking : Az 308, El 9.
[03:06:56]  Ping Failed.
[03:07:05]  Tracking : Az 305, El 9.
[03:07:07]  Tracking : Az 305, El 9.
[03:07:13]  Ping Failed.
[03:07:18]  Tracking : Az 302, El 9.
[03:07:20]  Tracking : Az 302, El 9.
[03:07:30]  Ping Failed.
[03:07:32]  Tracking : Az 299, El 9.
[03:07:42]  Ping Failed.
[03:07:45]  Tracking : Az 296, El 9.
[03:07:47]  Tracking : Az 296, El 9.
[03:07:51]  Received Beacon from port : 31.

[03:07:58]  Tracking : Az 293, El 9.
[03:08:09]  Ping Success at node 5, 473ms
[03:08:11]  Tracking : Az 290, El 9.
[03:08:11]  Received Beacon from port : 31.

[03:08:13]  Tracking : Az 290, El 9.
[03:08:21]  Received Beacon from port : 31.

[03:08:24]  Tracking : Az 287, El 9.
[03:08:31]  Received Beacon from port : 31.

[03:08:37]  Tracking : Az 284, El 9.
[03:08:41]  Received Beacon from port : 31.

[03:08:51]  Tracking : Az 281, El 8.
[03:08:51]  Received Beacon from port : 31.

[03:08:53]  Tracking : Az 281, El 8.
[03:09:01]  Received Beacon from port : 31.

[03:09:05]  Tracking : Az 278, El 8.
[03:09:07]  Tracking : Az 278, El 8.
[03:09:19]  Tracking : Az 275, El 8.
[03:09:21]  Received Beacon from port : 31.

[03:09:22]  [OK]CMD Packet Header: 0x18 0x20 0xc0 0x0 0x0 0x5 0x6 0x7
[03:09:30]  Ping Failed.
[03:09:34]  Tracking : Az 272, El 7.
[03:09:36]  Tracking : Az 272, El 7.
[03:09:39]  Ping Success at node 5, 466ms
[03:09:50]  Tracking : Az 269, El 7.
[03:09:52]  [OK]CMD Packet Header: 0x18 0x50 0xc0 0x0 0x0 0x1 0x6 0x70
[03:09:53]  Received Report from port : 25.
[03:09:55]  Received Report from port : 25.
[03:09:57]  Received Report from port : 25.
[03:10:04]  [OK]CMD Packet Header: 0x18 0x75 0xc0 0x0 0x0 0x1 0x14 0x47
[03:10:05]  Received Report from port : 25.
[03:10:06]  Tracking : Az 266, El 6.
[03:10:07]  Received Report from port : 25.
[03:10:08]  Tracking : Az 266, El 6.
[03:10:09]  Received Report from port : 25.
[03:10:23]  Tracking : Az 263, El 5.
[03:10:25]  Tracking : Az 263, El 5.
[03:10:42]  Tracking : Az 260, El 4.
[03:10:44]  Tracking : Az 260, El 4.
[03:11:01]  Tracking : Az 257, El 4.
[03:11:16]  Ping Success at node 5, 475ms
[03:11:19]  AX100 Boot Count : 189
[03:11:22]  Forked Safe Amplifier Process. (OFF)
[03:11:24]  Finish Engaging.
[03:11:24]  Beacon Success : 8, Ping Success : 5
[03:11:24]  Tracking : Az 0, El 0.
