2026-02-04 01:46
[01:46:17]  Connect to Switch Box.............Success.
[01:46:17]  Connect to Rotator................Success.
[01:46:17]  Connect to GS100..................Success.
[01:46:17]  TM Port 13 bind success.
[01:46:17]  BCN Port 31 bind success.
[01:46:17]  RPT Port 25 bind success.
[01:46:17]  Event Port 27 bind success.
[01:46:17]  COSMIC Beacon Port 23 bind success.
[01:46:17]  COSMIC Report Port 24 bind success.
[01:46:21]  TLE "cubesat" Download Completed.
[01:46:30]  Start Engaging.
[01:46:30]  Tracking : Az 4, El 45.
[01:46:31]  Start Doppler Correction.
[01:46:32]  Tracking : Az 4, El 46.
[01:46:32]  Forked Safe Amplifier Process.(ON, Timer)
[01:46:34]  Ping Success at node 5, 465ms
[01:46:34]  Tracking : Az 4, El 47.
[01:46:41]  Tracking : Az 3, El 50.
[01:46:43]  Tracking : Az 3, El 51.
[01:46:49]  Tracking : Az 2, El 54.
[01:46:51]  Tracking : Az 1, El 55.
[01:46:57]  Tracking : Az 0, El 58.
[01:46:59]  Tracking : Az 359, El 59.
[01:47:01]  Tracking : Az 358, El 60.
[01:47:03]  Tracking : Az 358, El 61.
[01:47:05]  Tracking : Az 357, El 62.
[01:47:07]  Tracking : Az 356, El 64.
[01:47:09]  Tracking : Az 355, El 65.
[01:47:11]  Tracking : Az 354, El 66.
[01:47:13]  Tracking : Az 353, El 67.
[01:47:15]  Tracking : Az 352, El 68.
[01:47:17]  Tracking : Az 350, El 70.
[01:47:19]  Tracking : Az 349, El 71.
[01:47:21]  Tracking : Az 347, El 72.
[01:47:23]  Tracking : Az 345, El 73.
[01:47:25]  Tracking : Az 342, El 75.
[01:47:27]  Tracking : Az 339, El 76.
[01:47:28]  [OK]CMD Packet Header: 0x18 0x23 0xc0 0x0 0x0 0x8 0x2 0x6
[01:47:28]  Received Event from port : 27.

[01:47:29]  Tracking : Az 335, El 77.
[01:47:31]  Tracking : Az 331, El 78.
[01:47:33]  Tracking : Az 325, El 79.
[01:47:34]  Received Event from port : 27.

[01:47:35]  Tracking : Az 319, El 80.
[01:47:37]  Tracking : Az 311, El 81.
[01:47:39]  Tracking : Az 302, El 80.
[01:47:41]  Tracking : Az 276, El 82.
[01:47:43]  Tracking : Az 281, El 82.
[01:47:45]  Received Event from port : 27.

[01:47:45]  Tracking : Az 270, El 80.
[01:47:47]  Tracking : Az 248, El 80.
[01:47:49]  Tracking : Az 241, El 79.
[01:47:51]  Tracking : Az 244, El 80.
[01:47:53]  Tracking : Az 238, El 79.
[01:47:55]  Received Event from port : 27.

[01:47:55]  Tracking : Az 233, El 78.
[01:47:57]  Tracking : Az 229, El 77.
[01:47:59]  Tracking : Az 226, El 75.
[01:48:01]  Tracking : Az 223, El 74.
[01:48:03]  Tracking : Az 220, El 73.
[01:48:05]  Received Event from port : 27.

[01:48:05]  Tracking : Az 218, El 72.
[01:48:07]  [OK]CMD Packet Header: 0x18 0x0 0xc0 0x0 0x0 0x15 0x5 0x37
[01:48:08]  Received Event from port : 27.

[01:48:10]  Tracking : Az 214, El 69.
[01:48:12]  Tracking : Az 213, El 67.
[01:48:15]  Received Event from port : 27.

[01:48:16]  Tracking : Az 210, El 65.
[01:48:17]  Received Event from port : 27.

[01:48:19]  Tracking : Az 209, El 63.
[01:48:21]  [OK]CMD Packet Header: 0x18 0x0 0xc0 0x0 0x0 0x15 0x5 0x37
[01:48:24]  Tracking : Az 207, El 60.
[01:48:25]  Received Event from port : 27.

[01:48:26]  Tracking : Az 207, El 59.
[01:48:33]  Tracking : Az 205, El 55.
[01:48:35]  Received Event from port : 27.

[01:48:35]  Tracking : Az 204, El 54.
[01:48:36]  [OK]CMD Packet Header: 0x18 0x0 0xc0 0x0 0x0 0x15 0x5 0x37
[01:48:37]  Received Event from port : 27.

[01:48:43]  Tracking : Az 203, El 50.
[01:48:45]  Received Event from port : 27.

[01:48:45]  Tracking : Az 202, El 49.
[01:48:50]  Received Event from port : 27.

[01:48:52]  Received Event from port : 27.

[01:48:53]  [OK]CMD Packet Header: 0x18 0x0 0xc0 0x0 0x0 0x15 0x5 0x37
[01:48:54]  Tracking : Az 201, El 45.
[01:48:55]  Received Event from port : 27.

[01:48:56]  Tracking : Az 201, El 45.
[01:48:57]  Received Event from port : 27.

[01:49:02]  [OK]CMD Packet Header: 0x18 0x0 0xc0 0x0 0x0 0x15 0x5 0x37
[01:49:02]  Tracking : Az 201, El 42.
[01:49:02]  Received Event from port : 27.

[01:49:04]  Tracking : Az 200, El 41.
[01:49:05]  Received Event from port : 27.

[01:49:15]  Received Event from port : 27.

[01:49:16]  Tracking : Az 199, El 37.
[01:49:18]  [OK]CMD Packet Header: 0x18 0x0 0xc0 0x0 0x0 0x15 0x5 0x37
[01:49:19]  Received Event from port : 27.

[01:49:19]  Tracking : Az 199, El 36.
[01:49:28]  [OK]CMD Packet Header: 0x18 0x0 0xc0 0x0 0x0 0x15 0x5 0x37
[01:49:29]  Tracking : Az 199, El 33.
[01:49:39]  Tracking : Az 198, El 30.
[01:49:40]  [OK]CMD Packet Header: 0x18 0x0 0xc0 0x0 0x0 0x15 0x5 0x37
[01:49:55]  Ping Failed.
[01:49:56]  Tracking : Az 198, El 26.
[01:50:04]  Ping Failed.
[01:50:15]  Ping Failed.
[01:50:16]  Tracking : Az 197, El 22.
[01:50:20]  Forked Safe Amplifier Process. (OFF)
