2025-12-24 12:08
[12:08:53]  Connect to Switch Box.............Success.
[12:08:53]  Connect to Rotator................Success.
[12:08:53]  Connect to GS100..................Success.
[12:08:53]  TM Port 13 bind success.
[12:08:53]  BCN Port 31 bind success.
[12:08:53]  RPT Port 25 bind success.
[12:08:53]  Event Port 27 bind success.
[12:08:53]  COSMIC Beacon Port 23 bind success.
[12:08:53]  COSMIC Report Port 24 bind success.
[12:09:17]  TLE "cubesat" Download Completed.
[12:09:24]  Start Engaging.
[12:09:24]  Tracking : Az 150, El 0.
[12:09:25]  Start Doppler Correction.
[12:09:26]  Tracking : Az 150, El 0.
[12:09:28]  Tracking : Az 150, El 0.
[12:09:30]  Tracking : Az 150, El 0.
[12:09:32]  Tracking : Az 150, El 0.
[12:09:34]  Tracking : Az 150, El 0.
[12:09:36]  Tracking : Az 150, El 0.
[12:09:38]  Tracking : Az 150, El 0.
[12:09:40]  Tracking : Az 150, El 0.
[12:09:42]  Tracking : Az 150, El 0.
[12:09:44]  Tracking : Az 150, El 0.
[12:09:46]  Tracking : Az 150, El 0.
[12:09:48]  Tracking : Az 150, El 0.
[12:23:59]  Forked Safe Amplifier Process.(ON, Timer)
[12:24:35]  Ping Success at node 5, 478ms
[12:24:35]  Tracking : Az 148, El 3.
[12:24:40]  Ping Failed.
[12:24:43]  Ping Success at node 5, 470ms
[12:24:44]  Ping Success at node 5, 474ms
[12:24:48]  Ping Failed.
[12:24:50]  Cannot Load Remote Parameter.
[12:24:55]  Cannot Load Remote Parameter.
[12:24:57]  AX100 Boot Count : 22226
[12:25:00]  Ping Success at node 3, 481ms
[12:25:04]  Tracking : Az 146, El 5.
[12:25:10]  [OK]CMD Packet Header: 0x18 0x23 0xc0 0x0 0x0 0x1 0x1b 0x1e
[12:25:10]  [OK]CMD Packet Header: 0x18 0x23 0xc0 0x0 0x0 0x8 0x2 0x18
[12:25:11]  [OK]CMD Packet Header: 0x18 0x19 0xc0 0x0 0x0 0x5 0x0 0x29
[12:25:25]  [OK]CMD Packet Header: 0x18 0x23 0xc0 0x0 0x0 0x1 0x1b 0x1e
[12:25:25]  [OK]CMD Packet Header: 0x18 0x23 0xc0 0x0 0x0 0x8 0x2 0x18
[12:25:25]  [OK]CMD Packet Header: 0x18 0x19 0xc0 0x0 0x0 0x5 0x0 0x29
[12:25:28]  Tracking : Az 145, El 7.
[12:25:39]  [OK]CMD Packet Header: 0x18 0x23 0xc0 0x0 0x0 0x1 0x1b 0x1e
[12:25:39]  [OK]CMD Packet Header: 0x18 0x23 0xc0 0x0 0x0 0x8 0x2 0x18
[12:25:40]  [OK]CMD Packet Header: 0x18 0x19 0xc0 0x0 0x0 0x5 0x0 0x29
[12:25:51]  Tracking : Az 144, El 9.
[12:26:11]  [OK]CMD Packet Header: 0x18 0x23 0xc0 0x0 0x0 0x1 0x1b 0x1e
[12:26:11]  [OK]CMD Packet Header: 0x18 0x23 0xc0 0x0 0x0 0x8 0x2 0x18
[12:26:11]  [OK]CMD Packet Header: 0x18 0x19 0xc0 0x0 0x0 0x5 0x0 0x29
[12:26:13]  Tracking : Az 142, El 11.
[12:26:21]  [OK]CMD Packet Header: 0x18 0x23 0xc0 0x0 0x0 0x1 0x1b 0x1e
[12:26:21]  [OK]CMD Packet Header: 0x18 0x23 0xc0 0x0 0x0 0x8 0x2 0x18
[12:26:22]  [OK]CMD Packet Header: 0x18 0x19 0xc0 0x0 0x0 0x5 0x0 0x29
[12:26:30]  [OK]CMD Packet Header: 0x18 0x23 0xc0 0x0 0x0 0x1 0x1b 0x1e
[12:26:30]  [OK]CMD Packet Header: 0x18 0x23 0xc0 0x0 0x0 0x8 0x2 0x18
[12:26:30]  [OK]CMD Packet Header: 0x18 0x19 0xc0 0x0 0x0 0x5 0x0 0x29
[12:26:32]  Tracking : Az 140, El 13.
[12:26:35]  !!!!!!!!!Received COSMIC Beacon from port : 23.!!!!!!!!!

[12:26:35]  !!!!!!!!!Received COSMIC Report from port : 23.!!!!!!!!!

[12:26:35]  Received Report from port : 23.
[12:26:39]  !!!!!!!!!Received COSMIC Beacon from port : 23.!!!!!!!!!

[12:26:39]  !!!!!!!!!Received COSMIC Report from port : 23.!!!!!!!!!

[12:26:39]  Received Report from port : 23.
[12:26:41]  !!!!!!!!!Received COSMIC Beacon from port : 23.!!!!!!!!!

[12:26:41]  !!!!!!!!!Received COSMIC Report from port : 23.!!!!!!!!!

[12:26:41]  Received Report from port : 23.
[12:26:59]  Tracking : Az 137, El 16.
[12:27:08]  [OK]CMD Packet Header: 0x18 0x23 0xc0 0x0 0x0 0x1 0x1b 0x1e
[12:27:08]  [OK]CMD Packet Header: 0x18 0x23 0xc0 0x0 0x0 0x8 0x2 0x18
[12:27:09]  [OK]CMD Packet Header: 0x18 0x19 0xc0 0x0 0x0 0x5 0x0 0x29
[12:27:09]  !!!!!!!!!Received COSMIC Beacon from port : 23.!!!!!!!!!

[12:27:09]  !!!!!!!!!Received COSMIC Report from port : 23.!!!!!!!!!

[12:27:09]  Received Report from port : 23.
[12:27:16]  [OK]CMD Packet Header: 0x18 0x71 0xc0 0x0 0x0 0x1 0x1e 0x49
[12:27:20]  Tracking : Az 134, El 18.
[12:27:30]  [OK]CMD Packet Header: 0x18 0x71 0xc0 0x0 0x0 0x1 0x1e 0x49
[12:27:36]  Tracking : Az 132, El 21.
[12:27:40]  [OK]CMD Packet Header: 0x18 0x71 0xc0 0x0 0x0 0x1 0x1e 0x49
[12:27:49]  [OK]CMD Packet Header: 0x18 0x71 0xc0 0x0 0x0 0x1 0x1e 0x49
[12:27:49]  Tracking : Az 129, El 23.
[12:28:01]  [OK]CMD Packet Header: 0x18 0x71 0xc0 0x0 0x0 0x1 0x1e 0x49
[12:28:03]  Tracking : Az 126, El 25.
[12:28:10]  [OK]CMD Packet Header: 0x18 0x71 0xc0 0x0 0x0 0x1 0x1e 0x49
[12:28:15]  Tracking : Az 123, El 27.
[12:28:17]  [OK]CMD Packet Header: 0x18 0x23 0xc0 0x0 0x0 0x1 0x1b 0x1e
[12:28:17]  [OK]CMD Packet Header: 0x18 0x23 0xc0 0x0 0x0 0x8 0x2 0x18
[12:28:18]  [OK]CMD Packet Header: 0x18 0x19 0xc0 0x0 0x0 0x5 0x0 0x29
[12:28:19]  !!!!!!!!!Received COSMIC Beacon from port : 23.!!!!!!!!!

[12:28:19]  !!!!!!!!!Received COSMIC Report from port : 23.!!!!!!!!!

[12:28:19]  Received Report from port : 23.
[12:28:24]  [OK]CMD Packet Header: 0x18 0x71 0xc0 0x0 0x0 0x1 0x1e 0x49
[12:28:25]  !!!!!!!!!Received COSMIC Report from port : 24.!!!!!!!!!

[12:28:25]  Received Report from port : 24.
[12:28:25]  !!!!!!!!!Received COSMIC Report from port : 24.!!!!!!!!!

[12:28:25]  Received Report from port : 24.
[12:28:25]  Tracking : Az 120, El 29.
[12:28:25]  !!!!!!!!!Received COSMIC Report from port : 24.!!!!!!!!!

[12:28:25]  Received Report from port : 24.
[12:28:28]  [OK]CMD Packet Header: 0x18 0x71 0xc0 0x0 0x0 0x1 0x1e 0x49
[12:28:29]  !!!!!!!!!Received COSMIC Report from port : 24.!!!!!!!!!

[12:28:29]  Received Report from port : 24.
[12:28:29]  !!!!!!!!!Received COSMIC Report from port : 24.!!!!!!!!!

[12:28:29]  Received Report from port : 24.
[12:28:29]  !!!!!!!!!Received COSMIC Report from port : 24.!!!!!!!!!

[12:28:29]  Received Report from port : 24.
[12:28:35]  Tracking : Az 117, El 30.
[12:28:43]  Tracking : Az 114, El 32.
[12:28:49]  [OK]CMD Packet Header: 0x18 0x71 0xc0 0x0 0x0 0x1 0x1e 0x49
[12:28:51]  Tracking : Az 111, El 33.
[12:28:57]  [OK]CMD Packet Header: 0x18 0x71 0xc0 0x0 0x0 0x1 0x1e 0x49
[12:28:58]  Tracking : Az 108, El 35.
[12:29:04]  Tracking : Az 105, El 36.
[12:29:09]  [OK]CMD Packet Header: 0x18 0x71 0xc0 0x0 0x0 0x1 0x1e 0x49
[12:29:10]  Tracking : Az 102, El 37.
[12:29:16]  Tracking : Az 99, El 37.
[12:29:18]  [OK]CMD Packet Header: 0x18 0x71 0xc0 0x0 0x0 0x1 0x1e 0x49
[12:29:22]  Tracking : Az 96, El 38.
[12:29:27]  [OK]CMD Packet Header: 0x18 0x71 0xc0 0x0 0x0 0x1 0x1e 0x49
[12:29:28]  Tracking : Az 92, El 39.
[12:29:33]  Tracking : Az 89, El 40.
[12:29:38]  [OK]CMD Packet Header: 0x18 0x71 0xc0 0x0 0x0 0x1 0x1e 0x49
[12:29:38]  Tracking : Az 86, El 40.
[12:29:43]  Tracking : Az 83, El 41.
[12:29:47]  [OK]CMD Packet Header: 0x18 0x71 0xc0 0x0 0x0 0x1 0x1e 0x49
[12:29:47]  Tracking : Az 80, El 41.
[12:29:53]  Tracking : Az 76, El 41.
[12:29:59]  Tracking : Az 72, El 41.
[12:30:01]  [OK]CMD Packet Header: 0x18 0x71 0xc0 0x0 0x0 0x1 0x1e 0x49
[12:30:05]  Tracking : Az 68, El 41.
[12:30:11]  Tracking : Az 64, El 41.
[12:30:17]  Tracking : Az 60, El 40.
[12:30:20]  [OK]CMD Packet Header: 0x18 0x71 0xc0 0x0 0x0 0x1 0x1e 0x49
[12:30:22]  Tracking : Az 57, El 40.
[12:30:27]  Tracking : Az 54, El 39.
[12:30:32]  Tracking : Az 51, El 39.
[12:30:37]  Tracking : Az 48, El 38.
[12:30:38]  [OK]CMD Packet Header: 0x18 0x71 0xc0 0x0 0x0 0x1 0x1e 0x49
[12:30:43]  Tracking : Az 45, El 37.
[12:30:43]  [OK]CMD Packet Header: 0x18 0x23 0xc0 0x0 0x0 0x1 0x1b 0x1e
[12:30:44]  [OK]CMD Packet Header: 0x18 0x23 0xc0 0x0 0x0 0x8 0x2 0x18
[12:30:44]  [OK]CMD Packet Header: 0x18 0x19 0xc0 0x0 0x0 0x5 0x0 0x29
[12:30:45]  !!!!!!!!!Received COSMIC Beacon from port : 23.!!!!!!!!!

[12:30:45]  !!!!!!!!!Received COSMIC Report from port : 23.!!!!!!!!!

[12:30:45]  Received Report from port : 23.
[12:30:49]  Tracking : Az 42, El 36.
[12:30:52]  [OK]CMD Packet Header: 0x18 0x23 0xc0 0x0 0x0 0x1 0x1b 0x1e
[12:30:52]  [OK]CMD Packet Header: 0x18 0x23 0xc0 0x0 0x0 0x8 0x2 0x18
[12:30:52]  [OK]CMD Packet Header: 0x18 0x19 0xc0 0x0 0x0 0x5 0x0 0x29
[12:30:53]  !!!!!!!!!Received COSMIC Beacon from port : 23.!!!!!!!!!

