2026-07-03 16:45
[16:45:55]  Connect to Switch Box..............Failed.
[16:45:55]  Connect to Rotator.................Failed.
[16:45:55]  Connect to GS100..................Success.
[16:45:55]  Rotator Read Failed. Please Check Again.
[16:45:55]  BEE-1000 BCN Port 31 bind success.
[16:45:55]  BEE-1000 RPT Port 25 bind success.
[16:45:55]  BEE-1000 Event Port 27 bind success.
[16:45:55]  BEE-100 FM Port 23 bind success.
[16:45:55]  UEL-Y-Sys. BCN Port 12 bind success.
[16:45:55]  UEL-Y-Sys. RPT Port 10 bind success.
[16:45:55]  UEL-Y-Sys. Event Port 11 bind success.
[16:45:55]  UEL-Y-Sys. FM Port 14 bind success.
[16:45:55]  BEE-1012 BCN Port 17 bind success.
[16:45:55]  BEE-1012 RPT Port 15 bind success.
[16:45:55]  BEE-1012 Event Port 16 bind success.
[16:45:55]  BEE-1012 FM Port 18 bind success.
[16:45:55]  BEE-1012 AIOBC Port 29 bind success.
[16:45:59]  Cannot Read 20 parameters of Table 0.
[16:46:02]  Cannot Read 13 parameters of Table 1.
[16:46:06]  Cannot Read 18 parameters of Table 5.
