2026-06-11 02:46
[02:46:30]  Connect to Switch Box..............Failed.
[02:46:30]  Connect to Rotator.................Failed.
[02:46:30]  Connect to GS100..................Success.
[02:46:30]  BEE-1000 BCN Port 31 bind success.
[02:46:30]  BEE-1000 RPT Port 25 bind success.
[02:46:30]  BEE-1000 Event Port 27 bind success.
[02:46:30]  Rotator Read Failed. Please Check Again.
[02:46:30]  BEE-100 FM Port 23 bind success.
[02:46:30]  UEL-Y-Sys. BCN Port 12 bind success.
[02:46:30]  UEL-Y-Sys. RPT Port 10 bind success.
[02:46:30]  UEL-Y-Sys. Event Port 11 bind success.
[02:46:30]  UEL-Y-Sys. FM Port 14 bind success.
[02:46:30]  BEE-1012 BCN Port 17 bind success.
[02:46:30]  BEE-1012 RPT Port 15 bind success.
[02:46:30]  BEE-1012 Event Port 16 bind success.
[02:46:30]  BEE-1012 FM Port 18 bind success.
[02:46:30]  Received BEE1012 Beacon from port : 17.
[02:46:36]  Received UELYSYS Beacon from port : 12.
[02:46:38]  Received BEE1012 Beacon from port : 17.
[02:46:49]  Received Report from port : 15.
[02:46:49]  Received Report from port : 15.
[02:46:49]  Received Report from port : 15.
[02:46:57]  Changing GS HMAC Key for BEE1012...
[02:46:57]   Satellite Switched to: BEE1012 (TX HMAC enabled)
[02:47:00]  Ping Success at node 5, 464ms
[02:47:03]  Received BEE1012 Beacon from port : 17.
[02:47:06]  Received UELYSYS Beacon from port : 12.
[02:47:09]  Received BEE1012 Beacon from port : 17.
[02:47:19]  Received BEE1012 Beacon from port : 17.
[02:47:21]  Received Report from port : 15.
[02:47:21]  Received Report from port : 15.
[02:47:21]  Received Report from port : 15.
[02:47:36]  Received UELYSYS Beacon from port : 12.
[02:47:43]  Received BEE1012 Beacon from port : 17.
[02:47:49]  Received BEE1012 Beacon from port : 17.
[02:47:51]  Received Report from port : 15.
[02:47:51]  Received Report from port : 15.
[02:47:51]  Received Report from port : 15.
[02:47:59]  Received BEE1012 Beacon from port : 17.
[02:48:03]  Changing GS HMAC Key for UELYSYS...
[02:48:03]   Satellite Switched to: UELYSYS (TX HMAC enabled)
[02:48:06]  Received UELYSYS Beacon from port : 12.
[02:48:19]  Received Report from port : 15.
[02:48:19]  Received Report from port : 15.
[02:48:19]  Received Report from port : 15.
[02:48:23]  Received BEE1012 Beacon from port : 17.
[02:48:29]  Received BEE1012 Beacon from port : 17.
[02:48:36]  Received UELYSYS Beacon from port : 12.
[02:48:39]  Received BEE1012 Beacon from port : 17.
[02:48:49]  Received Report from port : 15.
[02:48:49]  Received Report from port : 15.
[02:48:49]  Received Report from port : 15.
[02:49:03]  Received BEE1012 Beacon from port : 17.
[02:49:06]  Received UELYSYS Beacon from port : 12.
[02:49:09]  Received BEE1012 Beacon from port : 17.
[02:49:19]  Received BEE1012 Beacon from port : 17.
[02:49:21]  Received Report from port : 15.
[02:49:21]  Received Report from port : 15.
[02:49:21]  Received Report from port : 15.
[02:49:36]  Received UELYSYS Beacon from port : 12.
[02:49:43]  Received BEE1012 Beacon from port : 17.
[02:50:06]  Received UELYSYS Beacon from port : 12.
[02:50:36]  Received UELYSYS Beacon from port : 12.
[02:51:06]  Received UELYSYS Beacon from port : 12.
[02:51:28]  Received Report from port : 15.
[02:51:28]  Received Report from port : 15.
[02:51:28]  Received Report from port : 15.
[02:51:33]  Received BEE1012 Beacon from port : 17.
[02:51:36]  Received UELYSYS Beacon from port : 12.
[02:51:39]  Received BEE1012 Beacon from port : 17.
[02:51:49]  Received BEE1012 Beacon from port : 17.
[02:51:51]  Received Report from port : 15.
[02:51:51]  Received Report from port : 15.
[02:51:51]  Received Report from port : 15.
[02:52:06]  Received UELYSYS Beacon from port : 12.
[02:52:13]  Received BEE1012 Beacon from port : 17.
[02:52:19]  Received BEE1012 Beacon from port : 17.
[02:52:21]  Start FTP Downlink.
[02:52:25]  Received FTP Download Spec.
[02:52:25]  Received FTP Download Spec. Filesize : 142672, CRC : 1939109635.
[02:52:26]  Received FTP Status Request.
[02:52:26]  Restart FTP Downlink from chunk : 1, to total : 793
[02:52:27]  Download : 1/793
[02:52:28]  Download : 2/793
[02:52:28]  Download : 3/793
[02:52:28]  Download : 4/793
[02:52:29]  Download : 5/793
[02:52:29]  Download : 6/793
[02:52:30]  Download : 7/793
[02:52:31]  Download : 8/793
[02:52:31]  Download : 9/793
[02:52:32]  Download : 10/793
[02:52:32]  Download : 11/793
[02:52:33]  Download : 12/793
[02:52:33]  Download : 13/793
[02:52:34]  Download : 14/793
[02:52:34]  Download : 15/793
[02:52:35]  Download : 16/793
[02:52:35]  Download : 17/793
[02:52:36]  Download : 18/793
[02:52:36]  Download : 19/793
[02:52:37]  Download : 20/793
[02:52:37]  Download : 21/793
[02:52:38]  Download : 22/793
[02:52:39]  Download : 23/793
[02:52:39]  Download : 24/793
[02:52:40]  Download : 25/793
[02:52:40]  Download : 26/793
[02:52:41]  Download : 27/793
[02:52:41]  Download : 28/793
[02:52:41]  Download : 29/793
[02:52:42]  Download : 30/793
[02:52:43]  Download : 31/793
[02:52:43]  Download : 32/793
[02:52:43]  Download : 33/793
[02:52:44]  Download : 34/793
[02:52:45]  Download : 35/793
[02:52:45]  Download : 36/793
[02:52:45]  Download : 37/793
[02:52:46]  Download : 38/793
[02:52:47]  Download : 39/793
[02:52:47]  Download : 40/793
[02:52:47]  Download : 41/793
[02:52:48]  Download : 42/793
[02:52:49]  Download : 43/793
[02:52:49]  Download : 44/793
[02:52:49]  Download : 45/793
[02:52:51]  Download : 46/793
[02:52:52]  Download : 47/793
[02:52:52]  Download : 48/793
[02:52:53]  Download : 49/793
