2026-01-08 12:35
[12:35:46]  Connect to Switch Box.............Success.
[12:35:46]  Connect to Rotator................Success.
[12:35:46]  Connect to GS100..................Success.
[12:35:46]  TM Port 13 bind success.
[12:35:46]  BCN Port 31 bind success.
[12:35:46]  RPT Port 25 bind success.
[12:35:46]  Event Port 27 bind success.
[12:35:46]  COSMIC Beacon Port 23 bind success.
[12:35:46]  COSMIC Report Port 24 bind success.
[12:36:10]  TLE "cubesat" Download Completed.
[12:36:31]  Start Engaging.
[12:36:31]  Tracking : Az 162, El 0.
[12:36:32]  Start Doppler Correction.
[12:36:33]  Tracking : Az 162, El 0.
[12:36:35]  Tracking : Az 162, El 0.
[12:36:37]  Tracking : Az 162, El 0.
[12:36:39]  Tracking : Az 162, El 0.
[12:36:41]  Tracking : Az 162, El 0.
[12:36:43]  Tracking : Az 162, El 0.
[12:37:37]  TLE "cubesat" Download Completed.
[12:37:38]  Tracking : Az 164, El -19.
[12:37:40]  Tracking : Az 164, El -19.
[12:37:42]  Tracking : Az 164, El -19.
[12:37:44]  Tracking : Az 164, El -19.
[12:37:46]  Tracking : Az 164, El -19.
[12:38:18]  Finish Engaging.
[12:38:18]  Beacon Success : 0, Ping Success : 0
[12:38:20]  Tracking : Az 0, El 0.
[12:38:38]  Start Engaging.
[12:38:38]  Tracking : Az 162, El 0.
[12:38:40]  Tracking : Az 162, El 0.
[12:38:40]  Start Doppler Correction.
[12:38:42]  Tracking : Az 162, El 0.
[12:38:44]  Tracking : Az 162, El 0.
[12:38:46]  Tracking : Az 162, El 0.
[12:38:48]  Tracking : Az 162, El 0.
[12:38:50]  Tracking : Az 162, El 0.
[12:38:52]  Tracking : Az 162, El 0.
[12:38:54]  Tracking : Az 162, El 0.
[12:38:56]  Tracking : Az 162, El 0.
[12:38:58]  Tracking : Az 162, El 0.
[12:42:48]  Ping Failed at node 0.
[12:44:39]  Forked Safe Amplifier Process.(ON, Timer)
[12:45:20]  Tracking : Az 162, El 3.
[12:45:32]  Ping Failed.
[12:45:35]  Ping Failed.
[12:45:47]  Tracking : Az 162, El 5.
[12:45:53]  Ping Failed.
[12:46:11]  Tracking : Az 161, El 7.
[12:46:14]  Ping Failed.
[12:46:22]  Ping Success at node 5, 464ms
[12:46:27]  Ping Failed.
[12:46:37]  Tracking : Az 161, El 9.
[12:46:42]  Ping Failed.
[12:46:52]  Ping Failed.
[12:46:54]  Tracking : Az 161, El 11.
[12:46:59]  Ping Failed.
[12:47:09]  Ping Failed.
[12:47:12]  Tracking : Az 160, El 13.
[12:47:16]  Ping Failed.
[12:47:23]  Ping Failed.
[12:47:28]  Ping Failed.
[12:47:33]  Ping Failed.
[12:47:37]  Tracking : Az 160, El 16.
[12:47:42]  Ping Failed.
[12:47:44]  Forked Safe Amplifier Process. (OFF)
[12:47:51]  Finish Engaging.
[12:47:51]  Beacon Success : 0, Ping Success : 1
[12:47:54]  Tracking : Az 0, El 0.
