2025-12-16 01:55
[01:55:29]  Connect to Switch Box.............Success.
[01:55:29]  Connect to Rotator................Success.
[01:55:29]  Connect to GS100..................Success.
[01:55:29]  TM Port 13 bind success.
[01:55:29]  BCN Port 31 bind success.
[01:55:29]  RPT Port 25 bind success.
[01:55:39]  TLE "cubesat" Download Completed.
[02:12:06]  Start Engaging.
[02:12:06]  Tracking : Az 358, El 0.
[02:12:08]  Tracking : Az 358, El 0.
[02:12:10]  Tracking : Az 358, El 0.
[02:12:12]  Tracking : Az 358, El 0.
[02:12:14]  Tracking : Az 358, El 0.
[02:12:16]  Tracking : Az 358, El 0.
[02:12:18]  Tracking : Az 358, El 0.
[02:12:20]  Tracking : Az 358, El 0.
[02:12:22]  Tracking : Az 358, El 0.
[02:12:24]  Tracking : Az 358, El 0.
[02:12:26]  Tracking : Az 358, El 0.
[02:12:28]  Tracking : Az 358, El 0.
[02:12:30]  Tracking : Az 358, El 0.
[02:12:32]  Tracking : Az 358, El 0.
[02:12:34]  Tracking : Az 358, El 0.
[02:12:36]  Tracking : Az 358, El 0.
[02:12:38]  Tracking : Az 358, El 0.
[02:12:40]  Tracking : Az 358, El 0.
[02:12:42]  Tracking : Az 358, El 0.
[02:12:44]  Tracking : Az 358, El 0.
[02:12:46]  Tracking : Az 358, El 0.
[02:12:48]  Tracking : Az 358, El 0.
[02:12:50]  Tracking : Az 358, El 0.
[02:12:52]  Tracking : Az 358, El 0.
[02:12:54]  Tracking : Az 358, El 0.
[02:12:56]  Tracking : Az 358, El 0.
[02:12:58]  Tracking : Az 358, El 0.
[02:13:00]  Tracking : Az 358, El 0.
[02:13:02]  Tracking : Az 358, El 0.
[02:13:04]  Tracking : Az 358, El 0.
[02:13:06]  Tracking : Az 358, El 0.
[02:13:08]  Tracking : Az 358, El 0.
[02:13:10]  Tracking : Az 358, El 0.
[02:13:16]  Tracking : Az 358, El 0.
[02:23:33]  Start Doppler Correction.
[02:25:20]  Forked Safe Amplifier Process.(ON, Timer)
[02:26:03]  Tracking : Az 355, El 3.
[02:26:13]  Ping Failed.
[02:26:18]  Tracking : Az 353, El 4.
[02:26:30]  Ping Failed.
[02:26:42]  Tracking : Az 351, El 5.
[02:26:49]  Ping Success at node 5, 469ms
[02:27:01]  Tracking : Az 350, El 7.
[02:27:14]  Received Beacon from port : 31.

[02:27:22]  Tracking : Az 347, El 8.
[02:27:27]  !!!!!!!!!Received Mission Beacon from port : 31.!!!!!!!!!
[02:27:44]  Received Beacon from port : 31.

[02:27:46]  Tracking : Az 344, El 10.
[02:28:05]  [OK]CMD Packet Header: 0x7 0x59 0xc0 0x0 0x0 0x1 0x1 0x61
[02:28:07]  Tracking : Az 341, El 12.
[02:28:08]  !!!!!!!!!Received Mission Beacon from port : 31.!!!!!!!!!
[02:28:18]  [OK]CMD Packet Header: 0x7 0x59 0xc0 0x0 0x0 0x1 0x1 0x61
[02:28:25]  Tracking : Az 338, El 13.
[02:28:30]  [OK]CMD Packet Header: 0x18 0x75 0xc0 0x0 0x0 0x1 0x14 0x47
[02:28:42]  Tracking : Az 335, El 15.
[02:28:46]  [OK]CMD Packet Header: 0x18 0x75 0xc0 0x0 0x0 0x1 0x14 0x47
[02:28:49]  !!!!!!!!!Received Mission Beacon from port : 31.!!!!!!!!!
[02:28:52]  Tracking : Az 333, El 16.
[02:29:05]  Tracking : Az 330, El 17.
[02:29:09]  Ping Failed.
[02:29:18]  Tracking : Az 327, El 18.
[02:29:23]  Ping Failed.
[02:29:29]  Tracking : Az 324, El 19.
[02:29:35]  Ping Success at node 5, 462ms
[02:29:40]  Tracking : Az 321, El 20.
[02:29:44]  Received Beacon from port : 31.

[02:29:50]  Tracking : Az 318, El 21.
[02:29:54]  Received Beacon from port : 31.

[02:29:56]  Tracking : Az 316, El 22.
[02:30:05]  Tracking : Az 313, El 22.
[02:30:11]  !!!!!!!!!Received Mission Beacon from port : 31.!!!!!!!!!
[02:30:14]  Tracking : Az 310, El 23.
[02:30:14]  Received Beacon from port : 31.

[02:30:18]  [OK]CMD Packet Header: 0x18 0x75 0xc0 0x0 0x0 0x1 0x14 0x47
[02:30:18]  Received Report from port ~~ with new code : 25.
[02:30:18]  Received Report from port : 25.

[02:30:19]  Received Report from port ~~ with new code : 25.
[02:30:19]  Received Report from port : 25.

[02:30:19]  Received Report from port ~~ with new code : 25.
[02:30:20]  Tracking : Az 308, El 23.
[02:30:24]  Received Beacon from port : 31.

[02:30:25]  Tracking : Az 306, El 24.
[02:30:33]  Tracking : Az 303, El 24.
[02:30:33]  [OK]CMD Packet Header: 0x7 0x59 0xc0 0x0 0x0 0x1 0x1 0x61
[02:30:41]  Tracking : Az 300, El 25.
[02:30:46]  [OK]CMD Packet Header: 0x7 0x59 0xc0 0x0 0x0 0x1 0xd 0x6d
[02:30:49]  Tracking : Az 297, El 25.
[02:30:55]  [OK]CMD Packet Header: 0x7 0x59 0xc0 0x0 0x0 0x1 0x46 0x26
[02:30:56]  Tracking : Az 294, El 25.
[02:30:59]  Ping Success at node 5, 464ms
[02:31:03]  Tracking : Az 291, El 25.
[02:31:06]  [OK]CMD Packet Header: 0x18 0x75 0xc0 0x0 0x0 0x7 0xe 0xb1
[02:31:11]  Tracking : Az 288, El 25.
[02:31:14]  Received Beacon from port : 31.

[02:31:18]  Tracking : Az 285, El 25.
[02:31:26]  Tracking : Az 282, El 25.
[02:31:29]  [OK]CMD Packet Header: 0x18 0x75 0xc0 0x0 0x0 0x7 0xe 0xb1
[02:31:33]  !!!!!!!!!Received Mission Beacon from port : 31.!!!!!!!!!
[02:31:33]  Tracking : Az 279, El 25.
[02:31:34]  Received Beacon from port : 31.

[02:31:39]  Tracking : Az 277, El 24.
[02:31:44]  Received Beacon from port : 31.

[02:31:46]  Tracking : Az 274, El 24.
[02:31:48]  [OK]CMD Packet Header: 0x18 0x75 0xc0 0x0 0x0 0x7 0xe 0xb1
[02:31:50]  Received Report from port ~~ with new code : 25.
[02:31:50]  Received Report from port : 25.

[02:31:51]  Received Report from port ~~ with new code : 25.
[02:31:51]  Received Report from port : 25.

[02:31:51]  Received Report from port ~~ with new code : 25.
[02:31:54]  Tracking : Az 271, El 24.
[02:31:54]  Received Beacon from port : 31.

[02:32:03]  Tracking : Az 268, El 23.
[02:32:04]  Received Beacon from port : 31.

[02:32:11]  Tracking : Az 265, El 22.
[02:32:14]  Received Beacon from port : 31.

[02:32:14]  !!!!!!!!!Received Mission Beacon from port : 31.!!!!!!!!!
[02:32:20]  Tracking : Az 262, El 22.
[02:32:28]  [OK]CMD Packet Header: 0x18 0x20 0xc0 0x0 0x0 0x5 0x6 0x0
[02:32:30]  Tracking : Az 259, El 21.
[02:32:37]  Tracking : Az 257, El 20.
[02:32:42]  [OK]CMD Packet Header: 0x18 0x20 0xc0 0x0 0x0 0x5 0x6 0x0
[02:32:44]  Received Beacon from port : 31.

[02:32:47]  Tracking : Az 254, El 19.
[02:32:54]  Received Beacon from port : 31.

[02:32:59]  Tracking : Az 251, El 18.
[02:33:04]  Received Beacon from port : 31.

[02:33:11]  Tracking : Az 248, El 17.
[02:33:14]  Received Beacon from port : 31.

[02:33:14]  [OK]CMD Packet Header: 0x18 0x75 0xc0 0x0 0x0 0x1 0x14 0x47
[02:33:15]  Received Report from port ~~ with new code : 25.
[02:33:15]  Received Report from port : 25.

[02:33:16]  Received Report from port ~~ with new code : 25.
[02:33:16]  Received Report from port : 25.

[02:33:16]  Received Report from port ~~ with new code : 25.
[02:33:24]  Tracking : Az 245, El 16.
[02:33:24]  Received Beacon from port : 31.

[02:33:34]  Received Beacon from port : 31.

[02:33:37]  [OK]CMD Packet Header: 0x18 0x75 0xc0 0x0 0x0 0x1 0x17 0x44
[02:33:38]  Received Report from port ~~ with new code : 25.
[02:33:38]  Received Report from port : 25.

[02:33:39]  Received Report from port ~~ with new code : 25.
[02:33:39]  Received Report from port : 25.

[02:33:39]  Tracking : Az 242, El 14.
[02:33:39]  Received Report from port ~~ with new code : 25.
[02:33:49]  [OK]CMD Packet Header: 0x18 0x75 0xc0 0x0 0x0 0x1 0x1a 0x49
[02:33:50]  Received Report from port ~~ with new code : 25.
[02:33:50]  Received Report from port : 25.

[02:33:50]  Received Report from port ~~ with new code : 25.
[02:33:50]  Received Report from port : 25.

[02:33:50]  Received Report from port ~~ with new code : 25.
[02:33:54]  Received Beacon from port : 31.

[02:33:56]  Tracking : Az 239, El 13.
[02:33:58]  [OK]CMD Packet Header: 0x18 0x75 0xc0 0x0 0x0 0x5 0x1e 0xa2
[02:33:59]  Received Report from port ~~ with new code : 25.
[02:33:59]  Received Report from port : 25.

[02:33:59]  Received Report from port ~~ with new code : 25.
[02:33:59]  Received Report from port : 25.

[02:33:59]  Received Report from port ~~ with new code : 25.
[02:34:15]  Tracking : Az 236, El 11.
[02:34:24]  Received Beacon from port : 31.

[02:34:29]  Tracking : Az 234, El 10.
[02:34:34]  Received Beacon from port : 31.

[02:34:36]  [OK]CMD Packet Header: 0x18 0x50 0xc0 0x0 0x0 0x1 0x6 0x70
[02:34:36]  Received Report from port ~~ with new code : 25.
[02:34:36]  Received Report from port : 25.

[02:34:37]  Received Report from port ~~ with new code : 25.
[02:34:37]  Received Report from port : 25.

[02:34:37]  Received Report from port ~~ with new code : 25.
[02:34:44]  Received Beacon from port : 31.

[02:34:53]  Tracking : Az 231, El 8.
[02:35:04]  Received Beacon from port : 31.

[02:35:21]  Tracking : Az 228, El 6.
[02:35:24]  Received Beacon from port : 31.

[02:35:44]  Received Beacon from port : 31.

[02:35:54]  Tracking : Az 225, El 4.
[02:35:54]  Received Beacon from port : 31.

[02:36:35]  Tracking : Az 222, El 1.
[02:36:49]  Forked Safe Amplifier Process. (OFF)
[02:36:56]  Finish Engaging.
[02:36:56]  Beacon Success : 26, Ping Success : 3
[02:36:58]  Tracking : Az 0, El 0.
