2025-12-08 11:24
[11:25:01]  Connect to Switch Box.............Success.
[11:25:01]  Connect to Rotator................Success.
[11:25:01]  Connect to GS100..................Success.
[11:25:01]  TM Port 13 bind success.
[11:25:01]  BCN Port 31 bind success.
[11:25:01]  RPT Port 25 bind success.
[11:25:07]  TLE "cubesat" Download Completed.
[11:58:15]  Start Engaging.
[11:58:15]  Tracking : Az 137, El 0.
[11:58:17]  Tracking : Az 137, El 0.
[11:58:19]  Tracking : Az 137, El 0.
[11:58:21]  Tracking : Az 137, El 0.
[11:58:23]  Tracking : Az 137, El 0.
[11:58:25]  Tracking : Az 137, El 0.
[11:58:27]  Tracking : Az 137, El 0.
[11:58:29]  Tracking : Az 137, El 0.
[11:58:31]  Tracking : Az 137, El 0.
[11:58:33]  Tracking : Az 137, El 0.
[11:58:35]  Tracking : Az 137, El 0.
[11:58:37]  Tracking : Az 137, El 0.
[11:58:39]  Tracking : Az 137, El 0.
[11:59:15]  Start Doppler Correction.
[12:02:41]  Forked Safe Amplifier Process.(ON, Timer)
[12:02:45]  Ping Failed.
[12:03:51]  Tracking : Az 134, El 2.
[12:03:53]  Tracking : Az 134, El 2.
[12:04:22]  Tracking : Az 132, El 4.
[12:04:24]  Tracking : Az 132, El 4.
[12:04:35]  Received Beacon from port : 13.
[12:04:44]  [OK]CMD Packet Header: 0x18 0x15 0xc0 0x0 0x0 0x45 0xa 0x5e
[12:04:46]  Received GETFILEINFO Response from port : 13.
[12:04:55]  Received Beacon from port : 13.
[12:05:01]  Tracking : Az 128, El 6.
[12:05:03]  Tracking : Az 128, El 6.
[12:05:09]  Tracking : Az 128, El 7.
[12:05:11]  Tracking : Az 127, El 7.
[12:05:15]  Received Beacon from port : 13.
[12:05:25]  Received Beacon from port : 13.
[12:05:32]  Tracking : Az 125, El 9.
[12:05:34]  Tracking : Az 125, El 9.
[12:05:35]  Received Beacon from port : 13.
[12:05:45]  Received Beacon from port : 13.
[12:05:50]  Tracking : Az 122, El 10.
[12:05:52]  Tracking : Az 122, El 10.
[12:05:53]  [OK]CMD Packet Header: 0x18 0x75 0xc0 0x0 0x0 0x5 0x1e 0xa2
[12:05:55]  Received Beacon from port : 13.
[12:06:10]  Tracking : Az 119, El 12.
[12:06:15]  Received Beacon from port : 13.
[12:06:25]  Received Beacon from port : 13.
[12:06:28]  Tracking : Az 116, El 13.
[12:06:30]  Tracking : Az 116, El 13.
[12:06:44]  Tracking : Az 113, El 15.
[12:06:46]  Tracking : Az 113, El 15.
[12:06:58]  Tracking : Az 110, El 16.
[12:07:11]  Tracking : Az 107, El 17.
[12:07:15]  Received Beacon from port : 13.
[12:07:19]  Tracking : Az 105, El 18.
[12:07:21]  Tracking : Az 105, El 18.
[12:07:25]  Received Beacon from port : 13.
[12:07:31]  Tracking : Az 102, El 19.
[12:07:33]  Tracking : Az 102, El 19.
[12:07:35]  Received Beacon from port : 13.
[12:07:41]  Tracking : Az 99, El 20.
[12:07:45]  Received Beacon from port : 13.
[12:07:51]  Tracking : Az 96, El 20.
[12:07:55]  Received Beacon from port : 13.
[12:07:58]  Tracking : Az 94, El 21.
[12:08:05]  Received Beacon from port : 13.
[12:08:07]  Tracking : Az 91, El 22.
[12:08:10]  Tracking : Az 90, El 22.
[12:08:15]  Received Beacon from port : 13.
[12:08:19]  Tracking : Az 87, El 22.
[12:08:21]  Tracking : Az 87, El 22.
[12:08:25]  Received Beacon from port : 13.
[12:08:27]  Tracking : Az 84, El 23.
[12:08:30]  Tracking : Az 83, El 23.
[12:08:30]  Remote Param Control OK. Last RSSI : -89
[12:08:35]  Received Beacon from port : 13.
[12:08:38]  Tracking : Az 80, El 23.
[12:08:41]  Tracking : Az 79, El 23.
[12:08:45]  Received Beacon from port : 13.
[12:08:49]  Tracking : Az 76, El 24.
[12:08:51]  Tracking : Az 75, El 24.
[12:08:51]  Remote Param Control OK. Active Conf : 1
[12:08:55]  Received Beacon from port : 13.
[12:08:59]  Tracking : Az 72, El 24.
[12:09:01]  Tracking : Az 72, El 24.
[12:09:05]  Tracking : Az 70, El 24.
[12:09:05]  Remote Param Control OK. Last RSSI : -87
[12:09:11]  Tracking : Az 68, El 24.
[12:09:15]  Received Beacon from port : 13.
[12:09:17]  Tracking : Az 65, El 24.
[12:09:19]  Tracking : Az 65, El 24.
[12:09:25]  Tracking : Az 62, El 24.
[12:09:25]  Received Beacon from port : 13.
[12:09:27]  Tracking : Az 62, El 24.
[12:09:35]  Received Beacon from port : 13.
[12:09:36]  Tracking : Az 58, El 23.
[12:09:38]  Tracking : Az 57, El 23.
[12:09:45]  Received Beacon from port : 13.
[12:09:47]  Tracking : Az 54, El 23.
[12:09:49]  Tracking : Az 53, El 23.
[12:09:55]  Tracking : Az 51, El 22.
[12:09:55]  Received Beacon from port : 13.
[12:10:02]  [OK]CMD Packet Header: 0x18 0x15 0xc0 0x0 0x0 0x45 0xa 0x5e
[12:10:03]  Received GETFILEINFO Response from port : 13.
[12:10:04]  Tracking : Az 48, El 22.
[12:10:05]  Received Beacon from port : 13.
[12:10:06]  Tracking : Az 48, El 22.
[12:10:10]  Tracking : Az 46, El 21.
[12:10:15]  Received Beacon from port : 13.
[12:10:19]  Tracking : Az 43, El 21.
[12:10:21]  Tracking : Az 43, El 21.
[12:10:29]  Tracking : Az 40, El 20.
[12:10:32]  Tracking : Az 39, El 20.
[12:10:35]  Received Beacon from port : 13.
[12:10:36]  [OK]CMD Packet Header: 0x18 0x75 0xc0 0x0 0x0 0x1 0x1a 0x49
[12:10:40]  Tracking : Az 37, El 19.
[12:10:43]  Tracking : Az 36, El 19.
[12:10:50]  Tracking : Az 34, El 18.
[12:10:51]  Ping Success at node 5, 459ms
[12:10:55]  Received Beacon from port : 13.
[12:10:58]  Ping Success at node 3, 468ms
[12:11:02]  Tracking : Az 31, El 17.
[12:11:04]  Tracking : Az 31, El 17.
[12:11:05]  Received Beacon from port : 13.
[12:11:12]  Remote Param Control OK. Last RSSI : -95
[12:11:15]  Tracking : Az 28, El 16.
[12:11:17]  Tracking : Az 28, El 16.
[12:11:29]  Tracking : Az 25, El 15.
[12:11:31]  Tracking : Az 25, El 15.
[12:11:35]  Received Beacon from port : 13.
[12:11:45]  Tracking : Az 22, El 13.
[12:11:45]  Received Beacon from port : 13.
[12:11:47]  Tracking : Az 22, El 13.
[12:12:02]  Tracking : Az 19, El 12.
[12:12:04]  Tracking : Az 19, El 12.
[12:12:05]  Received Beacon from port : 13.
[12:12:15]  Received Beacon from port : 13.
[12:12:22]  Tracking : Az 16, El 10.
[12:12:24]  Tracking : Az 16, El 10.
[12:12:25]  Received Beacon from port : 13.
[12:12:29]  [OK]CMD Packet Header: 0x18 0x15 0xc0 0x0 0x0 0x45 0xa 0x5e
[12:12:30]  Received GETFILEINFO Response from port : 13.
[12:12:45]  Tracking : Az 13, El 9.
[12:12:55]  Received Beacon from port : 13.
[12:13:05]  Received Beacon from port : 13.
[12:13:11]  Tracking : Az 10, El 7.
[12:13:15]  Received Beacon from port : 13.
[12:13:17]  Remote Param Control OK. Last RSSI : -96
[12:13:27]  Cannot Load Remote Parameter.
[12:13:34]  Ping Failed.
[12:13:35]  Received Beacon from port : 13.
[12:13:40]  Remote Param Control OK. csp_rtable : 0/0 AX100, 3/5 CAN, 23/5 CAN
[12:13:45]  Received Beacon from port : 13.
[12:13:54]  Tracking : Az 6, El 4.
[12:13:56]  Tracking : Az 6, El 3.
[12:14:07]  Forked Safe Amplifier Process. (OFF)
[12:14:35]  Tracking : Az 3, El 1.
[12:14:37]  Tracking : Az 3, El 1.
[12:14:43]  Finish Engaging.
[12:14:43]  Beacon Success : 40, Ping Success : 2
[12:14:44]  Tracking : Az 0, El 0.
