2025-12-19 11:36
[11:36:28]  Connect to Switch Box.............Success.
[11:36:28]  Connect to Rotator................Success.
[11:36:28]  Connect to GS100..................Success.
[11:36:28]  TM Port 13 bind success.
[11:36:28]  BCN Port 31 bind success.
[11:36:28]  RPT Port 25 bind success.
[11:36:28]  Event Port 27 bind success.
[11:36:35]  TLE "cubesat" Download Completed.
[12:02:23]  Start Engaging.
[12:02:23]  Tracking : Az 138, El 0.
[12:02:25]  Tracking : Az 138, El 0.
[12:02:27]  Tracking : Az 138, El 0.
[12:02:29]  Tracking : Az 138, El 0.
[12:02:31]  Tracking : Az 138, El 0.
[12:02:33]  Tracking : Az 138, El 0.
[12:02:35]  Tracking : Az 138, El 0.
[12:02:37]  Tracking : Az 138, El 0.
[12:02:39]  Tracking : Az 138, El 0.
[12:02:41]  Tracking : Az 138, El 0.
[12:02:43]  Tracking : Az 138, El 0.
[12:02:45]  Tracking : Az 138, El 0.
[12:02:47]  Tracking : Az 138, El 0.
[12:05:14]  Start Doppler Correction.
[12:05:17]  Forked Safe Amplifier Process.(ON, Timer)
[12:05:39]  Tracking : Az 135, El 2.
[12:05:46]  Ping Failed.
[12:06:04]  Tracking : Az 134, El 4.
[12:06:11]  Ping Failed.
[12:06:25]  Ping Failed.
[12:06:29]  Tracking : Az 131, El 5.
[12:06:41]  Ping Failed.
[12:06:46]  Tracking : Az 130, El 7.
[12:06:55]  Ping Success at node 5, 475ms
[12:07:00]  Ping Success at node 5, 468ms
[12:07:08]  Tracking : Az 127, El 8.
[12:07:28]  Tracking : Az 125, El 10.
[12:07:32]  [OK]CMD Packet Header: 0x18 0x20 0xc0 0x0 0x0 0x5 0x7 0x6
[12:07:46]  Tracking : Az 122, El 11.
[12:07:58]  Received Beacon from port : 31.

[12:07:59]  [OK]CMD Packet Header: 0x18 0x20 0xc0 0x0 0x0 0x5 0x7 0x6
[12:08:00]  Tracking : Az 120, El 13.
[12:08:16]  Tracking : Az 117, El 14.
[12:08:32]  Tracking : Az 114, El 15.
[12:08:38]  Received Beacon from port : 31.

[12:08:46]  Tracking : Az 111, El 17.
[12:08:58]  [OK]CMD Packet Header: 0x18 0x75 0xc0 0x0 0x0 0x7 0xe 0xb0
[12:08:59]  Received Report from port : 25.
[12:08:59]  Tracking : Az 108, El 18.
[12:09:10]  Tracking : Az 105, El 19.
[12:09:18]  Received Beacon from port : 31.

[12:09:21]  Tracking : Az 102, El 20.
[12:09:28]  Received Beacon from port : 31.

[12:09:31]  Tracking : Az 99, El 21.
[12:09:38]  Tracking : Az 97, El 22.
[12:09:38]  Received Beacon from port : 31.

[12:09:47]  Tracking : Az 94, El 22.
[12:09:48]  Received Beacon from port : 31.

[12:09:56]  Tracking : Az 91, El 23.
[12:10:05]  Tracking : Az 88, El 24.
[12:10:08]  Received Beacon from port : 31.

[12:10:13]  Tracking : Az 85, El 24.
[12:10:19]  Tracking : Az 83, El 24.
[12:10:19]  Ping Success at node 5, 462ms
[12:10:25]  [OK]CMD Packet Header: 0x18 0x20 0xc0 0x0 0x0 0x5 0x7 0x1
[12:10:26]  Tracking : Az 80, El 25.
[12:10:32]  Tracking : Az 78, El 25.
[12:10:38]  Received Beacon from port : 31.

[12:10:39]  Tracking : Az 75, El 25.
[12:10:45]  Tracking : Az 73, El 25.
[12:10:48]  Received Beacon from port : 31.

[12:10:51]  Tracking : Az 70, El 25.
[12:10:58]  Received Beacon from port : 31.

[12:11:01]  Tracking : Az 66, El 25.
[12:11:08]  Received Beacon from port : 31.

[12:11:09]  Tracking : Az 63, El 25.
[12:11:14]  [OK]CMD Packet Header: 0x18 0x20 0xc0 0x0 0x0 0x5 0x7 0x1
[12:11:16]  Tracking : Az 60, El 25.
[12:11:24]  Tracking : Az 57, El 24.
[12:11:28]  Received Beacon from port : 31.

[12:11:32]  Tracking : Az 54, El 24.
[12:11:38]  Received Beacon from port : 31.

[12:11:39]  Ping Success at node 5, 465ms
[12:11:40]  Tracking : Az 51, El 24.
[12:11:48]  Tracking : Az 48, El 23.
[12:11:48]  Received Beacon from port : 31.

[12:11:56]  Tracking : Az 46, El 23.
[12:12:03]  Tracking : Az 43, El 22.
[12:12:04]  [OK]CMD Packet Header: 0x18 0x20 0xc0 0x0 0x0 0x5 0x7 0x1
[12:12:08]  Received Beacon from port : 31.

[12:12:12]  Tracking : Az 40, El 21.
[12:12:23]  Tracking : Az 37, El 20.
[12:12:37]  Tracking : Az 33, El 19.
[12:12:48]  Received Beacon from port : 31.

[12:12:49]  Tracking : Az 30, El 18.
[12:12:58]  Received Beacon from port : 31.

[12:12:59]  [OK]CMD Packet Header: 0x18 0x20 0xc0 0x0 0x0 0x5 0x7 0x1
[12:13:02]  Tracking : Az 27, El 17.
[12:13:08]  Received Beacon from port : 31.

[12:13:16]  Tracking : Az 24, El 15.
[12:13:28]  Received Beacon from port : 31.

[12:13:32]  Tracking : Az 21, El 14.
[12:13:38]  Received Beacon from port : 31.

[12:13:43]  Tracking : Az 19, El 13.
[12:13:45]  [OK]CMD Packet Header: 0x18 0x81 0xc0 0x0 0x0 0x1 0x1 0xa6
[12:13:46]  Received Report from port : 25.
[12:13:47]  Received Report from port : 25.
[12:14:03]  Tracking : Az 16, El 11.
[12:14:21]  [OK]CMD Packet Header: 0x18 0x20 0xc0 0x0 0x0 0x5 0x7 0x1
[12:14:33]  Tracking : Az 12, El 9.
[12:14:38]  Received Beacon from port : 31.

[12:14:39]  !!!!!!!!!Received Mission Beacon from port : 31.!!!!!!!!!
[12:15:00]  Tracking : Az 9, El 7.
[12:15:08]  Received Beacon from port : 31.

[12:15:18]  Received Beacon from port : 31.

[12:15:21]  !!!!!!!!!Received Mission Beacon from port : 31.!!!!!!!!!
[12:15:22]  [OK]CMD Packet Header: 0x18 0x23 0xc0 0x0 0x0 0x8 0x2 0x6
[12:15:23]  Received Report from port : 27.
[12:15:23]  Received Report from port : 27.
[12:15:24]  Received Report from port : 27.
[12:15:28]  Received Report from port : 27.
[12:15:29]  Received Beacon from port : 31.

[12:15:33]  Tracking : Az 6, El 4.
[12:15:33]  Received Report from port : 27.
[12:15:38]  Received Report from port : 27.
[12:15:49]  [OK]CMD Packet Header: 0x18 0x81 0xc0 0x0 0x0 0x1 0x1 0xa6
[12:16:00]  [OK]CMD Packet Header: 0x18 0x81 0xc0 0x0 0x0 0x1 0x1 0xa6
[12:16:12]  Ping Success at node 5, 475ms
[12:16:13]  Tracking : Az 3, El 2.
[12:16:14]  [OK]CMD Packet Header: 0x18 0x81 0xc0 0x0 0x0 0x1 0x1 0xa6
[12:17:03]  Forked Safe Amplifier Process. (OFF)
[12:17:05]  Tracking : Az 0, El 0.
[12:17:10]  Tracking : Az 138, El 0.
[12:17:12]  Tracking : Az 138, El 0.
[12:17:14]  Tracking : Az 138, El 0.
[12:17:16]  Finish Engaging.
[12:17:16]  Beacon Success : 24, Ping Success : 5
[12:17:19]  Tracking : Az 0, El 0.
