2026-03-10 13:43
[13:43:35]  Connect to Switch Box.............Success.
[13:43:35]  Connect to Rotator................Success.
[13:43:35]  Connect to GS100..................Success.
[13:43:35]  TM Port 13 bind success.
[13:43:35]  BCN Port 31 bind success.
[13:43:35]  RPT Port 25 bind success.
[13:43:35]  Event Port 27 bind success.
[13:43:35]  COSMIC Beacon Port 23 bind success.
[13:43:35]  COSMIC Report Port 24 bind success.
[13:44:11]  TLE "cubesat" Download Completed.
[13:44:20]  Start Engaging.
[13:44:20]  Tracking : Az 204, El 0.
[13:44:22]  Start Doppler Correction.
[13:44:22]  Tracking : Az 204, El 0.
[13:44:24]  Tracking : Az 204, El 0.
[13:44:26]  Tracking : Az 204, El 0.
[13:44:28]  Tracking : Az 204, El 0.
[13:44:30]  Tracking : Az 204, El 0.
[13:44:32]  Tracking : Az 204, El 0.
[13:44:34]  Tracking : Az 204, El 0.
[13:44:36]  Tracking : Az 204, El 0.
[13:44:38]  Tracking : Az 204, El 0.
[13:44:40]  Tracking : Az 204, El 0.
[13:44:42]  Tracking : Az 204, El 0.
[13:44:44]  Tracking : Az 204, El 0.
[13:44:46]  Tracking : Az 204, El 0.
[13:44:48]  Tracking : Az 204, El 0.
[13:44:50]  Tracking : Az 204, El 0.
[13:44:52]  Tracking : Az 204, El 0.
[13:44:54]  Tracking : Az 204, El 0.
[13:52:18]  [OBC]Ping Failed.
[13:52:21]  Forked Safe Amplifier Process.(ON, Timer)
[13:52:30]  Ping Failed.
[13:52:34]  Tracking : Az 206, El 0.
[13:52:47]  Ping Failed.
[13:52:58]  Ping Failed.
[13:53:05]  Tracking : Az 209, El 2.
[13:53:07]  Tracking : Az 209, El 2.
[13:53:07]  Ping Success at node 5, 472ms
[13:53:14]  Ping Success at node 3, 481ms
[13:53:32]  Tracking : Az 211, El 4.
[13:53:34]  Tracking : Az 212, El 4.
[13:53:36]  [OK]CMD Packet Header: 0x18 0x23 0xc0 0x0 0x0 0x1 0x1b 0x1e
[13:53:37]  [OK]CMD Packet Header: 0x18 0x23 0xc0 0x0 0x0 0x8 0x2 0x18
[13:53:37]  [OK]CMD Packet Header: 0x18 0x19 0xc0 0x0 0x0 0x5 0x0 0x29
[13:53:46]  Ping Success at node 3, 482ms
[13:53:54]  Tracking : Az 214, El 5.
[13:53:56]  Tracking : Az 214, El 5.
[13:54:12]  Tracking : Az 217, El 6.
[13:54:12]  [OK]CMD Packet Header: 0x18 0x23 0xc0 0x0 0x0 0x1 0x6 0x3
[13:54:14]  Tracking : Az 217, El 6.
[13:54:14]  [OK]CMD Packet Header: 0x18 0x23 0xc0 0x0 0x0 0x1 0x6 0x3
[13:54:16]  [OK]CMD Packet Header: 0x18 0x23 0xc0 0x0 0x0 0x1 0x6 0x3
[13:54:33]  Tracking : Az 220, El 7.
[13:54:35]  Tracking : Az 220, El 7.
[13:54:35]  [OK]CMD Packet Header: 0x18 0x20 0xc0 0x0 0x0 0x5 0x7 0xd
[13:54:37]  [OK]CMD Packet Header: 0x18 0x20 0xc0 0x0 0x0 0x5 0x7 0xd
[13:54:39]  [OK]CMD Packet Header: 0x18 0x20 0xc0 0x0 0x0 0x5 0x7 0xd
[13:54:48]  [OK]CMD Packet Header: 0x18 0x23 0xc0 0x0 0x0 0x1 0x1b 0x1e
[13:54:49]  [OK]CMD Packet Header: 0x18 0x23 0xc0 0x0 0x0 0x8 0x2 0x18
[13:54:49]  [OK]CMD Packet Header: 0x18 0x19 0xc0 0x0 0x0 0x5 0x0 0x29
[13:54:51]  Tracking : Az 223, El 8.
[13:54:53]  Tracking : Az 223, El 9.
[13:54:55]  [OK]CMD Packet Header: 0x18 0x23 0xc0 0x0 0x0 0x1 0x1b 0x1e
[13:54:56]  [OK]CMD Packet Header: 0x18 0x23 0xc0 0x0 0x0 0x8 0x2 0x18
[13:54:56]  [OK]CMD Packet Header: 0x18 0x19 0xc0 0x0 0x0 0x5 0x0 0x29
[13:55:03]  [OK]CMD Packet Header: 0x18 0x23 0xc0 0x0 0x0 0x1 0x1b 0x1e
[13:55:03]  [OK]CMD Packet Header: 0x18 0x23 0xc0 0x0 0x0 0x8 0x2 0x18
[13:55:04]  [OK]CMD Packet Header: 0x18 0x19 0xc0 0x0 0x0 0x5 0x0 0x29
[13:55:09]  Tracking : Az 226, El 10.
[13:55:11]  Tracking : Az 226, El 10.
[13:55:14]  Ping Failed at node 3.
[13:55:18]  Ping Failed.
[13:55:24]  Tracking : Az 229, El 10.
[13:55:26]  Tracking : Az 229, El 11.
[13:55:27]  Ping Failed.
[13:55:34]  Tracking : Az 231, El 11.
[13:55:35]  Ping Failed.
[13:55:36]  Tracking : Az 231, El 11.
[13:55:40]  Tracking : Az 232, El 11.
[13:55:53]  Tracking : Az 235, El 12.
[13:55:53]  Ping Failed.
[13:55:55]  Tracking : Az 235, El 12.
[13:55:59]  Ping Success at node 5, 464ms
[13:56:02]  Ping Success at node 3, 472ms
[13:56:05]  [OK]CMD Packet Header: 0x18 0x23 0xc0 0x0 0x0 0x1 0x1b 0x1e
[13:56:05]  Tracking : Az 238, El 13.
[13:56:05]  [OK]CMD Packet Header: 0x18 0x23 0xc0 0x0 0x0 0x8 0x2 0x18
[13:56:06]  [OK]CMD Packet Header: 0x18 0x19 0xc0 0x0 0x0 0x5 0x0 0x29
[13:56:07]  Tracking : Az 238, El 13.
[13:56:15]  Ping Failed at node 3.
[13:56:16]  !!!!!!!!!Received COSMIC Beacon from port : 23.!!!!!!!!!

[13:56:17]  Ping Success at node 5, 462ms
[13:56:18]  Tracking : Az 241, El 14.
[13:56:18]  !!!!!!!!!Received COSMIC Beacon from port : 23.!!!!!!!!!

[13:56:20]  Tracking : Az 241, El 14.
[13:56:23]  Ping Success at node 5, 474ms
[13:56:26]  Ping Success at node 3, 471ms
[13:56:28]  [OK]CMD Packet Header: 0x18 0x23 0xc0 0x0 0x0 0x1 0x1b 0x1e
[13:56:28]  [OK]CMD Packet Header: 0x18 0x23 0xc0 0x0 0x0 0x8 0x2 0x18
[13:56:29]  [OK]CMD Packet Header: 0x18 0x19 0xc0 0x0 0x0 0x5 0x0 0x29
[13:56:29]  Tracking : Az 244, El 14.
[13:56:31]  Tracking : Az 244, El 14.
[13:56:40]  [OK]CMD Packet Header: 0x18 0x23 0xc0 0x0 0x0 0x1 0x1b 0x1e
[13:56:40]  [OK]CMD Packet Header: 0x18 0x23 0xc0 0x0 0x0 0x8 0x2 0x18
[13:56:41]  [OK]CMD Packet Header: 0x18 0x19 0xc0 0x0 0x0 0x5 0x0 0x29
[13:56:41]  Tracking : Az 247, El 15.
[13:56:43]  Tracking : Az 247, El 15.
[13:56:48]  Tracking : Az 249, El 15.
[13:56:56]  Ping Success at node 3, 465ms
[13:56:59]  Tracking : Az 252, El 15.
[13:56:59]  [OK]CMD Packet Header: 0x18 0x23 0xc0 0x0 0x0 0x1 0x1b 0x1e
[13:56:59]  [OK]CMD Packet Header: 0x18 0x23 0xc0 0x0 0x0 0x8 0x2 0x18
[13:57:00]  [OK]CMD Packet Header: 0x18 0x19 0xc0 0x0 0x0 0x5 0x0 0x29
[13:57:01]  !!!!!!!!!Received COSMIC Beacon from port : 23.!!!!!!!!!

[13:57:01]  Tracking : Az 252, El 15.
[13:57:03]  !!!!!!!!!Received COSMIC Beacon from port : 23.!!!!!!!!!

[13:57:05]  !!!!!!!!!Received COSMIC Beacon from port : 23.!!!!!!!!!

[13:57:05]  Tracking : Az 253, El 15.
[13:57:07]  !!!!!!!!!Received COSMIC Beacon from port : 23.!!!!!!!!!

[13:57:09]  !!!!!!!!!Received COSMIC Beacon from port : 23.!!!!!!!!!

[13:57:11]  Tracking : Az 255, El 16.
[13:57:13]  Tracking : Az 256, El 16.
[13:57:21]  Tracking : Az 258, El 16.
[13:57:23]  Tracking : Az 259, El 16.
[13:57:33]  Tracking : Az 262, El 16.
[13:57:35]  Tracking : Az 262, El 16.
[13:57:36]  Cannot Load Remote Parameter.
[13:57:39]  Tracking : Az 264, El 16.
[13:57:41]  Cannot Load Remote Parameter.
[13:57:46]  Ping Failed.
[13:57:49]  Tracking : Az 267, El 16.
[13:57:50]  Ping Failed.
[13:57:51]  Tracking : Az 267, El 16.
[13:57:54]  Ping Failed.
[13:57:59]  Tracking : Az 270, El 16.
[13:57:59]  Ping Success at node 5, 467ms
[13:58:01]  Tracking : Az 270, El 16.
[13:58:02]  AX100 Boot Count : 22268
[13:58:05]  Ping Success at node 3, 465ms
[13:58:06]  Tracking : Az 272, El 16.
[13:58:08]  Tracking : Az 272, El 16.
[13:58:10]  [OK]CMD Packet Header: 0x18 0x71 0xc0 0x0 0x0 0x1 0x16 0x41
[13:58:13]  Tracking : Az 274, El 16.
[13:58:15]  Tracking : Az 274, El 16.
[13:58:16]  Ping Success at node 5, 474ms
[13:58:18]  AX100 Boot Count : 22269
[13:58:23]  Tracking : Az 277, El 16.
[13:58:24]  Ping Failed at node 3.
[13:58:25]  Tracking : Az 277, El 16.
[13:58:27]  Ping Success at node 5, 473ms
[13:58:33]  Ping Failed at node 3.
[13:58:33]  Tracking : Az 280, El 15.
[13:58:35]  Tracking : Az 280, El 15.
[13:58:44]  Tracking : Az 283, El 15.
[13:58:46]  Tracking : Az 283, El 15.
[13:58:55]  Tracking : Az 286, El 15.
[13:58:56]  Ping Failed.
[13:58:57]  Tracking : Az 286, El 14.
[13:59:02]  Ping Failed.
[13:59:06]  Tracking : Az 289, El 14.
[13:59:08]  Tracking : Az 289, El 14.
[13:59:08]  Ping Failed.
[13:59:12]  Ping Failed.
[13:59:14]  Tracking : Az 291, El 14.
[13:59:18]  Ping Failed.
[13:59:23]  Ping Failed.
[13:59:26]  Tracking : Az 294, El 13.
[13:59:27]  Ping Success at node 5, 474ms
[13:59:28]  Tracking : Az 294, El 13.
[13:59:29]  Ping Success at node 3, 463ms
[13:59:32]  Tracking : Az 295, El 13.
[13:59:43]  Tracking : Az 298, El 12.
[13:59:45]  Tracking : Az 298, El 12.
[13:59:57]  Tracking : Az 301, El 11.
[13:59:59]  Tracking : Az 301, El 11.
[14:00:04]  Forked Safe Amplifier Process. (OFF)
[14:00:12]  Finish Engaging.
[14:00:12]  Beacon Success : 0, Ping Success : 15
[14:00:20]  Tracking : Az 0, El 0.
