2026-01-27 15:32
[15:32:47]  Connect to Switch Box.............Success.
[15:32:47]  Connect to Rotator................Success.
[15:32:47]  Connect to GS100..................Success.
[15:32:47]  TM Port 13 bind success.
[15:32:47]  BCN Port 31 bind success.
[15:32:47]  RPT Port 25 bind success.
[15:32:47]  Event Port 27 bind success.
[15:32:47]  COSMIC Beacon Port 23 bind success.
[15:32:47]  COSMIC Report Port 24 bind success.
[15:33:49]  TLE "active" Download Completed.
[15:34:46]  [Auto]Start AutoPilot.
[15:34:46]  [Auto]Start Autopilot. Next Valuable AOS : 1/27 15:38:32
[15:34:46]  [Auto]Max Elevation : 18.78° Please Keep Devices On.
[15:34:46]  [Auto]Start Engaging.
[15:34:46]  [Auto]Start Doppler Correction.
[15:34:46]  Tracking : Az 126, El 0.
[15:34:48]  Tracking : Az 126, El 0.
[15:34:50]  Tracking : Az 126, El 0.
[15:34:52]  Tracking : Az 126, El 0.
[15:34:54]  Tracking : Az 126, El 0.
[15:34:56]  Tracking : Az 126, El 0.
[15:34:58]  Tracking : Az 126, El 0.
[15:35:00]  Tracking : Az 126, El 0.
[15:35:02]  Tracking : Az 126, El 0.
[15:35:04]  Tracking : Az 126, El 0.
[15:35:06]  Tracking : Az 126, El 0.
[15:35:08]  Tracking : Az 126, El 0.
[15:35:10]  Tracking : Az 126, El 0.
[15:35:46]  Forked Safe Amplifier Process.(ON, Timer)
[15:35:53]  Ping Failed.
[15:36:00]  Ping Failed.
[15:36:08]  Ping Failed.
[15:36:15]  Ping Failed.
[15:36:22]  Ping Failed.
[15:36:30]  Ping Failed.
[15:36:37]  Ping Failed.
[15:36:44]  Ping Failed.
[15:36:52]  Ping Failed.
[15:36:59]  Ping Failed.
[15:37:06]  Ping Failed.
[15:37:14]  Ping Failed.
[15:37:21]  Ping Failed.
[15:37:28]  Ping Failed.
[15:37:36]  Ping Failed.
[15:37:43]  Ping Failed.
[15:37:50]  Ping Failed.
[15:37:57]  Ping Failed.
[15:38:05]  Ping Failed.
[15:38:12]  Ping Failed.
[15:38:19]  Ping Failed.
[15:38:27]  Ping Failed.
[15:38:34]  Ping Failed.
[15:38:41]  Ping Failed.
[15:38:49]  Ping Failed.
[15:38:56]  Ping Failed.
[15:39:02]  Tracking : Az 123, El 1.
[15:39:03]  Ping Failed.
[15:39:11]  Ping Failed.
[15:39:18]  Ping Failed.
[15:39:25]  Ping Failed.
[15:39:33]  Ping Failed.
[15:39:37]  Tracking : Az 120, El 3.
[15:39:40]  Ping Failed.
[15:39:47]  Ping Failed.
[15:39:55]  Ping Failed.
[15:39:58]  Tracking : Az 118, El 5.
[15:40:02]  Ping Failed.
[15:40:09]  Ping Failed.
[15:40:17]  Ping Failed.
[15:40:20]  Tracking : Az 116, El 6.
[15:40:24]  Ping Failed.
[15:40:31]  Ping Failed.
[15:40:39]  Ping Failed.
[15:40:42]  Tracking : Az 113, El 7.
[15:40:46]  Ping Failed.
[15:40:53]  Ping Failed.
[15:41:01]  Ping Failed.
[15:41:03]  Tracking : Az 111, El 9.
[15:41:08]  Ping Failed.
[15:41:15]  Ping Failed.
[15:41:19]  Tracking : Az 108, El 10.
[15:41:23]  Ping Failed.
[15:41:30]  Ping Failed.
[15:41:37]  Ping Failed.
[15:41:38]  Tracking : Az 105, El 11.
[15:41:45]  Ping Failed.
[15:41:52]  Ping Failed.
[15:41:56]  Tracking : Az 102, El 12.
[15:41:59]  Ping Failed.
[15:42:07]  Ping Failed.
[15:42:13]  Tracking : Az 99, El 13.
[15:42:14]  Ping Failed.
[15:42:21]  Ping Failed.
[15:42:28]  Tracking : Az 96, El 14.
[15:42:29]  Ping Failed.
[15:42:36]  Ping Failed.
[15:42:38]  Tracking : Az 94, El 14.
[15:42:43]  Ping Failed.
[15:42:51]  Ping Failed.
[15:42:52]  Tracking : Az 91, El 15.
[15:42:58]  Ping Failed.
[15:43:05]  Tracking : Az 88, El 16.
[15:43:05]  Ping Failed.
[15:43:13]  Ping Failed.
[15:43:13]  Tracking : Az 86, El 16.
[15:43:20]  Ping Failed.
[15:43:25]  Tracking : Az 83, El 17.
[15:43:27]  Ping Failed.
[15:43:35]  Ping Failed.
[15:43:37]  Tracking : Az 80, El 17.
[15:43:42]  Ping Failed.
[15:43:49]  Ping Failed.
[15:43:51]  Tracking : Az 77, El 18.
[15:43:57]  Ping Failed.
[15:43:57]  Tracking : Az 75, El 18.
[15:44:04]  Ping Failed.
[15:44:08]  Tracking : Az 72, El 18.
[15:44:11]  Ping Failed.
[15:44:15]  Tracking : Az 70, El 18.
[15:44:19]  Ping Failed.
[15:44:26]  Tracking : Az 67, El 18.
[15:44:26]  Ping Failed.
[15:44:33]  Ping Failed.
[15:44:37]  Tracking : Az 64, El 18.
[15:44:41]  Ping Failed.
[15:44:44]  Tracking : Az 62, El 18.
[15:44:48]  Ping Failed.
[15:44:51]  Tracking : Az 60, El 18.
[15:44:55]  Ping Failed.
[15:45:02]  Tracking : Az 57, El 18.
[15:45:03]  Ping Failed.
[15:45:10]  Ping Failed.
[15:45:13]  Tracking : Az 54, El 18.
[15:45:17]  Ping Failed.
[15:45:25]  Ping Failed.
[15:45:25]  Tracking : Az 51, El 17.
[15:45:32]  Ping Failed.
[15:45:36]  Tracking : Az 48, El 17.
[15:45:39]  Ping Failed.
[15:45:44]  Tracking : Az 46, El 17.
[15:45:47]  Ping Failed.
[15:45:54]  Ping Failed.
[15:45:57]  Tracking : Az 43, El 16.
[15:46:01]  Ping Failed.
[15:46:09]  Ping Failed.
[15:46:09]  Tracking : Az 40, El 16.
[15:46:16]  Ping Failed.
[15:46:23]  Tracking : Az 37, El 15.
[15:46:23]  Ping Failed.
[15:46:31]  Ping Failed.
[15:46:37]  Tracking : Az 34, El 14.
[15:46:38]  Ping Failed.
[15:46:45]  Ping Failed.
[15:46:53]  Ping Failed.
[15:46:57]  Tracking : Az 30, El 13.
[15:47:00]  Ping Failed.
[15:47:07]  Ping Failed.
[15:47:13]  Tracking : Az 27, El 12.
[15:47:15]  Ping Failed.
[15:47:22]  Ping Failed.
[15:47:29]  Ping Failed.
[15:47:31]  Tracking : Az 24, El 11.
[15:47:37]  Ping Failed.
[15:47:44]  Ping Failed.
[15:47:51]  Tracking : Az 21, El 10.
[15:47:51]  Ping Failed.
[15:47:59]  Ping Failed.
[15:48:05]  Tracking : Az 19, El 9.
[15:48:06]  Ping Failed.
[15:48:13]  Ping Failed.
[15:48:21]  Ping Failed.
[15:48:28]  Tracking : Az 16, El 7.
[15:48:28]  Ping Failed.
[15:48:35]  Ping Failed.
[15:48:43]  Ping Failed.
[15:48:44]  Tracking : Az 14, El 6.
[15:48:50]  Ping Failed.
[15:48:57]  Ping Failed.
[15:49:05]  Ping Failed.
[15:49:12]  Tracking : Az 11, El 5.
[15:49:12]  Ping Failed.
[15:49:19]  Ping Failed.
[15:49:27]  Ping Failed.
[15:49:34]  Ping Failed.
[15:49:41]  Ping Failed.
[15:49:44]  Tracking : Az 8, El 3.
[15:49:49]  Ping Failed.
[15:49:56]  Ping Failed.
[15:50:03]  Ping Failed.
[15:50:11]  Ping Failed.
[15:50:18]  Ping Failed.
[15:50:21]  Tracking : Az 5, El 1.
[15:50:25]  Ping Failed.
[15:50:33]  Ping Failed.
[15:50:40]  Ping Failed.
[15:50:47]  Ping Failed.
[15:50:47]  [Auto]Stop Doppler Correction.
[15:50:48]  [Auto]Finish Engaging.
[15:50:48]  Tracking : Az 0, El 0.
[15:50:49]  [Auto]Beacon Success : 0, Ping Success : 0 CMD Success : 0
[15:50:49]  [Auto]Update TLE...
[15:50:52]  [Auto]TLE "active" Download Completed.
[15:50:55]  Forked Safe Amplifier Process. (OFF)
[15:50:55]  Reset GS100 watchdog.
[15:51:07]  [Auto]Start Autopilot. Next Valuable AOS : 1/27 17:15:25
[15:51:07]  [Auto]Max Elevation : 42.66° Please Keep Devices On.
[15:52:25]  [Auto]Autopilot Stopped by User.
[15:52:25]  [Auto]Stop Doppler Correction.
[15:52:25]  [Auto]Finish Engaging.
[15:52:25]  Tracking : Az 0, El 0.
[15:52:26]  [Auto]Beacon Success : 0, Ping Success : 0 CMD Success : 0
