2025-12-29 02:28
[02:28:55]  Connect to Switch Box.............Success.
[02:28:55]  Connect to Rotator................Success.
[02:28:55]  Connect to GS100..................Success.
[02:28:55]  TM Port 13 bind success.
[02:28:55]  BCN Port 31 bind success.
[02:28:55]  RPT Port 25 bind success.
[02:28:55]  Event Port 27 bind success.
[02:28:55]  COSMIC Beacon Port 23 bind success.
[02:28:55]  COSMIC Report Port 24 bind success.
[02:29:19]  TLE "cubesat" Download Completed.
[02:29:27]  Start Engaging.
[02:29:27]  Tracking : Az 351, El 0.
[02:29:28]  Start Doppler Correction.
[02:29:29]  Tracking : Az 351, El 0.
[02:29:31]  Tracking : Az 351, El 0.
[02:29:33]  Tracking : Az 351, El 0.
[02:29:35]  Tracking : Az 351, El 0.
[02:29:37]  Tracking : Az 351, El 0.
[02:29:39]  Tracking : Az 351, El 0.
[02:29:41]  Tracking : Az 351, El 0.
[02:29:43]  Tracking : Az 351, El 0.
[02:29:45]  Tracking : Az 351, El 0.
[02:29:47]  Tracking : Az 351, El 0.
[02:29:49]  Tracking : Az 351, El 0.
[02:29:51]  Tracking : Az 351, El 0.
[02:29:53]  Tracking : Az 351, El 0.
[02:29:55]  Tracking : Az 351, El 0.
[02:29:57]  Tracking : Az 351, El 0.
[02:29:59]  Tracking : Az 351, El 0.
[02:30:01]  Tracking : Az 351, El 0.
[02:30:03]  Tracking : Az 351, El 0.
[02:30:05]  Tracking : Az 351, El 0.
[02:30:07]  Tracking : Az 351, El 0.
[02:30:09]  Tracking : Az 351, El 0.
[02:30:11]  Tracking : Az 351, El 0.
[02:30:13]  Tracking : Az 351, El 0.
[02:30:15]  Tracking : Az 351, El 0.
[02:30:17]  Tracking : Az 351, El 0.
[02:30:19]  Tracking : Az 351, El 0.
[02:30:21]  Tracking : Az 351, El 0.
[02:30:23]  Tracking : Az 351, El 0.
[02:30:25]  Tracking : Az 351, El 0.
[02:43:39]  Tracking : Az 351, El 0.
[02:44:45]  Forked Safe Amplifier Process.(ON, Timer)
[02:45:09]  Ping Failed.
[02:45:14]  Tracking : Az 348, El 1.
[02:45:24]  Ping Failed.
[02:45:41]  Received Event from port : 27.

[02:45:41]  Received Report from port : 27.
[02:45:44]  Tracking : Az 345, El 3.
[02:45:51]  Received Event from port : 27.

[02:45:51]  Received Report from port : 27.
[02:45:53]  Received Event from port : 27.

[02:45:53]  Received Report from port : 27.
[02:46:01]  Received Event from port : 27.

[02:46:01]  Received Report from port : 27.
[02:46:10]  Tracking : Az 342, El 5.
[02:46:11]  Received Event from port : 27.

[02:46:11]  Received Report from port : 27.
[02:46:18]  [OK]CMD Packet Header: 0x18 0x75 0xc0 0x0 0x0 0x1 0x14 0x47
[02:46:19]  Received Report from port : 25.
[02:46:19]  Received Report from port : 25.
[02:46:19]  Received Report from port : 25.
[02:46:21]  Received Event from port : 27.

[02:46:21]  Received Report from port : 27.
[02:46:31]  Received Event from port : 27.

[02:46:31]  Received Report from port : 27.
[02:46:33]  Tracking : Az 339, El 6.
[02:46:34]  Received Event from port : 27.

[02:46:34]  Received Report from port : 27.
[02:46:41]  Received Event from port : 27.

[02:46:41]  Received Report from port : 27.
[02:46:51]  Received Event from port : 27.

[02:46:51]  Received Report from port : 27.
[02:46:54]  Tracking : Az 336, El 7.
[02:47:01]  Received Event from port : 27.

[02:47:01]  Received Report from port : 27.
[02:47:11]  Received Event from port : 27.

[02:47:11]  Received Report from port : 27.
[02:47:13]  Tracking : Az 333, El 8.
[02:47:15]  Received Event from port : 27.

[02:47:15]  Received Report from port : 27.
[02:47:21]  Received Event from port : 27.

[02:47:21]  Received Report from port : 27.
[02:47:31]  Received Event from port : 27.

[02:47:31]  Received Report from port : 27.
[02:47:35]  Tracking : Az 329, El 10.
[02:47:41]  Received Event from port : 27.

[02:47:41]  Received Report from port : 27.
[02:47:51]  Received Event from port : 27.

[02:47:51]  Received Report from port : 27.
[02:47:56]  Tracking : Az 325, El 11.
[02:47:56]  Received Event from port : 27.

[02:47:56]  Received Report from port : 27.
[02:48:01]  Received Event from port : 27.

[02:48:01]  Received Report from port : 27.
[02:48:02]  [OK]CMD Packet Header: 0x18 0x23 0xc0 0x0 0x0 0x5 0x4 0x9
[02:48:10]  Tracking : Az 322, El 12.
[02:48:15]  [OK]CMD Packet Header: 0x18 0x75 0xc0 0x0 0x0 0x1 0x14 0x47
[02:48:16]  Received Report from port : 25.
[02:48:17]  Received Report from port : 25.
[02:48:17]  Received Report from port : 25.
[02:48:23]  Tracking : Az 319, El 12.
[02:48:36]  Tracking : Az 316, El 13.
[02:48:41]  [OK]CMD Packet Header: 0x18 0x50 0xc0 0x0 0x0 0x1 0x6 0x70
[02:48:42]  Received Report from port : 25.
[02:48:42]  Received Report from port : 25.
[02:48:42]  Received Report from port : 25.
[02:48:48]  Tracking : Az 313, El 14.
[02:48:57]  [OK]CMD Packet Header: 0x18 0x75 0xc0 0x0 0x0 0x1 0x14 0x47
[02:48:58]  Received Report from port : 25.
[02:48:58]  Received Report from port : 25.
[02:48:59]  Received Report from port : 25.
[02:48:59]  Tracking : Az 310, El 14.
[02:49:06]  [OK]CMD Packet Header: 0x18 0x75 0xc0 0x0 0x0 0x5 0x1e 0xa2
[02:49:07]  Received Report from port : 25.
[02:49:08]  Received Report from port : 25.
[02:49:08]  Received Report from port : 25.
[02:49:11]  Tracking : Az 307, El 15.
[02:49:18]  [OK]CMD Packet Header: 0x18 0x75 0xc0 0x0 0x0 0x1 0x14 0x47
[02:49:19]  Received Report from port : 25.
[02:49:20]  Received Report from port : 25.
[02:49:20]  Received Report from port : 25.
[02:49:22]  Tracking : Az 304, El 15.
[02:49:32]  Tracking : Az 301, El 15.
[02:49:43]  Tracking : Az 298, El 15.
[02:49:53]  Tracking : Az 295, El 15.
[02:50:07]  Tracking : Az 291, El 15.
[02:50:17]  Tracking : Az 288, El 15.
[02:50:24]  Tracking : Az 286, El 15.
[02:50:35]  Tracking : Az 283, El 15.
[02:50:40]  [OK]CMD Packet Header: 0x18 0x65 0xc0 0x0 0x0 0x1 0x53 0x10
[02:50:41]  Received Report from port : 25.
[02:50:42]  Received Report from port : 25.
[02:50:42]  Received Report from port : 25.
[02:50:45]  Tracking : Az 280, El 15.
[02:50:53]  [OK]CMD Packet Header: 0x18 0x65 0xc0 0x0 0x0 0x1 0x54 0x17
[02:50:54]  Received Report from port : 25.
[02:50:55]  Received Report from port : 25.
[02:50:55]  Received Report from port : 25.
[02:50:56]  Tracking : Az 277, El 14.
[02:51:08]  Tracking : Az 274, El 14.
[02:51:19]  Tracking : Az 271, El 14.
[02:51:24]  AX100 Boot Count : 188
[02:51:31]  Tracking : Az 268, El 13.
[02:51:36]  [OK]CMD Packet Header: 0x18 0x75 0xc0 0x0 0x0 0x1 0x14 0x47
[02:51:37]  Received Report from port : 25.
[02:51:37]  Received Report from port : 25.
[02:51:38]  Received Report from port : 25.
[02:51:44]  Tracking : Az 265, El 12.
[02:51:46]  Forked Safe Amplifier Process. (OFF)
[02:51:50]  Finish Engaging.
[02:51:50]  Beacon Success : 0, Ping Success : 0
[02:51:51]  Tracking : Az 0, El 0.
