2026-06-11 14:51
[14:52:11]  Connect to Switch Box..............Failed.
[14:52:11]  Connect to Rotator.................Failed.
[14:52:11]  Connect to GS100..................Success.
[14:52:11]  BEE-1000 BCN Port 31 bind success.
[14:52:11]  Rotator Read Failed. Please Check Again.
[14:52:11]  BEE-1000 RPT Port 25 bind success.
[14:52:11]  BEE-1000 Event Port 27 bind success.
[14:52:11]  BEE-100 FM Port 23 bind success.
[14:52:11]  UEL-Y-Sys. BCN Port 12 bind success.
[14:52:11]  UEL-Y-Sys. RPT Port 10 bind success.
[14:52:11]  UEL-Y-Sys. Event Port 11 bind success.
[14:52:11]  UEL-Y-Sys. FM Port 14 bind success.
[14:52:11]  BEE-1012 BCN Port 17 bind success.
[14:52:11]  BEE-1012 RPT Port 15 bind success.
[14:52:11]  BEE-1012 Event Port 16 bind success.
[14:52:11]  BEE-1012 FM Port 18 bind success.
[14:52:15]  Cannot Read 20 parameters of Table 0.
[14:52:17]  Cannot Read 13 parameters of Table 1.
[14:52:21]  Cannot Read 18 parameters of Table 5.
