2025-12-27 12:59
[12:59:35]  Connect to Switch Box.............Success.
[12:59:35]  Connect to Rotator................Success.
[12:59:35]  Connect to GS100..................Success.
[12:59:35]  TM Port 13 bind success.
[12:59:35]  BCN Port 31 bind success.
[12:59:35]  RPT Port 25 bind success.
[12:59:35]  Event Port 27 bind success.
[12:59:35]  COSMIC Beacon Port 23 bind success.
[12:59:35]  COSMIC Report Port 24 bind success.
[13:00:24]  TLE "cubesat" Download Completed.
[13:00:33]  Start Engaging.
[13:00:33]  Tracking : Az 180, El 0.
[13:00:35]  Start Doppler Correction.
[13:00:35]  Tracking : Az 180, El 0.
[13:00:37]  Tracking : Az 180, El 0.
[13:00:39]  Tracking : Az 180, El 0.
[13:00:41]  Tracking : Az 180, El 0.
[13:00:43]  Tracking : Az 180, El 0.
[13:00:45]  Tracking : Az 180, El 0.
[13:00:47]  Tracking : Az 180, El 0.
[13:00:49]  Tracking : Az 180, El 0.
[13:00:51]  Tracking : Az 180, El 0.
[13:00:53]  Tracking : Az 180, El 0.
[13:00:55]  Tracking : Az 180, El 0.
[13:00:57]  Tracking : Az 180, El 0.
[13:00:59]  Tracking : Az 180, El 0.
[13:01:01]  Tracking : Az 180, El 0.
[13:01:03]  Tracking : Az 180, El 0.
[13:15:32]  Tracking : Az 182, El 2.
[13:15:34]  Forked Safe Amplifier Process.(ON, Timer)
[13:15:49]  Ping Success at node 5, 472ms
[13:15:59]  [OK]CMD Packet Header: 0x18 0x75 0xc0 0x0 0x0 0x1 0x14 0x47
[13:16:00]  Tracking : Az 183, El 4.
[13:16:09]  AX100 Boot Count : 188
[13:16:13]  [OK]CMD Packet Header: 0x18 0x75 0xc0 0x0 0x0 0x1 0x14 0x47
[13:16:27]  Tracking : Az 184, El 6.
[13:16:28]  Ping Failed at node 3.
[13:16:31]  Ping Success at node 5, 479ms
[13:16:35]  Ping Success at node 3, 476ms
[13:16:40]  [OK]CMD Packet Header: 0x18 0x75 0xc0 0x0 0x0 0x1 0x14 0x47
[13:16:41]  Received Report from port : 25.
[13:16:42]  Received Report from port : 25.
[13:16:42]  Received Report from port : 25.
[13:17:03]  Tracking : Az 186, El 9.
[13:17:11]  [OK]CMD Packet Header: 0x18 0x75 0xc0 0x0 0x0 0x1 0x1a 0x49
[13:17:12]  Received Report from port : 25.
[13:17:12]  Received Report from port : 25.
[13:17:12]  Received Report from port : 25.
[13:17:24]  Tracking : Az 188, El 11.
[13:17:26]  [OK]CMD Packet Header: 0x18 0x75 0xc0 0x0 0x0 0x5 0x1e 0xa2
[13:17:27]  Received Report from port : 25.
[13:17:27]  Received Report from port : 25.
[13:17:27]  Received Report from port : 25.
[13:17:39]  [OK]CMD Packet Header: 0x18 0x50 0xc0 0x0 0x0 0x1 0x6 0x70
[13:17:50]  Ping Failed.
[13:17:53]  Tracking : Az 190, El 14.
[13:17:59]  Ping Failed.
[13:18:03]  Ping Success at node 5, 470ms
[13:18:04]  [OK]CMD Packet Header: 0x18 0x50 0xc0 0x0 0x0 0x1 0x6 0x70
[13:18:05]  Received Report from port : 25.
[13:18:06]  Received Report from port : 25.
[13:18:06]  Received Report from port : 25.
[13:18:14]  [OK]CMD Packet Header: 0x18 0x75 0xc0 0x0 0x0 0x1 0x14 0x47
[13:18:15]  Received Report from port : 25.
[13:18:16]  Received Report from port : 25.
[13:18:16]  Received Report from port : 25.
[13:18:18]  Tracking : Az 193, El 17.
[13:18:27]  [OK]CMD Packet Header: 0x18 0x75 0xc0 0x0 0x0 0x1 0x14 0x47
[13:18:28]  Received Report from port : 25.
[13:18:28]  Received Report from port : 25.
[13:18:29]  Received Report from port : 25.
[13:18:38]  Tracking : Az 196, El 19.
[13:18:53]  Tracking : Az 198, El 22.
[13:19:08]  Tracking : Az 201, El 24.
[13:19:21]  Tracking : Az 204, El 26.
[13:19:33]  Tracking : Az 207, El 29.
[13:19:44]  Tracking : Az 210, El 31.
[13:19:47]  Tracking : Az 211, El 31.
[13:19:50]  [OK]CMD Packet Header: 0x18 0x75 0xc0 0x0 0x0 0x1 0x14 0x47
[13:19:51]  Tracking : Az 212, El 32.
[13:19:51]  Received Report from port : 25.
[13:19:51]  Received Report from port : 25.
[13:19:51]  Received Report from port : 25.
[13:19:53]  [OK]CMD Packet Header: 0x18 0x75 0xc0 0x0 0x0 0x1 0x14 0x47
[13:19:57]  Tracking : Az 214, El 33.
[13:19:59]  [OK]CMD Packet Header: 0x18 0x75 0xc0 0x0 0x0 0x1 0x14 0x47
[13:20:00]  Received Report from port : 25.
[13:20:00]  Received Report from port : 25.
[13:20:01]  Received Report from port : 25.
[13:20:04]  Tracking : Az 217, El 35.
[13:20:07]  Forked Safe Amplifier Process. (OFF)
[13:20:11]  Tracking : Az 220, El 36.
[13:20:13]  Finish Engaging.
[13:20:13]  Beacon Success : 0, Ping Success : 4
