2026-01-30 02:44
[02:44:45]  Connect to Switch Box.............Success.
[02:44:45]  Connect to Rotator................Success.
[02:44:45]  Connect to GS100..................Success.
[02:44:45]  TM Port 13 bind success.
[02:44:45]  BCN Port 31 bind success.
[02:44:45]  RPT Port 25 bind success.
[02:44:45]  Event Port 27 bind success.
[02:44:45]  COSMIC Beacon Port 23 bind success.
[02:44:45]  COSMIC Report Port 24 bind success.
[02:45:09]  TLE "active" Download Completed.
[02:45:20]  Tracking : Az 0, El 0.
[11:57:26]  Start Engaging.
[11:57:26]  Start Engaging.
[11:57:26]  Tracking : Az 19, El 6.
[11:57:28]  Start Doppler Correction.
[11:57:28]  Tracking : Az 19, El 6.
[11:57:30]  Tracking : Az 19, El 6.
[11:57:46]  Tracking : Az 16, El 5.
[11:57:48]  Tracking : Az 16, El 5.
[11:58:21]  Tracking : Az 12, El 3.
[11:58:23]  Tracking : Az 12, El 3.
[11:58:32]  Finish Engaging.
[11:58:32]  Beacon Success : 0, Ping Success : 0
[11:58:33]  Tracking : Az 0, El 0.
