2025-12-19 13:07
[13:07:13]  Connect to Switch Box.............Success.
[13:07:13]  Connect to Rotator................Success.
[13:07:13]  Connect to GS100..................Success.
[13:07:13]  TM Port 13 bind success.
[13:07:13]  BCN Port 31 bind success.
[13:07:13]  RPT Port 25 bind success.
[13:07:13]  Event Port 27 bind success.
[13:09:09]  TLE "cubesat" Download Completed.
[13:09:22]  Start Engaging.
[13:09:22]  Tracking : Az 183, El 0.
[13:09:24]  Tracking : Az 183, El 0.
[13:09:25]  Start Doppler Correction.
[13:09:26]  Tracking : Az 183, El 0.
[13:09:28]  Tracking : Az 183, El 0.
[13:09:30]  Tracking : Az 183, El 0.
[13:09:32]  Tracking : Az 183, El 0.
[13:09:34]  Tracking : Az 183, El 0.
[13:09:36]  Tracking : Az 183, El 0.
[13:09:38]  Tracking : Az 183, El 0.
[13:09:40]  Tracking : Az 183, El 0.
[13:09:42]  Tracking : Az 183, El 0.
[13:09:44]  Tracking : Az 183, El 0.
[13:09:46]  Tracking : Az 183, El 0.
[13:09:48]  Tracking : Az 183, El 0.
[13:09:50]  Tracking : Az 183, El 0.
[13:09:52]  Tracking : Az 183, El 0.
[13:19:55]  Forked Safe Amplifier Process.(ON, Timer)
[13:20:21]  Tracking : Az 185, El 1.
[13:20:29]  Ping Success at node 5, 471ms
[13:20:33]  Ping Success at node 5, 476ms
[13:20:43]  AX100 Boot Count : 21191
[13:20:48]  AX100 Boot Count : 21192
[13:20:52]  AX100 Boot Count : 21192
[13:20:52]  Tracking : Az 186, El 4.
[13:20:54]  Tracking : Az 186, El 4.
[13:20:57]  AX100 Boot Count : 21192
[13:21:01]  AX100 Boot Count : 21192
[13:21:05]  Cannot Load Remote Parameter.
[13:21:17]  Cannot Load Remote Parameter.
[13:21:18]  Tracking : Az 188, El 6.
[13:21:30]  Ping Success at node 5, 467ms
[13:21:35]  [OK]CMD Packet Header: 0x18 0x23 0xc0 0x0 0x0 0x8 0x2 0x18
[13:21:36]  [OK]CMD Packet Header: 0x18 0x19 0xc0 0x0 0x0 0x5 0x0 0x29
[13:21:43]  Tracking : Az 189, El 8.
[13:21:50]  [OK]CMD Packet Header: 0x18 0x23 0xc0 0x0 0x0 0x8 0x2 0x18
[13:21:51]  [OK]CMD Packet Header: 0x18 0x19 0xc0 0x0 0x0 0x5 0x0 0x29
[13:22:03]  [OK]CMD Packet Header: 0x18 0x23 0xc0 0x0 0x0 0x8 0x2 0x18
[13:22:04]  [OK]CMD Packet Header: 0x18 0x19 0xc0 0x0 0x0 0x5 0x0 0x29
[13:22:11]  Tracking : Az 192, El 10.
[13:22:23]  [OK]CMD Packet Header: 0x18 0x23 0xc0 0x0 0x0 0x8 0x2 0x18
[13:22:24]  [OK]CMD Packet Header: 0x18 0x19 0xc0 0x0 0x0 0x5 0x0 0x29
[13:22:35]  [OK]CMD Packet Header: 0x18 0x23 0xc0 0x0 0x0 0x8 0x2 0x18
[13:22:36]  Tracking : Az 194, El 13.
[13:22:37]  [OK]CMD Packet Header: 0x18 0x19 0xc0 0x0 0x0 0x5 0x0 0x29
[13:22:38]  Tracking : Az 194, El 13.
[13:22:52]  [OK]CMD Packet Header: 0x18 0x23 0xc0 0x0 0x0 0x8 0x2 0x18
[13:22:53]  [OK]CMD Packet Header: 0x18 0x19 0xc0 0x0 0x0 0x5 0x0 0x29
[13:22:58]  Tracking : Az 197, El 15.
[13:23:00]  Tracking : Az 197, El 15.
[13:23:02]  [OK]CMD Packet Header: 0x18 0x23 0xc0 0x0 0x0 0x8 0x2 0x18
[13:23:04]  [OK]CMD Packet Header: 0x18 0x19 0xc0 0x0 0x0 0x5 0x0 0x29
[13:23:09]  [OK]CMD Packet Header: 0x18 0x23 0xc0 0x0 0x0 0x8 0x2 0x18
[13:23:11]  [OK]CMD Packet Header: 0x18 0x19 0xc0 0x0 0x0 0x5 0x0 0x29
[13:23:11]  Tracking : Az 198, El 17.
[13:23:15]  [OK]CMD Packet Header: 0x18 0x23 0xc0 0x0 0x0 0x8 0x2 0x18
[13:23:16]  [OK]CMD Packet Header: 0x18 0x19 0xc0 0x0 0x0 0x5 0x0 0x29
[13:23:19]  [OK]CMD Packet Header: 0x18 0x23 0xc0 0x0 0x0 0x8 0x2 0x18
[13:23:21]  [OK]CMD Packet Header: 0x18 0x19 0xc0 0x0 0x0 0x5 0x0 0x29
[13:23:26]  [OK]CMD Packet Header: 0x18 0x23 0xc0 0x0 0x0 0x8 0x2 0x18
[13:23:26]  Tracking : Az 201, El 18.
[13:23:27]  [OK]CMD Packet Header: 0x18 0x19 0xc0 0x0 0x0 0x5 0x0 0x29
[13:23:28]  Tracking : Az 201, El 19.
[13:23:32]  [OK]CMD Packet Header: 0x18 0x23 0xc0 0x0 0x0 0x8 0x2 0x18
[13:23:34]  [OK]CMD Packet Header: 0x18 0x19 0xc0 0x0 0x0 0x5 0x0 0x29
[13:23:38]  [OK]CMD Packet Header: 0x18 0x23 0xc0 0x0 0x0 0x8 0x2 0x18
[13:23:39]  [OK]CMD Packet Header: 0x18 0x19 0xc0 0x0 0x0 0x5 0x0 0x29
[13:23:42]  Tracking : Az 204, El 21.
[13:23:44]  Tracking : Az 204, El 21.
[13:23:45]  [OK]CMD Packet Header: 0x18 0x23 0xc0 0x0 0x0 0x8 0x2 0x18
[13:23:46]  [OK]CMD Packet Header: 0x18 0x19 0xc0 0x0 0x0 0x5 0x0 0x29
[13:23:52]  [OK]CMD Packet Header: 0x18 0x23 0xc0 0x0 0x0 0x8 0x2 0x18
[13:23:53]  [OK]CMD Packet Header: 0x18 0x19 0xc0 0x0 0x0 0x5 0x0 0x29
[13:23:55]  Tracking : Az 206, El 23.
[13:23:57]  Tracking : Az 207, El 23.
[13:23:57]  [OK]CMD Packet Header: 0x18 0x23 0xc0 0x0 0x0 0x8 0x2 0x18
[13:23:59]  [OK]CMD Packet Header: 0x18 0x19 0xc0 0x0 0x0 0x5 0x0 0x29
[13:24:02]  [OK]CMD Packet Header: 0x18 0x23 0xc0 0x0 0x0 0x8 0x2 0x18
[13:24:03]  [OK]CMD Packet Header: 0x18 0x19 0xc0 0x0 0x0 0x5 0x0 0x29
[13:24:06]  [OK]CMD Packet Header: 0x18 0x23 0xc0 0x0 0x0 0x8 0x2 0x18
[13:24:08]  [OK]CMD Packet Header: 0x18 0x19 0xc0 0x0 0x0 0x5 0x0 0x29
[13:24:09]  Tracking : Az 210, El 25.
[13:24:10]  [OK]CMD Packet Header: 0x18 0x23 0xc0 0x0 0x0 0x8 0x2 0x18
[13:24:12]  [OK]CMD Packet Header: 0x18 0x19 0xc0 0x0 0x0 0x5 0x0 0x29
[13:24:14]  [OK]CMD Packet Header: 0x18 0x23 0xc0 0x0 0x0 0x8 0x2 0x18
[13:24:16]  [OK]CMD Packet Header: 0x18 0x19 0xc0 0x0 0x0 0x5 0x0 0x29
[13:24:19]  [OK]CMD Packet Header: 0x18 0x23 0xc0 0x0 0x0 0x8 0x2 0x18
[13:24:21]  [OK]CMD Packet Header: 0x18 0x19 0xc0 0x0 0x0 0x5 0x0 0x29
[13:24:21]  Tracking : Az 213, El 27.
[13:24:23]  Tracking : Az 213, El 27.
[13:24:25]  [OK]CMD Packet Header: 0x18 0x23 0xc0 0x0 0x0 0x8 0x2 0x18
[13:24:27]  [OK]CMD Packet Header: 0x18 0x19 0xc0 0x0 0x0 0x5 0x0 0x29
[13:24:30]  [OK]CMD Packet Header: 0x18 0x23 0xc0 0x0 0x0 0x8 0x2 0x18
[13:24:30]  Tracking : Az 216, El 28.
[13:24:31]  [OK]CMD Packet Header: 0x18 0x19 0xc0 0x0 0x0 0x5 0x0 0x29
[13:24:32]  Tracking : Az 216, El 29.
[13:24:33]  [OK]CMD Packet Header: 0x18 0x23 0xc0 0x0 0x0 0x8 0x2 0x18
[13:24:35]  [OK]CMD Packet Header: 0x18 0x19 0xc0 0x0 0x0 0x5 0x0 0x29
[13:24:37]  [OK]CMD Packet Header: 0x18 0x23 0xc0 0x0 0x0 0x8 0x2 0x18
[13:24:37]  Tracking : Az 218, El 29.
[13:24:38]  [OK]CMD Packet Header: 0x18 0x19 0xc0 0x0 0x0 0x5 0x0 0x29
[13:24:39]  Tracking : Az 219, El 30.
[13:24:40]  [OK]CMD Packet Header: 0x18 0x23 0xc0 0x0 0x0 0x8 0x2 0x18
[13:24:42]  [OK]CMD Packet Header: 0x18 0x19 0xc0 0x0 0x0 0x5 0x0 0x29
[13:24:44]  [OK]CMD Packet Header: 0x18 0x23 0xc0 0x0 0x0 0x8 0x2 0x18
[13:24:45]  Tracking : Az 221, El 31.
[13:24:46]  [OK]CMD Packet Header: 0x18 0x19 0xc0 0x0 0x0 0x5 0x0 0x29
[13:24:48]  [OK]CMD Packet Header: 0x18 0x23 0xc0 0x0 0x0 0x8 0x2 0x18
[13:24:48]  Tracking : Az 222, El 31.
[13:24:49]  [OK]CMD Packet Header: 0x18 0x19 0xc0 0x0 0x0 0x5 0x0 0x29
[13:24:51]  [OK]CMD Packet Header: 0x18 0x23 0xc0 0x0 0x0 0x8 0x2 0x18
[13:24:53]  [OK]CMD Packet Header: 0x18 0x19 0xc0 0x0 0x0 0x5 0x0 0x29
[13:24:55]  [OK]CMD Packet Header: 0x18 0x23 0xc0 0x0 0x0 0x8 0x2 0x18
[13:24:55]  Tracking : Az 225, El 32.
[13:24:56]  [OK]CMD Packet Header: 0x18 0x19 0xc0 0x0 0x0 0x5 0x0 0x29
[13:24:57]  Tracking : Az 226, El 33.
[13:24:59]  [OK]CMD Packet Header: 0x18 0x23 0xc0 0x0 0x0 0x8 0x2 0x18
[13:25:00]  [OK]CMD Packet Header: 0x18 0x19 0xc0 0x0 0x0 0x5 0x0 0x29
[13:25:02]  [OK]CMD Packet Header: 0x18 0x23 0xc0 0x0 0x0 0x8 0x2 0x18
[13:25:03]  [OK]CMD Packet Header: 0x18 0x19 0xc0 0x0 0x0 0x5 0x0 0x29
[13:25:04]  Tracking : Az 229, El 34.
[13:25:04]  [OK]CMD Packet Header: 0x18 0x23 0xc0 0x0 0x0 0x8 0x2 0x18
[13:25:06]  [OK]CMD Packet Header: 0x18 0x19 0xc0 0x0 0x0 0x5 0x0 0x29
[13:25:06]  Tracking : Az 230, El 34.
[13:25:07]  [OK]CMD Packet Header: 0x18 0x23 0xc0 0x0 0x0 0x8 0x2 0x18
[13:25:08]  [OK]CMD Packet Header: 0x18 0x19 0xc0 0x0 0x0 0x5 0x0 0x29
[13:25:10]  [OK]CMD Packet Header: 0x18 0x23 0xc0 0x0 0x0 0x8 0x2 0x18
[13:25:11]  [OK]CMD Packet Header: 0x18 0x19 0xc0 0x0 0x0 0x5 0x0 0x29
[13:25:12]  [OK]CMD Packet Header: 0x18 0x23 0xc0 0x0 0x0 0x8 0x2 0x18
[13:25:13]  Tracking : Az 233, El 35.
[13:25:13]  [OK]CMD Packet Header: 0x18 0x19 0xc0 0x0 0x0 0x5 0x0 0x29
[13:25:15]  [OK]CMD Packet Header: 0x18 0x23 0xc0 0x0 0x0 0x8 0x2 0x18
[13:25:15]  Tracking : Az 234, El 35.
[13:25:16]  [OK]CMD Packet Header: 0x18 0x19 0xc0 0x0 0x0 0x5 0x0 0x29
[13:25:17]  [OK]CMD Packet Header: 0x18 0x23 0xc0 0x0 0x0 0x8 0x2 0x18
[13:25:19]  [OK]CMD Packet Header: 0x18 0x19 0xc0 0x0 0x0 0x5 0x0 0x29
[13:25:20]  [OK]CMD Packet Header: 0x18 0x23 0xc0 0x0 0x0 0x8 0x2 0x18
[13:25:21]  Tracking : Az 237, El 36.
[13:25:22]  [OK]CMD Packet Header: 0x18 0x19 0xc0 0x0 0x0 0x5 0x0 0x29
[13:25:23]  [OK]CMD Packet Header: 0x18 0x23 0xc0 0x0 0x0 0x8 0x2 0x18
[13:25:23]  Tracking : Az 238, El 37.
[13:25:24]  [OK]CMD Packet Header: 0x18 0x19 0xc0 0x0 0x0 0x5 0x0 0x29
[13:25:26]  [OK]CMD Packet Header: 0x18 0x23 0xc0 0x0 0x0 0x8 0x2 0x18
[13:25:26]  Tracking : Az 240, El 37.
[13:25:27]  [OK]CMD Packet Header: 0x18 0x19 0xc0 0x0 0x0 0x5 0x0 0x29
[13:25:28]  Tracking : Az 241, El 37.
[13:25:29]  [OK]CMD Packet Header: 0x18 0x23 0xc0 0x0 0x0 0x8 0x2 0x18
[13:25:30]  [OK]CMD Packet Header: 0x18 0x19 0xc0 0x0 0x0 0x5 0x0 0x29
[13:25:31]  Tracking : Az 243, El 37.
[13:25:32]  [OK]CMD Packet Header: 0x18 0x23 0xc0 0x0 0x0 0x8 0x2 0x18
[13:25:33]  [OK]CMD Packet Header: 0x18 0x19 0xc0 0x0 0x0 0x5 0x0 0x29
[13:25:33]  Tracking : Az 244, El 38.
[13:25:35]  [OK]CMD Packet Header: 0x18 0x23 0xc0 0x0 0x0 0x8 0x2 0x18
[13:25:36]  [OK]CMD Packet Header: 0x18 0x19 0xc0 0x0 0x0 0x5 0x0 0x29
[13:25:37]  [OK]CMD Packet Header: 0x18 0x23 0xc0 0x0 0x0 0x8 0x2 0x18
[13:25:39]  [OK]CMD Packet Header: 0x18 0x19 0xc0 0x0 0x0 0x5 0x0 0x29
[13:25:39]  Tracking : Az 247, El 38.
[13:25:40]  [OK]CMD Packet Header: 0x18 0x23 0xc0 0x0 0x0 0x8 0x2 0x18
[13:25:41]  Tracking : Az 249, El 38.
[13:25:42]  [OK]CMD Packet Header: 0x18 0x19 0xc0 0x0 0x0 0x5 0x0 0x29
[13:25:43]  [OK]CMD Packet Header: 0x18 0x23 0xc0 0x0 0x0 0x8 0x2 0x18
[13:25:44]  [OK]CMD Packet Header: 0x18 0x19 0xc0 0x0 0x0 0x5 0x0 0x29
[13:25:46]  [OK]CMD Packet Header: 0x18 0x23 0xc0 0x0 0x0 0x8 0x2 0x18
[13:25:47]  Tracking : Az 252, El 39.
[13:25:47]  [OK]CMD Packet Header: 0x18 0x19 0xc0 0x0 0x0 0x5 0x0 0x29
[13:25:49]  [OK]CMD Packet Header: 0x18 0x23 0xc0 0x0 0x0 0x8 0x2 0x18
[13:25:49]  Tracking : Az 254, El 39.
[13:25:50]  [OK]CMD Packet Header: 0x18 0x19 0xc0 0x0 0x0 0x5 0x0 0x29
[13:25:51]  Tracking : Az 255, El 39.
[13:25:51]  [OK]CMD Packet Header: 0x18 0x23 0xc0 0x0 0x0 0x8 0x2 0x18
[13:25:53]  [OK]CMD Packet Header: 0x18 0x19 0xc0 0x0 0x0 0x5 0x0 0x29
[13:25:54]  Tracking : Az 257, El 39.
[13:25:54]  [OK]CMD Packet Header: 0x18 0x23 0xc0 0x0 0x0 0x8 0x2 0x18
[13:25:56]  [OK]CMD Packet Header: 0x18 0x19 0xc0 0x0 0x0 0x5 0x0 0x29
[13:25:56]  Tracking : Az 258, El 39.
[13:25:57]  [OK]CMD Packet Header: 0x18 0x23 0xc0 0x0 0x0 0x8 0x2 0x18
[13:25:58]  [OK]CMD Packet Header: 0x18 0x19 0xc0 0x0 0x0 0x5 0x0 0x29
[13:26:00]  [OK]CMD Packet Header: 0x18 0x23 0xc0 0x0 0x0 0x8 0x2 0x18
[13:26:00]  Tracking : Az 261, El 39.
[13:26:01]  [OK]CMD Packet Header: 0x18 0x19 0xc0 0x0 0x0 0x5 0x0 0x29
[13:26:02]  Tracking : Az 262, El 39.
[13:26:03]  [OK]CMD Packet Header: 0x18 0x23 0xc0 0x0 0x0 0x8 0x2 0x18
[13:26:04]  [OK]CMD Packet Header: 0x18 0x19 0xc0 0x0 0x0 0x5 0x0 0x29
[13:26:05]  [OK]CMD Packet Header: 0x18 0x23 0xc0 0x0 0x0 0x8 0x2 0x18
[13:26:07]  [OK]CMD Packet Header: 0x18 0x19 0xc0 0x0 0x0 0x5 0x0 0x29
[13:26:07]  Tracking : Az 265, El 39.
[13:26:08]  [OK]CMD Packet Header: 0x18 0x23 0xc0 0x0 0x0 0x8 0x2 0x18
[13:26:09]  Tracking : Az 266, El 39.
[13:26:09]  [OK]CMD Packet Header: 0x18 0x19 0xc0 0x0 0x0 0x5 0x0 0x29
[13:26:11]  [OK]CMD Packet Header: 0x18 0x23 0xc0 0x0 0x0 0x8 0x2 0x18
[13:26:12]  [OK]CMD Packet Header: 0x18 0x19 0xc0 0x0 0x0 0x5 0x0 0x29
[13:26:14]  [OK]CMD Packet Header: 0x18 0x23 0xc0 0x0 0x0 0x8 0x2 0x18
[13:26:15]  [OK]CMD Packet Header: 0x18 0x19 0xc0 0x0 0x0 0x5 0x0 0x29
[13:26:15]  Tracking : Az 270, El 39.
[13:26:16]  [OK]CMD Packet Header: 0x18 0x23 0xc0 0x0 0x0 0x8 0x2 0x18
[13:26:17]  Tracking : Az 271, El 39.
[13:26:18]  [OK]CMD Packet Header: 0x18 0x19 0xc0 0x0 0x0 0x5 0x0 0x29
[13:26:19]  [OK]CMD Packet Header: 0x18 0x23 0xc0 0x0 0x0 0x8 0x2 0x18
[13:26:20]  [OK]CMD Packet Header: 0x18 0x19 0xc0 0x0 0x0 0x5 0x0 0x29
[13:26:22]  [OK]CMD Packet Header: 0x18 0x23 0xc0 0x0 0x0 0x8 0x2 0x18
[13:26:23]  Tracking : Az 275, El 38.
[13:26:23]  [OK]CMD Packet Header: 0x18 0x19 0xc0 0x0 0x0 0x5 0x0 0x29
[13:26:25]  [OK]CMD Packet Header: 0x18 0x23 0xc0 0x0 0x0 0x8 0x2 0x18
[13:26:25]  Tracking : Az 276, El 38.
[13:26:26]  [OK]CMD Packet Header: 0x18 0x19 0xc0 0x0 0x0 0x5 0x0 0x29
[13:26:27]  [OK]CMD Packet Header: 0x18 0x23 0xc0 0x0 0x0 0x8 0x2 0x18
[13:26:29]  [OK]CMD Packet Header: 0x18 0x19 0xc0 0x0 0x0 0x5 0x0 0x29
[13:26:30]  [OK]CMD Packet Header: 0x18 0x23 0xc0 0x0 0x0 0x8 0x2 0x18
[13:26:31]  Tracking : Az 280, El 37.
[13:26:31]  [OK]CMD Packet Header: 0x18 0x19 0xc0 0x0 0x0 0x5 0x0 0x29
[13:26:33]  [OK]CMD Packet Header: 0x18 0x23 0xc0 0x0 0x0 0x8 0x2 0x18
[13:26:33]  Tracking : Az 281, El 37.
[13:26:34]  [OK]CMD Packet Header: 0x18 0x19 0xc0 0x0 0x0 0x5 0x0 0x29
[13:26:36]  [OK]CMD Packet Header: 0x18 0x23 0xc0 0x0 0x0 0x8 0x2 0x18
[13:26:37]  [OK]CMD Packet Header: 0x18 0x19 0xc0 0x0 0x0 0x5 0x0 0x29
[13:26:38]  Tracking : Az 284, El 37.
[13:26:38]  [OK]CMD Packet Header: 0x18 0x23 0xc0 0x0 0x0 0x8 0x2 0x18
[13:26:40]  [OK]CMD Packet Header: 0x18 0x19 0xc0 0x0 0x0 0x5 0x0 0x29
[13:26:40]  Tracking : Az 285, El 36.
[13:26:41]  [OK]CMD Packet Header: 0x18 0x23 0xc0 0x0 0x0 0x8 0x2 0x18
[13:26:42]  [OK]CMD Packet Header: 0x18 0x19 0xc0 0x0 0x0 0x5 0x0 0x29
[13:26:44]  [OK]CMD Packet Header: 0x18 0x23 0xc0 0x0 0x0 0x8 0x2 0x18
[13:26:45]  [OK]CMD Packet Header: 0x18 0x19 0xc0 0x0 0x0 0x5 0x0 0x29
[13:26:46]  Tracking : Az 288, El 36.
[13:26:46]  [OK]CMD Packet Header: 0x18 0x23 0xc0 0x0 0x0 0x8 0x2 0x18
[13:26:48]  [OK]CMD Packet Header: 0x18 0x19 0xc0 0x0 0x0 0x5 0x0 0x29
[13:26:48]  Tracking : Az 289, El 35.
[13:26:49]  [OK]CMD Packet Header: 0x18 0x23 0xc0 0x0 0x0 0x8 0x2 0x18
[13:26:51]  [OK]CMD Packet Header: 0x18 0x19 0xc0 0x0 0x0 0x5 0x0 0x29
[13:26:52]  [OK]CMD Packet Header: 0x18 0x23 0xc0 0x0 0x0 0x8 0x2 0x18
[13:26:53]  [OK]CMD Packet Header: 0x18 0x19 0xc0 0x0 0x0 0x5 0x0 0x29
[13:26:54]  Tracking : Az 292, El 34.
[13:26:55]  [OK]CMD Packet Header: 0x18 0x23 0xc0 0x0 0x0 0x8 0x2 0x18
[13:26:56]  Tracking : Az 293, El 34.
[13:26:56]  [OK]CMD Packet Header: 0x18 0x19 0xc0 0x0 0x0 0x5 0x0 0x29
[13:26:58]  [OK]CMD Packet Header: 0x18 0x23 0xc0 0x0 0x0 0x8 0x2 0x18
[13:26:59]  [OK]CMD Packet Header: 0x18 0x19 0xc0 0x0 0x0 0x5 0x0 0x29
[13:27:01]  [OK]CMD Packet Header: 0x18 0x23 0xc0 0x0 0x0 0x8 0x2 0x18
[13:27:02]  [OK]CMD Packet Header: 0x18 0x19 0xc0 0x0 0x0 0x5 0x0 0x29
[13:27:02]  Tracking : Az 295, El 33.
[13:27:03]  [OK]CMD Packet Header: 0x18 0x23 0xc0 0x0 0x0 0x8 0x2 0x18
[13:27:05]  [OK]CMD Packet Header: 0x18 0x19 0xc0 0x0 0x0 0x5 0x0 0x29
[13:27:05]  Tracking : Az 297, El 33.
[13:27:06]  [OK]CMD Packet Header: 0x18 0x23 0xc0 0x0 0x0 0x8 0x2 0x18
[13:27:07]  Tracking : Az 298, El 32.
[13:27:08]  [OK]CMD Packet Header: 0x18 0x19 0xc0 0x0 0x0 0x5 0x0 0x29
[13:27:10]  [OK]CMD Packet Header: 0x18 0x23 0xc0 0x0 0x0 0x8 0x2 0x18
[13:27:11]  [OK]CMD Packet Header: 0x18 0x19 0xc0 0x0 0x0 0x5 0x0 0x29
[13:27:13]  AX100 Boot Count : 21200
[13:27:15]  Tracking : Az 301, El 31.
[13:27:17]  Tracking : Az 301, El 31.
[13:27:18]  [OK]CMD Packet Header: 0x18 0x23 0xc0 0x0 0x0 0x8 0x2 0x18
[13:27:19]  [OK]CMD Packet Header: 0x18 0x19 0xc0 0x0 0x0 0x5 0x0 0x29
[13:27:22]  [OK]CMD Packet Header: 0x18 0x23 0xc0 0x0 0x0 0x8 0x2 0x18
[13:27:23]  Tracking : Az 304, El 30.
[13:27:23]  [OK]CMD Packet Header: 0x18 0x19 0xc0 0x0 0x0 0x5 0x0 0x29
[13:27:25]  Tracking : Az 304, El 29.
[13:27:28]  Cannot Load Remote Parameter.
[13:27:29]  [OK]CMD Packet Header: 0x18 0x23 0xc0 0x0 0x0 0x8 0x2 0x18
[13:27:29]  Tracking : Az 306, El 29.
[13:27:30]  [OK]CMD Packet Header: 0x18 0x19 0xc0 0x0 0x0 0x5 0x0 0x29
[13:27:32]  Tracking : Az 307, El 28.
[13:27:33]  AX100 Boot Count : 21201
[13:27:40]  [OK]CMD Packet Header: 0x18 0x23 0xc0 0x0 0x0 0x8 0x2 0x18
[13:27:41]  [OK]CMD Packet Header: 0x18 0x19 0xc0 0x0 0x0 0x5 0x0 0x29
[13:27:42]  Tracking : Az 310, El 27.
[13:27:44]  AX100 Boot Count : 21201
[13:27:44]  Tracking : Az 310, El 26.
[13:27:45]  [OK]CMD Packet Header: 0x18 0x23 0xc0 0x0 0x0 0x8 0x2 0x18
[13:27:47]  [OK]CMD Packet Header: 0x18 0x19 0xc0 0x0 0x0 0x5 0x0 0x29
[13:27:49]  AX100 Boot Count : 21201
[13:27:50]  [OK]CMD Packet Header: 0x18 0x23 0xc0 0x0 0x0 0x8 0x2 0x18
[13:27:52]  [OK]CMD Packet Header: 0x18 0x19 0xc0 0x0 0x0 0x5 0x0 0x29
[13:27:53]  Tracking : Az 313, El 25.
[13:27:54]  AX100 Boot Count : 21201
[13:27:55]  [OK]CMD Packet Header: 0x18 0x23 0xc0 0x0 0x0 0x8 0x2 0x18
[13:27:57]  [OK]CMD Packet Header: 0x18 0x19 0xc0 0x0 0x0 0x5 0x0 0x29
[13:28:00]  AX100 Boot Count : 21201
[13:28:01]  [OK]CMD Packet Header: 0x18 0x23 0xc0 0x0 0x0 0x8 0x2 0x18
[13:28:02]  [OK]CMD Packet Header: 0x18 0x19 0xc0 0x0 0x0 0x5 0x0 0x29
[13:28:05]  Tracking : Az 316, El 23.
[13:28:07]  Tracking : Az 316, El 23.
[13:28:08]  Ping Success at node 5, 464ms
[13:28:20]  Cannot Load Remote Parameter.
[13:28:20]  Tracking : Az 319, El 21.
[13:28:22]  Total RX Bytes : 4013
[13:28:22]  Tracking : Az 319, El 21.
[13:28:26]  Remote Param Control OK. tx_inhibit : 0
[13:28:29]  Remote Param Control OK. csp_rtable : 0/0 AX100, 3/5 CAN
[13:28:31]  Tracking : Az 321, El 19.
[13:28:33]  Remote Param Control OK. Active Conf : 1
[13:28:33]  Tracking : Az 321, El 19.
[13:28:35]  Remote Param Control OK. Last RSSI : -97
[13:28:40]  Cannot Load Remote Parameter.
[13:28:43]  Cannot Load Remote Parameter.
[13:28:45]  Remote Param Control OK. tx_baud : 4800
[13:28:47]  Remote Param Control OK. rx_baud : 4800
[13:28:49]  Tracking : Az 324, El 17.
[13:28:51]  Remote Param Control OK. tx_pwr : 3
[13:28:51]  Tracking : Az 324, El 17.
[13:28:55]  AX100 Boot Count : 21203
[13:29:07]  AX100 Boot Count : 21203
[13:29:10]  Tracking : Az 326, El 14.
[13:29:12]  Tracking : Az 327, El 14.
[13:29:16]  AX100 Boot Count : 21203
[13:29:16]  Tracking : Az 327, El 14.
[13:29:24]  AX100 Boot Count : 21203
[13:29:30]  AX100 Boot Count : 21203
[13:29:39]  Tracking : Az 330, El 11.
[13:29:41]  Tracking : Az 330, El 11.
[13:29:45]  AX100 Boot Count : 21204
[13:29:54]  AX100 Boot Count : 21204
[13:30:08]  Ping Failed at node 3.
[13:30:11]  AX100 Boot Count : 21204
[13:30:13]  Tracking : Az 333, El 8.
[13:30:15]  Tracking : Az 333, El 8.
[13:30:20]  AX100 Boot Count : 21205
[13:30:30]  AX100 Boot Count : 21205
[13:30:37]  AX100 Boot Count : 21205
[13:30:41]  AX100 Boot Count : 21205
[13:30:43]  AX100 Boot Count : 21205
[13:30:46]  AX100 Boot Count : 21205
[13:30:48]  Tracking : Az 335, El 5.
[13:30:49]  AX100 Boot Count : 21205
[13:30:51]  AX100 Boot Count : 21205
[13:30:54]  AX100 Boot Count : 21205
[13:30:56]  AX100 Boot Count : 21205
[13:30:58]  AX100 Boot Count : 21205
[13:31:01]  AX100 Boot Count : 21205
[13:31:05]  Cannot Load Remote Parameter.
[13:31:06]  AX100 Boot Count : 21206
[13:31:09]  AX100 Boot Count : 21206
[13:31:14]  Cannot Load Remote Parameter.
[13:31:16]  Tracking : Az 337, El 3.
[13:31:19]  AX100 Boot Count : 21206
[13:31:21]  AX100 Boot Count : 21206
[13:31:24]  AX100 Boot Count : 21206
[13:31:26]  AX100 Boot Count : 21206
[13:31:29]  AX100 Boot Count : 21206
[13:31:31]  AX100 Boot Count : 21206
[13:31:33]  AX100 Boot Count : 21206
[13:31:36]  AX100 Boot Count : 21206
[13:31:38]  AX100 Boot Count : 21206
[13:31:42]  Cannot Load Remote Parameter.
[13:31:43]  AX100 Boot Count : 21206
[13:31:46]  AX100 Boot Count : 21206
[13:31:48]  AX100 Boot Count : 21207
[13:31:52]  Cannot Load Remote Parameter.
[13:31:57]  Cannot Load Remote Parameter.
[13:32:01]  Tracking : Az 339, El 0.
[13:32:03]  Tracking : Az 339, El 0.
[13:32:08]  Forked Safe Amplifier Process. (OFF)
[13:32:11]  Finish Engaging.
[13:32:11]  Beacon Success : 0, Ping Success : 4
