2025-12-23 12:28
[12:28:25]  Connect to Switch Box.............Success.
[12:28:25]  Connect to Rotator................Success.
[12:28:25]  Connect to GS100..................Success.
[12:28:25]  TM Port 13 bind success.
[12:28:25]  BCN Port 31 bind success.
[12:28:25]  RPT Port 25 bind success.
[12:28:25]  Event Port 27 bind success.
[12:28:25]  COSMIC Beacon Port 23 bind success.
[12:28:25]  COSMIC Report Port 24 bind success.
[12:32:06]  TLE "cubesat" Download Completed.
[12:32:11]  Start Engaging.
[12:32:11]  Tracking : Az 159, El 0.
[12:32:12]  Start Doppler Correction.
[12:32:13]  Tracking : Az 159, El 0.
[12:32:15]  Tracking : Az 159, El 0.
[12:32:17]  Tracking : Az 159, El 0.
[12:32:19]  Tracking : Az 159, El 0.
[12:32:21]  Tracking : Az 159, El 0.
[12:32:23]  Tracking : Az 159, El 0.
[12:32:25]  Tracking : Az 159, El 0.
[12:32:27]  Tracking : Az 159, El 0.
[12:32:29]  Tracking : Az 159, El 0.
[12:32:31]  Tracking : Az 159, El 0.
[12:32:33]  Tracking : Az 159, El 0.
[12:32:35]  Tracking : Az 159, El 0.
[12:32:37]  Tracking : Az 159, El 0.
[12:32:39]  Tracking : Az 159, El 0.
[12:40:05]  Forked Safe Amplifier Process.(ON, Timer)
[12:40:08]  Ping Success at node 5, 481ms
[12:40:17]  [OK]CMD Packet Header: 0x18 0x75 0xc0 0x0 0x0 0x1 0x14 0x47
[12:40:18]  Received Report from port : 25.
[12:40:18]  Received Report from port : 25.
[12:40:19]  Received Report from port : 25.
[12:40:26]  Tracking : Az 159, El 3.
[12:40:28]  Tracking : Az 159, El 3.
[12:40:33]  [OK]CMD Packet Header: 0x18 0x75 0xc0 0x0 0x0 0x1 0x1a 0x49
[12:40:39]  Ping Failed.
[12:40:48]  Ping Success at node 5, 470ms
[12:40:50]  [OK]CMD Packet Header: 0x18 0x75 0xc0 0x0 0x0 0x1 0x1a 0x0
[12:40:51]  Received Report from port : 25.
[12:40:51]  Received Report from port : 25.
[12:40:51]  Received Report from port : 25.
[12:41:02]  [OK]CMD Packet Header: 0x18 0x75 0xc0 0x0 0x0 0x1 0x1a 0x49
[12:41:02]  Received Report from port : 25.
[12:41:03]  Received Report from port : 25.
[12:41:03]  Received Report from port : 25.
[12:41:06]  Tracking : Az 158, El 6.
[12:41:08]  Tracking : Az 158, El 6.
[12:41:09]  [OK]CMD Packet Header: 0x18 0x75 0xc0 0x0 0x0 0x1 0x17 0x44
[12:41:10]  Received Report from port : 25.
[12:41:11]  Received Report from port : 25.
[12:41:11]  Received Report from port : 25.
[12:41:32]  [OK]CMD Packet Header: 0x18 0x75 0xc0 0x0 0x0 0x1 0x17 0x0
[12:41:33]  Received Report from port : 25.
[12:41:34]  Received Report from port : 25.
[12:41:34]  Received Report from port : 25.
[12:41:40]  Tracking : Az 157, El 9.
[12:41:42]  Tracking : Az 157, El 9.
[12:41:47]  [OK]CMD Packet Header: 0x18 0x75 0xc0 0x0 0x0 0x1 0x14 0x47
[12:41:58]  [OK]CMD Packet Header: 0x18 0x75 0xc0 0x0 0x0 0x1 0x14 0x47
[12:41:59]  Received Report from port : 25.
[12:42:00]  Received Report from port : 25.
[12:42:00]  Received Report from port : 25.
[12:42:01]  Tracking : Az 156, El 11.
[12:42:19]  Tracking : Az 156, El 13.
[12:42:28]  [OK]CMD Packet Header: 0x18 0x65 0xc0 0x0 0x0 0x1 0x53 0x10
[12:42:29]  Received Report from port : 25.
[12:42:29]  Received Report from port : 25.
[12:42:30]  Received Report from port : 25.
[12:42:44]  Tracking : Az 155, El 16.
[12:42:46]  Tracking : Az 155, El 16.
[12:42:59]  Tracking : Az 154, El 18.
[12:43:18]  Tracking : Az 153, El 21.
[12:43:20]  Tracking : Az 153, El 21.
[12:43:21]  [OK]CMD Packet Header: 0x18 0x65 0xc0 0x0 0x0 0x1 0x54 0x17
[12:43:22]  Received Report from port : 25.
[12:43:23]  Received Report from port : 25.
[12:43:23]  Received Report from port : 25.
[12:43:30]  Tracking : Az 152, El 23.
[12:43:32]  Tracking : Az 152, El 23.
[12:43:40]  Tracking : Az 151, El 25.
[12:43:42]  Tracking : Az 151, El 25.
[12:43:50]  Tracking : Az 150, El 27.
[12:43:52]  Tracking : Az 150, El 27.
[12:44:03]  Tracking : Az 148, El 30.
[12:44:05]  Tracking : Az 148, El 30.
[12:44:15]  Tracking : Az 147, El 33.
[12:44:26]  Tracking : Az 145, El 36.
[12:44:33]  Tracking : Az 143, El 38.
[12:44:42]  Tracking : Az 141, El 41.
[12:44:44]  Tracking : Az 141, El 41.
[12:44:48]  Tracking : Az 139, El 43.
[12:44:50]  Tracking : Az 139, El 43.
[12:44:51]  [OK]CMD Packet Header: 0x18 0x65 0xc0 0x0 0x0 0x12 0x28 0x69
[12:44:51]  Received Report from port : 25.
[12:44:52]  Received Report from port : 25.
[12:44:52]  Received Report from port : 25.
[12:44:56]  Tracking : Az 137, El 46.
[12:44:58]  Tracking : Az 136, El 46.
[12:44:59]  [OK]CMD Packet Header: 0x18 0x65 0xc0 0x0 0x0 0x1 0x54 0x17
[12:45:00]  Received Report from port : 25.
[12:45:01]  Received Report from port : 25.
[12:45:01]  Received Report from port : 25.
[12:45:04]  Tracking : Az 134, El 49.
[12:45:06]  Tracking : Az 133, El 49.
[12:45:12]  Tracking : Az 130, El 52.
[12:45:14]  Tracking : Az 128, El 52.
[12:45:20]  Tracking : Az 125, El 55.
[12:45:22]  Tracking : Az 123, El 56.
[12:45:27]  Tracking : Az 119, El 58.
[12:45:29]  Tracking : Az 117, El 58.
[12:45:32]  Tracking : Az 115, El 59.
[12:45:34]  Tracking : Az 113, El 60.
[12:45:36]  Tracking : Az 111, El 61.
[12:45:38]  Tracking : Az 108, El 62.
[12:45:40]  Tracking : Az 106, El 62.
[12:45:42]  Tracking : Az 103, El 63.
[12:45:44]  Tracking : Az 101, El 63.
[12:45:44]  [OK]CMD Packet Header: 0x18 0x65 0xc0 0x0 0x0 0x1 0x53 0x10
[12:45:45]  Received Report from port : 25.
[12:45:46]  Received Report from port : 25.
[12:45:46]  Tracking : Az 98, El 64.
[12:45:46]  Received Report from port : 25.
[12:45:48]  Tracking : Az 95, El 64.
[12:45:50]  Tracking : Az 92, El 65.
[12:45:52]  Tracking : Az 89, El 65.
[12:45:54]  Tracking : Az 86, El 65.
[12:45:56]  Tracking : Az 83, El 65.
[12:45:58]  Tracking : Az 80, El 66.
[12:46:00]  Tracking : Az 76, El 66.
[12:46:02]  Tracking : Az 73, El 66.
[12:46:04]  Tracking : Az 70, El 66.
[12:46:06]  Tracking : Az 67, El 65.
[12:46:08]  Tracking : Az 63, El 65.
[12:46:10]  Tracking : Az 60, El 65.
[12:46:12]  Tracking : Az 57, El 65.
[12:46:14]  Tracking : Az 54, El 64.
[12:46:16]  Tracking : Az 51, El 64.
[12:46:18]  Tracking : Az 49, El 63.
[12:46:20]  Tracking : Az 46, El 63.
[12:46:22]  Tracking : Az 44, El 62.
[12:46:24]  Tracking : Az 41, El 61.
[12:46:26]  Tracking : Az 39, El 61.
[12:46:28]  Tracking : Az 37, El 60.
[12:46:30]  Tracking : Az 35, El 59.
[12:46:32]  Tracking : Az 33, El 59.
[12:46:34]  Tracking : Az 31, El 58.
[12:46:36]  Tracking : Az 30, El 57.
[12:46:39]  Tracking : Az 27, El 56.
[12:46:41]  Tracking : Az 26, El 55.
[12:46:47]  Tracking : Az 22, El 53.
[12:46:49]  Tracking : Az 21, El 52.
[12:46:52]  Tracking : Az 19, El 51.
[12:46:55]  [OK]CMD Packet Header: 0x18 0x65 0xc0 0x0 0x0 0x1 0x54 0x17
[12:46:58]  Tracking : Az 16, El 48.
[12:46:59]  Ping Success at node 5, 456ms
[12:47:01]  Tracking : Az 15, El 47.
[12:47:01]  [OK]CMD Packet Header: 0x18 0x65 0xc0 0x0 0x0 0x1 0x54 0x17
[12:47:09]  Tracking : Az 12, El 44.
[12:47:11]  [OK]CMD Packet Header: 0x18 0x65 0xc0 0x0 0x0 0x1 0x54 0x17
[12:47:12]  Tracking : Az 11, El 43.
[12:47:22]  Tracking : Az 8, El 40.
[12:47:28]  [OK]CMD Packet Header: 0x18 0x75 0xc0 0x0 0x0 0x1 0x14 0x47
[12:47:29]  Received Report from port : 25.
[12:47:29]  Received Report from port : 25.
[12:47:30]  Received Report from port : 25.
[12:47:33]  Tracking : Az 6, El 36.
[12:47:35]  Tracking : Az 5, El 36.
[12:47:44]  Tracking : Az 4, El 33.
[12:47:46]  Tracking : Az 4, El 33.
[12:47:47]  [OK]CMD Packet Header: 0x18 0x75 0xc0 0x0 0x0 0x5 0x1e 0xa2
[12:47:48]  Received Report from port : 25.
[12:47:48]  Received Report from port : 25.
[12:47:48]  Received Report from port : 25.
[12:47:56]  Tracking : Az 2, El 30.
[12:48:01]  [OK]CMD Packet Header: 0x18 0x65 0xc0 0x0 0x0 0x1 0x54 0x17
[12:48:02]  Received Report from port : 25.
[12:48:02]  Received Report from port : 25.
[12:48:02]  Received Report from port : 25.
[12:48:09]  Tracking : Az 0, El 27.
[12:48:11]  Tracking : Az 0, El 27.
[12:48:19]  Tracking : Az 359, El 25.
[12:48:21]  Tracking : Az 359, El 25.
[12:48:23]  Tracking : Az 359, El 24.
[12:48:25]  Tracking : Az 359, El 24.
[12:48:27]  Tracking : Az 359, El 24.
[12:48:29]  Tracking : Az 359, El 23.
[12:48:31]  Tracking : Az 358, El 23.
[12:48:33]  Tracking : Az 358, El 23.
[12:48:35]  Tracking : Az 358, El 22.
[12:48:37]  Tracking : Az 358, El 22.
[12:48:39]  Tracking : Az 358, El 21.
[12:48:41]  Tracking : Az 358, El 21.
[12:48:43]  Tracking : Az 357, El 21.
[12:48:45]  Tracking : Az 357, El 20.
[12:48:47]  Tracking : Az 357, El 20.
[12:48:49]  Tracking : Az 357, El 20.
[12:48:51]  Tracking : Az 357, El 20.
[12:48:53]  Tracking : Az 357, El 19.
[12:48:55]  Tracking : Az 357, El 19.
[12:48:57]  Tracking : Az 357, El 19.
[12:48:59]  Tracking : Az 356, El 18.
[12:49:01]  Tracking : Az 356, El 18.
[12:49:03]  Tracking : Az 356, El 18.
[12:49:05]  Tracking : Az 356, El 17.
[12:49:07]  Tracking : Az 356, El 17.
[12:49:09]  Tracking : Az 356, El 17.
[12:49:11]  Tracking : Az 356, El 17.
[12:49:13]  Tracking : Az 356, El 16.
[12:49:15]  Tracking : Az 356, El 16.
[12:49:17]  Tracking : Az 355, El 16.
[12:49:19]  Tracking : Az 355, El 16.
[12:49:26]  Ping Failed.
[12:49:32]  Ping Failed.
[12:49:36]  Tracking : Az 355, El 13.
[12:49:40]  Ping Failed.
[12:49:55]  Ping Failed.
[12:50:03]  Tracking : Az 354, El 10.
[12:50:09]  [OK]CMD Packet Header: 0x18 0x50 0xc0 0x0 0x0 0x1 0x6 0x70
[12:50:15]  Ping Failed.
[12:50:20]  Ping Failed.
[12:50:27]  [OK]CMD Packet Header: 0x18 0x50 0xc0 0x0 0x0 0x1 0x6 0x70
[12:50:34]  Ping Failed.
[12:50:35]  Tracking : Az 353, El 7.
[12:50:44]  Ping Failed.
[12:51:23]  Ping Failed.
[12:51:25]  Tracking : Az 352, El 3.
[12:51:27]  Tracking : Az 352, El 3.
[12:51:31]  Ping Failed.
[12:52:08]  Tracking : Az 351, El 0.
[12:52:43]  Tracking : Az 159, El 0.
[12:52:45]  Tracking : Az 159, El 0.
[12:52:47]  Tracking : Az 159, El 0.
[12:52:49]  Tracking : Az 159, El 0.
[12:52:51]  Tracking : Az 159, El 0.
[12:52:53]  Tracking : Az 159, El 0.
[12:52:55]  Tracking : Az 159, El 0.
[12:52:55]  Forked Safe Amplifier Process. (OFF)
[12:52:57]  Tracking : Az 159, El 0.
[12:52:59]  Tracking : Az 159, El 0.
[12:53:01]  Finish Engaging.
[12:53:01]  Beacon Success : 0, Ping Success : 3
[12:53:01]  Tracking : Az 0, El 0.
