2026-07-03 16:46
[16:46:33]  Connect to Switch Box..............Failed.
[16:46:33]  Connect to Rotator.................Failed.
[16:46:33]  Connect to GS100..................Success.
[16:46:33]  BEE-1000 BCN Port 31 bind success.
[16:46:33]  BEE-1000 RPT Port 25 bind success.
[16:46:33]  BEE-1000 Event Port 27 bind success.
[16:46:33]  BEE-100 FM Port 23 bind success.
[16:46:33]  UEL-Y-Sys. BCN Port 12 bind success.
[16:46:33]  UEL-Y-Sys. RPT Port 10 bind success.
[16:46:33]  UEL-Y-Sys. Event Port 11 bind success.
[16:46:33]  UEL-Y-Sys. FM Port 14 bind success.
[16:46:33]  BEE-1012 BCN Port 17 bind success.
[16:46:33]  BEE-1012 RPT Port 15 bind success.
[16:46:33]  BEE-1012 Event Port 16 bind success.
[16:46:33]  BEE-1012 FM Port 18 bind success.
[16:46:33]  BEE-1012 AIOBC Port 29 bind success.
[16:46:33]  Rotator Read Failed. Please Check Again.
[16:53:34]  Ping Success at node 5, 437ms
[16:54:01]  Ping Success at node 5, 429ms
[16:56:01]  FTP_OLD_UPLOAD received legacy shared ftpinfo argument; pre-start pthread_create race remains until caller uses miman_ftp_create_worker_arg().
[16:56:01]  Start FTP OLD UPLOAD id=1.
[16:56:01]  [FTP_OLD_TEST][id=1][UPLOAD] begin local=file://./adcs.so remote=file://./cf/orbit.so host=10 port=9 chunk=180
[16:56:01]  Received FTP Upload Spec.
[16:56:01]  Received FTP Upload File Spec. Filesize : 45908, CRC : 2142142446.
[16:56:31]  You Tried Ping without Tracking. Please Check Again.
[16:56:32]  [FTP_OLD_TEST][id=1][UPLOAD][ERROR] retcode=-5
[16:56:32]  [FTP_OLD_TEST][id=1][UPLOAD] cleanup_done=1
