2026-01-01 01:37
[01:37:47]  Connect to Switch Box.............Success.
[01:37:47]  Connect to Rotator................Success.
[01:37:47]  Connect to GS100..................Success.
[01:37:47]  TM Port 13 bind success.
[01:37:47]  BCN Port 31 bind success.
[01:37:47]  RPT Port 25 bind success.
[01:37:47]  Event Port 27 bind success.
[01:37:47]  COSMIC Beacon Port 23 bind success.
[01:37:47]  COSMIC Report Port 24 bind success.
[01:38:00]  TLE "cubesat" Download Completed.
[01:38:03]  Start Engaging.
[01:38:03]  Tracking : Az 15, El 17.
[01:38:04]  Start Doppler Correction.
[01:38:05]  Tracking : Az 15, El 17.
[01:38:07]  Forked Safe Amplifier Process.(ON, Timer)
[01:38:22]  Tracking : Az 15, El 20.
[01:38:26]  Ping Success at node 5, 458ms
[01:38:31]  Received FTP Upload Spec.
[01:38:31]  Received FTP Upload File Spec. Filesize : 13740, CRC : 1600079432.
[01:38:40]  Tracking : Az 15, El 23.
[01:38:55]  Tracking : Az 16, El 26.
[01:39:02]  FTP task DONE.
[01:39:02]  Fail to complete ftp_upload. Retcode : -5
[01:39:08]  Tracking : Az 16, El 29.
[01:39:12]  Forked Safe Amplifier Process. (OFF)
[01:39:16]  Finish Engaging.
[01:39:16]  Beacon Success : 0, Ping Success : 1
