2026-01-07 13:14
[13:14:26]  Connect to Switch Box.............Success.
[13:14:26]  Connect to Rotator................Success.
[13:14:26]  Connect to GS100..................Success.
[13:14:26]  TM Port 13 bind success.
[13:14:26]  BCN Port 31 bind success.
[13:14:26]  RPT Port 25 bind success.
[13:14:26]  Event Port 27 bind success.
[13:14:26]  COSMIC Beacon Port 23 bind success.
[13:14:26]  COSMIC Report Port 24 bind success.
[13:14:40]  TLE "cubesat" Download Completed.
[13:15:18]  Start Engaging.
[13:15:18]  Tracking : Az 181, El 0.
[13:15:19]  Start Doppler Correction.
[13:15:20]  Tracking : Az 181, El 0.
[13:15:22]  Tracking : Az 181, El 0.
[13:15:24]  Tracking : Az 181, El 0.
[13:15:26]  Tracking : Az 181, El 0.
[13:15:28]  Tracking : Az 181, El 0.
[13:15:30]  Tracking : Az 181, El 0.
[13:15:32]  Tracking : Az 181, El 0.
[13:15:34]  Tracking : Az 181, El 0.
[13:15:36]  Tracking : Az 181, El 0.
[13:15:38]  Tracking : Az 181, El 0.
[13:15:40]  Tracking : Az 181, El 0.
[13:15:42]  Tracking : Az 181, El 0.
[13:15:44]  Tracking : Az 181, El 0.
[13:15:46]  Tracking : Az 181, El 0.
[13:16:17]  Forked Safe Amplifier Process.(ON, Timer)
[13:16:21]  Ping Failed.
[13:16:34]  Tracking : Az 183, El 3.
[13:16:37]  Ping Success at node 5, 469ms
[13:16:48]  Ping Success at node 3, 474ms
[13:16:49]  [OK]CMD Packet Header: 0x18 0x50 0xc0 0x0 0x0 0x1 0x6 0x70
[13:17:04]  Cannot Load Remote Parameter.
[13:17:07]  Ping Success at node 5, 473ms
[13:17:09]  Remote Param Control OK. Active Conf : 1
[13:17:12]  [OK]CMD Packet Header: 0x18 0x50 0xc0 0x0 0x0 0x1 0x6 0x70
[13:17:13]  Received Report from port : 25.
[13:17:15]  Tracking : Az 185, El 6.
[13:17:18]  [OK]CMD Packet Header: 0x18 0x50 0xc0 0x0 0x0 0x1 0x6 0x70
[13:17:19]  Received Report from port : 25.
[13:17:21]  Received Report from port : 25.
[13:17:23]  [OK]CMD Packet Header: 0x18 0x50 0xc0 0x0 0x0 0x1 0x6 0x70
[13:17:32]  Ping Success at node 5, 473ms
[13:17:37]  [OK]CMD Packet Header: 0x18 0x50 0xc0 0x0 0x0 0x1 0x6 0x70
[13:17:51]  Tracking : Az 187, El 9.
[13:18:14]  [OK]CMD Packet Header: 0x18 0x75 0xc0 0x0 0x0 0x5 0x1e 0xa2
[13:18:22]  Tracking : Az 189, El 12.
[13:18:26]  [OK]CMD Packet Header: 0x18 0x75 0xc0 0x0 0x0 0x1 0x14 0x47
[13:18:40]  Ping Success at node 5, 463ms
[13:18:42]  [OK]CMD Packet Header: 0x18 0x75 0xc0 0x0 0x0 0x1 0x14 0x47
[13:18:45]  Tracking : Az 192, El 14.
[13:19:06]  Tracking : Az 194, El 17.
[13:19:06]  Ping Failed.
[13:19:11]  Ping Failed.
[13:19:20]  Ping Failed.
[13:19:25]  Tracking : Az 197, El 19.
[13:19:36]  Ping Failed.
[13:19:42]  Tracking : Az 199, El 22.
[13:19:42]  Cannot Load Remote Parameter.
[13:19:48]  Tracking : Az 201, El 23.
[13:19:53]  Ping Failed.
[13:20:02]  Ping Success at node 5, 460ms
[13:20:03]  Tracking : Az 204, El 25.
[13:20:04]  AX100 Boot Count : 189
[13:20:11]  [OK]CMD Packet Header: 0x18 0x75 0xc0 0x0 0x0 0x1 0x14 0x47
[13:20:12]  Received Report from port : 25.
[13:20:14]  Received Report from port : 25.
[13:20:15]  Tracking : Az 207, El 27.
[13:20:16]  Received Report from port : 25.
[13:20:26]  Tracking : Az 210, El 29.
[13:20:33]  Tracking : Az 212, El 31.
[13:20:36]  [OK]CMD Packet Header: 0x18 0x75 0xc0 0x0 0x0 0x5 0x1e 0xa2
[13:20:37]  Received Report from port : 25.
[13:20:39]  Tracking : Az 214, El 32.
[13:20:39]  Received Report from port : 25.
[13:20:41]  Received Report from port : 25.
[13:20:47]  Tracking : Az 217, El 33.
[13:20:54]  Tracking : Az 220, El 35.
[13:21:01]  Tracking : Az 223, El 36.
[13:21:03]  [OK]CMD Packet Header: 0x18 0x75 0xc0 0x0 0x0 0x1 0x1a 0x49
[13:21:04]  Received Report from port : 25.
[13:21:06]  Received Report from port : 25.
[13:21:07]  Tracking : Az 226, El 37.
[13:21:08]  Received Report from port : 25.
[13:21:13]  Tracking : Az 229, El 38.
[13:21:19]  Tracking : Az 232, El 39.
[13:21:22]  [OK]CMD Packet Header: 0x18 0x75 0xc0 0x0 0x0 0x1 0x14 0x47
[13:21:22]  Received Report from port : 25.
[13:21:24]  Tracking : Az 235, El 40.
[13:21:24]  Received Report from port : 25.
[13:21:26]  Received Report from port : 25.
[13:21:30]  Tracking : Az 238, El 41.
[13:21:34]  Tracking : Az 241, El 41.
[13:21:38]  Tracking : Az 244, El 42.
[13:21:43]  Tracking : Az 247, El 42.
[13:21:48]  [OK]CMD Packet Header: 0x18 0x75 0xc0 0x0 0x0 0x1 0x17 0x44
[13:21:49]  Received Report from port : 25.
[13:21:49]  Tracking : Az 251, El 43.
[13:21:51]  Received Report from port : 25.
[13:21:53]  Received Report from port : 25.
[13:21:53]  Tracking : Az 254, El 43.
[13:21:57]  Tracking : Az 257, El 43.
[13:22:02]  Tracking : Az 261, El 43.
[13:22:07]  Tracking : Az 264, El 43.
[13:22:11]  Tracking : Az 267, El 43.
[13:22:15]  [OK]CMD Packet Header: 0x18 0x30 0xc0 0x0 0x0 0x1 0x0 0x16
[13:22:16]  Tracking : Az 271, El 43.
[13:22:21]  Tracking : Az 274, El 42.
[13:22:25]  Tracking : Az 277, El 42.
[13:22:29]  Tracking : Az 280, El 42.
[13:22:32]  [OK]CMD Packet Header: 0x18 0x75 0xc0 0x0 0x0 0x1 0x14 0x47
[13:22:33]  Received Report from port : 25.
[13:22:34]  Tracking : Az 283, El 41.
[13:22:35]  Received Report from port : 25.
[13:22:37]  Received Report from port : 25.
[13:22:40]  Tracking : Az 286, El 40.
[13:22:44]  Tracking : Az 289, El 39.
[13:22:46]  [OK]CMD Packet Header: 0x18 0x75 0xc0 0x0 0x0 0x1 0x14 0x47
[13:22:47]  Received Report from port : 25.
[13:22:48]  Tracking : Az 291, El 39.
[13:22:49]  Received Report from port : 25.
[13:22:51]  Received Report from port : 25.
[13:22:53]  Tracking : Az 294, El 38.
[13:22:59]  Tracking : Az 297, El 37.
[13:23:05]  [OK]CMD Packet Header: 0x18 0x75 0xc0 0x0 0x0 0x5 0x1e 0xa2
[13:23:06]  Tracking : Az 300, El 35.
[13:23:06]  Received Report from port : 25.
[13:23:08]  Received Report from port : 25.
[13:23:10]  Received Report from port : 25.
[13:23:13]  Tracking : Az 303, El 34.
[13:23:14]  [OK]CMD Packet Header: 0x18 0x75 0xc0 0x0 0x0 0x1 0x14 0x47
[13:23:15]  Received Report from port : 25.
[13:23:17]  Received Report from port : 25.
[13:23:19]  Received Report from port : 25.
[13:23:21]  Tracking : Az 306, El 32.
[13:23:29]  Tracking : Az 309, El 31.
[13:23:39]  Tracking : Az 312, El 29.
[13:23:49]  Tracking : Az 315, El 27.
[13:24:02]  Tracking : Az 318, El 25.
[13:24:07]  [OK]CMD Packet Header: 0x18 0x75 0xc0 0x0 0x0 0x1 0x1b 0x48
[13:24:08]  Received Report from port : 25.
[13:24:10]  Received Report from port : 25.
[13:24:12]  Received Report from port : 25.
[13:24:16]  Tracking : Az 321, El 23.
[13:24:16]  [OK]CMD Packet Header: 0x18 0x75 0xc0 0x0 0x0 0x1 0x1a 0x0
[13:24:17]  Received Report from port : 25.
[13:24:19]  Received Report from port : 25.
[13:24:21]  Received Report from port : 25.
[13:24:32]  [OK]CMD Packet Header: 0x18 0x75 0xc0 0x0 0x0 0x1 0x19 0x4a
[13:24:33]  Received Report from port : 25.
[13:24:33]  Tracking : Az 324, El 20.
[13:24:35]  Received Report from port : 25.
[13:24:37]  Received Report from port : 25.
[13:24:54]  Tracking : Az 327, El 17.
[13:25:06]  [OK]CMD Packet Header: 0x18 0x75 0xc0 0x0 0x0 0x1 0x17 0x0
[13:25:07]  Received Report from port : 25.
[13:25:09]  Received Report from port : 25.
[13:25:11]  Received Report from port : 25.
[13:25:13]  [OK]CMD Packet Header: 0x18 0x75 0xc0 0x0 0x0 0x1 0x14 0x47
[13:25:14]  Received Report from port : 25.
[13:25:16]  Received Report from port : 25.
[13:25:16]  Tracking : Az 329, El 14.
[13:25:18]  Received Report from port : 25.
[13:25:26]  [OK]CMD Packet Header: 0x18 0x75 0xc0 0x0 0x0 0x1 0x14 0x47
[13:25:27]  Received Report from port : 25.
[13:25:29]  Received Report from port : 25.
[13:25:31]  Received Report from port : 25.
[13:25:35]  [OK]CMD Packet Header: 0x18 0x75 0xc0 0x0 0x0 0x1 0x17 0x44
[13:25:36]  Received Report from port : 25.
[13:25:38]  Received Report from port : 25.
[13:25:40]  Tracking : Az 332, El 12.
[13:25:40]  Received Report from port : 25.
[13:26:04]  Tracking : Az 334, El 9.
[13:26:18]  [OK]CMD Packet Header: 0x18 0x75 0xc0 0x0 0x0 0x1 0x14 0x47
[13:26:19]  Received Report from port : 25.
[13:26:21]  Received Report from port : 25.
[13:26:31]  [OK]CMD Packet Header: 0x18 0x75 0xc0 0x0 0x0 0x1 0x14 0x47
[13:26:32]  Received Report from port : 25.
[13:26:34]  Received Report from port : 25.
[13:26:36]  Received Report from port : 25.
[13:26:51]  Tracking : Az 337, El 5.
[13:26:55]  Forked Safe Amplifier Process. (OFF)
[13:26:57]  Finish Engaging.
[13:26:57]  Beacon Success : 0, Ping Success : 6
[13:26:57]  Start Doppler Correction.
[13:26:57]  You tried doppler correction with no engaging
[13:27:30]  Tracking : Az 0, El 0.
[00:59:13]  Start Engaging.
[00:59:13]  Tracking : Az 23, El 0.
[00:59:15]  Tracking : Az 23, El 0.
[00:59:17]  Tracking : Az 23, El 0.
[00:59:18]  Start Doppler Correction.
[01:00:10]  Forked Safe Amplifier Process.(ON, Timer)
[01:01:02]  Ping Failed.
[01:01:07]  Tracking : Az 25, El 1.
[01:01:31]  Ping Failed.
[01:01:41]  Tracking : Az 27, El 4.
[01:02:13]  Ping Failed.
[01:02:16]  Tracking : Az 30, El 6.
[01:02:27]  Ping Failed.
[01:02:32]  Ping Success at node 5, 470ms
[01:02:34]  Ping Success at node 5, 477ms
[01:02:35]  [OK]CMD Packet Header: 0x18 0x23 0xc0 0x0 0x0 0x8 0x2 0x6
[01:02:47]  Tracking : Az 33, El 9.
[01:02:55]  [OK]CMD Packet Header: 0x18 0x23 0xc0 0x0 0x0 0x8 0x2 0x6
[01:03:11]  Tracking : Az 35, El 11.
[01:03:17]  Received Event from port : 27.

[01:03:21]  Tracking : Az 37, El 11.
[01:03:24]  [OK]CMD Packet Header: 0x18 0x31 0xc0 0x0 0x0 0x1 0x0 0x17
[01:03:25]  Received Event from port : 27.

[01:03:27]  Received Report from port : 25.
[01:03:29]  Received Event from port : 27.

[01:03:32]  Tracking : Az 38, El 13.
[01:03:36]  [OK]CMD Packet Header: 0x18 0x31 0xc0 0x0 0x0 0x1 0x0 0x17
[00:10:23]  Received Event from port : 27.

[01:03:48]  Tracking : Az 41, El 14.
[01:03:52]  [OK]CMD Packet Header: 0x18 0x31 0xc0 0x0 0x0 0x1 0x0 0x17
[01:03:53]  Received Event from port : 27.

[01:03:55]  Received Report from port : 25.
[01:03:57]  Received Report from port : 25.
[01:03:59]  Received Report from port : 25.
[01:04:01]  Received Report from port : 25.
[01:04:03]  Received Report from port : 25.
[01:04:05]  Received Report from port : 25.
[01:04:05]  Tracking : Az 44, El 16.
[01:04:07]  Received Event from port : 27.

[01:04:09]  Received Event from port : 27.

[01:04:13]  Received Event from port : 27.

[01:04:16]  [OK]CMD Packet Header: 0x18 0x31 0xc0 0x0 0x0 0x1 0x0 0x17
[01:04:17]  Received Event from port : 27.

[01:04:19]  Received Report from port : 25.
[01:04:21]  Received Report from port : 25.
[01:04:21]  Tracking : Az 47, El 18.
[01:04:23]  Received Report from port : 25.
[01:04:25]  Received Report from port : 25.
[01:04:27]  Received Report from port : 25.
[01:04:29]  Received Report from port : 25.
[01:04:31]  Received Event from port : 27.

[01:04:33]  Received Event from port : 27.

[01:04:34]  Tracking : Az 50, El 19.
[01:04:37]  Received Event from port : 27.

[01:04:47]  Received Event from port : 27.

[01:04:51]  Tracking : Az 54, El 21.
[01:04:54]  Received Event from port : 27.

[01:04:57]  Received Event from port : 27.

[01:05:01]  Tracking : Az 57, El 22.
[01:05:07]  Received Event from port : 27.

[01:05:11]  Tracking : Az 60, El 23.
[01:05:17]  Received Event from port : 27.

[01:05:21]  Tracking : Az 63, El 24.
[01:05:27]  Received Event from port : 27.

[01:05:28]  [OK]CMD Packet Header: 0x18 0x0 0xc0 0x0 0x0 0x55 0x7 0x41
[01:05:29]  Tracking : Az 66, El 25.
[01:05:34]  Received Event from port : 27.

[01:05:35]  Tracking : Az 68, El 26.
[01:05:36]  Received Event from port : 27.

[01:05:39]  Received Event from port : 27.

[01:05:41]  Received Event from port : 27.

[01:05:43]  Tracking : Az 71, El 27.
[01:05:47]  Received Event from port : 27.

[01:05:50]  Tracking : Az 74, El 27.
[01:05:57]  Received Event from port : 27.

[01:05:57]  Tracking : Az 77, El 28.
[01:05:58]  [OK]CMD Packet Header: 0x18 0x31 0xc0 0x0 0x0 0x1 0x0 0x17
[01:05:59]  Received Event from port : 27.

[01:06:01]  Received Report from port : 25.
[01:06:03]  Received Report from port : 25.
[01:06:03]  Tracking : Az 79, El 28.
[01:06:05]  Received Report from port : 25.
[01:06:07]  Received Report from port : 25.
[01:06:09]  Received Report from port : 25.
[01:06:09]  Tracking : Az 82, El 29.
[01:06:11]  Received Report from port : 25.
[01:06:15]  Tracking : Az 85, El 29.
[01:06:22]  Tracking : Az 88, El 29.
[01:06:30]  Tracking : Az 92, El 30.
[01:06:36]  Tracking : Az 95, El 30.
[01:06:42]  Tracking : Az 98, El 30.
[01:06:47]  Received Event from port : 27.

[01:06:49]  Tracking : Az 101, El 30.
[01:06:50]  [OK]CMD Packet Header: 0x18 0x31 0xc0 0x0 0x0 0x7 0xa 0x2a
[01:06:50]  Received Event from port : 27.

[01:06:52]  Received Report from port : 25.
[01:06:54]  Received Report from port : 25.
[01:06:55]  Tracking : Az 104, El 29.
[01:06:56]  Received Report from port : 25.
[01:06:58]  Received Report from port : 25.
[01:07:00]  Received Report from port : 25.
[01:07:01]  Tracking : Az 107, El 29.
[01:07:02]  Received Report from port : 25.
[01:07:04]  Received Event from port : 27.

[01:07:06]  Received Event from port : 27.

[01:07:09]  Received Event from port : 27.

[01:07:09]  Tracking : Az 110, El 29.
[01:07:14]  Tracking : Az 113, El 29.
[01:07:17]  Received Event from port : 27.

[01:07:21]  Tracking : Az 116, El 28.
[01:07:27]  Received Event from port : 27.

[01:07:28]  Tracking : Az 119, El 27.
[01:07:36]  Tracking : Az 122, El 27.
[01:07:37]  Received Event from port : 27.

[01:07:39]  Received Event from port : 27.

[01:07:43]  Tracking : Az 125, El 26.
[01:07:47]  Received Event from port : 27.

[01:07:51]  Tracking : Az 128, El 25.
[01:07:59]  [OK]CMD Packet Header: 0x18 0x15 0xc0 0x0 0x0 0x45 0xa 0x1b
[01:07:59]  Received GETFILEINFO Response from port : 23.

[01:08:00]  Tracking : Az 131, El 24.
[01:08:07]  Received Event from port : 27.

[01:08:09]  Tracking : Az 134, El 23.
[01:08:19]  Tracking : Az 137, El 22.
[01:08:30]  Tracking : Az 140, El 21.
[01:08:42]  Tracking : Az 143, El 19.
[01:08:47]  [OK]CMD Packet Header: 0x18 0x15 0xc0 0x0 0x0 0x45 0xa 0x1b
[01:08:47]  Received Event from port : 27.

[01:08:49]  Received GETFILEINFO Response from port : 23.

[01:08:51]  Received Event from port : 27.

[01:08:55]  Tracking : Az 146, El 18.
[01:08:59]  [OK]CMD Packet Header: 0x18 0x15 0xc0 0x0 0x0 0x45 0xa 0x1b
[01:09:10]  Tracking : Az 149, El 16.
[01:09:26]  Tracking : Az 152, El 15.
[01:09:27]  Received Event from port : 27.

[01:09:29]  [OK]CMD Packet Header: 0x18 0x31 0xc0 0x0 0x0 0x7 0xa 0x2a
[01:09:30]  Received Event from port : 27.

[01:09:32]  Received Report from port : 25.
[01:09:34]  Received Report from port : 25.
[01:09:36]  Received Report from port : 25.
[01:09:38]  Received Report from port : 25.
[01:09:40]  Received Event from port : 27.

[01:09:45]  Tracking : Az 155, El 13.
[01:09:47]  Received Event from port : 27.

[01:09:57]  Received Event from port : 27.

[01:10:07]  Received Event from port : 27.

[01:10:07]  Tracking : Az 158, El 11.
[01:10:17]  Received Event from port : 27.

[01:10:22]  Received Event from port : 27.

[01:10:24]  [OK]CMD Packet Header: 0x18 0x31 0xc0 0x0 0x0 0x1 0x0 0x17
[01:10:24]  Received Event from port : 27.

[01:10:26]  Received Event from port : 27.

