2026-06-09 21:21
[21:29:46]  Connect to Switch Box..............Failed.
[21:29:46]  Connect to Rotator.................Failed.
[21:29:46]  Connect to GS100..................Success.
[21:29:46]  BEE-1000 BCN Port 31 bind success.
[21:29:46]  BEE-1000 RPT Port 25 bind success.
[21:29:46]  BEE-1000 Event Port 27 bind success.
[21:29:46]  BEE-100 FM Port 23 bind success.
[21:29:46]  UEL-Y-Sys. BCN Port 12 bind success.
[21:29:46]  UEL-Y-Sys. RPT Port 10 bind success.
[21:29:46]  UEL-Y-Sys. Event Port 11 bind success.
[21:29:46]  UEL-Y-Sys. FM Port 14 bind success.
[21:29:46]  Rotator Read Failed. Please Check Again.
[21:29:46]  BEE-1012 BCN Port 17 bind success.
[21:29:46]  BEE-1012 RPT Port 15 bind success.
[21:29:46]  BEE-1012 Event Port 16 bind success.
[21:29:46]  BEE-1012 FM Port 18 bind success.
[21:29:50]  Cannot Read 20 parameters of Table 0.
[21:29:52]  Changing GS HMAC Key for BEE1012...
[21:29:52]   Satellite Switched to: BEE1012 (TX HMAC enabled)
[21:29:53]  Cannot Read 13 parameters of Table 1.
[21:29:56]  Cannot Read 18 parameters of Table 5.
