2026-03-03 02:11
[02:11:32]  Connect to Switch Box.............Success.
[02:11:32]  Connect to Rotator................Success.
[02:11:32]  Connect to GS100..................Success.
[02:11:32]  TM Port 13 bind success.
[02:11:32]  BCN Port 31 bind success.
[02:11:32]  RPT Port 25 bind success.
[02:11:32]  Event Port 27 bind success.
[02:11:32]  COSMIC Beacon Port 23 bind success.
[02:11:32]  COSMIC Report Port 24 bind success.
[02:11:49]  TLE "active" Download Completed.
[02:11:58]  Start Engaging.
[02:12:03]  Start Doppler Correction.
[02:12:35]  Finish Engaging.
[02:12:35]  Beacon Success : 0, Ping Success : 0
[02:12:41]  Tracking : Az 359, El 0.
[02:16:36]  Start Engaging.
[02:16:39]  Start Doppler Correction.
[02:16:43]  Forked Safe Amplifier Process.(ON, Timer)
[02:16:47]  Ping Failed.
[02:17:02]  Ping Success at node 5, 468ms
[02:17:08]  Tracking : Az 358, El 3.
[02:17:15]  [OK]CMD Packet Header: 0x18 0x75 0xc0 0x0 0x0 0x1 0x14 0x47
[02:17:22]  Ping Success at node 5, 474ms
[02:17:25]  AX100 Boot Count : 193
[02:17:27]  [OK]CMD Packet Header: 0x18 0x75 0xc0 0x0 0x0 0x1 0x14 0x47
[02:17:40]  Ping Success at node 5, 475ms
[02:17:43]  [OK]CMD Packet Header: 0x18 0x75 0xc0 0x0 0x0 0x1 0x14 0x47
[02:17:51]  Tracking : Az 355, El 6.
[02:17:52]  Ping Success at node 5, 476ms
[02:17:58]  Ping Success at node 3, 472ms
[02:18:03]  [OK]CMD Packet Header: 0x18 0x75 0xc0 0x0 0x0 0x1 0x14 0x47
[02:18:06]  Tracking : Az 353, El 7.
[02:18:12]  Ping Success at node 5, 464ms
[02:18:14]  [OK]CMD Packet Header: 0x18 0x75 0xc0 0x0 0x0 0x1 0x14 0x47
[02:18:15]  Received Report from port : 25.
[02:18:17]  Received Report from port : 25.
[02:18:19]  Received Report from port : 25.
[02:18:28]  Tracking : Az 351, El 9.
[02:18:29]  [OK]CMD Packet Header: 0x18 0x75 0xc0 0x0 0x0 0x5 0x1e 0xa2
[02:18:37]  [OK]CMD Packet Header: 0x18 0x75 0xc0 0x0 0x0 0x5 0x1e 0xa2
[02:18:46]  Ping Failed.
[02:18:50]  Ping Success at node 5, 475ms
[02:18:51]  Tracking : Az 349, El 11.
[02:18:52]  [OK]CMD Packet Header: 0x18 0x75 0xc0 0x0 0x0 0x5 0x1e 0xa2
[02:18:53]  Received Report from port : 25.
[02:19:01]  [OK]CMD Packet Header: 0x18 0x50 0xc0 0x0 0x0 0x1 0x6 0x70
[02:19:03]  Received Report from port : 25.
[02:19:12]  Tracking : Az 346, El 12.
[02:19:13]  [OK]CMD Packet Header: 0x18 0x75 0xc0 0x0 0x0 0x1 0x14 0x47
[02:19:22]  [OK]CMD Packet Header: 0x18 0x75 0xc0 0x0 0x0 0x1 0x14 0x47
[02:19:29]  Ping Success at node 5, 476ms
[02:19:32]  [OK]CMD Packet Header: 0x18 0x75 0xc0 0x0 0x0 0x1 0x14 0x47
[02:19:33]  Tracking : Az 343, El 15.
[02:19:37]  Ping Success at node 5, 467ms
[02:19:42]  [OK]CMD Packet Header: 0x18 0x75 0xc0 0x0 0x0 0x1 0x14 0x47
[02:19:43]  Received Report from port : 25.
[02:19:45]  Received Report from port : 25.
[02:19:47]  Received Report from port : 25.
[02:19:50]  Tracking : Az 340, El 16.
[02:19:55]  Forked Safe Amplifier Process. (OFF)
[02:19:58]  Finish Engaging.
[02:19:58]  Beacon Success : 0, Ping Success : 9
