2026-02-11 12:00
[12:00:21]  Connect to Switch Box.............Success.
[12:00:21]  Connect to Rotator................Success.
[12:00:21]  Connect to GS100..................Success.
[12:00:21]  TM Port 13 bind success.
[12:00:21]  BCN Port 31 bind success.
[12:00:21]  RPT Port 25 bind success.
[12:00:21]  Event Port 27 bind success.
[12:00:21]  COSMIC Beacon Port 23 bind success.
[12:00:21]  COSMIC Report Port 24 bind success.
[12:00:37]  TLE "active" Download Completed.
[12:00:43]  [Auto]Start AutoPilot.
[12:00:43]  [Auto]Start Autopilot. Next Valuable AOS : 2/11 12:0:39
[12:00:43]  [Auto]Max Elevation : 19.33° Please Keep Devices On.
[12:00:43]  [Auto]Start Engaging.
[12:00:43]  [Auto]Start Doppler Correction.
[12:00:43]  Tracking : Az 51, El 18.
[12:00:43]  Forked Safe Amplifier Process.(ON, Timer)
[12:00:45]  Tracking : Az 50, El 18.
[12:00:49]  Ping Success at node 5, 460ms
[12:00:54]  Ping Success at node 5, 471ms
[12:00:57]  Tracking : Az 46, El 17.
[12:00:59]  Tracking : Az 46, El 17.
[12:01:00]  Ping Success at node 5, 471ms
[12:01:05]  Ping Success at node 5, 471ms
[12:01:08]  Tracking : Az 43, El 16.
[12:01:10]  Tracking : Az 43, El 16.
[12:01:11]  Ping Success at node 5, 471ms
[12:01:16]  [OK]CMD Packet Header: 0x18 0x75 0xc0 0x0 0x0 0x1 0x14 0x47
[12:01:16]  [Auto]EPS P60 DOCK GET TABLE HK Command Sent (1/2)
[12:01:16]  Ping Success at node 5, 567ms
[12:01:19]  Tracking : Az 40, El 16.
[12:01:26]  [OK]CMD Packet Header: 0x18 0x75 0xc0 0x0 0x0 0x1 0x14 0x47
[12:01:26]  [Auto]EPS P60 DOCK GET TABLE HK Command Sent (2/2)
[12:01:27]  Received Report from port : 25.
[12:01:29]  Received Report from port : 25.
[12:01:31]  Received Report from port : 25.
[12:01:31]  Tracking : Az 37, El 15.
[12:01:36]  [OK]CMD Packet Header: 0x18 0x75 0xc0 0x0 0x0 0x1 0x17 0x44
[12:01:37]  [Auto]EPS P60 PDU GET TABLE HK Command Sent (1/2)
[12:01:37]  Received Report from port : 25.
[12:01:39]  Received Report from port : 25.
[12:01:41]  Received Report from port : 25.
[12:01:47]  [OK]CMD Packet Header: 0x18 0x75 0xc0 0x0 0x0 0x1 0x17 0x44
[12:01:47]  [Auto]EPS P60 PDU GET TABLE HK Command Sent (2/2)
[12:01:48]  Received Report from port : 25.
[12:01:48]  Tracking : Az 33, El 14.
[12:01:50]  Received Report from port : 25.
[12:01:50]  Tracking : Az 33, El 14.
[12:01:52]  Received Report from port : 25.
[12:01:57]  [OK]CMD Packet Header: 0x18 0x75 0xc0 0x0 0x0 0x1 0x1a 0x0
[12:01:57]  [Auto]EPS P60 ACU GET TABLE HK Command Sent (1/2)
[12:01:58]  Received Report from port : 25.
[12:02:00]  Received Report from port : 25.
[12:02:01]  Tracking : Az 30, El 13.
[12:02:02]  Received Report from port : 25.
[12:02:03]  Tracking : Az 30, El 13.
[12:02:07]  [OK]CMD Packet Header: 0x18 0x75 0xc0 0x0 0x0 0x1 0x1a 0x0
[12:02:08]  [Auto]EPS P60 ACU GET TABLE HK Command Sent (2/2)
[12:02:08]  Received Report from port : 25.
[12:02:10]  Received Report from port : 25.
[12:02:12]  Received Report from port : 25.
[12:02:16]  Tracking : Az 27, El 12.
[12:02:18]  [Auto]Start GND WDT reset sequence
[12:02:18]  [OK]CMD Packet Header: 0x18 0x50 0xc0 0x0 0x0 0x1 0x6 0x70
[12:02:18]  [Auto]AX100 GND WDT CMD sent (1/2)
[12:02:18]  Tracking : Az 27, El 12.
[12:02:19]  Received Report from port : 25.
[12:02:21]  Received Report from port : 25.
[12:02:23]  Received Report from port : 25.
[12:02:28]  [OK]CMD Packet Header: 0x18 0x50 0xc0 0x0 0x0 0x1 0x6 0x70
[12:02:28]  [Auto]AX100 GND WDT CMD sent (2/2)
[12:02:29]  Received Report from port : 25.
[12:02:31]  Received Report from port : 25.
[12:02:32]  Tracking : Az 24, El 11.
[12:02:33]  Received Report from port : 25.
[12:02:38]  [OK]CMD Packet Header: 0x18 0x75 0xc0 0x0 0x0 0x5 0x1e 0xa2
[12:02:39]  [Auto]EPS P60 DOCK GND WDT CMD sent (1/2)
[12:02:39]  Received Report from port : 25.
[12:02:41]  Received Report from port : 25.
[12:02:43]  Received Report from port : 25.
[12:02:49]  [OK]CMD Packet Header: 0x18 0x75 0xc0 0x0 0x0 0x5 0x1e 0xa2
[12:02:49]  [Auto]EPS P60 DOCK GND WDT CMD sent (2/2)
[12:02:50]  Received Report from port : 25.
[12:02:50]  Tracking : Az 21, El 9.
[12:02:52]  Received Report from port : 25.
[12:02:54]  Received Report from port : 25.
[12:02:59]  [Auto]GND WDT sequence completed
[12:02:59]  [OK]CMD Packet Header: 0x18 0x75 0xc0 0x0 0x0 0x1 0x14 0x47
[12:02:59]  [Auto]EPS P60 DOCK GET TABLE HK Command Sent (1/2)
[12:03:00]  Received Report from port : 25.
[12:03:02]  Received Report from port : 25.
[12:03:03]  Tracking : Az 19, El 8.
[12:03:04]  Received Report from port : 25.
[12:03:09]  [OK]CMD Packet Header: 0x18 0x75 0xc0 0x0 0x0 0x1 0x14 0x47
[12:03:10]  [Auto]EPS P60 DOCK GET TABLE HK Command Sent (2/2)
[12:03:10]  Received Report from port : 25.
[12:03:12]  Received Report from port : 25.
[12:03:14]  Received Report from port : 25.
[12:03:20]  [OK]CMD Packet Header: 0x18 0x75 0xc0 0x0 0x0 0x1 0x17 0x44
[12:03:20]  [Auto]EPS P60 PDU GET TABLE HK Command Sent (1/2)
[12:03:21]  Received Report from port : 25.
[12:03:23]  Received Report from port : 25.
[12:03:25]  Received Report from port : 25.
[12:03:25]  Tracking : Az 16, El 7.
[12:03:27]  Tracking : Az 16, El 7.
[12:03:30]  [OK]CMD Packet Header: 0x18 0x75 0xc0 0x0 0x0 0x1 0x17 0x44
[12:03:30]  [Auto]EPS P60 PDU GET TABLE HK Command Sent (2/2)
[12:03:31]  Received Report from port : 25.
[12:03:33]  Received Report from port : 25.
[12:03:35]  Received Report from port : 25.
[12:03:40]  [OK]CMD Packet Header: 0x18 0x75 0xc0 0x0 0x0 0x1 0x1a 0x0
[12:03:41]  [Auto]EPS P60 ACU GET TABLE HK Command Sent (1/2)
[12:03:41]  Received Report from port : 25.
[12:03:43]  Received Report from port : 25.
[12:03:45]  Received Report from port : 25.
[12:03:49]  Tracking : Az 13, El 5.
[12:03:51]  [OK]CMD Packet Header: 0x18 0x75 0xc0 0x0 0x0 0x1 0x1a 0x0
[12:03:51]  [Auto]EPS P60 ACU GET TABLE HK Command Sent (2/2)
[12:03:52]  Received Report from port : 25.
[12:03:54]  Received Report from port : 25.
[12:03:56]  Received Report from port : 25.
[12:04:17]  Tracking : Az 10, El 3.
[12:04:39]  Tracking : Az 8, El 2.
[12:05:16]  Tracking : Az 5, El 0.
[12:05:46]  Tracking : Az 53, El 18.
[12:05:48]  Tracking : Az 53, El 18.
[12:05:50]  Tracking : Az 53, El 18.
[12:05:52]  Tracking : Az 53, El 18.
[12:05:54]  Tracking : Az 53, El 18.
[12:14:44]  [Auto]Stop Doppler Correction.
[12:14:44]  [Auto]Finish Engaging.
[12:14:44]  Tracking : Az 0, El 0.
[12:14:45]  [Auto]Beacon Success : 0, Ping Success : 6 CMD Success : 0
[12:14:45]  [Auto]Update TLE...
[12:14:49]  [Auto]TLE "active" Download Completed.
[12:14:52]  Forked Safe Amplifier Process. (OFF)
[12:14:52]  Reset GS100 watchdog.
[12:15:04]  [Auto]Autopilot Stopped by User (before PathGenerator).
[12:15:04]  [Auto]Stop Doppler Correction.
[12:15:04]  [Auto]Finish Engaging.
[12:15:04]  Tracking : Az 0, El 0.
[12:15:05]  [Auto]Beacon Success : 0, Ping Success : 0 CMD Success : 0
