2026-02-03 01:33
[01:33:23]  Connect to Switch Box.............Success.
[01:33:23]  Connect to Rotator................Success.
[01:33:23]  Connect to GS100..................Success.
[01:33:23]  TM Port 13 bind success.
[01:33:23]  BCN Port 31 bind success.
[01:33:23]  RPT Port 25 bind success.
[01:33:23]  Event Port 27 bind success.
[01:33:23]  COSMIC Beacon Port 23 bind success.
[01:33:23]  COSMIC Report Port 24 bind success.
[01:33:26]  TLE "cubesat" Download Completed.
[01:33:38]  Start Engaging.
[01:33:39]  Start Doppler Correction.
[01:33:41]  Forked Safe Amplifier Process.(ON, Timer)
[01:33:41]  Tracking : Az 13, El 3.
[01:33:46]  Ping Failed.
[01:33:54]  Ping Failed.
[01:34:12]  Ping Success at node 5, 474ms
[01:34:21]  Tracking : Az 14, El 6.
[01:34:26]  [OK]CMD Packet Header: 0x18 0x75 0xc0 0x0 0x0 0x1 0x14 0x47
[01:34:36]  [OK]CMD Packet Header: 0x18 0x75 0xc0 0x0 0x0 0x1 0x14 0x47
[01:34:37]  Received Report from port : 25.
[01:34:43]  [OK]CMD Packet Header: 0x18 0x75 0xc0 0x0 0x0 0x1 0x14 0x47
[01:34:44]  Received Report from port : 25.
[01:34:46]  Received Report from port : 25.
[01:34:48]  Received Report from port : 25.
[01:34:55]  Tracking : Az 14, El 9.
[01:34:58]  [OK]CMD Packet Header: 0x18 0x75 0xc0 0x0 0x0 0x1 0x17 0x44
[01:34:59]  Received Report from port : 25.
[01:35:01]  Received Report from port : 25.
[01:35:15]  Tracking : Az 15, El 11.
[01:35:17]  [OK]CMD Packet Header: 0x18 0x75 0xc0 0x0 0x0 0x5 0x1e 0xa2
[01:35:18]  Received Report from port : 25.
[01:35:34]  Tracking : Az 15, El 13.
[01:35:36]  [OK]CMD Packet Header: 0x18 0x50 0xc0 0x0 0x0 0x1 0x6 0x70
[01:35:37]  Received Report from port : 25.
[01:35:55]  [OK]CMD Packet Header: 0x18 0x75 0xc0 0x0 0x0 0x5 0x1e 0xa2
[01:35:58]  Tracking : Az 15, El 16.
[01:36:01]  [OK]CMD Packet Header: 0x18 0x75 0xc0 0x0 0x0 0x5 0x1e 0xa2
[01:36:02]  Received Report from port : 25.
[01:36:15]  [OK]CMD Packet Header: 0x18 0x75 0xc0 0x0 0x0 0x1 0x14 0x47
[01:36:16]  Received Report from port : 25.
[01:36:18]  Received Report from port : 25.
[01:36:19]  Tracking : Az 16, El 19.
[01:36:20]  Received Report from port : 25.
[01:36:26]  Forked Safe Amplifier Process. (OFF)
