2026-01-09 19:51
[19:51:59]  Connect to Switch Box.............Success.
[19:51:59]  Connect to Rotator................Success.
[19:51:59]  Connect to GS100..................Success.
[19:51:59]  TM Port 13 bind success.
[19:51:59]  BCN Port 31 bind success.
[19:51:59]  RPT Port 25 bind success.
[19:51:59]  Event Port 27 bind success.
[19:51:59]  COSMIC Beacon Port 23 bind success.
[19:51:59]  COSMIC Report Port 24 bind success.
[19:52:04]  TLE "active" Download Completed.
[19:52:17]  TLE "active" Download Completed.
[19:52:54]  Generated Command Message.
[19:52:54]  Generated Command Message.
[19:52:54]  Generated Command Message.
[19:52:55]  Generated Command Message.
[19:52:55]  Generated Command Message.
[19:52:57]  [Auto]Start AutoPilot.
[19:52:57]  [Auto]Start Autopilot. Next Valuable AOS : 1/9 19:56:1
[19:52:57]  [Auto]Max Elevation : 45.32° Please Keep Devices On.
[19:52:57]  [Auto]Start Engaging.
[19:52:57]  [Auto]Start Doppler Correction.
[19:52:57]  [DBG][AMP] enter: SatIndex=177 Path=0 min_to_los=24.909 Autopilot=1
[19:52:57]  Tracking : Az 163, El 0.
[19:52:58]  [DBG][AMP] waiting: min_to_los=24.900 (cond: 24.900 > 15) now=1/9 10:52:58
[19:52:59]  [DBG][AMP] waiting: min_to_los=24.883 (cond: 24.883 > 15) now=1/9 10:52:59
[19:52:59]  Tracking : Az 163, El 0.
[19:53:00]  [DBG][AMP] waiting: min_to_los=24.867 (cond: 24.867 > 15) now=1/9 10:53:00
[19:53:01]  [DBG][AMP] waiting: min_to_los=24.850 (cond: 24.850 > 15) now=1/9 10:53:01
[19:53:01]  Tracking : Az 163, El 0.
[19:53:02]  [DBG][AMP] waiting: min_to_los=24.833 (cond: 24.833 > 15) now=1/9 10:53:02
[19:53:03]  [DBG][AMP] waiting: min_to_los=24.817 (cond: 24.817 > 15) now=1/9 10:53:03
[19:53:03]  Tracking : Az 163, El 0.
[19:53:04]  [DBG][AMP] waiting: min_to_los=24.800 (cond: 24.800 > 15) now=1/9 10:53:04
[19:53:05]  [DBG][AMP] waiting: min_to_los=24.783 (cond: 24.783 > 15) now=1/9 10:53:05
[19:53:05]  Tracking : Az 163, El 0.
[19:53:06]  [DBG][AMP] waiting: min_to_los=24.767 (cond: 24.767 > 15) now=1/9 10:53:06
[19:53:07]  [DBG][AMP] waiting: min_to_los=24.750 (cond: 24.750 > 15) now=1/9 10:53:07
[19:53:07]  Tracking : Az 163, El 0.
[19:53:08]  [DBG][AMP] waiting: min_to_los=24.733 (cond: 24.733 > 15) now=1/9 10:53:08
[19:53:09]  [DBG][AMP] waiting: min_to_los=24.717 (cond: 24.717 > 15) now=1/9 10:53:09
[19:53:09]  Tracking : Az 163, El 0.
[19:53:10]  [DBG][AMP] waiting: min_to_los=24.700 (cond: 24.700 > 15) now=1/9 10:53:10
[19:53:11]  [DBG][AMP] waiting: min_to_los=24.683 (cond: 24.683 > 15) now=1/9 10:53:11
[19:53:11]  Tracking : Az 163, El 0.
[19:53:12]  [DBG][AMP] waiting: min_to_los=24.667 (cond: 24.667 > 15) now=1/9 10:53:12
[19:53:13]  [DBG][AMP] waiting: min_to_los=24.650 (cond: 24.650 > 15) now=1/9 10:53:13
[19:53:13]  Tracking : Az 163, El 0.
[19:53:14]  [DBG][AMP] waiting: min_to_los=24.633 (cond: 24.633 > 15) now=1/9 10:53:14
[19:53:15]  [DBG][AMP] waiting: min_to_los=24.617 (cond: 24.617 > 15) now=1/9 10:53:15
[19:53:15]  Tracking : Az 163, El 0.
[19:53:16]  [DBG][AMP] waiting: min_to_los=24.600 (cond: 24.600 > 15) now=1/9 10:53:16
[19:53:17]  [DBG][AMP] waiting: min_to_los=24.583 (cond: 24.583 > 15) now=1/9 10:53:17
[19:53:17]  Tracking : Az 163, El 0.
[19:53:18]  [DBG][AMP] waiting: min_to_los=24.567 (cond: 24.567 > 15) now=1/9 10:53:18
[19:53:19]  [DBG][AMP] waiting: min_to_los=24.550 (cond: 24.550 > 15) now=1/9 10:53:19
[19:53:19]  Tracking : Az 163, El 0.
[19:53:19]  [DBG][AMP] waiting: min_to_los=24.533 (cond: 24.533 > 15) now=1/9 10:53:20
[19:53:21]  [DBG][AMP] waiting: min_to_los=24.517 (cond: 24.517 > 15) now=1/9 10:53:21
[19:53:21]  Tracking : Az 163, El 0.
[19:53:22]  [DBG][AMP] waiting: min_to_los=24.500 (cond: 24.500 > 15) now=1/9 10:53:22
[19:53:23]  [DBG][AMP] waiting: min_to_los=24.483 (cond: 24.483 > 15) now=1/9 10:53:23
[19:53:23]  Tracking : Az 163, El 0.
[19:53:24]  [DBG][AMP] waiting: min_to_los=24.467 (cond: 24.467 > 15) now=1/9 10:53:24
[19:53:25]  [DBG][AMP] waiting: min_to_los=24.450 (cond: 24.450 > 15) now=1/9 10:53:25
[19:53:26]  [DBG][AMP] waiting: min_to_los=24.433 (cond: 24.433 > 15) now=1/9 10:53:26
[19:53:27]  [DBG][AMP] waiting: min_to_los=24.417 (cond: 24.417 > 15) now=1/9 10:53:27
[19:53:28]  [DBG][AMP] waiting: min_to_los=24.400 (cond: 24.400 > 15) now=1/9 10:53:28
[19:53:29]  [DBG][AMP] waiting: min_to_los=24.383 (cond: 24.383 > 15) now=1/9 10:53:29
[19:53:30]  [DBG][AMP] waiting: min_to_los=24.367 (cond: 24.367 > 15) now=1/9 10:53:30
[19:53:31]  [DBG][AMP] waiting: min_to_los=24.350 (cond: 24.350 > 15) now=1/9 10:53:31
[19:53:32]  [DBG][AMP] waiting: min_to_los=24.333 (cond: 24.333 > 15) now=1/9 10:53:32
[19:53:33]  [DBG][AMP] waiting: min_to_los=24.317 (cond: 24.317 > 15) now=1/9 10:53:33
[19:53:34]  [DBG][AMP] waiting: min_to_los=24.300 (cond: 24.300 > 15) now=1/9 10:53:34
[19:53:35]  [DBG][AMP] waiting: min_to_los=24.283 (cond: 24.283 > 15) now=1/9 10:53:35
[19:53:36]  [DBG][AMP] waiting: min_to_los=24.267 (cond: 24.267 > 15) now=1/9 10:53:36
[19:53:37]  [DBG][AMP] waiting: min_to_los=24.250 (cond: 24.250 > 15) now=1/9 10:53:37
[19:53:38]  [DBG][AMP] waiting: min_to_los=24.233 (cond: 24.233 > 15) now=1/9 10:53:38
[19:53:39]  [DBG][AMP] waiting: min_to_los=24.217 (cond: 24.217 > 15) now=1/9 10:53:39
[19:53:40]  [DBG][AMP] waiting: min_to_los=24.200 (cond: 24.200 > 15) now=1/9 10:53:40
[19:53:41]  [DBG][AMP] waiting: min_to_los=24.183 (cond: 24.183 > 15) now=1/9 10:53:41
[19:53:42]  [DBG][AMP] waiting: min_to_los=24.167 (cond: 24.167 > 15) now=1/9 10:53:42
[19:53:43]  [DBG][AMP] waiting: min_to_los=24.150 (cond: 24.150 > 15) now=1/9 10:53:43
[19:53:44]  [DBG][AMP] waiting: min_to_los=24.133 (cond: 24.133 > 15) now=1/9 10:53:44
[19:53:45]  [DBG][AMP] waiting: min_to_los=24.117 (cond: 24.117 > 15) now=1/9 10:53:45
[19:53:46]  [DBG][AMP] waiting: min_to_los=24.100 (cond: 24.100 > 15) now=1/9 10:53:46
[19:53:47]  [DBG][AMP] waiting: min_to_los=24.083 (cond: 24.083 > 15) now=1/9 10:53:47
[19:53:48]  [DBG][AMP] waiting: min_to_los=24.067 (cond: 24.067 > 15) now=1/9 10:53:48
[19:53:49]  [DBG][AMP] waiting: min_to_los=24.050 (cond: 24.050 > 15) now=1/9 10:53:49
[19:53:49]  [DBG][AMP] waiting: min_to_los=24.033 (cond: 24.033 > 15) now=1/9 10:53:50
[19:53:51]  [DBG][AMP] waiting: min_to_los=24.017 (cond: 24.017 > 15) now=1/9 10:53:51
[19:53:52]  [DBG][AMP] waiting: min_to_los=24.000 (cond: 24.000 > 15) now=1/9 10:53:52
[19:53:53]  [DBG][AMP] waiting: min_to_los=23.983 (cond: 23.983 > 15) now=1/9 10:53:53
[19:53:54]  [DBG][AMP] waiting: min_to_los=23.967 (cond: 23.967 > 15) now=1/9 10:53:54
[19:53:55]  [DBG][AMP] waiting: min_to_los=23.950 (cond: 23.950 > 15) now=1/9 10:53:55
[19:53:56]  [DBG][AMP] waiting: min_to_los=23.933 (cond: 23.933 > 15) now=1/9 10:53:56
[19:53:57]  [DBG][AMP] waiting: min_to_los=23.917 (cond: 23.917 > 15) now=1/9 10:53:57
[19:53:58]  [DBG][AMP] waiting: min_to_los=23.900 (cond: 23.900 > 15) now=1/9 10:53:58
[19:53:59]  [DBG][AMP] waiting: min_to_los=23.883 (cond: 23.883 > 15) now=1/9 10:53:59
[19:54:00]  [DBG][AMP] waiting: min_to_los=23.867 (cond: 23.867 > 15) now=1/9 10:54:00
[19:54:01]  [DBG][AMP] waiting: min_to_los=23.850 (cond: 23.850 > 15) now=1/9 10:54:01
[19:54:02]  [DBG][AMP] waiting: min_to_los=23.833 (cond: 23.833 > 15) now=1/9 10:54:02
[19:54:03]  [DBG][AMP] waiting: min_to_los=23.817 (cond: 23.817 > 15) now=1/9 10:54:03
[19:54:04]  [DBG][AMP] waiting: min_to_los=23.800 (cond: 23.800 > 15) now=1/9 10:54:04
[19:54:05]  [DBG][AMP] waiting: min_to_los=23.783 (cond: 23.783 > 15) now=1/9 10:54:05
[19:54:06]  [DBG][AMP] waiting: min_to_los=23.767 (cond: 23.767 > 15) now=1/9 10:54:06
[19:54:07]  [DBG][AMP] waiting: min_to_los=23.750 (cond: 23.750 > 15) now=1/9 10:54:07
[19:54:08]  [DBG][AMP] waiting: min_to_los=23.733 (cond: 23.733 > 15) now=1/9 10:54:08
[19:54:09]  [DBG][AMP] waiting: min_to_los=23.717 (cond: 23.717 > 15) now=1/9 10:54:09
[19:54:10]  [DBG][AMP] waiting: min_to_los=23.700 (cond: 23.700 > 15) now=1/9 10:54:10
[19:54:11]  [DBG][AMP] waiting: min_to_los=23.683 (cond: 23.683 > 15) now=1/9 10:54:11
[19:54:12]  [DBG][AMP] waiting: min_to_los=23.667 (cond: 23.667 > 15) now=1/9 10:54:12
[19:54:13]  [DBG][AMP] waiting: min_to_los=23.650 (cond: 23.650 > 15) now=1/9 10:54:13
[19:54:14]  [DBG][AMP] waiting: min_to_los=23.633 (cond: 23.633 > 15) now=1/9 10:54:14
[19:54:15]  [DBG][AMP] waiting: min_to_los=23.617 (cond: 23.617 > 15) now=1/9 10:54:15
[19:54:16]  [DBG][AMP] waiting: min_to_los=23.600 (cond: 23.600 > 15) now=1/9 10:54:16
[19:54:17]  [DBG][AMP] waiting: min_to_los=23.583 (cond: 23.583 > 15) now=1/9 10:54:17
[19:54:18]  [DBG][AMP] waiting: min_to_los=23.567 (cond: 23.567 > 15) now=1/9 10:54:18
[19:54:19]  [DBG][AMP] waiting: min_to_los=23.550 (cond: 23.550 > 15) now=1/9 10:54:19
[19:54:20]  [DBG][AMP] waiting: min_to_los=23.533 (cond: 23.533 > 15) now=1/9 10:54:20
[19:54:21]  [DBG][AMP] waiting: min_to_los=23.517 (cond: 23.517 > 15) now=1/9 10:54:21
[19:54:22]  [DBG][AMP] waiting: min_to_los=23.500 (cond: 23.500 > 15) now=1/9 10:54:22
[19:54:23]  [DBG][AMP] waiting: min_to_los=23.483 (cond: 23.483 > 15) now=1/9 10:54:23
[19:54:24]  [DBG][AMP] waiting: min_to_los=23.467 (cond: 23.467 > 15) now=1/9 10:54:24
[19:54:25]  [DBG][AMP] waiting: min_to_los=23.450 (cond: 23.450 > 15) now=1/9 10:54:25
[19:54:26]  [DBG][AMP] waiting: min_to_los=23.433 (cond: 23.433 > 15) now=1/9 10:54:26
[19:54:27]  [DBG][AMP] waiting: min_to_los=23.417 (cond: 23.417 > 15) now=1/9 10:54:27
[19:54:28]  [DBG][AMP] waiting: min_to_los=23.400 (cond: 23.400 > 15) now=1/9 10:54:28
[19:54:29]  [DBG][AMP] waiting: min_to_los=23.383 (cond: 23.383 > 15) now=1/9 10:54:29
[19:54:30]  [DBG][AMP] waiting: min_to_los=23.367 (cond: 23.367 > 15) now=1/9 10:54:30
[19:54:31]  [DBG][AMP] waiting: min_to_los=23.350 (cond: 23.350 > 15) now=1/9 10:54:31
[19:54:32]  [DBG][AMP] waiting: min_to_los=23.333 (cond: 23.333 > 15) now=1/9 10:54:32
[19:54:33]  [DBG][AMP] waiting: min_to_los=23.317 (cond: 23.317 > 15) now=1/9 10:54:33
[19:54:34]  [DBG][AMP] waiting: min_to_los=23.300 (cond: 23.300 > 15) now=1/9 10:54:34
[19:54:35]  [DBG][AMP] waiting: min_to_los=23.283 (cond: 23.283 > 15) now=1/9 10:54:35
[19:54:36]  [DBG][AMP] waiting: min_to_los=23.267 (cond: 23.267 > 15) now=1/9 10:54:36
[19:54:37]  [DBG][AMP] waiting: min_to_los=23.250 (cond: 23.250 > 15) now=1/9 10:54:37
[19:54:38]  [DBG][AMP] waiting: min_to_los=23.233 (cond: 23.233 > 15) now=1/9 10:54:38
[19:54:39]  [DBG][AMP] waiting: min_to_los=23.217 (cond: 23.217 > 15) now=1/9 10:54:39
[19:54:40]  [DBG][AMP] waiting: min_to_los=23.200 (cond: 23.200 > 15) now=1/9 10:54:40
[19:54:41]  [DBG][AMP] waiting: min_to_los=23.183 (cond: 23.183 > 15) now=1/9 10:54:41
[19:54:42]  [DBG][AMP] waiting: min_to_los=23.167 (cond: 23.167 > 15) now=1/9 10:54:42
[19:54:43]  [DBG][AMP] waiting: min_to_los=23.150 (cond: 23.150 > 15) now=1/9 10:54:43
[19:54:44]  [DBG][AMP] waiting: min_to_los=23.133 (cond: 23.133 > 15) now=1/9 10:54:44
[19:54:45]  [DBG][AMP] waiting: min_to_los=23.117 (cond: 23.117 > 15) now=1/9 10:54:45
[19:54:46]  [DBG][AMP] waiting: min_to_los=23.100 (cond: 23.100 > 15) now=1/9 10:54:46
[19:54:47]  [DBG][AMP] waiting: min_to_los=23.083 (cond: 23.083 > 15) now=1/9 10:54:47
[19:54:48]  [DBG][AMP] waiting: min_to_los=23.067 (cond: 23.067 > 15) now=1/9 10:54:48
[19:54:49]  [DBG][AMP] waiting: min_to_los=23.050 (cond: 23.050 > 15) now=1/9 10:54:49
[19:54:50]  [DBG][AMP] waiting: min_to_los=23.033 (cond: 23.033 > 15) now=1/9 10:54:50
[19:54:51]  [DBG][AMP] waiting: min_to_los=23.017 (cond: 23.017 > 15) now=1/9 10:54:51
[19:54:52]  [DBG][AMP] waiting: min_to_los=23.000 (cond: 23.000 > 15) now=1/9 10:54:52
[19:54:53]  [DBG][AMP] waiting: min_to_los=22.983 (cond: 22.983 > 15) now=1/9 10:54:53
[19:54:54]  [DBG][AMP] waiting: min_to_los=22.967 (cond: 22.967 > 15) now=1/9 10:54:54
[19:54:55]  [DBG][AMP] waiting: min_to_los=22.950 (cond: 22.950 > 15) now=1/9 10:54:55
[19:54:56]  [DBG][AMP] waiting: min_to_los=22.933 (cond: 22.933 > 15) now=1/9 10:54:56
[19:54:57]  [DBG][AMP] waiting: min_to_los=22.917 (cond: 22.917 > 15) now=1/9 10:54:57
[19:54:58]  [DBG][AMP] waiting: min_to_los=22.900 (cond: 22.900 > 15) now=1/9 10:54:58
[19:54:59]  [DBG][AMP] waiting: min_to_los=22.883 (cond: 22.883 > 15) now=1/9 10:54:59
[19:55:00]  [DBG][AMP] waiting: min_to_los=22.867 (cond: 22.867 > 15) now=1/9 10:55:00
[19:55:01]  [DBG][AMP] waiting: min_to_los=22.850 (cond: 22.850 > 15) now=1/9 10:55:01
[19:55:02]  [DBG][AMP] waiting: min_to_los=22.833 (cond: 22.833 > 15) now=1/9 10:55:02
[19:55:03]  [DBG][AMP] waiting: min_to_los=22.817 (cond: 22.817 > 15) now=1/9 10:55:03
[19:55:04]  [DBG][AMP] waiting: min_to_los=22.800 (cond: 22.800 > 15) now=1/9 10:55:04
[19:55:05]  [DBG][AMP] waiting: min_to_los=22.783 (cond: 22.783 > 15) now=1/9 10:55:05
[19:55:06]  [DBG][AMP] waiting: min_to_los=22.767 (cond: 22.767 > 15) now=1/9 10:55:06
[19:55:07]  [DBG][AMP] waiting: min_to_los=22.750 (cond: 22.750 > 15) now=1/9 10:55:07
[19:55:08]  [DBG][AMP] waiting: min_to_los=22.733 (cond: 22.733 > 15) now=1/9 10:55:08
[19:55:09]  [DBG][AMP] waiting: min_to_los=22.717 (cond: 22.717 > 15) now=1/9 10:55:09
[19:55:10]  [DBG][AMP] waiting: min_to_los=22.700 (cond: 22.700 > 15) now=1/9 10:55:10
[19:55:11]  [DBG][AMP] waiting: min_to_los=22.683 (cond: 22.683 > 15) now=1/9 10:55:11
[19:55:12]  [DBG][AMP] waiting: min_to_los=22.667 (cond: 22.667 > 15) now=1/9 10:55:12
[19:55:13]  [DBG][AMP] waiting: min_to_los=22.650 (cond: 22.650 > 15) now=1/9 10:55:13
[19:55:14]  [DBG][AMP] waiting: min_to_los=22.633 (cond: 22.633 > 15) now=1/9 10:55:14
[19:55:15]  [DBG][AMP] waiting: min_to_los=22.617 (cond: 22.617 > 15) now=1/9 10:55:15
[19:55:16]  [DBG][AMP] waiting: min_to_los=22.600 (cond: 22.600 > 15) now=1/9 10:55:16
[19:55:17]  [DBG][AMP] waiting: min_to_los=22.583 (cond: 22.583 > 15) now=1/9 10:55:17
[19:55:18]  [DBG][AMP] waiting: min_to_los=22.567 (cond: 22.567 > 15) now=1/9 10:55:18
[19:55:19]  [DBG][AMP] waiting: min_to_los=22.550 (cond: 22.550 > 15) now=1/9 10:55:19
[19:55:20]  [DBG][AMP] waiting: min_to_los=22.533 (cond: 22.533 > 15) now=1/9 10:55:20
[19:55:21]  [DBG][AMP] waiting: min_to_los=22.517 (cond: 22.517 > 15) now=1/9 10:55:21
[19:55:22]  [DBG][AMP] waiting: min_to_los=22.500 (cond: 22.500 > 15) now=1/9 10:55:22
[19:55:23]  [DBG][AMP] waiting: min_to_los=22.483 (cond: 22.483 > 15) now=1/9 10:55:23
[19:55:24]  [DBG][AMP] waiting: min_to_los=22.467 (cond: 22.467 > 15) now=1/9 10:55:24
[19:55:25]  [DBG][AMP] waiting: min_to_los=22.450 (cond: 22.450 > 15) now=1/9 10:55:25
[19:55:26]  [DBG][AMP] waiting: min_to_los=22.433 (cond: 22.433 > 15) now=1/9 10:55:26
[19:55:27]  [DBG][AMP] waiting: min_to_los=22.417 (cond: 22.417 > 15) now=1/9 10:55:27
[19:55:28]  [DBG][AMP] waiting: min_to_los=22.400 (cond: 22.400 > 15) now=1/9 10:55:28
[19:55:29]  [DBG][AMP] waiting: min_to_los=22.383 (cond: 22.383 > 15) now=1/9 10:55:29
[19:55:30]  [DBG][AMP] waiting: min_to_los=22.367 (cond: 22.367 > 15) now=1/9 10:55:30
[19:55:31]  [DBG][AMP] waiting: min_to_los=22.350 (cond: 22.350 > 15) now=1/9 10:55:31
[19:55:32]  [DBG][AMP] waiting: min_to_los=22.333 (cond: 22.333 > 15) now=1/9 10:55:32
[19:55:33]  [DBG][AMP] waiting: min_to_los=22.317 (cond: 22.317 > 15) now=1/9 10:55:33
[19:55:34]  [DBG][AMP] waiting: min_to_los=22.300 (cond: 22.300 > 15) now=1/9 10:55:34
[19:55:35]  [DBG][AMP] waiting: min_to_los=22.283 (cond: 22.283 > 15) now=1/9 10:55:35
[19:55:36]  [DBG][AMP] waiting: min_to_los=22.267 (cond: 22.267 > 15) now=1/9 10:55:36
[19:55:37]  [DBG][AMP] waiting: min_to_los=22.250 (cond: 22.250 > 15) now=1/9 10:55:37
[19:55:38]  [DBG][AMP] waiting: min_to_los=22.233 (cond: 22.233 > 15) now=1/9 10:55:38
[19:55:39]  [DBG][AMP] waiting: min_to_los=22.217 (cond: 22.217 > 15) now=1/9 10:55:39
[19:55:40]  [DBG][AMP] waiting: min_to_los=22.200 (cond: 22.200 > 15) now=1/9 10:55:40
[19:55:40]  [DBG][AMP] waiting: min_to_los=22.183 (cond: 22.183 > 15) now=1/9 10:55:41
[19:55:42]  [DBG][AMP] waiting: min_to_los=22.167 (cond: 22.167 > 15) now=1/9 10:55:42
[19:55:43]  [DBG][AMP] waiting: min_to_los=22.150 (cond: 22.150 > 15) now=1/9 10:55:43
[19:55:44]  [DBG][AMP] waiting: min_to_los=22.133 (cond: 22.133 > 15) now=1/9 10:55:44
[19:55:45]  [DBG][AMP] waiting: min_to_los=22.117 (cond: 22.117 > 15) now=1/9 10:55:45
[19:55:46]  [DBG][AMP] waiting: min_to_los=22.100 (cond: 22.100 > 15) now=1/9 10:55:46
[19:55:47]  [DBG][AMP] waiting: min_to_los=22.083 (cond: 22.083 > 15) now=1/9 10:55:47
[19:55:48]  [DBG][AMP] waiting: min_to_los=22.067 (cond: 22.067 > 15) now=1/9 10:55:48
[19:55:49]  [DBG][AMP] waiting: min_to_los=22.050 (cond: 22.050 > 15) now=1/9 10:55:49
[19:55:50]  [DBG][AMP] waiting: min_to_los=22.033 (cond: 22.033 > 15) now=1/9 10:55:50
[19:55:51]  [DBG][AMP] waiting: min_to_los=22.017 (cond: 22.017 > 15) now=1/9 10:55:51
[19:55:52]  [DBG][AMP] waiting: min_to_los=22.000 (cond: 22.000 > 15) now=1/9 10:55:52
[19:55:53]  [DBG][AMP] waiting: min_to_los=21.983 (cond: 21.983 > 15) now=1/9 10:55:53
[19:55:54]  [DBG][AMP] waiting: min_to_los=21.967 (cond: 21.967 > 15) now=1/9 10:55:54
[19:55:55]  [DBG][AMP] waiting: min_to_los=21.950 (cond: 21.950 > 15) now=1/9 10:55:55
[19:55:56]  [DBG][AMP] waiting: min_to_los=21.933 (cond: 21.933 > 15) now=1/9 10:55:56
[19:55:57]  [DBG][AMP] waiting: min_to_los=21.917 (cond: 21.917 > 15) now=1/9 10:55:57
[19:55:58]  [DBG][AMP] waiting: min_to_los=21.900 (cond: 21.900 > 15) now=1/9 10:55:58
[19:55:59]  [DBG][AMP] waiting: min_to_los=21.883 (cond: 21.883 > 15) now=1/9 10:55:59
[19:56:00]  [DBG][AMP] waiting: min_to_los=21.867 (cond: 21.867 > 15) now=1/9 10:56:00
[19:56:01]  [DBG][AMP] waiting: min_to_los=21.850 (cond: 21.850 > 15) now=1/9 10:56:01
[19:56:02]  [DBG][AMP] waiting: min_to_los=21.833 (cond: 21.833 > 15) now=1/9 10:56:02
[19:56:03]  [DBG][AMP] waiting: min_to_los=21.817 (cond: 21.817 > 15) now=1/9 10:56:03
[19:56:04]  [DBG][AMP] waiting: min_to_los=21.800 (cond: 21.800 > 15) now=1/9 10:56:04
[19:56:05]  [DBG][AMP] waiting: min_to_los=21.783 (cond: 21.783 > 15) now=1/9 10:56:05
[19:56:06]  [DBG][AMP] waiting: min_to_los=21.767 (cond: 21.767 > 15) now=1/9 10:56:06
[19:56:07]  [DBG][AMP] waiting: min_to_los=21.750 (cond: 21.750 > 15) now=1/9 10:56:07
[19:56:08]  [DBG][AMP] waiting: min_to_los=21.733 (cond: 21.733 > 15) now=1/9 10:56:08
[19:56:09]  [DBG][AMP] waiting: min_to_los=21.717 (cond: 21.717 > 15) now=1/9 10:56:09
[19:56:10]  [DBG][AMP] waiting: min_to_los=21.700 (cond: 21.700 > 15) now=1/9 10:56:10
[19:56:11]  [DBG][AMP] waiting: min_to_los=21.683 (cond: 21.683 > 15) now=1/9 10:56:11
[19:56:12]  [DBG][AMP] waiting: min_to_los=21.667 (cond: 21.667 > 15) now=1/9 10:56:12
[19:56:13]  [DBG][AMP] waiting: min_to_los=21.650 (cond: 21.650 > 15) now=1/9 10:56:13
[19:56:14]  [DBG][AMP] waiting: min_to_los=21.633 (cond: 21.633 > 15) now=1/9 10:56:14
[19:56:15]  [DBG][AMP] waiting: min_to_los=21.617 (cond: 21.617 > 15) now=1/9 10:56:15
[19:56:16]  [DBG][AMP] waiting: min_to_los=21.600 (cond: 21.600 > 15) now=1/9 10:56:16
[19:56:17]  [DBG][AMP] waiting: min_to_los=21.583 (cond: 21.583 > 15) now=1/9 10:56:17
[19:56:18]  [DBG][AMP] waiting: min_to_los=21.567 (cond: 21.567 > 15) now=1/9 10:56:18
[19:56:19]  [DBG][AMP] waiting: min_to_los=21.550 (cond: 21.550 > 15) now=1/9 10:56:19
[19:56:20]  [DBG][AMP] waiting: min_to_los=21.533 (cond: 21.533 > 15) now=1/9 10:56:20
[19:56:21]  [DBG][AMP] waiting: min_to_los=21.517 (cond: 21.517 > 15) now=1/9 10:56:21
[19:56:22]  [DBG][AMP] waiting: min_to_los=21.500 (cond: 21.500 > 15) now=1/9 10:56:22
[19:56:23]  [DBG][AMP] waiting: min_to_los=21.483 (cond: 21.483 > 15) now=1/9 10:56:23
[19:56:24]  [DBG][AMP] waiting: min_to_los=21.467 (cond: 21.467 > 15) now=1/9 10:56:24
[19:56:25]  [DBG][AMP] waiting: min_to_los=21.450 (cond: 21.450 > 15) now=1/9 10:56:25
[19:56:26]  [DBG][AMP] waiting: min_to_los=21.433 (cond: 21.433 > 15) now=1/9 10:56:26
[19:56:27]  [DBG][AMP] waiting: min_to_los=21.417 (cond: 21.417 > 15) now=1/9 10:56:27
[19:56:28]  [DBG][AMP] waiting: min_to_los=21.400 (cond: 21.400 > 15) now=1/9 10:56:28
[19:56:29]  [DBG][AMP] waiting: min_to_los=21.383 (cond: 21.383 > 15) now=1/9 10:56:29
[19:56:30]  [DBG][AMP] waiting: min_to_los=21.367 (cond: 21.367 > 15) now=1/9 10:56:30
[19:56:31]  [DBG][AMP] waiting: min_to_los=21.350 (cond: 21.350 > 15) now=1/9 10:56:31
[19:56:32]  [DBG][AMP] waiting: min_to_los=21.333 (cond: 21.333 > 15) now=1/9 10:56:32
[19:56:33]  [DBG][AMP] waiting: min_to_los=21.317 (cond: 21.317 > 15) now=1/9 10:56:33
[19:56:34]  [DBG][AMP] waiting: min_to_los=21.300 (cond: 21.300 > 15) now=1/9 10:56:34
[19:56:35]  [DBG][AMP] waiting: min_to_los=21.283 (cond: 21.283 > 15) now=1/9 10:56:35
[19:56:36]  [DBG][AMP] waiting: min_to_los=21.267 (cond: 21.267 > 15) now=1/9 10:56:36
[19:56:37]  [DBG][AMP] waiting: min_to_los=21.250 (cond: 21.250 > 15) now=1/9 10:56:37
[19:56:38]  [DBG][AMP] waiting: min_to_los=21.233 (cond: 21.233 > 15) now=1/9 10:56:38
[19:56:39]  [DBG][AMP] waiting: min_to_los=21.217 (cond: 21.217 > 15) now=1/9 10:56:39
[19:56:40]  [DBG][AMP] waiting: min_to_los=21.200 (cond: 21.200 > 15) now=1/9 10:56:40
[19:56:41]  [DBG][AMP] waiting: min_to_los=21.183 (cond: 21.183 > 15) now=1/9 10:56:41
[19:56:42]  [DBG][AMP] waiting: min_to_los=21.167 (cond: 21.167 > 15) now=1/9 10:56:42
[19:56:43]  [DBG][AMP] waiting: min_to_los=21.150 (cond: 21.150 > 15) now=1/9 10:56:43
[19:56:44]  [DBG][AMP] waiting: min_to_los=21.133 (cond: 21.133 > 15) now=1/9 10:56:44
[19:56:45]  [DBG][AMP] waiting: min_to_los=21.117 (cond: 21.117 > 15) now=1/9 10:56:45
[19:56:45]  [DBG][AMP] waiting: min_to_los=21.100 (cond: 21.100 > 15) now=1/9 10:56:46
[19:56:47]  [DBG][AMP] waiting: min_to_los=21.083 (cond: 21.083 > 15) now=1/9 10:56:47
[19:56:48]  [DBG][AMP] waiting: min_to_los=21.067 (cond: 21.067 > 15) now=1/9 10:56:48
[19:56:49]  [DBG][AMP] waiting: min_to_los=21.050 (cond: 21.050 > 15) now=1/9 10:56:49
[19:56:50]  [DBG][AMP] waiting: min_to_los=21.033 (cond: 21.033 > 15) now=1/9 10:56:50
[19:56:51]  [DBG][AMP] waiting: min_to_los=21.017 (cond: 21.017 > 15) now=1/9 10:56:51
[19:56:52]  [DBG][AMP] waiting: min_to_los=21.000 (cond: 21.000 > 15) now=1/9 10:56:52
[19:56:53]  [DBG][AMP] waiting: min_to_los=20.983 (cond: 20.983 > 15) now=1/9 10:56:53
[19:56:54]  [DBG][AMP] waiting: min_to_los=20.967 (cond: 20.967 > 15) now=1/9 10:56:54
[19:56:55]  [DBG][AMP] waiting: min_to_los=20.950 (cond: 20.950 > 15) now=1/9 10:56:55
[19:56:56]  [DBG][AMP] waiting: min_to_los=20.933 (cond: 20.933 > 15) now=1/9 10:56:56
[19:56:56]  Tracking : Az 161, El 3.
[19:56:57]  [DBG][AMP] waiting: min_to_los=20.917 (cond: 20.917 > 15) now=1/9 10:56:57
[19:56:58]  [DBG][AMP] waiting: min_to_los=20.900 (cond: 20.900 > 15) now=1/9 10:56:58
[19:56:59]  [DBG][AMP] waiting: min_to_los=20.883 (cond: 20.883 > 15) now=1/9 10:56:59
[19:57:00]  [DBG][AMP] waiting: min_to_los=20.867 (cond: 20.867 > 15) now=1/9 10:57:00
[19:57:01]  [DBG][AMP] waiting: min_to_los=20.850 (cond: 20.850 > 15) now=1/9 10:57:01
[19:57:02]  [DBG][AMP] waiting: min_to_los=20.833 (cond: 20.833 > 15) now=1/9 10:57:02
[19:57:03]  [DBG][AMP] waiting: min_to_los=20.817 (cond: 20.817 > 15) now=1/9 10:57:03
[19:57:04]  [DBG][AMP] waiting: min_to_los=20.800 (cond: 20.800 > 15) now=1/9 10:57:04
[19:57:05]  [DBG][AMP] waiting: min_to_los=20.783 (cond: 20.783 > 15) now=1/9 10:57:05
[19:57:06]  [DBG][AMP] waiting: min_to_los=20.767 (cond: 20.767 > 15) now=1/9 10:57:06
[19:57:07]  [DBG][AMP] waiting: min_to_los=20.750 (cond: 20.750 > 15) now=1/9 10:57:07
[19:57:08]  [DBG][AMP] waiting: min_to_los=20.733 (cond: 20.733 > 15) now=1/9 10:57:08
[19:57:09]  [DBG][AMP] waiting: min_to_los=20.717 (cond: 20.717 > 15) now=1/9 10:57:09
[19:57:10]  [DBG][AMP] waiting: min_to_los=20.700 (cond: 20.700 > 15) now=1/9 10:57:10
[19:57:11]  [DBG][AMP] waiting: min_to_los=20.683 (cond: 20.683 > 15) now=1/9 10:57:11
[19:57:12]  [DBG][AMP] waiting: min_to_los=20.667 (cond: 20.667 > 15) now=1/9 10:57:12
[19:57:13]  [DBG][AMP] waiting: min_to_los=20.650 (cond: 20.650 > 15) now=1/9 10:57:13
[19:57:14]  [DBG][AMP] waiting: min_to_los=20.633 (cond: 20.633 > 15) now=1/9 10:57:14
[19:57:15]  [DBG][AMP] waiting: min_to_los=20.617 (cond: 20.617 > 15) now=1/9 10:57:15
[19:57:16]  [DBG][AMP] waiting: min_to_los=20.600 (cond: 20.600 > 15) now=1/9 10:57:16
[19:57:17]  [DBG][AMP] waiting: min_to_los=20.583 (cond: 20.583 > 15) now=1/9 10:57:17
[19:57:18]  [DBG][AMP] waiting: min_to_los=20.567 (cond: 20.567 > 15) now=1/9 10:57:18
[19:57:19]  [DBG][AMP] waiting: min_to_los=20.550 (cond: 20.550 > 15) now=1/9 10:57:19
[19:57:20]  [DBG][AMP] waiting: min_to_los=20.533 (cond: 20.533 > 15) now=1/9 10:57:20
[19:57:21]  [DBG][AMP] waiting: min_to_los=20.517 (cond: 20.517 > 15) now=1/9 10:57:21
[19:57:22]  [DBG][AMP] waiting: min_to_los=20.500 (cond: 20.500 > 15) now=1/9 10:57:22
[19:57:23]  [DBG][AMP] waiting: min_to_los=20.483 (cond: 20.483 > 15) now=1/9 10:57:23
[19:57:24]  [DBG][AMP] waiting: min_to_los=20.467 (cond: 20.467 > 15) now=1/9 10:57:24
[19:57:25]  [DBG][AMP] waiting: min_to_los=20.450 (cond: 20.450 > 15) now=1/9 10:57:25
[19:57:26]  [DBG][AMP] waiting: min_to_los=20.433 (cond: 20.433 > 15) now=1/9 10:57:26
[19:57:27]  [DBG][AMP] waiting: min_to_los=20.417 (cond: 20.417 > 15) now=1/9 10:57:27
[19:57:28]  [DBG][AMP] waiting: min_to_los=20.400 (cond: 20.400 > 15) now=1/9 10:57:28
[19:57:29]  [DBG][AMP] waiting: min_to_los=20.383 (cond: 20.383 > 15) now=1/9 10:57:29
[19:57:30]  [DBG][AMP] waiting: min_to_los=20.367 (cond: 20.367 > 15) now=1/9 10:57:30
[19:57:31]  [DBG][AMP] waiting: min_to_los=20.350 (cond: 20.350 > 15) now=1/9 10:57:31
[19:57:32]  [DBG][AMP] waiting: min_to_los=20.333 (cond: 20.333 > 15) now=1/9 10:57:32
[19:57:33]  [DBG][AMP] waiting: min_to_los=20.317 (cond: 20.317 > 15) now=1/9 10:57:33
[19:57:34]  [DBG][AMP] waiting: min_to_los=20.300 (cond: 20.300 > 15) now=1/9 10:57:34
[19:57:35]  [DBG][AMP] waiting: min_to_los=20.283 (cond: 20.283 > 15) now=1/9 10:57:35
[19:57:36]  [DBG][AMP] waiting: min_to_los=20.267 (cond: 20.267 > 15) now=1/9 10:57:36
[19:57:37]  [DBG][AMP] waiting: min_to_los=20.250 (cond: 20.250 > 15) now=1/9 10:57:37
[19:57:38]  [DBG][AMP] waiting: min_to_los=20.233 (cond: 20.233 > 15) now=1/9 10:57:38
[19:57:39]  [DBG][AMP] waiting: min_to_los=20.217 (cond: 20.217 > 15) now=1/9 10:57:39
[19:57:40]  [DBG][AMP] waiting: min_to_los=20.200 (cond: 20.200 > 15) now=1/9 10:57:40
[19:57:41]  [DBG][AMP] waiting: min_to_los=20.183 (cond: 20.183 > 15) now=1/9 10:57:41
[19:57:42]  [DBG][AMP] waiting: min_to_los=20.167 (cond: 20.167 > 15) now=1/9 10:57:42
[19:57:43]  [DBG][AMP] waiting: min_to_los=20.150 (cond: 20.150 > 15) now=1/9 10:57:43
[19:57:44]  [DBG][AMP] waiting: min_to_los=20.133 (cond: 20.133 > 15) now=1/9 10:57:44
[19:57:45]  [DBG][AMP] waiting: min_to_los=20.117 (cond: 20.117 > 15) now=1/9 10:57:45
[19:57:46]  [DBG][AMP] waiting: min_to_los=20.100 (cond: 20.100 > 15) now=1/9 10:57:46
[19:57:47]  [DBG][AMP] waiting: min_to_los=20.083 (cond: 20.083 > 15) now=1/9 10:57:47
[19:57:48]  [DBG][AMP] waiting: min_to_los=20.067 (cond: 20.067 > 15) now=1/9 10:57:48
[19:57:49]  [DBG][AMP] waiting: min_to_los=20.050 (cond: 20.050 > 15) now=1/9 10:57:49
[19:57:50]  [DBG][AMP] waiting: min_to_los=20.033 (cond: 20.033 > 15) now=1/9 10:57:50
[19:57:50]  Tracking : Az 159, El 6.
[19:57:51]  [DBG][AMP] waiting: min_to_los=20.017 (cond: 20.017 > 15) now=1/9 10:57:51
[19:57:52]  [DBG][AMP] waiting: min_to_los=20.000 (cond: 20.000 > 15) now=1/9 10:57:52
[19:57:53]  [DBG][AMP] waiting: min_to_los=19.983 (cond: 19.983 > 15) now=1/9 10:57:53
[19:57:54]  [DBG][AMP] waiting: min_to_los=19.967 (cond: 19.967 > 15) now=1/9 10:57:54
[19:57:55]  [DBG][AMP] waiting: min_to_los=19.950 (cond: 19.950 > 15) now=1/9 10:57:55
[19:57:56]  [DBG][AMP] waiting: min_to_los=19.933 (cond: 19.933 > 15) now=1/9 10:57:56
[19:57:57]  [DBG][AMP] waiting: min_to_los=19.917 (cond: 19.917 > 15) now=1/9 10:57:57
[19:57:58]  [DBG][AMP] waiting: min_to_los=19.900 (cond: 19.900 > 15) now=1/9 10:57:58
[19:57:59]  [DBG][AMP] waiting: min_to_los=19.883 (cond: 19.883 > 15) now=1/9 10:57:59
[19:58:00]  [DBG][AMP] waiting: min_to_los=19.867 (cond: 19.867 > 15) now=1/9 10:58:00
[19:58:01]  [DBG][AMP] waiting: min_to_los=19.850 (cond: 19.850 > 15) now=1/9 10:58:01
[19:58:02]  [DBG][AMP] waiting: min_to_los=19.833 (cond: 19.833 > 15) now=1/9 10:58:02
[19:58:03]  [DBG][AMP] waiting: min_to_los=19.817 (cond: 19.817 > 15) now=1/9 10:58:03
[19:58:04]  [DBG][AMP] waiting: min_to_los=19.800 (cond: 19.800 > 15) now=1/9 10:58:04
[19:58:05]  [DBG][AMP] waiting: min_to_los=19.783 (cond: 19.783 > 15) now=1/9 10:58:05
[19:58:06]  [DBG][AMP] waiting: min_to_los=19.767 (cond: 19.767 > 15) now=1/9 10:58:06
[19:58:07]  [DBG][AMP] waiting: min_to_los=19.750 (cond: 19.750 > 15) now=1/9 10:58:07
[19:58:08]  [DBG][AMP] waiting: min_to_los=19.733 (cond: 19.733 > 15) now=1/9 10:58:08
[19:58:09]  [DBG][AMP] waiting: min_to_los=19.717 (cond: 19.717 > 15) now=1/9 10:58:09
[19:58:10]  [DBG][AMP] waiting: min_to_los=19.700 (cond: 19.700 > 15) now=1/9 10:58:10
[19:58:11]  [DBG][AMP] waiting: min_to_los=19.683 (cond: 19.683 > 15) now=1/9 10:58:11
[19:58:12]  [DBG][AMP] waiting: min_to_los=19.667 (cond: 19.667 > 15) now=1/9 10:58:12
[19:58:13]  [DBG][AMP] waiting: min_to_los=19.650 (cond: 19.650 > 15) now=1/9 10:58:13
[19:58:14]  [DBG][AMP] waiting: min_to_los=19.633 (cond: 19.633 > 15) now=1/9 10:58:14
[19:58:15]  [DBG][AMP] waiting: min_to_los=19.617 (cond: 19.617 > 15) now=1/9 10:58:15
[19:58:16]  [DBG][AMP] waiting: min_to_los=19.600 (cond: 19.600 > 15) now=1/9 10:58:16
[19:58:17]  [DBG][AMP] waiting: min_to_los=19.583 (cond: 19.583 > 15) now=1/9 10:58:17
[19:58:18]  [DBG][AMP] waiting: min_to_los=19.567 (cond: 19.567 > 15) now=1/9 10:58:18
[19:58:19]  [DBG][AMP] waiting: min_to_los=19.550 (cond: 19.550 > 15) now=1/9 10:58:19
[19:58:20]  [DBG][AMP] waiting: min_to_los=19.533 (cond: 19.533 > 15) now=1/9 10:58:20
[19:58:21]  [DBG][AMP] waiting: min_to_los=19.517 (cond: 19.517 > 15) now=1/9 10:58:21
[19:58:22]  [DBG][AMP] waiting: min_to_los=19.500 (cond: 19.500 > 15) now=1/9 10:58:22
[19:58:23]  [DBG][AMP] waiting: min_to_los=19.483 (cond: 19.483 > 15) now=1/9 10:58:23
[19:58:24]  [DBG][AMP] waiting: min_to_los=19.467 (cond: 19.467 > 15) now=1/9 10:58:24
[19:58:25]  [DBG][AMP] waiting: min_to_los=19.450 (cond: 19.450 > 15) now=1/9 10:58:25
[19:58:26]  [DBG][AMP] waiting: min_to_los=19.433 (cond: 19.433 > 15) now=1/9 10:58:26
[19:58:27]  [DBG][AMP] waiting: min_to_los=19.417 (cond: 19.417 > 15) now=1/9 10:58:27
[19:58:28]  [DBG][AMP] waiting: min_to_los=19.400 (cond: 19.400 > 15) now=1/9 10:58:28
[19:58:29]  [DBG][AMP] waiting: min_to_los=19.383 (cond: 19.383 > 15) now=1/9 10:58:29
[19:58:30]  [DBG][AMP] waiting: min_to_los=19.367 (cond: 19.367 > 15) now=1/9 10:58:30
[19:58:31]  [DBG][AMP] waiting: min_to_los=19.350 (cond: 19.350 > 15) now=1/9 10:58:31
[19:58:32]  [DBG][AMP] waiting: min_to_los=19.333 (cond: 19.333 > 15) now=1/9 10:58:32
[19:58:33]  [DBG][AMP] waiting: min_to_los=19.317 (cond: 19.317 > 15) now=1/9 10:58:33
[19:58:34]  [DBG][AMP] waiting: min_to_los=19.300 (cond: 19.300 > 15) now=1/9 10:58:34
[19:58:35]  [DBG][AMP] waiting: min_to_los=19.283 (cond: 19.283 > 15) now=1/9 10:58:35
[19:58:36]  [DBG][AMP] waiting: min_to_los=19.267 (cond: 19.267 > 15) now=1/9 10:58:36
[19:58:37]  [DBG][AMP] waiting: min_to_los=19.250 (cond: 19.250 > 15) now=1/9 10:58:37
[19:58:38]  [DBG][AMP] waiting: min_to_los=19.233 (cond: 19.233 > 15) now=1/9 10:58:38
[19:58:39]  [DBG][AMP] waiting: min_to_los=19.217 (cond: 19.217 > 15) now=1/9 10:58:39
[19:58:40]  [DBG][AMP] waiting: min_to_los=19.200 (cond: 19.200 > 15) now=1/9 10:58:40
[19:58:41]  [DBG][AMP] waiting: min_to_los=19.183 (cond: 19.183 > 15) now=1/9 10:58:41
[19:58:41]  Tracking : Az 158, El 9.
[19:58:42]  [DBG][AMP] waiting: min_to_los=19.167 (cond: 19.167 > 15) now=1/9 10:58:42
[19:58:43]  [DBG][AMP] waiting: min_to_los=19.150 (cond: 19.150 > 15) now=1/9 10:58:43
[19:58:44]  [DBG][AMP] waiting: min_to_los=19.133 (cond: 19.133 > 15) now=1/9 10:58:44
[19:58:45]  [DBG][AMP] waiting: min_to_los=19.117 (cond: 19.117 > 15) now=1/9 10:58:45
[19:58:46]  [DBG][AMP] waiting: min_to_los=19.100 (cond: 19.100 > 15) now=1/9 10:58:46
[19:58:47]  [DBG][AMP] waiting: min_to_los=19.083 (cond: 19.083 > 15) now=1/9 10:58:47
[19:58:48]  [DBG][AMP] waiting: min_to_los=19.067 (cond: 19.067 > 15) now=1/9 10:58:48
[19:58:48]  [DBG][AMP] waiting: min_to_los=19.050 (cond: 19.050 > 15) now=1/9 10:58:49
[19:58:50]  [DBG][AMP] waiting: min_to_los=19.033 (cond: 19.033 > 15) now=1/9 10:58:50
[19:58:51]  [DBG][AMP] waiting: min_to_los=19.017 (cond: 19.017 > 15) now=1/9 10:58:51
[19:58:52]  [DBG][AMP] waiting: min_to_los=19.000 (cond: 19.000 > 15) now=1/9 10:58:52
[19:58:53]  [DBG][AMP] waiting: min_to_los=18.983 (cond: 18.983 > 15) now=1/9 10:58:53
[19:58:54]  [DBG][AMP] waiting: min_to_los=18.967 (cond: 18.967 > 15) now=1/9 10:58:54
[19:58:55]  [DBG][AMP] waiting: min_to_los=18.950 (cond: 18.950 > 15) now=1/9 10:58:55
[19:58:56]  [DBG][AMP] waiting: min_to_los=18.933 (cond: 18.933 > 15) now=1/9 10:58:56
[19:58:57]  [DBG][AMP] waiting: min_to_los=18.917 (cond: 18.917 > 15) now=1/9 10:58:57
[19:58:58]  [DBG][AMP] waiting: min_to_los=18.900 (cond: 18.900 > 15) now=1/9 10:58:58
[19:58:59]  [DBG][AMP] waiting: min_to_los=18.883 (cond: 18.883 > 15) now=1/9 10:58:59
[19:59:00]  [DBG][AMP] waiting: min_to_los=18.867 (cond: 18.867 > 15) now=1/9 10:59:00
[19:59:01]  [DBG][AMP] waiting: min_to_los=18.850 (cond: 18.850 > 15) now=1/9 10:59:01
[19:59:02]  [DBG][AMP] waiting: min_to_los=18.833 (cond: 18.833 > 15) now=1/9 10:59:02
[19:59:03]  [DBG][AMP] waiting: min_to_los=18.817 (cond: 18.817 > 15) now=1/9 10:59:03
[19:59:04]  [DBG][AMP] waiting: min_to_los=18.800 (cond: 18.800 > 15) now=1/9 10:59:04
[19:59:05]  [DBG][AMP] waiting: min_to_los=18.783 (cond: 18.783 > 15) now=1/9 10:59:05
[19:59:06]  [DBG][AMP] waiting: min_to_los=18.767 (cond: 18.767 > 15) now=1/9 10:59:06
[19:59:07]  [DBG][AMP] waiting: min_to_los=18.750 (cond: 18.750 > 15) now=1/9 10:59:07
[19:59:08]  [DBG][AMP] waiting: min_to_los=18.733 (cond: 18.733 > 15) now=1/9 10:59:08
[19:59:09]  [DBG][AMP] waiting: min_to_los=18.717 (cond: 18.717 > 15) now=1/9 10:59:09
[19:59:10]  [DBG][AMP] waiting: min_to_los=18.700 (cond: 18.700 > 15) now=1/9 10:59:10
[19:59:11]  [DBG][AMP] waiting: min_to_los=18.683 (cond: 18.683 > 15) now=1/9 10:59:11
[19:59:12]  [DBG][AMP] waiting: min_to_los=18.667 (cond: 18.667 > 15) now=1/9 10:59:12
[19:59:12]  Tracking : Az 156, El 11.
[19:59:13]  [DBG][AMP] waiting: min_to_los=18.650 (cond: 18.650 > 15) now=1/9 10:59:13
[19:59:14]  [DBG][AMP] waiting: min_to_los=18.633 (cond: 18.633 > 15) now=1/9 10:59:14
[19:59:15]  [DBG][AMP] waiting: min_to_los=18.617 (cond: 18.617 > 15) now=1/9 10:59:15
[19:59:16]  [DBG][AMP] waiting: min_to_los=18.600 (cond: 18.600 > 15) now=1/9 10:59:16
[19:59:17]  [DBG][AMP] waiting: min_to_los=18.583 (cond: 18.583 > 15) now=1/9 10:59:17
[19:59:18]  [DBG][AMP] waiting: min_to_los=18.567 (cond: 18.567 > 15) now=1/9 10:59:18
[19:59:19]  [DBG][AMP] waiting: min_to_los=18.550 (cond: 18.550 > 15) now=1/9 10:59:19
[19:59:20]  [DBG][AMP] waiting: min_to_los=18.533 (cond: 18.533 > 15) now=1/9 10:59:20
[19:59:20]  [DBG][AMP] waiting: min_to_los=18.517 (cond: 18.517 > 15) now=1/9 10:59:21
[19:59:22]  [DBG][AMP] waiting: min_to_los=18.500 (cond: 18.500 > 15) now=1/9 10:59:22
[19:59:23]  [DBG][AMP] waiting: min_to_los=18.483 (cond: 18.483 > 15) now=1/9 10:59:23
[19:59:24]  [DBG][AMP] waiting: min_to_los=18.467 (cond: 18.467 > 15) now=1/9 10:59:24
[19:59:25]  [DBG][AMP] waiting: min_to_los=18.450 (cond: 18.450 > 15) now=1/9 10:59:25
[19:59:26]  [DBG][AMP] waiting: min_to_los=18.433 (cond: 18.433 > 15) now=1/9 10:59:26
[19:59:27]  [DBG][AMP] waiting: min_to_los=18.417 (cond: 18.417 > 15) now=1/9 10:59:27
[19:59:28]  [DBG][AMP] waiting: min_to_los=18.400 (cond: 18.400 > 15) now=1/9 10:59:28
[19:59:29]  [DBG][AMP] waiting: min_to_los=18.383 (cond: 18.383 > 15) now=1/9 10:59:29
[19:59:30]  [DBG][AMP] waiting: min_to_los=18.367 (cond: 18.367 > 15) now=1/9 10:59:30
[19:59:31]  [DBG][AMP] waiting: min_to_los=18.350 (cond: 18.350 > 15) now=1/9 10:59:31
[19:59:32]  [DBG][AMP] waiting: min_to_los=18.333 (cond: 18.333 > 15) now=1/9 10:59:32
[19:59:33]  [DBG][AMP] waiting: min_to_los=18.317 (cond: 18.317 > 15) now=1/9 10:59:33
[19:59:34]  [DBG][AMP] waiting: min_to_los=18.300 (cond: 18.300 > 15) now=1/9 10:59:34
[19:59:35]  [DBG][AMP] waiting: min_to_los=18.283 (cond: 18.283 > 15) now=1/9 10:59:35
[19:59:36]  [DBG][AMP] waiting: min_to_los=18.267 (cond: 18.267 > 15) now=1/9 10:59:36
[19:59:37]  [DBG][AMP] waiting: min_to_los=18.250 (cond: 18.250 > 15) now=1/9 10:59:37
[19:59:38]  [DBG][AMP] waiting: min_to_los=18.233 (cond: 18.233 > 15) now=1/9 10:59:38
[19:59:39]  [DBG][AMP] waiting: min_to_los=18.217 (cond: 18.217 > 15) now=1/9 10:59:39
[19:59:40]  [DBG][AMP] waiting: min_to_los=18.200 (cond: 18.200 > 15) now=1/9 10:59:40
[19:59:41]  [DBG][AMP] waiting: min_to_los=18.183 (cond: 18.183 > 15) now=1/9 10:59:41
[19:59:42]  [DBG][AMP] waiting: min_to_los=18.167 (cond: 18.167 > 15) now=1/9 10:59:42
[19:59:43]  [DBG][AMP] waiting: min_to_los=18.150 (cond: 18.150 > 15) now=1/9 10:59:43
[19:59:44]  [DBG][AMP] waiting: min_to_los=18.133 (cond: 18.133 > 15) now=1/9 10:59:44
[19:59:45]  [DBG][AMP] waiting: min_to_los=18.117 (cond: 18.117 > 15) now=1/9 10:59:45
[19:59:46]  [DBG][AMP] waiting: min_to_los=18.100 (cond: 18.100 > 15) now=1/9 10:59:46
[19:59:47]  [DBG][AMP] waiting: min_to_los=18.083 (cond: 18.083 > 15) now=1/9 10:59:47
[19:59:48]  [DBG][AMP] waiting: min_to_los=18.067 (cond: 18.067 > 15) now=1/9 10:59:48
[19:59:48]  [DBG][AMP] waiting: min_to_los=18.050 (cond: 18.050 > 15) now=1/9 10:59:49
[19:59:50]  [DBG][AMP] waiting: min_to_los=18.033 (cond: 18.033 > 15) now=1/9 10:59:50
[19:59:51]  [DBG][AMP] waiting: min_to_los=18.017 (cond: 18.017 > 15) now=1/9 10:59:51
[19:59:52]  [DBG][AMP] waiting: min_to_los=18.000 (cond: 18.000 > 15) now=1/9 10:59:52
[19:59:53]  [DBG][AMP] waiting: min_to_los=17.983 (cond: 17.983 > 15) now=1/9 10:59:53
[19:59:54]  [DBG][AMP] waiting: min_to_los=17.967 (cond: 17.967 > 15) now=1/9 10:59:54
[19:59:55]  [DBG][AMP] waiting: min_to_los=17.950 (cond: 17.950 > 15) now=1/9 10:59:55
[19:59:56]  [DBG][AMP] waiting: min_to_los=17.933 (cond: 17.933 > 15) now=1/9 10:59:56
[19:59:57]  [DBG][AMP] waiting: min_to_los=17.917 (cond: 17.917 > 15) now=1/9 10:59:57
[19:59:57]  Tracking : Az 154, El 14.
[19:59:58]  [DBG][AMP] waiting: min_to_los=17.900 (cond: 17.900 > 15) now=1/9 10:59:58
[19:59:59]  [DBG][AMP] waiting: min_to_los=17.883 (cond: 17.883 > 15) now=1/9 10:59:59
[20:00:00]  [DBG][AMP] waiting: min_to_los=17.867 (cond: 17.867 > 15) now=1/9 11:00:00
[20:00:01]  [DBG][AMP] waiting: min_to_los=17.850 (cond: 17.850 > 15) now=1/9 11:00:01
[20:00:02]  [DBG][AMP] waiting: min_to_los=17.833 (cond: 17.833 > 15) now=1/9 11:00:02
[20:00:03]  [DBG][AMP] waiting: min_to_los=17.817 (cond: 17.817 > 15) now=1/9 11:00:03
[20:00:04]  [DBG][AMP] waiting: min_to_los=17.800 (cond: 17.800 > 15) now=1/9 11:00:04
[20:00:05]  [DBG][AMP] waiting: min_to_los=17.783 (cond: 17.783 > 15) now=1/9 11:00:05
[20:00:06]  [DBG][AMP] waiting: min_to_los=17.767 (cond: 17.767 > 15) now=1/9 11:00:06
[20:00:07]  [DBG][AMP] waiting: min_to_los=17.750 (cond: 17.750 > 15) now=1/9 11:00:07
[20:00:08]  [DBG][AMP] waiting: min_to_los=17.733 (cond: 17.733 > 15) now=1/9 11:00:08
[20:00:09]  [DBG][AMP] waiting: min_to_los=17.717 (cond: 17.717 > 15) now=1/9 11:00:09
[20:00:10]  [DBG][AMP] waiting: min_to_los=17.700 (cond: 17.700 > 15) now=1/9 11:00:10
[20:00:11]  [DBG][AMP] waiting: min_to_los=17.683 (cond: 17.683 > 15) now=1/9 11:00:11
[20:00:12]  [DBG][AMP] waiting: min_to_los=17.667 (cond: 17.667 > 15) now=1/9 11:00:12
[20:00:13]  [DBG][AMP] waiting: min_to_los=17.650 (cond: 17.650 > 15) now=1/9 11:00:13
[20:00:14]  [DBG][AMP] waiting: min_to_los=17.633 (cond: 17.633 > 15) now=1/9 11:00:14
[20:00:15]  [DBG][AMP] waiting: min_to_los=17.617 (cond: 17.617 > 15) now=1/9 11:00:15
[20:00:16]  [DBG][AMP] waiting: min_to_los=17.600 (cond: 17.600 > 15) now=1/9 11:00:16
[20:00:17]  [DBG][AMP] waiting: min_to_los=17.583 (cond: 17.583 > 15) now=1/9 11:00:17
[20:00:18]  [DBG][AMP] waiting: min_to_los=17.567 (cond: 17.567 > 15) now=1/9 11:00:18
[20:00:19]  [DBG][AMP] waiting: min_to_los=17.550 (cond: 17.550 > 15) now=1/9 11:00:19
[20:00:20]  [DBG][AMP] waiting: min_to_los=17.533 (cond: 17.533 > 15) now=1/9 11:00:20
[20:00:21]  [DBG][AMP] waiting: min_to_los=17.517 (cond: 17.517 > 15) now=1/9 11:00:21
[20:00:22]  [DBG][AMP] waiting: min_to_los=17.500 (cond: 17.500 > 15) now=1/9 11:00:22
[20:00:23]  [DBG][AMP] waiting: min_to_los=17.483 (cond: 17.483 > 15) now=1/9 11:00:23
[20:00:24]  [DBG][AMP] waiting: min_to_los=17.467 (cond: 17.467 > 15) now=1/9 11:00:24
[20:00:25]  [DBG][AMP] waiting: min_to_los=17.450 (cond: 17.450 > 15) now=1/9 11:00:25
[20:00:26]  [DBG][AMP] waiting: min_to_los=17.433 (cond: 17.433 > 15) now=1/9 11:00:26
[20:00:27]  [DBG][AMP] waiting: min_to_los=17.417 (cond: 17.417 > 15) now=1/9 11:00:27
[20:00:28]  [DBG][AMP] waiting: min_to_los=17.400 (cond: 17.400 > 15) now=1/9 11:00:28
[20:00:29]  [DBG][AMP] waiting: min_to_los=17.383 (cond: 17.383 > 15) now=1/9 11:00:29
[20:00:30]  [DBG][AMP] waiting: min_to_los=17.367 (cond: 17.367 > 15) now=1/9 11:00:30
[20:00:31]  [DBG][AMP] waiting: min_to_los=17.350 (cond: 17.350 > 15) now=1/9 11:00:31
[20:00:32]  [DBG][AMP] waiting: min_to_los=17.333 (cond: 17.333 > 15) now=1/9 11:00:32
[20:00:33]  [DBG][AMP] waiting: min_to_los=17.317 (cond: 17.317 > 15) now=1/9 11:00:33
[20:00:34]  [DBG][AMP] waiting: min_to_los=17.300 (cond: 17.300 > 15) now=1/9 11:00:34
[20:00:35]  [DBG][AMP] waiting: min_to_los=17.283 (cond: 17.283 > 15) now=1/9 11:00:35
[20:00:36]  [DBG][AMP] waiting: min_to_los=17.267 (cond: 17.267 > 15) now=1/9 11:00:36
[20:00:37]  [DBG][AMP] waiting: min_to_los=17.250 (cond: 17.250 > 15) now=1/9 11:00:37
[20:00:38]  [DBG][AMP] waiting: min_to_los=17.233 (cond: 17.233 > 15) now=1/9 11:00:38
[20:00:38]  Tracking : Az 152, El 17.
[20:00:39]  [DBG][AMP] waiting: min_to_los=17.217 (cond: 17.217 > 15) now=1/9 11:00:39
[20:00:40]  [DBG][AMP] waiting: min_to_los=17.200 (cond: 17.200 > 15) now=1/9 11:00:40
[20:00:40]  [DBG][AMP] waiting: min_to_los=17.183 (cond: 17.183 > 15) now=1/9 11:00:41
[20:00:42]  [DBG][AMP] waiting: min_to_los=17.167 (cond: 17.167 > 15) now=1/9 11:00:42
[20:00:43]  [DBG][AMP] waiting: min_to_los=17.150 (cond: 17.150 > 15) now=1/9 11:00:43
[20:00:44]  [DBG][AMP] waiting: min_to_los=17.133 (cond: 17.133 > 15) now=1/9 11:00:44
[20:00:45]  [DBG][AMP] waiting: min_to_los=17.117 (cond: 17.117 > 15) now=1/9 11:00:45
[20:00:46]  [DBG][AMP] waiting: min_to_los=17.100 (cond: 17.100 > 15) now=1/9 11:00:46
[20:00:47]  [DBG][AMP] waiting: min_to_los=17.083 (cond: 17.083 > 15) now=1/9 11:00:47
[20:00:48]  [DBG][AMP] waiting: min_to_los=17.067 (cond: 17.067 > 15) now=1/9 11:00:48
[20:00:49]  [DBG][AMP] waiting: min_to_los=17.050 (cond: 17.050 > 15) now=1/9 11:00:49
[20:00:50]  [DBG][AMP] waiting: min_to_los=17.033 (cond: 17.033 > 15) now=1/9 11:00:50
[20:00:51]  [DBG][AMP] waiting: min_to_los=17.017 (cond: 17.017 > 15) now=1/9 11:00:51
[20:00:52]  [DBG][AMP] waiting: min_to_los=17.000 (cond: 17.000 > 15) now=1/9 11:00:52
[20:00:53]  [DBG][AMP] waiting: min_to_los=16.983 (cond: 16.983 > 15) now=1/9 11:00:53
[20:00:54]  [DBG][AMP] waiting: min_to_los=16.967 (cond: 16.967 > 15) now=1/9 11:00:54
[20:00:55]  [DBG][AMP] waiting: min_to_los=16.950 (cond: 16.950 > 15) now=1/9 11:00:55
[20:00:56]  [DBG][AMP] waiting: min_to_los=16.933 (cond: 16.933 > 15) now=1/9 11:00:56
[20:00:57]  [DBG][AMP] waiting: min_to_los=16.917 (cond: 16.917 > 15) now=1/9 11:00:57
[20:00:58]  [DBG][AMP] waiting: min_to_los=16.900 (cond: 16.900 > 15) now=1/9 11:00:58
[20:00:59]  [DBG][AMP] waiting: min_to_los=16.883 (cond: 16.883 > 15) now=1/9 11:00:59
[20:01:00]  [DBG][AMP] waiting: min_to_los=16.867 (cond: 16.867 > 15) now=1/9 11:01:00
[20:01:01]  [DBG][AMP] waiting: min_to_los=16.850 (cond: 16.850 > 15) now=1/9 11:01:01
[20:01:02]  [DBG][AMP] waiting: min_to_los=16.833 (cond: 16.833 > 15) now=1/9 11:01:02
[20:01:03]  [DBG][AMP] waiting: min_to_los=16.817 (cond: 16.817 > 15) now=1/9 11:01:03
[20:01:04]  [DBG][AMP] waiting: min_to_los=16.800 (cond: 16.800 > 15) now=1/9 11:01:04
[20:01:05]  [DBG][AMP] waiting: min_to_los=16.783 (cond: 16.783 > 15) now=1/9 11:01:05
[20:01:06]  [DBG][AMP] waiting: min_to_los=16.767 (cond: 16.767 > 15) now=1/9 11:01:06
[20:01:07]  [DBG][AMP] waiting: min_to_los=16.750 (cond: 16.750 > 15) now=1/9 11:01:07
[20:01:08]  [DBG][AMP] waiting: min_to_los=16.733 (cond: 16.733 > 15) now=1/9 11:01:08
[20:01:09]  [DBG][AMP] waiting: min_to_los=16.717 (cond: 16.717 > 15) now=1/9 11:01:09
[20:01:10]  [DBG][AMP] waiting: min_to_los=16.700 (cond: 16.700 > 15) now=1/9 11:01:10
[20:01:11]  [DBG][AMP] waiting: min_to_los=16.683 (cond: 16.683 > 15) now=1/9 11:01:11
[20:01:11]  Tracking : Az 149, El 19.
[20:01:12]  [DBG][AMP] waiting: min_to_los=16.667 (cond: 16.667 > 15) now=1/9 11:01:12
[20:01:13]  [DBG][AMP] waiting: min_to_los=16.650 (cond: 16.650 > 15) now=1/9 11:01:13
[20:01:14]  [DBG][AMP] waiting: min_to_los=16.633 (cond: 16.633 > 15) now=1/9 11:01:14
[20:01:15]  [DBG][AMP] waiting: min_to_los=16.617 (cond: 16.617 > 15) now=1/9 11:01:15
[20:01:16]  [DBG][AMP] waiting: min_to_los=16.600 (cond: 16.600 > 15) now=1/9 11:01:16
[20:01:17]  [DBG][AMP] waiting: min_to_los=16.583 (cond: 16.583 > 15) now=1/9 11:01:17
[20:01:18]  [DBG][AMP] waiting: min_to_los=16.567 (cond: 16.567 > 15) now=1/9 11:01:18
[20:01:19]  [DBG][AMP] waiting: min_to_los=16.550 (cond: 16.550 > 15) now=1/9 11:01:19
[20:01:20]  [DBG][AMP] waiting: min_to_los=16.533 (cond: 16.533 > 15) now=1/9 11:01:20
[20:01:21]  [DBG][AMP] waiting: min_to_los=16.517 (cond: 16.517 > 15) now=1/9 11:01:21
[20:01:22]  [DBG][AMP] waiting: min_to_los=16.500 (cond: 16.500 > 15) now=1/9 11:01:22
[20:01:23]  [DBG][AMP] waiting: min_to_los=16.483 (cond: 16.483 > 15) now=1/9 11:01:23
[20:01:24]  [DBG][AMP] waiting: min_to_los=16.467 (cond: 16.467 > 15) now=1/9 11:01:24
[20:01:25]  [DBG][AMP] waiting: min_to_los=16.450 (cond: 16.450 > 15) now=1/9 11:01:25
[20:01:26]  [DBG][AMP] waiting: min_to_los=16.433 (cond: 16.433 > 15) now=1/9 11:01:26
[20:01:27]  [DBG][AMP] waiting: min_to_los=16.417 (cond: 16.417 > 15) now=1/9 11:01:27
[20:01:28]  [DBG][AMP] waiting: min_to_los=16.400 (cond: 16.400 > 15) now=1/9 11:01:28
[20:01:29]  [DBG][AMP] waiting: min_to_los=16.383 (cond: 16.383 > 15) now=1/9 11:01:29
[20:01:30]  [DBG][AMP] waiting: min_to_los=16.367 (cond: 16.367 > 15) now=1/9 11:01:30
[20:01:31]  [DBG][AMP] waiting: min_to_los=16.350 (cond: 16.350 > 15) now=1/9 11:01:31
[20:01:32]  [DBG][AMP] waiting: min_to_los=16.333 (cond: 16.333 > 15) now=1/9 11:01:32
[20:01:33]  [DBG][AMP] waiting: min_to_los=16.317 (cond: 16.317 > 15) now=1/9 11:01:33
[20:01:34]  [DBG][AMP] waiting: min_to_los=16.300 (cond: 16.300 > 15) now=1/9 11:01:34
[20:01:35]  [DBG][AMP] waiting: min_to_los=16.283 (cond: 16.283 > 15) now=1/9 11:01:35
[20:01:36]  [DBG][AMP] waiting: min_to_los=16.267 (cond: 16.267 > 15) now=1/9 11:01:36
[20:01:37]  [DBG][AMP] waiting: min_to_los=16.250 (cond: 16.250 > 15) now=1/9 11:01:37
[20:01:38]  [DBG][AMP] waiting: min_to_los=16.233 (cond: 16.233 > 15) now=1/9 11:01:38
[20:01:39]  [DBG][AMP] waiting: min_to_los=16.217 (cond: 16.217 > 15) now=1/9 11:01:39
[20:01:40]  [DBG][AMP] waiting: min_to_los=16.200 (cond: 16.200 > 15) now=1/9 11:01:40
[20:01:41]  [DBG][AMP] waiting: min_to_los=16.183 (cond: 16.183 > 15) now=1/9 11:01:41
[20:01:41]  Tracking : Az 147, El 22.
[20:01:41]  [DBG][AMP] waiting: min_to_los=16.167 (cond: 16.167 > 15) now=1/9 11:01:42
[20:01:43]  [DBG][AMP] waiting: min_to_los=16.150 (cond: 16.150 > 15) now=1/9 11:01:43
[20:01:44]  [DBG][AMP] waiting: min_to_los=16.133 (cond: 16.133 > 15) now=1/9 11:01:44
[20:01:45]  [DBG][AMP] waiting: min_to_los=16.117 (cond: 16.117 > 15) now=1/9 11:01:45
[20:01:46]  [DBG][AMP] waiting: min_to_los=16.100 (cond: 16.100 > 15) now=1/9 11:01:46
[20:01:47]  [DBG][AMP] waiting: min_to_los=16.083 (cond: 16.083 > 15) now=1/9 11:01:47
[20:01:48]  [DBG][AMP] waiting: min_to_los=16.067 (cond: 16.067 > 15) now=1/9 11:01:48
[20:01:49]  [DBG][AMP] waiting: min_to_los=16.050 (cond: 16.050 > 15) now=1/9 11:01:49
[20:01:50]  [DBG][AMP] waiting: min_to_los=16.033 (cond: 16.033 > 15) now=1/9 11:01:50
[20:01:51]  [DBG][AMP] waiting: min_to_los=16.017 (cond: 16.017 > 15) now=1/9 11:01:51
[20:01:52]  [DBG][AMP] waiting: min_to_los=16.000 (cond: 16.000 > 15) now=1/9 11:01:52
[20:01:53]  [DBG][AMP] waiting: min_to_los=15.983 (cond: 15.983 > 15) now=1/9 11:01:53
[20:01:54]  [DBG][AMP] waiting: min_to_los=15.967 (cond: 15.967 > 15) now=1/9 11:01:54
[20:01:55]  [DBG][AMP] waiting: min_to_los=15.950 (cond: 15.950 > 15) now=1/9 11:01:55
[20:01:56]  [DBG][AMP] waiting: min_to_los=15.933 (cond: 15.933 > 15) now=1/9 11:01:56
[20:01:57]  [DBG][AMP] waiting: min_to_los=15.917 (cond: 15.917 > 15) now=1/9 11:01:57
[20:01:58]  [DBG][AMP] waiting: min_to_los=15.900 (cond: 15.900 > 15) now=1/9 11:01:58
[20:01:59]  [DBG][AMP] waiting: min_to_los=15.883 (cond: 15.883 > 15) now=1/9 11:01:59
[20:02:00]  [DBG][AMP] waiting: min_to_los=15.867 (cond: 15.867 > 15) now=1/9 11:02:00
[20:02:01]  [DBG][AMP] waiting: min_to_los=15.850 (cond: 15.850 > 15) now=1/9 11:02:01
[20:02:02]  [DBG][AMP] waiting: min_to_los=15.833 (cond: 15.833 > 15) now=1/9 11:02:02
[20:02:03]  [DBG][AMP] waiting: min_to_los=15.817 (cond: 15.817 > 15) now=1/9 11:02:03
[20:02:04]  [DBG][AMP] waiting: min_to_los=15.800 (cond: 15.800 > 15) now=1/9 11:02:04
[20:02:05]  [DBG][AMP] waiting: min_to_los=15.783 (cond: 15.783 > 15) now=1/9 11:02:05
[20:02:06]  [DBG][AMP] waiting: min_to_los=15.767 (cond: 15.767 > 15) now=1/9 11:02:06
[20:02:07]  [DBG][AMP] waiting: min_to_los=15.750 (cond: 15.750 > 15) now=1/9 11:02:07
[20:02:08]  [DBG][AMP] waiting: min_to_los=15.733 (cond: 15.733 > 15) now=1/9 11:02:08
[20:02:09]  [DBG][AMP] waiting: min_to_los=15.717 (cond: 15.717 > 15) now=1/9 11:02:09
[20:02:10]  [DBG][AMP] waiting: min_to_los=15.700 (cond: 15.700 > 15) now=1/9 11:02:10
[20:02:11]  [DBG][AMP] waiting: min_to_los=15.683 (cond: 15.683 > 15) now=1/9 11:02:11
[20:02:11]  Tracking : Az 144, El 24.
[20:02:12]  [DBG][AMP] waiting: min_to_los=15.667 (cond: 15.667 > 15) now=1/9 11:02:12
[20:02:13]  [DBG][AMP] waiting: min_to_los=15.650 (cond: 15.650 > 15) now=1/9 11:02:13
[20:02:14]  [DBG][AMP] waiting: min_to_los=15.633 (cond: 15.633 > 15) now=1/9 11:02:14
[20:02:15]  [DBG][AMP] waiting: min_to_los=15.617 (cond: 15.617 > 15) now=1/9 11:02:15
[20:02:16]  [DBG][AMP] waiting: min_to_los=15.600 (cond: 15.600 > 15) now=1/9 11:02:16
[20:02:17]  [DBG][AMP] waiting: min_to_los=15.583 (cond: 15.583 > 15) now=1/9 11:02:17
[20:02:18]  [DBG][AMP] waiting: min_to_los=15.567 (cond: 15.567 > 15) now=1/9 11:02:18
[20:02:19]  [DBG][AMP] waiting: min_to_los=15.550 (cond: 15.550 > 15) now=1/9 11:02:19
[20:02:20]  [DBG][AMP] waiting: min_to_los=15.533 (cond: 15.533 > 15) now=1/9 11:02:20
[20:02:21]  [DBG][AMP] waiting: min_to_los=15.517 (cond: 15.517 > 15) now=1/9 11:02:21
[20:02:22]  [DBG][AMP] waiting: min_to_los=15.500 (cond: 15.500 > 15) now=1/9 11:02:22
[20:02:23]  [DBG][AMP] waiting: min_to_los=15.483 (cond: 15.483 > 15) now=1/9 11:02:23
[20:02:24]  [DBG][AMP] waiting: min_to_los=15.467 (cond: 15.467 > 15) now=1/9 11:02:24
[20:02:25]  [DBG][AMP] waiting: min_to_los=15.450 (cond: 15.450 > 15) now=1/9 11:02:25
[20:02:26]  [DBG][AMP] waiting: min_to_los=15.433 (cond: 15.433 > 15) now=1/9 11:02:26
[20:02:27]  [DBG][AMP] waiting: min_to_los=15.417 (cond: 15.417 > 15) now=1/9 11:02:27
[20:02:28]  [DBG][AMP] waiting: min_to_los=15.400 (cond: 15.400 > 15) now=1/9 11:02:28
[20:02:29]  [DBG][AMP] waiting: min_to_los=15.383 (cond: 15.383 > 15) now=1/9 11:02:29
[20:02:30]  [DBG][AMP] waiting: min_to_los=15.367 (cond: 15.367 > 15) now=1/9 11:02:30
[20:02:31]  [DBG][AMP] waiting: min_to_los=15.350 (cond: 15.350 > 15) now=1/9 11:02:31
[20:02:32]  [DBG][AMP] waiting: min_to_los=15.333 (cond: 15.333 > 15) now=1/9 11:02:32
[20:02:33]  [DBG][AMP] waiting: min_to_los=15.317 (cond: 15.317 > 15) now=1/9 11:02:33
[20:02:34]  [DBG][AMP] waiting: min_to_los=15.300 (cond: 15.300 > 15) now=1/9 11:02:34
[20:02:35]  [DBG][AMP] waiting: min_to_los=15.283 (cond: 15.283 > 15) now=1/9 11:02:35
[20:02:36]  [DBG][AMP] waiting: min_to_los=15.267 (cond: 15.267 > 15) now=1/9 11:02:36
[20:02:37]  [DBG][AMP] waiting: min_to_los=15.250 (cond: 15.250 > 15) now=1/9 11:02:37
[20:02:38]  [DBG][AMP] waiting: min_to_los=15.233 (cond: 15.233 > 15) now=1/9 11:02:38
[20:02:38]  Tracking : Az 142, El 27.
[20:02:39]  [DBG][AMP] waiting: min_to_los=15.217 (cond: 15.217 > 15) now=1/9 11:02:39
[20:02:40]  [DBG][AMP] waiting: min_to_los=15.200 (cond: 15.200 > 15) now=1/9 11:02:40
[20:02:41]  [DBG][AMP] waiting: min_to_los=15.183 (cond: 15.183 > 15) now=1/9 11:02:41
[20:02:42]  [DBG][AMP] waiting: min_to_los=15.167 (cond: 15.167 > 15) now=1/9 11:02:42
[20:02:42]  [DBG][AMP] waiting: min_to_los=15.150 (cond: 15.150 > 15) now=1/9 11:02:43
[20:02:44]  [DBG][AMP] waiting: min_to_los=15.133 (cond: 15.133 > 15) now=1/9 11:02:44
[20:02:45]  [DBG][AMP] waiting: min_to_los=15.117 (cond: 15.117 > 15) now=1/9 11:02:45
[20:02:46]  [DBG][AMP] waiting: min_to_los=15.100 (cond: 15.100 > 15) now=1/9 11:02:46
[20:02:47]  [DBG][AMP] waiting: min_to_los=15.083 (cond: 15.083 > 15) now=1/9 11:02:47
[20:02:48]  [DBG][AMP] waiting: min_to_los=15.067 (cond: 15.067 > 15) now=1/9 11:02:48
[20:02:49]  [DBG][AMP] waiting: min_to_los=15.050 (cond: 15.050 > 15) now=1/9 11:02:49
[20:02:50]  [DBG][AMP] waiting: min_to_los=15.033 (cond: 15.033 > 15) now=1/9 11:02:50
[20:02:51]  [DBG][AMP] waiting: min_to_los=15.017 (cond: 15.017 > 15) now=1/9 11:02:51
[20:02:52]  [DBG][AMP] exit-wait: min_to_los=15.000 Autopilot=1
[20:02:52]  Forked Safe Amplifier Process.(ON, Timer)
[20:02:55]  Ping Failed.
[20:02:58]  Ping Failed.
[20:03:02]  Ping Failed.
[20:03:05]  Ping Failed.
[20:03:06]  Tracking : Az 138, El 29.
[20:03:08]  Ping Failed.
[20:03:12]  Ping Failed.
[20:03:15]  Ping Failed.
[20:03:18]  Ping Failed.
[20:03:22]  Ping Failed.
[20:03:25]  Ping Failed.
[20:03:28]  Ping Failed.
[20:03:29]  Tracking : Az 135, El 31.
[20:03:31]  Ping Failed.
[20:03:35]  Ping Failed.
[20:03:38]  Ping Failed.
[20:03:41]  Ping Failed.
[20:03:45]  Ping Failed.
[20:03:48]  Ping Failed.
[20:03:49]  Tracking : Az 132, El 33.
[20:03:51]  Ping Failed.
[20:03:55]  Ping Failed.
[20:03:58]  Ping Failed.
[20:04:01]  Ping Failed.
[20:04:05]  Ping Failed.
[20:04:08]  Tracking : Az 129, El 35.
[20:04:08]  Ping Failed.
[20:04:11]  Ping Failed.
[20:04:15]  Ping Failed.
[20:04:18]  Ping Failed.
[20:04:21]  Ping Failed.
[20:04:24]  Tracking : Az 126, El 36.
[20:04:25]  Ping Failed.
[20:04:28]  Ping Failed.
[20:04:31]  Ping Failed.
[20:04:35]  Ping Failed.
[20:04:38]  Ping Failed.
[20:04:40]  Tracking : Az 123, El 38.
[20:04:41]  Ping Failed.
[20:04:45]  Ping Failed.
[20:04:48]  Ping Failed.
[20:04:51]  Ping Failed.
[20:04:55]  Ping Failed.
[20:04:58]  Tracking : Az 119, El 39.
[20:04:58]  Ping Failed.
[20:04:58]  [Auto]Autopilot Stopped by User.
[20:04:58]  [Auto]Stop Doppler Correction.
[20:05:00]  [Auto]Finish Engaging.
[20:05:00]  Tracking : Az 0, El 0.
[20:05:01]  [Auto]Beacon Success : 0, Ping Success : 0 CMD Success : 0
[20:05:04]  Forked Safe Amplifier Process. (OFF)
