2026-06-11 14:55
[14:55:52]  Connect to Switch Box..............Failed.
[14:55:52]  Connect to Rotator.................Failed.
[14:55:52]  Connect to GS100..................Success.
[14:55:52]  BEE-1000 BCN Port 31 bind success.
[14:55:52]  BEE-1000 RPT Port 25 bind success.
[14:55:52]  BEE-1000 Event Port 27 bind success.
[14:55:52]  BEE-100 FM Port 23 bind success.
[14:55:52]  UEL-Y-Sys. BCN Port 12 bind success.
[14:55:52]  Rotator Read Failed. Please Check Again.
[14:55:52]  UEL-Y-Sys. RPT Port 10 bind success.
[14:55:52]  UEL-Y-Sys. Event Port 11 bind success.
[14:55:52]  UEL-Y-Sys. FM Port 14 bind success.
[14:55:52]  BEE-1012 BCN Port 17 bind success.
[14:55:52]  BEE-1012 RPT Port 15 bind success.
[14:55:52]  BEE-1012 Event Port 16 bind success.
[14:55:52]  BEE-1012 FM Port 18 bind success.
[14:55:57]  Ping Success at node 5, 441ms
[15:03:09]  Received Report from port : 10.
[15:03:09]  Received Report from port : 10.
[15:03:10]  Received Report from port : 10.
[15:03:10]  Received Report from port : 10.
[15:03:11]  Received Report from port : 10.
[15:03:11]  Received Report from port : 10.
[15:03:30]  Received UELYSYS Beacon from port : 12.
[15:03:32]  Received UELYSYS Beacon from port : 12.
[15:03:32]  Received UELYSYS Beacon length mismatch. expected=208 actual=3
[15:04:00]  Received UELYSYS Beacon from port : 12.
[15:04:02]  Received UELYSYS Beacon from port : 12.
[15:04:02]  Received UELYSYS Beacon length mismatch. expected=208 actual=3
[15:04:41]  Received Report from port : 10.
[15:04:42]  Received Report from port : 10.
[15:04:42]  Received Report from port : 10.
[15:04:43]  Received Report from port : 10.
[15:04:43]  Received Report from port : 10.
[15:04:43]  Received Report from port : 10.
[15:04:44]  Received Report from port : 10.
[15:04:44]  Received Report from port : 10.
[15:04:45]  Received Report from port : 10.
[15:04:45]  Received Report from port : 10.
[15:04:46]  Received Report from port : 10.
[15:04:46]  Received Report from port : 10.
[15:04:47]  Received Report from port : 10.
[15:04:47]  Received Report from port : 10.
[15:04:47]  Received Report from port : 10.
[15:04:48]  Received UELYSYS Beacon from port : 12.
[15:04:50]  Received UELYSYS Beacon from port : 12.
[15:04:50]  Received UELYSYS Beacon length mismatch. expected=208 actual=3
[15:05:18]  Received UELYSYS Beacon from port : 12.
[15:05:20]  Received UELYSYS Beacon from port : 12.
[15:05:20]  Received UELYSYS Beacon length mismatch. expected=208 actual=3
[15:05:31]  Received Report from port : 10.
[15:05:31]  Received Report from port : 10.
[15:05:32]  Received Report from port : 10.
[15:05:48]  Received UELYSYS Beacon from port : 12.
[15:05:50]  Received UELYSYS Beacon from port : 12.
[15:05:50]  Received UELYSYS Beacon length mismatch. expected=208 actual=3
[15:06:18]  Received UELYSYS Beacon from port : 12.
[15:06:20]  Received UELYSYS Beacon from port : 12.
[15:06:20]  Received UELYSYS Beacon length mismatch. expected=208 actual=3
[15:06:48]  Received UELYSYS Beacon from port : 12.
[15:06:50]  Received UELYSYS Beacon from port : 12.
[15:06:50]  Received UELYSYS Beacon length mismatch. expected=208 actual=3
[15:07:18]  Received UELYSYS Beacon from port : 12.
[15:07:20]  Received UELYSYS Beacon from port : 12.
[15:07:20]  Received UELYSYS Beacon length mismatch. expected=208 actual=3
[15:07:44]  Received Report from port : 10.
[15:07:44]  Received Report from port : 10.
[15:07:44]  Received Report from port : 10.
[15:07:45]  Received Report from port : 10.
[15:07:45]  Received Report from port : 10.
[15:07:46]  Received Report from port : 10.
[15:07:46]  Received Report from port : 10.
[15:07:47]  Received Report from port : 10.
[15:07:47]  Received Report from port : 10.
[15:07:47]  Received Report from port : 10.
[15:07:48]  Received Report from port : 10.
[15:07:48]  Received Report from port : 10.
[15:07:49]  Received Report from port : 10.
[15:07:49]  Received Report from port : 10.
[15:07:49]  Received Report from port : 10.
[15:07:50]  Received UELYSYS Beacon from port : 12.
[15:07:52]  Received UELYSYS Beacon from port : 12.
[15:07:52]  Received UELYSYS Beacon length mismatch. expected=208 actual=3
[15:08:20]  Received UELYSYS Beacon from port : 12.
[15:08:22]  Received UELYSYS Beacon from port : 12.
[15:08:22]  Received UELYSYS Beacon length mismatch. expected=208 actual=3
[15:08:50]  Received UELYSYS Beacon from port : 12.
[15:08:52]  Received UELYSYS Beacon from port : 12.
[15:08:52]  Received UELYSYS Beacon length mismatch. expected=208 actual=3
[15:09:20]  Received UELYSYS Beacon from port : 12.
[15:09:22]  Received UELYSYS Beacon from port : 12.
[15:09:22]  Received UELYSYS Beacon length mismatch. expected=208 actual=3
[15:09:50]  Received UELYSYS Beacon from port : 12.
[15:09:52]  Received UELYSYS Beacon from port : 12.
[15:09:52]  Received UELYSYS Beacon length mismatch. expected=208 actual=3
[15:10:20]  Received UELYSYS Beacon from port : 12.
[15:10:22]  Received UELYSYS Beacon from port : 12.
[15:10:22]  Received UELYSYS Beacon length mismatch. expected=208 actual=3
