2026-01-02 12:35
[12:35:41]  Connect to Switch Box.............Success.
[12:35:41]  Connect to Rotator................Success.
[12:35:41]  Connect to GS100..................Success.
[12:35:41]  TM Port 13 bind success.
[12:35:41]  BCN Port 31 bind success.
[12:35:41]  RPT Port 25 bind success.
[12:35:41]  Event Port 27 bind success.
[12:35:41]  COSMIC Beacon Port 23 bind success.
[12:35:41]  COSMIC Report Port 24 bind success.
[12:35:59]  TLE "cubesat" Download Completed.
[12:36:03]  Start Engaging.
[12:36:03]  Tracking : Az 142, El 23.
[12:36:04]  Start Doppler Correction.
[12:36:05]  Tracking : Az 141, El 23.
[12:36:05]  Forked Safe Amplifier Process.(ON, Timer)
[12:36:11]  Ping Failed.
[12:36:18]  Ping Success at node 5, 471ms
[12:36:18]  Tracking : Az 139, El 26.
[12:36:24]  Ping Failed at node 3.
[12:36:27]  Ping Success at node 3, 463ms
[12:36:33]  Tracking : Az 137, El 29.
[12:36:42]  [OK]CMD Packet Header: 0x18 0x23 0xc0 0x0 0x0 0x1 0x6 0x3
[12:36:43]  Tracking : Az 134, El 31.
[12:36:46]  [OK]CMD Packet Header: 0x18 0x23 0xc0 0x0 0x0 0x1 0x6 0x3
[12:36:55]  [OK]CMD Packet Header: 0x18 0x75 0xc0 0x0 0x0 0x1 0x14 0x47
[12:36:55]  Tracking : Az 131, El 34.
[12:36:55]  Received Report from port : 25.
[12:36:58]  Received Report from port : 25.
[12:37:00]  Received Report from port : 25.
[12:37:07]  Tracking : Az 127, El 37.
[12:37:15]  Tracking : Az 124, El 39.
[12:37:23]  Tracking : Az 121, El 41.
[12:37:28]  [OK]CMD Packet Header: 0x18 0x75 0xc0 0x0 0x0 0x5 0x1e 0xa2
[12:37:29]  Tracking : Az 118, El 43.
[12:37:29]  Received Report from port : 25.
[12:37:31]  Received Report from port : 25.
[12:37:33]  Received Report from port : 25.
[12:37:35]  Tracking : Az 115, El 44.
[12:37:36]  Forked Safe Amplifier Process. (OFF)
[12:37:38]  Finish Engaging.
[12:37:38]  Beacon Success : 0, Ping Success : 2
