2025-12-30 11:47
[11:47:19]  Connect to Switch Box.............Success.
[11:47:19]  Connect to Rotator................Success.
[11:47:19]  Connect to GS100..................Success.
[11:47:19]  TM Port 13 bind success.
[11:47:19]  BCN Port 31 bind success.
[11:47:19]  RPT Port 25 bind success.
[11:47:19]  Event Port 27 bind success.
[11:47:19]  COSMIC Beacon Port 23 bind success.
[11:47:19]  COSMIC Report Port 24 bind success.
[11:47:27]  TLE "cubesat" Download Completed.
[11:57:24]  Start Engaging.
[11:57:24]  Tracking : Az 139, El 0.
[11:57:26]  Tracking : Az 139, El 0.
[11:57:26]  Start Doppler Correction.
[11:57:28]  Tracking : Az 139, El 0.
[11:57:30]  Tracking : Az 139, El 0.
[11:57:32]  Tracking : Az 139, El 0.
[11:57:34]  Tracking : Az 139, El 0.
[11:57:36]  Tracking : Az 139, El 0.
[11:57:38]  Tracking : Az 139, El 0.
[11:57:40]  Tracking : Az 139, El 0.
[11:57:42]  Tracking : Az 139, El 0.
[11:57:44]  Tracking : Az 139, El 0.
[11:57:46]  Tracking : Az 139, El 0.
[12:06:31]  Forked Safe Amplifier Process.(ON, Timer)
[12:06:42]  Ping Failed.
[12:06:59]  Tracking : Az 136, El 2.
[12:07:08]  Ping Failed.
[12:07:23]  Tracking : Az 135, El 4.
[12:07:30]  Ping Failed.
[12:07:38]  Ping Success at node 5, 469ms
[12:07:40]  [OK]CMD Packet Header: 0x18 0x75 0xc0 0x0 0x0 0x1 0x14 0x47
[12:07:41]  Received Report from port : 25.
[12:07:43]  Received Report from port : 25.
[12:07:50]  [OK]CMD Packet Header: 0x18 0x75 0xc0 0x0 0x0 0x1 0x14 0x47
[12:07:50]  Tracking : Az 132, El 5.
[12:08:00]  Ping Failed.
[12:08:05]  Tracking : Az 131, El 7.
[12:08:12]  Ping Failed.
[12:08:17]  Ping Failed.
[12:08:30]  Tracking : Az 128, El 8.
[12:08:35]  Ping Success at node 5, 475ms
[12:08:36]  [OK]CMD Packet Header: 0x18 0x75 0xc0 0x0 0x0 0x1 0x14 0x47
[12:08:37]  Received Report from port : 25.
[12:08:39]  Received Report from port : 25.
[12:08:41]  Received Report from port : 25.
[12:08:54]  Tracking : Az 125, El 10.
[12:09:06]  [OK]CMD Packet Header: 0x18 0x65 0xc0 0x0 0x0 0x9 0xc 0x7a
[12:09:07]  Received Report from port : 25.
[12:09:09]  Received Report from port : 25.
[12:09:11]  Received Report from port : 25.
[12:09:15]  Tracking : Az 122, El 12.
[12:09:21]  [OK]CMD Packet Header: 0x18 0x65 0xc0 0x0 0x0 0x1 0x34 0x77
[12:09:21]  Received Report from port : 25.
[12:09:23]  Received Report from port : 25.
[12:09:25]  Received Report from port : 25.
[12:09:33]  Tracking : Az 119, El 14.
[12:09:49]  Tracking : Az 116, El 15.
[12:10:04]  Tracking : Az 113, El 17.
[12:10:17]  Tracking : Az 110, El 18.
[12:10:29]  Tracking : Az 107, El 19.
[12:10:36]  Tracking : Az 105, El 20.
[12:10:43]  [OK]CMD Packet Header: 0x18 0x65 0xc0 0x0 0x0 0x41 0x22 0x4a
[12:10:44]  Received Report from port : 25.
[12:10:46]  Received Report from port : 25.
[12:10:47]  Tracking : Az 102, El 21.
[12:10:48]  Received Report from port : 25.
[12:10:56]  Tracking : Az 99, El 22.
[12:11:06]  Tracking : Az 96, El 23.
[12:11:11]  [OK]CMD Packet Header: 0x18 0x20 0xc0 0x0 0x0 0x5 0x7 0x6
[12:11:17]  Tracking : Az 92, El 24.
[12:11:26]  Tracking : Az 89, El 24.
[12:11:34]  Tracking : Az 86, El 25.
[12:11:35]  [OK]CMD Packet Header: 0x18 0x20 0xc0 0x0 0x0 0x5 0x7 0x6
[12:11:41]  Tracking : Az 83, El 25.
[12:11:49]  Tracking : Az 80, El 26.
[12:11:52]  Received Beacon from port : 31.

[12:11:55]  Tracking : Az 78, El 26.
[12:12:01]  Tracking : Az 75, El 26.
[12:12:07]  Tracking : Az 73, El 26.
[12:12:12]  Received Beacon from port : 31.

[12:12:13]  Tracking : Az 70, El 26.
[12:12:16]  [OK]CMD Packet Header: 0x18 0x75 0xc0 0x0 0x0 0x7 0xe 0xb1
[12:12:17]  Received Report from port : 25.
[12:12:19]  Received Report from port : 25.
[12:12:19]  Tracking : Az 68, El 26.
[12:12:21]  Received Report from port : 25.
[12:12:23]  Received Beacon from port : 31.

[12:12:25]  Tracking : Az 65, El 26.
[12:12:32]  Received Beacon from port : 31.

[12:12:33]  Tracking : Az 62, El 26.
[12:12:38]  Tracking : Az 60, El 26.
[12:12:42]  Received Beacon from port : 31.

[12:12:45]  Tracking : Az 57, El 25.
[12:12:51]  [OK]CMD Packet Header: 0x18 0x75 0xc0 0x0 0x0 0x1 0x17 0x44
[12:12:51]  Received Report from port : 25.
[12:12:53]  Tracking : Az 54, El 25.
[12:12:53]  Received Report from port : 25.
[12:12:55]  Received Report from port : 25.
[12:12:57]  Received Beacon from port : 31.

[12:13:01]  Tracking : Az 51, El 24.
[12:13:09]  Tracking : Az 48, El 24.
[12:13:12]  Received Beacon from port : 31.

[12:13:13]  [OK]CMD Packet Header: 0x18 0x65 0xc0 0x0 0x0 0x1 0x65 0x26
[12:13:14]  Received Report from port : 25.
[12:13:15]  Tracking : Az 46, El 23.
[12:13:16]  Received Report from port : 25.
[12:13:18]  Received Report from port : 25.
[12:13:22]  Received Beacon from port : 31.

[12:13:23]  Tracking : Az 43, El 23.
[12:13:32]  Tracking : Az 40, El 22.
[12:13:42]  Received Beacon from port : 31.

[12:13:42]  Tracking : Az 37, El 21.
[12:13:49]  [OK]CMD Packet Header: 0x18 0x71 0xc0 0x0 0x0 0x1 0x4 0x53
[12:13:52]  Received Beacon from port : 31.

[12:13:56]  Tracking : Az 33, El 20.
[12:14:02]  Received Beacon from port : 31.

[12:14:08]  Tracking : Az 30, El 19.
[12:14:12]  Received Beacon from port : 31.

[12:14:20]  Tracking : Az 27, El 17.
[12:14:22]  Received Beacon from port : 31.

[12:14:29]  [OK]CMD Packet Header: 0x18 0x71 0xc0 0x0 0x0 0x1 0x4 0x53
[12:14:32]  Received Beacon from port : 31.

[12:14:34]  Tracking : Az 24, El 16.
[12:14:50]  Tracking : Az 21, El 15.
[12:14:52]  Received Beacon from port : 31.

[12:15:01]  Tracking : Az 19, El 14.
[12:15:02]  Received Beacon from port : 31.

[12:15:05]  [OK]CMD Packet Header: 0x18 0x71 0xc0 0x0 0x0 0x1 0x6 0x51
[12:15:20]  Tracking : Az 16, El 12.
[12:15:22]  Received Beacon from port : 31.

[12:15:29]  [OK]CMD Packet Header: 0x18 0x75 0xc0 0x0 0x0 0x1 0x17 0x0
[12:15:30]  Received Report from port : 25.
[12:15:32]  Received Report from port : 25.
[12:15:34]  Received Report from port : 25.
[12:15:36]  Received Beacon from port : 31.

[12:15:41]  [OK]CMD Packet Header: 0x18 0x71 0xc0 0x0 0x0 0x1 0x5 0x52
[12:15:41]  Tracking : Az 13, El 10.
[12:15:52]  Received Beacon from port : 31.

[12:15:52]  [OK]CMD Packet Header: 0x18 0x75 0xc0 0x0 0x0 0x1 0x17 0x44
[12:15:54]  Received Report from port : 25.
[12:15:56]  Received Report from port : 25.
[12:15:58]  Received Report from port : 25.
[12:16:07]  Tracking : Az 10, El 8.
[12:16:09]  [OK]CMD Packet Header: 0x18 0x71 0xc0 0x0 0x0 0x1 0x7 0x50
[12:16:26]  Tracking : Az 8, El 6.
[12:16:52]  Received Beacon from port : 31.

[12:17:01]  Tracking : Az 5, El 4.
[12:17:29]  Tracking : Az 3, El 2.
[12:18:15]  Forked Safe Amplifier Process. (OFF)
[12:18:19]  Tracking : Az 0, El 0.
[12:18:24]  Finish Engaging.
[12:18:24]  Beacon Success : 20, Ping Success : 2
[12:47:46]  Forked Safe Amplifier Process.(ON, Timer)
[12:47:47]  [OK]CMD Packet Header: 0x18 0x65 0xc0 0x0 0x0 0x9 0xc 0x0
[12:52:28]  [OK]CMD Packet Header: 0x18 0x65 0xc0 0x0 0x0 0x1 0x34 0x77
[12:55:09]  Forked Safe Amplifier Process. (OFF)
