2025-12-08 13:28
[13:28:53]  Connect to Switch Box.............Success.
[13:28:53]  Connect to Rotator................Success.
[13:28:53]  Connect to GS100..................Success.
[13:28:53]  TM Port 13 bind success.
[13:28:53]  BCN Port 31 bind success.
[13:28:53]  RPT Port 25 bind success.
[13:29:06]  TLE "cubesat" Download Completed.
[13:29:17]  Start Engaging.
[13:29:17]  Tracking : Az 195, El 0.
[13:29:19]  Tracking : Az 195, El 0.
[13:29:21]  Tracking : Az 195, El 0.
[13:29:23]  Tracking : Az 195, El 0.
[13:29:25]  Tracking : Az 195, El 0.
[13:29:27]  Tracking : Az 195, El 0.
[13:29:29]  Tracking : Az 195, El 0.
[13:29:31]  Tracking : Az 195, El 0.
[13:29:33]  Tracking : Az 195, El 0.
[13:29:35]  Tracking : Az 195, El 0.
[13:29:37]  Tracking : Az 195, El 0.
[13:29:39]  Tracking : Az 195, El 0.
[13:29:41]  Tracking : Az 195, El 0.
[13:29:43]  Tracking : Az 195, El 0.
[13:29:45]  Tracking : Az 195, El 0.
[13:29:47]  Tracking : Az 195, El 0.
[13:29:49]  Tracking : Az 195, El 0.
[13:29:59]  Start Doppler Correction.
[13:39:06]  Tracking : Az 197, El 1.
[13:39:08]  Tracking : Az 197, El 1.
[13:39:12]  Forked Safe Amplifier Process.(ON, Timer)
[13:39:27]  Received Beacon from port : 13.
[13:39:37]  Received Beacon from port : 13.
[13:39:45]  Tracking : Az 200, El 3.
[13:39:47]  Tracking : Az 200, El 4.
[13:39:57]  Received Beacon from port : 13.
[13:40:12]  [OK]CMD Packet Header: 0x18 0x75 0xc0 0x0 0x0 0x5 0x1e 0xa2
[13:40:16]  Tracking : Az 202, El 6.
[13:40:17]  Received Beacon from port : 13.
[13:40:18]  Tracking : Az 203, El 6.
[13:40:29]  Ping Failed.
[13:40:35]  Tracking : Az 205, El 7.
[13:40:37]  Tracking : Az 205, El 7.
[13:40:47]  Received Beacon from port : 13.
[13:40:52]  Tracking : Az 207, El 8.
[13:40:54]  Tracking : Az 207, El 8.
[13:41:12]  Tracking : Az 209, El 10.
[13:41:17]  Received Beacon from port : 13.
[13:41:28]  Tracking : Az 212, El 11.
[13:41:30]  Tracking : Az 212, El 11.
[13:41:37]  Received Beacon from port : 13.
[13:41:46]  Tracking : Az 215, El 13.
[13:41:47]  Received Beacon from port : 13.
[13:41:48]  Tracking : Az 215, El 13.
[13:41:52]  Tracking : Az 216, El 13.
[13:41:57]  Received Beacon from port : 13.
[13:42:07]  Received Beacon from port : 13.
[13:42:08]  Tracking : Az 219, El 14.
[13:42:10]  Tracking : Az 219, El 15.
[13:42:22]  Tracking : Az 222, El 16.
[13:42:24]  Tracking : Az 222, El 16.
[13:42:34]  [OK]CMD Packet Header: 0x18 0x15 0xc0 0x0 0x0 0x45 0xa 0x5e
[13:42:35]  Received GETFILEINFO Response from port : 13.
[13:42:35]  Tracking : Az 225, El 17.
[13:42:47]  Tracking : Az 228, El 18.
[13:42:47]  Received Beacon from port : 13.
[13:42:49]  Tracking : Az 228, El 18.
[13:42:58]  Tracking : Az 231, El 19.
[13:43:00]  Tracking : Az 231, El 19.
[13:43:09]  Tracking : Az 234, El 20.
[13:43:11]  Tracking : Az 234, El 20.
[13:43:17]  Received Beacon from port : 13.
[13:43:19]  Tracking : Az 237, El 21.
[13:43:21]  Tracking : Az 237, El 21.
[13:43:27]  Received Beacon from port : 13.
[13:43:28]  Tracking : Az 240, El 21.
[13:43:30]  Tracking : Az 240, El 21.
[13:43:37]  Tracking : Az 243, El 22.
[13:43:39]  Tracking : Az 243, El 22.
[13:43:46]  Tracking : Az 246, El 22.
[13:43:47]  Received Beacon from port : 13.
[13:43:48]  Tracking : Az 246, El 22.
[13:43:52]  Tracking : Az 248, El 23.
[13:43:54]  Tracking : Az 249, El 23.
[13:43:57]  Received Beacon from port : 13.
[13:44:03]  Tracking : Az 252, El 23.
[13:44:05]  Tracking : Az 253, El 23.
[13:44:07]  Received Beacon from port : 13.
[13:44:11]  Tracking : Az 255, El 23.
[13:44:13]  Tracking : Az 256, El 24.
[13:44:21]  Tracking : Az 259, El 24.
[13:44:23]  Tracking : Az 259, El 24.
[13:44:27]  Received Beacon from port : 13.
[13:44:29]  Tracking : Az 262, El 24.
[13:44:31]  Tracking : Az 263, El 24.
[13:44:37]  Tracking : Az 265, El 24.
[13:44:37]  Received Beacon from port : 13.
[13:44:39]  Tracking : Az 266, El 24.
[13:44:47]  Tracking : Az 269, El 24.
[13:44:48]  Received Beacon from port : 13.
[13:44:49]  Tracking : Az 269, El 24.
[13:44:53]  Tracking : Az 271, El 24.
[13:44:55]  Tracking : Az 272, El 24.
[13:44:57]  Received Beacon from port : 13.
[13:45:00]  Tracking : Az 274, El 23.
[13:45:03]  Tracking : Az 275, El 23.
[13:45:07]  Received Beacon from port : 13.
[13:45:11]  Tracking : Az 278, El 23.
[13:45:13]  Tracking : Az 278, El 23.
[13:45:18]  Received Beacon from port : 13.
[13:45:19]  Tracking : Az 281, El 23.
[13:45:21]  Tracking : Az 281, El 23.
[13:45:28]  Tracking : Az 284, El 22.
[13:45:29]  Received Beacon from port : 13.
[13:45:30]  Tracking : Az 284, El 22.
[13:45:36]  Tracking : Az 287, El 22.
[13:45:38]  Tracking : Az 287, El 21.
[13:45:40]  Received Beacon from port : 13.
[13:45:43]  Tracking : Az 289, El 21.
[13:45:46]  Tracking : Az 290, El 21.
[13:45:48]  Received Beacon from port : 13.
[13:45:52]  Tracking : Az 292, El 20.
[13:45:54]  Tracking : Az 292, El 20.
[13:45:56]  Tracking : Az 293, El 20.
[13:45:58]  Received Beacon from port : 13.
[13:45:59]  Tracking : Az 294, El 20.
[13:46:09]  Tracking : Az 297, El 19.
[13:46:11]  Tracking : Az 297, El 19.
[13:46:20]  Tracking : Az 300, El 18.
[13:46:22]  Tracking : Az 300, El 18.
[13:46:28]  Received Beacon from port : 13.
[13:46:32]  Tracking : Az 303, El 17.
[13:46:34]  Tracking : Az 303, El 17.
[13:46:42]  Tracking : Az 305, El 16.
[13:46:44]  Tracking : Az 305, El 16.
[13:46:54]  Tracking : Az 308, El 15.
[13:46:56]  Tracking : Az 308, El 15.
[13:47:09]  [OK]CMD Packet Header: 0x18 0x75 0xc0 0x0 0x0 0x5 0x1e 0x0
[13:47:09]  Tracking : Az 311, El 14.
[13:47:11]  Tracking : Az 311, El 14.
[13:47:26]  Tracking : Az 314, El 12.
[13:47:28]  Tracking : Az 314, El 12.
[13:47:44]  Tracking : Az 317, El 11.
[13:47:46]  Tracking : Az 317, El 11.
[13:48:05]  Tracking : Az 320, El 9.
[13:48:07]  Tracking : Az 320, El 9.
[13:48:08]  Ping Success at node 5, 474ms
[13:48:14]  Ping Success at node 3, 479ms
[13:48:29]  Tracking : Az 323, El 8.
[13:48:31]  Tracking : Az 323, El 7.
[13:48:46]  AX100 Boot Count : 184
[13:48:56]  Tracking : Az 326, El 6.
[13:48:58]  Received Beacon from port : 13.
[13:48:58]  Tracking : Az 326, El 5.
[13:49:28]  Tracking : Az 329, El 3.
[13:49:30]  Tracking : Az 329, El 3.
[13:49:57]  Finish Engaging.
[13:49:57]  Beacon Success : 28, Ping Success : 2
[13:49:58]  Forked Safe Amplifier Process. (OFF)
[13:50:00]  Tracking : Az 0, El 0.
[01:18:10]  Start Engaging.
[01:18:10]  Tracking : Az 16, El 0.
[01:18:12]  Tracking : Az 16, El 0.
[01:18:30]  Finish Engaging.
[01:18:30]  Beacon Success : 0, Ping Success : 0
[01:21:10]  Start Engaging.
[01:23:36]  Start Doppler Correction.
[01:23:45]  Tracking : Az 17, El 3.
[01:24:06]  Received Beacon from port : 13.
[01:24:25]  Tracking : Az 18, El 6.
[01:24:26]  Received Beacon from port : 13.
[01:24:36]  Received Beacon from port : 13.
[01:24:46]  Received Beacon from port : 13.
[01:24:56]  Received Beacon from port : 13.
[01:24:58]  Tracking : Az 20, El 8.
[01:25:06]  Received Beacon from port : 13.
[01:25:11]  Tracking : Az 20, El 10.
[01:25:16]  Received Beacon from port : 13.
[01:25:36]  Received Beacon from port : 13.
[01:25:41]  Tracking : Az 22, El 13.
[01:25:46]  Received Beacon from port : 13.
[01:25:56]  Received Beacon from port : 13.
[01:26:06]  Tracking : Az 23, El 16.
[01:26:06]  Received Beacon from port : 13.
[01:26:16]  Received Beacon from port : 13.
[01:26:20]  Tracking : Az 25, El 17.
[01:26:35]  Tracking : Az 26, El 20.
[01:26:36]  Received Beacon from port : 13.
[01:26:46]  Received Beacon from port : 13.
[01:26:51]  Tracking : Az 28, El 22.
[01:26:56]  Received Beacon from port : 13.
[01:27:04]  Tracking : Az 29, El 25.
[01:27:16]  Received Beacon from port : 13.
[01:27:19]  Tracking : Az 32, El 28.
[01:27:26]  Received Beacon from port : 13.
[01:27:31]  Tracking : Az 34, El 30.
[01:27:36]  Received Beacon from port : 13.
[01:27:41]  Tracking : Az 36, El 33.
[01:27:46]  Received Beacon from port : 13.
[01:27:52]  Tracking : Az 39, El 35.
[01:27:56]  Received Beacon from port : 13.
[01:27:59]  Tracking : Az 41, El 37.
[01:28:06]  Received Beacon from port : 13.
[01:28:07]  Tracking : Az 43, El 40.
[01:28:13]  Tracking : Az 46, El 41.
[01:28:15]  Tracking : Az 47, El 42.
[01:28:16]  Received Beacon from port : 13.
[01:28:22]  Tracking : Az 50, El 44.
[01:28:28]  Tracking : Az 53, El 46.
[01:28:34]  Tracking : Az 56, El 48.
[01:28:37]  Tracking : Az 58, El 49.
[01:28:41]  Tracking : Az 61, El 50.
[01:28:45]  Tracking : Az 64, El 51.
[01:28:46]  Received Beacon from port : 13.
[01:28:50]  Tracking : Az 68, El 52.
[01:28:52]  Tracking : Az 69, El 53.
[01:28:55]  Tracking : Az 72, El 54.
[01:28:56]  Received Beacon from port : 13.
[01:28:58]  Tracking : Az 75, El 54.
[01:29:00]  Tracking : Az 77, El 55.
[01:29:04]  Tracking : Az 81, El 55.
[01:29:06]  Tracking : Az 83, El 56.
[01:29:06]  Received Beacon from port : 13.
[01:29:09]  Tracking : Az 86, El 56.
[01:29:11]  Tracking : Az 88, El 56.
[01:29:13]  Tracking : Az 91, El 57.
[01:29:15]  Tracking : Az 93, El 57.
[01:29:19]  Tracking : Az 98, El 57.
[01:29:21]  Tracking : Az 100, El 57.
[01:29:24]  Tracking : Az 103, El 57.
[01:29:26]  Tracking : Az 106, El 57.
[01:29:26]  Received Beacon from port : 13.
[01:29:28]  Tracking : Az 108, El 57.
[01:29:31]  Tracking : Az 111, El 56.
[01:29:33]  Tracking : Az 113, El 56.
[01:29:35]  Tracking : Az 116, El 56.
[01:29:37]  Tracking : Az 118, El 56.
[01:29:41]  Tracking : Az 122, El 55.
[01:29:43]  Tracking : Az 124, El 54.
[01:29:46]  Tracking : Az 127, El 54.
[01:29:46]  Received Beacon from port : 13.
[01:29:48]  Tracking : Az 129, El 53.
[01:29:53]  Tracking : Az 133, El 52.
[01:29:55]  Tracking : Az 134, El 52.
[01:29:56]  Received Beacon from port : 13.
[01:29:57]  Tracking : Az 136, El 51.
[01:29:59]  Tracking : Az 137, El 50.
[01:30:01]  Tracking : Az 139, El 50.
[01:30:04]  Tracking : Az 141, El 49.
[01:30:08]  Tracking : Az 144, El 48.
[01:30:14]  Tracking : Az 147, El 46.
[01:30:16]  Received Beacon from port : 13.
[01:30:19]  Tracking : Az 150, El 44.
[01:30:25]  Tracking : Az 152, El 42.
[01:30:31]  Tracking : Az 155, El 41.
[01:30:36]  Received Beacon from port : 13.
[01:30:39]  Tracking : Az 158, El 38.
[01:30:42]  Tracking : Az 159, El 37.
[01:30:52]  Tracking : Az 162, El 35.
[01:30:56]  Received Beacon from port : 13.
[01:31:04]  Tracking : Az 165, El 32.
[01:31:14]  Tracking : Az 167, El 29.
[01:31:25]  Tracking : Az 169, El 27.
[01:31:26]  Received Beacon from port : 13.
[01:31:36]  Received Beacon from port : 13.
[01:31:43]  Tracking : Az 171, El 23.
[01:31:46]  Received Beacon from port : 13.
[01:31:56]  Received Beacon from port : 13.
[01:32:04]  Tracking : Az 174, El 20.
[01:32:16]  Received Beacon from port : 13.
[01:32:26]  Received Beacon from port : 13.
[01:32:27]  Tracking : Az 176, El 16.
[01:32:36]  Received Beacon from port : 13.
[01:32:46]  Received Beacon from port : 13.
[01:32:56]  Received Beacon from port : 13.
[01:33:00]  Tracking : Az 178, El 12.
[01:33:16]  Received Beacon from port : 13.
[01:33:26]  Received Beacon from port : 13.
[01:33:29]  Tracking : Az 179, El 9.
[01:33:36]  Received Beacon from port : 13.
[01:33:46]  Received Beacon from port : 13.
[01:33:56]  Received Beacon from port : 13.
[01:34:06]  Received Beacon from port : 13.
[01:34:14]  Tracking : Az 181, El 5.
[01:34:26]  Received Beacon from port : 13.
[01:34:56]  Received Beacon from port : 13.
[01:35:06]  Received Beacon from port : 13.
[01:35:08]  Tracking : Az 183, El 1.
[01:35:45]  Finish Engaging.
[01:35:45]  Beacon Success : 49, Ping Success : 0
[01:38:26]  Tracking : Az 0, El 0.
[11:08:57]  Rotator Read Failed.
[11:08:59]  Rotator Read Failed.
[11:09:01]  Rotator Read Failed.
[11:09:03]  Rotator Read Failed.
[11:09:05]  Rotator Read Failed.
[11:09:07]  Rotator Read Failed.
[11:09:09]  Rotator Read Failed.
[11:09:11]  Rotator Read Failed.
[11:09:13]  Rotator Read Failed.
[11:09:15]  Rotator Read Failed.
[11:09:17]  Rotator Read Failed.
[11:09:19]  Rotator Read Failed.
[11:09:21]  Rotator Read Failed.
[11:09:23]  Rotator Read Failed.
[11:09:25]  Rotator Read Failed.
[11:09:27]  Rotator Read Failed.
[11:09:29]  Rotator Read Failed.
[11:09:31]  Rotator Read Failed.
[11:09:33]  Rotator Read Failed.
[11:09:35]  Rotator Read Failed.
[11:09:37]  Rotator Read Failed.
[11:09:39]  Rotator Read Failed.
[11:09:41]  Rotator Read Failed.
[11:09:43]  Rotator Read Failed.
[11:09:45]  Rotator Read Failed.
[11:09:47]  Rotator Read Failed.
[11:09:49]  Rotator Read Failed.
[11:09:51]  Rotator Read Failed.
[11:09:53]  Rotator Read Failed.
[11:09:55]  Rotator Read Failed.
[11:16:06]  Rotator Read Failed.
[11:16:08]  Rotator Read Failed.
[11:16:10]  Rotator Read Failed.
[11:16:12]  Rotator Read Failed.
[11:16:14]  Rotator Read Failed.
[11:16:16]  Rotator Read Failed.
[11:16:18]  Rotator Read Failed.
[11:16:20]  Rotator Read Failed.
[11:16:22]  Rotator Read Failed.
[11:16:24]  Rotator Read Failed.
[11:16:50]  Rotator Read Failed.
