2026-03-01 01:28
[01:28:30]  Connect to Switch Box.............Success.
[01:28:30]  Connect to Rotator................Success.
[01:28:30]  Connect to GS100..................Success.
[01:28:30]  TM Port 13 bind success.
[01:28:30]  BCN Port 31 bind success.
[01:28:30]  RPT Port 25 bind success.
[01:28:30]  Event Port 27 bind success.
[01:28:30]  COSMIC Beacon Port 23 bind success.
[01:28:30]  COSMIC Report Port 24 bind success.
[01:29:12]  TLE "active" Download Completed.
[01:56:59]  Start Engaging.
[01:56:59]  Tracking : Az 5, El 0.
[01:57:00]  Start Doppler Correction.
[01:57:01]  Tracking : Az 5, El 0.
[02:00:05]  Forked Safe Amplifier Process.(ON, Timer)
[02:00:13]  Ping Success at node 5, 470ms
[02:00:15]  Ping Success at node 5, 465ms
[02:00:25]  [OK]CMD Packet Header: 0x18 0x0 0xc0 0x0 0x0 0x71 0x4 0x44
[02:00:26]  Tracking : Az 3, El 3.
[02:00:28]  Tracking : Az 3, El 3.
[02:00:34]  Ping Success at node 5, 474ms
[02:00:53]  [OK]CMD Packet Header: 0x18 0x65 0xc0 0x0 0x0 0x1 0x0 0x43
[02:01:01]  Ping Success at node 5, 464ms
[02:01:03]  [OK]CMD Packet Header: 0x18 0x65 0xc0 0x0 0x0 0x1 0x0 0x0
[02:01:06]  Tracking : Az 2, El 6.
[02:01:08]  Tracking : Az 2, El 6.
[02:01:14]  [OK]CMD Packet Header: 0x18 0x65 0xc0 0x0 0x0 0x1 0x0 0x43
[02:01:21]  [OK]CMD Packet Header: 0x18 0x75 0xc0 0x0 0x0 0x1 0x0 0x53
[02:01:34]  [OK]CMD Packet Header: 0x18 0x75 0xc0 0x0 0x0 0x1 0x1a 0x49
[02:01:35]  Received Report from port : 25.
[02:01:37]  Received Report from port : 25.
[02:01:38]  Tracking : Az 0, El 8.
[02:01:39]  Received Report from port : 25.
[02:01:47]  [OK]CMD Packet Header: 0x18 0x65 0xc0 0x0 0x0 0x1 0x0 0x0
[02:01:56]  Tracking : Az 359, El 10.
[02:01:58]  Tracking : Az 359, El 10.
[02:02:00]  Tracking : Az 359, El 10.
[02:02:02]  Tracking : Az 359, El 10.
[02:02:04]  Tracking : Az 359, El 11.
[02:02:06]  Tracking : Az 359, El 11.
[02:02:08]  Tracking : Az 359, El 11.
[02:02:10]  Tracking : Az 359, El 11.
[02:02:12]  Tracking : Az 358, El 12.
[02:02:14]  Tracking : Az 358, El 12.
[02:02:16]  Tracking : Az 358, El 12.
[02:02:18]  Tracking : Az 358, El 12.
[02:02:20]  Tracking : Az 358, El 12.
[02:02:22]  Tracking : Az 358, El 13.
[02:02:24]  Tracking : Az 358, El 13.
[02:02:25]  [OK]CMD Packet Header: 0x18 0x23 0xc0 0x0 0x0 0x8 0x2 0x6
[02:02:26]  Tracking : Az 357, El 13.
[02:02:28]  Tracking : Az 357, El 13.
[02:02:30]  Tracking : Az 357, El 13.
[02:02:32]  Tracking : Az 357, El 14.
[02:02:34]  Tracking : Az 357, El 14.
[02:02:36]  Tracking : Az 357, El 14.
[02:02:38]  Tracking : Az 356, El 14.
[02:02:40]  Tracking : Az 356, El 15.
[02:02:42]  Tracking : Az 356, El 15.
[02:02:44]  Tracking : Az 356, El 15.
[02:02:46]  Tracking : Az 356, El 15.
[02:02:48]  Tracking : Az 355, El 16.
[02:02:50]  Tracking : Az 355, El 16.
[02:02:52]  Tracking : Az 355, El 16.
[02:02:54]  [OK]CMD Packet Header: 0x18 0x23 0xc0 0x0 0x0 0x8 0x2 0x6
[02:02:54]  Tracking : Az 355, El 16.
[02:02:54]  Received Event from port : 27.

[02:02:56]  Tracking : Az 355, El 17.
[02:02:56]  Received Event from port : 27.

[02:03:05]  Received Event from port : 27.

[02:03:07]  Tracking : Az 353, El 18.
[02:03:08]  [OK]CMD Packet Header: 0x18 0x0 0xc0 0x0 0x0 0x71 0x4 0x44
[02:03:09]  Received Event from port : 27.

[02:03:23]  Tracking : Az 351, El 20.
[02:03:25]  Received Event from port : 27.

[02:03:27]  Received Event from port : 27.

[02:03:35]  Received Event from port : 27.

[02:03:36]  Tracking : Az 349, El 23.
[02:03:45]  Received Event from port : 27.

[02:03:53]  Tracking : Az 346, El 26.
[02:03:55]  Received Event from port : 27.

[02:04:05]  Received Event from port : 27.

[02:04:07]  Tracking : Az 343, El 28.
[02:04:07]  Received Event from port : 27.

[02:04:15]  Received Event from port : 27.

[02:04:19]  Tracking : Az 340, El 31.
[02:04:22]  Tracking : Az 339, El 31.
[02:04:25]  Received Event from port : 27.

[02:04:32]  [OK]CMD Packet Header: 0x18 0x0 0xc0 0x0 0x0 0x71 0x4 0x44
[02:04:32]  Tracking : Az 336, El 34.
[02:04:33]  Received Event from port : 27.

[02:04:35]  Received Event from port : 27.

[02:04:37]  Received Event from port : 27.

[02:04:41]  Tracking : Az 333, El 36.
[02:04:45]  Received Event from port : 27.

[02:04:47]  Tracking : Az 331, El 37.
[02:04:48]  Received Event from port : 27.

[02:04:55]  Tracking : Az 327, El 39.
[02:04:55]  Received Event from port : 27.

[02:04:57]  Tracking : Az 326, El 39.
[02:05:03]  Tracking : Az 323, El 41.
[02:05:04]  [OK]CMD Packet Header: 0x18 0x50 0xc0 0x0 0x0 0x1 0x6 0x70
[02:05:05]  Received Event from port : 27.

[02:05:05]  Tracking : Az 322, El 41.
[02:05:07]  Received Event from port : 27.

[02:05:09]  Received Report from port : 25.
[02:05:10]  Tracking : Az 319, El 42.
[02:05:11]  Received Report from port : 25.
[02:05:12]  Tracking : Az 318, El 43.
[02:05:13]  Received Report from port : 25.
[02:05:15]  Received Event from port : 27.

[02:05:17]  Received Event from port : 27.

[02:05:18]  Tracking : Az 314, El 44.
[02:05:20]  Tracking : Az 313, El 44.
[02:05:25]  Received Event from port : 27.

[02:05:26]  Tracking : Az 309, El 45.
[02:05:29]  Tracking : Az 307, El 46.
[02:05:29]  Received Event from port : 27.

[02:05:34]  Tracking : Az 303, El 46.
[02:05:35]  Received Event from port : 27.

[02:05:36]  [OK]CMD Packet Header: 0x18 0x75 0xc0 0x0 0x0 0x5 0x1e 0xa2
[02:05:36]  Tracking : Az 302, El 47.
[02:05:37]  Received Report from port : 25.
[02:05:39]  Received Report from port : 25.
[02:05:40]  Tracking : Az 298, El 47.
[02:05:41]  Received Report from port : 25.
[02:05:42]  Tracking : Az 297, El 47.
[02:05:45]  Received Event from port : 27.

[02:05:46]  Tracking : Az 293, El 48.
[02:05:48]  Tracking : Az 292, El 48.
[02:05:52]  Tracking : Az 288, El 48.
[02:05:54]  Tracking : Az 287, El 48.
[02:05:55]  Received Event from port : 27.

[02:05:57]  Tracking : Az 284, El 48.
[02:06:00]  Tracking : Az 282, El 48.
[02:06:04]  Tracking : Az 278, El 48.
[02:06:05]  Received Event from port : 27.

[02:06:06]  Tracking : Az 277, El 47.
[02:06:08]  [OK]CMD Packet Header: 0x18 0x65 0xc0 0x0 0x0 0x29 0x21 0x46
[02:06:09]  Tracking : Az 274, El 47.
[02:06:09]  Received Report from port : 25.
[02:06:11]  Received Report from port : 25.
[02:06:13]  Received Report from port : 25.
[02:06:14]  Tracking : Az 270, El 47.
[02:06:16]  Received Event from port : 27.

[02:06:16]  Tracking : Az 269, El 47.
[02:06:18]  Received Event from port : 27.

[02:06:21]  Tracking : Az 265, El 46.
[02:06:23]  Tracking : Az 263, El 46.
[02:06:25]  Received Event from port : 27.

[02:06:29]  Tracking : Az 259, El 44.
[02:06:31]  Tracking : Az 258, El 44.
[02:06:35]  Received Event from port : 27.

[02:06:35]  [OK]CMD Packet Header: 0x18 0x65 0xc0 0x0 0x0 0x1 0xe 0x4d
[02:06:37]  Tracking : Az 254, El 43.
[02:06:37]  Received Report from port : 25.
[02:06:39]  Tracking : Az 253, El 43.
[02:06:39]  Received Report from port : 25.
[02:06:41]  Received Report from port : 25.
[02:06:45]  Tracking : Az 249, El 41.
[02:06:45]  Received Event from port : 27.

[02:06:47]  Tracking : Az 248, El 41.
[02:06:51]  Received Event from port : 27.

[02:06:53]  Tracking : Az 245, El 39.
[02:06:55]  Tracking : Az 244, El 39.
[02:06:55]  Received Event from port : 27.

[02:07:00]  [OK]CMD Packet Header: 0x18 0x65 0xc0 0x0 0x0 0x1 0x49 0xa
[02:07:01]  Received Report from port : 25.
[02:07:02]  Tracking : Az 241, El 37.
[02:07:03]  Received Report from port : 25.
[02:07:05]  Received Report from port : 25.
[02:07:07]  Received Event from port : 27.

[02:07:09]  Tracking : Az 238, El 36.
[02:07:15]  Received Event from port : 27.

[02:07:17]  Tracking : Az 235, El 34.
[02:07:23]  Tracking : Az 233, El 33.
[02:07:25]  Received Event from port : 27.

[02:07:30]  Tracking : Az 231, El 31.
[02:07:32]  Received Event from port : 27.

[02:07:35]  Received Event from port : 27.

[02:07:41]  Tracking : Az 228, El 29.
[02:07:45]  Received Event from port : 27.

[02:07:53]  Tracking : Az 226, El 26.
[02:07:55]  Received Event from port : 27.

[02:08:05]  Tracking : Az 223, El 24.
[02:08:05]  Received Event from port : 27.

[02:08:13]  Received Event from port : 27.

[02:08:15]  Received Event from port : 27.

[02:08:21]  Tracking : Az 221, El 21.
[02:08:25]  Received Event from port : 27.

[02:08:35]  Received Event from port : 27.

[02:08:37]  Tracking : Az 218, El 19.
[02:08:45]  Received Event from port : 27.

[02:08:51]  [OK]CMD Packet Header: 0x18 0x23 0xc0 0x0 0x0 0x5 0x4 0x9
[02:08:59]  Tracking : Az 216, El 16.
[02:09:07]  AX100 Boot Count : 193
[02:09:10]  Remote Param Control OK. rssi_busy : 0
[02:09:13]  Total RX Bytes : 399701
[02:09:15]  Remote Param Control OK. can_en : true
[02:09:18]  Remote Param Control OK. tx_inhibit : 0
[02:09:19]  Remote Param Control OK. tx_pwr : 3
[02:09:21]  Remote Param Control OK. csp_rtable : 0/0 AX100, 3/5 CAN, 23/5 CAN
[02:09:24]  Remote Param Control OK. Active Conf : 1
[02:09:25]  Remote Param Control OK. Last RSSI : -93
[02:09:27]  Remote Param Control OK. rx_guard : 0
[02:09:28]  Tracking : Az 213, El 13.
[02:09:29]  Remote Param Control OK. tx_guard : 50
[02:09:30]  Remote Param Control OK. rx_baud : 4800
[02:09:30]  Tracking : Az 213, El 12.
[02:09:31]  Remote Param Control OK. tx_baud : 4800
[02:09:59]  Tracking : Az 211, El 9.
[02:10:45]  Tracking : Az 209, El 5.
[02:11:33]  Tracking : Az 207, El 2.
[02:12:30]  Tracking : Az 5, El 0.
[02:12:32]  Tracking : Az 5, El 0.
[02:12:34]  Tracking : Az 5, El 0.
[02:12:36]  Tracking : Az 5, El 0.
[02:12:38]  Tracking : Az 5, El 0.
[02:12:40]  Finish Engaging.
[02:12:40]  Beacon Success : 0, Ping Success : 4
[02:12:44]  Forked Safe Amplifier Process. (OFF)
[02:12:48]  Tracking : Az 0, El 0.
[12:48:23]  Start Engaging.
[12:48:23]  Tracking : Az 165, El 1.
[12:48:24]  Start Doppler Correction.
[12:48:25]  Tracking : Az 165, El 1.
[12:48:26]  Forked Safe Amplifier Process.(ON, Timer)
[12:48:27]  Tracking : Az 165, El 2.
[12:48:29]  Tracking : Az 165, El 2.
[12:48:31]  Tracking : Az 165, El 2.
[12:48:33]  Tracking : Az 165, El 2.
[12:48:35]  Tracking : Az 165, El 2.
[12:48:37]  Tracking : Az 165, El 2.
[12:48:39]  Tracking : Az 165, El 2.
[12:48:41]  Tracking : Az 165, El 2.
[12:48:43]  Tracking : Az 165, El 3.
[12:48:45]  Tracking : Az 165, El 3.
[12:48:47]  Tracking : Az 165, El 3.
[12:48:49]  Tracking : Az 165, El 3.
[12:48:51]  Tracking : Az 165, El 3.
[12:49:03]  Ping Success at node 5, 468ms
[12:49:11]  [OK]CMD Packet Header: 0x18 0x75 0xc0 0x0 0x0 0x1 0x14 0x47
[12:49:12]  Received Report from port : 25.
[12:49:14]  Received Report from port : 25.
[12:49:16]  Received Report from port : 25.
[12:49:21]  Tracking : Az 165, El 6.
[12:49:28]  [OK]CMD Packet Header: 0x18 0x75 0xc0 0x0 0x0 0x5 0x1e 0xa2
[12:49:35]  Tracking : Az 165, El 7.
[12:49:37]  [OK]CMD Packet Header: 0x18 0x50 0xc0 0x0 0x0 0x1 0x6 0x70
[12:49:38]  Received Report from port : 25.
[12:49:40]  Received Report from port : 25.
[12:49:42]  Received Report from port : 25.
[12:49:50]  [OK]CMD Packet Header: 0x18 0x75 0xc0 0x0 0x0 0x5 0x1e 0xa2
[12:49:51]  Received Report from port : 25.
[12:49:53]  Received Report from port : 25.
[12:49:54]  Tracking : Az 164, El 9.
[12:49:55]  Received Report from port : 25.
[12:50:07]  [OK]CMD Packet Header: 0x18 0x65 0xc0 0x0 0x0 0x9 0xc 0x53
[12:50:08]  Received Report from port : 25.
[12:50:10]  Received Report from port : 25.
[12:50:12]  Received Report from port : 25.
[12:50:14]  Tracking : Az 164, El 11.
[12:50:20]  [OK]CMD Packet Header: 0x18 0x65 0xc0 0x0 0x0 0x1 0x34 0x77
[12:50:21]  Received Report from port : 25.
[12:50:23]  Received Report from port : 25.
[12:50:25]  Received Report from port : 25.
[12:50:32]  Tracking : Az 164, El 13.
[12:50:34]  Tracking : Az 164, El 13.
[12:50:38]  [OK]CMD Packet Header: 0x18 0x65 0xc0 0x0 0x0 0x41 0x22 0x69
[12:50:39]  Received Report from port : 25.
[12:50:41]  Received Report from port : 25.
[12:50:43]  Received Report from port : 25.
[12:50:49]  Tracking : Az 164, El 15.
[12:50:51]  Tracking : Az 164, El 15.
[12:51:01]  [OK]CMD Packet Header: 0x18 0x65 0xc0 0x0 0x0 0x1 0xe 0x3a
[12:51:02]  Received Report from port : 25.
[12:51:04]  Received Report from port : 25.
[12:51:04]  Tracking : Az 164, El 17.
[12:51:06]  Received Report from port : 25.
[12:51:23]  Tracking : Az 164, El 20.
[12:51:40]  Tracking : Az 164, El 23.
[12:51:55]  Tracking : Az 163, El 26.
[12:51:57]  [OK]CMD Packet Header: 0x18 0x75 0xc0 0x0 0x0 0x1 0x14 0x47
[12:51:58]  Received Report from port : 25.
[12:52:00]  Received Report from port : 25.
[12:52:02]  Received Report from port : 25.
[12:52:08]  Tracking : Az 163, El 29.
[12:52:12]  [OK]CMD Packet Header: 0x18 0x65 0xc0 0x0 0x0 0x4 0x68 0x2e
[12:52:20]  Tracking : Az 163, El 32.
[12:52:23]  Tracking : Az 163, El 33.
[12:52:28]  Ping Success at node 5, 460ms
[12:52:33]  Tracking : Az 162, El 36.
[12:52:42]  Tracking : Az 162, El 39.
[12:52:45]  Tracking : Az 162, El 40.
[12:52:53]  Tracking : Az 162, El 43.
[12:52:56]  Tracking : Az 161, El 44.
[12:53:03]  Tracking : Az 161, El 47.
[12:53:05]  Tracking : Az 161, El 48.
[12:53:11]  Tracking : Az 160, El 51.
[12:53:14]  Tracking : Az 160, El 52.
[12:53:19]  Tracking : Az 159, El 55.
[12:53:21]  Tracking : Az 159, El 56.
[12:53:27]  Tracking : Az 158, El 59.
[12:53:29]  Tracking : Az 158, El 60.
[12:53:34]  Tracking : Az 157, El 63.
[12:53:36]  Tracking : Az 156, El 64.
[12:53:40]  Tracking : Az 155, El 67.
[12:53:43]  Tracking : Az 154, El 69.
[12:53:46]  Tracking : Az 152, El 71.
[12:53:49]  Tracking : Az 150, El 73.
[12:53:52]  Tracking : Az 148, El 75.
[12:53:55]  Tracking : Az 145, El 77.
[12:53:57]  Tracking : Az 142, El 78.
[12:53:59]  Tracking : Az 139, El 79.
[12:54:01]  Tracking : Az 134, El 81.
[12:54:03]  Tracking : Az 128, El 82.
[12:54:05]  Tracking : Az 121, El 80.
[12:54:07]  Tracking : Az 88, El 80.
[12:54:09]  Tracking : Az 70, El 85.
[12:54:11]  Tracking : Az 79, El 80.
[12:54:13]  Tracking : Az 40, El 80.
[12:54:15]  Tracking : Az 30, El 83.
[12:54:17]  Tracking : Az 35, El 80.
[12:54:19]  Tracking : Az 18, El 80.
[12:54:21]  Tracking : Az 13, El 79.
[12:54:23]  Tracking : Az 15, El 80.
[12:54:25]  Tracking : Az 12, El 78.
[12:54:27]  Tracking : Az 9, El 77.
[12:54:29]  Tracking : Az 6, El 76.
[12:54:31]  Tracking : Az 5, El 74.
[12:54:32]  Ping Success at node 5, 461ms
[12:54:36]  Tracking : Az 1, El 71.
[12:54:38]  Tracking : Az 0, El 70.
[12:54:40]  Tracking : Az 359, El 68.
[12:54:42]  Tracking : Az 358, El 67.
[12:54:44]  Tracking : Az 358, El 66.
[12:54:46]  Tracking : Az 357, El 65.
[12:54:48]  Tracking : Az 357, El 63.
[12:54:50]  Tracking : Az 356, El 62.
[12:54:52]  Tracking : Az 356, El 61.
[12:54:54]  Tracking : Az 355, El 60.
[12:54:56]  Tracking : Az 355, El 59.
[12:54:58]  Tracking : Az 354, El 58.
[12:55:00]  Tracking : Az 354, El 57.
[12:55:02]  Tracking : Az 354, El 55.
[12:55:04]  Tracking : Az 354, El 54.
[12:55:06]  Tracking : Az 353, El 53.
[12:55:08]  Tracking : Az 353, El 52.
[12:55:10]  Tracking : Az 353, El 51.
[12:55:12]  Tracking : Az 353, El 50.
[12:55:14]  Tracking : Az 352, El 49.
[12:55:16]  Tracking : Az 352, El 49.
[12:55:18]  Tracking : Az 352, El 48.
[12:55:20]  Tracking : Az 352, El 47.
[12:55:22]  Tracking : Az 352, El 46.
[12:55:24]  Tracking : Az 352, El 45.
[12:55:26]  Tracking : Az 352, El 44.
[12:55:28]  Tracking : Az 351, El 43.
[12:55:30]  Tracking : Az 351, El 43.
[12:55:32]  Tracking : Az 351, El 42.
[12:55:34]  Tracking : Az 351, El 41.
[12:55:36]  Tracking : Az 351, El 40.
[12:55:38]  Tracking : Az 351, El 40.
[12:55:44]  Tracking : Az 351, El 37.
[12:55:47]  Tracking : Az 351, El 36.
[12:55:57]  Tracking : Az 350, El 33.
[12:56:08]  Tracking : Az 350, El 30.
[12:56:25]  Tracking : Az 350, El 26.
[12:56:44]  Tracking : Az 349, El 22.
[12:56:56]  Ping Success at node 5, 459ms
[12:57:02]  Tracking : Az 349, El 19.
[12:57:22]  Tracking : Az 349, El 16.
[12:57:53]  Tracking : Az 349, El 12.
[12:58:22]  Tracking : Az 349, El 9.
[12:58:23]  Ping Success at node 5, 476ms
[12:58:25]  Forked Safe Amplifier Process. (OFF)
[12:59:06]  Tracking : Az 349, El 5.
[13:00:00]  Tracking : Az 348, El 1.
[13:00:51]  Tracking : Az 165, El 0.
[13:00:53]  Tracking : Az 165, El 0.
[13:00:55]  Tracking : Az 165, El 0.
[13:00:57]  Tracking : Az 165, El 0.
[13:00:59]  Tracking : Az 165, El 0.
[13:01:01]  Tracking : Az 165, El 0.
[13:01:03]  Tracking : Az 165, El 0.
[13:01:05]  Tracking : Az 165, El 0.
[13:01:07]  Tracking : Az 165, El 0.
[13:01:09]  Tracking : Az 165, El 0.
[13:01:11]  Tracking : Az 165, El 0.
[13:01:13]  Tracking : Az 165, El 0.
[13:01:15]  Tracking : Az 165, El 0.
[13:01:17]  Tracking : Az 165, El 0.
[13:01:19]  Tracking : Az 165, El 0.
[13:01:21]  Tracking : Az 165, El 0.
[13:03:33]  Finish Engaging.
[13:03:33]  Beacon Success : 0, Ping Success : 5
[13:03:34]  Tracking : Az 0, El 0.
[00:18:48]  Start Engaging.
[00:18:48]  Tracking : Az 33, El 0.
[00:18:49]  Start Doppler Correction.
[00:18:50]  Tracking : Az 33, El 0.
[00:18:52]  Tracking : Az 33, El 0.
[00:18:54]  Tracking : Az 33, El 0.
[00:27:20]  Tracking : Az 33, El 0.
[00:33:03]  Forked Safe Amplifier Process.(ON, Timer)
[00:33:09]  Ping Failed.
[00:33:15]  Ping Failed.
[00:33:16]  Tracking : Az 34, El 0.
[00:33:37]  Ping Failed.
[00:33:43]  Tracking : Az 37, El 2.
[00:33:52]  Ping Failed.
[00:34:02]  Tracking : Az 39, El 3.
[00:34:08]  Ping Failed.
[00:34:16]  Ping Failed.
[00:34:27]  Ping Failed.
[00:34:35]  Tracking : Az 43, El 5.
[00:34:37]  Ping Failed.
[00:34:41]  Ping Success at node 5, 475ms
[00:34:44]  [OK]CMD Packet Header: 0x18 0x15 0xc0 0x0 0x0 0x45 0xa 0x2e
[00:34:45]  Received GETFILEINFO Response from port : 23.

[00:34:52]  [OK]CMD Packet Header: 0x18 0x15 0xc0 0x0 0x0 0x45 0xa 0x2e
[00:34:57]  Tracking : Az 46, El 6.
[00:34:59]  Ping Success at node 5, 475ms
[00:35:01]  [OK]CMD Packet Header: 0x18 0x15 0xc0 0x0 0x0 0x45 0xa 0x2e
[00:35:02]  Received GETFILEINFO Response from port : 23.

[00:35:18]  Tracking : Az 49, El 7.
[00:35:36]  Tracking : Az 52, El 8.
[00:35:36]  Forked Safe Amplifier Process. (OFF)
[00:35:38]  Finish Engaging.
[00:35:38]  Beacon Success : 0, Ping Success : 2
