2025-12-13 02:00
[02:00:49]  Connect to Switch Box.............Success.
[02:00:49]  Connect to Rotator................Success.
[02:00:49]  Connect to GS100..................Success.
[02:00:49]  TM Port 13 bind success.
[02:00:49]  BCN Port 31 bind success.
[02:00:49]  RPT Port 25 bind success.
[02:00:58]  TLE "cubesat" Download Completed.
[02:01:02]  Start Engaging.
[02:01:02]  Tracking : Az 0, El 12.
[02:01:03]  Start Doppler Correction.
[02:01:04]  Tracking : Az 359, El 12.
[02:01:05]  Forked Safe Amplifier Process.(ON, Timer)
[02:01:06]  Tracking : Az 359, El 12.
[02:01:08]  Tracking : Az 359, El 12.
[02:01:10]  Tracking : Az 359, El 13.
[02:01:12]  Tracking : Az 359, El 13.
[02:01:14]  Tracking : Az 359, El 13.
[02:01:16]  Tracking : Az 359, El 13.
[02:01:18]  Tracking : Az 359, El 14.
[02:01:20]  Tracking : Az 358, El 14.
[02:01:22]  Tracking : Az 358, El 14.
[02:01:24]  Tracking : Az 358, El 14.
[02:01:26]  Tracking : Az 358, El 14.
[02:01:28]  Tracking : Az 358, El 15.
[02:01:30]  Tracking : Az 358, El 15.
[02:01:32]  Tracking : Az 357, El 15.
[02:01:34]  Tracking : Az 357, El 15.
[02:01:36]  Tracking : Az 357, El 16.
[02:01:38]  Tracking : Az 357, El 16.
[02:01:40]  Tracking : Az 357, El 16.
[02:01:42]  Tracking : Az 357, El 16.
[02:01:44]  Tracking : Az 356, El 17.
[02:01:46]  Tracking : Az 356, El 17.
[02:01:48]  Tracking : Az 356, El 17.
[02:01:50]  Tracking : Az 356, El 18.
[02:01:52]  Tracking : Az 356, El 18.
[02:01:54]  Tracking : Az 355, El 18.
[02:01:56]  Tracking : Az 355, El 18.
[02:01:58]  Tracking : Az 355, El 19.
[02:02:00]  Tracking : Az 355, El 19.
[02:02:02]  Tracking : Az 355, El 19.
[02:02:07]  Ping Success at node 5, 470ms
[02:02:11]  Ping Success at node 5, 468ms
[02:02:11]  Tracking : Az 353, El 21.
[02:02:13]  Tracking : Az 353, El 21.
[02:02:23]  Tracking : Az 352, El 23.
[02:02:25]  [OK]CMD Packet Header: 0x18 0x30 0xc0 0x0 0x0 0x1 0x0 0x16
[02:02:25]  Tracking : Az 352, El 23.
[02:02:34]  Tracking : Az 350, El 25.
[02:02:36]  Tracking : Az 350, El 25.
[02:02:40]  [OK]CMD Packet Header: 0x18 0x30 0xc0 0x0 0x0 0x2 0x3 0x16
[02:02:45]  Tracking : Az 348, El 27.
[02:02:47]  Tracking : Az 348, El 27.
[02:02:56]  [OK]CMD Packet Header: 0x18 0x30 0xc0 0x0 0x0 0x2 0x3 0x16
[02:03:00]  Tracking : Az 345, El 30.
[02:03:02]  Tracking : Az 345, El 30.
[02:03:07]  [OK]CMD Packet Header: 0x18 0x30 0xc0 0x0 0x0 0x2 0x3 0x17
[02:03:07]  Tracking : Az 343, El 31.
[02:03:10]  Tracking : Az 342, El 32.
[02:03:21]  Tracking : Az 339, El 35.
[02:03:23]  Tracking : Az 339, El 35.
[02:03:27]  Tracking : Az 337, El 36.
[02:03:33]  Tracking : Az 335, El 37.
[02:03:35]  Tracking : Az 334, El 38.
[02:03:37]  [OK]CMD Packet Header: 0x18 0x30 0xc0 0x0 0x0 0x3 0x6 0x13
[02:03:42]  Tracking : Az 331, El 40.
[02:03:44]  Tracking : Az 330, El 40.
[02:03:49]  Tracking : Az 328, El 42.
[02:03:51]  Tracking : Az 327, El 42.
[02:03:57]  Tracking : Az 324, El 44.
[02:03:59]  Tracking : Az 322, El 44.
[02:04:01]  [OK]CMD Packet Header: 0x18 0x75 0xc0 0x0 0x0 0x1 0x1a 0x49
[02:04:01]  Tracking : Az 321, El 45.
[02:04:07]  Tracking : Az 317, El 46.
[02:04:09]  Tracking : Az 316, El 46.
[02:04:12]  Tracking : Az 314, El 47.
[02:04:13]  [OK]CMD Packet Header: 0x18 0x75 0xc0 0x0 0x0 0x1 0x1a 0x0
[02:04:14]  Tracking : Az 312, El 47.
