2025-12-15 00:44
[00:44:28]  Connect to Switch Box.............Success.
[00:44:28]  Connect to Rotator................Success.
[00:44:28]  Connect to GS100..................Success.
[00:44:28]  TM Port 13 bind success.
[00:44:28]  BCN Port 31 bind success.
[00:44:28]  RPT Port 25 bind success.
[00:44:34]  TLE "cubesat" Download Completed.
[00:44:38]  Start Engaging.
[00:44:38]  Tracking : Az 58, El 13.
[00:44:39]  Start Doppler Correction.
[00:44:44]  Forked Safe Amplifier Process.(ON, Timer)
[00:44:45]  Ping Success at node 5, 461ms
[00:44:48]  Tracking : Az 61, El 13.
[00:44:54]  [OK]CMD Packet Header: 0x18 0x75 0xc0 0x0 0x0 0x1 0x17 0x44
[00:45:01]  Tracking : Az 64, El 14.
[00:45:02]  [OK]CMD Packet Header: 0x18 0x75 0xc0 0x0 0x0 0x1 0x17 0x0
[00:45:09]  Tracking : Az 66, El 15.
[00:45:10]  [OK]CMD Packet Header: 0x18 0x75 0xc0 0x0 0x0 0x1 0x17 0x44
[00:45:17]  Tracking : Az 68, El 15.
[00:45:23]  [OK]CMD Packet Header: 0x18 0x75 0xc0 0x0 0x0 0x1 0x17 0x0
[00:45:28]  Ping Success at node 5, 476ms
[00:45:28]  Tracking : Az 71, El 16.
[00:45:39]  Tracking : Az 74, El 16.
[00:45:40]  [OK]CMD Packet Header: 0x18 0x75 0xc0 0x0 0x0 0x5 0x1e 0xa2
[00:45:50]  Tracking : Az 77, El 17.
[00:45:57]  Tracking : Az 79, El 17.
[00:46:07]  Tracking : Az 82, El 17.
[00:46:13]  Tracking : Az 84, El 17.
[00:46:23]  Tracking : Az 87, El 18.
[00:46:33]  Tracking : Az 90, El 18.
[00:46:42]  Tracking : Az 93, El 18.
[00:46:49]  Tracking : Az 95, El 18.
[00:46:53]  [OK]CMD Packet Header: 0x18 0x75 0xc0 0x0 0x0 0x1 0x1a 0x49
[00:46:58]  Tracking : Az 98, El 18.
[00:47:08]  Tracking : Az 101, El 18.
[00:47:09]  AX100 Boot Count : 187
[00:47:13]  Remote Param Control OK. Last RSSI : -94
[00:47:18]  Tracking : Az 104, El 17.
[00:47:24]  Tracking : Az 106, El 17.
[00:47:26]  [OK]CMD Packet Header: 0x18 0x75 0xc0 0x0 0x0 0x1 0x1a 0x0
