2025-12-09 13:40
[13:40:58]  Connect to Switch Box.............Success.
[13:40:58]  Connect to Rotator................Success.
[13:40:58]  Connect to GS100..................Success.
[13:40:58]  TM Port 13 bind success.
[13:40:58]  BCN Port 31 bind success.
[13:40:58]  RPT Port 25 bind success.
[13:41:06]  TLE "cubesat" Download Completed.
[13:41:13]  Start Engaging.
[13:41:13]  Tracking : Az 201, El 0.
[13:41:15]  Tracking : Az 201, El 0.
[13:41:17]  Tracking : Az 201, El 0.
[13:41:19]  Tracking : Az 201, El 0.
[13:41:21]  Tracking : Az 201, El 0.
[13:41:23]  Tracking : Az 201, El 0.
[13:41:25]  Tracking : Az 201, El 0.
[13:41:27]  Tracking : Az 201, El 0.
[13:41:29]  Tracking : Az 201, El 0.
[13:41:31]  Tracking : Az 201, El 0.
[13:41:33]  Tracking : Az 201, El 0.
[13:41:35]  Tracking : Az 201, El 0.
[13:41:37]  Tracking : Az 201, El 0.
[13:41:39]  Tracking : Az 201, El 0.
[13:41:41]  Tracking : Az 201, El 0.
[13:41:43]  Tracking : Az 201, El 0.
[13:41:45]  Tracking : Az 201, El 0.
[13:41:47]  Tracking : Az 201, El 0.
[13:45:08]  Start Doppler Correction.
[13:48:13]  Tracking : Az 203, El 1.
[13:48:26]  Received Beacon from port : 13.
[13:48:36]  Received Beacon from port : 13.
[13:48:46]  Tracking : Az 206, El 3.
[13:49:06]  Received Beacon from port : 13.
[13:49:15]  Tracking : Az 209, El 5.
[13:49:26]  Received Beacon from port : 13.
[13:49:40]  Tracking : Az 212, El 6.
[13:49:42]  Tracking : Az 212, El 6.
[13:49:46]  Received Beacon from port : 13.
[13:49:56]  Tracking : Az 214, El 7.
[13:49:56]  Received Beacon from port : 13.
[13:50:14]  Tracking : Az 216, El 9.
[13:50:16]  Tracking : Az 217, El 9.
[13:50:16]  Received Beacon from port : 13.
[13:50:35]  Tracking : Az 220, El 10.
[13:50:36]  Received Beacon from port : 13.
[13:50:37]  Tracking : Az 220, El 10.
[13:50:41]  Tracking : Az 221, El 10.
[13:50:57]  Tracking : Az 224, El 12.
[13:50:59]  Tracking : Az 224, El 12.
[13:51:12]  Tracking : Az 227, El 13.
[13:51:26]  Tracking : Az 230, El 14.
[13:51:26]  Received Beacon from port : 13.
[13:51:36]  Received Beacon from port : 13.
[13:51:39]  Tracking : Az 233, El 14.
[13:51:41]  Tracking : Az 233, El 15.
[13:51:52]  Tracking : Az 236, El 15.
[13:51:54]  Tracking : Az 236, El 15.
[13:51:59]  Tracking : Az 238, El 16.
[13:52:06]  Received Beacon from port : 13.
[13:52:11]  Tracking : Az 241, El 16.
[13:52:13]  Tracking : Az 241, El 17.
[13:52:16]  Received Beacon from port : 13.
[13:52:21]  Tracking : Az 244, El 17.
[13:52:32]  Tracking : Az 247, El 17.
[13:52:35]  Tracking : Az 248, El 18.
[13:52:36]  Received Beacon from port : 13.
[13:52:38]  [OK]CMD Packet Header: 0x18 0x75 0xc0 0x0 0x0 0x5 0x1e 0xa2
[13:52:40]  Forked Safe Amplifier Process.(ON, Timer)
[13:52:44]  [OK]CMD Packet Header: 0x18 0x75 0xc0 0x0 0x0 0x5 0x1e 0x0
[13:52:45]  Tracking : Az 251, El 18.
[13:52:47]  Tracking : Az 251, El 18.
[13:52:51]  Tracking : Az 252, El 18.
[13:52:58]  Tracking : Az 255, El 18.
[13:53:00]  Tracking : Az 255, El 18.
[13:53:04]  Tracking : Az 257, El 19.
[13:53:06]  Received Beacon from port : 13.
[13:53:07]  Tracking : Az 258, El 19.
[13:53:16]  Received Beacon from port : 13.
[13:53:17]  Tracking : Az 261, El 19.
[13:53:19]  Tracking : Az 261, El 19.
[13:53:26]  Tracking : Az 264, El 19.
[13:53:26]  Received Beacon from port : 13.
[13:53:28]  Tracking : Az 264, El 19.
[13:53:35]  Tracking : Az 267, El 19.
[13:53:37]  Tracking : Az 267, El 19.
[13:53:41]  Tracking : Az 269, El 19.
[13:53:43]  [OK]CMD Packet Header: 0x18 0x15 0xc0 0x0 0x0 0x45 0xa 0x5e
[13:53:44]  Received GETFILEINFO Response from port : 13.
[04:53:46]  Received Beacon from port : 13.
[13:53:50]  Tracking : Az 272, El 19.
[13:53:52]  Tracking : Az 272, El 19.
[13:53:57]  Tracking : Az 274, El 19.
[13:54:00]  Tracking : Az 275, El 19.
[13:54:08]  Ping Failed.
[13:54:09]  Tracking : Az 278, El 18.
[13:54:11]  Tracking : Az 278, El 18.
[13:54:15]  Ping Failed.
[13:54:16]  Tracking : Az 280, El 18.
[13:54:19]  Tracking : Az 281, El 18.
[13:54:21]  Tracking : Az 281, El 18.
[13:54:26]  Received Beacon from port : 13.
[13:54:29]  Tracking : Az 284, El 18.
[13:54:29]  Ping Failed.
[13:54:31]  Tracking : Az 284, El 17.
[13:54:34]  Ping Success at node 5, 467ms
[13:54:36]  Received Beacon from port : 13.
[13:54:39]  Tracking : Az 287, El 17.
[13:54:41]  Tracking : Az 287, El 17.
[13:54:45]  Remote Param Control OK. Last RSSI : -90
[13:54:46]  Received Beacon from port : 13.
[13:54:50]  Tracking : Az 290, El 16.
[13:54:52]  Tracking : Az 290, El 16.
[13:54:55]  Remote Param Control OK. csp_rtable : 0/0 AX100, 3/5 CAN, 23/5 CAN
[13:54:58]  Total RX Bytes : 32030
[13:55:01]  Tracking : Az 293, El 16.
[13:55:03]  Tracking : Az 293, El 16.
[13:55:04]  AX100 Boot Count : 184
[13:55:13]  Tracking : Az 296, El 15.
[13:55:16]  Received Beacon from port : 13.
[13:55:26]  Tracking : Az 299, El 14.
[13:55:26]  Received Beacon from port : 13.
[13:55:36]  Received Beacon from port : 13.
[13:55:39]  Tracking : Az 302, El 13.
[13:55:41]  Tracking : Az 302, El 13.
[13:55:53]  Tracking : Az 305, El 12.
[13:55:55]  Tracking : Az 305, El 12.
[13:55:56]  Received Beacon from port : 13.
[13:56:03]  Tracking : Az 307, El 12.
[13:56:16]  Received Beacon from port : 13.
[13:56:20]  Tracking : Az 310, El 11.
[13:56:22]  Tracking : Az 310, El 10.
[13:56:26]  Received Beacon from port : 13.
[13:56:38]  Tracking : Az 313, El 9.
[13:56:40]  Tracking : Az 313, El 9.
[13:56:46]  Received Beacon from port : 13.
[13:56:56]  Received Beacon from port : 13.
[13:56:57]  Tracking : Az 316, El 8.
[13:56:59]  Tracking : Az 316, El 8.
[13:57:04]  Tracking : Az 317, El 8.
[13:57:06]  Received Beacon from port : 13.
[13:57:26]  Received Beacon from port : 13.
[13:57:27]  Tracking : Az 320, El 6.
[13:57:36]  Received Beacon from port : 13.
[13:57:46]  Received Beacon from port : 13.
[13:57:53]  Tracking : Az 323, El 4.
[13:57:55]  Tracking : Az 323, El 4.
[13:58:06]  Received Beacon from port : 13.
[13:58:16]  Received Beacon from port : 13.
[13:58:23]  Tracking : Az 326, El 3.
[13:58:25]  Tracking : Az 326, El 2.
[13:58:50]  Ping Success at node 5, 478ms
[13:58:56]  Ping Success at node 5, 478ms
[13:58:57]  Tracking : Az 329, El 1.
[13:59:08]  Ping Failed.
[13:59:15]  Finish Engaging.
[13:59:15]  Beacon Success : 34, Ping Success : 3
[13:59:16]  Forked Safe Amplifier Process. (OFF)
[13:59:17]  Tracking : Az 0, El 0.
[15:20:42]  [OK]CMD Packet Header: 0x18 0x15 0xc0 0x0 0x0 0x45 0xa 0x5e
[15:21:14]  [OK]CMD Packet Header: 0x18 0x15 0xc0 0x0 0x0 0x45 0xa 0x5e
[15:25:32]  Ping Failed.
[15:26:06]  Ping Failed.
[15:27:11]  Ping Failed.
[15:30:32]  Ping Failed.
[15:30:49]  Ping Failed.
[15:31:40]  Ping Failed.
[15:33:15]  Ping Failed.
[15:36:25]  Ping Failed.
[15:36:33]  Ping Failed.
[15:36:43]  [OK]CMD Packet Header: 0x18 0x15 0xc0 0x0 0x0 0x45 0xa 0x5e
[15:37:53]  Ping Failed.
[15:38:57]  Ping Success at node 5, 466ms
[15:39:11]  [OK]CMD Packet Header: 0x18 0x15 0xc0 0x0 0x0 0x45 0xa 0x5e
[15:40:26]  [OK]CMD Packet Header: 0x18 0x23 0xc0 0x0 0x0 0x11 0x6 0x3d
[15:40:33]  [OK]CMD Packet Header: 0x18 0x15 0xc0 0x0 0x0 0x45 0xa 0x5e
[15:40:34]  Received GETFILEINFO Response from port : 13.
[15:41:25]  Start FTP Downlink.
[15:41:29]  Received FTP Download Spec.
[15:41:29]  Received FTP Download Spec. Filesize : 45704, CRC : 3446119361.
[15:41:36]  Fail to complete ftp_download. Retcode : -5
[15:44:32]  Start FTP Downlink.
[15:44:37]  Received FTP Download Spec.
[15:44:37]  Received FTP Download Spec. Filesize : 45704, CRC : 3446119361.
[15:44:38]  Received FTP Status Request.
[15:44:38]  Start FTP Downlink. Total Chunk Size : 248
[15:44:39]  Download : 0/248
[15:44:39]  Download : 1/248
[15:44:40]  Download : 2/248
[15:44:40]  Download : 3/248
[15:44:40]  Download : 4/248
[15:44:41]  Download : 5/248
[15:44:41]  Download : 6/248
[15:44:42]  Download : 7/248
