2026-01-09 19:08
[19:08:20]  Connect to Switch Box.............Success.
[19:08:20]  Connect to Rotator................Success.
[19:08:20]  Connect to GS100..................Success.
[19:08:20]  TM Port 13 bind success.
[19:08:20]  BCN Port 31 bind success.
[19:08:20]  RPT Port 25 bind success.
[19:08:20]  Event Port 27 bind success.
[19:08:20]  COSMIC Beacon Port 23 bind success.
[19:08:20]  COSMIC Report Port 24 bind success.
[19:08:25]  TLE "cubesat" Download Completed.
[19:09:02]  [Auto]Start AutoPilot.
[19:09:02]  [Auto]Start Autopilot. Next Valuable AOS : 1/9 19:8:56
[19:09:02]  [Auto]Max Elevation : 57.86° Please Keep Devices On.
[19:09:02]  [Auto]Start Engaging.
[19:09:02]  [Auto]Start Doppler Correction.
[19:09:02]  [Auto]Start Doppler Correction.
[19:09:02]  Tracking : Az 353, El 27.
[19:09:04]  Tracking : Az 353, El 27.
[19:09:06]  Tracking : Az 353, El 28.
[19:09:08]  Tracking : Az 352, El 28.
[19:09:10]  Tracking : Az 352, El 28.
[19:09:12]  Tracking : Az 352, El 29.
[19:09:14]  Tracking : Az 351, El 29.
[19:09:16]  Tracking : Az 351, El 30.
[19:09:18]  Tracking : Az 350, El 30.
[19:09:20]  Tracking : Az 350, El 31.
[19:09:22]  Tracking : Az 350, El 31.
[19:09:24]  Tracking : Az 349, El 32.
[19:09:26]  Tracking : Az 349, El 32.
[19:09:28]  Tracking : Az 348, El 33.
[19:09:30]  Tracking : Az 348, El 33.
[19:09:32]  Tracking : Az 347, El 34.
[19:09:34]  Tracking : Az 347, El 35.
[19:09:36]  Tracking : Az 346, El 35.
[19:09:38]  Tracking : Az 346, El 36.
[19:09:40]  Tracking : Az 345, El 36.
[19:09:42]  Tracking : Az 344, El 37.
[19:09:44]  Tracking : Az 344, El 37.
[19:09:46]  Tracking : Az 343, El 38.
[19:09:48]  Tracking : Az 342, El 39.
[19:09:50]  Tracking : Az 342, El 39.
[19:09:52]  Tracking : Az 341, El 40.
[19:09:54]  Tracking : Az 340, El 41.
[19:09:56]  Tracking : Az 339, El 41.
[19:09:58]  Tracking : Az 338, El 42.
[19:10:01]  Tracking : Az 337, El 43.
[19:10:07]  Tracking : Az 334, El 45.
[19:10:09]  Tracking : Az 333, El 45.
[19:10:12]  Tracking : Az 331, El 46.
[19:10:14]  Tracking : Az 330, El 47.
[19:10:20]  Tracking : Az 326, El 49.
[19:10:22]  Tracking : Az 325, El 50.
[19:10:27]  Tracking : Az 321, El 51.
[19:10:29]  Tracking : Az 320, El 52.
[19:10:32]  Tracking : Az 317, El 53.
[19:10:34]  Tracking : Az 315, El 53.
[19:10:36]  Tracking : Az 313, El 54.
[19:10:38]  Tracking : Az 311, El 54.
[19:10:39]  [Auto]Autopilot Stopped by User.
[19:10:39]  [Auto]Stop Doppler Correction.
[19:10:40]  [Auto]Finish Engaging.
[19:10:40]  Tracking : Az 0, El 0.
[19:10:41]  [Auto]Beacon Success : 0, Ping Success : 0 CMD Success : 0
