2026-02-06 00:30
[00:30:54]  Connect to Switch Box.............Success.
[00:30:54]  Connect to Rotator................Success.
[00:30:54]  Connect to GS100..................Success.
[00:30:54]  TM Port 13 bind success.
[00:30:54]  BCN Port 31 bind success.
[00:30:54]  RPT Port 25 bind success.
[00:30:54]  Event Port 27 bind success.
[00:30:54]  COSMIC Beacon Port 23 bind success.
[00:30:54]  COSMIC Report Port 24 bind success.
[00:31:00]  TLE "cubesat" Download Completed.
[00:31:09]  Start Engaging.
[00:31:09]  Tracking : Az 122, El 7.
[00:31:10]  Start Doppler Correction.
[00:31:11]  Tracking : Az 122, El 7.
[00:31:12]  Forked Safe Amplifier Process.(ON, Timer)
[00:31:19]  Ping Failed.
[00:31:23]  Tracking : Az 125, El 7.
[00:31:25]  Tracking : Az 125, El 6.
[00:31:25]  Ping Failed.
[00:31:33]  Cannot Load Remote Parameter.
[00:31:40]  Tracking : Az 128, El 6.
[00:31:44]  Ping Failed.
[00:31:57]  [OK]CMD Packet Header: 0x18 0x75 0xc0 0x0 0x0 0x1 0x14 0x47
[00:31:59]  Tracking : Az 131, El 5.
[00:32:10]  Ping Failed.
[00:32:19]  Tracking : Az 134, El 4.
[00:32:23]  Ping Failed.
[00:32:37]  Ping Failed.
[00:32:41]  Tracking : Az 137, El 3.
[00:32:43]  Tracking : Az 137, El 3.
[00:32:46]  Ping Failed.
[00:32:49]  Forked Safe Amplifier Process. (OFF)
[00:32:55]  Finish Engaging.
[00:32:55]  Beacon Success : 0, Ping Success : 0
[00:38:45]  [Auto]Start AutoPilot.
[00:38:45]  [Auto]Start Autopilot. Next Valuable AOS : 2/6 1:58:27
[00:38:45]  [Auto]Max Elevation : 50.17° Please Keep Devices On.
[01:53:27]  [Auto]Start Engaging.
[01:53:27]  [Auto]Start Engaging.
[01:53:27]  Tracking : Az 121, El 8.
[01:53:27]  [Auto]Start Doppler Correction.
[01:53:29]  Tracking : Az 121, El 8.
[01:55:54]  Forked Safe Amplifier Process.(ON, Timer)
[01:56:01]  Ping Failed.
[01:56:08]  Ping Failed.
[01:56:16]  Ping Failed.
[01:56:23]  Ping Failed.
[01:56:30]  Ping Failed.
[01:56:38]  Ping Failed.
[01:56:45]  Ping Failed.
[01:56:52]  Ping Failed.
[01:57:00]  Ping Failed.
[01:57:07]  Ping Failed.
[01:57:14]  Ping Failed.
[01:57:22]  Ping Failed.
[01:57:29]  Ping Failed.
[01:57:36]  Ping Failed.
[01:57:44]  Ping Failed.
[01:57:51]  Ping Failed.
[01:57:58]  Ping Failed.
[01:58:05]  Ping Failed.
[01:58:11]  Tracking : Az 5, El 0.
[01:58:13]  Tracking : Az 5, El 0.
[01:58:13]  Ping Failed.
[01:58:15]  Tracking : Az 5, El 0.
[01:58:17]  Tracking : Az 5, El 0.
[01:58:19]  Tracking : Az 5, El 0.
[01:58:20]  Ping Failed.
[01:58:21]  Tracking : Az 5, El 0.
[01:58:23]  Tracking : Az 5, El 0.
[01:58:25]  Tracking : Az 5, El 0.
[01:58:27]  Tracking : Az 5, El 0.
[01:58:27]  Ping Failed.
[01:58:29]  Tracking : Az 5, El 0.
[01:58:31]  Tracking : Az 5, El 0.
[01:58:35]  Ping Failed.
[01:58:42]  Ping Failed.
[01:58:49]  Ping Failed.
[01:58:57]  Ping Failed.
[01:59:04]  Ping Failed.
[01:59:10]  Tracking : Az 4, El 3.
[01:59:10]  Ping Success at node 5, 475ms
[01:59:12]  Tracking : Az 4, El 3.
[01:59:17]  Ping Failed.
[01:59:24]  Ping Failed.
[01:59:30]  Ping Success at node 5, 465ms
[01:59:35]  Ping Success at node 5, 472ms
[01:59:41]  Ping Success at node 5, 471ms
[01:59:46]  Ping Success at node 5, 471ms
[01:59:50]  Tracking : Az 3, El 6.
[01:59:51]  [OK]CMD Packet Header: 0x18 0x75 0xc0 0x0 0x0 0x1 0x14 0x47
[01:59:51]  [Auto]EPS P60 DOCK GET TABLE HK Command Sent (1/2)
[01:59:52]  Tracking : Az 2, El 6.
[01:59:52]  Ping Success at node 5, 583ms
[02:00:01]  [OK]CMD Packet Header: 0x18 0x75 0xc0 0x0 0x0 0x1 0x14 0x47
[02:00:02]  [Auto]EPS P60 DOCK GET TABLE HK Command Sent (2/2)
[02:00:02]  Received Report from port : 25.
[02:00:04]  Received Report from port : 25.
[02:00:06]  Received Report from port : 25.
[02:00:12]  [OK]CMD Packet Header: 0x18 0x75 0xc0 0x0 0x0 0x1 0x17 0x44
[02:00:12]  [Auto]EPS P60 PDU GET TABLE HK Command Sent (1/2)
[02:00:13]  Received Report from port : 25.
[02:00:15]  Received Report from port : 25.
[02:00:17]  Received Report from port : 25.
[02:00:22]  [OK]CMD Packet Header: 0x18 0x75 0xc0 0x0 0x0 0x1 0x17 0x44
[02:00:23]  [Auto]EPS P60 PDU GET TABLE HK Command Sent (2/2)
[02:00:23]  Received Report from port : 25.
[02:00:25]  Received Report from port : 25.
[02:00:26]  Tracking : Az 1, El 9.
[02:00:27]  Received Report from port : 25.
[02:00:28]  Tracking : Az 1, El 9.
[02:00:33]  [OK]CMD Packet Header: 0x18 0x75 0xc0 0x0 0x0 0x1 0x1a 0x0
[02:00:33]  [Auto]EPS P60 ACU GET TABLE HK Command Sent (1/2)
[02:00:33]  Received Report from port : 25.
[02:00:35]  Received Report from port : 25.
[02:00:37]  Received Report from port : 25.
[02:00:43]  [OK]CMD Packet Header: 0x18 0x75 0xc0 0x0 0x0 0x1 0x1a 0x0
[02:00:43]  [Auto]EPS P60 ACU GET TABLE HK Command Sent (2/2)
[02:00:44]  Received Report from port : 25.
[02:00:46]  Tracking : Az 0, El 11.
[02:00:46]  Received Report from port : 25.
[02:00:48]  Tracking : Az 0, El 11.
[02:00:48]  Received Report from port : 25.
[02:00:52]  Tracking : Az 359, El 11.
[02:00:53]  [Auto]Start GND WDT reset sequence
[02:00:53]  [OK]CMD Packet Header: 0x18 0x50 0xc0 0x0 0x0 0x1 0x6 0x70
[02:00:54]  [Auto]AX100 GND WDT CMD sent (1/2)
[02:00:54]  Tracking : Az 359, El 11.
[02:00:54]  Received Report from port : 25.
[02:00:56]  Tracking : Az 359, El 12.
[02:00:56]  Received Report from port : 25.
[02:00:58]  Tracking : Az 359, El 12.
[02:00:58]  Received Report from port : 25.
[02:01:00]  Tracking : Az 359, El 12.
[02:01:02]  Tracking : Az 359, El 12.
[02:01:04]  [OK]CMD Packet Header: 0x18 0x50 0xc0 0x0 0x0 0x1 0x6 0x70
[02:01:04]  Tracking : Az 359, El 12.
[02:01:04]  [Auto]AX100 GND WDT CMD sent (2/2)
[02:01:06]  Tracking : Az 358, El 13.
[02:01:08]  Tracking : Az 358, El 13.
[02:01:10]  Tracking : Az 358, El 13.
[02:01:12]  Tracking : Az 358, El 13.
[02:01:14]  Tracking : Az 358, El 14.
[02:01:14]  [OK]CMD Packet Header: 0x18 0x75 0xc0 0x0 0x0 0x5 0x1e 0xa2
[02:01:14]  [Auto]EPS P60 DOCK GND WDT CMD sent (1/2)
[02:01:16]  Tracking : Az 358, El 14.
[02:01:18]  Tracking : Az 358, El 14.
[02:01:20]  Tracking : Az 357, El 14.
[02:01:22]  Tracking : Az 357, El 14.
[02:01:24]  Tracking : Az 357, El 15.
[02:01:24]  [OK]CMD Packet Header: 0x18 0x75 0xc0 0x0 0x0 0x5 0x1e 0xa2
[02:01:25]  [Auto]EPS P60 DOCK GND WDT CMD sent (2/2)
[02:01:26]  Tracking : Az 357, El 15.
[02:01:28]  Tracking : Az 357, El 15.
[02:01:30]  Tracking : Az 357, El 15.
[02:01:32]  Tracking : Az 356, El 16.
[02:01:34]  Tracking : Az 356, El 16.
[02:01:35]  [Auto]GND WDT sequence completed
[02:01:35]  [OK]CMD Packet Header: 0x18 0x75 0xc0 0x0 0x0 0x1 0x14 0x47
[02:01:35]  [Auto]EPS P60 DOCK GET TABLE HK Command Sent (1/2)
[02:01:36]  Tracking : Az 356, El 16.
[02:01:38]  Tracking : Az 356, El 17.
[02:01:40]  Tracking : Az 356, El 17.
[02:01:42]  Tracking : Az 355, El 17.
[02:01:44]  Tracking : Az 355, El 17.
[02:01:45]  [OK]CMD Packet Header: 0x18 0x75 0xc0 0x0 0x0 0x1 0x14 0x47
[02:01:45]  [Auto]EPS P60 DOCK GET TABLE HK Command Sent (2/2)
[02:01:46]  Tracking : Az 355, El 18.
[02:01:48]  Tracking : Az 355, El 18.
[02:01:50]  Tracking : Az 355, El 18.
[02:01:52]  Tracking : Az 354, El 18.
[02:01:55]  [OK]CMD Packet Header: 0x18 0x75 0xc0 0x0 0x0 0x1 0x17 0x44
[02:01:56]  [Auto]EPS P60 PDU GET TABLE HK Command Sent (1/2)
[02:01:56]  Received Report from port : 25.
[02:01:58]  Received Report from port : 25.
[02:02:00]  Received Report from port : 25.
[02:02:06]  [OK]CMD Packet Header: 0x18 0x75 0xc0 0x0 0x0 0x1 0x17 0x44
[02:02:06]  Tracking : Az 353, El 21.
[02:02:06]  [Auto]EPS P60 PDU GET TABLE HK Command Sent (2/2)
[02:02:06]  Received Report from port : 25.
[02:02:08]  Tracking : Az 352, El 21.
[02:02:08]  Received Report from port : 25.
[02:02:10]  Received Report from port : 25.
[02:02:16]  [OK]CMD Packet Header: 0x18 0x75 0xc0 0x0 0x0 0x1 0x1a 0x0
[02:02:16]  [Auto]EPS P60 ACU GET TABLE HK Command Sent (1/2)
[02:02:17]  Received Report from port : 25.
[02:02:18]  Tracking : Az 351, El 23.
[02:02:19]  Received Report from port : 25.
[02:02:21]  Received Report from port : 25.
[02:02:26]  [OK]CMD Packet Header: 0x18 0x75 0xc0 0x0 0x0 0x1 0x1a 0x0
[02:02:27]  [Auto]EPS P60 ACU GET TABLE HK Command Sent (2/2)
[02:02:27]  Received Report from port : 25.
[02:02:29]  Received Report from port : 25.
[02:02:31]  Received Report from port : 25.
[02:02:33]  Tracking : Az 348, El 25.
[02:02:45]  Tracking : Az 346, El 28.
[02:02:47]  Tracking : Az 346, El 28.
[02:02:52]  Tracking : Az 344, El 29.
[02:03:04]  Tracking : Az 341, El 32.
[02:03:07]  Tracking : Az 340, El 32.
[02:03:17]  Tracking : Az 337, El 35.
[02:03:19]  Tracking : Az 337, El 35.
[02:03:25]  Tracking : Az 334, El 37.
[02:03:27]  Tracking : Az 333, El 37.
[02:03:34]  Tracking : Az 330, El 39.
[02:03:37]  Tracking : Az 329, El 40.
[02:03:43]  Tracking : Az 326, El 41.
[02:03:45]  Tracking : Az 325, El 42.
[02:03:48]  Tracking : Az 323, El 42.
[02:03:53]  Tracking : Az 320, El 44.
[02:03:55]  Tracking : Az 319, El 44.
[02:04:00]  Tracking : Az 316, El 45.
[02:04:02]  Tracking : Az 315, El 46.
[02:04:07]  Tracking : Az 311, El 47.
[02:04:09]  Tracking : Az 310, El 47.
[02:04:12]  Tracking : Az 307, El 47.
[02:04:14]  Tracking : Az 306, El 48.
[02:04:17]  Tracking : Az 303, El 48.
[02:04:19]  Tracking : Az 302, El 48.
[02:04:22]  Tracking : Az 299, El 49.
[02:04:24]  Tracking : Az 297, El 49.
[02:04:27]  Tracking : Az 295, El 49.
[02:04:29]  Tracking : Az 293, El 49.
[02:04:34]  Tracking : Az 288, El 50.
[02:04:36]  Tracking : Az 287, El 50.
[02:04:39]  Tracking : Az 284, El 50.
[02:04:41]  Tracking : Az 282, El 50.
[02:04:44]  Tracking : Az 279, El 50.
[02:04:46]  Tracking : Az 277, El 49.
[02:04:49]  Tracking : Az 275, El 49.
[02:04:51]  Tracking : Az 273, El 49.
[02:04:53]  Tracking : Az 271, El 49.
[02:04:58]  Tracking : Az 267, El 48.
[02:05:00]  Tracking : Az 266, El 48.
[02:05:03]  Tracking : Az 263, El 47.
[02:05:06]  Tracking : Az 261, El 47.
[02:05:08]  Tracking : Az 259, El 46.
[02:05:11]  Tracking : Az 257, El 46.
[02:05:14]  Tracking : Az 255, El 45.
[02:05:17]  Tracking : Az 253, El 45.
[02:05:20]  Tracking : Az 251, El 44.
