2025-12-25 01:57
[01:57:11]  Connect to Switch Box.............Success.
[01:57:11]  Connect to Rotator................Success.
[01:57:11]  Connect to GS100..................Success.
[01:57:11]  TM Port 13 bind success.
[01:57:11]  BCN Port 31 bind success.
[01:57:11]  RPT Port 25 bind success.
[01:57:11]  Event Port 27 bind success.
[01:57:11]  COSMIC Beacon Port 23 bind success.
[01:57:11]  COSMIC Report Port 24 bind success.
[01:57:25]  TLE "cubesat" Download Completed.
[01:57:33]  Start Engaging.
[01:57:56]  Finish Engaging.
[01:57:56]  Beacon Success : 0, Ping Success : 0
[01:58:21]  Tracking : Az 359, El 5.
[02:10:39]  Start Engaging.
[02:10:39]  Tracking : Az 357, El 7.
[02:10:41]  Tracking : Az 357, El 7.
[02:10:42]  Start Doppler Correction.
[02:10:46]  Forked Safe Amplifier Process.(ON, Timer)
[02:10:52]  Ping Success at node 5, 471ms
[02:11:02]  Tracking : Az 356, El 9.
[02:11:04]  Tracking : Az 356, El 9.
[02:11:08]  [OK]CMD Packet Header: 0x18 0x75 0xc0 0x0 0x0 0x1 0x14 0x47
[02:11:18]  Ping Success at node 5, 461ms
[02:11:20]  [OK]CMD Packet Header: 0x18 0x75 0xc0 0x0 0x0 0x1 0x14 0x47
[02:11:24]  Tracking : Az 354, El 11.
[02:11:26]  Tracking : Az 354, El 11.
[02:11:30]  Ping Success at node 5, 466ms
[02:11:34]  AX100 Boot Count : 188
[02:11:36]  [OK]CMD Packet Header: 0x18 0x75 0xc0 0x0 0x0 0x1 0x14 0x47
[02:11:48]  [OK]CMD Packet Header: 0x18 0x75 0xc0 0x0 0x0 0x1 0x14 0x47
[02:11:49]  Tracking : Az 351, El 13.
[02:11:51]  Tracking : Az 351, El 13.
[02:11:59]  [OK]CMD Packet Header: 0x18 0x75 0xc0 0x0 0x0 0x1 0x14 0x47
[02:12:11]  Tracking : Az 349, El 16.
[02:12:13]  Tracking : Az 348, El 16.
[02:12:14]  [OK]CMD Packet Header: 0x18 0x75 0xc0 0x0 0x0 0x1 0x14 0x47
[02:12:25]  [OK]CMD Packet Header: 0x18 0x75 0xc0 0x0 0x0 0x1 0x14 0x47
[02:12:28]  Tracking : Az 346, El 18.
[02:12:30]  Tracking : Az 346, El 18.
[02:12:39]  [OK]CMD Packet Header: 0x18 0x75 0xc0 0x0 0x0 0x1 0x14 0x47
[02:12:44]  Ping Success at node 5, 470ms
[02:12:50]  Tracking : Az 342, El 21.
[02:12:52]  Tracking : Az 342, El 21.
[02:13:04]  Tracking : Az 339, El 23.
[02:13:06]  Tracking : Az 339, El 23.
[02:13:16]  [OK]CMD Packet Header: 0x18 0x0 0xc0 0x0 0x0 0x55 0x7 0x7d
[02:13:17]  Tracking : Az 336, El 24.
[02:13:19]  Tracking : Az 336, El 25.
[02:13:28]  Tracking : Az 333, El 26.
[02:13:30]  Tracking : Az 333, El 27.
[02:13:34]  Tracking : Az 331, El 27.
[02:13:37]  [OK]CMD Packet Header: 0x18 0x75 0xc0 0x0 0x0 0x1 0x14 0x47
[02:13:38]  Received Report from port : 25.
[02:13:39]  Received Report from port : 25.
[02:13:39]  Received Report from port : 25.
[02:13:44]  Tracking : Az 328, El 29.
[02:13:46]  Tracking : Az 328, El 29.
[02:13:52]  Tracking : Az 325, El 30.
[02:13:54]  Tracking : Az 325, El 30.
[02:14:00]  Tracking : Az 322, El 31.
[02:14:02]  Tracking : Az 321, El 32.
[02:14:09]  Tracking : Az 318, El 33.
[02:14:11]  Tracking : Az 317, El 33.
[02:14:18]  Tracking : Az 314, El 34.
[02:14:20]  Tracking : Az 313, El 34.
[02:14:26]  Tracking : Az 310, El 35.
[02:14:28]  Tracking : Az 309, El 35.
[02:14:34]  Tracking : Az 306, El 36.
[02:14:36]  Tracking : Az 305, El 36.
[02:14:39]  Tracking : Az 303, El 36.
[02:14:42]  Tracking : Az 301, El 37.
[02:14:47]  Tracking : Az 298, El 37.
[02:14:49]  Tracking : Az 297, El 37.
[02:14:50]  [OK]CMD Packet Header: 0x18 0x20 0xc0 0x0 0x0 0x5 0x7 0x1
[02:14:55]  Tracking : Az 294, El 37.
[02:14:57]  Tracking : Az 292, El 37.
[02:15:03]  Tracking : Az 289, El 38.
[02:15:05]  Tracking : Az 288, El 38.
[02:15:11]  Tracking : Az 284, El 38.
[02:15:13]  Tracking : Az 283, El 37.
[02:15:15]  Tracking : Az 281, El 37.
[02:15:20]  Tracking : Az 278, El 37.
[02:15:22]  Tracking : Az 277, El 37.
[02:15:28]  Tracking : Az 274, El 37.
[02:15:30]  Tracking : Az 273, El 37.
[02:15:31]  !!!!!!!!!Received Mission Beacon from port : 31.!!!!!!!!!
[02:15:34]  Tracking : Az 270, El 36.
[02:15:36]  Tracking : Az 269, El 36.
[02:15:42]  Tracking : Az 266, El 35.
[02:15:44]  Tracking : Az 265, El 35.
[02:15:47]  Tracking : Az 263, El 35.
[02:15:55]  Tracking : Az 259, El 34.
[02:15:57]  Tracking : Az 258, El 33.
[02:16:04]  Tracking : Az 255, El 32.
[02:16:06]  Tracking : Az 254, El 32.
[02:16:10]  Tracking : Az 252, El 32.
[02:16:12]  !!!!!!!!!Received Mission Beacon from port : 31.!!!!!!!!!
[02:16:18]  Tracking : Az 249, El 30.
[02:16:20]  [OK]CMD Packet Header: 0x18 0x20 0xc0 0x0 0x0 0x5 0x6 0x0
[02:16:20]  Tracking : Az 248, El 30.
[02:16:29]  Tracking : Az 245, El 29.
[02:16:31]  Tracking : Az 245, El 28.
[02:16:38]  Tracking : Az 242, El 27.
[02:16:40]  Tracking : Az 242, El 27.
[02:16:44]  Tracking : Az 240, El 26.
[02:16:55]  Tracking : Az 237, El 24.
[02:16:57]  Tracking : Az 237, El 24.
[02:17:08]  Tracking : Az 234, El 22.
[02:17:09]  [OK]CMD Packet Header: 0x18 0x65 0xc0 0x0 0x0 0x1 0x53 0x10
[02:17:10]  Received Report from port : 25.
[02:17:10]  Tracking : Az 234, El 22.
[02:17:10]  Received Report from port : 25.
[02:17:11]  Received Report from port : 25.
[02:17:17]  Tracking : Az 232, El 21.
[02:17:25]  [OK]CMD Packet Header: 0x18 0x65 0xc0 0x0 0x0 0x1 0x54 0x17
[02:17:26]  Received Report from port : 25.
[02:17:27]  Received Report from port : 25.
[02:17:27]  Received Report from port : 25.
[02:17:32]  Tracking : Az 229, El 19.
[02:17:44]  [OK]CMD Packet Header: 0x18 0x65 0xc0 0x0 0x0 0x1 0x54 0x17
[02:17:44]  Tracking : Az 227, El 17.
[02:17:45]  Received Report from port : 25.
[02:17:45]  Received Report from port : 25.
[02:17:45]  Received Report from port : 25.
[02:17:46]  Tracking : Az 227, El 17.
[02:18:05]  Tracking : Az 224, El 15.
[02:18:17]  [OK]CMD Packet Header: 0x18 0x65 0xc0 0x0 0x0 0x1 0x54 0x17
[02:18:18]  Received Report from port : 25.
[02:18:19]  Received Report from port : 25.
[02:18:19]  Received Report from port : 25.
[02:18:27]  Tracking : Az 222, El 12.
[02:18:51]  Tracking : Az 219, El 10.
[02:18:53]  Tracking : Az 219, El 10.
[02:19:17]  [OK]CMD Packet Header: 0x18 0x75 0xc0 0x0 0x0 0x1 0x14 0x47
[02:19:18]  Received Report from port : 25.
[02:19:18]  Received Report from port : 25.
[02:19:19]  Received Report from port : 25.
[02:19:20]  Tracking : Az 217, El 7.
[02:19:22]  Tracking : Az 217, El 7.
[02:19:37]  [OK]CMD Packet Header: 0x18 0x75 0xc0 0x0 0x0 0x5 0x1e 0xa2
[02:19:38]  Received Report from port : 25.
[02:19:38]  Received Report from port : 25.
[02:19:38]  Received Report from port : 25.
[02:19:47]  [OK]CMD Packet Header: 0x18 0x50 0xc0 0x0 0x0 0x1 0x6 0x70
[02:19:47]  Received Report from port : 25.
[02:19:48]  Received Report from port : 25.
[02:19:48]  Received Report from port : 25.
[02:20:00]  Tracking : Az 214, El 4.
[02:20:02]  [OK]CMD Packet Header: 0x18 0x75 0xc0 0x0 0x0 0x1 0x14 0x47
[02:20:03]  Received Report from port : 25.
[02:20:04]  Received Report from port : 25.
[02:20:04]  Received Report from port : 25.
[02:20:33]  Forked Safe Amplifier Process. (OFF)
[02:20:38]  Finish Engaging.
[02:20:38]  Beacon Success : 0, Ping Success : 4
[02:20:40]  Tracking : Az 0, El 0.
[10:30:52]  TLE "cubesat" Download Completed.
