2026-01-17 12:24
[12:24:12]  Connect to Switch Box.............Success.
[12:24:12]  Connect to Rotator................Success.
[12:24:12]  Connect to GS100..................Success.
[12:24:12]  TM Port 13 bind success.
[12:24:12]  BCN Port 31 bind success.
[12:24:12]  RPT Port 25 bind success.
[12:24:12]  Event Port 27 bind success.
[12:24:12]  COSMIC Beacon Port 23 bind success.
[12:24:12]  COSMIC Report Port 24 bind success.
[12:24:47]  TLE "active" Download Completed.
[12:24:57]  Start Engaging.
[12:24:57]  Tracking : Az 176, El 0.
[12:24:59]  Tracking : Az 176, El 0.
[12:25:01]  Tracking : Az 176, El 0.
[12:25:03]  Tracking : Az 176, El 0.
[12:25:05]  Tracking : Az 176, El 0.
[12:25:07]  Tracking : Az 176, El 0.
[12:25:09]  Tracking : Az 176, El 0.
[12:25:11]  Tracking : Az 176, El 0.
[12:25:13]  Tracking : Az 176, El 0.
[12:25:15]  Tracking : Az 176, El 0.
[12:25:17]  Tracking : Az 176, El 0.
[12:25:19]  Tracking : Az 176, El 0.
[12:25:21]  Tracking : Az 176, El 0.
[12:25:23]  Tracking : Az 176, El 0.
[12:25:25]  Tracking : Az 176, El 0.
[12:25:27]  Tracking : Az 176, El 0.
[12:25:29]  Tracking : Az 176, El 0.
[13:04:34]  Start Doppler Correction.
[13:07:01]  Forked Safe Amplifier Process.(ON, Timer)
[13:07:15]  Ping Success at node 5, 481ms
[13:07:17]  [OK]CMD Packet Header: 0x18 0x75 0xc0 0x0 0x0 0x1 0x14 0x47
[13:07:25]  Ping Success at node 5, 481ms
[13:07:31]  Cannot Load Remote Parameter.
[13:07:37]  Ping Failed.
[13:07:42]  Tracking : Az 177, El 3.
[13:07:44]  Tracking : Az 177, El 3.
[13:08:22]  Tracking : Az 178, El 6.
[13:08:24]  Tracking : Az 178, El 6.
[13:08:29]  [OK]CMD Packet Header: 0x18 0x75 0xc0 0x0 0x0 0x1 0x14 0x47
[13:08:37]  Ping Failed.
[13:08:43]  Ping Success at node 5, 468ms
[13:08:45]  [OK]CMD Packet Header: 0x18 0x75 0xc0 0x0 0x0 0x1 0x14 0x47
[13:08:46]  Received Report from port : 25.
[13:08:55]  [OK]CMD Packet Header: 0x18 0x75 0xc0 0x0 0x0 0x1 0x14 0x47
[13:08:56]  Received Report from port : 25.
[13:08:57]  Tracking : Az 180, El 9.
[13:08:58]  Received Report from port : 25.
[13:08:59]  Tracking : Az 180, El 9.
[13:09:00]  Received Report from port : 25.
[13:09:10]  [OK]CMD Packet Header: 0x18 0x75 0xc0 0x0 0x0 0x5 0x1e 0xa2
[13:09:11]  Received Report from port : 25.
[13:09:13]  Received Report from port : 25.
[13:09:15]  Received Report from port : 25.
[13:09:17]  Tracking : Az 181, El 11.
[13:09:21]  [OK]CMD Packet Header: 0x18 0x50 0xc0 0x0 0x0 0x1 0x6 0x70
[13:09:22]  Received Report from port : 25.
[13:09:24]  Received Report from port : 25.
[13:09:26]  Received Report from port : 25.
[13:09:36]  Tracking : Az 182, El 13.
[13:09:37]  [OK]CMD Packet Header: 0x18 0x75 0xc0 0x0 0x0 0x1 0x14 0x47
[13:09:38]  Received Report from port : 25.
[13:09:40]  Received Report from port : 25.
[13:09:42]  Received Report from port : 25.
[13:09:54]  [OK]CMD Packet Header: 0x18 0x75 0xc0 0x0 0x0 0x5 0x1e 0xa2
[13:09:55]  Received Report from port : 25.
[13:09:57]  Received Report from port : 25.
[13:09:59]  Received Report from port : 25.
[13:10:01]  Tracking : Az 184, El 16.
[13:10:03]  Tracking : Az 184, El 16.
[13:10:04]  [OK]CMD Packet Header: 0x18 0x75 0xc0 0x0 0x0 0x1 0x14 0x47
[13:10:05]  Received Report from port : 25.
[13:10:07]  Received Report from port : 25.
[13:10:09]  Received Report from port : 25.
[13:10:16]  Tracking : Az 185, El 18.
[13:10:22]  [OK]CMD Packet Header: 0x18 0x31 0xc0 0x0 0x0 0x1 0x0 0x17
[13:10:23]  Received Report from port : 25.
[13:10:25]  Received Report from port : 25.
[13:10:27]  Received Report from port : 25.
[13:10:29]  Received Report from port : 25.
[13:10:31]  Received Report from port : 25.
[13:10:33]  Received Report from port : 25.
[13:10:36]  Tracking : Az 187, El 21.
[13:10:38]  [OK]CMD Packet Header: 0x18 0x31 0xc0 0x0 0x0 0x7 0xa 0xf8
[13:10:38]  Tracking : Az 187, El 21.
[13:10:48]  Tracking : Az 188, El 23.
[13:10:50]  Tracking : Az 188, El 23.
[13:10:58]  Ping Success at node 5, 463ms
[13:10:59]  Tracking : Az 190, El 25.
[13:11:01]  Tracking : Az 190, El 25.
[13:11:09]  Tracking : Az 191, El 27.
[13:11:22]  Tracking : Az 194, El 29.
[13:11:24]  Tracking : Az 194, El 30.
[13:11:35]  Tracking : Az 197, El 32.
[13:11:37]  Tracking : Az 197, El 33.
[13:11:47]  Tracking : Az 200, El 35.
[13:11:49]  Tracking : Az 200, El 36.
[13:11:56]  Tracking : Az 203, El 38.
[13:11:58]  Tracking : Az 203, El 39.
[13:12:02]  Tracking : Az 205, El 40.
[13:12:04]  Tracking : Az 206, El 40.
[13:12:06]  [OK]CMD Packet Header: 0x18 0x75 0xc0 0x0 0x0 0x1 0x14 0x47
[13:12:09]  Tracking : Az 208, El 42.
[13:12:11]  Tracking : Az 209, El 42.
[13:12:13]  Ping Failed.
[13:12:18]  Tracking : Az 212, El 44.
[13:12:19]  Ping Failed.
[13:12:20]  Tracking : Az 213, El 45.
[13:12:25]  Tracking : Az 216, El 46.
[13:12:27]  Tracking : Az 217, El 47.
[13:12:29]  Ping Success at node 5, 457ms
[13:12:31]  Tracking : Az 220, El 48.
[13:12:33]  Tracking : Az 221, El 49.
[13:12:35]  [OK]CMD Packet Header: 0x18 0x75 0xc0 0x0 0x0 0x1 0x14 0x47
[13:12:36]  Received Report from port : 25.
[13:12:36]  Tracking : Az 223, El 50.
[13:12:38]  Received Report from port : 25.
[13:12:38]  Tracking : Az 225, El 50.
[13:12:40]  Received Report from port : 25.
[13:12:41]  Tracking : Az 227, El 51.
[13:12:43]  Tracking : Az 229, El 51.
[13:12:46]  Tracking : Az 231, El 52.
[13:12:48]  Tracking : Az 233, El 53.
[13:12:50]  Tracking : Az 235, El 53.
[13:12:52]  Tracking : Az 237, El 53.
[13:12:54]  Tracking : Az 239, El 54.
[13:12:55]  [OK]CMD Packet Header: 0x18 0x31 0xc0 0x0 0x0 0x1 0x0 0x17
[13:12:56]  Tracking : Az 241, El 54.
[13:12:58]  Tracking : Az 243, El 55.
[13:13:01]  Tracking : Az 246, El 55.
[13:13:02]  Ping Success at node 5, 458ms
[13:13:03]  Tracking : Az 248, El 55.
[13:13:05]  [OK]CMD Packet Header: 0x18 0x31 0xc0 0x0 0x0 0x1 0x0 0x17
[13:13:05]  Tracking : Az 250, El 55.
[13:13:07]  Tracking : Az 252, El 55.
[13:13:09]  Tracking : Az 254, El 56.
[13:13:11]  Tracking : Az 257, El 56.
[13:13:13]  Tracking : Az 259, El 56.
[13:13:15]  Tracking : Az 261, El 56.
[13:13:17]  Tracking : Az 263, El 56.
[13:13:19]  Tracking : Az 266, El 56.
[13:13:19]  Ping Failed.
[13:13:21]  Tracking : Az 268, El 55.
[13:13:23]  Tracking : Az 270, El 55.
[13:13:25]  Tracking : Az 272, El 55.
[13:13:27]  Tracking : Az 274, El 55.
[13:13:29]  Tracking : Az 276, El 54.
[13:13:31]  Tracking : Az 278, El 54.
[13:13:33]  Tracking : Az 280, El 54.
[13:13:35]  Tracking : Az 282, El 53.
[13:13:37]  Ping Failed.
[13:13:37]  Tracking : Az 284, El 53.
[13:13:39]  Tracking : Az 286, El 53.
[13:13:41]  Tracking : Az 288, El 52.
[13:13:43]  Tracking : Az 289, El 52.
[13:13:46]  Tracking : Az 292, El 51.
[13:13:46]  Ping Success at node 5, 465ms
[13:13:48]  Tracking : Az 293, El 50.
[13:13:50]  [OK]CMD Packet Header: 0x18 0x31 0xc0 0x0 0x0 0x1 0x0 0x17
[13:13:51]  Tracking : Az 296, El 50.
[13:13:53]  Tracking : Az 297, El 49.
[13:13:56]  Tracking : Az 299, El 48.
[13:13:58]  Tracking : Az 300, El 48.
[13:14:04]  Tracking : Az 304, El 46.
[13:14:05]  Ping Failed.
[13:14:06]  Tracking : Az 305, El 45.
[13:14:09]  Tracking : Az 307, El 44.
[13:14:11]  Tracking : Az 308, El 44.
[13:14:17]  Tracking : Az 310, El 42.
[13:14:19]  Tracking : Az 311, El 41.
[13:14:21]  Ping Success at node 5, 1021ms
[13:14:25]  Tracking : Az 314, El 40.
[13:14:27]  Tracking : Az 315, El 39.
[13:14:31]  Ping Success at node 5, 467ms
[13:14:34]  [OK]CMD Packet Header: 0x18 0x31 0xc0 0x0 0x0 0x1 0x0 0x17
[13:14:36]  Tracking : Az 318, El 36.
[13:14:38]  Tracking : Az 318, El 36.
[13:14:43]  Tracking : Az 320, El 35.
[13:14:55]  Tracking : Az 323, El 32.
[13:14:57]  Tracking : Az 323, El 31.
[13:14:58]  [OK]CMD Packet Header: 0x18 0x75 0xc0 0x0 0x0 0x1 0x14 0x47
[13:14:59]  Received Report from port : 25.
[13:15:01]  Received Report from port : 25.
[13:15:03]  Received Report from port : 25.
[13:15:09]  Tracking : Az 326, El 28.
[13:15:11]  Tracking : Az 326, El 28.
[13:15:20]  Tracking : Az 328, El 26.
[13:15:22]  Tracking : Az 328, El 26.
[13:15:27]  [OK]CMD Packet Header: 0x18 0x31 0xc0 0x0 0x0 0x1 0x0 0x17
[13:15:34]  Tracking : Az 330, El 23.
[13:15:36]  Tracking : Az 330, El 23.
[13:15:52]  Tracking : Az 332, El 20.
[13:15:54]  Tracking : Az 332, El 20.
[13:15:55]  [OK]CMD Packet Header: 0x18 0x15 0xc0 0x0 0x0 0x45 0xa 0x3c
[13:15:55]  Received GETFILEINFO Response from port : 23.

[13:16:12]  Tracking : Az 334, El 17.
[13:16:14]  Tracking : Az 334, El 17.
[13:16:19]  [OK]CMD Packet Header: 0x18 0x15 0xc0 0x0 0x0 0x45 0xa 0x3c
[13:16:19]  Received GETFILEINFO Response from port : 23.

[13:16:31]  [OK]CMD Packet Header: 0x18 0x31 0xc0 0x0 0x0 0x1 0x0 0x17
[13:16:35]  Tracking : Az 336, El 14.
[13:17:01]  Tracking : Az 337, El 11.
[13:17:23]  Tracking : Az 339, El 9.
[13:17:25]  Tracking : Az 339, El 9.
[13:17:56]  [OK]CMD Packet Header: 0x18 0x0 0xc0 0x0 0x0 0x71 0x4 0xd
[13:18:06]  Tracking : Az 340, El 5.
[13:18:08]  Tracking : Az 340, El 5.
[13:18:10]  Ping Failed.
[13:18:16]  Ping Failed.
[13:18:22]  Ping Failed.
[13:18:27]  Ping Failed.
[13:18:48]  Tracking : Az 342, El 2.
[13:18:50]  Tracking : Az 342, El 2.
[13:19:16]  Ping Failed.
[13:19:20]  Forked Safe Amplifier Process. (OFF)
[13:19:24]  Finish Engaging.
[13:19:24]  Beacon Success : 0, Ping Success : 9
[13:19:25]  Tracking : Az 0, El 0.
[00:48:49]  Start Engaging.
[00:48:49]  Tracking : Az 26, El 0.
[00:48:51]  Start Doppler Correction.
[00:48:51]  Tracking : Az 26, El 0.
[00:48:53]  Tracking : Az 26, El 0.
[00:51:58]  Forked Safe Amplifier Process.(ON, Timer)
[00:52:12]  Ping Failed.
[00:52:19]  Ping Failed.
[00:52:29]  Ping Failed.
[00:52:39]  Ping Failed.
[00:52:45]  Tracking : Az 30, El 3.
[00:52:47]  Tracking : Az 30, El 3.
[00:52:48]  Ping Failed.
[00:52:55]  Ping Failed.
[00:53:01]  Ping Failed.
[00:53:11]  Ping Failed.
[00:53:19]  Tracking : Az 33, El 5.
[00:53:27]  Ping Failed.
[00:53:37]  Ping Failed.
[00:53:44]  Tracking : Az 35, El 7.
[00:53:47]  Ping Success at node 5, 474ms
[00:53:49]  [OK]CMD Packet Header: 0x18 0x15 0xc0 0x0 0x0 0x45 0xa 0x3c
[00:53:50]  Received GETFILEINFO Response from port : 23.

[00:54:07]  [OK]CMD Packet Header: 0x18 0x31 0xc0 0x0 0x0 0x1 0x0 0x17
[00:54:11]  Tracking : Az 38, El 9.
[00:54:12]  Ping Success at node 5, 473ms
[00:54:22]  [OK]CMD Packet Header: 0x18 0x0 0xc0 0x0 0x0 0x71 0x4 0xd
[00:54:27]  Tracking : Az 41, El 10.
[00:54:39]  [OK]CMD Packet Header: 0x18 0x31 0xc0 0x0 0x0 0x1 0x0 0x17
[00:54:43]  Ping Success at node 5, 464ms
[00:54:46]  Tracking : Az 44, El 11.
[00:55:01]  Tracking : Az 46, El 13.
[00:55:03]  [OK]CMD Packet Header: 0x18 0x75 0xc0 0x0 0x0 0x1 0x14 0x47
[00:55:04]  Received Report from port : 25.
[00:55:06]  Received Report from port : 25.
[00:55:08]  Received Report from port : 25.
[00:55:15]  Tracking : Az 49, El 14.
[00:55:29]  Tracking : Az 52, El 15.
[00:55:35]  [OK]CMD Packet Header: 0x18 0x0 0xc0 0x0 0x0 0x71 0x4 0xd
[00:55:43]  Tracking : Az 55, El 16.
[00:55:49]  [OK]CMD Packet Header: 0x18 0x31 0xc0 0x0 0x0 0x1 0x0 0x17
[00:55:55]  Tracking : Az 58, El 17.
[00:56:07]  Tracking : Az 61, El 18.
[00:56:18]  Tracking : Az 64, El 19.
[00:56:24]  Tracking : Az 66, El 20.
[00:56:32]  Tracking : Az 68, El 20.
[00:56:37]  [OK]CMD Packet Header: 0x18 0x0 0xc0 0x0 0x0 0x71 0x4 0xd
[00:56:40]  Tracking : Az 71, El 21.
[00:56:42]  Ping Success at node 5, 462ms
[00:56:43]  Tracking : Az 72, El 21.
[00:56:49]  Tracking : Az 74, El 22.
[00:56:51]  [OK]CMD Packet Header: 0x18 0x31 0xc0 0x0 0x0 0x1 0x0 0x17
[00:56:52]  Tracking : Az 75, El 22.
[00:56:58]  Tracking : Az 77, El 22.
[00:57:04]  Tracking : Az 79, El 22.
[00:57:09]  Tracking : Az 81, El 23.
[00:57:12]  Tracking : Az 82, El 23.
[00:57:17]  Tracking : Az 84, El 23.
[00:57:25]  [OK]CMD Packet Header: 0x18 0x31 0xc0 0x0 0x0 0x7 0xa 0xf8
[00:57:25]  Tracking : Az 87, El 23.
[00:57:33]  Tracking : Az 90, El 23.
[00:57:40]  Tracking : Az 93, El 24.
[00:57:43]  Tracking : Az 94, El 24.
[00:57:51]  Tracking : Az 97, El 24.
[00:57:53]  Tracking : Az 98, El 24.
[00:57:56]  [OK]CMD Packet Header: 0x18 0x23 0xc0 0x0 0x0 0x8 0x2 0x6
[00:57:57]  Received Event from port : 27.

[00:58:00]  Received Event from port : 27.

[00:58:01]  Tracking : Az 101, El 23.
[00:58:02]  Received Event from port : 27.

[00:58:09]  Tracking : Az 104, El 23.
[00:58:10]  Received Event from port : 27.

[00:58:15]  Tracking : Az 106, El 23.
[00:58:17]  [OK]CMD Packet Header: 0x18 0x31 0xc0 0x0 0x0 0x1 0x0 0x17
[00:58:20]  Received Event from port : 27.

[00:58:22]  Tracking : Az 109, El 23.
[00:58:30]  Received Event from port : 27.

[00:58:30]  Tracking : Az 112, El 22.
[00:58:36]  Tracking : Az 114, El 22.
[00:58:40]  Received Event from port : 27.

[00:58:42]  Received Event from port : 27.

[00:58:44]  Tracking : Az 117, El 22.
[00:58:47]  Tracking : Az 118, El 21.
[00:58:50]  Received Event from port : 27.

[00:58:53]  Tracking : Az 120, El 21.
[00:59:00]  [OK]CMD Packet Header: 0x18 0x31 0xc0 0x0 0x0 0x1 0x0 0x17
[00:59:00]  Received Event from port : 27.

[00:59:02]  Tracking : Az 123, El 20.
[00:59:05]  Tracking : Az 124, El 20.
[00:59:10]  Received Event from port : 27.

[00:59:15]  Tracking : Az 127, El 19.
[00:59:18]  [OK]CMD Packet Header: 0x18 0x30 0xc0 0x0 0x0 0x1 0x0 0x16
[00:59:20]  Received Event from port : 27.

[00:59:23]  Tracking : Az 129, El 19.
[00:59:23]  Received Event from port : 27.

[00:59:30]  Received Event from port : 27.

[00:59:34]  Tracking : Az 132, El 18.
[00:59:37]  Tracking : Az 133, El 17.
[00:59:40]  Received Event from port : 27.

[00:59:54]  [OK]CMD Packet Header: 0x18 0x75 0xc0 0x0 0x0 0x5 0x1e 0xa2
[00:59:54]  Tracking : Az 137, El 16.
[00:59:56]  Tracking : Az 137, El 16.
[01:00:04]  Tracking : Az 139, El 15.
[01:00:07]  Ping Failed.
[01:00:17]  Tracking : Az 142, El 14.
[01:00:18]  Ping Failed.
[01:00:26]  Ping Success at node 5, 465ms
[01:00:28]  Tracking : Az 144, El 13.
[01:00:30]  [OK]CMD Packet Header: 0x18 0x75 0xc0 0x0 0x0 0x5 0x1e 0xa2
[01:00:31]  Received Event from port : 27.

[01:00:33]  Received Report from port : 25.
[01:00:35]  Received Report from port : 25.
[01:00:37]  Received Report from port : 25.
[01:00:40]  Received Event from port : 27.

[01:00:45]  Tracking : Az 147, El 11.
[01:00:50]  Received Event from port : 27.

[01:00:54]  [OK]CMD Packet Header: 0x18 0x23 0xc0 0x0 0x0 0x5 0x4 0x9
[01:01:05]  Tracking : Az 150, El 10.
[01:01:13]  [OK]CMD Packet Header: 0x18 0x50 0xc0 0x0 0x0 0x1 0x6 0x70
[01:01:14]  Received Report from port : 25.
[01:01:16]  Received Report from port : 25.
[01:01:18]  Received Report from port : 25.
[01:01:19]  Tracking : Az 152, El 9.
[01:01:25]  [OK]CMD Packet Header: 0x18 0x75 0xc0 0x0 0x0 0x1 0x14 0x47
[01:01:26]  Received Report from port : 25.
[01:01:28]  Received Report from port : 25.
[01:01:30]  Received Report from port : 25.
[01:01:43]  Tracking : Az 155, El 7.
[01:01:55]  [OK]CMD Packet Header: 0x18 0x0 0xc0 0x0 0x0 0x71 0x4 0xd
[01:02:12]  Tracking : Az 158, El 5.
[01:02:37]  [OK]CMD Packet Header: 0x18 0x0 0xc0 0x0 0x0 0x55 0x7 0x41
[01:02:42]  Ping Success at node 5, 479ms
[01:02:45]  Tracking : Az 161, El 3.
[01:02:54]  [OK]CMD Packet Header: 0x18 0x31 0xc0 0x0 0x0 0x1 0x0 0x17
[01:02:59]  Ping Success at node 5, 481ms
[01:03:02]  [OK]CMD Packet Header: 0x18 0x31 0xc0 0x0 0x0 0x1 0x0 0x17
[01:03:09]  Cannot Load Remote Parameter.
[01:03:13]  AX100 Boot Count : 189
[01:03:20]  Tracking : Az 163, El 0.
[01:03:24]  [OK]CMD Packet Header: 0x18 0x0 0xc0 0x0 0x0 0x55 0x7 0x41
[01:03:41]  [OK]CMD Packet Header: 0x18 0x31 0xc0 0x0 0x0 0x1 0x0 0x17
[01:03:50]  Ping Failed.
[01:03:52]  Forked Safe Amplifier Process. (OFF)
[01:03:54]  Finish Engaging.
[01:03:54]  Beacon Success : 0, Ping Success : 7
[01:03:58]  Tracking : Az 0, El 0.
