2026-01-10 14:09
[14:09:52]  Connect to Switch Box.............Success.
[14:09:52]  Connect to Rotator................Success.
[14:09:52]  Connect to GS100..................Success.
[14:09:52]  TM Port 13 bind success.
[14:09:52]  BCN Port 31 bind success.
[14:09:52]  RPT Port 25 bind success.
[14:09:52]  Event Port 27 bind success.
[14:09:52]  COSMIC Beacon Port 23 bind success.
[14:09:52]  COSMIC Report Port 24 bind success.
[01:21:05]  TLE "active" Download Completed.
[01:21:17]  Start Engaging.
[01:21:17]  Tracking : Az 15, El 0.
[01:21:18]  Start Doppler Correction.
[01:21:19]  Tracking : Az 15, El 0.
[01:26:35]  Forked Safe Amplifier Process.(ON, Timer)
[01:26:41]  Ping Failed.
[01:26:57]  Ping Failed.
[01:27:03]  Ping Failed.
[01:27:16]  Tracking : Az 16, El 3.
[01:27:24]  Ping Success at node 5, 480ms
[01:27:28]  [OK]CMD Packet Header: 0x18 0x23 0xc0 0x0 0x0 0x8 0x2 0x6
[01:27:29]  Received Event from port : 27.

[01:27:30]  Tracking : Az 16, El 4.
[01:27:31]  Received Event from port : 27.

[01:27:39]  [OK]CMD Packet Header: 0x18 0x31 0xc0 0x0 0x0 0x1 0x0 0x17
[01:27:55]  Ping Success at node 5, 473ms
[01:27:56]  Tracking : Az 17, El 6.
[01:28:06]  AX100 Boot Count : 189
[01:28:14]  [OK]CMD Packet Header: 0x18 0x31 0xc0 0x0 0x0 0x1 0x0 0x17
[01:28:31]  Tracking : Az 18, El 9.
[01:28:32]  [OK]CMD Packet Header: 0x18 0x75 0xc0 0x0 0x0 0x1 0x14 0x47
[01:28:52]  Tracking : Az 18, El 11.
[01:29:10]  Tracking : Az 19, El 13.
[01:29:14]  [OK]CMD Packet Header: 0x18 0x0 0xc0 0x0 0x0 0x71 0x4 0x64
[01:29:26]  [OK]CMD Packet Header: 0x18 0x23 0xc0 0x0 0x0 0x1 0x6 0x3
[01:29:34]  [OK]CMD Packet Header: 0x18 0x75 0xc0 0x0 0x0 0x1 0x14 0x47
[01:29:35]  Tracking : Az 21, El 16.
[01:29:38]  Ping Success at node 5, 460ms
[01:29:42]  [OK]CMD Packet Header: 0x18 0x75 0xc0 0x0 0x0 0x1 0x14 0x47
[01:29:50]  Tracking : Az 22, El 18.
[01:29:55]  [OK]CMD Packet Header: 0x18 0x23 0xc0 0x0 0x0 0x1 0x6 0x3
[01:30:06]  [OK]CMD Packet Header: 0x18 0x75 0xc0 0x0 0x0 0x1 0x14 0x47
[01:30:09]  Tracking : Az 23, El 21.
[01:30:20]  [OK]CMD Packet Header: 0x18 0x0 0xc0 0x0 0x0 0x71 0x4 0x64
[01:30:26]  Tracking : Az 25, El 24.
[01:30:34]  [OK]CMD Packet Header: 0x18 0x23 0xc0 0x0 0x0 0x1 0x6 0x3
[01:30:41]  Tracking : Az 26, El 27.
[01:30:44]  [OK]CMD Packet Header: 0x18 0x75 0xc0 0x0 0x0 0x1 0x14 0x47
[01:30:50]  Forked Safe Amplifier Process. (OFF)
[01:30:52]  Finish Engaging.
[01:30:52]  Beacon Success : 0, Ping Success : 3
