2026-01-10 13:21
[13:21:04]  Connect to Switch Box.............Success.
[13:21:04]  Connect to Rotator................Success.
[13:21:04]  Connect to GS100..................Success.
[13:21:04]  TM Port 13 bind success.
[13:21:04]  BCN Port 31 bind success.
[13:21:04]  RPT Port 25 bind success.
[13:21:04]  Event Port 27 bind success.
[13:21:04]  COSMIC Beacon Port 23 bind success.
[13:21:04]  COSMIC Report Port 24 bind success.
[13:21:17]  TLE "active" Download Completed.
[13:24:56]  [Auto]Start AutoPilot.
[13:24:56]  [Auto]Start Autopilot. Next Valuable AOS : 1/10 13:42:27
[13:24:56]  [Auto]Max Elevation : 21.83° Please Keep Devices On.
[13:37:27]  [Auto]Start Engaging.
[13:37:27]  [Auto]Start Doppler Correction.
[13:37:27]  Tracking : Az 197, El 0.
[13:37:29]  Tracking : Az 197, El 0.
[13:37:31]  Tracking : Az 197, El 0.
[13:37:33]  Tracking : Az 197, El 0.
[13:37:35]  Tracking : Az 197, El 0.
[13:37:37]  Tracking : Az 197, El 0.
[13:37:39]  Tracking : Az 197, El 0.
[13:37:41]  Tracking : Az 197, El 0.
[13:37:43]  Tracking : Az 197, El 0.
[13:37:45]  Tracking : Az 197, El 0.
[13:37:47]  Tracking : Az 197, El 0.
[13:37:49]  Tracking : Az 197, El 0.
[13:37:51]  Tracking : Az 197, El 0.
[13:39:09]  Forked Safe Amplifier Process.(ON, Timer)
[13:39:16]  Ping Failed.
[13:39:23]  Ping Failed.
[13:39:31]  Ping Failed.
[13:39:38]  Ping Failed.
[13:39:45]  Ping Failed.
[13:39:53]  Ping Failed.
[13:40:00]  Ping Failed.
[13:40:07]  Ping Failed.
[13:40:15]  Ping Failed.
[13:40:22]  Ping Failed.
[13:40:29]  Ping Failed.
[13:40:37]  Ping Failed.
[13:40:44]  Ping Failed.
[13:40:51]  Ping Failed.
[13:40:58]  Ping Failed.
[13:41:06]  Ping Failed.
[13:41:13]  Ping Failed.
[13:41:20]  Ping Failed.
[13:41:28]  Ping Failed.
[13:41:35]  Ping Failed.
[13:41:42]  Ping Failed.
[13:41:50]  Ping Failed.
[13:41:57]  Ping Failed.
[13:42:04]  Ping Failed.
[13:42:12]  Ping Failed.
[13:42:13]  Tracking : Az 197, El 0.
[13:42:19]  Ping Failed.
[13:42:26]  Ping Failed.
[13:42:34]  Ping Failed.
[13:42:41]  Ping Failed.
[13:42:48]  Ping Failed.
[13:42:53]  Tracking : Az 200, El 1.
[13:42:54]  Ping Success at node 5, 478ms
[13:42:59]  Ping Success at node 5, 471ms
[13:43:05]  Ping Success at node 5, 471ms
[13:43:10]  Ping Success at node 5, 471ms
[13:43:16]  Ping Success at node 5, 471ms
[13:43:21]  [OK]CMD Packet Header: 0x18 0x75 0xc0 0x0 0x0 0x1 0x14 0x47
[13:43:21]  [Auto]EPS P60 DOCK GET TABLE HK Command Sent
[13:43:21]  Ping Success at node 5, 583ms
[13:43:29]  Tracking : Az 203, El 3.
[13:43:31]  [OK]CMD Packet Header: 0x18 0x75 0xc0 0x0 0x0 0x1 0x17 0x44
[13:43:31]  [Auto]EPS P60 PDU GET TABLE HK Command Sent
[13:43:32]  Received Report from port : 25.
[13:43:34]  Received Report from port : 25.
[13:43:36]  Received Report from port : 25.
[13:43:41]  [OK]CMD Packet Header: 0x18 0x75 0xc0 0x0 0x0 0x1 0x1a 0x0
[13:43:42]  [Auto]EPS P60 ACU GET TABLE HK Command Sent
[13:43:42]  Received Report from port : 25.
[13:43:44]  Received Report from port : 25.
[13:43:46]  Received Report from port : 25.
[13:43:52]  [Auto]Start GND WDT reset sequence
[13:43:52]  [OK]CMD Packet Header: 0x18 0x50 0xc0 0x0 0x0 0x1 0x6 0x70
[13:43:52]  [Auto]AX100 GND WDT CMD sent (1/3)
[13:43:59]  Tracking : Az 206, El 5.
[13:44:02]  [OK]CMD Packet Header: 0x18 0x75 0xc0 0x0 0x0 0x5 0x1e 0xa2
[13:44:03]  [Auto]EPS P60 DOCK GND WDT CMD sent (1/3)
[13:44:04]  Received Report from port : 25.
[13:44:13]  [Auto]GND WDT sequence completed
[13:44:13]  [OK]CMD Packet Header: 0x18 0x75 0xc0 0x0 0x0 0x1 0x14 0x47
[13:44:13]  [Auto]EPS P60 DOCK GET TABLE HK Command Sent
[13:44:13]  Received Report from port : 25.
[13:44:15]  Received Report from port : 25.
[13:44:17]  Received Report from port : 25.
[13:44:19]  Tracking : Az 208, El 7.
[13:44:23]  [OK]CMD Packet Header: 0x18 0x75 0xc0 0x0 0x0 0x1 0x17 0x44
[13:44:23]  [Auto]EPS P60 PDU GET TABLE HK Command Sent
[13:44:33]  [OK]CMD Packet Header: 0x18 0x75 0xc0 0x0 0x0 0x1 0x1a 0x0
[13:44:34]  [Auto]EPS P60 ACU GET TABLE HK Command Sent
[13:44:34]  Received Report from port : 25.
[13:44:36]  Received Report from port : 25.
[13:44:38]  Received Report from port : 25.
[13:44:40]  Tracking : Az 211, El 8.
[13:45:01]  Tracking : Az 214, El 10.
[13:45:20]  Tracking : Az 217, El 11.
[13:45:37]  Tracking : Az 220, El 13.
[13:45:52]  Tracking : Az 223, El 14.
[13:46:06]  Tracking : Az 226, El 15.
[13:46:19]  Tracking : Az 229, El 16.
[13:46:31]  Tracking : Az 232, El 17.
[13:46:43]  Tracking : Az 235, El 18.
[13:46:50]  Tracking : Az 237, El 18.
[13:46:57]  Tracking : Az 239, El 19.
[13:47:03]  Tracking : Az 241, El 19.
[13:47:13]  Tracking : Az 244, El 20.
[13:47:23]  Tracking : Az 247, El 20.
[13:47:32]  Tracking : Az 250, El 20.
[13:47:41]  Tracking : Az 253, El 21.
[13:47:47]  Tracking : Az 255, El 21.
[13:47:55]  Tracking : Az 258, El 21.
[13:48:03]  Tracking : Az 261, El 21.
[13:48:12]  Tracking : Az 264, El 21.
[13:48:20]  Tracking : Az 267, El 21.
[13:48:29]  Tracking : Az 270, El 21.
[13:48:37]  Tracking : Az 273, El 21.
[13:48:46]  Tracking : Az 276, El 21.
[13:48:52]  Tracking : Az 278, El 21.
[13:49:01]  Tracking : Az 281, El 20.
[13:49:10]  Tracking : Az 284, El 20.
[13:49:20]  Tracking : Az 287, El 19.
[13:49:29]  Tracking : Az 290, El 19.
[13:49:40]  Tracking : Az 293, El 18.
[13:49:51]  Tracking : Az 296, El 17.
[13:50:02]  Tracking : Az 299, El 16.
[13:50:15]  Tracking : Az 302, El 15.
[13:50:28]  Tracking : Az 305, El 14.
[13:50:48]  Tracking : Az 309, El 13.
[13:51:04]  Tracking : Az 312, El 12.
[13:51:16]  Tracking : Az 314, El 11.
[13:51:35]  Tracking : Az 317, El 9.
[13:51:57]  Tracking : Az 320, El 8.
[13:52:22]  Tracking : Az 323, El 6.
[13:52:58]  Tracking : Az 326, El 3.
[13:53:23]  Tracking : Az 329, El 2.
[13:54:03]  Tracking : Az 332, El 0.
[13:54:09]  [Auto]Stop Doppler Correction.
[13:54:09]  [Auto]Finish Engaging.
[13:54:09]  Tracking : Az 0, El 0.
[13:54:10]  [Auto]Beacon Success : 0, Ping Success : 6 CMD Success : 0
[13:54:10]  [Auto]Update TLE...
[13:54:18]  [Auto]TLE "active" Download Completed.
[13:54:21]  Forked Safe Amplifier Process. (OFF)
[13:54:21]  Reset GS100 watchdog.
[13:54:33]  [Auto]Invalid tracking index before PathGenerator. trk=13486 ptr=(nil)
[13:54:33]  [Auto]AutoPilot Stopped with Error Code : -2
[14:03:20]  TLE "active" Download Completed.
[14:03:21]  TLE "active" Download Completed.
