2026-01-10 02:59
[03:00:04]  Connect to Switch Box.............Success.
[03:00:04]  Connect to Rotator................Success.
[03:00:04]  Connect to GS100..................Success.
[03:00:04]  TM Port 13 bind success.
[03:00:04]  BCN Port 31 bind success.
[03:00:04]  RPT Port 25 bind success.
[03:00:04]  Event Port 27 bind success.
[03:00:04]  COSMIC Beacon Port 23 bind success.
[03:00:04]  COSMIC Report Port 24 bind success.
[03:00:08]  TLE "cubesat" Download Completed.
[03:00:12]  Start Engaging.
[03:00:12]  Tracking : Az 279, El 11.
[03:00:13]  Start Doppler Correction.
[03:00:14]  Tracking : Az 279, El 11.
[03:00:17]  Forked Safe Amplifier Process.(ON, Timer)
[03:00:26]  Tracking : Az 276, El 11.
[03:00:33]  [OK]CMD Packet Header: 0x18 0x75 0xc0 0x0 0x0 0x1 0x14 0x47
[03:00:34]  Received Report from port : 25.
[03:00:36]  Received Report from port : 25.
[03:00:37]  Tracking : Az 273, El 10.
[03:00:38]  Received Report from port : 25.
[03:00:51]  Tracking : Az 270, El 10.
[03:00:58]  [OK]CMD Packet Header: 0x18 0x75 0xc0 0x0 0x0 0x5 0x1e 0xa2
[03:00:59]  Received Report from port : 25.
[03:01:01]  Received Report from port : 25.
[03:01:03]  Received Report from port : 25.
[03:01:09]  [OK]CMD Packet Header: 0x18 0x50 0xc0 0x0 0x0 0x1 0x6 0x70
[03:01:10]  Received Report from port : 25.
[03:01:10]  Tracking : Az 266, El 9.
[03:01:12]  Received Report from port : 25.
[03:01:14]  Received Report from port : 25.
[03:01:20]  [OK]CMD Packet Header: 0x18 0x75 0xc0 0x0 0x0 0x1 0x14 0x47
[03:01:20]  Received Report from port : 25.
[03:01:22]  Received Report from port : 25.
[03:01:24]  Received Report from port : 25.
[03:01:25]  Tracking : Az 263, El 8.
[03:01:31]  Forked Safe Amplifier Process. (OFF)
[03:01:33]  Finish Engaging.
[03:01:33]  Beacon Success : 0, Ping Success : 0
[03:01:35]  Tracking : Az 0, El 0.
