2026-07-03 21:06
[21:06:14]  Connect to Switch Box..............Failed.
[21:06:14]  Connect to Rotator.................Failed.
[21:06:14]  Connect to GS100..................Success.
[21:06:14]  BEE-1000 BCN Port 31 bind success.
[21:06:14]  BEE-1000 RPT Port 25 bind success.
[21:06:14]  BEE-1000 Event Port 27 bind success.
[21:06:14]  BEE-100 FM Port 23 bind success.
[21:06:14]  UEL-Y-Sys. BCN Port 12 bind success.
[21:06:14]  UEL-Y-Sys. RPT Port 10 bind success.
[21:06:14]  UEL-Y-Sys. Event Port 11 bind success.
[21:06:14]  UEL-Y-Sys. FM Port 14 bind success.
[21:06:14]  BEE-1012 BCN Port 17 bind success.
[21:06:14]  BEE-1012 RPT Port 15 bind success.
[21:06:14]  Rotator Read Failed. Please Check Again.
[21:06:14]  BEE-1012 Event Port 16 bind success.
[21:06:14]  BEE-1012 FM Port 18 bind success.
[21:06:14]  BEE-1012 AIOBC Port 29 bind success.
[21:06:17]  Cannot Read 10 parameters of Table 0.
[21:06:18]  Cannot Read 8 parameters of Table 1.
[21:06:20]  Cannot Read 9 parameters of Table 5.
