2026-01-08 01:13
[01:13:52]  Connect to Switch Box.............Success.
[01:13:52]  Connect to Rotator................Success.
[01:13:52]  Connect to GS100..................Success.
[01:13:52]  TM Port 13 bind success.
[01:13:52]  BCN Port 31 bind success.
[01:13:52]  RPT Port 25 bind success.
[01:13:52]  Event Port 27 bind success.
[01:13:52]  COSMIC Beacon Port 23 bind success.
[01:13:52]  COSMIC Report Port 24 bind success.
[01:13:55]  TLE "cubesat" Download Completed.
[01:14:04]  Tracking : Az 0, El 0.
[02:34:29]  Start Engaging.
[02:34:29]  Tracking : Az 354, El 0.
[02:34:30]  Start Doppler Correction.
[02:34:31]  Tracking : Az 354, El 0.
[02:34:33]  Tracking : Az 354, El 0.
[02:34:35]  Tracking : Az 354, El 0.
[02:34:37]  Tracking : Az 354, El 0.
[02:34:39]  Tracking : Az 354, El 0.
[02:34:41]  Tracking : Az 354, El 0.
[02:34:43]  Tracking : Az 354, El 0.
[02:34:45]  Tracking : Az 354, El 0.
[02:34:47]  Tracking : Az 354, El 0.
[02:34:49]  Tracking : Az 354, El 0.
[02:34:51]  Tracking : Az 354, El 0.
[02:34:53]  Tracking : Az 354, El 0.
[02:34:55]  Tracking : Az 354, El 0.
[02:34:57]  Tracking : Az 354, El 0.
[02:34:59]  Tracking : Az 354, El 0.
[02:35:01]  Tracking : Az 354, El 0.
[02:35:03]  Tracking : Az 354, El 0.
[02:35:05]  Tracking : Az 354, El 0.
[02:35:07]  Tracking : Az 354, El 0.
[02:35:09]  Tracking : Az 354, El 0.
[02:35:11]  Tracking : Az 354, El 0.
[02:35:13]  Tracking : Az 354, El 0.
[02:35:15]  Tracking : Az 354, El 0.
[02:35:17]  Tracking : Az 354, El 0.
[02:35:19]  Tracking : Az 354, El 0.
[02:35:21]  Tracking : Az 354, El 0.
[02:35:23]  Tracking : Az 354, El 0.
[02:35:25]  Tracking : Az 354, El 0.
[02:35:27]  Tracking : Az 354, El 0.
[02:37:09]  Tracking : Az 350, El 2.
[02:37:25]  Forked Safe Amplifier Process.(ON, Timer)
[02:37:41]  Tracking : Az 347, El 4.
[02:38:05]  Tracking : Az 345, El 6.
[02:38:18]  Ping Failed.
[02:38:23]  Ping Failed.
[02:38:24]  Tracking : Az 342, El 7.
[02:38:31]  Ping Failed.
[02:38:37]  Ping Failed.
[02:38:42]  Ping Failed.
[02:38:46]  Tracking : Az 339, El 8.
[02:38:49]  Ping Failed.
[02:38:56]  Ping Success at node 5, 477ms
[02:39:00]  Received Event from port : 27.

[02:39:05]  Tracking : Az 336, El 10.
[02:39:10]  Received Event from port : 27.

[02:39:10]  [OK]CMD Packet Header: 0x18 0x15 0xc0 0x0 0x0 0x49 0xf 0x5c
[02:39:22]  Tracking : Az 333, El 11.
[02:39:25]  [OK]CMD Packet Header: 0x18 0x15 0xc0 0x0 0x0 0x49 0xf 0x5d
[02:39:33]  Tracking : Az 331, El 12.
[02:39:40]  Received Event from port : 27.

[02:39:44]  [OK]CMD Packet Header: 0x18 0x15 0xc0 0x0 0x0 0x49 0xf 0x59
[02:39:45]  !!!!!!!!!Received COSMIC Beacon from port : 23.!!!!!!!!!

[02:39:47]  !!!!!!!!!Received COSMIC Beacon from port : 23.!!!!!!!!!

[02:39:48]  Tracking : Az 328, El 13.
[02:39:49]  !!!!!!!!!Received COSMIC Beacon from port : 23.!!!!!!!!!

[02:39:51]  !!!!!!!!!Received COSMIC Beacon from port : 23.!!!!!!!!!

[02:39:53]  !!!!!!!!!Received COSMIC Beacon from port : 23.!!!!!!!!!

[02:39:55]  !!!!!!!!!Received COSMIC Beacon from port : 23.!!!!!!!!!

[02:39:57]  !!!!!!!!!Received COSMIC Beacon from port : 23.!!!!!!!!!

[02:39:57]  Tracking : Az 326, El 13.
[02:39:59]  !!!!!!!!!Received COSMIC Beacon from port : 23.!!!!!!!!!

[02:40:01]  Received Event from port : 27.

[02:40:03]  Received Event from port : 27.

[02:40:03]  Tracking : Az 325, El 14.
[02:40:05]  Received Event from port : 27.

[02:40:07]  Received Event from port : 27.

[02:40:15]  Tracking : Az 322, El 15.
[02:40:20]  Received Event from port : 27.

[02:40:27]  Tracking : Az 319, El 15.
[02:40:30]  Received Event from port : 27.

[02:40:37]  Received Event from port : 27.

[02:40:38]  Tracking : Az 316, El 16.
[02:40:40]  Received Event from port : 27.

[02:40:49]  Tracking : Az 313, El 17.
[02:40:50]  Received Event from port : 27.

[02:41:00]  Received Event from port : 27.

[02:41:00]  Tracking : Az 310, El 17.
[02:41:03]  [OK]CMD Packet Header: 0x18 0x15 0xc0 0x0 0x0 0x45 0xa 0x37
[02:41:03]  Received GETFILEINFO Response from port : 23.

[02:41:05]  Received Event from port : 27.

[02:41:10]  Received Event from port : 27.

[02:41:10]  Tracking : Az 307, El 18.
[02:41:18]  Received Event from port : 27.

[02:41:19]  Tracking : Az 304, El 18.
[02:41:20]  Received Event from port : 27.

[02:41:29]  Tracking : Az 301, El 18.
[02:41:30]  Received Event from port : 27.

[02:41:38]  Tracking : Az 298, El 18.
[02:41:48]  Tracking : Az 295, El 19.
[02:41:57]  Tracking : Az 292, El 19.
[02:42:06]  Tracking : Az 289, El 19.
[02:42:15]  Tracking : Az 286, El 18.
[02:42:20]  Received Event from port : 27.

[02:42:24]  Tracking : Az 283, El 18.
[02:42:30]  Received Event from port : 27.

[02:42:32]  Received Event from port : 27.

[02:42:34]  Received Event from port : 27.

[02:42:37]  Tracking : Az 279, El 18.
[02:42:40]  Received Event from port : 27.

[02:42:42]  Received Event from port : 27.

[02:42:46]  Tracking : Az 276, El 18.
[02:42:54]  [OK]CMD Packet Header: 0x18 0x23 0xc0 0x0 0x0 0x5 0x4 0x9
[02:42:56]  Tracking : Az 273, El 17.
[02:43:06]  Tracking : Az 270, El 17.
[02:43:07]  Ping Failed.
[02:43:11]  Ping Success at node 5, 461ms
[02:43:17]  Tracking : Az 267, El 16.
[02:43:29]  Tracking : Az 264, El 16.
[02:43:41]  Tracking : Az 261, El 15.
[02:43:44]  [OK]CMD Packet Header: 0x18 0x31 0xc0 0x0 0x0 0x1 0x0 0x17
[02:43:45]  Received Report from port : 25.
[02:43:47]  Received Report from port : 25.
[02:43:49]  Received Report from port : 25.
[02:43:51]  Received Report from port : 25.
[02:43:53]  Tracking : Az 258, El 14.
[02:43:53]  Received Report from port : 25.
[02:43:55]  Received Report from port : 25.
[02:44:06]  Tracking : Az 255, El 13.
[02:44:21]  Tracking : Az 252, El 12.
[02:44:32]  [OK]CMD Packet Header: 0x18 0x54 0xc0 0x0 0x0 0x1 0x0 0x72
[02:44:36]  Tracking : Az 249, El 11.
[02:44:53]  Tracking : Az 246, El 10.
[02:45:12]  Tracking : Az 243, El 8.
[02:45:16]  [OK]CMD Packet Header: 0x18 0x31 0xc0 0x0 0x0 0x1 0x0 0x17
[02:45:17]  Received Report from port : 25.
[02:45:19]  Received Report from port : 25.
[02:45:21]  Received Report from port : 25.
[02:45:23]  Ping Success at node 5, 472ms
[02:45:23]  Received Report from port : 25.
[02:45:25]  Received Report from port : 25.
[02:45:27]  Received Report from port : 25.
[02:45:33]  Tracking : Az 240, El 7.
[02:45:35]  [OK]CMD Packet Header: 0x18 0x75 0xc0 0x0 0x0 0x1 0x14 0x47
[02:45:36]  Received Report from port : 25.
[02:45:38]  Received Report from port : 25.
[02:45:40]  Received Report from port : 25.
[02:45:56]  Tracking : Az 237, El 5.
[02:46:00]  [OK]CMD Packet Header: 0x18 0x75 0xc0 0x0 0x0 0x1 0x17 0x44
[02:46:01]  Received Report from port : 25.
[02:46:03]  Received Report from port : 25.
[02:46:05]  Received Report from port : 25.
[02:46:13]  [OK]CMD Packet Header: 0x18 0x75 0xc0 0x0 0x0 0x1 0x1a 0x49
[02:46:15]  Received Report from port : 25.
[02:46:17]  Received Report from port : 25.
[02:46:19]  Received Report from port : 25.
[02:46:24]  Tracking : Az 234, El 4.
[02:46:24]  Ping Success at node 5, 476ms
[02:46:33]  Forked Safe Amplifier Process. (OFF)
[02:46:39]  Finish Engaging.
[02:46:39]  Beacon Success : 0, Ping Success : 4
