2026-07-22 18:17
[18:17:10]  Connect to Switch Box..............Failed.
[18:17:10]  Connect to Rotator.................Failed.
[18:17:10]  Connect to GS100..................Success.
[18:17:10]  BEE-1000 BCN Port 31 bind success.
[18:17:10]  BEE-1000 RPT Port 25 bind success.
[18:17:10]  BEE-1000 Event Port 27 bind success.
[18:17:10]  Rotator Read Failed. Please Check Again.
[18:17:10]  Rotator Read Failed. Please Check Again.
[18:17:10]  BEE-100 FM Port 23 bind success.
[18:17:10]  UEL-Y-Sys. BCN Port 12 bind success.
[18:17:10]  UEL-Y-Sys. RPT Port 10 bind success.
[18:17:10]  UEL-Y-Sys. Event Port 11 bind success.
[18:17:10]  UEL-Y-Sys. FM Port 14 bind success.
[18:17:10]  BEE-1012 BCN Port 17 bind success.
[18:17:10]  BEE-1012 RPT Port 15 bind success.
[18:17:10]  BEE-1012 Event Port 16 bind success.
[18:17:10]  BEE-1012 FM Port 18 bind success.
[18:17:10]  BEE-1012 AIOBC Port 29 bind success.
[18:24:16]  Changing GS HMAC Key for BEE1012...
[18:24:16]   Satellite Switched to: BEE1012 (TX HMAC enabled)
