2025-12-17 00:51
[00:51:28]  Connect to Switch Box.............Success.
[00:51:28]  Connect to Rotator................Success.
[00:51:28]  Connect to GS100..................Success.
[00:51:28]  TM Port 13 bind success.
[00:51:28]  BCN Port 31 bind success.
[00:51:28]  RPT Port 25 bind success.
[00:53:03]  TLE "cubesat" Download Completed.
[00:53:10]  Start Engaging.
[00:53:10]  Tracking : Az 23, El 0.
[00:53:12]  Tracking : Az 23, El 0.
[00:53:12]  Start Doppler Correction.
[00:53:14]  Tracking : Az 23, El 0.
[00:58:36]  Forked Safe Amplifier Process.(ON, Timer)
[00:59:16]  Tracking : Az 27, El 3.
[00:59:24]  Ping Failed.
[00:59:42]  Ping Failed.
[00:59:55]  Tracking : Az 30, El 5.
[01:00:01]  Ping Failed.
[01:00:14]  Tracking : Az 31, El 7.
[01:00:32]  Ping Success at node 5, 471ms
[01:00:35]  [OK]CMD Packet Header: 0x18 0x75 0xc0 0x0 0x0 0x1 0x14 0x47
[01:00:36]  Received Report from port ~~ with new code : 25.
[01:00:36]  Received Report from port : 25.

[01:00:36]  Received Report from port ~~ with new code : 25.
[01:00:36]  Received Report from port : 25.

[01:00:36]  Received Report from port ~~ with new code : 25.
[01:00:37]  Tracking : Az 34, El 8.
[01:01:02]  Tracking : Az 37, El 10.
[01:01:14]  [OK]CMD Packet Header: 0x18 0x75 0xc0 0x0 0x0 0x1 0x14 0x47
[01:01:15]  Received Report from port ~~ with new code : 25.
[01:01:15]  Received Report from port : 25.

[01:01:15]  Received Report from port ~~ with new code : 25.
[01:01:15]  Received Report from port : 25.

[01:01:16]  Received Report from port ~~ with new code : 25.
[01:01:24]  Tracking : Az 40, El 12.
[01:01:33]  [OK]CMD Packet Header: 0x18 0x75 0xc0 0x0 0x0 0x1 0x1a 0x49
[01:01:33]  Received Report from port ~~ with new code : 25.
[01:01:33]  Received Report from port : 25.

[01:01:34]  Received Report from port ~~ with new code : 25.
[01:01:34]  Received Report from port : 25.

[01:01:34]  Received Report from port ~~ with new code : 25.
[01:01:42]  [OK]CMD Packet Header: 0x18 0x75 0xc0 0x0 0x0 0x1 0x1a 0x0
[01:01:43]  Tracking : Az 43, El 14.
[01:01:43]  Received Report from port ~~ with new code : 25.
[01:01:43]  Received Report from port : 25.

[01:01:44]  Received Report from port ~~ with new code : 25.
[01:01:44]  Received Report from port : 25.

[01:01:44]  Received Report from port ~~ with new code : 25.
[01:01:51]  [OK]CMD Packet Header: 0x18 0x75 0xc0 0x0 0x0 0x1 0x17 0x44
[01:01:52]  Received Report from port ~~ with new code : 25.
[01:01:52]  Received Report from port : 25.

[01:01:53]  Received Report from port ~~ with new code : 25.
[01:01:53]  Received Report from port : 25.

[01:01:53]  Received Report from port ~~ with new code : 25.
[01:01:57]  [OK]CMD Packet Header: 0x18 0x75 0xc0 0x0 0x0 0x1 0x17 0x0
[01:01:58]  Received Report from port ~~ with new code : 25.
[01:01:58]  Received Report from port : 25.

[01:01:58]  Received Report from port ~~ with new code : 25.
[01:01:58]  Received Report from port : 25.

[01:01:59]  Received Report from port ~~ with new code : 25.
[01:02:00]  Tracking : Az 46, El 16.
[01:02:15]  Tracking : Az 49, El 17.
[01:02:17]  [OK]CMD Packet Header: 0x18 0x75 0xc0 0x0 0x0 0x5 0x1e 0xa2
[01:02:18]  Received Report from port ~~ with new code : 25.
[01:02:18]  Received Report from port : 25.

[01:02:18]  Received Report from port ~~ with new code : 25.
[01:02:18]  Received Report from port : 25.

[01:02:19]  Received Report from port ~~ with new code : 25.
[01:02:25]  [OK]CMD Packet Header: 0x18 0x75 0xc0 0x0 0x0 0x1 0x14 0x47
[01:02:26]  Received Report from port ~~ with new code : 25.
[01:02:26]  Received Report from port : 25.

[01:02:27]  Received Report from port ~~ with new code : 25.
[01:02:27]  Received Report from port : 25.

[01:02:27]  Received Report from port ~~ with new code : 25.
[01:02:28]  Tracking : Az 52, El 19.
[01:02:40]  Tracking : Az 55, El 20.
[01:02:48]  [OK]CMD Packet Header: 0x7 0x59 0xc0 0x0 0x0 0x1 0x1 0x61
[01:02:55]  Tracking : Az 59, El 22.
[01:02:57]  [OK]CMD Packet Header: 0x7 0x59 0xc0 0x0 0x0 0x1 0x1 0x61
[01:03:05]  Tracking : Az 62, El 23.
[01:03:14]  Tracking : Az 65, El 24.
[01:03:23]  Tracking : Az 68, El 25.
[01:03:31]  Tracking : Az 71, El 25.
[01:03:39]  Tracking : Az 74, El 26.
[01:03:47]  Tracking : Az 77, El 27.
[01:03:53]  Tracking : Az 79, El 27.
[01:03:59]  Tracking : Az 82, El 27.
[01:04:08]  Tracking : Az 86, El 28.
[01:04:15]  Tracking : Az 89, El 28.
[01:04:22]  Tracking : Az 92, El 28.
[01:04:23]  [OK]CMD Packet Header: 0x18 0x50 0xc0 0x0 0x0 0x1 0x6 0x70
[01:04:24]  Received Report from port ~~ with new code : 25.
[01:04:24]  Received Report from port : 25.

[01:04:24]  Received Report from port ~~ with new code : 25.
[01:04:24]  Received Report from port : 25.

[01:04:25]  Received Report from port ~~ with new code : 25.
[01:04:28]  Tracking : Az 95, El 28.
[01:04:34]  [OK]CMD Packet Header: 0x18 0x75 0xc0 0x0 0x0 0x1 0x14 0x47
[01:04:35]  Tracking : Az 98, El 28.
[01:04:35]  Received Report from port ~~ with new code : 25.
[01:04:35]  Received Report from port : 25.

[01:04:36]  Received Report from port ~~ with new code : 25.
[01:04:36]  Received Report from port : 25.

[01:04:36]  Received Report from port ~~ with new code : 25.
[01:04:42]  Tracking : Az 101, El 28.
[01:04:48]  Tracking : Az 104, El 28.
[01:04:53]  Tracking : Az 106, El 28.
[01:05:00]  Tracking : Az 109, El 27.
[01:05:07]  Tracking : Az 112, El 27.
[01:05:14]  Tracking : Az 115, El 27.
[01:05:21]  Tracking : Az 118, El 26.
[01:05:24]  [OK]CMD Packet Header: 0x18 0x75 0xc0 0x0 0x0 0x1 0x14 0x47
[01:05:25]  Received Report from port ~~ with new code : 25.
[01:05:25]  Received Report from port : 25.

[01:05:25]  Received Report from port ~~ with new code : 25.
[01:05:25]  Received Report from port : 25.

[01:05:26]  Received Report from port ~~ with new code : 25.
[01:05:32]  Tracking : Az 122, El 25.
[01:05:40]  Tracking : Az 125, El 24.
[01:05:42]  [OK]CMD Packet Header: 0x18 0x75 0xc0 0x0 0x0 0x1 0x1a 0x49
[01:05:42]  Received Report from port ~~ with new code : 25.
[01:05:42]  Received Report from port : 25.

[01:05:43]  Received Report from port ~~ with new code : 25.
[01:05:43]  Received Report from port : 25.

[01:05:43]  Received Report from port ~~ with new code : 25.
[01:05:49]  Tracking : Az 128, El 24.
[01:05:58]  Tracking : Az 131, El 23.
[01:06:08]  Tracking : Az 134, El 22.
[01:06:19]  Tracking : Az 137, El 20.
[01:06:30]  Tracking : Az 140, El 19.
[01:06:34]  Ping Success at node 5, 458ms
[01:06:37]  AX100 Boot Count : 187
[01:06:43]  Tracking : Az 143, El 18.
[01:06:57]  Tracking : Az 146, El 16.
[01:07:12]  [OK]CMD Packet Header: 0x7 0x59 0xc0 0x0 0x0 0x1 0xd 0x6d
[01:07:13]  Tracking : Az 149, El 15.
[01:07:31]  Tracking : Az 152, El 13.
[01:07:44]  [OK]CMD Packet Header: 0x7 0x59 0xc0 0x0 0x0 0x1 0x46 0x26
[01:07:51]  Tracking : Az 155, El 11.
[01:08:15]  Tracking : Az 158, El 9.
[01:08:24]  [OK]CMD Packet Header: 0x18 0x75 0xc0 0x0 0x0 0x1 0x14 0x47
[01:08:25]  Received Report from port ~~ with new code : 25.
[01:08:25]  Received Report from port : 25.

[01:08:25]  Received Report from port ~~ with new code : 25.
[01:08:25]  Received Report from port : 25.

[01:08:25]  Received Report from port ~~ with new code : 25.
[01:08:44]  Tracking : Az 161, El 7.
[01:09:26]  Tracking : Az 164, El 4.
[01:09:45]  Tracking : Az 166, El 2.
[01:09:49]  Ping Success at node 5, 474ms
[01:09:53]  Forked Safe Amplifier Process. (OFF)
[01:09:56]  Finish Engaging.
[01:09:56]  Beacon Success : 0, Ping Success : 3
[01:09:56]  Tracking : Az 0, El 0.
[13:21:38]  Start Engaging.
[13:21:38]  Tracking : Az 23, El 0.
[13:21:38]  Start Doppler Correction.
[13:21:40]  Tracking : Az 23, El 0.
[13:21:42]  Tracking : Az 23, El 0.
[13:22:14]  Tracking : Az 184, El 0.
[13:22:16]  Tracking : Az 184, El 0.
[13:22:18]  Tracking : Az 184, El 0.
[13:22:20]  Tracking : Az 185, El 0.
[13:22:22]  Tracking : Az 185, El 0.
[13:22:24]  Tracking : Az 185, El 0.
[13:22:26]  Tracking : Az 185, El 0.
[13:22:28]  Tracking : Az 185, El 0.
[13:22:30]  Tracking : Az 185, El 0.
[13:22:32]  Tracking : Az 185, El 0.
[13:22:34]  Tracking : Az 185, El 0.
[13:22:36]  Tracking : Az 185, El 0.
[13:22:38]  Tracking : Az 185, El 0.
[13:22:40]  Tracking : Az 185, El 0.
[13:23:14]  Tracking : Az 187, El 3.
[13:23:43]  Tracking : Az 189, El 5.
[13:24:09]  Tracking : Az 191, El 7.
[13:24:33]  Tracking : Az 192, El 9.
[13:24:36]  Forked Safe Amplifier Process.(ON, Timer)
[13:24:37]  Ping Success at node 5, 465ms
[13:24:46]  Tracking : Az 194, El 10.
[13:25:14]  Tracking : Az 197, El 12.
[13:25:34]  Tracking : Az 199, El 15.
[13:25:35]  [OK]CMD Packet Header: 0x18 0x75 0xc0 0x0 0x0 0x1 0x14 0x47
[13:25:36]  Received Report from port ~~ with new code : 25.
[13:25:36]  Received Report from port : 25.

[13:25:37]  Received Report from port ~~ with new code : 25.
[13:25:37]  Received Report from port : 25.

[13:25:37]  Received Report from port ~~ with new code : 25.
[13:25:52]  Tracking : Az 202, El 17.
[13:26:09]  Tracking : Az 205, El 19.
[13:26:25]  Tracking : Az 208, El 21.
[13:26:38]  Tracking : Az 211, El 23.
[13:26:50]  Tracking : Az 214, El 25.
[13:26:57]  Ping Success at node 5, 455ms
[13:27:00]  Tracking : Az 217, El 26.
[13:27:10]  Tracking : Az 220, El 28.
[13:27:19]  Tracking : Az 223, El 29.
[13:27:27]  Tracking : Az 226, El 30.
[13:27:34]  Tracking : Az 229, El 31.
[13:27:41]  Tracking : Az 232, El 32.
[13:27:48]  Tracking : Az 235, El 33.
[13:27:50]  [OK]CMD Packet Header: 0x18 0x75 0xc0 0x0 0x0 0x1 0x14 0x47
[13:27:51]  Received Report from port ~~ with new code : 25.
[13:27:51]  Received Report from port : 25.

[13:27:51]  Received Report from port ~~ with new code : 25.
[13:27:51]  Received Report from port : 25.

[13:27:51]  Received Report from port ~~ with new code : 25.
[13:27:54]  Tracking : Az 238, El 34.
[13:27:54]  Ping Success at node 5, 457ms
[13:28:00]  Tracking : Az 241, El 34.
[13:28:00]  [OBC]Ping Failed.
[13:28:03]  Ping Success at node 3, 474ms
[13:28:06]  Tracking : Az 244, El 35.
[13:28:12]  Tracking : Az 247, El 35.
[13:28:18]  Tracking : Az 250, El 36.
[13:28:24]  Tracking : Az 254, El 36.
[13:28:29]  Tracking : Az 257, El 36.
[13:28:34]  Tracking : Az 260, El 36.
[13:28:40]  Tracking : Az 263, El 36.
[13:28:45]  Tracking : Az 266, El 36.
[13:28:50]  Tracking : Az 269, El 36.
[13:28:55]  Tracking : Az 272, El 36.
[13:29:01]  Tracking : Az 275, El 36.
[13:29:06]  Tracking : Az 278, El 35.
[13:29:12]  Tracking : Az 281, El 35.
[13:29:18]  Tracking : Az 284, El 34.
[13:29:24]  Tracking : Az 287, El 33.
[13:29:30]  Tracking : Az 290, El 33.
[13:29:37]  Tracking : Az 293, El 32.
[13:29:38]  [OK]CMD Packet Header: 0x18 0x81 0xc0 0x0 0x0 0x1 0x1 0xa6
[13:29:39]  Received Report from port ~~ with new code : 25.
[13:29:39]  Received Report from port : 25.

[13:29:40]  Received Report from port ~~ with new code : 25.
[13:29:40]  Received Report from port : 25.

[13:29:40]  Received Report from port ~~ with new code : 25.
[13:29:44]  Tracking : Az 296, El 31.
[13:29:52]  Tracking : Az 299, El 29.
[13:30:00]  Tracking : Az 302, El 28.
[13:30:09]  Tracking : Az 305, El 27.
[13:30:21]  Tracking : Az 308, El 25.
[13:30:26]  Tracking : Az 310, El 24.
[13:30:38]  Tracking : Az 313, El 23.
[13:30:51]  Tracking : Az 316, El 21.
[13:31:07]  Tracking : Az 319, El 19.
[13:31:25]  Tracking : Az 322, El 17.
[13:31:35]  [OK]CMD Packet Header: 0x18 0x81 0xc0 0x0 0x0 0x1 0x1 0xa6
[13:31:36]  Received Report from port ~~ with new code : 25.
[13:31:36]  Received Report from port : 25.

[13:31:36]  Received Report from port ~~ with new code : 25.
[13:31:44]  Tracking : Az 324, El 14.
[13:31:53]  Tracking : Az 326, El 13.
[13:32:07]  [OK]CMD Packet Header: 0x18 0x75 0xc0 0x0 0x0 0x1 0x14 0x47
[13:32:08]  Received Report from port ~~ with new code : 25.
[13:32:11]  Ping Success at node 5, 476ms
[13:32:13]  Ping Success at node 5, 468ms
[13:32:15]  [OK]CMD Packet Header: 0x18 0x75 0xc0 0x0 0x0 0x1 0x14 0x47
[13:32:20]  Tracking : Az 329, El 11.
[13:32:33]  [OK]CMD Packet Header: 0x18 0x75 0xc0 0x0 0x0 0x1 0x14 0x47
[13:32:36]  Received Report from port ~~ with new code : 25.
[13:32:43]  Ping Success at node 5, 476ms
[13:32:44]  [OK]CMD Packet Header: 0x18 0x75 0xc0 0x0 0x0 0x1 0x14 0x47
[13:32:45]  Received Report from port ~~ with new code : 25.
[13:32:45]  Received Report from port : 25.

[13:32:45]  Received Report from port ~~ with new code : 25.
[13:32:45]  Received Report from port : 25.

[13:32:46]  Received Report from port ~~ with new code : 25.
[13:32:53]  Tracking : Az 332, El 8.
[13:33:17]  [OK]CMD Packet Header: 0x18 0x81 0xc0 0x0 0x0 0x1 0x46 0xe1
[13:33:20]  Received Report from port ~~ with new code : 25.
[13:33:23]  [OK]CMD Packet Header: 0x18 0x81 0xc0 0x0 0x0 0x1 0x46 0xe1
[13:33:23]  Tracking : Az 334, El 5.
[13:33:24]  Received Report from port ~~ with new code : 25.
[13:33:24]  Received Report from port : 25.

[13:33:25]  Received Report from port ~~ with new code : 25.
[13:33:25]  Received Report from port : 25.

[13:33:25]  Received Report from port ~~ with new code : 25.
[13:33:42]  Ping Success at node 5, 478ms
[13:33:44]  [OK]CMD Packet Header: 0x18 0x81 0xc0 0x0 0x0 0x1 0x46 0xe1
[13:33:52]  Ping Success at node 5, 476ms
[13:33:53]  [OK]CMD Packet Header: 0x18 0x81 0xc0 0x0 0x0 0x1 0x46 0xe1
[13:34:07]  Tracking : Az 336, El 2.
[13:34:43]  Ping Failed.
[13:34:46]  Forked Safe Amplifier Process. (OFF)
[13:34:48]  Finish Engaging.
[13:34:48]  Beacon Success : 0, Ping Success : 9
[13:34:51]  Tracking : Az 0, El 0.
[01:02:36]  Start Engaging.
[01:02:36]  Tracking : Az 21, El 0.
[01:02:37]  Start Doppler Correction.
[01:02:38]  Tracking : Az 21, El 0.
[01:02:40]  Tracking : Az 21, El 0.
[01:07:59]  Tracking : Az 23, El 3.
[01:08:01]  Forked Safe Amplifier Process.(ON, Timer)
[01:08:06]  Ping Failed.
[01:08:27]  Ping Failed.
[01:08:42]  Tracking : Az 26, El 6.
[01:08:46]  Ping Success at node 5, 471ms
[01:08:53]  [OK]CMD Packet Header: 0x18 0x75 0xc0 0x0 0x0 0x5 0x1e 0xa2
[01:09:11]  [OK]CMD Packet Header: 0x18 0x50 0xc0 0x0 0x0 0x1 0x6 0x70
[01:09:12]  Received Report from port ~~ with new code : 25.
[01:09:12]  Received Report from port : 25.

[01:09:12]  Received Report from port ~~ with new code : 25.
[01:09:12]  Received Report from port : 25.

[01:09:12]  Received Report from port ~~ with new code : 25.
[01:09:19]  Tracking : Az 28, El 9.
[01:09:31]  [OK]CMD Packet Header: 0x18 0x81 0xc0 0x0 0x0 0x1 0x1 0xa6
[01:09:31]  Received Report from port ~~ with new code : 25.
[01:09:31]  Received Report from port : 25.

[01:09:32]  Received Report from port ~~ with new code : 25.
[01:09:32]  Received Report from port : 25.

[01:09:32]  Received Report from port ~~ with new code : 25.
[01:09:41]  Tracking : Az 31, El 11.
[01:09:47]  [OK]CMD Packet Header: 0x18 0x81 0xc0 0x0 0x0 0x1 0x46 0xe1
[01:09:49]  Received Report from port ~~ with new code : 25.
[01:09:49]  Received Report from port : 25.

[01:09:49]  Received Report from port ~~ with new code : 25.
[01:09:49]  Received Report from port : 25.

[01:09:49]  Received Report from port ~~ with new code : 25.
[01:10:02]  Tracking : Az 33, El 13.
[01:10:23]  Tracking : Az 36, El 15.
[01:10:43]  Tracking : Az 39, El 17.
[01:10:44]  [OK]CMD Packet Header: 0x18 0x75 0xc0 0x0 0x0 0x1 0x14 0x47
[01:10:45]  Received Report from port ~~ with new code : 25.
[01:10:45]  Received Report from port : 25.

[01:10:45]  Received Report from port ~~ with new code : 25.
[01:10:45]  Received Report from port : 25.

[01:10:45]  Received Report from port ~~ with new code : 25.
[01:10:55]  Tracking : Az 41, El 19.
[01:11:10]  Tracking : Az 44, El 21.
[01:11:24]  Tracking : Az 47, El 22.
[01:11:36]  Tracking : Az 50, El 24.
[01:11:45]  [OK]CMD Packet Header: 0x18 0x75 0xc0 0x0 0x0 0x5 0x1e 0xa2
[01:11:46]  Received Report from port ~~ with new code : 25.
[01:11:46]  Received Report from port : 25.

[01:11:47]  Received Report from port ~~ with new code : 25.
[01:11:47]  Received Report from port : 25.

[01:11:47]  Received Report from port ~~ with new code : 25.
[01:11:49]  Tracking : Az 54, El 26.
[01:11:59]  Tracking : Az 57, El 28.
[01:12:02]  [OK]CMD Packet Header: 0x18 0x75 0xc0 0x0 0x0 0x1 0x1a 0x0
[01:12:02]  Received Report from port ~~ with new code : 25.
[01:12:02]  Received Report from port : 25.

[01:12:03]  Received Report from port ~~ with new code : 25.
[01:12:03]  Received Report from port : 25.

[01:12:03]  Received Report from port ~~ with new code : 25.
[01:12:07]  Tracking : Az 60, El 29.
[01:12:15]  Tracking : Az 63, El 30.
[01:12:23]  Tracking : Az 66, El 31.
[01:12:29]  Tracking : Az 68, El 32.
[01:12:34]  Tracking : Az 71, El 32.
[01:12:38]  [OK]CMD Packet Header: 0x18 0x75 0xc0 0x0 0x0 0x1 0x1a 0x49
[01:12:39]  Received Report from port ~~ with new code : 25.
[01:12:39]  Received Report from port : 25.

[01:12:39]  Received Report from port ~~ with new code : 25.
[01:12:39]  Received Report from port : 25.

[01:12:39]  Received Report from port ~~ with new code : 25.
[01:12:40]  Tracking : Az 74, El 33.
[01:12:46]  Tracking : Az 77, El 34.
[01:12:52]  Tracking : Az 80, El 34.
[01:12:58]  Tracking : Az 83, El 35.
[01:13:04]  Tracking : Az 86, El 35.
[01:13:06]  Tracking : Az 87, El 35.
[01:13:10]  Tracking : Az 90, El 36.
[01:13:16]  Tracking : Az 93, El 36.
[01:13:19]  Tracking : Az 95, El 36.
[01:13:22]  [OK]CMD Packet Header: 0x18 0x75 0xc0 0x0 0x0 0x1 0x14 0x47
[01:13:23]  Received Report from port ~~ with new code : 25.
[01:13:23]  Received Report from port : 25.

[01:13:23]  Received Report from port ~~ with new code : 25.
[01:13:23]  Received Report from port : 25.

[01:13:23]  Received Report from port ~~ with new code : 25.
[01:13:24]  Tracking : Az 98, El 36.
[01:13:30]  Tracking : Az 101, El 36.
[01:13:33]  Tracking : Az 103, El 36.
[01:13:38]  Tracking : Az 106, El 36.
[01:13:44]  Tracking : Az 109, El 35.
[01:13:47]  Tracking : Az 111, El 35.
[01:13:53]  Tracking : Az 114, El 35.
[01:13:56]  Tracking : Az 116, El 34.
[01:14:02]  Tracking : Az 119, El 34.
[01:14:08]  Tracking : Az 122, El 33.
[01:14:15]  Tracking : Az 125, El 32.
[01:14:21]  Tracking : Az 128, El 31.
[01:14:28]  Tracking : Az 131, El 30.
[01:14:36]  Tracking : Az 134, El 29.
[01:14:44]  Tracking : Az 137, El 28.
[01:14:53]  Tracking : Az 140, El 27.
[01:15:02]  Tracking : Az 143, El 25.
[01:15:13]  Tracking : Az 146, El 24.
[01:15:18]  [OK]CMD Packet Header: 0x18 0x75 0xc0 0x0 0x0 0x1 0x14 0x47
[01:15:19]  Received Report from port ~~ with new code : 25.
[01:15:19]  Received Report from port : 25.

[01:15:20]  Received Report from port ~~ with new code : 25.
[01:15:20]  Received Report from port : 25.

[01:15:20]  Received Report from port ~~ with new code : 25.
[01:15:25]  Tracking : Az 149, El 22.
[01:15:38]  Tracking : Az 152, El 20.
[01:15:54]  Tracking : Az 155, El 18.
[01:16:12]  Tracking : Az 158, El 16.
[01:16:20]  [OK]CMD Packet Header: 0x18 0x75 0xc0 0x0 0x0 0x1 0x14 0x47
[01:16:20]  Received Report from port ~~ with new code : 25.
[01:16:20]  Received Report from port : 25.

[01:16:21]  Received Report from port ~~ with new code : 25.
[01:16:21]  Received Report from port : 25.

[01:16:21]  Received Report from port ~~ with new code : 25.
[01:16:33]  Tracking : Az 161, El 14.
[01:16:54]  Tracking : Az 163, El 11.
[01:17:18]  Tracking : Az 166, El 9.
[01:17:55]  Tracking : Az 169, El 6.
[01:18:11]  [OK]CMD Packet Header: 0x18 0x75 0xc0 0x0 0x0 0x1 0x14 0x47
[01:18:12]  Received Report from port ~~ with new code : 25.
[01:18:12]  Received Report from port : 25.

[01:18:12]  Received Report from port ~~ with new code : 25.
[01:18:12]  Received Report from port : 25.

[01:18:13]  Received Report from port ~~ with new code : 25.
[01:18:30]  Tracking : Az 171, El 3.
[01:19:15]  Tracking : Az 173, El 0.
[01:19:43]  Forked Safe Amplifier Process. (OFF)
[01:19:50]  Finish Engaging.
[01:19:50]  Beacon Success : 0, Ping Success : 1
[01:23:01]  Tracking : Az 0, El 0.
