2026-01-06 13:08
[13:08:10]  Connect to Switch Box.............Success.
[13:08:10]  Connect to Rotator................Success.
[13:08:10]  Connect to GS100..................Success.
[13:08:10]  TM Port 13 bind success.
[13:08:10]  BCN Port 31 bind success.
[13:08:10]  RPT Port 25 bind success.
[13:08:10]  Event Port 27 bind success.
[13:08:10]  COSMIC Beacon Port 23 bind success.
[13:08:10]  COSMIC Report Port 24 bind success.
[13:08:14]  TLE "cubesat" Download Completed.
[13:08:19]  Start Engaging.
[13:08:19]  Tracking : Az 178, El 5.
[13:08:20]  Start Doppler Correction.
[13:08:21]  Tracking : Az 178, El 5.
[13:08:23]  Tracking : Az 178, El 5.
[13:08:25]  Tracking : Az 178, El 5.
[13:08:27]  Tracking : Az 178, El 6.
[13:08:29]  Tracking : Az 178, El 6.
[13:08:31]  Tracking : Az 178, El 6.
[13:08:33]  Tracking : Az 178, El 6.
[13:08:35]  Tracking : Az 179, El 6.
[13:08:37]  Tracking : Az 179, El 6.
[13:08:39]  Tracking : Az 179, El 7.
[13:08:41]  Tracking : Az 179, El 7.
[13:08:43]  Tracking : Az 179, El 7.
[13:08:45]  Tracking : Az 179, El 7.
[13:08:47]  Tracking : Az 179, El 7.
[13:08:49]  Tracking : Az 179, El 7.
[13:09:01]  Tracking : Az 180, El 9.
[13:09:22]  Tracking : Az 181, El 11.
[13:09:40]  Tracking : Az 182, El 13.
[13:09:58]  Tracking : Az 183, El 15.
[13:10:13]  Forked Safe Amplifier Process.(ON, Timer)
[13:10:15]  Ping Success at node 5, 460ms
[13:10:20]  Tracking : Az 185, El 18.
[13:10:25]  [OK]CMD Packet Header: 0x18 0x75 0xc0 0x0 0x0 0x1 0x14 0x47
[13:10:26]  Received Report from port : 25.
[13:10:28]  Received Report from port : 25.
[13:10:30]  Received Report from port : 25.
[13:10:40]  Tracking : Az 187, El 21.
[13:10:58]  Tracking : Az 189, El 24.
[13:11:04]  [OK]CMD Packet Header: 0x18 0x75 0xc0 0x0 0x0 0x1 0x1a 0x49
[13:11:14]  Tracking : Az 191, El 27.
[13:11:15]  Ping Failed.
[13:11:22]  Ping Success at node 5, 472ms
[13:11:25]  [OK]CMD Packet Header: 0x18 0x75 0xc0 0x0 0x0 0x1 0x1a 0x0
[13:11:26]  Received Report from port : 25.
[13:11:28]  Tracking : Az 194, El 30.
[13:11:28]  Received Report from port : 25.
[13:11:30]  Received Report from port : 25.
[13:11:40]  Tracking : Az 196, El 33.
[13:11:49]  Tracking : Az 199, El 35.
[13:11:59]  Tracking : Az 202, El 38.
[13:12:01]  [OK]CMD Packet Header: 0x18 0x75 0xc0 0x0 0x0 0x5 0x1e 0xa2
[13:12:02]  Received Report from port : 25.
[13:12:04]  Received Report from port : 25.
[13:12:05]  Tracking : Az 204, El 39.
[13:12:06]  Received Report from port : 25.
[13:12:13]  Tracking : Az 207, El 42.
[13:12:17]  [OK]CMD Packet Header: 0x18 0x50 0xc0 0x0 0x0 0x1 0x6 0x70
[13:12:19]  Tracking : Az 210, El 43.
[13:12:25]  Tracking : Az 213, El 45.
[13:12:27]  Ping Success at node 5, 467ms
[00:11:44]  [OK]CMD Packet Header: 0x18 0x50 0xc0 0x0 0x0 0x1 0x6 0x70
[13:12:30]  Received Report from port : 25.
[13:12:31]  Tracking : Az 216, El 47.
[13:12:32]  Received Report from port : 25.
[13:12:34]  Received Report from port : 25.
[13:12:37]  Tracking : Az 220, El 49.
[13:12:41]  Tracking : Az 223, El 50.
[13:12:45]  Tracking : Az 226, El 51.
[13:12:49]  Tracking : Az 229, El 52.
[13:12:54]  Tracking : Az 233, El 53.
[13:12:54]  [OK]CMD Packet Header: 0x18 0x75 0xc0 0x0 0x0 0x1 0x14 0x47
[13:12:55]  Received Report from port : 25.
[13:12:56]  Tracking : Az 235, El 53.
[13:12:57]  Received Report from port : 25.
[13:12:59]  Tracking : Az 238, El 54.
[13:12:59]  Received Report from port : 25.
[13:13:02]  Tracking : Az 241, El 55.
[13:13:05]  Tracking : Az 244, El 55.
[13:13:05]  Forked Safe Amplifier Process. (OFF)
[13:13:08]  Finish Engaging.
[13:13:08]  Beacon Success : 0, Ping Success : 3
[13:13:13]  Tracking : Az 0, El 0.
[00:45:55]  Rotator Read Failed.
[00:45:57]  Rotator Read Failed.
[00:45:59]  Rotator Read Failed.
[00:46:01]  Rotator Read Failed.
[00:46:03]  Rotator Read Failed.
[00:46:05]  Rotator Read Failed.
