2026-01-02 00:48
[00:48:58]  Connect to Switch Box.............Success.
[00:48:58]  Connect to Rotator................Success.
[00:48:58]  Connect to GS100..................Success.
[00:48:58]  TM Port 13 bind success.
[00:48:58]  BCN Port 31 bind success.
[00:48:58]  RPT Port 25 bind success.
[00:48:58]  Event Port 27 bind success.
[00:48:58]  COSMIC Beacon Port 23 bind success.
[00:48:58]  COSMIC Report Port 24 bind success.
[00:49:14]  TLE "cubesat" Download Completed.
[00:49:29]  Start Engaging.
[00:49:29]  Tracking : Az 20, El 0.
[00:49:31]  Start Doppler Correction.
[00:49:31]  Tracking : Az 20, El 0.
[00:49:33]  Tracking : Az 20, El 0.
[01:11:04]  Forked Safe Amplifier Process.(ON, Timer)
[01:11:10]  Ping Failed.
[01:11:17]  Tracking : Az 22, El 3.
[01:11:19]  Tracking : Az 22, El 3.
[01:11:25]  Ping Failed.
[01:11:38]  Ping Failed.
[01:11:59]  Tracking : Az 24, El 6.
[01:12:06]  Ping Failed.
[01:12:17]  Ping Failed.
[01:12:24]  Tracking : Az 26, El 8.
[01:12:35]  Ping Success at node 5, 477ms
[01:12:45]  Tracking : Az 28, El 9.
[01:12:45]  Ping Failed at node 3.
[01:12:48]  Ping Success at node 5, 471ms
[01:12:50]  AX100 Boot Count : 22231
[01:12:57]  Tracking : Az 29, El 11.
[01:13:17]  Tracking : Az 31, El 13.
[01:13:19]  Ping Success at node 5, 469ms
[01:13:25]  Ping Failed at node 3.
[01:13:28]  AX100 Boot Count : 22231
[01:13:30]  Remote Param Control OK. can_en : true
[01:13:35]  Remote Param Control OK. rssi_busy : 0
[01:13:38]  Ping Success at node 5, 465ms
[01:13:42]  Tracking : Az 34, El 15.
[01:13:44]  Ping Failed at node 3.
[01:13:51]  Ping Failed at node 3.
[01:13:54]  AX100 Boot Count : 22231
[01:14:00]  Tracking : Az 36, El 18.
[01:14:00]  Ping Failed at node 3.
[01:14:02]  Tracking : Az 36, El 18.
[01:14:02]  Remote Param Control OK. csp_rtable : 0/0 AX100, 3/5 CAN, 6/5 CAN
[01:14:04]  Tracking : Az 37, El 18.
[01:14:04]  Remote Param Control OK. Active Conf : 1
[01:14:06]  Tracking : Az 37, El 18.
[01:14:08]  Remote Param Control OK. Last RSSI : -96
[01:14:12]  Remote Param Control OK. rx_baud : 4800
[01:14:13]  Remote Param Control OK. tx_baud : 4800
[01:14:20]  Ping Failed at node 3.
[01:14:20]  Tracking : Az 40, El 20.
[01:14:22]  Ping Success at node 5, 460ms
[01:14:23]  Tracking : Az 40, El 21.
[01:14:25]  AX100 Boot Count : 22231
[01:14:35]  Tracking : Az 43, El 22.
[01:14:41]  Remote Param Control OK. can_en : true
[01:14:43]  Remote Param Control OK. can_en : true
[01:14:44]  Remote Param Control OK. can_en : true
[01:14:46]  Ping Success at node 5, 466ms
[01:14:48]  Tracking : Az 46, El 24.
[01:14:50]  Ping Failed at node 3.
[01:14:55]  Ping Failed at node 6.
[01:14:59]  Tracking : Az 49, El 26.
[01:15:01]  Ping Failed at node 3.
[01:15:05]  Ping Failed at node 3.
[01:15:07]  Ping Success at node 5, 460ms
[01:15:09]  Ping Success at node 5, 468ms
[01:15:10]  Tracking : Az 52, El 28.
[01:15:13]  Ping Success at node 5, 457ms
[01:15:18]  Remote Param Control OK. Last RSSI : -100
[01:15:19]  Tracking : Az 55, El 29.
[01:15:20]  AX100 Boot Count : 22231
[01:15:22]  Remote Param Control OK. can_en : true
[01:15:24]  Remote Param Control OK. can_en : true
[01:15:25]  Tracking : Az 57, El 30.
[01:15:26]  Remote Param Control OK. can_en : true
[01:15:29]  Remote Param Control OK.
[01:15:31]  Remote Param Control OK. can_en : true
[01:15:32]  Tracking : Az 60, El 32.
[01:15:33]  Remote Param Control OK.
[01:15:34]  Tracking : Az 61, El 32.
[01:15:35]  Remote Param Control OK. can_en : true
[01:15:39]  Ping Failed at node 3.
[01:15:41]  Tracking : Az 64, El 33.
[01:15:44]  Ping Failed at node 3.
[01:15:47]  Tracking : Az 66, El 34.
[01:15:54]  Tracking : Az 70, El 35.
[01:15:56]  Tracking : Az 71, El 35.
[01:15:58]  Tracking : Az 72, El 36.
[01:15:58]  Ping Success at node 5, 459ms
[01:16:04]  Tracking : Az 75, El 36.
[01:16:06]  Tracking : Az 76, El 37.
[01:16:06]  AX100 Boot Count : 22231
[01:16:08]  Tracking : Az 77, El 37.
[01:16:11]  Tracking : Az 79, El 37.
[01:16:11]  Ping Failed at node 3.
[01:16:14]  Ping Failed at node 3.
[01:16:17]  Tracking : Az 83, El 38.
[01:16:19]  Tracking : Az 84, El 38.
[01:16:20]  Ping Failed at node 3.
[01:16:24]  Tracking : Az 87, El 38.
[01:16:27]  Tracking : Az 89, El 39.
[01:16:32]  Tracking : Az 92, El 39.
[01:16:34]  Tracking : Az 93, El 39.
[01:16:40]  [OK]CMD Packet Header: 0x18 0x23 0xc0 0x0 0x0 0x1 0x1b 0x1e
[01:16:40]  Tracking : Az 97, El 39.
[01:16:40]  [OK]CMD Packet Header: 0x18 0x23 0xc0 0x0 0x0 0x8 0x2 0x18
[01:16:40]  [OK]CMD Packet Header: 0x18 0x19 0xc0 0x0 0x0 0x5 0x0 0x29
[01:16:42]  Tracking : Az 98, El 39.
[01:16:46]  Tracking : Az 101, El 39.
[01:16:46]  [OK]CMD Packet Header: 0x18 0x23 0xc0 0x0 0x0 0x1 0x1b 0x1e
[01:16:46]  [OK]CMD Packet Header: 0x18 0x23 0xc0 0x0 0x0 0x8 0x2 0x18
[01:16:46]  [OK]CMD Packet Header: 0x18 0x23 0xc0 0x0 0x0 0x8 0x2 0x18
[01:16:46]  [OK]CMD Packet Header: 0x18 0x19 0xc0 0x0 0x0 0x5 0x0 0x29
[01:16:49]  Tracking : Az 103, El 39.
[01:16:54]  Tracking : Az 106, El 39.
[01:16:56]  Tracking : Az 107, El 39.
[01:16:58]  Tracking : Az 109, El 38.
[01:17:04]  Tracking : Az 112, El 38.
[01:17:06]  Tracking : Az 114, El 38.
[01:17:09]  Ping Failed at node 3.
[01:17:11]  Ping Success at node 5, 464ms
[01:17:12]  Tracking : Az 117, El 37.
[01:17:14]  AX100 Boot Count : 22231
[01:17:14]  Tracking : Az 118, El 37.
[01:17:17]  Remote Param Control OK. csp_rtable : 0/0 AX100, 3/5 CAN, 6/5 CAN
[01:17:20]  Tracking : Az 122, El 36.
[01:17:22]  Tracking : Az 123, El 36.
[01:17:25]  Remote Param Control OK.
[01:17:28]  Remote Param Control OK. can_en : false
[01:17:28]  Tracking : Az 126, El 35.
[01:17:30]  Tracking : Az 127, El 35.
[01:17:30]  Remote Param Control OK. can_en : false
[01:17:34]  Remote Param Control OK.
[01:17:36]  Tracking : Az 130, El 34.
[01:17:38]  Tracking : Az 131, El 34.
[01:17:38]  Remote Param Control OK. can_en : true
[01:17:41]  Ping Success at node 5, 469ms
[01:17:44]  Tracking : Az 133, El 33.
[01:17:46]  Tracking : Az 134, El 32.
[01:17:47]  Ping Failed at node 3.
[01:17:52]  Tracking : Az 137, El 31.
[01:17:54]  Tracking : Az 137, El 31.
[01:17:57]  Ping Failed at node 3.
[01:18:00]  Tracking : Az 140, El 30.
[01:18:01]  Ping Success at node 5, 457ms
[01:18:03]  Tracking : Az 141, El 29.
[01:18:04]  Ping Success at node 5, 469ms
[01:18:08]  AX100 Boot Count : 22231
[01:18:11]  Tracking : Az 144, El 28.
[01:18:19]  Ping Success at node 5, 470ms
[01:18:21]  Tracking : Az 147, El 26.
[01:18:25]  Ping Failed at node 3.
[01:18:32]  Tracking : Az 150, El 25.
[01:18:49]  Tracking : Az 154, El 22.
[01:18:49]  Ping Failed at node 3.
[01:18:51]  Ping Success at node 5, 464ms
[01:18:51]  Tracking : Az 154, El 22.
[01:18:56]  Ping Failed.
[01:19:00]  Ping Failed.
[01:19:04]  Tracking : Az 157, El 20.
[01:19:04]  Cannot Load Remote Parameter.
[01:19:10]  Ping Failed at node 3.
[01:19:11]  AX100 Boot Count : 22231
[01:19:16]  Ping Failed at node 3.
[01:19:19]  Ping Failed.
[01:19:21]  Tracking : Az 160, El 18.
[01:19:25]  Ping Failed at node 3.
[01:19:29]  Ping Failed.
[01:19:41]  Ping Failed at node 6.
[01:19:42]  Tracking : Az 163, El 15.
[01:19:46]  Ping Failed.
[01:19:52]  Ping Failed.
[01:19:55]  Ping Failed.
[01:19:59]  Ping Failed at node 6.
[01:20:04]  Tracking : Az 165, El 12.
[01:20:11]  Ping Failed.
[01:20:15]  Ping Failed.
[01:20:22]  Ping Failed.
[01:20:28]  Tracking : Az 168, El 10.
[01:20:28]  Ping Failed.
[01:20:33]  Ping Failed.
[01:20:35]  Cannot Load Remote Parameter.
[01:20:39]  Ping Failed.
[01:20:46]  Ping Failed.
[01:20:52]  Forked Safe Amplifier Process. (OFF)
[01:20:55]  Finish Engaging.
[01:20:55]  Beacon Success : 0, Ping Success : 16
[01:20:55]  Tracking : Az 0, El 0.
