2026-01-14 13:16
[13:16:20]  Connect to Switch Box.............Success.
[13:16:20]  Connect to Rotator................Success.
[13:16:20]  Connect to GS100..................Success.
[13:16:20]  TM Port 13 bind success.
[13:16:20]  BCN Port 31 bind success.
[13:16:20]  RPT Port 25 bind success.
[13:16:20]  Event Port 27 bind success.
[13:16:20]  COSMIC Beacon Port 23 bind success.
[13:16:20]  COSMIC Report Port 24 bind success.
[13:16:33]  TLE "cubesat" Download Completed.
[13:17:13]  Start Engaging.
[13:17:13]  Tracking : Az 190, El 0.
[13:17:15]  Start Doppler Correction.
[13:17:15]  Tracking : Az 190, El 0.
[13:17:17]  Tracking : Az 190, El 0.
[13:17:19]  Tracking : Az 190, El 0.
[13:17:21]  Tracking : Az 190, El 0.
[13:17:23]  Tracking : Az 190, El 0.
[13:17:25]  Tracking : Az 190, El 0.
[13:17:27]  Tracking : Az 190, El 0.
[13:17:29]  Tracking : Az 190, El 0.
[13:17:31]  Tracking : Az 190, El 0.
[13:17:33]  Tracking : Az 190, El 0.
[13:17:35]  Tracking : Az 190, El 0.
[13:17:37]  Tracking : Az 190, El 0.
[13:17:39]  Tracking : Az 190, El 0.
[13:17:41]  Tracking : Az 190, El 0.
[13:17:43]  Tracking : Az 190, El 0.
[13:17:45]  Tracking : Az 190, El 0.
[13:31:15]  Tracking : Az 192, El 1.
[13:31:52]  Tracking : Az 194, El 4.
[13:32:20]  Tracking : Az 196, El 6.
[13:32:45]  Tracking : Az 199, El 7.
[13:32:59]  Tracking : Az 200, El 9.
[13:33:21]  Tracking : Az 203, El 10.
[13:33:26]  Forked Safe Amplifier Process.(ON, Timer)
[13:33:30]  Ping Failed.
[13:33:40]  Ping Failed.
[13:33:43]  Tracking : Az 206, El 12.
[13:33:44]  Ping Failed.
[13:33:49]  Ping Failed.
[13:33:55]  Ping Failed.
[13:34:02]  Tracking : Az 209, El 14.
[13:34:18]  Ping Success at node 5, 461ms
[13:34:19]  Tracking : Az 212, El 16.
[13:34:20]  Ping Success at node 5, 462ms
[13:34:21]  Ping Success at node 5, 467ms
[13:34:24]  AX100 Boot Count : 22243
[13:34:26]  Remote Param Control OK.(No Reply)
[13:34:28]  Remote Param Control OK. csp_rtable : 0/0 AX100, 3/5 CAN
[13:34:34]  Tracking : Az 215, El 18.
[13:34:35]  Ping Success at node 5, 472ms
[13:34:44]  Ping Failed at node 3.
[13:34:45]  Ping Success at node 5, 464ms
[13:34:47]  Tracking : Az 218, El 19.
[13:34:49]  Ping Failed at node 3.
[13:34:52]  Ping Failed at node 3.
[13:34:53]  Ping Success at node 5, 472ms
[13:34:55]  Tracking : Az 220, El 20.
[13:34:59]  Ping Failed at node 3.
[13:35:05]  Forked Safe Amplifier Process. (OFF)
[13:35:07]  Tracking : Az 223, El 21.
[13:35:17]  Tracking : Az 226, El 22.
[13:35:27]  Tracking : Az 229, El 23.
[13:35:33]  Finish Engaging.
[13:35:33]  Beacon Success : 0, Ping Success : 6
[13:35:35]  Tracking : Az 0, El 0.
