2025-12-26 13:34
[13:34:17]  Connect to Switch Box.............Success.
[13:34:17]  Connect to Rotator................Success.
[13:34:17]  Connect to GS100..................Success.
[13:34:17]  TM Port 13 bind success.
[13:34:17]  BCN Port 31 bind success.
[13:34:17]  RPT Port 25 bind success.
[13:34:17]  Event Port 27 bind success.
[13:34:17]  COSMIC Beacon Port 23 bind success.
[13:34:17]  COSMIC Report Port 24 bind success.
[13:37:49]  TLE "cubesat" Download Completed.
[14:15:02]  Start Engaging.
[14:15:02]  Tracking : Az 221, El 0.
[14:15:04]  Start Doppler Correction.
[14:15:04]  Tracking : Az 221, El 0.
[14:15:06]  Tracking : Az 221, El 0.
[14:15:08]  Tracking : Az 221, El 0.
[14:15:10]  Tracking : Az 221, El 0.
[14:15:12]  Tracking : Az 221, El 0.
[14:15:14]  Tracking : Az 221, El 0.
[14:15:16]  Tracking : Az 221, El 0.
[14:15:18]  Tracking : Az 221, El 0.
[14:15:20]  Tracking : Az 221, El 0.
[14:15:22]  Tracking : Az 221, El 0.
[14:15:24]  Tracking : Az 221, El 0.
[14:15:26]  Tracking : Az 221, El 0.
[14:15:28]  Tracking : Az 221, El 0.
[14:15:30]  Tracking : Az 221, El 0.
[14:15:32]  Tracking : Az 221, El 0.
[14:15:34]  Tracking : Az 221, El 0.
[14:15:36]  Tracking : Az 221, El 0.
[14:15:38]  Tracking : Az 221, El 0.
[14:16:58]  Forked Safe Amplifier Process.(ON, Timer)
[14:17:02]  Ping Success at node 5, 481ms
[14:17:04]  Ping Success at node 5, 476ms
[14:17:07]  Ping Failed.
[14:17:10]  Tracking : Az 224, El 0.
[14:17:11]  Cannot Load Remote Parameter.
[14:17:15]  Ping Failed.
[14:17:19]  Ping Success at node 5, 481ms
[14:17:22]  Cannot Load Remote Parameter.
[14:17:27]  AX100 Boot Count : 22227
[14:17:34]  Cannot Load Remote Parameter.
[14:17:35]  Tracking : Az 227, El 1.
[14:17:36]  Remote Param Control OK. csp_rtable : 0/0 AX100, 3/5 CAN
[14:17:47]  Ping Failed at node 3.
[14:17:50]  Tracking : Az 229, El 2.
[14:17:53]  Ping Failed at node 3.
[14:17:54]  Ping Success at node 5, 469ms
[14:17:58]  Ping Failed at node 3.
[14:18:04]  Ping Success at node 5, 474ms
[14:18:10]  Cannot Load Remote Parameter.
[14:18:11]  Tracking : Az 232, El 3.
[14:18:14]  Cannot Load Remote Parameter.
[14:18:18]  Cannot Load Remote Parameter.
[14:18:22]  Ping Failed.
[14:18:26]  Ping Failed.
[14:18:31]  Tracking : Az 235, El 4.
[14:18:32]  Ping Failed.
[14:18:35]  Ping Success at node 5, 474ms
[14:18:37]  AX100 Boot Count : 22227
[14:18:42]  Cannot Load Remote Parameter.
[14:18:48]  Ping Failed at node 3.
[14:18:50]  Tracking : Az 238, El 5.
[14:18:53]  [OK]CMD Packet Header: 0x18 0x23 0xc0 0x0 0x0 0x1 0x6 0x3
[14:18:56]  [OK]CMD Packet Header: 0x18 0x23 0xc0 0x0 0x0 0x1 0x6 0x3
[14:18:59]  [OK]CMD Packet Header: 0x18 0x23 0xc0 0x0 0x0 0x1 0x6 0x3
[14:19:08]  Tracking : Az 241, El 5.
[14:19:10]  [OK]CMD Packet Header: 0x18 0x20 0xc0 0x0 0x0 0x5 0x7 0xd
[14:19:13]  [OK]CMD Packet Header: 0x18 0x20 0xc0 0x0 0x0 0x5 0x7 0xd
[14:19:15]  [OK]CMD Packet Header: 0x18 0x20 0xc0 0x0 0x0 0x5 0x7 0xd
[14:19:22]  [OK]CMD Packet Header: 0x18 0x23 0xc0 0x0 0x0 0x1 0x1b 0x1e
[14:19:22]  [OK]CMD Packet Header: 0x18 0x23 0xc0 0x0 0x0 0x8 0x2 0x18
[14:19:22]  [OK]CMD Packet Header: 0x18 0x19 0xc0 0x0 0x0 0x5 0x0 0x29
[14:19:25]  Tracking : Az 244, El 6.
[14:19:25]  [OK]CMD Packet Header: 0x18 0x23 0xc0 0x0 0x0 0x1 0x1b 0x1e
[14:19:26]  [OK]CMD Packet Header: 0x18 0x23 0xc0 0x0 0x0 0x8 0x2 0x18
[14:19:26]  [OK]CMD Packet Header: 0x18 0x19 0xc0 0x0 0x0 0x5 0x0 0x29
[14:19:30]  [OK]CMD Packet Header: 0x18 0x23 0xc0 0x0 0x0 0x1 0x1b 0x1e
[14:19:30]  [OK]CMD Packet Header: 0x18 0x23 0xc0 0x0 0x0 0x8 0x2 0x18
[14:19:30]  [OK]CMD Packet Header: 0x18 0x19 0xc0 0x0 0x0 0x5 0x0 0x29
[14:19:38]  Ping Failed at node 3.
[14:19:40]  Ping Success at node 5, 474ms
[14:19:41]  Tracking : Az 247, El 6.
[14:19:46]  Ping Failed at node 3.
[14:19:48]  AX100 Boot Count : 22227
[14:19:50]  Ping Success at node 5, 467ms
[14:19:55]  Ping Failed at node 3.
[14:19:56]  Tracking : Az 250, El 7.
[14:20:01]  [OK]CMD Packet Header: 0x18 0x23 0xc0 0x0 0x0 0x1 0x1b 0x1e
[14:20:01]  [OK]CMD Packet Header: 0x18 0x23 0xc0 0x0 0x0 0x8 0x2 0x18
[14:20:01]  [OK]CMD Packet Header: 0x18 0x19 0xc0 0x0 0x0 0x5 0x0 0x29
[14:20:11]  Ping Failed at node 3.
[14:20:11]  Tracking : Az 253, El 7.
[14:20:13]  Ping Success at node 5, 465ms
[14:20:18]  Ping Failed at node 3.
[14:20:21]  Remote Param Control OK. Active Conf : 1
[14:20:26]  Tracking : Az 256, El 8.
[14:20:26]  Cannot Load Remote Parameter.
[14:20:30]  Cannot Load Remote Parameter.
[14:20:37]  Cannot Load Remote Parameter.
[14:20:40]  Tracking : Az 259, El 8.
[14:20:42]  Cannot Load Remote Parameter.
[14:20:48]  Ping Failed.
[14:20:54]  Tracking : Az 262, El 8.
[14:20:56]  Cannot Load Remote Parameter.
[14:21:00]  Ping Failed.
[14:21:04]  Ping Failed.
[14:21:08]  Ping Failed.
[14:21:08]  Tracking : Az 265, El 8.
[14:21:13]  Ping Failed.
[14:21:18]  Tracking : Az 267, El 8.
[14:21:22]  Ping Success at node 5, 467ms
[14:21:27]  Cannot Load Remote Parameter.
[14:21:31]  Tracking : Az 270, El 8.
[14:21:31]  Cannot Load Remote Parameter.
[14:21:37]  Cannot Load Remote Parameter.
[14:21:43]  Cannot Load Remote Parameter.
[14:21:45]  Tracking : Az 273, El 8.
[14:21:45]  AX100 Boot Count : 22227
[14:21:52]  Ping Failed at node 3.
[14:21:59]  Tracking : Az 276, El 8.
[14:22:02]  [OK]CMD Packet Header: 0x18 0x23 0xc0 0x0 0x0 0x8 0x2 0x18
[14:22:04]  [OK]CMD Packet Header: 0x18 0x19 0xc0 0x0 0x0 0x5 0x0 0x29
[14:22:07]  [OK]CMD Packet Header: 0x18 0x23 0xc0 0x0 0x0 0x8 0x2 0x18
[14:22:08]  [OK]CMD Packet Header: 0x18 0x19 0xc0 0x0 0x0 0x5 0x0 0x29
[14:22:11]  [OK]CMD Packet Header: 0x18 0x23 0xc0 0x0 0x0 0x8 0x2 0x18
[14:22:12]  [OK]CMD Packet Header: 0x18 0x19 0xc0 0x0 0x0 0x5 0x0 0x29
[14:22:13]  Tracking : Az 279, El 8.
[14:22:23]  Tracking : Az 281, El 8.
[14:22:23]  [OK]CMD Packet Header: 0x18 0x23 0xc0 0x0 0x0 0x1 0x1b 0x1e
[14:22:24]  [OK]CMD Packet Header: 0x18 0x23 0xc0 0x0 0x0 0x8 0x2 0x18
[14:22:24]  [OK]CMD Packet Header: 0x18 0x19 0xc0 0x0 0x0 0x5 0x0 0x29
[14:22:27]  [OK]CMD Packet Header: 0x18 0x23 0xc0 0x0 0x0 0x1 0x1b 0x1e
[14:22:27]  [OK]CMD Packet Header: 0x18 0x23 0xc0 0x0 0x0 0x8 0x2 0x18
[14:22:28]  [OK]CMD Packet Header: 0x18 0x19 0xc0 0x0 0x0 0x5 0x0 0x29
[14:22:31]  AX100 Boot Count : 22227
[14:22:33]  Ping Success at node 5, 475ms
[14:22:35]  Tracking : Az 283, El 8.
[14:22:37]  Remote Param Control OK. csp_rtable : 0/0 AX100, 3/5 CAN
[14:22:41]  Tracking : Az 285, El 7.
[14:22:43]  Cannot Load Remote Parameter.
[14:22:45]  Remote Param Control OK. Last RSSI : -114
[14:22:51]  Remote Param Control OK. rx_baud : 4800
[14:22:53]  Remote Param Control OK. tx_baud : 4800
[14:22:56]  Remote Param Control OK. can_en : true
[14:22:56]  Tracking : Az 288, El 7.
[14:23:03]  Total RX Bytes : 32794
[14:23:06]  Ping Success at node 5, 467ms
[14:23:08]  Total RX Bytes : 32818
[14:23:11]  Tracking : Az 291, El 7.
[14:23:17]  [OK]CMD Packet Header: 0x18 0x23 0xc0 0x0 0x0 0x1 0x1b 0x1e
[14:23:18]  [OK]CMD Packet Header: 0x18 0x23 0xc0 0x0 0x0 0x8 0x2 0x18
[14:23:18]  [OK]CMD Packet Header: 0x18 0x19 0xc0 0x0 0x0 0x5 0x0 0x29
[14:23:22]  Total RX Bytes : 32865
[14:23:27]  Tracking : Az 294, El 6.
[14:23:40]  Total RX Bytes : 32881
[14:23:46]  [OK]CMD Packet Header: 0x18 0x23 0xc0 0x0 0x0 0x1 0x1b 0x1e
[14:23:47]  [OK]CMD Packet Header: 0x18 0x23 0xc0 0x0 0x0 0x8 0x2 0x18
[14:23:47]  [OK]CMD Packet Header: 0x18 0x19 0xc0 0x0 0x0 0x5 0x0 0x29
[14:23:49]  Tracking : Az 298, El 6.
[14:23:53]  Total RX Bytes : 32944
[14:23:59]  [OK]CMD Packet Header: 0x18 0x23 0xc0 0x0 0x0 0x1 0x1b 0x1e
[14:24:00]  [OK]CMD Packet Header: 0x18 0x23 0xc0 0x0 0x0 0x8 0x2 0x18
[14:24:00]  [OK]CMD Packet Header: 0x18 0x19 0xc0 0x0 0x0 0x5 0x0 0x29
[14:24:07]  Tracking : Az 301, El 5.
[14:24:08]  Ping Failed at node 3.
[14:24:12]  Ping Failed at node 3.
[14:24:18]  Cannot Load Remote Parameter.
[14:24:21]  Ping Failed.
[14:24:25]  Tracking : Az 304, El 4.
[14:24:33]  [OBC]Ping Failed.
[14:24:36]  Cannot Load Remote Parameter.
[14:24:42]  Ping Failed.
[14:24:45]  Tracking : Az 307, El 3.
[14:24:47]  Cannot Load Remote Parameter.
[14:24:50]  Ping Failed.
[14:24:57]  Ping Failed.
[14:25:03]  Ping Failed.
[14:25:06]  Tracking : Az 310, El 2.
[14:25:08]  Ping Failed.
[14:25:12]  Ping Failed.
[14:25:17]  Ping Failed.
[14:25:21]  Ping Failed.
[14:25:28]  Tracking : Az 313, El 2.
[14:25:29]  Ping Failed.
[14:25:38]  Ping Failed.
[14:25:43]  Cannot Load Remote Parameter.
[14:25:49]  Ping Failed.
[14:25:53]  Tracking : Az 316, El 0.
[14:25:54]  Forked Safe Amplifier Process. (OFF)
[14:26:02]  Finish Engaging.
[14:26:02]  Beacon Success : 0, Ping Success : 12
[14:26:05]  Tracking : Az 0, El 0.
