2026-01-09 19:29
[19:29:28]  Connect to Switch Box.............Success.
[19:29:28]  Connect to Rotator................Success.
[19:29:28]  Connect to GS100..................Success.
[19:29:28]  TM Port 13 bind success.
[19:29:28]  BCN Port 31 bind success.
[19:29:28]  RPT Port 25 bind success.
[19:29:28]  Event Port 27 bind success.
[19:29:28]  COSMIC Beacon Port 23 bind success.
[19:29:28]  COSMIC Report Port 24 bind success.
[19:29:39]  TLE "cubesat" Download Completed.
[19:30:04]  [Auto]Start AutoPilot.
[19:30:04]  [Auto]Start Autopilot. Next Valuable AOS : 1/9 19:29:59
[19:30:04]  [Auto]Max Elevation : 50.48° Please Keep Devices On.
[19:30:04]  [Auto]Start Engaging.
[19:30:04]  Tracking : Az 236, El 12.
[19:30:04]  [Auto]Start Doppler Correction.
[19:30:04]  AMP Process running
[19:30:04]  AMP Process running
[19:30:04]  AMP Process running
[19:30:04]  AMP Process running
[19:30:04]  AMP Process running
[19:30:04]  AMP Process running
[19:30:04]  AMP Process running
[19:30:04]  AMP Process running
[19:30:05]  AMP Process running
[19:30:05]  AMP Process running
[19:30:05]  AMP Process running
[19:30:05]  AMP Process running
[19:30:05]  AMP Process running
[19:30:05]  AMP Process running
[19:30:05]  AMP Process running
[19:30:05]  AMP Process running
[19:30:05]  AMP Process running
[19:30:05]  AMP Process running
[19:30:05]  AMP Process running
[19:30:05]  AMP Process running
[19:30:05]  AMP Process running
[19:30:05]  AMP Process running
[19:30:05]  AMP Process running
[19:30:05]  AMP Process running
[19:30:05]  AMP Process running
[19:30:05]  AMP Process running
[19:30:05]  AMP Process running
[19:30:05]  AMP Process running
[19:30:06]  AMP Process running
[19:30:06]  AMP Process running
[19:30:06]  AMP Process running
[19:30:06]  AMP Process running
[19:30:06]  AMP Process running
[19:30:06]  AMP Process running
[19:30:06]  AMP Process running
[19:30:06]  AMP Process running
[19:30:06]  AMP Process running
[19:30:06]  AMP Process running
[19:30:06]  AMP Process running
[19:30:06]  AMP Process running
[19:30:06]  AMP Process running
[19:30:06]  Tracking : Az 236, El 12.
[19:30:06]  AMP Process running
[19:30:06]  AMP Process running
[19:30:06]  AMP Process running
[19:30:06]  AMP Process running
[19:30:06]  AMP Process running
[19:30:06]  AMP Process running
[19:30:06]  AMP Process running
[19:30:07]  AMP Process running
[19:30:07]  AMP Process running
[19:30:07]  AMP Process running
[19:30:07]  AMP Process running
[19:30:07]  AMP Process running
[19:30:07]  AMP Process running
[19:30:07]  AMP Process running
[19:30:07]  AMP Process running
[19:30:07]  AMP Process running
[19:30:07]  AMP Process running
[19:30:07]  AMP Process running
[19:30:07]  AMP Process running
[19:30:07]  AMP Process running
[19:30:07]  AMP Process running
[19:30:07]  AMP Process running
[19:30:07]  AMP Process running
[19:30:07]  AMP Process running
[19:30:07]  AMP Process running
[19:30:07]  AMP Process running
[19:30:07]  AMP Process running
[19:30:08]  AMP Process running
[19:30:08]  AMP Process running
[19:30:08]  AMP Process running
[19:30:08]  AMP Process running
[19:30:08]  AMP Process running
[19:30:08]  AMP Process running
[19:30:08]  AMP Process running
[19:30:08]  AMP Process running
[19:30:08]  AMP Process running
[19:30:08]  AMP Process running
[19:30:08]  AMP Process running
[19:30:08]  AMP Process running
[19:30:08]  AMP Process running
[19:30:08]  Tracking : Az 236, El 12.
[19:30:08]  AMP Process running
[19:30:08]  AMP Process running
[19:30:08]  AMP Process running
[19:30:08]  AMP Process running
[19:30:08]  AMP Process running
[19:30:08]  AMP Process running
[19:30:09]  AMP Process running
[19:30:09]  AMP Process running
[19:30:09]  AMP Process running
[19:30:09]  AMP Process running
[19:30:09]  AMP Process running
[19:30:09]  AMP Process running
[19:30:09]  AMP Process running
[19:30:09]  AMP Process running
[19:30:09]  AMP Process running
[19:30:09]  AMP Process running
[19:30:09]  AMP Process running
[19:30:09]  AMP Process running
[19:30:09]  AMP Process running
[19:30:09]  AMP Process running
[19:30:09]  AMP Process running
[19:30:09]  AMP Process running
[19:30:09]  AMP Process running
[19:30:09]  AMP Process running
[19:30:09]  AMP Process running
[19:30:09]  AMP Process running
[19:30:10]  AMP Process running
[19:30:10]  AMP Process running
[19:30:10]  AMP Process running
[19:30:10]  AMP Process running
[19:30:10]  AMP Process running
[19:30:10]  AMP Process running
[19:30:10]  AMP Process running
[19:30:10]  AMP Process running
[19:30:10]  AMP Process running
[19:30:10]  AMP Process running
[19:30:10]  AMP Process running
[19:30:10]  AMP Process running
[19:30:10]  AMP Process running
[19:30:10]  AMP Process running
[19:30:10]  Tracking : Az 236, El 12.
[19:30:10]  AMP Process running
[19:30:10]  AMP Process running
[19:30:10]  AMP Process running
[19:30:10]  AMP Process running
[19:30:10]  AMP Process running
[19:30:10]  AMP Process running
[19:30:11]  AMP Process running
[19:30:11]  AMP Process running
[19:30:11]  AMP Process running
[19:30:11]  AMP Process running
[19:30:11]  AMP Process running
[19:30:11]  AMP Process running
[19:30:11]  AMP Process running
[19:30:11]  AMP Process running
[19:30:11]  AMP Process running
[19:30:11]  AMP Process running
[19:30:11]  AMP Process running
[19:30:11]  AMP Process running
[19:30:11]  AMP Process running
[19:30:11]  AMP Process running
[19:30:11]  AMP Process running
[19:30:11]  AMP Process running
[19:30:11]  AMP Process running
[19:30:11]  AMP Process running
[19:30:11]  AMP Process running
[19:30:11]  AMP Process running
[19:30:12]  AMP Process running
[19:30:12]  AMP Process running
[19:30:12]  AMP Process running
[19:30:12]  AMP Process running
[19:30:12]  AMP Process running
[19:30:12]  AMP Process running
[19:30:12]  AMP Process running
[19:30:12]  AMP Process running
[19:30:12]  AMP Process running
[19:30:12]  AMP Process running
[19:30:12]  AMP Process running
[19:30:12]  AMP Process running
[19:30:12]  AMP Process running
[19:30:12]  AMP Process running
[19:30:12]  Tracking : Az 236, El 12.
[19:30:12]  AMP Process running
[19:30:12]  AMP Process running
[19:30:12]  AMP Process running
[19:30:12]  AMP Process running
[19:30:12]  AMP Process running
[19:30:12]  AMP Process running
[19:30:13]  AMP Process running
[19:30:13]  AMP Process running
[19:30:13]  AMP Process running
[19:30:13]  AMP Process running
[19:30:13]  AMP Process running
[19:30:13]  AMP Process running
[19:30:13]  AMP Process running
[19:30:13]  AMP Process running
[19:30:13]  AMP Process running
[19:30:13]  AMP Process running
[19:30:13]  AMP Process running
[19:30:13]  AMP Process running
[19:30:13]  AMP Process running
[19:30:13]  AMP Process running
[19:30:13]  AMP Process running
[19:30:13]  AMP Process running
[19:30:13]  AMP Process running
[19:30:13]  AMP Process running
[19:30:13]  AMP Process running
[19:30:13]  AMP Process running
[19:30:14]  AMP Process running
[19:30:14]  AMP Process running
[19:30:14]  AMP Process running
[19:30:14]  AMP Process running
[19:30:14]  AMP Process running
[19:30:14]  AMP Process running
[19:30:14]  AMP Process running
[19:30:14]  AMP Process running
[19:30:14]  AMP Process running
[19:30:14]  AMP Process running
[19:30:14]  AMP Process running
[19:30:14]  AMP Process running
[19:30:14]  AMP Process running
[19:30:14]  AMP Process running
[19:30:14]  Tracking : Az 236, El 12.
[19:30:14]  AMP Process running
[19:30:14]  AMP Process running
[19:30:14]  AMP Process running
[19:30:14]  AMP Process running
[19:30:14]  AMP Process running
[19:30:14]  AMP Process running
[19:30:15]  AMP Process running
[19:30:15]  AMP Process running
[19:30:15]  AMP Process running
[19:30:15]  AMP Process running
[19:30:15]  AMP Process running
[19:30:15]  AMP Process running
[19:30:15]  AMP Process running
[19:30:15]  AMP Process running
[19:30:15]  AMP Process running
[19:30:15]  AMP Process running
[19:30:15]  AMP Process running
[19:30:15]  AMP Process running
[19:30:15]  AMP Process running
[19:30:15]  AMP Process running
[19:30:15]  AMP Process running
[19:30:15]  AMP Process running
[19:30:15]  AMP Process running
[19:30:15]  AMP Process running
[19:30:15]  AMP Process running
[19:30:15]  AMP Process running
[19:30:16]  AMP Process running
[19:30:16]  AMP Process running
[19:30:16]  AMP Process running
[19:30:16]  AMP Process running
[19:30:16]  AMP Process running
[19:30:16]  AMP Process running
[19:30:16]  AMP Process running
[19:30:16]  AMP Process running
[19:30:16]  AMP Process running
[19:30:16]  AMP Process running
[19:30:16]  AMP Process running
[19:30:16]  AMP Process running
[19:30:16]  AMP Process running
[19:30:16]  AMP Process running
[19:30:16]  Tracking : Az 236, El 12.
[19:30:16]  AMP Process running
[19:30:16]  AMP Process running
[19:30:16]  AMP Process running
[19:30:16]  AMP Process running
[19:30:16]  AMP Process running
[19:30:16]  AMP Process running
[19:30:17]  AMP Process running
[19:30:17]  AMP Process running
[19:30:17]  AMP Process running
[19:30:17]  AMP Process running
[19:30:17]  AMP Process running
[19:30:17]  AMP Process running
[19:30:17]  AMP Process running
[19:30:17]  AMP Process running
[19:30:17]  AMP Process running
[19:30:17]  AMP Process running
[19:30:17]  AMP Process running
[19:30:17]  AMP Process running
[19:30:17]  AMP Process running
[19:30:17]  AMP Process running
[19:30:17]  AMP Process running
[19:30:17]  AMP Process running
[19:30:17]  AMP Process running
[19:30:17]  AMP Process running
[19:30:17]  AMP Process running
[19:30:17]  AMP Process running
[19:30:18]  AMP Process running
[19:30:18]  AMP Process running
[19:30:18]  AMP Process running
[19:30:18]  AMP Process running
[19:30:18]  AMP Process running
[19:30:18]  AMP Process running
[19:30:18]  AMP Process running
[19:30:18]  AMP Process running
[19:30:18]  AMP Process running
[19:30:18]  AMP Process running
[19:30:18]  AMP Process running
[19:30:18]  AMP Process running
[19:30:18]  AMP Process running
[19:30:18]  AMP Process running
[19:30:18]  Tracking : Az 237, El 12.
[19:30:18]  AMP Process running
[19:30:18]  AMP Process running
[19:30:18]  AMP Process running
[19:30:18]  AMP Process running
[19:30:18]  AMP Process running
[19:30:18]  AMP Process running
[19:30:19]  AMP Process running
[19:30:19]  AMP Process running
[19:30:19]  AMP Process running
[19:30:19]  AMP Process running
[19:30:19]  AMP Process running
[19:30:19]  AMP Process running
[19:30:19]  AMP Process running
[19:30:19]  AMP Process running
[19:30:19]  AMP Process running
[19:30:19]  AMP Process running
[19:30:19]  AMP Process running
[19:30:19]  AMP Process running
[19:30:19]  AMP Process running
[19:30:19]  AMP Process running
[19:30:19]  AMP Process running
[19:30:19]  AMP Process running
[19:30:19]  AMP Process running
[19:30:19]  AMP Process running
[19:30:19]  AMP Process running
[19:30:19]  AMP Process running
[19:30:20]  AMP Process running
[19:30:20]  AMP Process running
[19:30:20]  AMP Process running
[19:30:20]  AMP Process running
[19:30:20]  AMP Process running
[19:30:20]  AMP Process running
[19:30:20]  AMP Process running
[19:30:20]  AMP Process running
[19:30:20]  AMP Process running
[19:30:20]  AMP Process running
[19:30:20]  AMP Process running
[19:30:20]  AMP Process running
[19:30:20]  AMP Process running
[19:30:20]  AMP Process running
[19:30:20]  Tracking : Az 237, El 12.
[19:30:20]  AMP Process running
[19:30:20]  AMP Process running
[19:30:20]  AMP Process running
[19:30:20]  AMP Process running
[19:30:20]  AMP Process running
[19:30:20]  AMP Process running
[19:30:21]  AMP Process running
[19:30:21]  AMP Process running
[19:30:21]  AMP Process running
[19:30:21]  AMP Process running
[19:30:21]  AMP Process running
[19:30:21]  AMP Process running
[19:30:21]  AMP Process running
[19:30:21]  AMP Process running
[19:30:21]  AMP Process running
[19:30:21]  AMP Process running
[19:30:21]  AMP Process running
[19:30:21]  AMP Process running
[19:30:21]  AMP Process running
[19:30:21]  AMP Process running
[19:30:21]  AMP Process running
[19:30:21]  AMP Process running
[19:30:21]  AMP Process running
[19:30:21]  AMP Process running
[19:30:21]  AMP Process running
[19:30:21]  AMP Process running
[19:30:22]  AMP Process running
[19:30:22]  AMP Process running
[19:30:22]  AMP Process running
[19:30:22]  AMP Process running
[19:30:22]  AMP Process running
[19:30:22]  AMP Process running
[19:30:22]  AMP Process running
[19:30:22]  AMP Process running
[19:30:22]  AMP Process running
[19:30:22]  AMP Process running
[19:30:22]  AMP Process running
[19:30:22]  AMP Process running
[19:30:22]  AMP Process running
[19:30:22]  AMP Process running
[19:30:22]  Tracking : Az 237, El 12.
[19:30:22]  AMP Process running
[19:30:22]  AMP Process running
[19:30:22]  AMP Process running
[19:30:22]  AMP Process running
[19:30:22]  AMP Process running
[19:30:22]  AMP Process running
[19:30:23]  AMP Process running
[19:30:23]  AMP Process running
[19:30:23]  AMP Process running
[19:30:23]  AMP Process running
[19:30:23]  AMP Process running
[19:30:23]  AMP Process running
[19:30:23]  AMP Process running
[19:30:23]  AMP Process running
[19:30:23]  AMP Process running
[19:30:23]  AMP Process running
[19:30:23]  AMP Process running
[19:30:23]  AMP Process running
[19:30:23]  AMP Process running
[19:30:23]  AMP Process running
[19:30:23]  AMP Process running
[19:30:23]  AMP Process running
[19:30:23]  AMP Process running
[19:30:23]  AMP Process running
[19:30:23]  AMP Process running
[19:30:23]  AMP Process running
[19:30:24]  AMP Process running
[19:30:24]  AMP Process running
[19:30:24]  AMP Process running
[19:30:24]  AMP Process running
[19:30:24]  AMP Process running
[19:30:24]  AMP Process running
[19:30:24]  AMP Process running
[19:30:24]  AMP Process running
[19:30:24]  AMP Process running
[19:30:24]  AMP Process running
[19:30:24]  AMP Process running
[19:30:24]  AMP Process running
[19:30:24]  AMP Process running
[19:30:24]  AMP Process running
[19:30:24]  Tracking : Az 237, El 12.
[19:30:24]  AMP Process running
[19:30:24]  AMP Process running
[19:30:24]  AMP Process running
[19:30:24]  AMP Process running
[19:30:24]  AMP Process running
[19:30:24]  AMP Process running
[19:30:25]  AMP Process running
[19:30:25]  AMP Process running
[19:30:25]  AMP Process running
[19:30:25]  AMP Process running
[19:30:25]  AMP Process running
[19:30:25]  AMP Process running
[19:30:25]  AMP Process running
[19:30:25]  AMP Process running
[19:30:25]  AMP Process running
[19:30:25]  AMP Process running
[19:30:25]  AMP Process running
[19:30:25]  AMP Process running
[19:30:25]  AMP Process running
[19:30:25]  AMP Process running
[19:30:25]  AMP Process running
[19:30:25]  AMP Process running
[19:30:25]  AMP Process running
[19:30:25]  AMP Process running
[19:30:25]  AMP Process running
[19:30:25]  AMP Process running
[19:30:26]  AMP Process running
[19:30:26]  AMP Process running
[19:30:26]  AMP Process running
[19:30:26]  AMP Process running
[19:30:26]  AMP Process running
[19:30:26]  AMP Process running
[19:30:26]  AMP Process running
[19:30:26]  AMP Process running
[19:30:26]  AMP Process running
[19:30:26]  AMP Process running
[19:30:26]  AMP Process running
[19:30:26]  AMP Process running
[19:30:26]  AMP Process running
[19:30:26]  Tracking : Az 237, El 12.
[19:30:26]  AMP Process running
[19:30:26]  AMP Process running
[19:30:26]  AMP Process running
[19:30:26]  AMP Process running
[19:30:26]  AMP Process running
[19:30:26]  AMP Process running
[19:30:26]  AMP Process running
[19:30:27]  AMP Process running
[19:30:27]  AMP Process running
[19:30:27]  AMP Process running
[19:30:27]  AMP Process running
[19:30:27]  AMP Process running
[19:30:27]  AMP Process running
[19:30:27]  AMP Process running
[19:30:27]  AMP Process running
[19:30:27]  AMP Process running
[19:30:27]  AMP Process running
[19:30:27]  AMP Process running
[19:30:27]  AMP Process running
[19:30:27]  AMP Process running
[19:30:27]  AMP Process running
[19:30:27]  AMP Process running
[19:30:27]  AMP Process running
[19:30:27]  AMP Process running
[19:30:27]  AMP Process running
[19:30:27]  AMP Process running
[19:30:27]  AMP Process running
[19:30:28]  AMP Process running
[19:30:28]  AMP Process running
[19:30:28]  AMP Process running
[19:30:28]  AMP Process running
[19:30:28]  AMP Process running
[19:30:28]  AMP Process running
[19:30:28]  AMP Process running
[19:30:28]  AMP Process running
[19:30:28]  AMP Process running
[19:30:28]  AMP Process running
[19:30:28]  AMP Process running
[19:30:28]  AMP Process running
[19:30:28]  AMP Process running
[19:30:28]  Tracking : Az 237, El 12.
[19:30:28]  AMP Process running
[19:30:28]  AMP Process running
[19:30:28]  AMP Process running
[19:30:28]  AMP Process running
[19:30:28]  AMP Process running
[19:30:28]  AMP Process running
[19:30:29]  AMP Process running
[19:30:29]  AMP Process running
[19:30:29]  AMP Process running
[19:30:29]  AMP Process running
[19:30:29]  AMP Process running
[19:30:29]  AMP Process running
[19:30:29]  AMP Process running
[19:30:29]  AMP Process running
[19:30:29]  AMP Process running
[19:30:29]  AMP Process running
[19:30:29]  AMP Process running
[19:30:29]  AMP Process running
[19:30:29]  AMP Process running
[19:30:29]  AMP Process running
[19:30:29]  AMP Process running
[19:30:29]  AMP Process running
[19:30:29]  AMP Process running
[19:30:29]  AMP Process running
[19:30:29]  AMP Process running
[19:30:29]  AMP Process running
[19:30:30]  AMP Process running
[19:30:30]  AMP Process running
[19:30:30]  AMP Process running
[19:30:30]  AMP Process running
[19:30:30]  AMP Process running
[19:30:30]  AMP Process running
[19:30:30]  AMP Process running
[19:30:30]  AMP Process running
[19:30:30]  AMP Process running
[19:30:30]  AMP Process running
[19:30:30]  AMP Process running
[19:30:30]  AMP Process running
[19:30:30]  AMP Process running
[19:30:30]  AMP Process running
[19:30:30]  Tracking : Az 237, El 12.
[19:30:30]  AMP Process running
[19:30:30]  AMP Process running
[19:30:30]  AMP Process running
[19:30:30]  AMP Process running
[19:30:30]  AMP Process running
[19:30:30]  AMP Process running
[19:30:31]  AMP Process running
[19:30:31]  AMP Process running
[19:30:31]  AMP Process running
[19:30:31]  AMP Process running
[19:30:31]  AMP Process running
[19:30:31]  AMP Process running
[19:30:31]  AMP Process running
[19:30:31]  AMP Process running
[19:30:31]  AMP Process running
[19:30:31]  AMP Process running
[19:30:31]  AMP Process running
[19:30:31]  AMP Process running
[19:30:31]  AMP Process running
[19:30:31]  AMP Process running
[19:30:31]  AMP Process running
[19:30:31]  AMP Process running
[19:30:31]  AMP Process running
[19:30:31]  AMP Process running
[19:30:31]  AMP Process running
[19:30:31]  AMP Process running
[19:30:32]  AMP Process running
[19:30:32]  AMP Process running
[19:30:32]  AMP Process running
[19:30:32]  AMP Process running
[19:30:32]  AMP Process running
[19:30:32]  AMP Process running
[19:30:32]  AMP Process running
[19:30:32]  AMP Process running
[19:30:32]  AMP Process running
[19:30:32]  AMP Process running
[19:30:32]  AMP Process running
[19:30:32]  AMP Process running
[19:30:32]  AMP Process running
[19:30:32]  AMP Process running
[19:30:32]  Tracking : Az 237, El 12.
[19:30:32]  AMP Process running
[19:30:32]  AMP Process running
[19:30:32]  AMP Process running
[19:30:32]  AMP Process running
[19:30:32]  AMP Process running
[19:30:32]  AMP Process running
[19:30:33]  AMP Process running
[19:30:33]  AMP Process running
[19:30:33]  AMP Process running
[19:30:33]  AMP Process running
[19:30:33]  AMP Process running
[19:30:33]  AMP Process running
[19:30:33]  AMP Process running
[19:30:33]  AMP Process running
[19:30:33]  AMP Process running
[19:30:33]  AMP Process running
[19:30:33]  AMP Process running
[19:30:33]  AMP Process running
[19:30:33]  AMP Process running
[19:30:33]  AMP Process running
[19:30:33]  AMP Process running
[19:30:33]  AMP Process running
[19:30:33]  AMP Process running
[19:30:33]  AMP Process running
[19:30:33]  AMP Process running
[19:30:33]  AMP Process running
[19:30:34]  AMP Process running
[19:30:34]  AMP Process running
[19:30:34]  AMP Process running
[19:30:34]  AMP Process running
[19:30:34]  AMP Process running
[19:30:34]  AMP Process running
[19:30:34]  AMP Process running
[19:30:34]  AMP Process running
[19:30:34]  AMP Process running
[19:30:34]  AMP Process running
[19:30:34]  AMP Process running
[19:30:34]  AMP Process running
[19:30:34]  AMP Process running
[19:30:34]  AMP Process running
[19:30:34]  Tracking : Az 237, El 12.
[19:30:34]  AMP Process running
[19:30:34]  AMP Process running
[19:30:34]  AMP Process running
[19:30:34]  AMP Process running
[19:30:34]  AMP Process running
[19:30:34]  AMP Process running
[19:30:35]  AMP Process running
[19:30:35]  AMP Process running
[19:30:35]  AMP Process running
[19:30:35]  AMP Process running
[19:30:35]  AMP Process running
[19:30:35]  AMP Process running
[19:30:35]  AMP Process running
[19:30:35]  AMP Process running
[19:30:35]  AMP Process running
[19:30:35]  AMP Process running
[19:30:35]  AMP Process running
[19:30:35]  AMP Process running
[19:30:35]  AMP Process running
[19:30:35]  AMP Process running
[19:30:35]  AMP Process running
[19:30:35]  AMP Process running
[19:30:35]  AMP Process running
[19:30:35]  AMP Process running
[19:30:35]  AMP Process running
[19:30:35]  AMP Process running
[19:30:36]  AMP Process running
[19:30:36]  AMP Process running
[19:30:36]  AMP Process running
[19:30:36]  AMP Process running
[19:30:36]  AMP Process running
[19:30:36]  AMP Process running
[19:30:36]  AMP Process running
[19:30:36]  AMP Process running
[19:30:36]  AMP Process running
[19:30:36]  AMP Process running
[19:30:36]  AMP Process running
[19:30:36]  AMP Process running
[19:30:36]  AMP Process running
[19:30:36]  AMP Process running
[19:30:36]  Tracking : Az 237, El 12.
[19:30:36]  AMP Process running
[19:30:36]  AMP Process running
[19:30:36]  AMP Process running
[19:30:36]  AMP Process running
[19:30:36]  AMP Process running
[19:30:36]  AMP Process running
[19:30:37]  AMP Process running
[19:30:37]  AMP Process running
[19:30:37]  AMP Process running
[19:30:37]  AMP Process running
[19:30:37]  AMP Process running
[19:30:37]  AMP Process running
[19:30:37]  AMP Process running
[19:30:37]  AMP Process running
[19:30:37]  AMP Process running
[19:30:37]  AMP Process running
[19:30:37]  AMP Process running
[19:30:37]  AMP Process running
[19:30:37]  AMP Process running
[19:30:37]  AMP Process running
[19:30:37]  AMP Process running
[19:30:37]  AMP Process running
[19:30:37]  AMP Process running
[19:30:37]  AMP Process running
[19:30:37]  AMP Process running
[19:30:37]  AMP Process running
[19:30:38]  AMP Process running
[19:30:38]  AMP Process running
[19:30:38]  AMP Process running
[19:30:38]  AMP Process running
[19:30:38]  AMP Process running
[19:30:38]  AMP Process running
[19:30:38]  AMP Process running
[19:30:38]  AMP Process running
[19:30:38]  AMP Process running
[19:30:38]  AMP Process running
[19:30:38]  AMP Process running
[19:30:38]  AMP Process running
[19:30:38]  AMP Process running
[19:30:38]  AMP Process running
[19:30:38]  Tracking : Az 237, El 12.
[19:30:38]  AMP Process running
[19:30:38]  AMP Process running
[19:30:38]  AMP Process running
[19:30:38]  AMP Process running
[19:30:38]  AMP Process running
[19:30:38]  AMP Process running
[19:30:39]  AMP Process running
[19:30:39]  AMP Process running
[19:30:39]  AMP Process running
[19:30:39]  AMP Process running
[19:30:39]  AMP Process running
[19:30:39]  AMP Process running
[19:30:39]  AMP Process running
[19:30:39]  AMP Process running
[19:30:39]  AMP Process running
[19:30:39]  AMP Process running
[19:30:39]  AMP Process running
[19:30:39]  AMP Process running
[19:30:39]  AMP Process running
[19:30:39]  AMP Process running
[19:30:39]  AMP Process running
[19:30:39]  AMP Process running
[19:30:39]  AMP Process running
[19:30:39]  AMP Process running
[19:30:39]  AMP Process running
[19:30:39]  AMP Process running
[19:30:40]  AMP Process running
[19:30:40]  AMP Process running
[19:30:40]  AMP Process running
[19:30:40]  AMP Process running
[19:30:40]  AMP Process running
[19:30:40]  AMP Process running
[19:30:40]  AMP Process running
[19:30:40]  AMP Process running
[19:30:40]  AMP Process running
[19:30:40]  AMP Process running
[19:30:40]  AMP Process running
[19:30:40]  AMP Process running
[19:30:40]  AMP Process running
[19:30:40]  AMP Process running
[19:30:40]  Tracking : Az 237, El 12.
[19:30:40]  AMP Process running
[19:30:40]  AMP Process running
[19:30:40]  AMP Process running
[19:30:40]  AMP Process running
[19:30:40]  AMP Process running
[19:30:40]  AMP Process running
[19:30:41]  AMP Process running
[19:30:41]  AMP Process running
[19:30:41]  AMP Process running
[19:30:41]  AMP Process running
[19:30:41]  AMP Process running
[19:30:41]  AMP Process running
[19:30:41]  AMP Process running
[19:30:41]  AMP Process running
[19:30:41]  AMP Process running
[19:30:41]  AMP Process running
[19:30:41]  AMP Process running
[19:30:41]  AMP Process running
[19:30:41]  AMP Process running
[19:30:41]  AMP Process running
[19:30:41]  AMP Process running
[19:30:41]  AMP Process running
[19:30:41]  AMP Process running
[19:30:41]  AMP Process running
[19:30:41]  AMP Process running
[19:30:41]  AMP Process running
[19:30:42]  AMP Process running
[19:30:42]  AMP Process running
[19:30:42]  AMP Process running
[19:30:42]  AMP Process running
[19:30:42]  AMP Process running
[19:30:42]  AMP Process running
[19:30:42]  AMP Process running
[19:30:42]  AMP Process running
[19:30:42]  AMP Process running
[19:30:42]  AMP Process running
[19:30:42]  AMP Process running
[19:30:42]  AMP Process running
[19:30:42]  AMP Process running
[19:30:42]  Tracking : Az 237, El 13.
[19:30:42]  AMP Process running
[19:30:42]  AMP Process running
[19:30:42]  AMP Process running
[19:30:42]  AMP Process running
[19:30:42]  AMP Process running
[19:30:42]  AMP Process running
[19:30:42]  AMP Process running
[19:30:43]  AMP Process running
[19:30:43]  AMP Process running
[19:30:43]  AMP Process running
[19:30:43]  AMP Process running
[19:30:43]  AMP Process running
[19:30:43]  AMP Process running
[19:30:43]  AMP Process running
[19:30:43]  AMP Process running
[19:30:43]  AMP Process running
[19:30:43]  AMP Process running
[19:30:43]  AMP Process running
[19:30:43]  AMP Process running
[19:30:43]  AMP Process running
[19:30:43]  AMP Process running
[19:30:43]  AMP Process running
[19:30:43]  AMP Process running
[19:30:43]  AMP Process running
[19:30:43]  AMP Process running
[19:30:43]  AMP Process running
[19:30:43]  AMP Process running
[19:30:44]  AMP Process running
[19:30:44]  AMP Process running
[19:30:44]  AMP Process running
[19:30:44]  AMP Process running
[19:30:44]  AMP Process running
[19:30:44]  AMP Process running
[19:30:44]  AMP Process running
[19:30:44]  AMP Process running
[19:30:44]  AMP Process running
[19:30:44]  AMP Process running
[19:30:44]  AMP Process running
[19:30:44]  AMP Process running
[19:30:44]  AMP Process running
[19:30:44]  Tracking : Az 237, El 13.
[19:30:44]  AMP Process running
[19:30:44]  AMP Process running
[19:30:44]  AMP Process running
[19:30:44]  AMP Process running
[19:30:44]  AMP Process running
[19:30:44]  AMP Process running
[19:30:44]  AMP Process running
[19:30:45]  AMP Process running
[19:30:45]  AMP Process running
[19:30:45]  AMP Process running
[19:30:45]  AMP Process running
[19:30:45]  AMP Process running
[19:30:45]  AMP Process running
[19:30:45]  AMP Process running
[19:30:45]  AMP Process running
[19:30:45]  AMP Process running
[19:30:45]  AMP Process running
[19:30:45]  AMP Process running
[19:30:45]  AMP Process running
[19:30:45]  AMP Process running
[19:30:45]  AMP Process running
[19:30:45]  AMP Process running
[19:30:45]  AMP Process running
[19:30:45]  AMP Process running
[19:30:45]  AMP Process running
[19:30:45]  AMP Process running
[19:30:46]  AMP Process running
[19:30:46]  AMP Process running
[19:30:46]  AMP Process running
[19:30:46]  AMP Process running
[19:30:46]  AMP Process running
[19:30:46]  AMP Process running
[19:30:46]  AMP Process running
[19:30:46]  AMP Process running
[19:30:46]  AMP Process running
[19:30:46]  AMP Process running
[19:30:46]  AMP Process running
[19:30:46]  AMP Process running
[19:30:46]  AMP Process running
[19:30:46]  AMP Process running
[19:30:46]  AMP Process running
[19:30:46]  AMP Process running
[19:30:46]  AMP Process running
[19:30:46]  AMP Process running
[19:30:46]  AMP Process running
[19:30:46]  AMP Process running
[19:30:47]  AMP Process running
[19:30:47]  AMP Process running
[19:30:47]  AMP Process running
[19:30:47]  AMP Process running
[19:30:47]  AMP Process running
[19:30:47]  AMP Process running
[19:30:47]  AMP Process running
[19:30:47]  AMP Process running
[19:30:47]  AMP Process running
[19:30:47]  AMP Process running
[19:30:47]  AMP Process running
[19:30:47]  AMP Process running
[19:30:47]  AMP Process running
[19:30:47]  AMP Process running
[19:30:47]  AMP Process running
[19:30:47]  AMP Process running
[19:30:47]  AMP Process running
[19:30:47]  AMP Process running
[19:30:47]  AMP Process running
[19:30:47]  AMP Process running
[19:30:48]  AMP Process running
[19:30:48]  AMP Process running
[19:30:48]  AMP Process running
[19:30:48]  AMP Process running
[19:30:48]  AMP Process running
[19:30:48]  AMP Process running
[19:30:48]  AMP Process running
[19:30:48]  AMP Process running
[19:30:48]  AMP Process running
[19:30:48]  AMP Process running
[19:30:48]  AMP Process running
[19:30:48]  AMP Process running
[19:30:48]  AMP Process running
[19:30:48]  AMP Process running
[19:30:48]  AMP Process running
[19:30:48]  AMP Process running
[19:30:48]  AMP Process running
[19:30:48]  AMP Process running
[19:30:48]  AMP Process running
[19:30:48]  AMP Process running
[19:30:49]  AMP Process running
[19:30:49]  AMP Process running
[19:30:49]  AMP Process running
[19:30:49]  AMP Process running
[19:30:49]  AMP Process running
[19:30:49]  AMP Process running
[19:30:49]  AMP Process running
[19:30:49]  AMP Process running
[19:30:49]  AMP Process running
[19:30:49]  AMP Process running
[19:30:49]  AMP Process running
[19:30:49]  AMP Process running
[19:30:49]  AMP Process running
[19:30:49]  AMP Process running
[19:30:49]  AMP Process running
[19:30:49]  AMP Process running
[19:30:49]  AMP Process running
[19:30:49]  AMP Process running
[19:30:49]  AMP Process running
[19:30:49]  AMP Process running
[19:30:50]  AMP Process running
[19:30:50]  AMP Process running
[19:30:50]  AMP Process running
[19:30:50]  AMP Process running
[19:30:50]  AMP Process running
[19:30:50]  AMP Process running
[19:30:50]  AMP Process running
[19:30:50]  AMP Process running
[19:30:50]  AMP Process running
[19:30:50]  AMP Process running
[19:30:50]  AMP Process running
[19:30:50]  AMP Process running
[19:30:50]  AMP Process running
[19:30:50]  AMP Process running
[19:30:50]  AMP Process running
[19:30:50]  AMP Process running
[19:30:50]  AMP Process running
[19:30:50]  AMP Process running
[19:30:50]  AMP Process running
[19:30:50]  AMP Process running
[19:30:51]  AMP Process running
[19:30:51]  AMP Process running
[19:30:51]  AMP Process running
[19:30:51]  AMP Process running
[19:30:51]  AMP Process running
[19:30:51]  AMP Process running
[19:30:51]  AMP Process running
[19:30:51]  AMP Process running
[19:30:51]  AMP Process running
[19:30:51]  AMP Process running
[19:30:51]  AMP Process running
[19:30:51]  AMP Process running
[19:30:51]  AMP Process running
[19:30:51]  AMP Process running
[19:30:51]  AMP Process running
[19:30:51]  AMP Process running
[19:30:51]  AMP Process running
[19:30:51]  AMP Process running
[19:30:51]  AMP Process running
[19:30:51]  AMP Process running
[19:30:52]  AMP Process running
[19:30:52]  AMP Process running
[19:30:52]  AMP Process running
[19:30:52]  AMP Process running
[19:30:52]  AMP Process running
[19:30:52]  AMP Process running
[19:30:52]  AMP Process running
[19:30:52]  AMP Process running
[19:30:52]  AMP Process running
[19:30:52]  AMP Process running
[19:30:52]  AMP Process running
[19:30:52]  AMP Process running
[19:30:52]  AMP Process running
[19:30:52]  AMP Process running
[19:30:52]  AMP Process running
[19:30:52]  AMP Process running
[19:30:52]  AMP Process running
[19:30:52]  AMP Process running
[19:30:52]  AMP Process running
[19:30:52]  AMP Process running
[19:30:53]  AMP Process running
[19:30:53]  AMP Process running
[19:30:53]  AMP Process running
[19:30:53]  AMP Process running
[19:30:53]  AMP Process running
[19:30:53]  AMP Process running
[19:30:53]  AMP Process running
[19:30:53]  AMP Process running
[19:30:53]  AMP Process running
[19:30:53]  AMP Process running
[19:30:53]  AMP Process running
[19:30:53]  AMP Process running
[19:30:53]  AMP Process running
[19:30:53]  AMP Process running
[19:30:53]  AMP Process running
[19:30:53]  AMP Process running
[19:30:53]  AMP Process running
[19:30:53]  AMP Process running
[19:30:53]  AMP Process running
[19:30:53]  AMP Process running
[19:30:54]  AMP Process running
[19:30:54]  AMP Process running
[19:30:54]  AMP Process running
[19:30:54]  AMP Process running
[19:30:54]  AMP Process running
[19:30:54]  AMP Process running
[19:30:54]  AMP Process running
[19:30:54]  AMP Process running
[19:30:54]  AMP Process running
[19:30:54]  AMP Process running
[19:30:54]  AMP Process running
[19:30:54]  AMP Process running
[19:30:54]  AMP Process running
[19:30:54]  AMP Process running
[19:30:54]  AMP Process running
[19:30:54]  AMP Process running
[19:30:54]  AMP Process running
[19:30:54]  AMP Process running
[19:30:54]  AMP Process running
[19:30:54]  AMP Process running
[19:30:55]  AMP Process running
[19:30:55]  AMP Process running
[19:30:55]  AMP Process running
[19:30:55]  AMP Process running
[19:30:55]  AMP Process running
[19:30:55]  AMP Process running
[19:30:55]  AMP Process running
[19:30:55]  AMP Process running
[19:30:55]  AMP Process running
[19:30:55]  AMP Process running
[19:30:55]  AMP Process running
[19:30:55]  AMP Process running
[19:30:55]  AMP Process running
[19:30:55]  AMP Process running
[19:30:55]  AMP Process running
[19:30:55]  AMP Process running
[19:30:55]  AMP Process running
[19:30:55]  AMP Process running
[19:30:55]  AMP Process running
[19:30:55]  AMP Process running
[19:30:56]  AMP Process running
[19:30:56]  AMP Process running
[19:30:56]  AMP Process running
[19:30:56]  AMP Process running
[19:30:56]  AMP Process running
[19:30:56]  AMP Process running
[19:30:56]  AMP Process running
[19:30:56]  AMP Process running
[19:30:56]  AMP Process running
[19:30:56]  AMP Process running
[19:30:56]  AMP Process running
[19:30:56]  AMP Process running
[19:30:56]  AMP Process running
[19:30:56]  AMP Process running
[19:30:56]  AMP Process running
[19:30:56]  AMP Process running
[19:30:56]  AMP Process running
[19:30:56]  AMP Process running
[19:30:56]  AMP Process running
[19:30:56]  AMP Process running
[19:30:57]  AMP Process running
[19:30:57]  AMP Process running
[19:30:57]  AMP Process running
[19:30:57]  AMP Process running
[19:30:57]  AMP Process running
[19:30:57]  AMP Process running
[19:30:57]  AMP Process running
[19:30:57]  AMP Process running
[19:30:57]  AMP Process running
[19:30:57]  AMP Process running
[19:30:57]  AMP Process running
[19:30:57]  AMP Process running
[19:30:57]  AMP Process running
[19:30:57]  AMP Process running
[19:30:57]  AMP Process running
[19:30:57]  AMP Process running
[19:30:57]  AMP Process running
[19:30:57]  AMP Process running
[19:30:57]  AMP Process running
[19:30:57]  AMP Process running
[19:30:58]  AMP Process running
[19:30:58]  AMP Process running
[19:30:58]  AMP Process running
[19:30:58]  AMP Process running
[19:30:58]  AMP Process running
[19:30:58]  AMP Process running
[19:30:58]  AMP Process running
[19:30:58]  AMP Process running
[19:30:58]  AMP Process running
[19:30:58]  AMP Process running
[19:30:58]  AMP Process running
[19:30:58]  AMP Process running
[19:30:58]  AMP Process running
[19:30:58]  AMP Process running
[19:30:58]  AMP Process running
[19:30:58]  AMP Process running
[19:30:58]  AMP Process running
[19:30:58]  AMP Process running
[19:30:58]  AMP Process running
[19:30:58]  AMP Process running
[19:30:59]  AMP Process running
[19:30:59]  AMP Process running
[19:30:59]  AMP Process running
[19:30:59]  AMP Process running
[19:30:59]  AMP Process running
[19:30:59]  AMP Process running
[19:30:59]  AMP Process running
[19:30:59]  AMP Process running
[19:30:59]  AMP Process running
[19:30:59]  AMP Process running
[19:30:59]  AMP Process running
[19:30:59]  AMP Process running
[19:30:59]  AMP Process running
[19:30:59]  AMP Process running
[19:30:59]  AMP Process running
[19:30:59]  AMP Process running
[19:30:59]  AMP Process running
[19:30:59]  AMP Process running
[19:30:59]  AMP Process running
[19:30:59]  AMP Process running
[19:31:00]  AMP Process running
[19:31:00]  AMP Process running
[19:31:00]  AMP Process running
[19:31:00]  AMP Process running
[19:31:00]  AMP Process running
[19:31:00]  AMP Process running
[19:31:00]  AMP Process running
[19:31:00]  AMP Process running
[19:31:00]  AMP Process running
[19:31:00]  AMP Process running
[19:31:00]  AMP Process running
[19:31:00]  AMP Process running
[19:31:00]  AMP Process running
[19:31:00]  AMP Process running
[19:31:00]  AMP Process running
[19:31:00]  AMP Process running
[19:31:00]  AMP Process running
[19:31:00]  AMP Process running
[19:31:00]  AMP Process running
[19:31:00]  AMP Process running
[19:31:01]  AMP Process running
[19:31:01]  AMP Process running
[19:31:01]  AMP Process running
[19:31:01]  AMP Process running
[19:31:01]  AMP Process running
[19:31:01]  AMP Process running
[19:31:01]  AMP Process running
[19:31:01]  AMP Process running
[19:31:01]  AMP Process running
[19:31:01]  AMP Process running
[19:31:01]  AMP Process running
[19:31:01]  AMP Process running
[19:31:01]  AMP Process running
[19:31:01]  AMP Process running
[19:31:01]  AMP Process running
[19:31:01]  Forked Safe Amplifier Process.(ON, Timer)
[19:31:01]  [Auto]Autopilot Stopped by User.
[19:31:01]  [Auto]Stop Doppler Correction.
[19:31:02]  [Auto]Finish Engaging.
[19:31:02]  Tracking : Az 0, El 0.
[19:31:03]  [Auto]Beacon Success : 0, Ping Success : 0 CMD Success : 0
[19:31:09]  Forked Safe Amplifier Process. (OFF)
[19:32:13]  Rotator Read Failed. Please Check Again.
