2026-01-09 20:13
[20:13:49]  Connect to Switch Box.............Success.
[20:13:49]  Connect to Rotator................Success.
[20:13:49]  Connect to GS100..................Success.
[20:13:49]  TM Port 13 bind success.
[20:13:49]  BCN Port 31 bind success.
[20:13:49]  RPT Port 25 bind success.
[20:13:49]  Event Port 27 bind success.
[20:13:49]  COSMIC Beacon Port 23 bind success.
[20:13:49]  COSMIC Report Port 24 bind success.
[20:14:03]  TLE "active" Download Completed.
[20:14:18]  TLE "active" Download Completed.
[20:14:38]  [Auto]Start AutoPilot.
[20:14:38]  [Auto]Start Autopilot. Next Valuable AOS : 1/9 20:14:30
[20:14:38]  [Auto]Max Elevation : 48.13° Please Keep Devices On.
[20:14:38]  [Auto]Start Engaging.
[20:14:38]  [Auto]Start Doppler Correction.
[20:14:38]  Tracking : Az 130, El 31.
[20:14:38]  Tracking : Az 130, El 31.
[20:14:38]  [DBG][AMP] exit-wait: min_to_los=4.650 Autopilot=1
[20:14:38]  Forked Safe Amplifier Process.(ON, Timer)
[20:14:40]  Tracking : Az 130, El 31.
[20:14:41]  Ping Failed.
[20:14:42]  Tracking : Az 129, El 30.
[20:14:44]  Tracking : Az 129, El 30.
[20:14:44]  Ping Failed.
[20:14:46]  Tracking : Az 129, El 29.
[20:14:48]  Tracking : Az 129, El 29.
[20:14:48]  Tracking : Az 129, El 29.
[20:14:48]  Ping Failed.
[20:14:50]  Tracking : Az 129, El 28.
[20:14:52]  Tracking : Az 128, El 28.
[20:14:54]  Tracking : Az 128, El 27.
[20:14:56]  Tracking : Az 128, El 27.
[20:14:58]  Tracking : Az 128, El 27.
[20:15:00]  Tracking : Az 128, El 26.
[20:15:19]  Tracking : Az 126, El 22.
[20:15:25]  Forked Safe Amplifier Process. (OFF)
[20:15:37]  Tracking : Az 125, El 19.
[20:15:57]  Tracking : Az 125, El 16.
