2025-12-23 01:47
[01:47:44]  Connect to Switch Box.............Success.
[01:47:44]  Connect to Rotator................Success.
[01:47:44]  Connect to GS100..................Success.
[01:47:44]  TM Port 13 bind success.
[01:47:44]  BCN Port 31 bind success.
[01:47:44]  RPT Port 25 bind success.
[01:47:44]  Event Port 27 bind success.
[01:48:07]  TLE "cubesat" Download Completed.
[01:48:16]  Start Engaging.
[01:48:16]  Tracking : Az 7, El 0.
[01:48:18]  Start Doppler Correction.
[01:48:18]  Tracking : Az 7, El 0.
[01:51:59]  Tracking : Az 7, El 3.
[01:52:01]  Tracking : Az 7, El 3.
[01:52:17]  Forked Safe Amplifier Process.(ON, Timer)
[01:52:29]  Ping Success at node 5, 473ms
[01:52:37]  [OK]CMD Packet Header: 0x18 0x75 0xc0 0x0 0x0 0x1 0x14 0x47
[01:52:38]  Received Report from port : 25.
[01:52:38]  Received Report from port : 25.
[01:52:38]  Received Report from port : 25.
[01:52:39]  Tracking : Az 6, El 6.
[01:52:41]  Tracking : Az 6, El 6.
[01:52:51]  Tracking : Az 6, El 7.
[01:53:02]  [OK]CMD Packet Header: 0x18 0x65 0xc0 0x0 0x0 0x1 0x53 0x10
[01:53:03]  Received Report from port : 25.
[01:53:04]  Received Report from port : 25.
[01:53:04]  Received Report from port : 25.
[01:53:13]  Tracking : Az 5, El 9.
[01:53:15]  Tracking : Az 5, El 9.
[01:53:34]  Tracking : Az 4, El 11.
[01:53:40]  [OK]CMD Packet Header: 0x18 0x65 0xc0 0x0 0x0 0x1 0x53 0x10
[01:53:41]  Received Report from port : 25.
[01:53:42]  Received Report from port : 25.
[01:53:42]  Received Report from port : 25.
[01:53:53]  Tracking : Az 4, El 13.
[01:54:08]  [OK]CMD Packet Header: 0x18 0x75 0xc0 0x0 0x0 0x5 0x1e 0xa2
[01:54:18]  Ping Success at node 5, 461ms
[01:54:18]  Tracking : Az 2, El 16.
[01:54:19]  [OK]CMD Packet Header: 0x18 0x75 0xc0 0x0 0x0 0x5 0x1e 0xa2
[01:54:20]  Tracking : Az 2, El 16.
[01:54:21]  Received Report from port : 25.
[01:54:31]  [OK]CMD Packet Header: 0x18 0x75 0xc0 0x0 0x0 0x1 0x14 0x47
[01:54:32]  Received Report from port : 25.
[01:54:32]  Tracking : Az 2, El 18.
[01:54:32]  Received Report from port : 25.
[01:54:33]  Received Report from port : 25.
[01:54:45]  [OK]CMD Packet Header: 0x18 0x75 0xc0 0x0 0x0 0x1 0x1a 0x49
[01:54:46]  Received Report from port : 25.
[01:54:46]  Received Report from port : 25.
[01:54:46]  Received Report from port : 25.
[01:54:52]  Tracking : Az 0, El 21.
[01:54:54]  Tracking : Az 0, El 21.
[01:55:00]  Tracking : Az 359, El 22.
[01:55:01]  [OK]CMD Packet Header: 0x18 0x75 0xc0 0x0 0x0 0x1 0x17 0x44
[01:55:02]  Received Report from port : 25.
[01:55:02]  Received Report from port : 25.
[01:55:02]  Tracking : Az 359, El 22.
[01:55:02]  Received Report from port : 25.
[01:55:04]  Tracking : Az 359, El 23.
[01:55:06]  Tracking : Az 359, El 23.
[01:55:08]  Tracking : Az 359, El 23.
[01:55:10]  Tracking : Az 358, El 24.
[01:55:12]  Tracking : Az 358, El 24.
[01:55:14]  Tracking : Az 358, El 25.
[01:55:16]  Tracking : Az 358, El 25.
[01:55:18]  Tracking : Az 358, El 25.
[01:55:20]  Tracking : Az 357, El 26.
[01:55:22]  Tracking : Az 357, El 26.
[01:55:24]  Tracking : Az 357, El 27.
[01:55:26]  Tracking : Az 357, El 27.
[01:55:28]  Tracking : Az 356, El 27.
[01:55:30]  Tracking : Az 356, El 28.
[01:55:32]  Tracking : Az 356, El 28.
[01:55:34]  Tracking : Az 356, El 29.
[01:55:36]  Tracking : Az 355, El 29.
[01:55:37]  [OK]CMD Packet Header: 0x18 0x50 0xc0 0x0 0x0 0x1 0x6 0x70
[01:55:38]  Tracking : Az 355, El 30.
[01:55:40]  Tracking : Az 355, El 30.
[01:55:42]  Tracking : Az 354, El 31.
[01:55:43]  Ping Failed.
[01:55:44]  Tracking : Az 354, El 31.
[01:55:46]  Tracking : Az 354, El 32.
[01:55:48]  [OK]CMD Packet Header: 0x18 0x50 0xc0 0x0 0x0 0x1 0x6 0x70
[01:55:48]  Tracking : Az 353, El 32.
[01:55:50]  Received Report from port : 25.
[01:55:50]  Tracking : Az 353, El 33.
[01:55:52]  Tracking : Az 353, El 33.
[01:55:54]  Tracking : Az 352, El 34.
[01:55:56]  Tracking : Az 352, El 34.
[01:55:58]  Tracking : Az 351, El 35.
[01:56:03]  AX100 Boot Count : 187
[01:56:08]  Tracking : Az 349, El 38.
[01:56:10]  Tracking : Az 349, El 38.
[01:56:17]  Tracking : Az 347, El 41.
[01:56:19]  Tracking : Az 346, El 41.
[01:56:26]  Tracking : Az 343, El 44.
[01:56:28]  Tracking : Az 343, El 44.
[01:56:33]  [OK]CMD Packet Header: 0x18 0x75 0xc0 0x0 0x0 0x1 0x14 0x47
[01:56:34]  Received Report from port : 25.
[01:56:34]  Received Report from port : 25.
[01:56:34]  Tracking : Az 340, El 46.
[01:56:34]  Received Report from port : 25.
[01:56:36]  Tracking : Az 339, El 47.
[01:56:43]  Tracking : Az 336, El 50.
[01:56:45]  Tracking : Az 334, El 51.
[01:56:50]  Tracking : Az 331, El 52.
[01:56:56]  Tracking : Az 327, El 55.
[01:56:58]  Tracking : Az 325, El 55.
[01:57:02]  Tracking : Az 322, El 57.
[01:57:04]  Tracking : Az 320, El 57.
[01:57:06]  Tracking : Az 318, El 58.
[01:57:08]  Tracking : Az 316, El 59.
[01:57:11]  Tracking : Az 313, El 59.
[01:57:13]  Tracking : Az 310, El 60.
[01:57:16]  Tracking : Az 307, El 61.
[01:57:18]  Tracking : Az 304, El 61.
[01:57:20]  Tracking : Az 302, El 61.
[01:57:23]  Tracking : Az 298, El 62.
[01:57:25]  Tracking : Az 295, El 62.
[01:57:27]  Tracking : Az 292, El 62.
[01:57:29]  Tracking : Az 289, El 62.
[01:57:31]  Tracking : Az 286, El 63.
[01:57:33]  Tracking : Az 283, El 63.
[01:57:35]  Tracking : Az 280, El 62.
[01:57:37]  Tracking : Az 277, El 62.
[01:57:39]  Tracking : Az 274, El 62.
[01:57:42]  Tracking : Az 270, El 62.
[01:57:44]  Tracking : Az 268, El 62.
[01:57:46]  Tracking : Az 265, El 61.
[01:57:48]  Tracking : Az 262, El 61.
[01:57:50]  Tracking : Az 260, El 60.
[01:57:52]  Tracking : Az 257, El 60.
[01:57:54]  Tracking : Az 255, El 59.
[01:57:56]  Tracking : Az 253, El 59.
[01:58:00]  Tracking : Az 249, El 57.
[01:58:02]  Tracking : Az 247, El 57.
[01:58:05]  Tracking : Az 244, El 56.
[01:58:10]  Tracking : Az 240, El 54.
[01:58:12]  Tracking : Az 239, El 53.
[01:58:17]  Tracking : Az 235, El 51.
[01:58:19]  [OK]CMD Packet Header: 0x18 0x75 0xc0 0x0 0x0 0x1 0x14 0x47
[01:58:19]  Tracking : Az 234, El 51.
[01:58:20]  Received Report from port : 25.
[01:58:20]  Received Report from port : 25.
[01:58:20]  Received Report from port : 25.
[01:58:25]  Tracking : Az 231, El 48.
[01:58:27]  Forked Safe Amplifier Process. (OFF)
[01:58:27]  Tracking : Az 230, El 48.
[01:58:29]  Finish Engaging.
[01:58:29]  Beacon Success : 0, Ping Success : 2
[01:58:30]  Tracking : Az 0, El 0.
