2026-06-11 02:43
[02:43:42]  Connect to Switch Box..............Failed.
[02:43:42]  Connect to Rotator.................Failed.
[02:43:42]  Connect to GS100..................Success.
[02:43:42]  BEE-1000 BCN Port 31 bind success.
[02:43:42]  BEE-1000 RPT Port 25 bind success.
[02:43:42]  BEE-1000 Event Port 27 bind success.
[02:43:42]  BEE-100 FM Port 23 bind success.
[02:43:42]  Rotator Read Failed. Please Check Again.
[02:43:42]  UEL-Y-Sys. BCN Port 12 bind success.
[02:43:42]  UEL-Y-Sys. RPT Port 10 bind success.
[02:43:42]  UEL-Y-Sys. Event Port 11 bind success.
[02:43:42]  UEL-Y-Sys. FM Port 14 bind success.
[02:43:42]  BEE-1012 BCN Port 17 bind success.
[02:43:42]  BEE-1012 RPT Port 15 bind success.
[02:43:42]  BEE-1012 Event Port 16 bind success.
[02:43:42]  BEE-1012 FM Port 18 bind success.
[02:43:42]  Received BEE1012 Beacon from port : 17.
[02:43:48]  Received BEE1012 Beacon from port : 17.
[02:43:50]  Received Report from port : 15.
[02:43:51]  Received Report from port : 15.
[02:43:51]  Received Report from port : 15.
[02:43:58]  Received BEE1012 Beacon from port : 17.
[02:44:06]  Received UELYSYS Beacon from port : 12.
[02:44:06]  Changing GS HMAC Key for BEE1012...
[02:44:06]   Satellite Switched to: BEE1012 (TX HMAC enabled)
[02:44:12]  Ping Success at node 5, 455ms
[02:44:16]  Start FTP Downlink.
[02:44:20]  Received FTP Download Spec.
[02:44:20]  Received FTP Download Spec. Filesize : 150888, CRC : 1669059792.
