2026-01-10 12:15
[12:15:55]  Connect to Switch Box.............Success.
[12:15:55]  Connect to Rotator................Success.
[12:15:55]  Connect to GS100..................Success.
[12:15:55]  TM Port 13 bind success.
[12:15:55]  BCN Port 31 bind success.
[12:15:55]  RPT Port 25 bind success.
[12:15:55]  Event Port 27 bind success.
[12:15:55]  COSMIC Beacon Port 23 bind success.
[12:15:55]  COSMIC Report Port 24 bind success.
[12:15:58]  Received Event from port : 27.

[12:16:06]  TLE "cubesat" Download Completed.
[12:16:08]  Received Event from port : 27.

[12:16:11]  Start Engaging.
[12:16:11]  Tracking : Az 13, El 10.
[12:16:12]  Start Doppler Correction.
[12:16:13]  Tracking : Az 13, El 10.
[12:16:16]  Received Event from port : 27.

[12:16:18]  Received Event from port : 27.

[12:16:28]  Received Event from port : 27.

[12:16:32]  Forked Safe Amplifier Process.(ON, Timer)
[12:16:33]  Tracking : Az 10, El 8.
[12:16:34]  [OK]CMD Packet Header: 0x18 0x23 0xc0 0x0 0x0 0x5 0x4 0x9
[12:16:52]  [OK]CMD Packet Header: 0x18 0x75 0xc0 0x0 0x0 0x1 0x14 0x47
[12:16:53]  Tracking : Az 8, El 7.
[12:16:58]  Ping Success at node 5, 473ms
[12:17:01]  [OK]CMD Packet Header: 0x18 0x75 0xc0 0x0 0x0 0x1 0x14 0x47
[12:17:02]  Received Report from port : 25.
[12:17:04]  Received Report from port : 25.
[12:17:06]  Received Report from port : 25.
[12:17:26]  Forked Safe Amplifier Process. (OFF)
[12:17:27]  Tracking : Az 5, El 4.
[12:17:29]  Tracking : Az 5, El 4.
[12:17:31]  Finish Engaging.
[12:17:31]  Beacon Success : 0, Ping Success : 1
[12:17:33]  Tracking : Az 0, El 0.
