2026-01-01 12:44
[12:45:02]  Connect to Switch Box.............Success.
[12:45:02]  Connect to Rotator................Success.
[12:45:02]  Connect to GS100..................Success.
[12:45:02]  TM Port 13 bind success.
[12:45:02]  BCN Port 31 bind success.
[12:45:02]  RPT Port 25 bind success.
[12:45:02]  Event Port 27 bind success.
[12:45:02]  COSMIC Beacon Port 23 bind success.
[12:45:02]  COSMIC Report Port 24 bind success.
[12:45:16]  TLE "cubesat" Download Completed.
[12:45:20]  Start Engaging.
[12:45:20]  Tracking : Az 187, El 0.
[12:45:21]  Start Doppler Correction.
[12:45:22]  Tracking : Az 187, El 0.
[12:45:24]  Tracking : Az 187, El 0.
[12:45:26]  Tracking : Az 187, El 0.
[12:45:28]  Tracking : Az 187, El 0.
[12:45:30]  Tracking : Az 187, El 0.
[12:45:32]  Tracking : Az 187, El 0.
[12:45:34]  Tracking : Az 187, El 0.
[12:45:36]  Tracking : Az 187, El 0.
[12:45:38]  Tracking : Az 187, El 0.
[12:45:40]  Tracking : Az 187, El 0.
[12:45:42]  Tracking : Az 187, El 0.
[12:45:44]  Tracking : Az 187, El 0.
[12:45:46]  Tracking : Az 187, El 0.
[12:45:48]  Tracking : Az 187, El 0.
[12:45:50]  Tracking : Az 187, El 0.
[13:26:41]  Forked Safe Amplifier Process.(ON, Timer)
[13:27:04]  Tracking : Az 190, El 2.
[13:27:08]  Ping Success at node 5, 478ms
[13:27:11]  Ping Success at node 5, 480ms
[13:27:17]  AX100 Boot Count : 22231
[13:27:19]  AX100 Boot Count : 22231
[13:27:22]  Ping Success at node 5, 465ms
[13:27:23]  Tracking : Az 191, El 4.
[13:27:30]  Ping Failed at node 3.
[13:27:34]  Ping Failed at node 3.
[13:27:35]  Ping Success at node 5, 465ms
[13:27:39]  Ping Failed at node 3.
[13:27:44]  Ping Success at node 5, 474ms
[13:27:48]  Ping Failed at node 6.
[13:27:51]  Tracking : Az 193, El 6.
[13:27:57]  Ping Failed at node 6.
[13:28:05]  Ping Success at node 5, 478ms
[13:28:10]  Ping Failed at node 3.
[13:28:13]  Ping Success at node 5, 468ms
[13:28:16]  Tracking : Az 195, El 8.
[13:28:17]  Ping Failed at node 3.
[13:28:22]  Ping Failed at node 6.
[13:28:26]  Ping Failed.
[13:28:29]  Remote Param Control OK. csp_rtable : 0/0 AX100, 3/5 CAN, 6/5 CAN
[13:28:44]  Ping Failed at node 6.
[13:28:45]  Tracking : Az 198, El 10.
[13:28:47]  Ping Success at node 5, 468ms
[13:28:52]  Ping Failed at node 6.
[13:28:54]  Ping Success at node 5, 460ms
[13:28:59]  Ping Failed at node 6.
[13:29:06]  Cannot Load Remote Parameter.
[13:29:10]  Ping Failed.
[13:29:11]  Tracking : Az 201, El 12.
[13:29:26]  Ping Success at node 5, 474ms
[13:29:29]  Remote Param Control OK. csp_rtable : 0/0 AX100, 3/5 CAN, 6/5 CAN
[13:29:31]  Tracking : Az 203, El 15.
[13:29:35]  Ping Failed at node 6.
[13:29:38]  Tracking : Az 205, El 15.
[13:29:40]  Ping Failed at node 6.
[13:29:47]  Ping Failed at node 3.
[13:29:52]  Ping Failed at node 3.
[13:29:56]  Tracking : Az 208, El 17.
[13:30:11]  Tracking : Az 211, El 19.
[13:30:11]  [OK]CMD Packet Header: 0x18 0x71 0xc0 0x0 0x0 0x1 0x16 0x41
[13:30:25]  Tracking : Az 214, El 21.
[13:30:25]  [OK]CMD Packet Header: 0x18 0x71 0xc0 0x0 0x0 0x1 0x16 0x41
[13:30:27]  [OK]CMD Packet Header: 0x18 0x71 0xc0 0x0 0x0 0x1 0x16 0x41
[13:30:30]  [OK]CMD Packet Header: 0x18 0x71 0xc0 0x0 0x0 0x1 0x16 0x41
[13:30:33]  [OK]CMD Packet Header: 0x18 0x71 0xc0 0x0 0x0 0x1 0x16 0x41
[13:30:36]  [OK]CMD Packet Header: 0x18 0x71 0xc0 0x0 0x0 0x1 0x16 0x41
[13:30:37]  Tracking : Az 217, El 22.
[13:30:39]  [OK]CMD Packet Header: 0x18 0x71 0xc0 0x0 0x0 0x1 0x16 0x41
[13:30:41]  [OK]CMD Packet Header: 0x18 0x71 0xc0 0x0 0x0 0x1 0x16 0x41
[13:30:44]  [OK]CMD Packet Header: 0x18 0x71 0xc0 0x0 0x0 0x1 0x16 0x41
[13:30:46]  [OK]CMD Packet Header: 0x18 0x71 0xc0 0x0 0x0 0x1 0x16 0x41
[13:30:48]  Tracking : Az 220, El 24.
[13:30:49]  [OK]CMD Packet Header: 0x18 0x71 0xc0 0x0 0x0 0x1 0x16 0x41
[13:30:52]  [OK]CMD Packet Header: 0x18 0x71 0xc0 0x0 0x0 0x1 0x16 0x41
[13:30:54]  [OK]CMD Packet Header: 0x18 0x71 0xc0 0x0 0x0 0x1 0x16 0x41
[13:30:57]  [OK]CMD Packet Header: 0x18 0x71 0xc0 0x0 0x0 0x1 0x16 0x41
[13:30:58]  Tracking : Az 223, El 25.
[13:31:00]  [OK]CMD Packet Header: 0x18 0x71 0xc0 0x0 0x0 0x1 0x16 0x41
[13:31:03]  [OK]CMD Packet Header: 0x18 0x71 0xc0 0x0 0x0 0x1 0x16 0x41
[13:31:05]  [OK]CMD Packet Header: 0x18 0x71 0xc0 0x0 0x0 0x1 0x16 0x41
[13:31:07]  Tracking : Az 226, El 26.
[13:31:08]  [OK]CMD Packet Header: 0x18 0x71 0xc0 0x0 0x0 0x1 0x16 0x41
[13:31:11]  [OK]CMD Packet Header: 0x18 0x71 0xc0 0x0 0x0 0x1 0x16 0x41
[13:31:13]  [OK]CMD Packet Header: 0x18 0x71 0xc0 0x0 0x0 0x1 0x16 0x41
[13:31:15]  Tracking : Az 229, El 27.
[13:31:16]  [OK]CMD Packet Header: 0x18 0x71 0xc0 0x0 0x0 0x1 0x16 0x41
[13:31:19]  [OK]CMD Packet Header: 0x18 0x71 0xc0 0x0 0x0 0x1 0x16 0x41
[13:31:22]  [OK]CMD Packet Header: 0x18 0x71 0xc0 0x0 0x0 0x1 0x16 0x41
[13:31:23]  Tracking : Az 232, El 28.
[13:31:31]  Tracking : Az 235, El 29.
[13:31:32]  Ping Success at node 5, 460ms
[13:31:34]  AX100 Boot Count : 22231
[13:31:36]  [OK]CMD Packet Header: 0x18 0x71 0xc0 0x0 0x0 0x1 0x16 0x41
[13:31:38]  Tracking : Az 238, El 30.
[13:31:39]  [OK]CMD Packet Header: 0x18 0x71 0xc0 0x0 0x0 0x1 0x16 0x41
[13:31:41]  [OK]CMD Packet Header: 0x18 0x71 0xc0 0x0 0x0 0x1 0x16 0x41
[13:31:44]  Tracking : Az 240, El 30.
[13:31:44]  [OK]CMD Packet Header: 0x18 0x71 0xc0 0x0 0x0 0x1 0x16 0x41
[13:31:46]  [OK]CMD Packet Header: 0x18 0x71 0xc0 0x0 0x0 0x1 0x16 0x41
[13:31:48]  [OK]CMD Packet Header: 0x18 0x71 0xc0 0x0 0x0 0x1 0x16 0x41
[13:31:49]  Tracking : Az 243, El 31.
[13:31:50]  [OK]CMD Packet Header: 0x18 0x71 0xc0 0x0 0x0 0x1 0x16 0x41
[13:31:52]  [OK]CMD Packet Header: 0x18 0x71 0xc0 0x0 0x0 0x1 0x16 0x41
[13:31:54]  [OK]CMD Packet Header: 0x18 0x71 0xc0 0x0 0x0 0x1 0x16 0x41
[13:31:55]  Tracking : Az 246, El 31.
[13:31:56]  [OK]CMD Packet Header: 0x18 0x71 0xc0 0x0 0x0 0x1 0x16 0x41
[13:31:58]  [OK]CMD Packet Header: 0x18 0x71 0xc0 0x0 0x0 0x1 0x16 0x41
[13:32:00]  [OK]CMD Packet Header: 0x18 0x71 0xc0 0x0 0x0 0x1 0x16 0x41
[13:32:01]  Tracking : Az 249, El 32.
[13:32:02]  [OK]CMD Packet Header: 0x18 0x71 0xc0 0x0 0x0 0x1 0x16 0x41
[13:32:04]  [OK]CMD Packet Header: 0x18 0x71 0xc0 0x0 0x0 0x1 0x16 0x41
[13:32:07]  [OK]CMD Packet Header: 0x18 0x71 0xc0 0x0 0x0 0x1 0x16 0x41
[13:32:07]  Tracking : Az 251, El 32.
[13:32:13]  Tracking : Az 255, El 32.
[13:32:15]  Ping Success at node 5, 468ms
[13:32:17]  AX100 Boot Count : 22231
[13:32:19]  Tracking : Az 258, El 33.
[13:32:24]  Ping Failed at node 3.
[13:32:25]  Tracking : Az 261, El 33.
[13:32:28]  Ping Failed at node 6.
[13:32:31]  Tracking : Az 264, El 33.
[13:32:36]  Ping Failed at node 6.
[13:32:37]  Tracking : Az 267, El 33.
[13:32:41]  Ping Failed at node 6.
[13:32:43]  Tracking : Az 270, El 32.
[13:32:48]  Tracking : Az 273, El 32.
[13:32:54]  Tracking : Az 276, El 32.
[13:33:00]  Tracking : Az 278, El 31.
[13:33:04]  Ping Success at node 5, 454ms
[13:33:05]  Tracking : Az 281, El 31.
[13:33:07]  AX100 Boot Count : 22231
[13:33:11]  Tracking : Az 284, El 30.
[13:33:18]  Tracking : Az 287, El 30.
[13:33:25]  Tracking : Az 290, El 29.
[13:33:33]  Tracking : Az 293, El 28.
[13:33:41]  Tracking : Az 296, El 27.
[13:33:49]  Tracking : Az 299, El 26.
[13:33:58]  Tracking : Az 302, El 25.
[13:34:01]  Ping Failed at node 6.
[13:34:04]  Ping Failed at node 6.
[13:34:07]  Ping Success at node 5, 470ms
[13:34:08]  Tracking : Az 305, El 24.
[13:34:12]  Ping Failed at node 6.
[13:34:18]  Ping Success at node 5, 465ms
[13:34:19]  Tracking : Az 308, El 22.
[13:34:27]  Ping Success at node 5, 466ms
[13:34:31]  Tracking : Az 311, El 21.
[13:34:37]  Cannot Load Remote Parameter.
[13:34:45]  Tracking : Az 314, El 19.
[13:34:45]  Ping Failed at node 3.
[13:34:53]  Ping Failed at node 3.
[13:34:58]  Ping Failed at node 3.
[13:35:00]  Tracking : Az 317, El 17.
[13:35:03]  Ping Failed at node 3.
[13:35:09]  Ping Failed at node 3.
[13:35:11]  Ping Success at node 5, 460ms
[13:35:17]  Tracking : Az 320, El 15.
[13:35:37]  Tracking : Az 323, El 13.
[13:35:47]  Ping Success at node 5, 469ms
[13:35:55]  Ping Failed at node 3.
[13:36:03]  [OK]CMD Packet Header: 0x18 0x71 0xc0 0x0 0x0 0x1 0x16 0x41
[13:36:05]  Tracking : Az 326, El 11.
[13:36:10]  [OK]CMD Packet Header: 0x18 0x71 0xc0 0x0 0x0 0x1 0x16 0x41
[13:36:14]  [OK]CMD Packet Header: 0x18 0x71 0xc0 0x0 0x0 0x1 0x16 0x41
[13:36:19]  AX100 Boot Count : 22231
[13:36:25]  Cannot Load Remote Parameter.
[13:36:30]  Tracking : Az 329, El 8.
[13:36:34]  Ping Failed.
[13:36:40]  Ping Success at node 5, 466ms
[13:36:45]  Ping Failed.
[13:36:49]  Ping Failed.
[13:36:54]  Ping Failed.
[13:36:59]  Ping Failed.
[13:37:03]  Ping Failed.
[13:37:05]  Tracking : Az 332, El 6.
[13:37:07]  Ping Failed.
[13:37:11]  Ping Failed.
[13:37:14]  Ping Success at node 5, 479ms
[13:37:19]  Ping Failed at node 3.
[13:37:36]  Tracking : Az 334, El 3.
[13:37:38]  Ping Failed at node 3.
[13:37:51]  Ping Success at node 5, 481ms
[13:38:00]  Ping Failed.
[13:38:04]  Ping Failed.
[13:38:08]  Cannot Load Remote Parameter.
[13:38:12]  Ping Failed.
[13:38:22]  Tracking : Az 336, El 0.
[13:38:25]  Ping Failed at node 3.
[13:38:32]  Ping Failed at node 6.
[13:38:39]  Forked Safe Amplifier Process. (OFF)
[13:38:44]  Finish Engaging.
[13:38:44]  Beacon Success : 0, Ping Success : 21
[13:38:46]  Tracking : Az 0, El 0.
[13:38:55]  Tracking : Az 0, El 0.
