2026-01-10 00:57
[00:58:05]  Connect to Switch Box.............Success.
[00:58:05]  Connect to Rotator................Success.
[00:58:05]  Connect to GS100..................Success.
[00:58:05]  TM Port 13 bind success.
[00:58:05]  BCN Port 31 bind success.
[00:58:05]  RPT Port 25 bind success.
[00:58:05]  Event Port 27 bind success.
[00:58:05]  COSMIC Beacon Port 23 bind success.
[00:58:05]  COSMIC Report Port 24 bind success.
[00:58:08]  TLE "cubesat" Download Completed.
[01:00:26]  TLE "cubesat" Download Completed.
[01:00:33]  Start Engaging.
[01:00:33]  Tracking : Az 17, El 0.
[01:00:34]  Start Doppler Correction.
[01:00:35]  Tracking : Az 17, El 0.
[01:00:37]  Tracking : Az 17, El 0.
[01:00:39]  Tracking : Az 17, El 0.
[01:00:41]  Tracking : Az 17, El 0.
[01:00:43]  Tracking : Az 17, El 0.
[01:00:45]  Tracking : Az 17, El 0.
[01:00:47]  Tracking : Az 17, El 0.
[01:17:59]  Forked Safe Amplifier Process.(ON, Timer)
[01:18:10]  Ping Failed.
[01:18:39]  Tracking : Az 19, El 3.
[01:18:44]  Ping Failed.
[01:18:58]  Ping Success at node 5, 465ms
[01:19:01]  [OK]CMD Packet Header: 0x18 0x75 0xc0 0x0 0x0 0x1 0x14 0x47
[01:19:02]  Received Report from port : 25.
[01:19:04]  Received Report from port : 25.
[01:19:06]  Received Report from port : 25.
[01:19:19]  [OK]CMD Packet Header: 0x18 0x75 0xc0 0x0 0x0 0x5 0x1e 0xa2
[01:19:19]  Tracking : Az 21, El 6.
[01:19:20]  Received Report from port : 25.
[01:19:22]  Received Report from port : 25.
[01:19:24]  Received Report from port : 25.
[01:19:30]  [OK]CMD Packet Header: 0x18 0x75 0xc0 0x0 0x0 0x1 0x14 0x47
[01:19:30]  Received Report from port : 25.
[01:19:33]  Received Report from port : 25.
[01:19:35]  Received Report from port : 25.
[01:19:41]  [OK]CMD Packet Header: 0x18 0x50 0xc0 0x0 0x0 0x1 0x6 0x70
[01:19:42]  Received Report from port : 25.
[01:19:44]  Received Report from port : 25.
[01:19:46]  Received Report from port : 25.
[01:19:55]  Tracking : Az 22, El 9.
[01:20:00]  [OK]CMD Packet Header: 0x18 0x0 0xc0 0x0 0x0 0x71 0x4 0xd
[01:20:10]  Ping Success at node 5, 467ms
[01:20:16]  Tracking : Az 24, El 11.
[01:20:25]  [OK]CMD Packet Header: 0x18 0x31 0xc0 0x0 0x0 0x1 0x0 0x17
[01:20:26]  Received Report from port : 25.
[01:20:28]  Received Report from port : 25.
[01:20:30]  Received Report from port : 25.
[01:20:32]  Received Report from port : 25.
[01:20:34]  Received Report from port : 25.
[01:20:35]  Tracking : Az 25, El 13.
[01:20:36]  Received Report from port : 25.
[01:20:54]  [OK]CMD Packet Header: 0x18 0x23 0xc0 0x0 0x0 0x8 0x2 0x6
[01:20:55]  Received Event from port : 27.

[01:20:59]  Received Event from port : 27.

[01:21:01]  Tracking : Az 27, El 16.
[01:21:09]  Received Event from port : 27.

[01:21:16]  Tracking : Az 29, El 18.
[01:21:19]  Received Event from port : 27.

[01:21:21]  Received Event from port : 27.

[01:21:27]  [OK]CMD Packet Header: 0x18 0x31 0xc0 0x0 0x0 0x7 0xa 0x2a
[01:21:27]  Received Event from port : 27.

[01:21:29]  Received Report from port : 25.
[01:21:31]  Received Report from port : 25.
[01:21:33]  Received Report from port : 25.
[01:21:35]  Received Event from port : 27.

[01:21:36]  Tracking : Az 32, El 21.
[01:21:38]  Received Report from port : 25.
[01:21:40]  Received Report from port : 25.
[01:21:42]  Received Report from port : 25.
[01:21:44]  Received Event from port : 27.

[01:21:49]  Received Event from port : 27.

[01:21:54]  Tracking : Az 34, El 24.
[01:21:58]  [OK]CMD Packet Header: 0x18 0x31 0xc0 0x0 0x0 0x7 0xa 0x2b
[01:21:59]  Received Event from port : 27.

[01:22:01]  Received Event from port : 27.

[01:22:03]  Received Report from port : 25.
[01:22:05]  Received Report from port : 25.
[01:22:06]  Tracking : Az 37, El 26.
[01:22:07]  Received Report from port : 25.
[01:22:09]  Received Event from port : 27.

[01:22:11]  Received Report from port : 25.
[01:22:13]  Received Report from port : 25.
[01:22:15]  Received Report from port : 25.
[01:22:17]  Received Event from port : 27.

[01:22:19]  Tracking : Az 40, El 28.
[01:22:19]  Received Event from port : 27.

[01:22:26]  [OK]CMD Packet Header: 0x18 0x31 0xc0 0x0 0x0 0x7 0xa 0x28
[01:22:27]  Received Event from port : 27.

[01:22:29]  Received Report from port : 25.
[01:22:30]  Tracking : Az 42, El 31.
[01:22:31]  Received Report from port : 25.
[01:22:33]  Received Report from port : 25.
[01:22:35]  Received Event from port : 27.

[01:22:37]  Received Report from port : 25.
[01:22:38]  Tracking : Az 45, El 32.
[01:22:39]  Received Report from port : 25.
[01:22:41]  Received Report from port : 25.
[01:22:43]  Received Event from port : 27.

[01:22:44]  Tracking : Az 47, El 34.
[01:22:45]  Received Event from port : 27.

[01:22:46]  [OK]CMD Packet Header: 0x18 0x31 0xc0 0x0 0x0 0x7 0xa 0x29
[01:22:47]  Received Event from port : 27.

[01:22:49]  Received Report from port : 25.
[01:22:51]  Received Report from port : 25.
[01:22:53]  Tracking : Az 50, El 36.
[01:22:53]  Received Report from port : 25.
[01:22:55]  Received Event from port : 27.

[01:22:57]  Received Report from port : 25.
[01:22:59]  Tracking : Az 52, El 37.
[01:22:59]  Received Report from port : 25.
[01:23:01]  Received Report from port : 25.
[01:23:03]  Received Event from port : 27.

[01:23:04]  Tracking : Az 55, El 39.
[01:23:09]  Received Event from port : 27.

[01:23:10]  Tracking : Az 57, El 40.
[01:23:15]  Tracking : Az 60, El 41.
[01:23:19]  Received Event from port : 27.

[01:23:20]  Tracking : Az 63, El 42.
[01:23:22]  Received Event from port : 27.

[01:23:25]  Tracking : Az 66, El 43.
[01:23:25]  [OK]CMD Packet Header: 0x18 0x23 0xc0 0x0 0x0 0x5 0x4 0x9
[01:23:31]  Tracking : Az 70, El 45.
[01:23:32]  Ping Success at node 5, 454ms
[01:23:37]  Tracking : Az 74, El 46.
[01:23:41]  Tracking : Az 77, El 47.
[01:23:46]  Tracking : Az 81, El 47.
[01:23:50]  Tracking : Az 84, El 48.
[01:23:53]  Tracking : Az 87, El 48.
[01:23:57]  Tracking : Az 90, El 49.
[01:24:00]  Tracking : Az 93, El 49.
[01:24:05]  Tracking : Az 97, El 49.
[01:24:08]  Tracking : Az 100, El 49.
[01:24:11]  Tracking : Az 103, El 49.
[01:24:14]  [OK]CMD Packet Header: 0x18 0x15 0xc0 0x0 0x0 0x45 0xa 0x34
[01:24:14]  Received GETFILEINFO Response from port : 23.

[01:24:15]  Tracking : Az 106, El 49.
[01:24:18]  Tracking : Az 109, El 48.
[01:24:22]  Tracking : Az 112, El 48.
[01:24:26]  [OK]CMD Packet Header: 0x18 0x15 0xc0 0x0 0x0 0x45 0xa 0x35
[01:24:26]  Tracking : Az 116, El 48.
[01:24:26]  Received GETFILEINFO Response from port : 23.

[01:24:31]  Tracking : Az 120, El 47.
[01:24:35]  Tracking : Az 123, El 46.
[01:24:35]  Forked Safe Amplifier Process. (OFF)
[01:24:37]  Finish Engaging.
[01:24:37]  Beacon Success : 0, Ping Success : 3
