2025-12-31 12:51
[12:51:23]  Connect to Switch Box.............Success.
[12:51:23]  Connect to Rotator................Success.
[12:51:23]  Connect to GS100..................Success.
[12:51:23]  TM Port 13 bind success.
[12:51:23]  BCN Port 31 bind success.
[12:51:23]  RPT Port 25 bind success.
[12:51:23]  Event Port 27 bind success.
[12:51:23]  COSMIC Beacon Port 23 bind success.
[12:51:23]  COSMIC Report Port 24 bind success.
[12:51:50]  TLE "cubesat" Download Completed.
[12:58:10]  Start Engaging.
[12:58:10]  Tracking : Az 182, El 0.
[12:58:12]  Tracking : Az 182, El 0.
[12:58:14]  Tracking : Az 182, El 0.
[12:58:16]  Tracking : Az 182, El 0.
[12:58:18]  Tracking : Az 182, El 0.
[12:58:20]  Tracking : Az 182, El 0.
[12:58:22]  Tracking : Az 182, El 0.
[12:58:24]  Tracking : Az 182, El 0.
[12:58:26]  Tracking : Az 182, El 0.
[12:58:28]  Tracking : Az 182, El 0.
[12:58:30]  Tracking : Az 182, El 0.
[12:58:32]  Tracking : Az 182, El 0.
[12:58:34]  Tracking : Az 182, El 0.
[12:58:36]  Tracking : Az 182, El 0.
[12:58:38]  Tracking : Az 182, El 0.
[12:58:40]  Tracking : Az 182, El 0.
[12:58:50]  Start Doppler Correction.
[13:18:20]  Forked Safe Amplifier Process.(ON, Timer)
[13:18:55]  Tracking : Az 184, El 1.
[13:19:01]  Ping Failed.
[13:19:28]  Tracking : Az 185, El 4.
[13:19:34]  Ping Success at node 5, 468ms
[13:19:36]  Ping Success at node 5, 478ms
[13:19:37]  Ping Success at node 5, 463ms
[13:19:39]  AX100 Boot Count : 22231
[13:19:41]  Remote Param Control OK. csp_rtable : 0/0 AX100, 3/5 CAN
[13:19:53]  Remote Param Control OK.
[13:19:54]  Tracking : Az 187, El 5.
[13:19:55]  Remote Param Control OK. csp_rtable : 0/0 AX100, 3/5 CAN, 6/5 CAN
[13:20:00]  AX100 Boot Count : 22231
[13:20:01]  Ping Success at node 5, 475ms
[13:20:12]  Ping Failed at node 3.
[13:20:12]  Tracking : Az 188, El 7.
[13:20:14]  Ping Success at node 5, 472ms
[13:20:20]  Ping Failed at node 6.
[13:20:24]  Ping Failed at node 6.
[13:20:25]  Ping Success at node 5, 466ms
[13:20:31]  Tracking : Az 189, El 9.
[13:20:33]  Ping Success at node 5, 462ms
[13:20:37]  Ping Failed at node 6.
[13:20:40]  Ping Failed at node 6.
[13:20:46]  Ping Failed at node 6.
[13:20:47]  Ping Success at node 5, 463ms
[13:20:51]  Ping Success at node 5, 463ms
[13:20:55]  Ping Failed at node 3.
[13:21:01]  Ping Failed at node 3.
[13:21:01]  Tracking : Az 192, El 11.
[13:21:03]  Ping Success at node 5, 468ms
[13:21:09]  Ping Failed at node 6.
[13:21:14]  Ping Failed at node 6.
[13:21:17]  Ping Failed at node 6.
[13:21:21]  Cannot Load Remote Parameter.
[13:21:21]  Tracking : Az 194, El 14.
[13:21:26]  Ping Failed.
[13:21:37]  [OK]CMD Packet Header: 0x18 0x23 0xc0 0x0 0x0 0x1 0x6 0x3
[13:21:38]  [OK]CMD Packet Header: 0x18 0x23 0xc0 0x0 0x0 0x1 0x6 0x3
[13:21:40]  [OK]CMD Packet Header: 0x18 0x23 0xc0 0x0 0x0 0x1 0x6 0x3
[13:21:42]  Ping Success at node 5, 463ms
[13:21:46]  Tracking : Az 197, El 16.
[13:21:58]  [OK]CMD Packet Header: 0x18 0x20 0xc0 0x0 0x0 0x5 0x7 0xd
[13:21:59]  [OK]CMD Packet Header: 0x18 0x20 0xc0 0x0 0x0 0x5 0x7 0xd
[13:22:01]  [OK]CMD Packet Header: 0x18 0x20 0xc0 0x0 0x0 0x5 0x7 0xd
[13:22:02]  [OK]CMD Packet Header: 0x18 0x20 0xc0 0x0 0x0 0x5 0x7 0xd
[13:22:02]  Tracking : Az 199, El 19.
[13:22:04]  Ping Success at node 5, 460ms
[13:22:10]  [OK]CMD Packet Header: 0x18 0x23 0xc0 0x0 0x0 0x1 0x1b 0x1e
[13:22:11]  [OK]CMD Packet Header: 0x18 0x23 0xc0 0x0 0x0 0x8 0x2 0x18
[13:22:11]  [OK]CMD Packet Header: 0x18 0x19 0xc0 0x0 0x0 0x5 0x0 0x29
[13:22:13]  [OK]CMD Packet Header: 0x18 0x23 0xc0 0x0 0x0 0x1 0x1b 0x1e
[13:22:14]  [OK]CMD Packet Header: 0x18 0x23 0xc0 0x0 0x0 0x8 0x2 0x18
[13:22:14]  [OK]CMD Packet Header: 0x18 0x19 0xc0 0x0 0x0 0x5 0x0 0x29
[13:22:16]  [OK]CMD Packet Header: 0x18 0x23 0xc0 0x0 0x0 0x1 0x1b 0x1e
[13:22:16]  [OK]CMD Packet Header: 0x18 0x23 0xc0 0x0 0x0 0x8 0x2 0x18
[13:22:17]  [OK]CMD Packet Header: 0x18 0x19 0xc0 0x0 0x0 0x5 0x0 0x29
[13:22:18]  Tracking : Az 202, El 21.
[13:22:24]  Ping Success at node 5, 465ms
[13:22:32]  Ping Failed at node 6.
[13:22:33]  Tracking : Az 205, El 23.
[13:22:36]  Ping Failed at node 6.
[13:22:40]  Ping Failed at node 6.
[13:22:42]  Ping Success at node 5, 459ms
[13:22:46]  Tracking : Az 208, El 25.
[13:22:47]  Ping Failed at node 3.
[13:22:48]  Ping Success at node 5, 468ms
[13:22:52]  Ping Failed at node 3.
[13:22:53]  Ping Success at node 5, 467ms
[13:22:57]  Tracking : Az 211, El 27.
[13:22:57]  Ping Failed at node 3.
[13:22:59]  AX100 Boot Count : 22231
[13:23:02]  Remote Param Control OK. csp_rtable : 0/0 AX100, 3/5 CAN, 6/5 CAN
[13:23:06]  Ping Success at node 5, 463ms
[13:23:07]  Tracking : Az 214, El 29.
[13:23:09]  Ping Failed at node 3.
[13:23:13]  Ping Failed.
[13:23:16]  Tracking : Az 217, El 30.
[13:23:19]  Ping Failed.
[13:23:25]  Tracking : Az 220, El 32.
[13:23:32]  Tracking : Az 223, El 33.
[13:23:34]  Ping Failed.
[13:23:39]  Tracking : Az 226, El 34.
[13:23:46]  Tracking : Az 229, El 35.
[13:23:48]  Ping Failed.
[13:23:51]  Ping Failed.
[13:23:52]  Tracking : Az 232, El 36.
[13:23:55]  Ping Failed.
[13:23:57]  Tracking : Az 235, El 37.
[13:23:59]  Ping Success at node 5, 458ms
[13:24:02]  Ping Success at node 5, 459ms
[13:24:03]  Tracking : Az 238, El 38.
[13:24:04]  Ping Success at node 5, 455ms
[13:24:08]  Tracking : Az 241, El 39.
[13:24:09]  Ping Failed at node 6.
[13:24:12]  Ping Failed at node 6.
[13:24:13]  Tracking : Az 244, El 39.
[13:24:17]  Ping Failed at node 6.
[13:24:18]  Tracking : Az 247, El 40.
[13:24:21]  Ping Failed at node 6.
[13:24:23]  Tracking : Az 250, El 40.
[13:24:25]  Ping Failed at node 6.
[13:24:27]  Tracking : Az 253, El 40.
[13:24:29]  Ping Failed at node 6.
[13:24:32]  Tracking : Az 256, El 40.
[13:24:35]  Ping Failed at node 6.
[13:24:36]  Tracking : Az 259, El 41.
[13:24:38]  AX100 Boot Count : 22231
[13:24:40]  Remote Param Control OK. rssi_busy : 0
[13:24:41]  Tracking : Az 262, El 41.
[13:24:41]  Remote Param Control OK. can_en : true
[13:24:43]  Total RX Bytes : 44612
[13:24:44]  Remote Param Control OK. tx_inhibit : 0
[13:24:45]  Remote Param Control OK. tx_pwr : 3
[13:24:45]  Tracking : Az 265, El 40.
[13:24:46]  Remote Param Control OK. csp_rtable : 0/0 AX100, 3/5 CAN, 6/5 CAN
[13:24:47]  Remote Param Control OK. Active Conf : 1
[13:24:49]  Remote Param Control OK. Last RSSI : -93
[13:24:50]  Remote Param Control OK. rx_guard : 0
[13:24:50]  Tracking : Az 268, El 40.
[13:24:51]  Remote Param Control OK. tx_guard : 50
[13:24:52]  Remote Param Control OK. rx_baud : 4800
[13:24:53]  Remote Param Control OK. tx_baud : 4800
[13:24:55]  Tracking : Az 271, El 40.
[13:24:58]  Ping Success at node 5, 455ms
[13:24:59]  Tracking : Az 274, El 40.
[13:25:03]  Ping Failed at node 6.
[13:25:04]  Tracking : Az 277, El 39.
[13:25:08]  Ping Failed at node 3.
[13:25:08]  Ping Success at node 5, 458ms
[13:25:09]  Tracking : Az 280, El 39.
[13:25:13]  Ping Failed at node 6.
[13:25:14]  Tracking : Az 283, El 38.
[13:25:16]  Ping Failed at node 6.
[13:25:20]  Tracking : Az 286, El 37.
[13:25:20]  Ping Failed at node 6.
[13:25:24]  Ping Failed at node 6.
[13:25:25]  Tracking : Az 289, El 37.
[13:25:28]  Ping Failed at node 6.
[13:25:31]  Tracking : Az 292, El 36.
[13:25:34]  Ping Failed at node 3.
[13:25:37]  Tracking : Az 295, El 35.
[13:25:44]  Tracking : Az 298, El 34.
[13:25:45]  Ping Failed at node 3.
[13:25:49]  Ping Failed at node 3.
[13:25:51]  Tracking : Az 301, El 32.
[13:25:52]  Ping Failed at node 3.
[13:25:58]  Ping Failed at node 3.
[13:25:59]  Tracking : Az 304, El 31.
[13:26:02]  Ping Failed at node 3.
[13:26:07]  Ping Failed at node 3.
[13:26:07]  Tracking : Az 307, El 30.
[13:26:12]  Ping Failed at node 3.
[13:26:12]  Ping Success at node 5, 461ms
[13:26:14]  Ping Success at node 5, 456ms
[13:26:15]  Ping Success at node 5, 457ms
[13:26:17]  Tracking : Az 310, El 28.
[13:26:22]  Ping Failed at node 6.
[13:26:26]  Ping Failed at node 6.
[13:26:28]  Tracking : Az 313, El 26.
[13:26:31]  Ping Failed at node 4.
[13:26:35]  Ping Failed at node 4.
[13:26:40]  Tracking : Az 316, El 24.
[13:26:49]  Ping Success at node 5, 461ms
[13:26:54]  Ping Failed at node 6.
[13:26:54]  Tracking : Az 319, El 22.
[13:26:57]  Ping Failed at node 6.
[13:27:01]  Ping Failed at node 3.
[13:27:08]  Ping Failed at node 3.
[13:27:10]  Tracking : Az 322, El 20.
[13:27:14]  Ping Failed at node 3.
[13:27:14]  Ping Success at node 5, 460ms
[13:27:16]  Ping Success at node 5, 457ms
[13:27:17]  Ping Success at node 5, 469ms
[13:27:22]  Ping Failed at node 3.
[13:27:26]  [OK]CMD Packet Header: 0x18 0x23 0xc0 0x0 0x0 0x1 0x1b 0x1e
[13:27:26]  [OK]CMD Packet Header: 0x18 0x23 0xc0 0x0 0x0 0x8 0x2 0x18
[13:27:27]  [OK]CMD Packet Header: 0x18 0x19 0xc0 0x0 0x0 0x5 0x0 0x29
[13:27:29]  Tracking : Az 325, El 17.
[13:27:44]  Ping Success at node 5, 462ms
[13:27:45]  Tracking : Az 327, El 15.
[13:27:53]  Ping Failed at node 3.
[13:27:57]  Ping Failed at node 6.
[13:28:09]  Tracking : Az 329, El 12.
[13:28:13]  [OK]CMD Packet Header: 0x18 0x71 0xc0 0x0 0x0 0x1 0x16 0x41
[13:28:15]  [OK]CMD Packet Header: 0x18 0x71 0xc0 0x0 0x0 0x1 0x16 0x41
[13:28:16]  [OK]CMD Packet Header: 0x18 0x71 0xc0 0x0 0x0 0x1 0x16 0x41
[13:28:18]  [OK]CMD Packet Header: 0x18 0x71 0xc0 0x0 0x0 0x1 0x16 0x41
[13:28:19]  [OK]CMD Packet Header: 0x18 0x71 0xc0 0x0 0x0 0x1 0x16 0x41
[13:28:21]  Ping Success at node 5, 469ms
[13:28:22]  [OK]CMD Packet Header: 0x18 0x71 0xc0 0x0 0x0 0x1 0x16 0x41
[13:28:24]  [OK]CMD Packet Header: 0x18 0x71 0xc0 0x0 0x0 0x1 0x16 0x41
[13:28:26]  [OK]CMD Packet Header: 0x18 0x71 0xc0 0x0 0x0 0x1 0x16 0x41
[13:28:27]  [OK]CMD Packet Header: 0x18 0x71 0xc0 0x0 0x0 0x1 0x16 0x41
[13:28:29]  [OK]CMD Packet Header: 0x18 0x71 0xc0 0x0 0x0 0x1 0x16 0x41
[13:28:30]  [OK]CMD Packet Header: 0x18 0x71 0xc0 0x0 0x0 0x1 0x16 0x41
[13:28:32]  Tracking : Az 332, El 10.
[13:28:49]  [OK]CMD Packet Header: 0x18 0x71 0xc0 0x0 0x0 0x1 0x16 0x41
[13:28:50]  [OK]CMD Packet Header: 0x18 0x71 0xc0 0x0 0x0 0x1 0x16 0x41
[13:28:53]  [OK]CMD Packet Header: 0x18 0x71 0xc0 0x0 0x0 0x1 0x16 0x41
[13:28:54]  [OK]CMD Packet Header: 0x18 0x71 0xc0 0x0 0x0 0x1 0x16 0x41
[13:28:55]  [OK]CMD Packet Header: 0x18 0x71 0xc0 0x0 0x0 0x1 0x16 0x41
[13:28:57]  [OK]CMD Packet Header: 0x18 0x71 0xc0 0x0 0x0 0x1 0x16 0x41
[13:28:58]  Ping Success at node 5, 468ms
[13:29:00]  Ping Success at node 5, 465ms
[13:29:01]  Ping Success at node 5, 462ms
[13:29:02]  AX100 Boot Count : 22231
[13:29:03]  Tracking : Az 334, El 7.
[13:29:04]  Ping Success at node 5, 466ms
[13:29:05]  Ping Success at node 5, 471ms
[13:29:19]  Ping Failed at node 3.
[13:29:21]  Tracking : Az 0, El 0.
[13:29:22]  Ping Failed at node 3.
[13:29:22]  Tracking : Az 335, El 6.
[13:29:24]  Tracking : Az 335, El 6.
[13:29:39]  Ping Failed at node 3.
[13:29:44]  Ping Failed at node 3.
[13:29:45]  Ping Success at node 5, 473ms
[13:29:46]  Ping Success at node 5, 478ms
[13:29:49]  Ping Success at node 5, 464ms
[13:29:55]  Tracking : Az 337, El 3.
[13:29:58]  Ping Failed at node 3.
[13:30:02]  Ping Failed at node 3.
[13:30:07]  Ping Failed at node 3.
[13:30:12]  Ping Failed at node 6.
[13:30:16]  Ping Failed at node 6.
[13:30:17]  Ping Success at node 5, 477ms
[13:30:18]  Ping Success at node 5, 469ms
[13:30:19]  AX100 Boot Count : 22231
[13:30:20]  AX100 Boot Count : 22231
[13:30:21]  Ping Success at node 5, 467ms
[13:30:24]  Cannot Load Remote Parameter.
[13:30:25]  Ping Success at node 5, 468ms
[13:30:31]  Cannot Load Remote Parameter.
[13:30:32]  Ping Success at node 5, 483ms
[13:30:36]  Cannot Load Remote Parameter.
[13:30:40]  Tracking : Az 339, El 0.
[13:30:41]  Ping Failed.
[13:30:49]  Ping Failed.
[13:30:51]  Forked Safe Amplifier Process. (OFF)
[13:30:58]  Finish Engaging.
[13:30:58]  Beacon Success : 0, Ping Success : 44
[13:31:00]  Tracking : Az 0, El 0.
