2026-01-21 12:54
[12:54:36]  Connect to Switch Box.............Success.
[12:54:36]  Connect to Rotator................Success.
[12:54:36]  Connect to GS100..................Success.
[12:54:36]  TM Port 13 bind success.
[12:54:36]  BCN Port 31 bind success.
[12:54:36]  RPT Port 25 bind success.
[12:54:36]  Event Port 27 bind success.
[12:54:36]  COSMIC Beacon Port 23 bind success.
[12:54:36]  COSMIC Report Port 24 bind success.
[12:55:13]  TLE "cubesat" Download Completed.
[12:55:26]  Start Engaging.
[12:55:26]  Tracking : Az 355, El 55.
[12:55:27]  Start Doppler Correction.
[12:55:28]  Tracking : Az 355, El 54.
[12:55:30]  Tracking : Az 355, El 53.
[12:55:32]  Tracking : Az 354, El 52.
[12:55:34]  Tracking : Az 354, El 51.
[12:55:36]  Tracking : Az 354, El 50.
[12:55:38]  Tracking : Az 354, El 49.
[12:55:40]  Tracking : Az 353, El 48.
[12:55:42]  Tracking : Az 353, El 47.
[12:55:44]  Tracking : Az 353, El 47.
[12:55:46]  Tracking : Az 353, El 46.
[12:55:48]  Tracking : Az 353, El 45.
[12:55:50]  Tracking : Az 352, El 44.
[12:55:52]  Tracking : Az 352, El 43.
[12:55:54]  Tracking : Az 352, El 42.
[12:55:56]  Tracking : Az 352, El 42.
[12:55:58]  Tracking : Az 352, El 41.
[12:56:00]  Tracking : Az 352, El 40.
[12:56:02]  Tracking : Az 352, El 39.
[12:56:04]  Tracking : Az 352, El 39.
[12:56:06]  Tracking : Az 351, El 38.
[12:56:08]  Tracking : Az 351, El 37.
[12:56:10]  Tracking : Az 351, El 37.
[12:56:12]  Tracking : Az 351, El 36.
[12:56:14]  Tracking : Az 351, El 35.
[12:56:16]  Tracking : Az 351, El 35.
[12:56:18]  Tracking : Az 351, El 34.
[12:56:20]  Tracking : Az 351, El 34.
[12:56:22]  Tracking : Az 351, El 33.
[12:56:24]  Tracking : Az 351, El 33.
[12:56:27]  Forked Safe Amplifier Process.(ON, Timer)
[12:56:29]  Ping Success at node 5, 457ms
[12:56:32]  Tracking : Az 350, El 30.
[12:56:34]  Tracking : Az 350, El 30.
[12:56:38]  AX100 Boot Count : 22246
[12:56:41]  Remote Param Control OK.(No Reply)
[12:56:44]  Tracking : Az 350, El 27.
[12:56:46]  Tracking : Az 350, El 27.
[12:56:48]  Ping Failed at node 3.
[12:56:51]  Ping Success at node 5, 462ms
[12:56:55]  Ping Failed at node 3.
[12:56:57]  Ping Success at node 5, 463ms
[12:56:58]  Tracking : Az 350, El 24.
[12:57:00]  Tracking : Az 350, El 24.
[12:57:01]  Ping Failed at node 3.
[12:57:03]  Ping Success at node 5, 463ms
[12:57:08]  Ping Failed at node 3.
[12:57:11]  Remote Param Control OK. csp_rtable : 0/0 AX100, 3/5 CAN
[12:57:14]  Tracking : Az 350, El 21.
[12:57:15]  Remote Param Control OK. Last RSSI : -95
[12:57:18]  Ping Success at node 5, 459ms
[12:57:26]  Ping Success at node 5, 457ms
[12:57:31]  Ping Failed at node 3.
[12:57:33]  Ping Success at node 5, 462ms
[12:57:35]  Remote Param Control OK. can_en : true
[12:57:39]  Tracking : Az 349, El 17.
[12:57:41]  Tracking : Az 349, El 17.
[12:57:43]  Forked Safe Amplifier Process. (OFF)
[12:57:47]  Finish Engaging.
[12:57:47]  Beacon Success : 0, Ping Success : 7
[12:57:50]  Tracking : Az 0, El 0.
