2026-01-09 19:12
[19:12:22]  Connect to Switch Box.............Success.
[19:12:22]  Connect to Rotator................Success.
[19:12:22]  Connect to GS100..................Success.
[19:12:22]  TM Port 13 bind success.
[19:12:22]  BCN Port 31 bind success.
[19:12:22]  RPT Port 25 bind success.
[19:12:22]  Event Port 27 bind success.
[19:12:22]  COSMIC Beacon Port 23 bind success.
[19:12:22]  COSMIC Report Port 24 bind success.
[19:12:27]  TLE "cubesat" Download Completed.
[19:13:06]  [Auto]Start AutoPilot.
[19:13:06]  [Auto]Start Autopilot. Next Valuable AOS : 1/9 19:13:2
[19:13:06]  [Auto]Max Elevation : 35.72° Please Keep Devices On.
[19:13:06]  [Auto]Start Engaging.
[19:13:06]  [Auto]Start Doppler Correction.
[19:13:06]  Tracking : Az 215, El 25.
[19:13:08]  Tracking : Az 215, El 25.
[19:13:10]  Tracking : Az 214, El 25.
[19:13:27]  Tracking : Az 212, El 21.
[19:13:29]  Tracking : Az 212, El 21.
[19:13:51]  Tracking : Az 210, El 17.
[19:13:53]  Tracking : Az 210, El 17.
[19:13:55]  Rotator Read Failed.
[19:13:55]  Write to rotator failed.
[19:13:56]  Rotator Read Failed. Please Check Again.
[19:13:57]  Write to rotator failed.
