2026-01-29 00:56
[00:56:55]  Connect to Switch Box.............Success.
[00:56:55]  Connect to Rotator................Success.
[00:56:55]  Connect to GS100..................Success.
[00:56:55]  TM Port 13 bind success.
[00:56:55]  BCN Port 31 bind success.
[00:56:55]  RPT Port 25 bind success.
[00:56:55]  Event Port 27 bind success.
[00:56:55]  COSMIC Beacon Port 23 bind success.
[00:56:55]  COSMIC Report Port 24 bind success.
[00:57:14]  TLE "active" Download Completed.
[00:57:19]  Start Engaging.
[00:57:19]  Tracking : Az 110, El 22.
[00:57:20]  Start Doppler Correction.
[00:57:21]  Tracking : Az 111, El 22.
[00:57:23]  Forked Safe Amplifier Process.(ON, Timer)
[00:57:23]  Tracking : Az 112, El 22.
[00:57:31]  Tracking : Az 115, El 21.
[00:57:32]  [OK]CMD Packet Header: 0x18 0x75 0xc0 0x0 0x0 0x1 0x14 0x47
[00:57:32]  Received Report from port : 25.
[00:57:33]  Tracking : Az 115, El 21.
[00:57:35]  Received Report from port : 25.
[00:57:37]  Received Report from port : 25.
[00:57:37]  Tracking : Az 117, El 21.
[00:57:40]  Tracking : Az 118, El 21.
[00:57:46]  [OK]CMD Packet Header: 0x18 0x75 0xc0 0x0 0x0 0x5 0x1e 0xa2
[00:57:47]  Received Report from port : 25.
[00:57:49]  Tracking : Az 121, El 20.
[00:57:49]  Received Report from port : 25.
[00:57:51]  Received Report from port : 25.
[00:57:52]  Tracking : Az 122, El 20.
[00:57:59]  [OK]CMD Packet Header: 0x18 0x50 0xc0 0x0 0x0 0x1 0x6 0x70
[00:58:00]  Received Report from port : 25.
[00:58:02]  Tracking : Az 125, El 19.
[00:58:02]  Received Report from port : 25.
[00:58:04]  Received Report from port : 25.
[00:58:13]  Tracking : Az 128, El 18.
[00:58:15]  Tracking : Az 128, El 18.
[00:58:17]  [OK]CMD Packet Header: 0x18 0x30 0xc0 0x0 0x0 0x1 0x0 0x16
[00:58:18]  Received Report from port : 25.
[00:58:20]  Tracking : Az 130, El 18.
[00:58:20]  Received Report from port : 25.
[00:58:22]  Received Report from port : 25.
[00:58:32]  Tracking : Az 133, El 17.
[00:58:33]  [OK]CMD Packet Header: 0x18 0x75 0xc0 0x0 0x0 0x1 0x14 0x47
[00:58:34]  Received Report from port : 25.
[00:58:36]  Received Report from port : 25.
[00:58:38]  Received Report from port : 25.
[00:58:44]  Forked Safe Amplifier Process. (OFF)
[00:58:46]  Finish Engaging.
[00:58:46]  Beacon Success : 0, Ping Success : 0
[00:58:47]  Tracking : Az 0, El 0.
