2026-01-11 01:35
[01:35:13]  Connect to Switch Box.............Success.
[01:35:13]  Connect to Rotator................Success.
[01:35:13]  Connect to GS100..................Success.
[01:35:13]  TM Port 13 bind success.
[01:35:13]  BCN Port 31 bind success.
[01:35:13]  RPT Port 25 bind success.
[01:35:13]  Event Port 27 bind success.
[01:35:13]  COSMIC Beacon Port 23 bind success.
[01:35:13]  COSMIC Report Port 24 bind success.
[01:35:16]  TLE "cubesat" Download Completed.
[01:35:19]  Forked Safe Amplifier Process.(ON, Timer)
[16:35:20]  Start Engaging.
[01:35:20]  Tracking : Az 177, El 22.
[01:35:21]  Start Doppler Correction.
[01:35:22]  Tracking : Az 177, El 21.
[01:35:23]  Ping Success at node 5, 463ms
[01:35:36]  Tracking : Az 179, El 19.
[01:35:39]  [OK]CMD Packet Header: 0x18 0x20 0xc0 0x0 0x0 0x5 0x7 0x1
[01:35:52]  Ping Success at node 5, 467ms
[01:35:54]  Tracking : Az 180, El 16.
[01:36:02]  !!!!!!!!!Received Mission Beacon from port : 13.!!!!!!!!!
[01:36:04]  !!!!!!!!!Received Mission Beacon from port : 13.!!!!!!!!!
[01:36:06]  !!!!!!!!!Received Mission Beacon from port : 13.!!!!!!!!!
