2026-01-19 10:21
[10:21:44]  Connect to Switch Box.............Success.
[10:21:44]  Connect to Rotator................Success.
[10:21:44]  Connect to GS100..................Success.
[10:21:44]  TM Port 13 bind success.
[10:21:44]  BCN Port 31 bind success.
[10:21:44]  RPT Port 25 bind success.
[10:21:44]  Event Port 27 bind success.
[10:21:44]  COSMIC Beacon Port 23 bind success.
[10:21:44]  COSMIC Report Port 24 bind success.
[10:22:09]  TLE "active" Download Completed.
[11:47:46]  Start Engaging.
[11:47:46]  Tracking : Az 128, El 0.
[11:47:47]  Start Doppler Correction.
[11:47:48]  Tracking : Az 128, El 0.
[11:47:50]  Tracking : Az 128, El 0.
[11:47:52]  Tracking : Az 128, El 0.
[11:47:54]  Tracking : Az 128, El 0.
[11:47:56]  Tracking : Az 128, El 0.
[11:47:58]  Tracking : Az 128, El 0.
[11:48:00]  Tracking : Az 128, El 0.
[11:48:02]  Tracking : Az 128, El 0.
[11:48:04]  Tracking : Az 128, El 0.
[11:48:06]  Tracking : Az 128, El 0.
[11:48:08]  Tracking : Az 128, El 0.
[11:49:49]  Forked Safe Amplifier Process.(ON, Timer)
[11:49:55]  Ping Failed.
[11:50:10]  Ping Failed.
[11:50:18]  Tracking : Az 125, El 1.
[11:50:28]  Ping Failed.
[11:50:42]  Ping Failed.
[11:50:49]  Tracking : Az 122, El 3.
[11:50:55]  Ping Success at node 5, 478ms
[11:51:00]  AX100 Boot Count : 189
[11:51:02]  [OK]CMD Packet Header: 0x18 0x75 0xc0 0x0 0x0 0x1 0x14 0x47
[11:51:03]  Received Report from port : 25.
[11:51:05]  Received Report from port : 25.
[11:51:07]  Received Report from port : 25.
[11:51:17]  [OK]CMD Packet Header: 0x18 0x30 0xc0 0x0 0x0 0x1 0x0 0x16
[11:51:17]  Tracking : Az 119, El 5.
[11:51:36]  [OK]CMD Packet Header: 0x18 0x15 0xc0 0x0 0x0 0x45 0xa 0x3c
[11:51:37]  Received GETFILEINFO Response from port : 23.

[11:51:40]  Tracking : Az 116, El 6.
[11:52:02]  Tracking : Az 113, El 8.
[11:52:10]  [OK]CMD Packet Header: 0x18 0x75 0xc0 0x0 0x0 0x1 0x33 0x60
[11:52:21]  Tracking : Az 110, El 9.
[11:52:22]  Ping Failed.
[11:52:36]  Ping Success at node 5, 465ms
[11:52:38]  Tracking : Az 107, El 10.
[11:52:40]  AX100 Boot Count : 190
[11:52:49]  Tracking : Az 105, El 11.
[11:52:56]  [OK]CMD Packet Header: 0x18 0x0 0xc0 0x0 0x0 0x55 0x7 0x7d
[11:53:04]  Tracking : Az 102, El 12.
[11:53:12]  [OK]CMD Packet Header: 0x18 0x75 0xc0 0x0 0x0 0x1 0x14 0x47
[11:53:13]  Received Report from port : 25.
[11:53:14]  Tracking : Az 100, El 12.
[11:53:15]  Received Report from port : 25.
[11:53:17]  Received Report from port : 25.
[11:53:27]  Tracking : Az 97, El 13.
[11:53:40]  [OK]CMD Packet Header: 0x18 0x30 0xc0 0x0 0x0 0x1 0x0 0x16
[11:53:40]  Tracking : Az 94, El 14.
[11:53:42]  Received Report from port : 25.
[11:53:44]  Received Report from port : 25.
[11:53:50]  [OK]CMD Packet Header: 0x18 0x30 0xc0 0x0 0x0 0x1 0x0 0x16
[11:53:51]  Received Report from port : 25.
[11:53:52]  Tracking : Az 91, El 15.
[11:54:03]  [OK]CMD Packet Header: 0x18 0x50 0xc0 0x0 0x0 0x1 0x6 0x70
[11:54:03]  Tracking : Az 88, El 15.
[11:54:10]  Ping Failed.
[11:54:11]  Tracking : Az 86, El 15.
[11:54:17]  Ping Failed.
[11:54:21]  Ping Success at node 5, 469ms
[11:54:21]  Tracking : Az 83, El 16.
[11:54:23]  [OK]CMD Packet Header: 0x18 0x50 0xc0 0x0 0x0 0x1 0x6 0x70
[11:54:32]  AX100 Boot Count : 190
[11:54:32]  Tracking : Az 80, El 16.
[11:54:36]  [OK]CMD Packet Header: 0x18 0x50 0xc0 0x0 0x0 0x1 0x6 0x70
[11:54:36]  Received Report from port : 25.
[11:54:38]  Received Report from port : 25.
[11:54:39]  Tracking : Az 78, El 16.
[11:54:40]  Received Report from port : 25.
[11:54:49]  Tracking : Az 75, El 17.
[11:54:52]  [OK]CMD Packet Header: 0x18 0x75 0xc0 0x0 0x0 0x5 0x1e 0xa2
[11:54:53]  Received Report from port : 25.
[11:54:55]  Received Report from port : 25.
[11:54:55]  Tracking : Az 73, El 17.
[11:54:57]  Received Report from port : 25.
[11:55:00]  [OK]CMD Packet Header: 0x18 0x75 0xc0 0x0 0x0 0x1 0x14 0x47
[11:55:01]  Received Report from port : 25.
[11:55:03]  Received Report from port : 25.
[11:55:05]  Received Report from port : 25.
[11:55:05]  Tracking : Az 70, El 17.
[11:55:18]  Tracking : Az 66, El 17.
[11:55:25]  Tracking : Az 64, El 17.
[11:55:31]  Tracking : Az 62, El 17.
[11:55:38]  Tracking : Az 60, El 17.
[11:55:48]  Tracking : Az 57, El 17.
[11:55:58]  [OK]CMD Packet Header: 0x18 0x0 0xc0 0x0 0x0 0x71 0x4 0xd
[11:55:58]  Tracking : Az 54, El 16.
[11:56:08]  [OK]CMD Packet Header: 0x18 0x31 0xc0 0x0 0x0 0x1 0x0 0x17
[11:56:08]  Received Report from port : 25.
[11:56:09]  Tracking : Az 51, El 16.
[11:56:10]  Received Report from port : 25.
[11:56:12]  Received Report from port : 25.
[11:56:14]  Received Report from port : 25.
[11:56:16]  Received Report from port : 25.
[11:56:18]  Received Report from port : 25.
[11:56:19]  Tracking : Az 48, El 16.
[11:56:31]  [OK]CMD Packet Header: 0x18 0x23 0xc0 0x0 0x0 0x8 0x2 0x6
[11:56:31]  Received Event from port : 27.

[11:56:34]  Tracking : Az 44, El 15.
[11:56:35]  Received Event from port : 27.

[11:56:38]  Received Event from port : 27.

[11:56:46]  Tracking : Az 41, El 14.
[11:56:49]  Received Event from port : 27.

[11:56:50]  [OK]CMD Packet Header: 0x18 0x31 0xc0 0x0 0x0 0x7 0xa 0xf8
[11:56:51]  Received Event from port : 27.

[11:56:53]  Received Report from port : 25.
[11:56:55]  Received Report from port : 25.
[11:56:57]  Received Report from port : 25.
[11:56:58]  Tracking : Az 38, El 14.
[11:56:59]  Received Event from port : 27.

[11:57:09]  Received Event from port : 27.

[11:57:11]  Tracking : Az 35, El 13.
[11:57:16]  Received Event from port : 27.

[11:57:17]  Tracking : Az 34, El 12.
[11:57:19]  Received Event from port : 27.

[11:57:29]  Received Event from port : 27.

[11:57:30]  Tracking : Az 31, El 12.
[11:57:39]  Received Event from port : 27.

[11:57:44]  Received Report from port : 25.
[11:57:45]  Tracking : Az 28, El 11.
[11:57:46]  Received Report from port : 25.
[11:57:48]  Received Report from port : 25.
[11:57:50]  Received Event from port : 27.

[11:57:51]  [OK]CMD Packet Header: 0x18 0x23 0xc0 0x0 0x0 0x5 0x4 0x9
[11:58:00]  [OK]CMD Packet Header: 0x18 0x15 0xc0 0x0 0x0 0x45 0xa 0x3c
[11:58:00]  Received GETFILEINFO Response from port : 23.

[11:58:02]  Tracking : Az 25, El 10.
[11:58:20]  Tracking : Az 22, El 8.
[11:58:40]  Tracking : Az 19, El 7.
[11:58:57]  [OK]CMD Packet Header: 0x18 0x50 0xc0 0x0 0x0 0x1 0x6 0x70
[11:58:58]  Received Report from port : 25.
[11:59:00]  Received Report from port : 25.
[11:59:02]  Received Report from port : 25.
[11:59:02]  Tracking : Az 16, El 6.
[11:59:16]  [OK]CMD Packet Header: 0x18 0x75 0xc0 0x0 0x0 0x1 0x14 0x47
[11:59:17]  Received Report from port : 25.
[11:59:19]  Received Report from port : 25.
[11:59:19]  Tracking : Az 14, El 5.
[11:59:23]  [OK]CMD Packet Header: 0x18 0x75 0xc0 0x0 0x0 0x1 0x14 0x47
[11:59:28]  Ping Success at node 5, 469ms
[11:59:30]  [OK]CMD Packet Header: 0x18 0x75 0xc0 0x0 0x0 0x1 0x14 0x47
[11:59:37]  Cannot Load Remote Parameter.
[11:59:44]  Ping Failed.
[11:59:47]  Forked Safe Amplifier Process. (OFF)
[11:59:47]  Tracking : Az 11, El 3.
[11:59:49]  Finish Engaging.
[11:59:49]  Beacon Success : 0, Ping Success : 4
[11:59:50]  Tracking : Az 0, El 0.
