2025-12-19 00:59
[00:59:37]  Connect to Switch Box.............Success.
[00:59:37]  Connect to Rotator................Success.
[00:59:37]  Connect to GS100..................Success.
[00:59:37]  TM Port 13 bind success.
[00:59:37]  BCN Port 31 bind success.
[00:59:37]  RPT Port 25 bind success.
[00:59:42]  TLE "cubesat" Download Completed.
[00:59:47]  Start Engaging.
[00:59:47]  Tracking : Az 45, El 15.
[00:59:53]  Tracking : Az 47, El 15.
[01:00:00]  Start Doppler Correction.
[01:00:02]  Forked Safe Amplifier Process.(ON, Timer)
[01:00:08]  Tracking : Az 50, El 17.
[01:00:10]  Ping Failed.
[01:00:20]  Ping Failed.
[01:00:25]  Tracking : Az 54, El 18.
[01:00:25]  Ping Failed.
[01:00:30]  Ping Failed.
[01:00:37]  Ping Failed.
[01:00:37]  Tracking : Az 57, El 20.
[01:00:41]  Ping Failed.
[01:00:47]  Ping Failed.
[01:00:48]  Tracking : Az 60, El 21.
[01:00:55]  Ping Failed.
[01:00:59]  Tracking : Az 63, El 22.
[01:01:03]  Ping Failed.
[01:01:08]  Tracking : Az 66, El 23.
[01:01:09]  Ping Failed.
[01:01:14]  Tracking : Az 68, El 23.
[01:01:15]  Ping Failed.
[01:01:23]  Tracking : Az 71, El 24.
[01:01:23]  Ping Failed.
[01:01:30]  Ping Failed.
[01:01:31]  Tracking : Az 74, El 24.
[01:01:39]  Tracking : Az 77, El 25.
[01:01:40]  Ping Failed.
[01:01:45]  Tracking : Az 79, El 25.
[01:01:51]  Tracking : Az 81, El 26.
[01:01:51]  Ping Failed.
[01:01:57]  Tracking : Az 84, El 26.
[01:01:57]  Ping Failed.
[01:02:03]  Ping Failed.
[01:02:04]  Tracking : Az 87, El 26.
[01:02:08]  Ping Failed.
[01:02:11]  Tracking : Az 90, El 26.
[01:02:14]  Ping Failed.
[01:02:18]  Tracking : Az 93, El 27.
[01:02:19]  Ping Failed.
[01:02:23]  Ping Failed.
[01:02:26]  Tracking : Az 96, El 27.
[01:02:29]  Ping Failed.
[01:02:32]  Tracking : Az 99, El 27.
[01:02:34]  Ping Failed.
[01:02:39]  Tracking : Az 102, El 26.
[01:02:41]  Ping Failed.
[01:02:46]  Tracking : Az 105, El 26.
[01:02:49]  Ping Failed.
[01:02:54]  Tracking : Az 108, El 26.
[01:02:54]  Ping Failed.
[01:03:00]  Ping Failed.
[01:03:01]  Tracking : Az 111, El 26.
[01:03:07]  Ping Failed.
[01:03:09]  Tracking : Az 114, El 25.
[01:03:14]  Ping Failed.
[01:03:16]  Tracking : Az 117, El 25.
[01:03:19]  Ping Failed.
[01:03:24]  Tracking : Az 120, El 24.
[01:03:25]  Ping Failed.
[01:03:33]  Tracking : Az 123, El 23.
[01:03:33]  Ping Failed.
[01:03:39]  Tracking : Az 125, El 23.
[01:03:42]  Ping Failed.
[01:03:47]  Ping Failed.
[01:03:48]  Tracking : Az 128, El 22.
[01:03:52]  Ping Failed.
[01:03:58]  Tracking : Az 131, El 21.
[01:03:59]  Ping Failed.
[01:04:05]  Ping Failed.
[01:04:08]  Tracking : Az 134, El 20.
[01:04:10]  Ping Failed.
[01:04:19]  Ping Failed.
[01:04:20]  Tracking : Az 137, El 19.
[01:04:27]  Ping Failed.
[01:04:32]  Tracking : Az 140, El 18.
[01:04:32]  Ping Failed.
[01:04:42]  Ping Failed at node 3.
[01:04:46]  Tracking : Az 143, El 16.
[01:04:48]  Ping Failed at node 3.
[01:04:51]  Ping Failed.
[01:04:55]  Tracking : Az 145, El 15.
[01:04:57]  Ping Failed at node 5.
[01:05:03]  Ping Failed.
[01:05:08]  Ping Failed.
[01:05:13]  Ping Failed.
[01:05:17]  Tracking : Az 149, El 13.
[01:05:17]  Ping Failed.
[01:05:22]  Ping Failed.
[01:05:29]  Ping Failed.
[01:05:36]  Tracking : Az 152, El 11.
[01:05:36]  Ping Failed.
[01:05:42]  Ping Failed.
[01:05:49]  Ping Failed.
[01:05:57]  Ping Failed.
[01:05:58]  Tracking : Az 155, El 10.
[01:06:01]  Ping Failed.
[01:06:05]  Ping Failed.
[01:06:10]  Ping Failed.
[01:06:19]  [OK]CMD Packet Header: 0x18 0x23 0xc0 0x0 0x0 0x8 0x2 0x18
[01:06:20]  [OK]CMD Packet Header: 0x18 0x19 0xc0 0x0 0x0 0x5 0x0 0x29
[01:06:24]  Tracking : Az 158, El 7.
[01:06:32]  Ping Failed.
[01:06:39]  Ping Failed.
[01:06:46]  Ping Failed.
[01:06:51]  Ping Failed.
[01:06:54]  Tracking : Az 161, El 5.
[01:06:57]  Ping Failed.
[01:07:08]  Forked Safe Amplifier Process. (OFF)
[01:07:13]  Finish Engaging.
[01:07:13]  Beacon Success : 0, Ping Success : 0
[01:07:20]  Start Engaging.
[01:07:20]  Tracking : Az 18, El 0.
[01:07:22]  Tracking : Az 18, El 0.
[01:07:24]  Tracking : Az 18, El 0.
[01:07:26]  Tracking : Az 18, El 0.
[01:07:28]  Tracking : Az 18, El 0.
[01:07:30]  Tracking : Az 18, El 0.
[01:07:32]  Tracking : Az 18, El 0.
[01:07:34]  Tracking : Az 18, El 0.
[01:07:36]  Tracking : Az 18, El 0.
[01:07:38]  Tracking : Az 18, El 0.
[01:07:40]  Tracking : Az 18, El 0.
[01:07:42]  Tracking : Az 18, El 0.
[01:07:44]  Tracking : Az 18, El 0.
[01:15:15]  Start Doppler Correction.
[01:15:15]  Start Doppler Correction.
[01:16:44]  Tracking : Az 20, El 3.
[01:16:57]  Forked Safe Amplifier Process.(ON, Timer)
[01:17:01]  Ping Failed.
[01:17:12]  Ping Failed.
[01:17:25]  Tracking : Az 21, El 6.
[01:17:29]  Ping Failed.
[01:17:45]  Tracking : Az 23, El 7.
[01:17:54]  Ping Failed.
[01:18:01]  Tracking : Az 23, El 9.
[01:18:13]  Ping Failed.
[01:18:22]  Tracking : Az 25, El 11.
[01:18:29]  Ping Failed.
[01:18:42]  Tracking : Az 26, El 13.
[01:18:50]  Ping Failed.
[01:18:54]  Tracking : Az 28, El 14.
[01:19:02]  Ping Failed.
[01:19:16]  Tracking : Az 30, El 17.
[01:19:17]  Ping Failed.
[01:19:35]  Ping Success at node 5, 472ms
[01:19:37]  Tracking : Az 33, El 19.
[01:19:39]  [OK]CMD Packet Header: 0x18 0x75 0xc0 0x0 0x0 0x1 0x17 0x44
[01:19:49]  Ping Success at node 5, 467ms
[01:19:51]  [OK]CMD Packet Header: 0x18 0x75 0xc0 0x0 0x0 0x1 0x17 0x0
[01:19:51]  Tracking : Az 35, El 22.
[01:19:52]  Received Report from port : 25.
[01:19:53]  Received Report from port : 25.
[01:20:05]  [OK]CMD Packet Header: 0x18 0x75 0xc0 0x0 0x0 0x1 0x17 0x44
[01:20:07]  Received Report from port : 25.
[01:20:09]  Tracking : Az 38, El 25.
[01:20:11]  [OK]CMD Packet Header: 0x18 0x75 0xc0 0x0 0x0 0x1 0x17 0x0
[01:20:21]  Ping Success at node 5, 458ms
[01:20:21]  Tracking : Az 41, El 27.
[01:20:25]  [OK]CMD Packet Header: 0x18 0x75 0xc0 0x0 0x0 0x1 0x17 0x44
[01:20:26]  Received Report from port : 25.
[01:20:26]  Received Report from port : 25.
[01:20:26]  Received Report from port : 25.
[01:20:33]  Tracking : Az 44, El 29.
[01:20:36]  [OK]CMD Packet Header: 0x18 0x75 0xc0 0x0 0x0 0x1 0x14 0x47
[01:20:37]  Received Report from port : 25.
[01:20:38]  Received Report from port : 25.
[01:20:38]  Received Report from port : 25.
[01:20:44]  Tracking : Az 47, El 31.
[01:20:53]  Tracking : Az 50, El 33.
[01:20:59]  Tracking : Az 52, El 34.
[01:21:02]  [OK]CMD Packet Header: 0x18 0x75 0xc0 0x0 0x0 0x1 0x14 0x47
[01:21:03]  Received Report from port : 25.
[01:21:03]  Received Report from port : 25.
[01:21:04]  Received Report from port : 25.
[01:21:06]  Tracking : Az 55, El 36.
[01:21:12]  Tracking : Az 57, El 37.
[01:21:17]  [OK]CMD Packet Header: 0x18 0x75 0xc0 0x0 0x0 0x1 0x14 0x47
[01:21:17]  Tracking : Az 60, El 38.
[01:21:18]  Received Report from port : 25.
[01:21:19]  Received Report from port : 25.
[00:09:34]  [OK]CMD Packet Header: 0x18 0x75 0xc0 0x0 0x0 0x1 0x14 0x47
[01:21:23]  Tracking : Az 63, El 40.
[01:21:29]  Tracking : Az 66, El 41.
[01:21:31]  Ping Success at node 5, 467ms
[01:21:35]  [OK]CMD Packet Header: 0x18 0x75 0xc0 0x0 0x0 0x1 0x14 0x47
[01:21:35]  Tracking : Az 70, El 42.
[01:21:36]  Received Report from port : 25.
[01:21:36]  Received Report from port : 25.
[01:21:37]  Received Report from port : 25.
[01:21:41]  Tracking : Az 73, El 43.
[01:21:45]  Tracking : Az 76, El 44.
[01:21:47]  Cannot Load Remote Parameter.
[01:21:49]  Tracking : Az 79, El 44.
[01:21:52]  Cannot Load Remote Parameter.
[01:21:53]  Tracking : Az 82, El 45.
[01:21:55]  Ping Success at node 5, 465ms
[01:21:58]  Tracking : Az 86, El 45.
[01:21:59]  Cannot Load Remote Parameter.
[01:22:01]  AX100 Boot Count : 187
[01:22:02]  Tracking : Az 89, El 46.
[01:22:06]  Tracking : Az 92, El 46.
[01:22:10]  Tracking : Az 95, El 46.
[01:22:11]  [OK]CMD Packet Header: 0x18 0x50 0xc0 0x0 0x0 0x1 0x6 0x70
[01:22:12]  Received Report from port : 25.
[01:22:12]  Received Report from port : 25.
[01:22:12]  Received Report from port : 25.
[01:22:14]  Tracking : Az 98, El 46.
[01:22:19]  Tracking : Az 102, El 46.
[01:22:24]  Tracking : Az 106, El 46.
[01:22:25]  [OK]CMD Packet Header: 0x18 0x75 0xc0 0x0 0x0 0x5 0x1e 0xa2
[01:22:26]  Received Report from port : 25.
[01:22:27]  Received Report from port : 25.
[01:22:27]  Received Report from port : 25.
[01:22:27]  Tracking : Az 109, El 46.
[01:22:33]  Tracking : Az 113, El 45.
[01:22:35]  Tracking : Az 115, El 45.
[01:22:37]  [OK]CMD Packet Header: 0x18 0x75 0xc0 0x0 0x0 0x1 0x17 0x0
[01:22:38]  Received Report from port : 25.
[01:22:38]  Tracking : Az 117, El 45.
[01:22:39]  Received Report from port : 25.
[01:22:39]  Received Report from port : 25.
[01:22:42]  Tracking : Az 120, El 44.
[01:22:46]  [OK]CMD Packet Header: 0x18 0x75 0xc0 0x0 0x0 0x1 0x14 0x47
[01:22:46]  Tracking : Az 123, El 43.
[01:22:47]  Received Report from port : 25.
[01:22:48]  Received Report from port : 25.
[01:22:48]  Received Report from port : 25.
[01:22:51]  Tracking : Az 126, El 43.
[01:22:56]  Tracking : Az 129, El 42.
[01:23:01]  Tracking : Az 132, El 41.
[01:23:07]  Tracking : Az 135, El 39.
[01:23:12]  Tracking : Az 138, El 38.
[00:07:41]  [OK]CMD Packet Header: 0x18 0x75 0xc0 0x0 0x0 0x1 0x14 0x47
[01:23:17]  Received Report from port : 25.
[01:23:18]  Received Report from port : 25.
[01:23:18]  Received Report from port : 25.
[01:23:18]  Tracking : Az 141, El 37.
[01:23:25]  Tracking : Az 144, El 36.
[01:23:33]  Tracking : Az 147, El 34.
[01:23:41]  Tracking : Az 150, El 32.
[01:23:49]  Tracking : Az 152, El 30.
[01:23:50]  [OK]CMD Packet Header: 0x18 0x75 0xc0 0x0 0x0 0x1 0x14 0x47
[01:23:51]  Received Report from port : 25.
[01:23:51]  Received Report from port : 25.
[01:23:51]  Received Report from port : 25.
[01:23:58]  Tracking : Az 155, El 29.
[01:24:09]  Tracking : Az 157, El 26.
[01:24:15]  [OK]CMD Packet Header: 0x18 0x75 0xc0 0x0 0x0 0x1 0x14 0x47
[01:24:16]  Received Report from port : 25.
[01:24:16]  Received Report from port : 25.
[01:24:16]  Received Report from port : 25.
[01:24:20]  Tracking : Az 160, El 24.
[01:24:36]  Tracking : Az 163, El 22.
[01:24:51]  [OK]CMD Packet Header: 0x18 0x75 0xc0 0x0 0x0 0x1 0x14 0x47
[01:24:51]  Tracking : Az 165, El 19.
[01:24:52]  Received Report from port : 25.
[01:24:53]  Received Report from port : 25.
[01:24:53]  Received Report from port : 25.
[01:25:12]  Tracking : Az 168, El 17.
[01:25:14]  [OK]CMD Packet Header: 0x18 0x75 0xc0 0x0 0x0 0x1 0x14 0x47
[01:25:15]  Received Report from port : 25.
[01:25:16]  Received Report from port : 25.
[01:25:16]  Received Report from port : 25.
[01:25:29]  Tracking : Az 169, El 14.
[01:25:50]  [OK]CMD Packet Header: 0x18 0x75 0xc0 0x0 0x0 0x1 0x14 0x47
[01:25:51]  Received Report from port : 25.
[01:25:52]  Received Report from port : 25.
[01:25:52]  Received Report from port : 25.
[01:25:53]  Tracking : Az 172, El 12.
[01:26:09]  AX100 Boot Count : 187
[01:26:16]  Tracking : Az 173, El 9.
[01:26:46]  [OK]CMD Packet Header: 0x18 0x15 0xc0 0x0 0x0 0x45 0xa 0x5e
[01:26:53]  Tracking : Az 176, El 6.
[01:27:26]  [OK]CMD Packet Header: 0x18 0x75 0xc0 0x0 0x0 0x1 0x14 0x47
[01:27:27]  Received Report from port : 25.
[01:27:28]  Received Report from port : 25.
[01:27:28]  Received Report from port : 25.
[01:27:28]  Tracking : Az 177, El 3.
[01:27:42]  Forked Safe Amplifier Process. (OFF)
[01:27:44]  Finish Engaging.
[01:27:44]  Beacon Success : 0, Ping Success : 5
[01:27:47]  Tracking : Az 0, El 0.
