2026-03-11 12:12
[12:13:02]  Connect to Switch Box.............Success.
[12:13:02]  Connect to Rotator................Success.
[12:13:02]  Connect to GS100..................Success.
[12:13:02]  TM Port 13 bind success.
[12:13:02]  BCN Port 31 bind success.
[12:13:02]  RPT Port 25 bind success.
[12:13:02]  Event Port 27 bind success.
[12:13:02]  COSMIC Beacon Port 23 bind success.
[12:13:02]  COSMIC Report Port 24 bind success.
[12:13:22]  TLE "cubesat" Download Completed.
[12:13:40]  Start Engaging.
[12:13:40]  Tracking : Az 149, El 0.
[12:13:42]  Tracking : Az 149, El 0.
[12:13:42]  Start Doppler Correction.
[12:13:44]  Tracking : Az 149, El 0.
[12:13:46]  Tracking : Az 149, El 0.
[12:13:48]  Tracking : Az 149, El 0.
[12:13:50]  Tracking : Az 149, El 0.
[12:13:52]  Tracking : Az 149, El 0.
[12:13:54]  Tracking : Az 149, El 0.
[12:13:56]  Tracking : Az 149, El 0.
[12:13:58]  Tracking : Az 149, El 0.
[12:14:00]  Tracking : Az 149, El 0.
[12:14:02]  Tracking : Az 149, El 0.
[12:14:04]  Tracking : Az 149, El 0.
[12:23:02]  Forked Safe Amplifier Process.(ON, Timer)
[12:23:57]  Tracking : Az 147, El 3.
[12:24:02]  Ping Failed.
[12:24:18]  Ping Failed.
[12:24:38]  Ping Failed.
[12:24:38]  Tracking : Az 145, El 6.
[12:24:51]  Ping Failed.
[12:25:07]  Ping Failed.
[12:25:07]  Tracking : Az 143, El 8.
[12:25:18]  Ping Failed.
[12:25:28]  Ping Failed.
[12:25:34]  Tracking : Az 141, El 11.
[12:25:36]  Tracking : Az 141, El 11.
[12:25:38]  Ping Failed.
[12:25:47]  Ping Failed.
[12:25:54]  Tracking : Az 139, El 13.
[12:25:55]  Ping Failed.
[12:26:05]  Ping Success at node 5, 471ms
[12:26:14]  Ping Success at node 5, 459ms
[12:26:16]  Ping Success at node 3, 480ms
[12:26:20]  Tracking : Az 136, El 16.
[12:26:36]  Tracking : Az 134, El 18.
[12:26:53]  Tracking : Az 131, El 20.
[12:26:59]  Ping Success at node 5, 458ms
[12:27:01]  Ping Success at node 3, 476ms
[12:27:09]  Tracking : Az 128, El 22.
[12:27:11]  Ping Success at node 5, 467ms
[12:27:14]  Ping Success at node 3, 475ms
[12:27:19]  AX100 Boot Count : 22270
[12:27:22]  Tracking : Az 125, El 24.
[12:27:26]  Remote Param Control OK.(No Reply)
[12:27:28]  Ping Success at node 5, 460ms
[12:27:31]  Ping Success at node 3, 474ms
[12:27:33]  Tracking : Az 122, El 26.
[12:27:40]  Tracking : Az 120, El 28.
[12:27:50]  Tracking : Az 117, El 29.
[12:27:51]  Ping Success at node 5, 462ms
[12:27:53]  Ping Success at node 3, 460ms
[12:27:58]  Tracking : Az 114, El 31.
[12:28:06]  Forked Safe Amplifier Process. (OFF)
[12:28:06]  Tracking : Az 111, El 32.
[12:28:13]  Tracking : Az 108, El 33.
[12:28:19]  Tracking : Az 105, El 34.
[12:28:21]  Finish Engaging.
[12:28:21]  Beacon Success : 0, Ping Success : 11
[12:28:33]  Tracking : Az 0, El 0.
