2026-01-09 18:20
[18:20:03]  Connect to Switch Box.............Success.
[18:20:03]  Connect to Rotator................Success.
[18:20:03]  Connect to GS100..................Success.
[18:20:03]  TM Port 13 bind success.
[18:20:03]  BCN Port 31 bind success.
[18:20:03]  RPT Port 25 bind success.
[18:20:03]  Event Port 27 bind success.
[18:20:03]  COSMIC Beacon Port 23 bind success.
[18:20:03]  COSMIC Report Port 24 bind success.
[18:20:17]  TLE "active" Download Completed.
[18:20:46]  Generated Command Message.
[18:20:46]  Generated Command Message.
[18:20:46]  Generated Command Message.
[18:20:47]  [Auto]Start AutoPilot.
[18:20:47]  [Auto]Start Autopilot. Next Valuable AOS : 1/10 0:27:20
[18:20:47]  [Auto]Max Elevation : 21.63° Please Keep Devices On.
[18:20:58]  [Auto]Autopilot Stopped by User.
[18:20:58]  [Auto]Stop Doppler Correction.
[18:20:58]  [Auto]Finish Engaging.
[18:20:58]  Tracking : Az 0, El 0.
[18:20:59]  [Auto]Beacon Success : 0, Ping Success : 0 CMD Success : 0
[18:22:12]  [Auto]Start AutoPilot.
[18:22:12]  [Auto]Start Autopilot. Next Valuable AOS : 1/9 18:28:28
[18:22:12]  [Auto]Max Elevation : 16.03° Please Keep Devices On.
[18:22:23]  [Auto]Autopilot Stopped by User.
[18:22:23]  [Auto]Stop Doppler Correction.
[18:22:23]  [Auto]Finish Engaging.
[18:22:23]  Tracking : Az 0, El 0.
[18:22:24]  [Auto]Beacon Success : 0, Ping Success : 0 CMD Success : 0
[18:22:26]  Generated Command Message.
[18:22:26]  Generated Command Message.
[18:22:35]  [Auto]Start AutoPilot.
[18:22:35]  [Auto]Start Autopilot. Next Valuable AOS : 1/9 18:28:28
[18:22:35]  [Auto]Max Elevation : 16.03° Please Keep Devices On.
[18:23:28]  [Auto]Start Engaging.
[18:23:28]  Tracking : Az 334, El 0.
[18:23:28]  [Auto]Start Doppler Correction.
[18:23:30]  Tracking : Az 334, El 0.
[18:23:32]  Tracking : Az 334, El 0.
[18:23:34]  Tracking : Az 334, El 0.
[18:23:36]  Tracking : Az 334, El 0.
[18:23:38]  Tracking : Az 334, El 0.
[18:23:40]  Tracking : Az 334, El 0.
[18:23:42]  Tracking : Az 334, El 0.
[18:23:44]  Tracking : Az 334, El 0.
[18:23:46]  Tracking : Az 334, El 0.
[18:23:48]  Tracking : Az 334, El 0.
[18:23:50]  Tracking : Az 334, El 0.
[18:23:52]  Tracking : Az 334, El 0.
[18:23:54]  Tracking : Az 334, El 0.
[18:23:56]  Tracking : Az 334, El 0.
[18:23:58]  Tracking : Az 334, El 0.
[18:24:00]  Tracking : Az 334, El 0.
[18:24:02]  Tracking : Az 334, El 0.
[18:24:04]  Tracking : Az 334, El 0.
[18:24:06]  Tracking : Az 334, El 0.
[18:24:08]  Tracking : Az 334, El 0.
[18:24:10]  Tracking : Az 334, El 0.
[18:24:12]  Tracking : Az 334, El 0.
[18:24:14]  Tracking : Az 334, El 0.
[18:24:16]  Tracking : Az 334, El 0.
[18:24:18]  Tracking : Az 334, El 0.
[18:24:20]  Tracking : Az 334, El 0.
[18:24:22]  Tracking : Az 334, El 0.
[18:24:24]  Tracking : Az 334, El 0.
[18:29:14]  Tracking : Az 331, El 1.
[18:30:06]  Tracking : Az 328, El 4.
[18:30:43]  Tracking : Az 325, El 5.
[18:31:25]  Tracking : Az 322, El 7.
[18:31:58]  Tracking : Az 319, El 8.
[18:32:31]  Tracking : Az 316, El 9.
[18:33:03]  Tracking : Az 313, El 10.
[18:33:33]  Tracking : Az 310, El 11.
[18:34:01]  Tracking : Az 307, El 12.
[18:34:28]  Tracking : Az 304, El 13.
[18:34:54]  Tracking : Az 301, El 14.
[18:35:27]  Tracking : Az 297, El 14.
[18:35:51]  Tracking : Az 294, El 15.
[18:36:22]  Tracking : Az 290, El 15.
[18:36:53]  Tracking : Az 286, El 15.
[18:37:16]  Tracking : Az 283, El 16.
[18:37:39]  Tracking : Az 280, El 16.
[18:38:02]  Tracking : Az 277, El 15.
[18:38:25]  Tracking : Az 274, El 15.
[18:38:48]  Tracking : Az 271, El 15.
[18:39:12]  Tracking : Az 268, El 15.
[18:39:36]  Tracking : Az 265, El 14.
[18:40:01]  Tracking : Az 262, El 14.
[18:40:27]  Tracking : Az 259, El 13.
[18:40:47]  [Auto]Autopilot Stopped by User.
[18:40:47]  [Auto]Stop Doppler Correction.
[18:40:48]  [Auto]Finish Engaging.
[18:40:48]  Tracking : Az 0, El 0.
[18:40:49]  [Auto]Beacon Success : 0, Ping Success : 0 CMD Success : 0
