2026-02-04 01:50
[01:50:32]  Connect to Switch Box.............Success.
[01:50:32]  Connect to Rotator................Success.
[01:50:32]  Connect to GS100..................Success.
[01:50:32]  TM Port 13 bind success.
[01:50:32]  BCN Port 31 bind success.
[01:50:32]  RPT Port 25 bind success.
[01:50:32]  Event Port 27 bind success.
[01:50:32]  COSMIC Beacon Port 23 bind success.
[01:50:32]  COSMIC Report Port 24 bind success.
[01:50:35]  TLE "cubesat" Download Completed.
[01:50:42]  Start Engaging.
[01:50:42]  Tracking : Az 196, El 18.
[01:50:43]  Start Doppler Correction.
[01:50:44]  Forked Safe Amplifier Process.(ON, Timer)
[01:50:50]  Ping Failed.
[01:50:57]  Ping Failed.
[01:51:00]  Tracking : Az 196, El 15.
[01:51:04]  Cannot Load Remote Parameter.
[01:51:24]  Tracking : Az 196, El 12.
[01:51:26]  Ping Failed.
[01:51:42]  Cannot Load Remote Parameter.
[01:51:49]  Ping Failed.
[01:51:50]  Forked Safe Amplifier Process. (OFF)
[01:51:52]  Forked Safe Amplifier Process. (OFF)
[01:51:52]  Tracking : Az 196, El 9.
