2026-01-09 19:17
[19:17:28]  Connect to Switch Box.............Success.
[19:17:28]  Connect to Rotator................Success.
[19:17:28]  Connect to GS100..................Success.
[19:17:28]  TM Port 13 bind success.
[19:17:28]  BCN Port 31 bind success.
[19:17:28]  RPT Port 25 bind success.
[19:17:28]  Event Port 27 bind success.
[19:17:28]  COSMIC Beacon Port 23 bind success.
[19:17:28]  COSMIC Report Port 24 bind success.
[19:17:38]  TLE "cubesat" Download Completed.
[19:18:42]  [Auto]Start AutoPilot.
[19:18:42]  [Auto]Start Autopilot. Next Valuable AOS : 1/9 19:21:50
[19:18:42]  [Auto]Max Elevation : 50.48° Please Keep Devices On.
[19:18:42]  [Auto]Start Engaging.
[19:18:42]  [Auto]Start Doppler Correction.
[19:18:42]  Tracking : Az 229, El 0.
[19:18:44]  Tracking : Az 229, El 0.
[19:18:46]  Tracking : Az 229, El 0.
[19:18:48]  Tracking : Az 229, El 0.
[19:18:51]  Generated Command Message.
[19:18:52]  Generated Command Message.
[19:18:52]  Generated Command Message.
[19:18:52]  Generated Command Message.
[19:23:56]  Tracking : Az 230, El 3.
[19:23:58]  Tracking : Az 230, El 3.
[19:26:01]  Tracking : Az 232, El 6.
[19:26:03]  Tracking : Az 232, El 6.
[19:27:37]  [Auto]Autopilot Stopped by User.
[19:27:38]  [Auto]Stop Doppler Correction.
[19:27:38]  [Auto]Finish Engaging.
[19:27:38]  Tracking : Az 0, El 0.
[19:27:39]  [Auto]Beacon Success : 0, Ping Success : 0 CMD Success : 0
