2025-12-28 00:42
[00:42:52]  Connect to Switch Box.............Success.
[00:42:52]  Connect to Rotator................Success.
[00:42:52]  Connect to GS100..................Success.
[00:42:52]  TM Port 13 bind success.
[00:42:52]  BCN Port 31 bind success.
[00:42:52]  RPT Port 25 bind success.
[00:42:52]  Event Port 27 bind success.
[00:42:52]  COSMIC Beacon Port 23 bind success.
[00:42:52]  COSMIC Report Port 24 bind success.
[00:43:16]  TLE "cubesat" Download Completed.
[00:43:46]  Start Engaging.
[00:43:46]  Tracking : Az 23, El 0.
[00:43:48]  Start Doppler Correction.
[00:43:48]  Tracking : Az 23, El 0.
[00:43:50]  Tracking : Az 23, El 0.
[01:00:06]  Forked Safe Amplifier Process.(ON, Timer)
[01:00:18]  Ping Failed.
[01:00:21]  Tracking : Az 25, El 1.
[01:00:31]  Ping Failed.
[01:00:51]  Ping Failed.
[01:00:59]  Tracking : Az 27, El 4.
[01:01:08]  [OK]CMD Packet Header: 0x18 0x75 0xc0 0x0 0x0 0x1 0x14 0x47
[01:01:27]  Tracking : Az 29, El 6.
[01:01:29]  Ping Failed.
[01:01:52]  Tracking : Az 32, El 7.
[01:02:04]  Ping Success at node 5, 474ms
[01:02:06]  [OK]CMD Packet Header: 0x18 0x75 0xc0 0x0 0x0 0x1 0x14 0x47
[01:02:06]  Tracking : Az 33, El 9.
[01:02:07]  Received Report from port : 25.
[01:02:07]  Received Report from port : 25.
[01:02:07]  Received Report from port : 25.
[01:02:29]  Tracking : Az 36, El 10.
[01:02:45]  [OK]CMD Packet Header: 0x18 0x75 0xc0 0x0 0x0 0x5 0x1e 0xa2
[01:02:47]  Received Report from port : 25.
[01:02:51]  Tracking : Az 39, El 12.
[01:02:51]  [OK]CMD Packet Header: 0x18 0x75 0xc0 0x0 0x0 0x5 0x1e 0xa2
[01:02:52]  Received Report from port : 25.
[01:02:52]  Received Report from port : 25.
[01:02:53]  Received Report from port : 25.
[01:03:06]  [OK]CMD Packet Header: 0x18 0x50 0xc0 0x0 0x0 0x1 0x6 0x70
[01:03:12]  Tracking : Az 42, El 15.
[01:03:15]  [OK]CMD Packet Header: 0x18 0x50 0xc0 0x0 0x0 0x1 0x6 0x70
[01:03:16]  Received Report from port : 25.
[01:03:16]  Received Report from port : 25.
[01:03:16]  Received Report from port : 25.
[01:03:29]  [OK]CMD Packet Header: 0x18 0x75 0xc0 0x0 0x0 0x1 0x14 0x47
[01:03:31]  Received Report from port : 25.
[01:03:32]  Tracking : Az 46, El 17.
[01:03:35]  [OK]CMD Packet Header: 0x18 0x75 0xc0 0x0 0x0 0x1 0x14 0x47
[01:03:36]  Received Report from port : 25.
[01:03:37]  Received Report from port : 25.
[01:03:37]  Received Report from port : 25.
[01:03:47]  [OK]CMD Packet Header: 0x18 0x75 0xc0 0x0 0x0 0x1 0x14 0x47
[01:03:47]  Tracking : Az 49, El 18.
[01:03:56]  Ping Success at node 5, 469ms
[01:03:59]  AX100 Boot Count : 188
[01:04:00]  Tracking : Az 52, El 20.
[01:04:01]  [OK]CMD Packet Header: 0x18 0x75 0xc0 0x0 0x0 0x1 0x14 0x47
[01:04:02]  Received Report from port : 25.
[01:04:03]  Received Report from port : 25.
[01:04:03]  Received Report from port : 25.
[01:04:12]  Tracking : Az 55, El 21.
[01:04:19]  Tracking : Az 57, El 22.
[01:04:29]  Tracking : Az 60, El 23.
[01:04:38]  Tracking : Az 63, El 24.
[01:04:41]  Ping Success at node 5, 463ms
[01:04:47]  Tracking : Az 66, El 25.
[01:04:53]  Tracking : Az 68, El 25.
[01:05:01]  Tracking : Az 71, El 26.
[01:05:06]  [OK]CMD Packet Header: 0x18 0x40 0xc0 0x0 0x0 0x1 0x5 0x63
[01:05:08]  Tracking : Az 74, El 27.
[01:05:16]  Tracking : Az 77, El 28.
[01:05:18]  [OK]CMD Packet Header: 0x18 0x40 0xc0 0x0 0x0 0x1 0x5 0x63
[01:05:22]  Tracking : Az 79, El 28.
[01:05:22]  Ping Success at node 5, 460ms
[01:05:25]  [OK]CMD Packet Header: 0x18 0x40 0xc0 0x0 0x0 0x1 0x5 0x63
[01:05:27]  Tracking : Az 82, El 28.
[01:05:33]  Tracking : Az 84, El 29.
[01:05:38]  Tracking : Az 87, El 29.
[01:05:45]  Tracking : Az 90, El 29.
[01:05:49]  [OK]CMD Packet Header: 0x18 0x75 0xc0 0x0 0x0 0x1 0x1a 0x49
[01:05:50]  Received Report from port : 25.
[01:05:50]  Received Report from port : 25.
[01:05:50]  Received Report from port : 25.
[01:05:51]  Tracking : Az 93, El 29.
[01:05:57]  Tracking : Az 95, El 29.
[01:06:02]  Tracking : Az 98, El 29.
[01:06:08]  Tracking : Az 101, El 29.
[01:06:15]  Tracking : Az 104, El 29.
[01:06:16]  [OK]CMD Packet Header: 0x18 0x75 0xc0 0x0 0x0 0x1 0x17 0x44
[01:06:17]  Received Report from port : 25.
[01:06:17]  Received Report from port : 25.
[01:06:18]  Received Report from port : 25.
[01:06:21]  Tracking : Az 107, El 29.
[01:06:29]  Tracking : Az 110, El 28.
[01:06:35]  Tracking : Az 113, El 28.
[01:06:36]  Forked Safe Amplifier Process. (OFF)
[01:06:39]  Finish Engaging.
[01:06:39]  Beacon Success : 0, Ping Success : 4
[01:07:29]  Tracking : Az 0, El 0.
