2026-01-20 14:00
[14:00:27]  Connect to Switch Box.............Success.
[14:00:27]  Connect to Rotator................Success.
[14:00:27]  Connect to GS100..................Success.
[14:00:27]  TM Port 13 bind success.
[14:00:27]  BCN Port 31 bind success.
[14:00:27]  RPT Port 25 bind success.
[14:00:27]  Event Port 27 bind success.
[14:00:27]  COSMIC Beacon Port 23 bind success.
[14:00:27]  COSMIC Report Port 24 bind success.
[14:00:43]  TLE "active" Download Completed.
[01:11:01]  Start Engaging.
[01:11:01]  Tracking : Az 71, El 0.
[01:11:02]  Start Doppler Correction.
[01:11:03]  Tracking : Az 71, El 0.
[01:11:05]  Tracking : Az 71, El 0.
[01:11:07]  Tracking : Az 71, El 0.
[01:11:09]  Tracking : Az 71, El 0.
[01:11:11]  Tracking : Az 71, El 0.
[01:11:13]  Tracking : Az 71, El 0.
[01:16:35]  Forked Safe Amplifier Process.(ON, Timer)
[01:17:19]  Tracking : Az 17, El 0.
[01:17:21]  Tracking : Az 17, El 0.
[01:17:23]  Tracking : Az 17, El 0.
[01:17:25]  Tracking : Az 17, El 0.
[01:17:27]  Tracking : Az 17, El 0.
[01:17:29]  Tracking : Az 17, El 0.
[01:18:11]  Ping Failed.
[01:18:19]  Tracking : Az 19, El 3.
[01:18:37]  Ping Failed.
[01:18:59]  Tracking : Az 21, El 6.
[01:19:00]  Ping Success at node 5, 472ms
[01:19:02]  [OK]CMD Packet Header: 0x18 0x75 0xc0 0x0 0x0 0x1 0x14 0x47
[01:19:03]  Received Report from port : 25.
[01:19:05]  Received Report from port : 25.
[01:19:07]  Received Report from port : 25.
[01:19:35]  Tracking : Az 23, El 9.
[01:19:44]  [OK]CMD Packet Header: 0x18 0x75 0xc0 0x0 0x0 0x5 0x1e 0xa2
[01:19:45]  Received Report from port : 25.
[01:19:47]  Received Report from port : 25.
[01:19:49]  Received Report from port : 25.
[01:19:56]  Tracking : Az 24, El 11.
[01:20:09]  [OK]CMD Packet Header: 0x18 0x50 0xc0 0x0 0x0 0x1 0x6 0x70
[01:20:10]  Received Report from port : 25.
[01:20:12]  Received Report from port : 25.
[01:20:14]  Received Report from port : 25.
[01:20:15]  Tracking : Az 25, El 13.
[01:20:17]  Tracking : Az 25, El 13.
[01:20:19]  Tracking : Az 26, El 13.
[01:20:29]  [OK]CMD Packet Header: 0x18 0x75 0xc0 0x0 0x0 0x1 0x14 0x47
[01:20:30]  Received Report from port : 25.
[01:20:32]  Received Report from port : 25.
[01:20:34]  Received Report from port : 25.
[01:20:39]  Forked Safe Amplifier Process. (OFF)
[01:20:40]  Tracking : Az 28, El 15.
