2025-12-09 12:12
[12:12:44]  Connect to Switch Box.............Success.
[12:12:44]  Connect to Rotator................Success.
[12:12:44]  Connect to GS100..................Success.
[12:12:44]  TM Port 13 bind success.
[12:12:44]  BCN Port 31 bind success.
[12:12:44]  RPT Port 25 bind success.
[12:12:48]  TLE "cubesat" Download Completed.
[12:12:53]  Start Engaging.
[12:12:53]  Tracking : Az 139, El 3.
[12:12:54]  Start Doppler Correction.
[12:13:04]  Received Beacon from port : 13.
[12:13:16]  Forked Safe Amplifier Process.(ON, Timer)
[12:13:22]  Ping Success at node 5, 478ms
[12:13:24]  Received Beacon from port : 13.
[12:13:26]  Tracking : Az 136, El 6.
[12:13:28]  Tracking : Az 136, El 6.
[12:13:34]  Received Beacon from port : 13.
[12:13:40]  [OK]CMD Packet Header: 0x18 0x75 0xc0 0x0 0x0 0x5 0x1e 0xa2
[12:13:44]  Received Beacon from port : 13.
[12:14:00]  Tracking : Az 133, El 8.
[12:14:27]  Tracking : Az 130, El 11.
[12:14:29]  Tracking : Az 130, El 11.
[12:14:34]  Received Beacon from port : 13.
[12:14:36]  [OK]CMD Packet Header: 0x18 0x75 0xc0 0x0 0x0 0x5 0x1e 0x0
[12:14:44]  Received Beacon from port : 13.
[12:14:47]  [OK]CMD Packet Header: 0x18 0x15 0xc0 0x0 0x0 0x45 0xa 0x5e
[12:14:48]  Received GETFILEINFO Response from port : 13.
[12:14:48]  Tracking : Az 128, El 13.
[12:14:50]  Tracking : Az 127, El 13.
[12:14:54]  Received Beacon from port : 13.
[12:15:04]  Received Beacon from port : 13.
[12:15:08]  [OK]CMD Packet Header: 0x18 0x75 0xc0 0x0 0x0 0x1 0x1a 0x49
[12:15:10]  Tracking : Az 124, El 15.
[12:15:24]  Received Beacon from port : 13.
[12:15:27]  Tracking : Az 121, El 17.
[12:15:34]  Received Beacon from port : 13.
[12:15:42]  Tracking : Az 118, El 18.
[12:15:52]  Tracking : Az 116, El 19.
[12:16:03]  Tracking : Az 113, El 21.
[12:16:14]  Tracking : Az 110, El 22.
[12:16:24]  Received Beacon from port : 13.
[12:16:25]  Tracking : Az 107, El 23.
[12:16:33]  Tracking : Az 105, El 24.
[12:16:40]  Tracking : Az 102, El 25.
[12:16:49]  Tracking : Az 99, El 26.
[12:16:51]  Tracking : Az 98, El 26.
[12:16:54]  Received Beacon from port : 13.
[12:16:59]  Tracking : Az 95, El 27.
[12:17:02]  Tracking : Az 94, El 27.
[12:17:09]  Tracking : Az 91, El 28.
[12:17:12]  Remote Param Control OK. csp_rtable : 0/0 AX100, 3/5 CAN, 23/5 CAN
[12:17:17]  Tracking : Az 88, El 28.
[12:17:19]  Tracking : Az 87, El 28.
[12:17:26]  Tracking : Az 84, El 29.
[12:17:28]  Tracking : Az 83, El 29.
[12:17:33]  [OK]CMD Packet Header: 0x18 0x40 0xc0 0x0 0x0 0x1 0x5 0x63
[12:17:34]  Received Beacon from port : 13.
[12:17:35]  Tracking : Az 80, El 29.
[12:17:41]  Tracking : Az 77, El 30.
[12:17:43]  Tracking : Az 76, El 30.
[12:17:44]  Received Beacon from port : 13.
[12:17:50]  Tracking : Az 73, El 30.
[12:17:54]  Received Beacon from port : 13.
[12:17:56]  Tracking : Az 70, El 30.
[12:18:04]  Received Beacon from port : 13.
[12:18:04]  Tracking : Az 66, El 30.
[12:18:07]  Tracking : Az 65, El 30.
[12:18:13]  Tracking : Az 62, El 29.
[12:18:14]  Received Beacon from port : 13.
[12:18:19]  Tracking : Az 60, El 29.
[12:18:21]  [OK]CMD Packet Header: 0x18 0x75 0xc0 0x0 0x0 0x5 0x1e 0xa2
[12:18:24]  Received Beacon from port : 13.
[12:18:25]  Tracking : Az 57, El 29.
[12:18:31]  Tracking : Az 54, El 29.
[12:18:34]  Received Beacon from port : 13.
[12:18:38]  Tracking : Az 51, El 28.
[12:18:45]  Tracking : Az 48, El 27.
[12:18:51]  Tracking : Az 46, El 27.
[12:18:54]  Received Beacon from port : 13.
[12:18:58]  Tracking : Az 43, El 26.
[12:19:06]  Tracking : Az 40, El 25.
[12:19:14]  Received Beacon from port : 13.
[12:19:15]  Tracking : Az 37, El 24.
[12:19:25]  Tracking : Az 34, El 23.
[12:19:34]  Received Beacon from port : 13.
[12:19:35]  Tracking : Az 31, El 22.
[12:19:38]  Tracking : Az 30, El 22.
[12:19:44]  Received Beacon from port : 13.
[12:19:50]  Tracking : Az 27, El 20.
[12:20:02]  Tracking : Az 24, El 19.
[12:20:04]  Received Beacon from port : 13.
[12:20:16]  Tracking : Az 21, El 18.
[12:20:27]  Tracking : Az 19, El 16.
[12:20:39]  [OK]CMD Packet Header: 0x18 0x15 0xc0 0x0 0x0 0x45 0xa 0x5e
[12:20:40]  Received GETFILEINFO Response from port : 13.
[12:20:44]  Tracking : Az 16, El 15.
[12:20:54]  Received Beacon from port : 13.
[12:20:57]  Tracking : Az 14, El 13.
[12:21:14]  Received Beacon from port : 13.
[12:21:20]  Tracking : Az 11, El 11.
[12:21:24]  Received Beacon from port : 13.
[12:21:34]  Received Beacon from port : 13.
[12:21:46]  Tracking : Az 8, El 9.
[12:21:54]  Received Beacon from port : 13.
[12:22:04]  Received Beacon from port : 13.
[12:22:19]  Tracking : Az 5, El 6.
[12:22:45]  Tracking : Az 3, El 4.
[12:23:12]  Ping Failed.
[12:23:17]  Ping Failed.
[12:23:22]  Ping Failed.
[12:23:26]  Finish Engaging.
[12:23:26]  Beacon Success : 30, Ping Success : 1
[12:23:30]  Forked Safe Amplifier Process. (OFF)
[12:23:32]  Tracking : Az 0, El 0.
