2026-01-08 01:10
[01:10:38]  Connect to Switch Box.............Success.
[01:10:38]  Connect to Rotator................Success.
[01:10:38]  Connect to GS100..................Success.
[01:10:38]  TM Port 13 bind success.
[01:10:38]  BCN Port 31 bind success.
[01:10:38]  RPT Port 25 bind success.
[01:10:38]  Event Port 27 bind success.
[01:10:38]  COSMIC Beacon Port 23 bind success.
[01:10:38]  COSMIC Report Port 24 bind success.
[01:10:41]  TLE "cubesat" Download Completed.
[01:10:46]  Start Engaging.
[01:10:46]  Tracking : Az 162, El 7.
[01:10:47]  Start Doppler Correction.
[01:10:47]  Received Event from port : 27.

[01:10:49]  Forked Safe Amplifier Process.(ON, Timer)
[01:10:57]  Received Event from port : 27.

[01:11:17]  Tracking : Az 165, El 5.
[01:11:58]  [OK]CMD Packet Header: 0x18 0x15 0xc0 0x0 0x0 0x49 0xf 0x5d
[01:11:59]  Tracking : Az 168, El 2.
[01:12:10]  Ping Failed.
[01:12:21]  Ping Failed.
[01:12:45]  Forked Safe Amplifier Process. (OFF)
[01:12:48]  Finish Engaging.
[01:12:48]  Beacon Success : 0, Ping Success : 0
