2026-02-11 12:19
[12:19:44]  Connect to Switch Box.............Success.
[12:19:44]  Connect to Rotator................Success.
[12:19:44]  Connect to GS100..................Success.
[12:19:44]  TM Port 13 bind success.
[12:19:44]  BCN Port 31 bind success.
[12:19:44]  RPT Port 25 bind success.
[12:19:44]  Event Port 27 bind success.
[12:19:44]  COSMIC Beacon Port 23 bind success.
[12:19:44]  COSMIC Report Port 24 bind success.
[12:20:00]  TLE "cubesat" Download Completed.
[12:20:09]  Start Engaging.
[12:20:09]  Tracking : Az 52, El 29.
[12:20:10]  Start Doppler Correction.
[12:20:11]  Tracking : Az 51, El 29.
[12:20:13]  Tracking : Az 50, El 28.
[12:20:15]  Tracking : Az 49, El 28.
[12:20:17]  Tracking : Az 48, El 28.
[12:20:18]  Forked Safe Amplifier Process.(ON, Timer)
[12:20:19]  Tracking : Az 47, El 28.
[12:20:26]  Tracking : Az 44, El 27.
[12:20:28]  Ping Success at node 5, 457ms
[12:20:34]  AX100 Boot Count : 22254
[12:20:34]  Tracking : Az 41, El 26.
[12:20:37]  Remote Param Control OK.(No Reply)
[12:20:42]  Tracking : Az 38, El 25.
[12:20:45]  Ping Failed at node 3.
[12:20:48]  Ping Failed.
[12:20:50]  Ping Success at node 5, 473ms
[12:20:51]  Tracking : Az 35, El 24.
[12:20:55]  Ping Failed at node 3.
[12:20:56]  Ping Success at node 5, 469ms
[12:20:57]  Tracking : Az 33, El 24.
[12:21:00]  Ping Failed at node 3.
[12:21:01]  Ping Success at node 5, 466ms
[12:21:05]  Ping Failed at node 3.
[12:21:07]  AX100 Boot Count : 22254
[12:21:07]  Tracking : Az 30, El 22.
[12:21:08]  Remote Param Control OK. rssi_busy : 0
[12:21:10]  Total RX Bytes : 71719
[12:21:12]  Remote Param Control OK. can_en : true
[12:21:13]  Remote Param Control OK. tx_inhibit : 0
[12:21:15]  Remote Param Control OK. tx_pwr : 3
[12:21:17]  Remote Param Control OK. csp_rtable : 0/0 AX100, 3/5 CAN
[12:21:18]  Tracking : Az 27, El 21.
[12:21:20]  Remote Param Control OK. Active Conf : 1
[12:21:22]  Remote Param Control OK. Last RSSI : -97
[12:21:24]  Remote Param Control OK. rx_guard : 0
[12:21:26]  Remote Param Control OK. tx_guard : 50
[12:21:30]  Tracking : Az 24, El 20.
[12:21:32]  Remote Param Control OK. rx_baud : 4800
[12:21:34]  Remote Param Control OK. tx_baud : 4800
[12:21:38]  Ping Failed.
[12:21:42]  Ping Failed.
[12:21:44]  Tracking : Az 21, El 18.
[12:21:46]  Ping Failed.
[12:21:50]  Ping Failed.
[12:21:54]  Tracking : Az 19, El 17.
[12:21:56]  Ping Success at node 5, 470ms
[12:22:01]  Ping Failed at node 3.
[12:22:04]  Forked Safe Amplifier Process. (OFF)
[12:22:08]  Finish Engaging.
[12:22:08]  Beacon Success : 0, Ping Success : 5
[12:22:10]  Tracking : Az 0, El 0.
