2025-12-15 02:23
[02:23:59]  Connect to Switch Box.............Success.
[02:23:59]  Connect to Rotator................Success.
[02:23:59]  Connect to GS100..................Success.
[02:23:59]  TM Port 13 bind success.
[02:23:59]  BCN Port 31 bind success.
[02:23:59]  RPT Port 25 bind success.
[02:24:04]  TLE "cubesat" Download Completed.
[02:24:08]  Start Engaging.
[02:24:08]  Tracking : Az 245, El 22.
[02:24:09]  Start Doppler Correction.
[02:24:11]  Forked Safe Amplifier Process.(ON, Timer)
[02:24:11]  Tracking : Az 244, El 22.
[02:24:12]  Ping Success at node 5, 459ms
[02:24:23]  Tracking : Az 241, El 20.
[02:24:26]  [OK]CMD Packet Header: 0x18 0x75 0xc0 0x0 0x0 0x1 0x1a 0x49
[02:24:36]  Tracking : Az 238, El 19.
[02:24:37]  [OK]CMD Packet Header: 0x18 0x75 0xc0 0x0 0x0 0x1 0x1a 0x0
[02:24:51]  Tracking : Az 235, El 17.
[02:24:57]  [OK]CMD Packet Header: 0x18 0x75 0xc0 0x0 0x0 0x1 0x1a 0x49
[02:24:57]  Tracking : Az 234, El 16.
