2026-01-26 13:20
[13:20:52]  Connect to Switch Box.............Success.
[13:20:52]  Connect to Rotator................Success.
[13:20:52]  Connect to GS100..................Success.
[13:20:52]  TM Port 13 bind success.
[13:20:52]  BCN Port 31 bind success.
[13:20:52]  RPT Port 25 bind success.
[13:20:52]  Event Port 27 bind success.
[13:20:52]  COSMIC Beacon Port 23 bind success.
[13:20:52]  COSMIC Report Port 24 bind success.
[13:20:57]  TLE "cubesat" Download Completed.
[13:21:39]  Start Engaging.
[13:21:39]  Tracking : Az 187, El 0.
[13:21:41]  Tracking : Az 187, El 0.
[13:21:42]  Start Doppler Correction.
[13:21:43]  Tracking : Az 187, El 0.
[13:21:45]  Tracking : Az 187, El 0.
[13:21:47]  Tracking : Az 187, El 0.
[13:21:49]  Tracking : Az 187, El 0.
[13:21:51]  Tracking : Az 187, El 0.
[13:21:53]  Tracking : Az 187, El 0.
[13:21:55]  Tracking : Az 187, El 0.
[13:21:57]  Tracking : Az 187, El 0.
[13:21:59]  Tracking : Az 187, El 0.
[13:22:01]  Tracking : Az 187, El 0.
[13:22:03]  Tracking : Az 187, El 0.
[13:22:05]  Tracking : Az 187, El 0.
[13:22:07]  Tracking : Az 187, El 0.
[13:22:09]  Tracking : Az 187, El 0.
[13:22:11]  Tracking : Az 187, El 0.
[13:22:21]  Tracking : Az 187, El 0.
[13:26:31]  Tracking : Az 189, El 1.
[13:26:33]  Tracking : Az 189, El 1.
[13:27:08]  Tracking : Az 191, El 4.
[13:27:10]  Tracking : Az 191, El 4.
[13:27:36]  Tracking : Az 193, El 6.
[13:27:38]  Tracking : Az 193, El 6.
[13:27:48]  Forked Safe Amplifier Process.(ON, Timer)
[13:27:51]  Ping Success at node 5, 469ms
[13:27:53]  Ping Success at node 5, 464ms
[13:27:55]  Ping Success at node 5, 465ms
[13:28:03]  AX100 Boot Count : 22248
[13:28:06]  Remote Param Control OK.(No Reply)
[13:28:09]  Tracking : Az 196, El 8.
[13:28:10]  Ping Success at node 5, 474ms
[13:28:11]  Tracking : Az 196, El 8.
[13:28:20]  Ping Failed at node 3.
[13:28:23]  Ping Success at node 5, 475ms
[13:28:24]  Ping Success at node 5, 470ms
[13:28:32]  Ping Failed at node 3.
[13:28:36]  Tracking : Az 198, El 11.
[13:28:36]  AX100 Boot Count : 22248
[13:28:38]  Tracking : Az 199, El 11.
[13:28:41]  Remote Param Control OK. rssi_busy : 0
[13:28:43]  Total RX Bytes : 69999
[13:28:45]  Remote Param Control OK. can_en : true
[13:28:47]  Remote Param Control OK. tx_inhibit : 0
[13:28:52]  Cannot Load Remote Parameter.
[13:29:01]  Tracking : Az 202, El 13.
[13:29:01]  Remote Param Control OK. tx_pwr : 3
[13:29:03]  Tracking : Az 202, El 13.
[13:29:04]  Remote Param Control OK. csp_rtable : 0/0 AX100, 3/5 CAN
[13:29:12]  Remote Param Control OK. Active Conf : 1
[13:29:15]  Remote Param Control OK. Last RSSI : -98
[13:29:21]  Cannot Load Remote Parameter.
[13:29:22]  Tracking : Az 205, El 15.
[13:29:23]  Remote Param Control OK. rx_guard : 0
[13:29:24]  Tracking : Az 205, El 15.
[13:29:31]  Remote Param Control OK. tx_guard : 50
[13:29:37]  Cannot Load Remote Parameter.
[13:29:39]  Tracking : Az 208, El 17.
[13:29:41]  Tracking : Az 208, El 17.
[13:29:42]  Cannot Load Remote Parameter.
[13:29:50]  Remote Param Control OK. rx_guard : 0
[13:29:54]  Tracking : Az 211, El 19.
[13:29:56]  Cannot Load Remote Parameter.
[13:29:56]  Tracking : Az 211, El 19.
[13:30:00]  Cannot Load Remote Parameter.
[13:30:05]  Ping Success at node 5, 467ms
[13:30:08]  Tracking : Az 214, El 21.
[13:30:09]  Remote Param Control OK. rx_baud : 4800
[13:30:10]  Tracking : Az 214, El 21.
[13:30:11]  Remote Param Control OK. tx_baud : 4800
[13:30:16]  Ping Success at node 5, 457ms
[13:30:20]  Tracking : Az 217, El 22.
[13:30:22]  Tracking : Az 217, El 22.
[13:30:25]  Ping Failed at node 3.
[13:30:27]  Tracking : Az 219, El 23.
[13:30:29]  Ping Failed at node 3.
[13:30:30]  Tracking : Az 220, El 23.
[13:30:32]  Tracking : Az 220, El 24.
[13:30:33]  Ping Success at node 5, 460ms
[13:30:40]  Tracking : Az 223, El 25.
[13:30:42]  Tracking : Az 223, El 25.
[13:30:42]  Ping Success at node 5, 457ms
[13:30:49]  Tracking : Az 226, El 26.
[13:30:50]  Ping Failed at node 3.
[13:30:51]  Tracking : Az 226, El 26.
[13:30:58]  Tracking : Az 229, El 27.
[13:30:59]  Ping Success at node 5, 460ms
[13:31:00]  Tracking : Az 229, El 27.
[13:31:03]  Forked Safe Amplifier Process. (OFF)
[13:31:06]  Tracking : Az 232, El 28.
[13:31:08]  Finish Engaging.
[13:31:08]  Beacon Success : 0, Ping Success : 11
[13:31:09]  Tracking : Az 0, El 0.
