2025-12-28 13:15
[13:15:41]  Connect to Switch Box.............Success.
[13:15:41]  Connect to Rotator................Success.
[13:15:41]  Connect to GS100..................Success.
[13:15:41]  TM Port 13 bind success.
[13:15:41]  BCN Port 31 bind success.
[13:15:41]  RPT Port 25 bind success.
[13:15:41]  Event Port 27 bind success.
[13:15:41]  COSMIC Beacon Port 23 bind success.
[13:15:41]  COSMIC Report Port 24 bind success.
[13:16:06]  TLE "cubesat" Download Completed.
[13:16:13]  Start Doppler Correction.
[13:16:13]  You tried doppler correction with no engaging
[13:16:15]  Start Engaging.
[13:16:15]  Tracking : Az 186, El 0.
[13:16:17]  Start Doppler Correction.
[13:16:17]  Tracking : Az 186, El 0.
[13:16:19]  Tracking : Az 186, El 0.
[13:16:21]  Tracking : Az 186, El 0.
[13:16:23]  Tracking : Az 186, El 0.
[13:16:25]  Tracking : Az 186, El 0.
[13:16:27]  Tracking : Az 186, El 0.
[13:16:29]  Tracking : Az 186, El 0.
[13:16:31]  Tracking : Az 186, El 0.
[13:16:33]  Tracking : Az 186, El 0.
[13:16:35]  Tracking : Az 186, El 0.
[13:16:37]  Tracking : Az 186, El 0.
[13:16:39]  Tracking : Az 186, El 0.
[13:16:41]  Tracking : Az 186, El 0.
[13:16:43]  Tracking : Az 186, El 0.
[13:16:45]  Tracking : Az 186, El 0.
[13:24:43]  Tracking : Az 188, El 3.
[13:25:20]  Tracking : Az 191, El 5.
[13:25:37]  Tracking : Az 192, El 7.
[13:25:38]  Forked Safe Amplifier Process.(ON, Timer)
[13:25:41]  Ping Success at node 5, 472ms
[13:25:58]  [OK]CMD Packet Header: 0x18 0x75 0xc0 0x0 0x0 0x1 0x14 0x47
[13:25:59]  Received Report from port : 25.
[13:25:59]  Received Report from port : 25.
[13:26:00]  Received Report from port : 25.
[13:26:02]  Tracking : Az 194, El 9.
[13:26:11]  [OK]CMD Packet Header: 0x18 0x75 0xc0 0x0 0x0 0x1 0x14 0x47
[13:26:12]  Received Report from port : 25.
[13:26:12]  Received Report from port : 25.
[13:26:13]  Received Report from port : 25.
[13:26:24]  Tracking : Az 196, El 11.
[13:26:28]  [OK]CMD Packet Header: 0x18 0x50 0xc0 0x0 0x0 0x1 0x6 0x70
[13:26:35]  [OK]CMD Packet Header: 0x18 0x50 0xc0 0x0 0x0 0x1 0x6 0x70
[13:26:41]  Ping Failed.
[13:26:47]  Tracking : Az 199, El 13.
[13:26:52]  Ping Success at node 5, 459ms
[13:26:54]  [OK]CMD Packet Header: 0x18 0x50 0xc0 0x0 0x0 0x1 0x6 0x70
[13:26:55]  Received Report from port : 25.
[13:26:55]  Received Report from port : 25.
[13:26:56]  Received Report from port : 25.
[13:27:02]  Tracking : Az 201, El 14.
[13:27:11]  [OK]CMD Packet Header: 0x18 0x75 0xc0 0x0 0x0 0x5 0x1e 0xa2
[13:27:12]  Received Report from port : 25.
[13:27:12]  Received Report from port : 25.
[13:27:12]  Received Report from port : 25.
[13:27:21]  Tracking : Az 203, El 17.
[13:27:25]  [OK]CMD Packet Header: 0x18 0x75 0xc0 0x0 0x0 0x1 0x14 0x47
[13:27:26]  Received Report from port : 25.
[13:27:26]  Received Report from port : 25.
[13:27:26]  Received Report from port : 25.
[13:27:28]  Tracking : Az 205, El 17.
[13:27:36]  Tracking : Az 206, El 18.
[13:27:49]  Tracking : Az 209, El 20.
[13:27:50]  [OK]CMD Packet Header: 0x18 0x0 0xc0 0x0 0x0 0x71 0x4 0x3d
[13:27:56]  Ping Success at node 5, 471ms
[13:27:59]  [OK]CMD Packet Header: 0x18 0x0 0xc0 0x0 0x0 0x71 0x4 0x3d
[13:28:03]  Tracking : Az 212, El 22.
[13:28:15]  Tracking : Az 215, El 24.
[13:28:21]  [OK]CMD Packet Header: 0x18 0x23 0xc0 0x0 0x0 0x8 0x2 0x6
[13:28:22]  Received Event from port : 27.

[13:28:22]  Received Report from port : 27.
[13:28:25]  Tracking : Az 218, El 25.
[13:28:32]  Tracking : Az 220, El 26.
[13:28:39]  Received Event from port : 27.

[13:28:39]  Received Report from port : 27.
[13:28:41]  Tracking : Az 223, El 27.
[13:28:45]  Received Event from port : 27.

[13:28:45]  Received Report from port : 27.
[13:28:49]  Received Event from port : 27.

[13:28:49]  Received Report from port : 27.
[13:28:50]  Tracking : Az 226, El 28.
[13:28:58]  Tracking : Az 229, El 29.
[13:28:59]  Received Event from port : 27.

[13:28:59]  Received Report from port : 27.
[13:29:05]  Tracking : Az 232, El 30.
[13:29:09]  Received Event from port : 27.

[13:29:09]  Received Report from port : 27.
[13:29:12]  Tracking : Az 235, El 31.
[13:29:19]  Received Event from port : 27.

[13:29:19]  Received Report from port : 27.
[13:29:19]  Tracking : Az 238, El 32.
[13:29:25]  Tracking : Az 241, El 33.
[13:29:26]  Received Event from port : 27.

[13:29:26]  Received Report from port : 27.
[13:29:29]  Received Event from port : 27.

[13:29:29]  Received Report from port : 27.
[13:29:31]  Tracking : Az 244, El 33.
[13:29:33]  [OK]CMD Packet Header: 0x18 0x75 0xc0 0x0 0x0 0x1 0x14 0x47
[13:29:34]  Received Report from port : 25.
[13:29:34]  Received Report from port : 25.
[13:29:34]  Received Report from port : 25.
[13:29:37]  Tracking : Az 247, El 34.
[13:29:39]  Received Event from port : 27.

[13:29:39]  Received Report from port : 27.
[13:29:43]  Tracking : Az 250, El 34.
[13:29:48]  Tracking : Az 253, El 34.
[13:29:49]  Received Event from port : 27.

[13:29:49]  Received Report from port : 27.
[13:29:54]  Tracking : Az 256, El 35.
[13:29:59]  Received Event from port : 27.

[13:29:59]  Received Report from port : 27.
[13:29:59]  Tracking : Az 259, El 35.
[13:30:05]  Tracking : Az 262, El 35.
[13:30:07]  Received Event from port : 27.

[13:30:07]  Received Report from port : 27.
[13:30:09]  Received Event from port : 27.

[13:30:09]  Received Report from port : 27.
[13:30:11]  Tracking : Az 265, El 35.
[13:30:16]  Tracking : Az 268, El 35.
[13:30:19]  Received Event from port : 27.

[13:30:19]  Received Report from port : 27.
[13:30:19]  [OK]CMD Packet Header: 0x18 0x23 0xc0 0x0 0x0 0x5 0x4 0x9
[13:30:21]  Tracking : Az 271, El 34.
[13:30:27]  Tracking : Az 274, El 34.
[13:30:29]  Ping Success at node 5, 462ms
[13:30:33]  Tracking : Az 277, El 34.
[13:30:38]  Tracking : Az 280, El 33.
[13:30:45]  Tracking : Az 283, El 33.
[13:30:51]  Tracking : Az 286, El 32.
[13:30:57]  Tracking : Az 289, El 31.
[13:31:03]  [OK]CMD Packet Header: 0x18 0x75 0xc0 0x0 0x0 0x1 0x14 0x47
[13:31:03]  Tracking : Az 291, El 31.
[13:31:04]  Received Report from port : 25.
[13:31:04]  Received Report from port : 25.
[13:31:04]  Received Report from port : 25.
[13:31:09]  Tracking : Az 294, El 30.
[13:31:14]  Tracking : Az 296, El 29.
[13:31:19]  [OK]CMD Packet Header: 0x18 0x30 0xc0 0x0 0x0 0x1 0x0 0x16
[13:31:20]  Received Report from port : 25.
[13:31:20]  Received Report from port : 25.
[13:31:20]  Received Report from port : 25.
[13:31:22]  Tracking : Az 299, El 28.
[13:31:31]  Tracking : Az 302, El 27.
[13:31:40]  Tracking : Az 305, El 26.
[13:31:50]  Tracking : Az 307, El 24.
[13:31:56]  Tracking : Az 309, El 23.
[13:32:04]  [OK]CMD Packet Header: 0x18 0x30 0xc0 0x0 0x0 0x2 0x3 0x17
[13:32:05]  Received Report from port : 25.
[13:32:05]  Received Report from port : 25.
[13:32:06]  Received Report from port : 25.
[13:32:06]  Tracking : Az 312, El 22.
[13:32:25]  Tracking : Az 316, El 20.
[13:32:40]  Tracking : Az 319, El 18.
[13:32:55]  [OK]CMD Packet Header: 0x18 0x30 0xc0 0x0 0x0 0x3 0x6 0x12
[13:32:56]  Received Report from port : 25.
[13:32:56]  Received Report from port : 25.
[13:32:57]  Received Report from port : 25.
[13:32:59]  Tracking : Az 322, El 15.
[13:33:20]  Tracking : Az 325, El 13.
[13:33:48]  Tracking : Az 328, El 10.
[13:33:52]  [OK]CMD Packet Header: 0x18 0x75 0xc0 0x0 0x0 0x1 0x14 0x47
[13:33:53]  Received Report from port : 25.
[13:33:54]  Received Report from port : 25.
[13:33:54]  Received Report from port : 25.
[13:34:07]  Tracking : Az 330, El 9.
[13:34:43]  Tracking : Az 333, El 6.
[13:35:16]  Tracking : Az 335, El 3.
[13:36:02]  Tracking : Az 337, El 0.
[13:36:08]  Forked Safe Amplifier Process. (OFF)
[13:36:29]  Tracking : Az 339, El 0.
[13:36:31]  Finish Engaging.
[13:36:31]  Beacon Success : 0, Ping Success : 4
[13:36:32]  Tracking : Az 0, El 0.
