2026-01-09 20:50
[20:50:48]  Connect to Switch Box.............Success.
[20:50:48]  Connect to Rotator................Success.
[20:50:48]  Connect to GS100..................Success.
[20:50:48]  TM Port 13 bind success.
[20:50:48]  BCN Port 31 bind success.
[20:50:48]  RPT Port 25 bind success.
[20:50:48]  Event Port 27 bind success.
[20:50:48]  COSMIC Beacon Port 23 bind success.
[20:50:48]  COSMIC Report Port 24 bind success.
[20:50:57]  TLE "active" Download Completed.
[20:51:40]  [Auto]Start AutoPilot.
[20:51:40]  [Auto]Start Autopilot. Next Valuable AOS : 1/9 20:51:34
[20:51:40]  [Auto]Max Elevation : 29.82° Please Keep Devices On.
[20:51:40]  [Auto]Start Engaging.
[20:51:40]  [Auto]Start Doppler Correction.
[20:51:40]  [Auto]Start Doppler Correction.
[20:51:40]  Tracking : Az 278, El 19.
[20:51:40]  [DBG][AMP] exit-wait: min_to_los=7.583 Autopilot=1
[20:51:40]  Forked Safe Amplifier Process.(ON, Timer)
[20:51:42]  Tracking : Az 279, El 19.
[20:51:43]  Ping Failed.
[20:51:44]  Tracking : Az 279, El 19.
[20:51:46]  Tracking : Az 280, El 19.
[20:51:47]  Ping Failed.
[20:51:48]  Tracking : Az 280, El 20.
[20:51:50]  Tracking : Az 281, El 20.
[20:51:50]  Ping Failed.
[20:51:50]  [Auto]Autopilot Stopped by User.
[20:51:50]  [Auto]Stop Doppler Correction.
[20:51:52]  [Auto]Finish Engaging.
[20:51:52]  Tracking : Az 0, El 0.
[20:51:53]  [Auto]Beacon Success : 0, Ping Success : 0 CMD Success : 0
[20:51:56]  [Auto]Start AutoPilot.
[20:51:56]  [Auto]Start Autopilot. Next Valuable AOS : 1/9 20:51:34
[20:51:56]  [Auto]Max Elevation : 29.82° Please Keep Devices On.
[20:51:56]  [Auto]Start Engaging.
[20:51:56]  [Auto]Start Doppler Correction.
[20:51:56]  [DBG][AMP] exit-wait: min_to_los=7.317 Autopilot=1
[20:51:56]  Cannot Turn on AMP Now. Wati until the timer goes on.
[20:51:56]  If you don't want it, restart the software.
[20:51:56]  Remind the AMP would be turned off after the timer goes on
[20:51:56]  even if you restart the software.
[20:51:56]  Tracking : Az 283, El 21.
[20:51:58]  Tracking : Az 283, El 21.
[20:51:59]  Forked Safe Amplifier Process. (OFF)
[20:52:00]  Forked Safe Amplifier Process.(ON, Timer)
[20:52:00]  [Auto]Autopilot Stopped by User.
[20:52:00]  [Auto]Stop Doppler Correction.
[20:52:00]  [Auto]Finish Engaging.
[20:52:00]  Tracking : Az 0, El 0.
[20:52:01]  [Auto]Beacon Success : 0, Ping Success : 0 CMD Success : 0
