2026-02-01 13:41
[13:41:05]  Connect to Switch Box.............Success.
[13:41:05]  Connect to Rotator................Success.
[13:41:05]  Connect to GS100..................Success.
[13:41:05]  TM Port 13 bind success.
[13:41:05]  BCN Port 31 bind success.
[13:41:05]  RPT Port 25 bind success.
[13:41:05]  Event Port 27 bind success.
[13:41:05]  COSMIC Beacon Port 23 bind success.
[13:41:05]  COSMIC Report Port 24 bind success.
[13:41:12]  TLE "cubesat" Download Completed.
[13:41:22]  Start Engaging.
[13:41:23]  Start Doppler Correction.
[13:41:25]  Tracking : Az 201, El 3.
[13:41:25]  Forked Safe Amplifier Process.(ON, Timer)
[13:41:30]  Ping Success at node 5, 475ms
[13:41:33]  Ping Success at node 5, 466ms
[13:41:43]  AX100 Boot Count : 193
[13:41:58]  Tracking : Az 204, El 5.
[13:42:15]  [OK]CMD Packet Header: 0x18 0x75 0xc0 0x0 0x0 0x1 0x1a 0x49
[13:42:25]  Tracking : Az 207, El 6.
[13:42:26]  [OK]CMD Packet Header: 0x18 0x0 0xc0 0x0 0x0 0x55 0x7 0x7d
[13:42:42]  Ping Success at node 5, 467ms
[13:42:49]  Tracking : Az 210, El 8.
[13:42:56]  [OK]CMD Packet Header: 0x18 0x75 0xc0 0x0 0x0 0x1 0x14 0x47
[13:43:10]  Tracking : Az 213, El 10.
[13:43:11]  [OK]CMD Packet Header: 0x18 0x0 0xc0 0x0 0x0 0x55 0x7 0x7d
[13:43:26]  [OK]CMD Packet Header: 0x18 0x0 0xc0 0x0 0x0 0x55 0x7 0x7d
[13:43:29]  Tracking : Az 216, El 11.
[13:43:44]  Tracking : Az 218, El 13.
[13:43:47]  [OK]CMD Packet Header: 0x18 0x75 0xc0 0x0 0x0 0x1 0x14 0x47
[13:43:50]  Tracking : Az 220, El 13.
[13:43:57]  [OK]CMD Packet Header: 0x18 0x75 0xc0 0x0 0x0 0x1 0x17 0x44
[13:43:58]  Received Report from port : 25.
[13:44:00]  Received Report from port : 25.
[13:44:02]  Received Report from port : 25.
[13:44:05]  Tracking : Az 223, El 14.
[13:44:12]  [OK]CMD Packet Header: 0x18 0x75 0xc0 0x0 0x0 0x1 0x14 0x47
[13:44:13]  Received Report from port : 25.
[13:44:15]  Received Report from port : 25.
[13:44:17]  Received Report from port : 25.
[13:44:19]  Tracking : Az 226, El 15.
[13:44:22]  [OK]CMD Packet Header: 0x18 0x75 0xc0 0x0 0x0 0x1 0x17 0x0
[13:44:23]  Received Report from port : 25.
[13:44:25]  Received Report from port : 25.
[13:44:27]  Received Report from port : 25.
[13:44:31]  Tracking : Az 229, El 16.
[13:44:43]  Tracking : Az 232, El 17.
[13:44:54]  Tracking : Az 235, El 18.
[13:44:59]  [OK]CMD Packet Header: 0x18 0x75 0xc0 0x0 0x0 0x1 0x14 0x47
[13:44:59]  Received Report from port : 25.
[13:45:01]  Received Report from port : 25.
[13:45:03]  Received Report from port : 25.
[13:45:04]  Tracking : Az 238, El 19.
[13:45:14]  Tracking : Az 241, El 19.
[13:45:23]  Tracking : Az 244, El 20.
[13:45:32]  Tracking : Az 247, El 21.
[13:45:32]  [OK]CMD Packet Header: 0x18 0x50 0xc0 0x0 0x0 0x1 0x6 0x70
[13:45:34]  Received Report from port : 25.
[13:45:41]  Tracking : Az 250, El 21.
[13:45:43]  [OK]CMD Packet Header: 0x18 0x50 0xc0 0x0 0x0 0x1 0x6 0x70
[13:45:44]  Received Report from port : 25.
[13:45:46]  Received Report from port : 25.
[13:45:48]  Received Report from port : 25.
[13:45:50]  Tracking : Az 253, El 21.
[13:45:56]  Tracking : Az 255, El 21.
[13:46:01]  Tracking : Az 257, El 22.
[13:46:07]  Tracking : Az 259, El 22.
[13:46:14]  Tracking : Az 262, El 22.
[13:46:15]  [OK]CMD Packet Header: 0x18 0x75 0xc0 0x0 0x0 0x5 0x1e 0xa2
[13:46:16]  Received Report from port : 25.
[13:46:18]  Received Report from port : 25.
[13:46:20]  Received Report from port : 25.
[13:46:23]  Tracking : Az 265, El 22.
[13:46:29]  Tracking : Az 267, El 22.
[13:46:35]  [OK]CMD Packet Header: 0x18 0x75 0xc0 0x0 0x0 0x1 0x14 0x47
[13:46:36]  Received Report from port : 25.
[13:46:36]  Tracking : Az 270, El 22.
[13:46:38]  Received Report from port : 25.
[13:46:40]  Received Report from port : 25.
[13:46:44]  Tracking : Az 273, El 22.
[13:46:53]  Tracking : Az 276, El 21.
[13:47:01]  Tracking : Az 279, El 21.
[13:47:10]  Tracking : Az 282, El 21.
[13:47:19]  Tracking : Az 285, El 20.
[13:47:29]  Tracking : Az 288, El 19.
[13:47:38]  Tracking : Az 291, El 19.
[13:47:49]  Tracking : Az 294, El 18.
[13:47:59]  Tracking : Az 297, El 17.
[00:07:24]  [OK]CMD Packet Header: 0x18 0x75 0xc0 0x0 0x0 0x1 0x17 0x44
[13:48:10]  [OK]CMD Packet Header: 0x18 0x75 0xc0 0x0 0x0 0x1 0x17 0x0
[13:48:11]  Tracking : Az 300, El 16.
[13:48:20]  [OK]CMD Packet Header: 0x18 0x75 0xc0 0x0 0x0 0x1 0x17 0x44
[13:48:21]  Received Report from port : 25.
[13:48:23]  Tracking : Az 303, El 15.
[13:48:23]  Received Report from port : 25.
[13:48:25]  Received Report from port : 25.
[13:48:37]  Tracking : Az 306, El 14.
[13:48:46]  Forked Safe Amplifier Process. (OFF)
[13:48:51]  Tracking : Az 309, El 13.
[13:48:53]  Finish Engaging.
[13:48:53]  Beacon Success : 0, Ping Success : 3
[13:48:57]  Tracking : Az 0, El 0.
