2026-07-03 21:07
[21:07:48]  Connect to Switch Box..............Failed.
[21:07:48]  Connect to Rotator.................Failed.
[21:07:48]  Connect to GS100..................Success.
[21:07:48]  BEE-1000 BCN Port 31 bind success.
[21:07:48]  Rotator Read Failed. Please Check Again.
[21:07:48]  BEE-1000 RPT Port 25 bind success.
[21:07:48]  BEE-1000 Event Port 27 bind success.
[21:07:48]  BEE-100 FM Port 23 bind success.
[21:07:48]  UEL-Y-Sys. BCN Port 12 bind success.
[21:07:48]  UEL-Y-Sys. RPT Port 10 bind success.
[21:07:48]  UEL-Y-Sys. Event Port 11 bind success.
[21:07:48]  UEL-Y-Sys. FM Port 14 bind success.
[21:07:48]  BEE-1012 BCN Port 17 bind success.
[21:07:48]  BEE-1012 RPT Port 15 bind success.
[21:07:48]  BEE-1012 Event Port 16 bind success.
[21:07:48]  BEE-1012 FM Port 18 bind success.
[21:07:48]  BEE-1012 AIOBC Port 29 bind success.
[21:08:05]  FTP_OLD_DOWNLOAD received legacy shared ftpinfo argument; pre-start pthread_create race remains until caller uses miman_ftp_create_worker_arg().
[21:08:06]  Start FTP OLD DOWNLOAD id=1.
[21:08:06]  [FTP_OLD_TEST][id=1][DOWNLOAD] begin local=file://./why.so remote=file://./cf/hk_cpy_tbl.tbl host=10 port=9 chunk=180
[21:08:31]  Received FTP Download Spec.
[21:08:31]  Received FTP Download Spec. Filesize : 2164, CRC : 3359588829.
[21:08:32]  Received FTP Status Request.
[21:08:32]  Start FTP Downlink. Total Chunk Size : 13
[21:08:33]  Download : 0/13
[21:08:33]  [FTP_OLD_TEST][id=1][DOWNLOAD] progress 0/13 chunk=180
