2026-07-03 17:08
[17:08:34]  Connect to Switch Box..............Failed.
[17:08:34]  Connect to Rotator.................Failed.
[17:08:34]  Connect to GS100..................Success.
[17:08:34]  BEE-1000 BCN Port 31 bind success.
[17:08:34]  BEE-1000 RPT Port 25 bind success.
[17:08:34]  BEE-1000 Event Port 27 bind success.
[17:08:34]  BEE-100 FM Port 23 bind success.
[17:08:34]  UEL-Y-Sys. BCN Port 12 bind success.
[17:08:34]  Rotator Read Failed. Please Check Again.
[17:08:34]  UEL-Y-Sys. RPT Port 10 bind success.
[17:08:34]  UEL-Y-Sys. Event Port 11 bind success.
[17:08:34]  UEL-Y-Sys. FM Port 14 bind success.
[17:08:34]  BEE-1012 BCN Port 17 bind success.
[17:08:34]  BEE-1012 RPT Port 15 bind success.
[17:08:34]  BEE-1012 Event Port 16 bind success.
[17:08:34]  BEE-1012 FM Port 18 bind success.
[17:08:34]  BEE-1012 AIOBC Port 29 bind success.
[17:08:38]  Ping Failed.
[17:08:42]  Ping Failed.
[17:08:48]  Ping Failed.
[17:08:54]  Ping Failed.
[17:09:47]  Ping Failed.
