2026-01-09 13:17
[13:17:46]  Connect to Switch Box.............Success.
[13:17:46]  Connect to Rotator................Success.
[13:17:46]  Connect to GS100..................Success.
[13:17:46]  TM Port 13 bind success.
[13:17:46]  BCN Port 31 bind success.
[13:17:46]  RPT Port 25 bind success.
[13:17:46]  Event Port 27 bind success.
[13:17:46]  COSMIC Beacon Port 23 bind success.
[13:17:46]  COSMIC Report Port 24 bind success.
[13:17:51]  TLE "cubesat" Download Completed.
[13:18:08]  Start Engaging.
[13:18:08]  Tracking : Az 192, El 0.
[13:18:10]  Start Doppler Correction.
[13:18:10]  Tracking : Az 192, El 0.
[13:18:12]  Tracking : Az 192, El 0.
[13:18:14]  Tracking : Az 192, El 0.
[13:18:16]  Tracking : Az 192, El 0.
[13:18:18]  Tracking : Az 192, El 0.
[13:18:20]  Tracking : Az 192, El 0.
[13:18:22]  Tracking : Az 192, El 0.
[13:18:24]  Tracking : Az 192, El 0.
[13:18:26]  Tracking : Az 192, El 0.
[13:18:28]  Tracking : Az 192, El 0.
[13:18:30]  Tracking : Az 192, El 0.
[13:18:32]  Tracking : Az 192, El 0.
[13:18:34]  Tracking : Az 192, El 0.
[13:33:49]  Forked Safe Amplifier Process.(ON, Timer)
[13:33:56]  Ping Success at node 5, 476ms
[13:33:59]  [OK]CMD Packet Header: 0x18 0x75 0xc0 0x0 0x0 0x1 0x14 0x47
[13:34:06]  Ping Failed.
[13:34:12]  Tracking : Az 195, El 2.
[13:34:31]  Ping Success at node 5, 471ms
[13:34:34]  Tracking : Az 196, El 4.
[13:34:43]  Ping Success at node 5, 475ms
[13:34:45]  [OK]CMD Packet Header: 0x18 0x75 0xc0 0x0 0x0 0x1 0x14 0x47
[13:34:46]  Received Report from port : 25.
[13:34:48]  Received Report from port : 25.
[13:34:50]  Received Report from port : 25.
[13:35:02]  Tracking : Az 199, El 6.
[13:35:23]  [OK]CMD Packet Header: 0x18 0x75 0xc0 0x0 0x0 0x5 0x1e 0xa2
[13:35:24]  Received Report from port : 25.
[13:35:26]  Received Report from port : 25.
[13:35:28]  Received Report from port : 25.
[13:35:33]  Tracking : Az 202, El 8.
[13:35:34]  [OK]CMD Packet Header: 0x18 0x50 0xc0 0x0 0x0 0x1 0x6 0x70
[13:35:35]  Received Report from port : 25.
[13:35:37]  Received Report from port : 25.
[13:35:39]  Received Report from port : 25.
[13:35:46]  [OK]CMD Packet Header: 0x18 0x75 0xc0 0x0 0x0 0x1 0x14 0x47
[13:35:47]  Received Report from port : 25.
[13:35:49]  Received Report from port : 25.
[13:35:50]  Tracking : Az 204, El 9.
[13:35:51]  Received Report from port : 25.
[13:35:59]  [OK]CMD Packet Header: 0x18 0x75 0xc0 0x0 0x0 0x1 0x1a 0x49
[13:36:00]  Received Report from port : 25.
[13:36:02]  Received Report from port : 25.
[13:36:04]  Received Report from port : 25.
[13:36:06]  Tracking : Az 206, El 11.
[13:36:26]  Tracking : Az 209, El 12.
[13:36:35]  [OK]CMD Packet Header: 0x18 0x30 0xc0 0x0 0x0 0x1 0x0 0x16
[13:36:36]  Received Report from port : 25.
[13:36:38]  Received Report from port : 25.
[13:36:40]  Received Report from port : 25.
[13:36:45]  Tracking : Az 212, El 14.
[13:36:48]  [OK]CMD Packet Header: 0x18 0x30 0xc0 0x0 0x0 0x3 0x5 0x1b
[13:37:01]  Tracking : Az 215, El 16.
[13:37:01]  [OK]CMD Packet Header: 0x18 0x30 0xc0 0x0 0x0 0x3 0x5 0x1b
[13:37:02]  Received Report from port : 25.
[13:37:04]  Received Report from port : 25.
[13:37:06]  Received Report from port : 25.
[13:37:15]  Tracking : Az 218, El 17.
[13:37:16]  [OK]CMD Packet Header: 0x18 0x30 0xc0 0x0 0x0 0x2 0x3 0x17
[13:37:25]  Tracking : Az 220, El 18.
[13:37:26]  Ping Success at node 5, 636ms
[13:37:28]  [OK]CMD Packet Header: 0x18 0x30 0xc0 0x0 0x0 0x2 0x3 0x17
[00:10:20]  Received Report from port : 25.
[13:37:32]  Received Report from port : 25.
[13:37:34]  Received Report from port : 25.
[13:37:36]  Tracking : Az 223, El 19.
[13:37:48]  Tracking : Az 226, El 20.
[13:37:49]  [OK]CMD Packet Header: 0x18 0x30 0xc0 0x0 0x0 0x3 0x6 0x12
[13:37:50]  Received Report from port : 25.
[13:37:52]  Received Report from port : 25.
[13:37:54]  Received Report from port : 25.
[13:37:58]  Tracking : Az 229, El 21.
[13:38:04]  [OK]CMD Packet Header: 0x18 0x30 0xc0 0x0 0x0 0x3 0x6 0x13
[13:38:05]  Received Report from port : 25.
[13:38:07]  Received Report from port : 25.
[13:38:08]  Tracking : Az 232, El 22.
[13:38:09]  Received Report from port : 25.
[13:38:17]  Tracking : Az 235, El 23.
[13:38:26]  Tracking : Az 238, El 24.
[13:38:28]  Ping Success at node 5, 461ms
[13:38:34]  Tracking : Az 241, El 25.
[13:38:42]  Tracking : Az 244, El 25.
[13:38:50]  Tracking : Az 247, El 26.
[13:38:51]  [OK]CMD Packet Header: 0x18 0x75 0xc0 0x0 0x0 0x1 0x1a 0x0
[13:38:52]  Received Report from port : 25.
[13:38:54]  Received Report from port : 25.
[13:38:56]  Received Report from port : 25.
[13:38:57]  Tracking : Az 250, El 26.
[13:39:05]  Tracking : Az 253, El 26.
[13:39:11]  Tracking : Az 255, El 27.
[13:39:17]  Tracking : Az 258, El 27.
[13:39:21]  Tracking : Az 260, El 27.
[13:39:26]  [OK]CMD Packet Header: 0x18 0x75 0xc0 0x0 0x0 0x1 0x14 0x47
[13:39:27]  Received Report from port : 25.
[13:39:28]  Tracking : Az 263, El 27.
[13:39:29]  Received Report from port : 25.
[13:39:31]  Received Report from port : 25.
[13:39:34]  Tracking : Az 265, El 27.
[13:39:38]  Tracking : Az 267, El 27.
[13:39:44]  Tracking : Az 269, El 27.
[13:39:48]  Tracking : Az 271, El 27.
[13:39:54]  Tracking : Az 274, El 26.
[13:40:02]  Tracking : Az 277, El 26.
[13:40:09]  Tracking : Az 280, El 26.
[13:40:09]  Ping Failed.
[13:40:17]  Tracking : Az 283, El 25.
[13:40:22]  Tracking : Az 285, El 25.
[13:40:24]  Ping Success at node 5, 467ms
[13:40:30]  Tracking : Az 288, El 24.
[13:40:39]  Tracking : Az 291, El 23.
[13:40:43]  [OK]CMD Packet Header: 0x18 0x30 0xc0 0x0 0x0 0x3 0x6 0x10
[13:40:48]  Tracking : Az 294, El 23.
[13:40:54]  Tracking : Az 296, El 22.
[13:41:00]  [OK]CMD Packet Header: 0x18 0x30 0xc0 0x0 0x0 0x3 0x6 0x10
[13:41:01]  Tracking : Az 298, El 21.
[13:41:01]  Received Report from port : 25.
[13:41:03]  Received Report from port : 25.
[13:41:05]  Received Report from port : 25.
[13:41:11]  Tracking : Az 301, El 20.
[13:41:22]  Tracking : Az 304, El 19.
[13:41:35]  Tracking : Az 307, El 18.
[13:41:48]  Tracking : Az 310, El 17.
[13:42:02]  [OK]CMD Packet Header: 0x18 0x30 0xc0 0x0 0x0 0x3 0x6 0x11
[13:42:03]  Received Report from port : 25.
[13:42:03]  Tracking : Az 313, El 15.
[13:42:05]  Received Report from port : 25.
[13:42:07]  Received Report from port : 25.
[13:42:19]  Tracking : Az 316, El 14.
[13:42:28]  [OK]CMD Packet Header: 0x18 0x75 0xc0 0x0 0x0 0x1 0x1a 0x49
[13:42:29]  Received Report from port : 25.
[13:42:31]  Received Report from port : 25.
[13:42:33]  Received Report from port : 25.
[13:42:38]  Tracking : Az 319, El 12.
[13:42:49]  [OK]CMD Packet Header: 0x18 0x75 0xc0 0x0 0x0 0x1 0x14 0x47
[13:42:59]  Ping Failed.
[13:43:00]  Tracking : Az 322, El 10.
[13:43:03]  [OK]CMD Packet Header: 0x18 0x75 0xc0 0x0 0x0 0x1 0x14 0x47
[13:43:14]  Ping Success at node 5, 469ms
[13:43:16]  [OK]CMD Packet Header: 0x18 0x75 0xc0 0x0 0x0 0x1 0x14 0x47
[13:43:24]  Tracking : Az 325, El 8.
[13:43:26]  Cannot Load Remote Parameter.
[13:43:33]  Ping Failed.
[13:43:41]  Ping Failed.
[13:43:54]  Ping Failed.
[13:43:54]  Tracking : Az 328, El 6.
[13:44:01]  Ping Failed.
[13:44:07]  Ping Success at node 5, 480ms
[13:44:10]  [OK]CMD Packet Header: 0x18 0x75 0xc0 0x0 0x0 0x1 0x14 0x47
[13:44:19]  Ping Failed.
[13:44:29]  Tracking : Az 331, El 3.
[13:44:30]  Ping Failed.
[13:44:31]  Forked Safe Amplifier Process. (OFF)
[13:44:34]  Finish Engaging.
[13:44:34]  Beacon Success : 0, Ping Success : 8
[13:44:35]  Tracking : Az 0, El 0.
