2026-06-11 19:38
[19:38:43]  Connect to Switch Box..............Failed.
[19:38:43]  Connect to Rotator.................Failed.
[19:38:43]  Connect to GS100..................Success.
[19:38:43]  BEE-1000 BCN Port 31 bind success.
[19:38:43]  BEE-1000 RPT Port 25 bind success.
[19:38:43]  BEE-1000 Event Port 27 bind success.
[19:38:43]  BEE-100 FM Port 23 bind success.
[19:38:43]  UEL-Y-Sys. BCN Port 12 bind success.
[19:38:43]  UEL-Y-Sys. RPT Port 10 bind success.
[19:38:43]  Rotator Read Failed. Please Check Again.
[19:38:43]  UEL-Y-Sys. Event Port 11 bind success.
[19:38:43]  UEL-Y-Sys. FM Port 14 bind success.
[19:38:43]  BEE-1012 BCN Port 17 bind success.
[19:38:43]  BEE-1012 RPT Port 15 bind success.
[19:38:43]  BEE-1012 Event Port 16 bind success.
[19:38:43]  BEE-1012 FM Port 18 bind success.
[19:38:43]  BEE-1012 AIOBC Port 29 bind success.
[19:39:08]  DataChunk generated. Magic=0x465A, RawDataLength=136, ChunkCRC32=0x773333E6, PacketCRC=0x45, PacketLength=154
[19:39:08]  [OK]CMD Packet Header: 0x18 0xf0 0xc0 0x0 0x0 0x93 0x5 0x45
[19:39:08]  Received AIOBC TM from port : 29.

[19:39:34]  DataChunk generated. Magic=0x465A, RawDataLength=4, ChunkCRC32=0x2144DF1C, PacketCRC=0xFE, PacketLength=154
[19:39:34]  [OK]CMD Packet Header: 0x18 0xf0 0xc0 0x0 0x0 0x93 0x5 0xfe
[19:39:41]  DataChunk generated. Magic=0x465A, RawDataLength=4, ChunkCRC32=0x2144DF1C, PacketCRC=0xFE, PacketLength=154
[19:39:41]  [OK]CMD Packet Header: 0x18 0xf0 0xc0 0x0 0x0 0x93 0x5 0xfe
[19:39:42]  Received AIOBC TM from port : 29.

[19:39:57]  DataChunk generated. Magic=0x465A, RawDataLength=136, ChunkCRC32=0x773333E6, PacketCRC=0x45, PacketLength=154
[19:39:57]  [OK]CMD Packet Header: 0x18 0xf0 0xc0 0x0 0x0 0x93 0x5 0x45
[19:39:58]  Received AIOBC TM from port : 29.

[19:40:05]  [OK]CMD Packet Header: 0x18 0xf0 0xc0 0x0 0x0 0x1 0x7 0xd1
[19:40:06]  Received AIOBC TM from port : 29.

[19:40:28]  FDIR generated. scenarioid=0, commandid=0, flags=0, conf_scale=0.000000, thre_scale=0.000000, PacketLength=25
[19:40:28]  [OK]CMD Packet Header: 0x18 0xf0 0xc0 0x0 0x0 0x12 0xe 0xcb
[19:40:29]  Received AIOBC TM from port : 29.

[19:42:50]  [OK]CMD Packet Header: 0x18 0xf0 0xc0 0x0 0x0 0x1 0x1 0xd7
[19:42:51]  Received AIOBC TM from port : 29.

[19:43:05]  DataChunk generated. Magic=0x465A, RawDataLength=4, ChunkCRC32=0x2144DF1C, PacketCRC=0xFE, PacketLength=154
[19:43:05]  [OK]CMD Packet Header: 0x18 0xf0 0xc0 0x0 0x0 0x93 0x5 0xfe
[19:43:06]  Received AIOBC TM from port : 29.

[19:43:33]  DataChunk generated. Magic=0x465A, RawDataLength=136, ChunkCRC32=0x773333E6, PacketCRC=0x45, PacketLength=154
[19:43:33]  [OK]CMD Packet Header: 0x18 0xf0 0xc0 0x0 0x0 0x93 0x5 0x45
[19:43:43]  DataChunk generated. Magic=0x465A, RawDataLength=136, ChunkCRC32=0x773333E6, PacketCRC=0x45, PacketLength=154
[19:43:43]  [OK]CMD Packet Header: 0x18 0xf0 0xc0 0x0 0x0 0x93 0x5 0x45
[19:43:43]  Received AIOBC TM from port : 29.

[19:47:58]  [OK]CMD Packet Header: 0x18 0xf0 0xc0 0x0 0x0 0x1 0x1 0xd7
[19:47:59]  Received AIOBC TM from port : 29.

[19:48:07]  DataChunk generated. Magic=0x465A, RawDataLength=4, ChunkCRC32=0x2144DF1C, PacketCRC=0xFE, PacketLength=154
[19:48:07]  [OK]CMD Packet Header: 0x18 0xf0 0xc0 0x0 0x0 0x93 0x5 0xfe
[19:48:12]  DataChunk generated. Magic=0x465A, RawDataLength=4, ChunkCRC32=0x2144DF1C, PacketCRC=0xFE, PacketLength=154
[19:48:12]  [OK]CMD Packet Header: 0x18 0xf0 0xc0 0x0 0x0 0x93 0x5 0xfe
[19:48:13]  Received AIOBC TM from port : 29.

[19:48:38]  DataChunk generated. Magic=0x465A, RawDataLength=136, ChunkCRC32=0x773333E6, PacketCRC=0x45, PacketLength=154
[19:48:38]  [OK]CMD Packet Header: 0x18 0xf0 0xc0 0x0 0x0 0x93 0x5 0x45
[19:48:40]  DataChunk generated. Magic=0x465A, RawDataLength=136, ChunkCRC32=0x773333E6, PacketCRC=0x45, PacketLength=154
[19:48:40]  [OK]CMD Packet Header: 0x18 0xf0 0xc0 0x0 0x0 0x93 0x5 0x45
[19:48:43]  DataChunk generated. Magic=0x465A, RawDataLength=136, ChunkCRC32=0x773333E6, PacketCRC=0x45, PacketLength=154
[19:48:43]  [OK]CMD Packet Header: 0x18 0xf0 0xc0 0x0 0x0 0x93 0x5 0x45
[19:48:44]  Received AIOBC TM from port : 29.

[19:48:51]  [OK]CMD Packet Header: 0x18 0xf0 0xc0 0x0 0x0 0x1 0x7 0xd1
[19:48:52]  Received AIOBC TM from port : 29.

[19:48:56]  FDIR generated. scenarioid=0, commandid=0, flags=0, conf_scale=0.000000, thre_scale=0.000000, PacketLength=25
[19:48:56]  [OK]CMD Packet Header: 0x18 0xf0 0xc0 0x0 0x0 0x12 0xe 0xcb
[19:49:00]  FDIR generated. scenarioid=0, commandid=0, flags=0, conf_scale=0.000000, thre_scale=0.000000, PacketLength=25
[19:49:00]  [OK]CMD Packet Header: 0x18 0xf0 0xc0 0x0 0x0 0x12 0xe 0xcb
[19:49:01]  Received AIOBC TM from port : 29.

[19:51:44]  [OK]CMD Packet Header: 0x18 0xf0 0xc0 0x0 0x0 0x1 0x1 0xd7
[19:51:45]  Received AIOBC TM from port : 29.

[19:51:58]  DataChunk generated. Magic=0x465A, RawDataLength=136, ChunkCRC32=0x773333E6, PacketCRC=0x45, PacketLength=154
[19:51:58]  [OK]CMD Packet Header: 0x18 0xf0 0xc0 0x0 0x0 0x93 0x5 0x45
[19:51:59]  Received AIOBC TM from port : 29.

[19:52:03]  [OK]CMD Packet Header: 0x18 0xf0 0xc0 0x0 0x0 0x1 0x7 0xd1
[19:52:04]  Received AIOBC TM from port : 29.

[19:52:07]  FDIR generated. scenarioid=0, commandid=0, flags=0, conf_scale=0.000000, thre_scale=0.000000, PacketLength=25
[19:52:07]  [OK]CMD Packet Header: 0x18 0xf0 0xc0 0x0 0x0 0x12 0xe 0xcb
[19:52:08]  Received AIOBC TM from port : 29.

[19:53:10]  FDIR generated. scenarioid=1, commandid=0, flags=0, conf_scale=0.000000, thre_scale=0.000000, PacketLength=25
[19:53:10]  [OK]CMD Packet Header: 0x18 0xf0 0xc0 0x0 0x0 0x12 0xe 0xca
[19:53:11]  Received AIOBC TM from port : 29.

[19:53:19]  [OK]CMD Packet Header: 0x18 0xf0 0xc0 0x0 0x0 0x1 0x7 0xd1
[19:53:19]  Received AIOBC TM from port : 29.

[19:53:24]  FDIR generated. scenarioid=1, commandid=0, flags=0, conf_scale=0.000000, thre_scale=0.000000, PacketLength=25
[19:53:24]  [OK]CMD Packet Header: 0x18 0xf0 0xc0 0x0 0x0 0x12 0xe 0xca
[19:53:24]  Received AIOBC TM from port : 29.

[19:53:40]  [OK]CMD Packet Header: 0x18 0xf0 0xc0 0x0 0x0 0x1 0x1 0xd7
[19:53:40]  Received AIOBC TM from port : 29.

[19:53:44]  DataChunk generated. Magic=0x465A, RawDataLength=136, ChunkCRC32=0x773333E6, PacketCRC=0x45, PacketLength=154
[19:53:44]  [OK]CMD Packet Header: 0x18 0xf0 0xc0 0x0 0x0 0x93 0x5 0x45
[19:53:45]  Received AIOBC TM from port : 29.

[19:53:50]  [OK]CMD Packet Header: 0x18 0xf0 0xc0 0x0 0x0 0x1 0x7 0xd1
[19:53:50]  Received AIOBC TM from port : 29.

[19:53:54]  FDIR generated. scenarioid=1, commandid=0, flags=0, conf_scale=0.000000, thre_scale=0.000000, PacketLength=25
[19:53:54]  [OK]CMD Packet Header: 0x18 0xf0 0xc0 0x0 0x0 0x12 0xe 0xca
[19:53:55]  Received AIOBC TM from port : 29.

[19:54:39]  [OK]CMD Packet Header: 0x18 0xf0 0xc0 0x0 0x0 0x1 0x1 0xd7
[19:54:39]  Received AIOBC TM from port : 29.

[19:54:44]  DataChunk generated. Magic=0x465A, RawDataLength=136, ChunkCRC32=0x773333E6, PacketCRC=0x45, PacketLength=154
[19:54:44]  [OK]CMD Packet Header: 0x18 0xf0 0xc0 0x0 0x0 0x93 0x5 0x45
[19:54:45]  Received AIOBC TM from port : 29.

[19:54:48]  [OK]CMD Packet Header: 0x18 0xf0 0xc0 0x0 0x0 0x1 0x7 0xd1
[19:54:49]  Received AIOBC TM from port : 29.

[19:54:53]  FDIR generated. scenarioid=1, commandid=0, flags=0, conf_scale=0.000000, thre_scale=0.000000, PacketLength=25
[19:54:53]  [OK]CMD Packet Header: 0x18 0xf0 0xc0 0x0 0x0 0x12 0xe 0xca
[19:54:54]  Received AIOBC TM from port : 29.

[19:55:01]  [OK]CMD Packet Header: 0x18 0xf0 0xc0 0x0 0x0 0x1 0x9 0xdf
[19:55:02]  Received AIOBC TM from port : 29.

[19:57:16]  [OK]CMD Packet Header: 0x18 0xf0 0xc0 0x0 0x0 0x1 0x1 0xd7
[19:57:17]  Received AIOBC TM from port : 29.

[19:57:24]  DataChunk generated. Magic=0x465A, RawDataLength=136, ChunkCRC32=0x773333E6, PacketCRC=0x45, PacketLength=154
[19:57:24]  [OK]CMD Packet Header: 0x18 0xf0 0xc0 0x0 0x0 0x93 0x5 0x45
[19:57:24]  Received AIOBC TM from port : 29.

[19:57:31]  [OK]CMD Packet Header: 0x18 0xf0 0xc0 0x0 0x0 0x1 0x7 0xd1
[19:57:32]  Received AIOBC TM from port : 29.

[19:57:38]  FDIR generated. scenarioid=1, commandid=0, flags=0, conf_scale=0.000000, thre_scale=0.000000, PacketLength=25
[19:57:38]  [OK]CMD Packet Header: 0x18 0xf0 0xc0 0x0 0x0 0x12 0xe 0xca
[19:57:38]  Received AIOBC TM from port : 29.

[19:57:47]  [OK]CMD Packet Header: 0x18 0xf0 0xc0 0x0 0x0 0x1 0x9 0xdf
[19:57:47]  Received AIOBC TM from port : 29.

