2026-03-10 12:15
[12:15:24]  Connect to Switch Box.............Success.
[12:15:24]  Connect to Rotator................Success.
[12:15:24]  Connect to GS100..................Success.
[12:15:24]  TM Port 13 bind success.
[12:15:24]  BCN Port 31 bind success.
[12:15:24]  RPT Port 25 bind success.
[12:15:24]  Event Port 27 bind success.
[12:15:24]  COSMIC Beacon Port 23 bind success.
[12:15:24]  COSMIC Report Port 24 bind success.
[12:16:07]  TLE "cubesat" Download Completed.
[12:16:12]  TLE "cubesat" Download Completed.
[12:17:51]  TLE "cubesat" Download Completed.
[12:17:53]  TLE "cubesat" Download Completed.
[12:18:12]  Start Engaging.
[12:18:12]  Tracking : Az 138, El 8.
[12:18:14]  Tracking : Az 138, El 8.
[12:18:14]  Start Doppler Correction.
[12:18:16]  Tracking : Az 138, El 8.
[12:18:17]  Forked Safe Amplifier Process.(ON, Timer)
[12:18:18]  Tracking : Az 137, El 8.
[12:18:20]  Tracking : Az 137, El 8.
[12:18:22]  Tracking : Az 137, El 8.
[12:18:24]  Ping Success at node 5, 475ms
[12:18:33]  Ping Success at node 3, 476ms
[12:18:43]  Ping Success at node 3, 475ms
[12:18:45]  Tracking : Az 135, El 11.
[12:19:04]  Tracking : Az 132, El 12.
[12:19:14]  Ping Success at node 5, 472ms
[12:19:16]  Ping Success at node 3, 465ms
[12:19:24]  Tracking : Az 130, El 15.
[12:19:38]  Tracking : Az 127, El 16.
[12:19:55]  Tracking : Az 124, El 18.
[12:20:09]  Tracking : Az 121, El 20.
[12:20:12]  [OK]CMD Packet Header: 0x18 0x23 0xc0 0x0 0x0 0x1 0x6 0x3
[12:20:13]  [OK]CMD Packet Header: 0x18 0x23 0xc0 0x0 0x0 0x1 0x6 0x3
[12:20:14]  [OK]CMD Packet Header: 0x18 0x23 0xc0 0x0 0x0 0x1 0x6 0x3
[12:20:22]  Tracking : Az 118, El 22.
[12:20:33]  Tracking : Az 115, El 23.
[12:20:46]  Tracking : Az 111, El 25.
[12:20:56]  Tracking : Az 108, El 26.
[12:21:04]  Tracking : Az 105, El 27.
[12:21:05]  [OK]CMD Packet Header: 0x18 0x20 0xc0 0x0 0x0 0x5 0x7 0xd
[12:21:07]  [OK]CMD Packet Header: 0x18 0x20 0xc0 0x0 0x0 0x5 0x7 0xd
[12:21:08]  [OK]CMD Packet Header: 0x18 0x20 0xc0 0x0 0x0 0x5 0x7 0xd
[12:21:09]  [OK]CMD Packet Header: 0x18 0x20 0xc0 0x0 0x0 0x5 0x7 0xd
[12:21:12]  Tracking : Az 102, El 28.
[12:21:19]  Tracking : Az 99, El 29.
[12:21:20]  [OK]CMD Packet Header: 0x18 0x23 0xc0 0x0 0x0 0x1 0x1b 0x1e
[12:21:21]  [OK]CMD Packet Header: 0x18 0x23 0xc0 0x0 0x0 0x8 0x2 0x18
[12:21:21]  [OK]CMD Packet Header: 0x18 0x19 0xc0 0x0 0x0 0x5 0x0 0x29
[12:21:22]  !!!!!!!!!Received COSMIC Beacon from port : 23.!!!!!!!!!

[12:21:25]  Tracking : Az 97, El 30.
[12:21:25]  [OK]CMD Packet Header: 0x18 0x23 0xc0 0x0 0x0 0x1 0x1b 0x1e
[12:21:26]  [OK]CMD Packet Header: 0x18 0x23 0xc0 0x0 0x0 0x8 0x2 0x18
[12:21:26]  [OK]CMD Packet Header: 0x18 0x19 0xc0 0x0 0x0 0x5 0x0 0x29
[12:21:27]  !!!!!!!!!Received COSMIC Beacon from port : 23.!!!!!!!!!

[12:21:31]  Tracking : Az 94, El 31.
[12:21:33]  [OK]CMD Packet Header: 0x18 0x23 0xc0 0x0 0x0 0x1 0x1b 0x1e
[12:21:33]  [OK]CMD Packet Header: 0x18 0x23 0xc0 0x0 0x0 0x8 0x2 0x18
[12:21:33]  [OK]CMD Packet Header: 0x18 0x19 0xc0 0x0 0x0 0x5 0x0 0x29
[12:21:34]  !!!!!!!!!Received COSMIC Beacon from port : 23.!!!!!!!!!

[12:21:37]  Tracking : Az 91, El 31.
[12:21:40]  !!!!!!!!!Received COSMIC Beacon from port : 23.!!!!!!!!!

[12:21:43]  Tracking : Az 88, El 32.
[12:21:44]  !!!!!!!!!Received COSMIC Beacon from port : 23.!!!!!!!!!

[12:21:46]  !!!!!!!!!Received COSMIC Beacon from port : 23.!!!!!!!!!

[12:21:51]  Tracking : Az 84, El 32.
[12:21:53]  [OK]CMD Packet Header: 0x18 0x85 0xc0 0x0 0x0 0x1 0x8 0xab
[12:21:55]  [OK]CMD Packet Header: 0x18 0x85 0xc0 0x0 0x0 0x1 0x8 0xab
[12:21:57]  Tracking : Az 81, El 33.
[12:21:57]  [OK]CMD Packet Header: 0x18 0x85 0xc0 0x0 0x0 0x1 0x8 0xab
[12:22:02]  [OK]CMD Packet Header: 0x18 0x85 0xc0 0x0 0x0 0x1 0x8 0xab
[12:22:03]  Tracking : Az 78, El 33.
[12:22:04]  [OK]CMD Packet Header: 0x18 0x85 0xc0 0x0 0x0 0x1 0x8 0xab
[12:22:06]  [OK]CMD Packet Header: 0x18 0x85 0xc0 0x0 0x0 0x1 0x8 0xab
[12:22:08]  Tracking : Az 75, El 33.
[12:22:14]  Tracking : Az 72, El 33.
[12:22:20]  Tracking : Az 69, El 33.
[12:22:26]  Tracking : Az 66, El 33.
[12:22:32]  Tracking : Az 63, El 33.
[12:22:38]  Tracking : Az 59, El 32.
[12:22:39]  [OK]CMD Packet Header: 0x18 0x23 0xc0 0x0 0x0 0x1 0x1b 0x1e
[12:22:39]  [OK]CMD Packet Header: 0x18 0x23 0xc0 0x0 0x0 0x8 0x2 0x18
[12:22:40]  [OK]CMD Packet Header: 0x18 0x19 0xc0 0x0 0x0 0x5 0x0 0x29
[12:22:40]  !!!!!!!!!Received COSMIC Beacon from port : 23.!!!!!!!!!

[12:22:42]  [OK]CMD Packet Header: 0x18 0x23 0xc0 0x0 0x0 0x1 0x1b 0x1e
[12:22:43]  [OK]CMD Packet Header: 0x18 0x23 0xc0 0x0 0x0 0x8 0x2 0x18
[12:22:43]  [OK]CMD Packet Header: 0x18 0x19 0xc0 0x0 0x0 0x5 0x0 0x29
[12:22:44]  !!!!!!!!!Received COSMIC Beacon from port : 23.!!!!!!!!!

[12:22:46]  Tracking : Az 55, El 32.
[12:22:48]  [OK]CMD Packet Header: 0x18 0x23 0xc0 0x0 0x0 0x1 0x1b 0x1e
[12:22:49]  [OK]CMD Packet Header: 0x18 0x23 0xc0 0x0 0x0 0x8 0x2 0x18
[12:22:49]  [OK]CMD Packet Header: 0x18 0x19 0xc0 0x0 0x0 0x5 0x0 0x29
[12:22:50]  !!!!!!!!!Received COSMIC Beacon from port : 23.!!!!!!!!!

[12:22:52]  Tracking : Az 52, El 31.
[12:22:54]  [OK]CMD Packet Header: 0x18 0x23 0xc0 0x0 0x0 0x1 0x1b 0x1e
[12:22:54]  [OK]CMD Packet Header: 0x18 0x23 0xc0 0x0 0x0 0x8 0x2 0x18
[12:22:54]  [OK]CMD Packet Header: 0x18 0x19 0xc0 0x0 0x0 0x5 0x0 0x29
[12:22:55]  !!!!!!!!!Received COSMIC Beacon from port : 23.!!!!!!!!!

[12:22:59]  Tracking : Az 49, El 31.
[12:23:05]  Tracking : Az 46, El 30.
[12:23:09]  [OK]CMD Packet Header: 0x18 0x85 0xc0 0x0 0x0 0x1 0x8 0xab
[12:23:12]  Tracking : Az 43, El 29.
[12:23:12]  [OK]CMD Packet Header: 0x18 0x85 0xc0 0x0 0x0 0x1 0x8 0xab
[12:23:13]  !!!!!!!!!Received COSMIC Report from port : 24.!!!!!!!!!

[12:23:15]  !!!!!!!!!Received COSMIC Report from port : 24.!!!!!!!!!

[12:23:17]  !!!!!!!!!Received COSMIC Report from port : 24.!!!!!!!!!

[12:23:17]  [OK]CMD Packet Header: 0x18 0x85 0xc0 0x0 0x0 0x1 0x8 0xab
[12:23:19]  !!!!!!!!!Received COSMIC Beacon from port : 23.!!!!!!!!!

[12:23:20]  Tracking : Az 40, El 28.
[12:23:21]  !!!!!!!!!Received COSMIC Beacon from port : 23.!!!!!!!!!

[12:23:23]  !!!!!!!!!Received COSMIC Report from port : 24.!!!!!!!!!

[12:23:25]  !!!!!!!!!Received COSMIC Report from port : 24.!!!!!!!!!

[12:23:27]  Tracking : Az 37, El 27.
[12:23:28]  !!!!!!!!!Received COSMIC Report from port : 24.!!!!!!!!!

[12:23:30]  !!!!!!!!!Received COSMIC Beacon from port : 23.!!!!!!!!!

[12:23:32]  !!!!!!!!!Received COSMIC Beacon from port : 23.!!!!!!!!!

[12:23:36]  Tracking : Az 34, El 26.
[12:23:44]  [OK]CMD Packet Header: 0x18 0x23 0xc0 0x0 0x0 0x1 0x1b 0x1e
[12:23:45]  [OK]CMD Packet Header: 0x18 0x23 0xc0 0x0 0x0 0x8 0x2 0x18
[12:23:45]  Tracking : Az 31, El 25.
[12:23:45]  [OK]CMD Packet Header: 0x18 0x19 0xc0 0x0 0x0 0x5 0x0 0x29
[12:23:46]  !!!!!!!!!Received COSMIC Beacon from port : 23.!!!!!!!!!

[12:23:52]  [OK]CMD Packet Header: 0x18 0x23 0xc0 0x0 0x0 0x1 0x1b 0x1e
[12:23:52]  [OK]CMD Packet Header: 0x18 0x23 0xc0 0x0 0x0 0x8 0x2 0x18
[12:23:53]  [OK]CMD Packet Header: 0x18 0x19 0xc0 0x0 0x0 0x5 0x0 0x29
[12:23:53]  !!!!!!!!!Received COSMIC Beacon from port : 23.!!!!!!!!!

[12:23:55]  Tracking : Az 28, El 24.
[12:23:55]  !!!!!!!!!Received COSMIC Beacon from port : 23.!!!!!!!!!

[12:23:59]  !!!!!!!!!Received COSMIC Beacon from port : 23.!!!!!!!!!

[12:23:59]  [OK]CMD Packet Header: 0x18 0x23 0xc0 0x0 0x0 0x1 0x1b 0x1e
[12:23:59]  [OK]CMD Packet Header: 0x18 0x23 0xc0 0x0 0x0 0x8 0x2 0x18
[12:24:00]  [OK]CMD Packet Header: 0x18 0x19 0xc0 0x0 0x0 0x5 0x0 0x29
[12:24:01]  !!!!!!!!!Received COSMIC Beacon from port : 23.!!!!!!!!!

[12:24:03]  !!!!!!!!!Received COSMIC Beacon from port : 23.!!!!!!!!!

[12:24:05]  Tracking : Az 26, El 22.
[12:24:05]  !!!!!!!!!Received COSMIC Beacon from port : 23.!!!!!!!!!

[12:24:07]  [OK]CMD Packet Header: 0x18 0x23 0xc0 0x0 0x0 0x1 0x1b 0x1e
[12:24:07]  [OK]CMD Packet Header: 0x18 0x23 0xc0 0x0 0x0 0x8 0x2 0x18
[12:24:07]  [OK]CMD Packet Header: 0x18 0x19 0xc0 0x0 0x0 0x5 0x0 0x29
[12:24:08]  !!!!!!!!!Received COSMIC Beacon from port : 23.!!!!!!!!!

[12:24:14]  [OK]CMD Packet Header: 0x18 0x23 0xc0 0x0 0x0 0x1 0x1b 0x1e
[12:24:14]  [OK]CMD Packet Header: 0x18 0x23 0xc0 0x0 0x0 0x8 0x2 0x18
[12:24:15]  [OK]CMD Packet Header: 0x18 0x19 0xc0 0x0 0x0 0x5 0x0 0x29
[12:24:15]  !!!!!!!!!Received COSMIC Beacon from port : 23.!!!!!!!!!

[12:24:18]  Tracking : Az 22, El 21.
[12:24:24]  [OK]CMD Packet Header: 0x18 0x23 0xc0 0x0 0x0 0x1 0x1b 0x1e
[12:24:24]  [OK]CMD Packet Header: 0x18 0x23 0xc0 0x0 0x0 0x8 0x2 0x18
[12:24:25]  [OK]CMD Packet Header: 0x18 0x19 0xc0 0x0 0x0 0x5 0x0 0x29
[12:24:26]  !!!!!!!!!Received COSMIC Beacon from port : 23.!!!!!!!!!

[12:24:32]  Tracking : Az 19, El 19.
[12:24:34]  [OK]CMD Packet Header: 0x18 0x23 0xc0 0x0 0x0 0x1 0x1b 0x1e
[12:24:34]  [OK]CMD Packet Header: 0x18 0x23 0xc0 0x0 0x0 0x8 0x2 0x18
[12:24:35]  [OK]CMD Packet Header: 0x18 0x19 0xc0 0x0 0x0 0x5 0x0 0x29
[12:24:36]  !!!!!!!!!Received COSMIC Beacon from port : 23.!!!!!!!!!

[12:24:39]  [OK]CMD Packet Header: 0x18 0x23 0xc0 0x0 0x0 0x1 0x1b 0x1e
[12:24:39]  [OK]CMD Packet Header: 0x18 0x23 0xc0 0x0 0x0 0x8 0x2 0x18
[12:24:40]  [OK]CMD Packet Header: 0x18 0x19 0xc0 0x0 0x0 0x5 0x0 0x29
[12:24:44]  !!!!!!!!!Received COSMIC Beacon from port : 23.!!!!!!!!!

[12:24:44]  [OK]CMD Packet Header: 0x18 0x23 0xc0 0x0 0x0 0x1 0x1b 0x1e
[12:24:45]  [OK]CMD Packet Header: 0x18 0x23 0xc0 0x0 0x0 0x8 0x2 0x18
[12:24:45]  [OK]CMD Packet Header: 0x18 0x19 0xc0 0x0 0x0 0x5 0x0 0x29
[12:24:46]  !!!!!!!!!Received COSMIC Beacon from port : 23.!!!!!!!!!

[12:24:48]  Tracking : Az 16, El 17.
[12:24:48]  !!!!!!!!!Received COSMIC Beacon from port : 23.!!!!!!!!!

[12:24:54]  [OK]CMD Packet Header: 0x18 0x85 0xc0 0x0 0x0 0x1 0x9 0xaa
[12:24:56]  [OK]CMD Packet Header: 0x18 0x85 0xc0 0x0 0x0 0x1 0x9 0xaa
[12:24:58]  [OK]CMD Packet Header: 0x18 0x85 0xc0 0x0 0x0 0x1 0x9 0xaa
[12:25:00]  [OK]CMD Packet Header: 0x18 0x85 0xc0 0x0 0x0 0x1 0x9 0xaa
[12:25:02]  [OK]CMD Packet Header: 0x18 0x85 0xc0 0x0 0x0 0x1 0x9 0xaa
[12:25:04]  [OK]CMD Packet Header: 0x18 0x85 0xc0 0x0 0x0 0x1 0x9 0xaa
[12:25:06]  [OK]CMD Packet Header: 0x18 0x85 0xc0 0x0 0x0 0x1 0x9 0xaa
[12:25:06]  Tracking : Az 13, El 15.
[12:25:07]  [OK]CMD Packet Header: 0x18 0x85 0xc0 0x0 0x0 0x1 0x9 0xaa
[12:25:10]  [OK]CMD Packet Header: 0x18 0x85 0xc0 0x0 0x0 0x1 0x9 0xaa
[12:25:11]  [OK]CMD Packet Header: 0x18 0x85 0xc0 0x0 0x0 0x1 0x9 0xaa
[12:25:13]  [OK]CMD Packet Header: 0x18 0x85 0xc0 0x0 0x0 0x1 0x9 0xaa
[12:25:21]  [OK]CMD Packet Header: 0x18 0x23 0xc0 0x0 0x0 0x1 0x1b 0x1e
[12:25:22]  [OK]CMD Packet Header: 0x18 0x23 0xc0 0x0 0x0 0x8 0x2 0x18
[12:25:22]  [OK]CMD Packet Header: 0x18 0x19 0xc0 0x0 0x0 0x5 0x0 0x29
[12:25:27]  [OK]CMD Packet Header: 0x18 0x23 0xc0 0x0 0x0 0x1 0x1b 0x1e
[12:25:28]  [OK]CMD Packet Header: 0x18 0x23 0xc0 0x0 0x0 0x8 0x2 0x18
[12:25:28]  Tracking : Az 10, El 13.
[12:25:28]  [OK]CMD Packet Header: 0x18 0x19 0xc0 0x0 0x0 0x5 0x0 0x29
[12:25:34]  [OK]CMD Packet Header: 0x18 0x23 0xc0 0x0 0x0 0x1 0x1b 0x1e
[12:25:34]  [OK]CMD Packet Header: 0x18 0x23 0xc0 0x0 0x0 0x8 0x2 0x18
[12:25:35]  [OK]CMD Packet Header: 0x18 0x19 0xc0 0x0 0x0 0x5 0x0 0x29
[12:25:41]  [OK]CMD Packet Header: 0x18 0x23 0xc0 0x0 0x0 0x1 0x1b 0x1e
[12:25:42]  [OK]CMD Packet Header: 0x18 0x23 0xc0 0x0 0x0 0x8 0x2 0x18
[12:25:42]  [OK]CMD Packet Header: 0x18 0x19 0xc0 0x0 0x0 0x5 0x0 0x29
[12:25:45]  Tracking : Az 8, El 11.
[12:25:49]  Ping Failed at node 3.
[12:25:53]  Ping Failed.
[12:26:03]  Ping Failed.
[12:26:15]  Tracking : Az 5, El 8.
[12:26:16]  Ping Failed.
[12:26:21]  Ping Failed.
[12:26:25]  Ping Failed.
[12:26:33]  Ping Failed.
[12:26:37]  Ping Failed.
[12:26:40]  Tracking : Az 3, El 6.
[12:26:46]  Ping Failed.
[12:26:52]  Ping Failed.
[12:26:56]  Ping Failed.
[12:27:03]  Forked Safe Amplifier Process. (OFF)
[12:27:07]  Finish Engaging.
[12:27:07]  Beacon Success : 0, Ping Success : 5
[12:27:13]  Tracking : Az 0, El 0.
