2026-07-03 21:14
[21:14:39]  Connect to Switch Box..............Failed.
[21:14:39]  Connect to Rotator.................Failed.
[21:14:39]  Connect to GS100..................Success.
[21:14:39]  BEE-1000 BCN Port 31 bind success.
[21:14:39]  BEE-1000 RPT Port 25 bind success.
[21:14:39]  BEE-1000 Event Port 27 bind success.
[21:14:39]  BEE-100 FM Port 23 bind success.
[21:14:39]  UEL-Y-Sys. BCN Port 12 bind success.
[21:14:39]  UEL-Y-Sys. RPT Port 10 bind success.
[21:14:39]  Rotator Read Failed. Please Check Again.
[21:14:39]  UEL-Y-Sys. Event Port 11 bind success.
[21:14:39]  UEL-Y-Sys. FM Port 14 bind success.
[21:14:39]  BEE-1012 BCN Port 17 bind success.
[21:14:39]  BEE-1012 RPT Port 15 bind success.
[21:14:39]  BEE-1012 Event Port 16 bind success.
[21:14:39]  BEE-1012 FM Port 18 bind success.
[21:14:39]  BEE-1012 AIOBC Port 29 bind success.
[21:14:46]  Ping Success at node 5, 430ms
[21:15:36]  FTP_OLD_UPLOAD received legacy shared ftpinfo argument; pre-start pthread_create race remains until caller uses miman_ftp_create_worker_arg().
[21:15:37]  Start FTP OLD UPLOAD id=1.
[21:15:37]  [FTP_OLD_TEST][id=1][UPLOAD] begin local=file://./jane.so remote=file://./cf/jane.so host=10 port=9 chunk=180
[21:15:37]  [FTP_OLD_TEST][id=1][UPLOAD][ERROR] retcode=-2001
[21:15:37]  [FTP_OLD_TEST][id=1][UPLOAD] cleanup_done=1
[21:16:03]  FTP_OLD_UPLOAD received legacy shared ftpinfo argument; pre-start pthread_create race remains until caller uses miman_ftp_create_worker_arg().
[21:16:03]  Start FTP OLD UPLOAD id=2.
[21:16:03]  [FTP_OLD_TEST][id=2][UPLOAD] begin local=file://./0702jane.so remote=file://./cf/jane.so host=10 port=9 chunk=180
[21:16:03]  Received FTP Upload Spec.
[21:16:03]  Received FTP Upload File Spec. Filesize : 45908, CRC : 2142142446.
[21:16:07]  Received FTP Status Reply.
[21:16:07]  Start FTP Uplink. Total Chunk Size : 256
[21:16:07]  Upload : 0/256
[21:16:07]  [FTP_OLD_TEST][id=2][UPLOAD] progress 0/256 chunk=180
[21:16:09]  Upload : 1/256
[21:16:09]  [FTP_OLD_TEST][id=2][UPLOAD] progress 1/256 chunk=180
[21:16:10]  Upload : 2/256
[21:16:10]  [FTP_OLD_TEST][id=2][UPLOAD] progress 2/256 chunk=180
[21:16:12]  Upload : 3/256
[21:16:12]  [FTP_OLD_TEST][id=2][UPLOAD] progress 3/256 chunk=180
[21:16:13]  Upload : 4/256
[21:16:13]  [FTP_OLD_TEST][id=2][UPLOAD] progress 4/256 chunk=180
[21:16:15]  Upload : 5/256
[21:16:15]  [FTP_OLD_TEST][id=2][UPLOAD] progress 5/256 chunk=180
[21:16:16]  Upload : 6/256
[21:16:16]  [FTP_OLD_TEST][id=2][UPLOAD] progress 6/256 chunk=180
[21:16:18]  Upload : 7/256
[21:16:18]  [FTP_OLD_TEST][id=2][UPLOAD] progress 7/256 chunk=180
[21:16:19]  Upload : 8/256
[21:16:19]  [FTP_OLD_TEST][id=2][UPLOAD] progress 8/256 chunk=180
[21:16:21]  Upload : 9/256
[21:16:21]  [FTP_OLD_TEST][id=2][UPLOAD] progress 9/256 chunk=180
[21:16:22]  Upload : 10/256
[21:16:22]  [FTP_OLD_TEST][id=2][UPLOAD] progress 10/256 chunk=180
[21:16:34]  Upload : 11/256
[21:16:34]  [FTP_OLD_TEST][id=2][UPLOAD] progress 11/256 chunk=180
[21:16:35]  Upload : 12/256
[21:16:35]  [FTP_OLD_TEST][id=2][UPLOAD] progress 12/256 chunk=180
[21:16:37]  Upload : 13/256
[21:16:37]  [FTP_OLD_TEST][id=2][UPLOAD] progress 13/256 chunk=180
[21:16:38]  Upload : 14/256
[21:16:38]  [FTP_OLD_TEST][id=2][UPLOAD] progress 14/256 chunk=180
[21:16:40]  Upload : 15/256
[21:16:40]  [FTP_OLD_TEST][id=2][UPLOAD] progress 15/256 chunk=180
[21:16:42]  Upload : 16/256
[21:16:42]  [FTP_OLD_TEST][id=2][UPLOAD] progress 16/256 chunk=180
[21:17:44]  [FTP_OLD_TEST][id=2][UPLOAD][ERROR] retcode=-2004
[21:17:44]  [FTP_OLD_TEST][id=2][UPLOAD] cleanup_done=1
[21:17:44]  FTP_OLD_DOWNLOAD received legacy shared ftpinfo argument; pre-start pthread_create race remains until caller uses miman_ftp_create_worker_arg().
[21:17:44]  Start FTP OLD DOWNLOAD id=3.
[21:17:44]  [FTP_OLD_TEST][id=3][DOWNLOAD] begin local=file://./killyou.so remote=file://./cf/hk_cpy_tbl.tbl host=10 port=9 chunk=180
