2025-12-29 13:17
[13:17:22]  Connect to Switch Box.............Success.
[13:17:22]  Connect to Rotator................Success.
[13:17:22]  Connect to GS100..................Success.
[13:17:22]  TM Port 13 bind success.
[13:17:22]  BCN Port 31 bind success.
[13:17:22]  RPT Port 25 bind success.
[13:17:22]  Event Port 27 bind success.
[13:17:22]  COSMIC Beacon Port 23 bind success.
[13:17:22]  COSMIC Report Port 24 bind success.
[13:19:50]  TLE "cubesat" Download Completed.
[13:33:01]  Start Engaging.
[13:33:01]  Tracking : Az 192, El 0.
[13:33:03]  Tracking : Az 192, El 0.
[13:33:04]  Start Doppler Correction.
[13:33:05]  Tracking : Az 192, El 0.
[13:33:07]  Tracking : Az 192, El 0.
[13:33:08]  Forked Safe Amplifier Process.(ON, Timer)
[13:33:09]  Tracking : Az 192, El 0.
[13:33:11]  Tracking : Az 192, El 1.
[13:33:13]  Tracking : Az 192, El 1.
[13:33:15]  Tracking : Az 193, El 1.
[13:33:17]  Tracking : Az 193, El 1.
[13:33:19]  Tracking : Az 193, El 1.
[13:33:21]  Tracking : Az 193, El 1.
[13:33:23]  Tracking : Az 193, El 1.
[13:33:25]  Tracking : Az 193, El 1.
[13:33:25]  Ping Failed.
[13:33:27]  Tracking : Az 193, El 2.
[13:33:29]  Tracking : Az 194, El 2.
[13:33:31]  Tracking : Az 194, El 2.
[13:33:33]  Tracking : Az 194, El 2.
[13:33:52]  Ping Success at node 5, 478ms
[13:33:57]  Tracking : Az 196, El 4.
[13:34:05]  [OK]CMD Packet Header: 0x18 0x75 0xc0 0x0 0x0 0x1 0x14 0x47
[13:34:06]  Received Report from port : 25.
[13:34:08]  Received Report from port : 25.
[13:34:10]  Received Report from port : 25.
[13:34:25]  Tracking : Az 198, El 6.
[13:34:28]  [OK]CMD Packet Header: 0x18 0x75 0xc0 0x0 0x0 0x1 0x17 0x44
[13:34:29]  Received Report from port : 25.
[13:34:31]  Received Report from port : 25.
[13:34:45]  [OK]CMD Packet Header: 0x18 0x75 0xc0 0x0 0x0 0x1 0x17 0x0
[13:34:46]  Received Report from port : 25.
[13:34:48]  Received Report from port : 25.
[13:34:50]  Received Report from port : 25.
[13:34:53]  Tracking : Az 201, El 8.
[13:34:58]  [OK]CMD Packet Header: 0x18 0x75 0xc0 0x0 0x0 0x1 0x1a 0x49
[13:34:59]  Received Report from port : 25.
[13:35:01]  Received Report from port : 25.
[13:35:03]  Received Report from port : 25.
[13:35:17]  Tracking : Az 203, El 10.
[13:35:31]  Tracking : Az 205, El 11.
[13:35:49]  [OK]CMD Packet Header: 0x18 0x75 0xc0 0x0 0x0 0x1 0x14 0x47
[13:35:49]  Tracking : Az 208, El 12.
[13:35:50]  Received Report from port : 25.
[13:35:52]  Received Report from port : 25.
[13:35:54]  Received Report from port : 25.
[13:36:07]  Tracking : Az 211, El 14.
[13:36:11]  AX100 Boot Count : 188
[13:36:24]  Tracking : Az 214, El 16.
[13:36:38]  Tracking : Az 217, El 17.
[13:36:40]  [OK]CMD Packet Header: 0x18 0x75 0xc0 0x0 0x0 0x5 0x1e 0xa2
[13:36:52]  Tracking : Az 220, El 19.
[13:36:54]  [OK]CMD Packet Header: 0x18 0x75 0xc0 0x0 0x0 0x5 0x1e 0xa2
[13:36:58]  Ping Success at node 5, 473ms
[13:37:00]  Tracking : Az 222, El 19.
[13:37:05]  [OK]CMD Packet Header: 0x18 0x75 0xc0 0x0 0x0 0x5 0x1e 0xa2
[13:37:05]  Received Report from port : 25.
[13:37:07]  Received Report from port : 25.
[13:37:09]  Received Report from port : 25.
[13:37:11]  Tracking : Az 225, El 21.
[13:37:22]  Tracking : Az 228, El 22.
[13:37:32]  Tracking : Az 231, El 23.
[13:37:38]  Tracking : Az 233, El 23.
[13:37:47]  Tracking : Az 236, El 24.
[13:37:47]  [OK]CMD Packet Header: 0x18 0x50 0xc0 0x0 0x0 0x1 0x6 0x70
[13:37:48]  Received Report from port : 25.
[13:37:50]  Received Report from port : 25.
[13:37:52]  Received Report from port : 25.
[13:37:58]  Tracking : Az 240, El 25.
[13:38:06]  Tracking : Az 243, El 26.
[13:38:08]  [OK]CMD Packet Header: 0x18 0x75 0xc0 0x0 0x0 0x1 0x14 0x47
[13:38:09]  Received Report from port : 25.
[13:38:11]  Received Report from port : 25.
[13:38:13]  Received Report from port : 25.
[13:38:14]  Tracking : Az 246, El 26.
[13:38:21]  Tracking : Az 249, El 27.
[13:38:28]  Tracking : Az 252, El 27.
[13:38:35]  Tracking : Az 255, El 27.
[13:38:42]  Tracking : Az 258, El 27.
[13:38:49]  Tracking : Az 261, El 27.
[13:38:56]  Tracking : Az 264, El 27.
[13:39:03]  Tracking : Az 267, El 27.
[13:39:09]  Tracking : Az 269, El 27.
[13:39:15]  Tracking : Az 272, El 27.
[13:39:22]  Tracking : Az 275, El 27.
[13:39:29]  Tracking : Az 278, El 27.
[13:39:36]  Tracking : Az 281, El 26.
[13:39:44]  Tracking : Az 284, El 26.
[13:39:52]  Tracking : Az 287, El 25.
[13:40:00]  Tracking : Az 290, El 24.
[13:40:09]  Tracking : Az 293, El 23.
[13:40:18]  Tracking : Az 296, El 23.
[13:40:26]  [OK]CMD Packet Header: 0x18 0x15 0xc0 0x0 0x0 0x45 0xa 0x7b
[13:40:27]  !!!!!!!!!Received COSMIC Beacon from port : 23.!!!!!!!!!

[13:40:28]  Tracking : Az 299, El 22.
[13:40:38]  Tracking : Az 302, El 21.
[13:40:50]  Tracking : Az 305, El 19.
[13:41:02]  Tracking : Az 308, El 18.
[13:41:16]  Tracking : Az 311, El 17.
[13:41:31]  Tracking : Az 314, El 15.
[13:41:48]  Tracking : Az 317, El 14.
[13:42:08]  Tracking : Az 320, El 12.
[13:42:30]  Tracking : Az 323, El 10.
[13:42:56]  Tracking : Az 326, El 8.
[13:43:24]  [OK]CMD Packet Header: 0x18 0x15 0xc0 0x0 0x0 0x45 0xa 0x4c
[13:43:26]  Tracking : Az 328, El 5.
[13:43:50]  Ping Failed.
[13:43:51]  Tracking : Az 331, El 4.
[13:43:54]  Ping Failed.
[13:44:08]  Ping Failed.
[13:44:11]  Ping Failed.
[13:44:14]  Ping Failed.
[13:44:17]  Ping Failed.
[13:44:20]  Ping Failed.
[13:44:23]  Ping Failed.
[13:44:26]  Ping Failed.
[13:44:29]  Ping Failed.
[13:44:32]  Ping Failed.
[13:44:33]  Tracking : Az 334, El 1.
[13:44:35]  Ping Failed.
[13:44:37]  Ping Failed.
[13:44:44]  Forked Safe Amplifier Process. (OFF)
[13:44:50]  Finish Engaging.
[13:44:50]  Beacon Success : 0, Ping Success : 2
[13:44:53]  Tracking : Az 0, El 0.
