2026-01-08 12:48
[12:48:35]  Connect to Switch Box.............Success.
[12:48:35]  Connect to Rotator................Success.
[12:48:35]  Connect to GS100..................Success.
[12:48:35]  TM Port 13 bind success.
[12:48:35]  BCN Port 31 bind success.
[12:48:35]  RPT Port 25 bind success.
[12:48:35]  Event Port 27 bind success.
[12:48:35]  COSMIC Beacon Port 23 bind success.
[12:48:35]  COSMIC Report Port 24 bind success.
[12:48:52]  TLE "cubesat" Download Completed.
[12:48:59]  Start Engaging.
[12:48:59]  Tracking : Az 156, El 31.
[12:49:01]  Start Doppler Correction.
[12:49:01]  Tracking : Az 156, El 31.
[12:49:03]  Forked Safe Amplifier Process.(ON, Timer)
[12:49:03]  Tracking : Az 156, El 32.
[12:49:05]  Tracking : Az 155, El 32.
[12:49:07]  Tracking : Az 155, El 33.
[12:49:09]  Tracking : Az 155, El 34.
[12:49:11]  Tracking : Az 155, El 34.
[12:49:13]  Tracking : Az 155, El 35.
[12:49:15]  Tracking : Az 154, El 35.
[12:49:17]  Tracking : Az 154, El 36.
[12:49:19]  Tracking : Az 154, El 37.
[12:49:21]  Tracking : Az 154, El 37.
[12:49:23]  Tracking : Az 154, El 38.
[12:49:25]  Tracking : Az 153, El 39.
[12:49:29]  Ping Success at node 5, 456ms
[12:49:31]  Ping Success at node 5, 461ms
[12:49:33]  Ping Success at node 5, 456ms
[12:49:34]  Tracking : Az 152, El 42.
[12:49:37]  AX100 Boot Count : 22242
[12:49:37]  Tracking : Az 151, El 43.
[12:49:41]  Remote Param Control OK.(No Reply)
[12:49:44]  Tracking : Az 150, El 46.
[12:49:47]  Cannot Load Remote Parameter.
[12:49:47]  Tracking : Az 149, El 47.
[12:49:51]  Cannot Load Remote Parameter.
[12:49:54]  Ping Failed.
[12:49:54]  Tracking : Az 148, El 50.
[12:49:56]  Tracking : Az 147, El 51.
[12:49:57]  Ping Success at node 5, 468ms
[12:50:01]  Cannot Load Remote Parameter.
[12:50:02]  Tracking : Az 145, El 54.
[12:50:03]  Ping Success at node 5, 457ms
[12:50:04]  Tracking : Az 144, El 55.
[12:50:06]  Remote Param Control OK. csp_rtable : 0/0 AX100, 3/5 CAN, 6/5 CAN
[12:50:11]  Tracking : Az 141, El 58.
[12:50:13]  Tracking : Az 140, El 59.
[12:50:17]  Ping Failed at node 3.
[12:50:18]  Tracking : Az 137, El 62.
[12:50:20]  Tracking : Az 136, El 63.
[12:50:21]  Ping Failed at node 3.
[12:50:24]  Ping Failed.
[12:50:25]  Tracking : Az 132, El 65.
[12:50:27]  Ping Success at node 5, 463ms
[12:50:27]  Tracking : Az 130, El 66.
[12:50:30]  Tracking : Az 127, El 68.
[12:50:33]  Ping Failed at node 3.
[12:50:33]  Tracking : Az 123, El 69.
[12:50:34]  Ping Success at node 5, 459ms
[12:50:35]  Tracking : Az 120, El 70.
[12:50:37]  Tracking : Az 117, El 71.
[12:50:39]  Ping Failed at node 3.
[12:50:39]  Tracking : Az 114, El 72.
[12:50:41]  Ping Success at node 5, 456ms
[12:50:41]  Tracking : Az 110, El 73.
[12:50:43]  Tracking : Az 106, El 73.
[12:50:45]  Tracking : Az 101, El 74.
[12:50:46]  Ping Failed at node 3.
[12:50:47]  Tracking : Az 96, El 75.
[12:50:49]  AX100 Boot Count : 22242
[12:50:49]  Tracking : Az 91, El 75.
[12:50:51]  Remote Param Control OK. rssi_busy : 0
[12:50:51]  Tracking : Az 85, El 75.
[12:50:53]  Total RX Bytes : 65467
[12:50:53]  Tracking : Az 80, El 76.
[12:50:55]  Remote Param Control OK. can_en : true
[12:50:55]  Tracking : Az 74, El 76.
[12:50:56]  Remote Param Control OK. tx_inhibit : 0
[12:50:57]  Tracking : Az 68, El 75.
[12:50:58]  Remote Param Control OK. tx_pwr : 3
[12:50:59]  Tracking : Az 62, El 75.
[12:51:00]  Remote Param Control OK. csp_rtable : 0/0 AX100, 3/5 CAN, 6/5 CAN
[12:51:01]  Tracking : Az 57, El 75.
[12:51:02]  Remote Param Control OK. Active Conf : 1
[12:51:03]  Remote Param Control OK. Last RSSI : -93
[12:51:03]  Tracking : Az 52, El 74.
[12:51:05]  Tracking : Az 47, El 74.
[12:51:06]  Remote Param Control OK. rx_guard : 0
[12:51:07]  Tracking : Az 43, El 73.
[12:51:08]  Remote Param Control OK. tx_guard : 50
[12:51:09]  Tracking : Az 39, El 72.
[12:51:10]  Remote Param Control OK. rx_baud : 4800
[12:51:11]  Remote Param Control OK. tx_baud : 4800
[12:51:11]  Tracking : Az 35, El 71.
[12:51:13]  Remote Param Control OK.(No Reply)
[12:51:13]  Tracking : Az 32, El 70.
[12:51:15]  Tracking : Az 29, El 70.
[12:51:16]  Ping Success at node 5, 466ms
[12:51:17]  Tracking : Az 27, El 69.
[12:51:19]  Tracking : Az 24, El 68.
[12:51:20]  Ping Failed at node 3.
[12:51:21]  Tracking : Az 22, El 67.
[12:51:24]  Tracking : Az 19, El 65.
[12:51:26]  Tracking : Az 17, El 64.
[12:51:29]  Forked Safe Amplifier Process. (OFF)
[12:51:31]  Tracking : Az 14, El 61.
[12:51:33]  Tracking : Az 13, El 60.
[12:51:35]  Finish Engaging.
[12:51:35]  Beacon Success : 0, Ping Success : 9
[12:51:35]  Start Engaging.
[12:51:37]  Finish Engaging.
[12:51:37]  Beacon Success : 0, Ping Success : 0
[12:51:39]  Tracking : Az 0, El 0.
