2026-01-09 18:42
[18:42:17]  Connect to Switch Box.............Success.
[18:42:17]  Connect to Rotator................Success.
[18:42:17]  Connect to GS100..................Success.
[18:42:17]  TM Port 13 bind success.
[18:42:17]  BCN Port 31 bind success.
[18:42:17]  RPT Port 25 bind success.
[18:42:17]  Event Port 27 bind success.
[18:42:17]  COSMIC Beacon Port 23 bind success.
[18:42:17]  COSMIC Report Port 24 bind success.
[18:42:27]  TLE "cubesat" Download Completed.
[18:42:42]  Generated Command Message.
[18:42:42]  Generated Command Message.
[18:42:42]  Generated Command Message.
[18:42:43]  Generated Command Message.
[18:42:43]  Generated Command Message.
[18:42:52]  [Auto]Start AutoPilot.
[18:42:52]  [Auto]Start Autopilot. Next Valuable AOS : 1/9 18:54:46
[18:42:52]  [Auto]Max Elevation : 28.51° Please Keep Devices On.
[18:49:46]  [Auto]Start Engaging.
[18:49:46]  Tracking : Az 193, El 0.
[18:49:46]  [Auto]Start Doppler Correction.
[18:49:48]  Tracking : Az 193, El 0.
[18:49:50]  Tracking : Az 193, El 0.
[18:49:52]  Tracking : Az 193, El 0.
[18:49:54]  Tracking : Az 193, El 0.
[18:49:56]  Tracking : Az 193, El 0.
[18:49:58]  Tracking : Az 193, El 0.
[18:50:00]  Tracking : Az 193, El 0.
[18:50:02]  Tracking : Az 193, El 0.
[18:50:04]  Tracking : Az 193, El 0.
[18:50:06]  Tracking : Az 193, El 0.
[18:50:08]  Tracking : Az 193, El 0.
[18:50:10]  Tracking : Az 193, El 0.
[18:50:12]  Tracking : Az 193, El 0.
[18:50:14]  Tracking : Az 193, El 0.
[18:50:16]  Tracking : Az 193, El 0.
[18:50:18]  Tracking : Az 193, El 0.
[18:55:12]  Tracking : Az 195, El 1.
[18:55:52]  Tracking : Az 197, El 4.
[18:55:54]  Tracking : Az 197, El 4.
[18:56:23]  Tracking : Az 199, El 6.
[18:56:50]  Tracking : Az 202, El 7.
[18:57:07]  Tracking : Az 203, El 9.
[18:57:32]  Tracking : Az 206, El 10.
[18:57:34]  Tracking : Az 206, El 11.
[18:57:58]  Tracking : Az 209, El 12.
[18:58:00]  Tracking : Az 209, El 13.
[18:58:21]  Tracking : Az 212, El 14.
[18:58:23]  Tracking : Az 212, El 14.
[18:58:41]  Tracking : Az 215, El 16.
[18:58:59]  Tracking : Az 218, El 17.
[18:59:21]  Tracking : Az 222, El 19.
[18:59:23]  Tracking : Az 222, El 20.
[18:59:41]  Tracking : Az 226, El 21.
[18:59:43]  Tracking : Az 226, El 21.
[18:59:54]  Tracking : Az 229, El 22.
[18:59:56]  Tracking : Az 229, El 22.
[19:00:07]  Tracking : Az 232, El 23.
[19:00:18]  Tracking : Az 235, El 24.
[19:00:30]  Tracking : Az 238, El 25.
[19:00:33]  Tracking : Az 239, El 25.
[19:00:45]  Tracking : Az 242, El 26.
[19:00:47]  Tracking : Az 243, El 26.
[19:00:57]  Tracking : Az 246, El 27.
[19:00:59]  Tracking : Az 246, El 27.
[19:01:04]  [Auto]Autopilot Stopped by User.
[19:01:04]  [Auto]Stop Doppler Correction.
[19:01:04]  [Auto]Finish Engaging.
[19:01:04]  Tracking : Az 0, El 0.
[19:01:05]  [Auto]Beacon Success : 0, Ping Success : 0 CMD Success : 0
