2026-01-30 12:31
[12:31:20]  Connect to Switch Box.............Success.
[12:31:20]  Connect to Rotator................Success.
[12:31:20]  Connect to GS100..................Success.
[12:31:20]  TM Port 13 bind success.
[12:31:20]  BCN Port 31 bind success.
[12:31:20]  RPT Port 25 bind success.
[12:31:20]  Event Port 27 bind success.
[12:31:20]  COSMIC Beacon Port 23 bind success.
[12:31:20]  COSMIC Report Port 24 bind success.
[12:31:40]  TLE "active" Download Completed.
[12:40:41]  Start Engaging.
[12:40:41]  Tracking : Az 186, El 0.
[12:40:43]  Tracking : Az 186, El 0.
[12:40:43]  Start Doppler Correction.
[12:40:45]  Tracking : Az 186, El 0.
[12:40:47]  Tracking : Az 186, El 0.
[12:40:49]  Tracking : Az 186, El 0.
[12:40:51]  Tracking : Az 186, El 0.
[12:40:53]  Tracking : Az 186, El 0.
[12:40:55]  Tracking : Az 186, El 0.
[12:40:57]  Tracking : Az 186, El 0.
[12:40:59]  Tracking : Az 186, El 0.
[12:41:01]  Tracking : Az 186, El 0.
[12:41:03]  Tracking : Az 186, El 0.
[12:41:05]  Tracking : Az 186, El 0.
[12:41:07]  Tracking : Az 186, El 0.
[12:41:09]  Tracking : Az 186, El 0.
[12:41:11]  Tracking : Az 186, El 0.
[12:41:13]  Tracking : Az 186, El 0.
[13:23:25]  Forked Safe Amplifier Process.(ON, Timer)
[13:23:37]  Ping Success at node 5, 467ms
[13:23:47]  [OK]CMD Packet Header: 0x18 0x75 0xc0 0x0 0x0 0x1 0x14 0x47
[13:23:52]  Ping Success at node 5, 470ms
[13:23:56]  Tracking : Az 188, El 3.
[13:23:58]  Cannot Load Remote Parameter.
[13:24:01]  Ping Success at node 5, 479ms
[13:24:04]  AX100 Boot Count : 192
[13:24:07]  [OK]CMD Packet Header: 0x18 0x75 0xc0 0x0 0x0 0x1 0x14 0x47
[13:24:08]  Received Report from port : 25.
[13:24:10]  Received Report from port : 25.
[13:24:12]  Received Report from port : 25.
[13:24:34]  Ping Success at node 5, 477ms
[13:24:37]  Tracking : Az 191, El 6.
[13:24:42]  Ping Success at node 5, 471ms
[13:24:45]  [OK]CMD Packet Header: 0x18 0x65 0xc0 0x0 0x0 0x6 0xf 0x48
[13:24:46]  Received Report from port : 25.
[13:24:48]  Received Report from port : 25.
[13:24:50]  Received Report from port : 25.
[13:25:06]  [OK]CMD Packet Header: 0x65 0x18 0xc0 0x0 0x0 0x1 0x37 0x74
[13:25:12]  Tracking : Az 194, El 8.
[13:25:14]  Ping Success at node 5, 464ms
[13:25:17]  [OK]CMD Packet Header: 0x65 0x18 0xc0 0x0 0x0 0x1 0x37 0x74
[13:25:36]  Tracking : Az 196, El 11.
[13:25:38]  [OK]CMD Packet Header: 0x65 0x18 0xc0 0x0 0x0 0x1 0x37 0x74
[13:25:57]  Tracking : Az 198, El 13.
[13:26:03]  [OK]CMD Packet Header: 0x18 0x75 0xc0 0x0 0x0 0x1 0x14 0x47
[13:26:10]  [OK]CMD Packet Header: 0x18 0x75 0xc0 0x0 0x0 0x1 0x14 0x47
[13:26:11]  Received Report from port : 25.
[13:26:13]  Received Report from port : 25.
[13:26:14]  Tracking : Az 201, El 14.
[13:26:15]  Received Report from port : 25.
[13:26:30]  [OK]CMD Packet Header: 0x65 0x18 0xc0 0x0 0x0 0x1 0x37 0x74
[13:26:33]  Tracking : Az 204, El 17.
[13:26:50]  Tracking : Az 207, El 19.
[13:27:05]  Tracking : Az 210, El 21.
[13:27:14]  [OK]CMD Packet Header: 0x65 0x18 0xc0 0x0 0x0 0x1 0x3c 0x7f
[13:27:17]  Tracking : Az 213, El 22.
[13:27:29]  Tracking : Az 216, El 24.
[13:27:39]  Tracking : Az 219, El 25.
[13:27:49]  Tracking : Az 222, El 27.
[13:27:55]  Tracking : Az 224, El 28.
[13:28:03]  Tracking : Az 227, El 29.
[13:28:10]  Tracking : Az 230, El 30.
[13:28:17]  Tracking : Az 233, El 31.
[13:28:23]  Tracking : Az 235, El 31.
[13:28:26]  [OK]CMD Packet Header: 0x18 0x65 0xc0 0x0 0x0 0x1 0x37 0x74
[13:28:28]  Tracking : Az 238, El 32.
[13:28:34]  Tracking : Az 240, El 32.
[13:28:39]  Tracking : Az 243, El 33.
[13:28:44]  Tracking : Az 246, El 33.
[13:28:48]  [OK]CMD Packet Header: 0x18 0x75 0xc0 0x0 0x0 0x1 0x14 0x47
[13:28:48]  Received Report from port : 25.
[13:28:50]  Tracking : Az 249, El 34.
[13:28:58]  Tracking : Az 253, El 34.
[13:28:58]  [OK]CMD Packet Header: 0x18 0x75 0xc0 0x0 0x0 0x1 0x14 0x47
[13:29:02]  Ping Success at node 5, 470ms
[13:29:04]  Tracking : Az 256, El 34.
[13:29:06]  [OK]CMD Packet Header: 0x18 0x75 0xc0 0x0 0x0 0x1 0x14 0x47
[13:29:07]  Received Report from port : 25.
[13:29:08]  Tracking : Az 259, El 35.
[13:29:09]  Received Report from port : 25.
[13:29:11]  Received Report from port : 25.
[13:29:14]  Tracking : Az 262, El 35.
[13:29:19]  Tracking : Az 265, El 35.
[13:29:25]  Tracking : Az 268, El 34.
[13:29:27]  Tracking : Az 269, El 34.
[13:29:32]  Tracking : Az 272, El 34.
[13:29:37]  Tracking : Az 275, El 34.
[13:29:43]  Tracking : Az 278, El 33.
[13:29:49]  Tracking : Az 281, El 33.
[13:29:55]  Tracking : Az 284, El 32.
[13:30:01]  Tracking : Az 287, El 32.
[13:30:08]  Tracking : Az 290, El 31.
[13:30:15]  Tracking : Az 293, El 30.
[13:30:22]  Tracking : Az 296, El 29.
[13:30:30]  Tracking : Az 299, El 28.
[13:30:30]  [OK]CMD Packet Header: 0x65 0x18 0xc0 0x0 0x0 0x1 0x34 0x77
[13:30:38]  Tracking : Az 302, El 27.
[13:30:45]  Tracking : Az 304, El 26.
[13:30:47]  [OK]CMD Packet Header: 0x18 0x65 0xc0 0x0 0x0 0x6 0xf 0x0
[13:30:48]  Received Report from port : 25.
[13:30:50]  Received Report from port : 25.
[13:30:52]  Received Report from port : 25.
[13:30:54]  Tracking : Az 307, El 24.
[13:31:05]  Tracking : Az 310, El 23.
[13:31:18]  Tracking : Az 313, El 21.
[13:31:31]  Tracking : Az 316, El 19.
[13:31:47]  Tracking : Az 319, El 17.
[13:32:05]  Tracking : Az 322, El 15.
[13:32:16]  [OK]CMD Packet Header: 0x18 0x65 0xc0 0x0 0x0 0x1 0x3c 0x7f
[13:32:17]  Received Report from port : 25.
[13:32:19]  Received Report from port : 25.
[13:32:21]  Received Report from port : 25.
[13:32:26]  Tracking : Az 325, El 13.
[13:32:27]  [OK]CMD Packet Header: 0x18 0x65 0xc0 0x0 0x0 0x1 0x37 0x74
[13:32:34]  Ping Success at node 5, 460ms
[13:32:52]  Tracking : Az 328, El 10.
[13:33:02]  [OK]CMD Packet Header: 0x18 0x65 0xc0 0x0 0x0 0x1 0x37 0x74
[13:33:03]  Received Report from port : 25.
[13:33:05]  Received Report from port : 25.
[13:33:07]  Received Report from port : 25.
[13:33:26]  Tracking : Az 331, El 7.
[13:33:27]  Ping Success at node 5, 474ms
[13:33:34]  AX100 Boot Count : 192
[13:33:48]  Tracking : Az 333, El 6.
[13:34:19]  Tracking : Az 335, El 3.
[13:35:05]  Tracking : Az 337, El 0.
[13:35:08]  Forked Safe Amplifier Process. (OFF)
[13:35:12]  Finish Engaging.
[13:35:12]  Beacon Success : 0, Ping Success : 9
[13:35:17]  Tracking : Az 0, El 0.
[13:35:18]  Tracking : Az 0, El 0.
[00:50:58]  Start Engaging.
[00:50:58]  Tracking : Az 20, El 0.
[00:51:00]  Start Doppler Correction.
[00:51:00]  Tracking : Az 20, El 0.
[00:51:02]  Tracking : Az 20, El 0.
[01:07:58]  Forked Safe Amplifier Process.(ON, Timer)
[01:07:58]  Tracking : Az 22, El 1.
[01:08:30]  Ping Failed.
[01:08:37]  Tracking : Az 24, El 4.
[01:08:45]  Ping Failed.
[01:08:58]  Ping Success at node 5, 467ms
[01:09:02]  [OK]CMD Packet Header: 0x18 0x75 0xc0 0x0 0x0 0x1 0x14 0x47
[01:09:08]  Ping Success at node 5, 477ms
[01:09:11]  AX100 Boot Count : 193
[01:09:17]  Tracking : Az 26, El 7.
[01:09:18]  [OK]CMD Packet Header: 0x18 0x75 0xc0 0x0 0x0 0x1 0x14 0x47
[01:09:33]  Tracking : Az 28, El 8.
[01:09:51]  [OK]CMD Packet Header: 0x18 0x0 0xc0 0x0 0x0 0x55 0x7 0x7d
[01:10:03]  Tracking : Az 30, El 11.
[01:10:06]  [OK]CMD Packet Header: 0x18 0x75 0xc0 0x0 0x0 0x1 0x14 0x47
[01:10:07]  Received Report from port : 25.
[01:10:09]  Received Report from port : 25.
[01:10:11]  Received Report from port : 25.
[01:10:23]  Tracking : Az 32, El 13.
[01:10:40]  Tracking : Az 35, El 14.
[01:10:44]  [OK]CMD Packet Header: 0x18 0x75 0xc0 0x0 0x0 0x5 0x1e 0xa2
[01:10:45]  Received Report from port : 25.
[01:10:47]  Received Report from port : 25.
[01:10:49]  Received Report from port : 25.
[01:10:58]  Tracking : Az 37, El 16.
[01:10:59]  [OK]CMD Packet Header: 0x18 0x50 0xc0 0x0 0x0 0x1 0x6 0x70
[01:11:00]  Received Report from port : 25.
[01:11:02]  Received Report from port : 25.
[01:11:04]  Received Report from port : 25.
[01:11:07]  Tracking : Az 39, El 18.
[01:11:10]  [OK]CMD Packet Header: 0x18 0x75 0xc0 0x0 0x0 0x1 0x14 0x47
[01:11:11]  Received Report from port : 25.
[01:11:13]  Received Report from port : 25.
[01:11:15]  Received Report from port : 25.
[01:11:18]  Tracking : Az 41, El 19.
[01:11:26]  [OK]CMD Packet Header: 0x18 0x65 0xc0 0x0 0x0 0x1 0x37 0x74
[01:11:26]  Received Report from port : 25.
[01:11:28]  Received Report from port : 25.
[01:11:30]  Received Report from port : 25.
[01:11:33]  Tracking : Az 44, El 21.
[01:11:46]  Tracking : Az 47, El 23.
[01:11:58]  Tracking : Az 50, El 25.
[01:11:58]  [OK]CMD Packet Header: 0x18 0x65 0xc0 0x0 0x0 0x1 0x3c 0x7f
[01:11:59]  Received Report from port : 25.
[01:12:01]  Received Report from port : 25.
[01:12:03]  Received Report from port : 25.
[01:12:05]  Tracking : Az 52, El 26.
[01:12:10]  [OK]CMD Packet Header: 0x18 0x65 0xc0 0x0 0x0 0x1 0x37 0x74
[01:12:11]  Received Report from port : 25.
[01:12:13]  Received Report from port : 25.
[01:12:15]  Received Report from port : 25.
[01:12:15]  Tracking : Az 55, El 27.
[01:12:21]  Tracking : Az 57, El 28.
[01:12:29]  Tracking : Az 60, El 29.
[01:12:36]  [OK]CMD Packet Header: 0x18 0x65 0xc0 0x0 0x0 0x6 0xf 0x48
[01:12:37]  Received Report from port : 25.
[01:12:37]  Tracking : Az 63, El 31.
[01:12:39]  Received Report from port : 25.
[01:12:41]  Received Report from port : 25.
[01:12:44]  Tracking : Az 66, El 32.
[01:12:50]  Tracking : Az 69, El 32.
[01:12:56]  Tracking : Az 71, El 33.
[01:13:00]  [OK]CMD Packet Header: 0x18 0x65 0xc0 0x0 0x0 0x1 0x37 0x74
[01:13:01]  Received Report from port : 25.
[01:13:02]  Tracking : Az 74, El 34.
[01:13:03]  Received Report from port : 25.
[01:13:05]  Received Report from port : 25.
[01:13:07]  Tracking : Az 77, El 34.
[01:13:13]  Tracking : Az 80, El 35.
[01:13:19]  Tracking : Az 83, El 36.
[01:13:23]  Tracking : Az 86, El 36.
[01:13:28]  Tracking : Az 89, El 36.
[01:13:33]  Tracking : Az 92, El 36.
[01:13:38]  Tracking : Az 95, El 36.
[01:13:44]  Tracking : Az 98, El 37.
[01:13:49]  Tracking : Az 101, El 36.
[01:13:54]  Tracking : Az 104, El 36.
[01:14:00]  Tracking : Az 108, El 36.
[01:14:02]  Tracking : Az 109, El 36.
[01:14:08]  Tracking : Az 112, El 36.
[01:14:14]  Tracking : Az 115, El 35.
[01:14:15]  [OK]CMD Packet Header: 0x18 0x65 0xc0 0x0 0x0 0x1 0x37 0x74
[01:14:16]  Received Report from port : 25.
[01:14:18]  Tracking : Az 118, El 35.
[01:14:18]  Received Report from port : 25.
[01:14:20]  Received Report from port : 25.
[01:14:24]  Tracking : Az 121, El 34.
[01:14:30]  Tracking : Az 124, El 33.
[01:14:36]  Tracking : Az 127, El 32.
[01:14:43]  Tracking : Az 130, El 31.
[01:14:50]  Tracking : Az 133, El 30.
[01:14:55]  Tracking : Az 135, El 30.
[01:15:03]  Tracking : Az 138, El 28.
[01:15:12]  Tracking : Az 141, El 27.
[01:15:22]  Tracking : Az 144, El 26.
[01:15:32]  Tracking : Az 147, El 24.
[01:15:41]  Ping Success at node 5, 458ms
[01:15:44]  Tracking : Az 150, El 22.
[01:15:48]  [OK]CMD Packet Header: 0x18 0x65 0xc0 0x0 0x0 0x1 0x37 0x74
[01:15:49]  Received Report from port : 25.
[01:15:51]  Received Report from port : 25.
[01:15:53]  Received Report from port : 25.
[01:15:58]  Tracking : Az 153, El 20.
[01:16:08]  Tracking : Az 155, El 19.
[01:16:25]  Tracking : Az 158, El 17.
[01:16:35]  Ping Success at node 5, 472ms
[01:16:36]  Forked Safe Amplifier Process. (OFF)
[01:16:38]  Finish Engaging.
[01:16:38]  Beacon Success : 0, Ping Success : 4
[01:16:39]  Tracking : Az 0, El 0.
[16:26:28]  [Auto]Start AutoPilot.
[16:26:28]  [Auto]Start Autopilot. Next Valuable AOS : 1/31 1:7:38
[16:26:28]  [Auto]Max Elevation : 37.01° Please Keep Devices On.
[16:26:28]  [Auto]Start Engaging.
[16:26:28]  [Auto]Start Doppler Correction.
[16:26:28]  Tracking : Az 20, El 0.
[16:26:28]  Forked Safe Amplifier Process.(ON, Timer)
[16:26:30]  Tracking : Az 20, El 0.
[16:26:32]  Tracking : Az 20, El 0.
