2026-06-11 17:31
[17:32:09]  Connect to Switch Box..............Failed.
[17:32:09]  Connect to Rotator.................Failed.
[17:32:09]  Connect to GS100..................Success.
[17:32:09]  BEE-1000 BCN Port 31 bind success.
[17:32:09]  BEE-1000 RPT Port 25 bind success.
[17:32:09]  BEE-1000 Event Port 27 bind success.
[17:32:09]  BEE-100 FM Port 23 bind success.
[17:32:09]  UEL-Y-Sys. BCN Port 12 bind success.
[17:32:09]  Rotator Read Failed. Please Check Again.
[17:32:09]  UEL-Y-Sys. RPT Port 10 bind success.
[17:32:09]  UEL-Y-Sys. Event Port 11 bind success.
[17:32:09]  UEL-Y-Sys. FM Port 14 bind success.
[17:32:09]  BEE-1012 BCN Port 17 bind success.
[17:32:09]  BEE-1012 RPT Port 15 bind success.
[17:32:09]  BEE-1012 Event Port 16 bind success.
[17:32:09]  BEE-1012 FM Port 18 bind success.
[17:32:09]  BEE-1012 AIOBC Port 29 bind success.
[17:32:49]  DataChunk generated. RawDataLength=0, ChunkCRC32=0x00000000, PacketLength=154
[17:32:49]  [OK]CMD Packet Header: 0x18 0xf0 0xc0 0x0 0x0 0x93 0x5 0x5d
[17:33:00]  DataChunk generated. RawDataLength=0, ChunkCRC32=0x00000000, PacketLength=154
[17:33:00]  [OK]CMD Packet Header: 0x18 0xf0 0xc0 0x0 0x0 0x93 0x5 0x41
[17:33:13]  DataChunk generated. RawDataLength=0, ChunkCRC32=0x00000000, PacketLength=154
[17:33:13]  [OK]CMD Packet Header: 0x18 0xf0 0xc0 0x0 0x0 0x93 0x5 0x5d
[17:33:30]  DataChunk generated. RawDataLength=0, ChunkCRC32=0x00000000, PacketLength=154
[17:33:30]  [OK]CMD Packet Header: 0x18 0xf0 0xc0 0x0 0x0 0x93 0x5 0x5d
[17:33:37]  [OK]CMD Packet Header: 0x18 0xf0 0xc0 0x0 0x0 0x1 0x1 0xd7
[17:33:37]  Received AIOBC TM from port : 29.

[17:33:47]  DataChunk generated. RawDataLength=0, ChunkCRC32=0x00000000, PacketLength=154
[17:33:47]  [OK]CMD Packet Header: 0x18 0xf0 0xc0 0x0 0x0 0x93 0x5 0x5d
[17:33:52]  DataChunk generated. RawDataLength=0, ChunkCRC32=0x00000000, PacketLength=154
[17:33:52]  [OK]CMD Packet Header: 0x18 0xf0 0xc0 0x0 0x0 0x93 0x5 0x41
[17:36:10]  DataChunk generated. RawDataLength=0, ChunkCRC32=0x00000000, PacketLength=154
[17:36:10]  [OK]CMD Packet Header: 0x18 0xf0 0xc0 0x0 0x0 0x93 0x5 0x41
[17:36:11]  Received AIOBC TM from port : 29.

[17:36:35]  DataChunk generated. RawDataLength=0, ChunkCRC32=0x00000000, PacketLength=154
[17:36:35]  [OK]CMD Packet Header: 0x18 0xf0 0xc0 0x0 0x0 0x93 0x5 0x5d
[17:36:48]  DataChunk generated. RawDataLength=0, ChunkCRC32=0x00000000, PacketLength=154
[17:36:48]  [OK]CMD Packet Header: 0x18 0xf0 0xc0 0x0 0x0 0x93 0x5 0x41
[17:36:54]  DataChunk generated. RawDataLength=0, ChunkCRC32=0x00000000, PacketLength=154
[17:36:54]  [OK]CMD Packet Header: 0x18 0xf0 0xc0 0x0 0x0 0x93 0x5 0x41
[17:36:59]  DataChunk generated. RawDataLength=0, ChunkCRC32=0x00000000, PacketLength=154
[17:36:59]  [OK]CMD Packet Header: 0x18 0xf0 0xc0 0x0 0x0 0x93 0x5 0x41
[17:37:04]  DataChunk generated. RawDataLength=0, ChunkCRC32=0x00000000, PacketLength=154
[17:37:04]  [OK]CMD Packet Header: 0x18 0xf0 0xc0 0x0 0x0 0x93 0x5 0x41
[17:37:19]  DataChunk generated. RawDataLength=0, ChunkCRC32=0x00000000, PacketLength=154
[17:37:19]  [OK]CMD Packet Header: 0x18 0xf0 0xc0 0x0 0x0 0x93 0x5 0x41
[17:37:37]  DataChunk generated. RawDataLength=0, ChunkCRC32=0x00000000, PacketLength=154
[17:37:37]  [OK]CMD Packet Header: 0x18 0xf0 0xc0 0x0 0x0 0x93 0x5 0x41
[17:37:40]  DataChunk generated. RawDataLength=0, ChunkCRC32=0x00000000, PacketLength=154
[17:37:40]  [OK]CMD Packet Header: 0x18 0xf0 0xc0 0x0 0x0 0x93 0x5 0x41
[17:37:41]  Received AIOBC TM from port : 29.

[17:37:51]  DataChunk generated. RawDataLength=0, ChunkCRC32=0x00000000, PacketLength=154
[17:37:51]  [OK]CMD Packet Header: 0x18 0xf0 0xc0 0x0 0x0 0x93 0x5 0x5d
[17:37:54]  DataChunk generated. RawDataLength=0, ChunkCRC32=0x00000000, PacketLength=154
[17:37:54]  [OK]CMD Packet Header: 0x18 0xf0 0xc0 0x0 0x0 0x93 0x5 0x5d
[17:37:57]  DataChunk generated. RawDataLength=0, ChunkCRC32=0x00000000, PacketLength=154
[17:37:57]  [OK]CMD Packet Header: 0x18 0xf0 0xc0 0x0 0x0 0x93 0x5 0x5d
[17:37:59]  DataChunk generated. RawDataLength=0, ChunkCRC32=0x00000000, PacketLength=154
[17:37:59]  [OK]CMD Packet Header: 0x18 0xf0 0xc0 0x0 0x0 0x93 0x5 0x5d
[17:41:23]  Received AIOBC TM from port : 29.

[17:41:30]  Received AIOBC TM from port : 29.

[17:56:59]  DataChunk generated. RawDataLength=0, ChunkCRC32=0x00000000, PacketLength=154
[17:56:59]  [OK]CMD Packet Header: 0x18 0xf0 0xc0 0x0 0x0 0x93 0x5 0x5d
[17:57:25]  DataChunk generated. RawDataLength=0, ChunkCRC32=0x00000000, PacketLength=154
[17:57:25]  [OK]CMD Packet Header: 0x18 0xf0 0xc0 0x0 0x0 0x93 0x5 0x5d
[17:57:30]  DataChunk generated. RawDataLength=0, ChunkCRC32=0x00000000, PacketLength=154
[17:57:30]  [OK]CMD Packet Header: 0x18 0xf0 0xc0 0x0 0x0 0x93 0x5 0x5d
[17:57:34]  DataChunk generated. RawDataLength=0, ChunkCRC32=0x00000000, PacketLength=154
[17:57:34]  [OK]CMD Packet Header: 0x18 0xf0 0xc0 0x0 0x0 0x93 0x5 0x5d
[17:57:35]  DataChunk generated. RawDataLength=0, ChunkCRC32=0x00000000, PacketLength=154
[17:57:35]  [OK]CMD Packet Header: 0x18 0xf0 0xc0 0x0 0x0 0x93 0x5 0x5d
[17:57:37]  DataChunk generated. RawDataLength=0, ChunkCRC32=0x00000000, PacketLength=154
[17:57:37]  [OK]CMD Packet Header: 0x18 0xf0 0xc0 0x0 0x0 0x93 0x5 0x5d
[17:57:41]  DataChunk generated. RawDataLength=0, ChunkCRC32=0x00000000, PacketLength=154
[17:57:41]  [OK]CMD Packet Header: 0x18 0xf0 0xc0 0x0 0x0 0x93 0x5 0x5d
[17:57:43]  DataChunk generated. RawDataLength=0, ChunkCRC32=0x00000000, PacketLength=154
[17:57:43]  [OK]CMD Packet Header: 0x18 0xf0 0xc0 0x0 0x0 0x93 0x5 0x5d
[17:57:45]  DataChunk generated. RawDataLength=0, ChunkCRC32=0x00000000, PacketLength=154
[17:57:45]  [OK]CMD Packet Header: 0x18 0xf0 0xc0 0x0 0x0 0x93 0x5 0x5d
[17:57:47]  DataChunk generated. RawDataLength=0, ChunkCRC32=0x00000000, PacketLength=154
[17:57:47]  [OK]CMD Packet Header: 0x18 0xf0 0xc0 0x0 0x0 0x93 0x5 0x5d
[17:57:48]  DataChunk generated. RawDataLength=0, ChunkCRC32=0x00000000, PacketLength=154
[17:57:48]  [OK]CMD Packet Header: 0x18 0xf0 0xc0 0x0 0x0 0x93 0x5 0x5d
[17:57:51]  DataChunk generated. RawDataLength=0, ChunkCRC32=0x00000000, PacketLength=154
[17:57:51]  [OK]CMD Packet Header: 0x18 0xf0 0xc0 0x0 0x0 0x93 0x5 0x5d
[17:57:51]  DataChunk generated. RawDataLength=0, ChunkCRC32=0x00000000, PacketLength=154
[17:57:51]  [OK]CMD Packet Header: 0x18 0xf0 0xc0 0x0 0x0 0x93 0x5 0x5d
[17:57:52]  DataChunk generated. RawDataLength=0, ChunkCRC32=0x00000000, PacketLength=154
[17:57:52]  [OK]CMD Packet Header: 0x18 0xf0 0xc0 0x0 0x0 0x93 0x5 0x5d
[17:57:52]  DataChunk generated. RawDataLength=0, ChunkCRC32=0x00000000, PacketLength=154
[17:57:52]  [OK]CMD Packet Header: 0x18 0xf0 0xc0 0x0 0x0 0x93 0x5 0x5d
[17:57:53]  DataChunk generated. RawDataLength=0, ChunkCRC32=0x00000000, PacketLength=154
[17:57:53]  [OK]CMD Packet Header: 0x18 0xf0 0xc0 0x0 0x0 0x93 0x5 0x5d
[17:57:55]  DataChunk generated. RawDataLength=0, ChunkCRC32=0x00000000, PacketLength=154
[17:57:55]  [OK]CMD Packet Header: 0x18 0xf0 0xc0 0x0 0x0 0x93 0x5 0x5d
[17:57:56]  DataChunk generated. RawDataLength=0, ChunkCRC32=0x00000000, PacketLength=154
[17:57:56]  [OK]CMD Packet Header: 0x18 0xf0 0xc0 0x0 0x0 0x93 0x5 0x5d
[17:57:59]  DataChunk generated. RawDataLength=0, ChunkCRC32=0x00000000, PacketLength=154
[17:57:59]  [OK]CMD Packet Header: 0x18 0xf0 0xc0 0x0 0x0 0x93 0x5 0x5d
[17:57:59]  DataChunk generated. RawDataLength=0, ChunkCRC32=0x00000000, PacketLength=154
[17:57:59]  [OK]CMD Packet Header: 0x18 0xf0 0xc0 0x0 0x0 0x93 0x5 0x5d
[17:58:01]  DataChunk generated. RawDataLength=0, ChunkCRC32=0x00000000, PacketLength=154
[17:58:01]  [OK]CMD Packet Header: 0x18 0xf0 0xc0 0x0 0x0 0x93 0x5 0x5d
[17:58:06]  [OK]CMD Packet Header: 0x18 0xf0 0xc0 0x0 0x0 0x1 0x1 0xd7
[17:58:07]  Received AIOBC TM from port : 29.

[17:58:08]  [OK]CMD Packet Header: 0x18 0xf0 0xc0 0x0 0x0 0x1 0x1 0xd7
[17:58:09]  Received AIOBC TM from port : 29.

[17:58:12]  [OK]CMD Packet Header: 0x18 0xf0 0xc0 0x0 0x0 0x1 0x1 0xd7
[17:58:13]  Received AIOBC TM from port : 29.

[17:58:13]  [OK]CMD Packet Header: 0x18 0xf0 0xc0 0x0 0x0 0x1 0x1 0xd7
[17:58:14]  Received AIOBC TM from port : 29.

[17:58:14]  [OK]CMD Packet Header: 0x18 0xf0 0xc0 0x0 0x0 0x1 0x1 0xd7
[17:58:15]  Received AIOBC TM from port : 29.

[17:58:15]  [OK]CMD Packet Header: 0x18 0xf0 0xc0 0x0 0x0 0x1 0x1 0xd7
[17:58:16]  Received AIOBC TM from port : 29.

[17:58:16]  [OK]CMD Packet Header: 0x18 0xf0 0xc0 0x0 0x0 0x1 0x1 0xd7
[17:58:17]  Received AIOBC TM from port : 29.

[17:58:18]  [OK]CMD Packet Header: 0x18 0xf0 0xc0 0x0 0x0 0x1 0x1 0xd7
[17:58:19]  Received AIOBC TM from port : 29.

[17:58:19]  [OK]CMD Packet Header: 0x18 0xf0 0xc0 0x0 0x0 0x1 0x1 0xd7
[17:58:20]  Received AIOBC TM from port : 29.

[17:58:21]  [OK]CMD Packet Header: 0x18 0xf0 0xc0 0x0 0x0 0x1 0x1 0xd7
[17:58:21]  Received AIOBC TM from port : 29.

[17:58:22]  [OK]CMD Packet Header: 0x18 0xf0 0xc0 0x0 0x0 0x1 0x1 0xd7
[17:58:22]  Received AIOBC TM from port : 29.

[17:58:23]  [OK]CMD Packet Header: 0x18 0xf0 0xc0 0x0 0x0 0x1 0x1 0xd7
[17:58:23]  Received AIOBC TM from port : 29.

[17:58:24]  [OK]CMD Packet Header: 0x18 0xf0 0xc0 0x0 0x0 0x1 0x1 0xd7
[17:58:24]  Received AIOBC TM from port : 29.

[17:58:25]  [OK]CMD Packet Header: 0x18 0xf0 0xc0 0x0 0x0 0x1 0x1 0xd7
[17:58:26]  Received AIOBC TM from port : 29.

[17:58:26]  [OK]CMD Packet Header: 0x18 0xf0 0xc0 0x0 0x0 0x1 0x1 0xd7
[17:58:27]  Received AIOBC TM from port : 29.

[17:58:28]  [OK]CMD Packet Header: 0x18 0xf0 0xc0 0x0 0x0 0x1 0x1 0xd7
[17:58:29]  Received AIOBC TM from port : 29.

[17:58:29]  [OK]CMD Packet Header: 0x18 0xf0 0xc0 0x0 0x0 0x1 0x1 0xd7
[17:58:30]  Received AIOBC TM from port : 29.

[17:58:30]  [OK]CMD Packet Header: 0x18 0xf0 0xc0 0x0 0x0 0x1 0x1 0xd7
[17:58:31]  Received AIOBC TM from port : 29.

[17:58:32]  [OK]CMD Packet Header: 0x18 0xf0 0xc0 0x0 0x0 0x1 0x1 0xd7
[17:58:32]  Received AIOBC TM from port : 29.

[17:58:33]  [OK]CMD Packet Header: 0x18 0xf0 0xc0 0x0 0x0 0x1 0x1 0xd7
[17:58:33]  Received AIOBC TM from port : 29.

[17:58:34]  [OK]CMD Packet Header: 0x18 0xf0 0xc0 0x0 0x0 0x1 0x1 0xd7
[17:58:35]  Received AIOBC TM from port : 29.

[17:58:35]  [OK]CMD Packet Header: 0x18 0xf0 0xc0 0x0 0x0 0x1 0x1 0xd7
[17:58:36]  Received AIOBC TM from port : 29.

[18:04:19]  [OK]CMD Packet Header: 0x18 0xf0 0xc0 0x0 0x0 0x1 0x1 0xd7
[18:04:20]  Received AIOBC TM from port : 29.

[18:04:21]  [OK]CMD Packet Header: 0x18 0xf0 0xc0 0x0 0x0 0x1 0x1 0xd7
[18:04:21]  Received AIOBC TM from port : 29.

[18:04:22]  [OK]CMD Packet Header: 0x18 0xf0 0xc0 0x0 0x0 0x1 0x1 0xd7
[18:04:23]  Received AIOBC TM from port : 29.

[18:04:33]  DataChunk generated. RawDataLength=0, ChunkCRC32=0x00000000, PacketLength=154
[18:04:33]  [OK]CMD Packet Header: 0x18 0xf0 0xc0 0x0 0x0 0x93 0x5 0x5d
[18:04:35]  DataChunk generated. RawDataLength=0, ChunkCRC32=0x00000000, PacketLength=154
[18:04:35]  [OK]CMD Packet Header: 0x18 0xf0 0xc0 0x0 0x0 0x93 0x5 0x5d
[18:04:37]  DataChunk generated. RawDataLength=0, ChunkCRC32=0x00000000, PacketLength=154
[18:04:37]  [OK]CMD Packet Header: 0x18 0xf0 0xc0 0x0 0x0 0x93 0x5 0x5d
[18:04:39]  DataChunk generated. RawDataLength=0, ChunkCRC32=0x00000000, PacketLength=154
[18:04:39]  [OK]CMD Packet Header: 0x18 0xf0 0xc0 0x0 0x0 0x93 0x5 0x5d
[18:04:44]  DataChunk generated. RawDataLength=0, ChunkCRC32=0x00000000, PacketLength=154
[18:04:44]  [OK]CMD Packet Header: 0x18 0xf0 0xc0 0x0 0x0 0x93 0x5 0x5d
[18:04:46]  DataChunk generated. RawDataLength=0, ChunkCRC32=0x00000000, PacketLength=154
[18:04:46]  [OK]CMD Packet Header: 0x18 0xf0 0xc0 0x0 0x0 0x93 0x5 0x5d
[18:04:48]  DataChunk generated. RawDataLength=0, ChunkCRC32=0x00000000, PacketLength=154
[18:04:48]  [OK]CMD Packet Header: 0x18 0xf0 0xc0 0x0 0x0 0x93 0x5 0x5d
[18:04:52]  DataChunk generated. RawDataLength=0, ChunkCRC32=0x00000000, PacketLength=154
[18:04:52]  [OK]CMD Packet Header: 0x18 0xf0 0xc0 0x0 0x0 0x93 0x5 0x5d
[18:04:54]  DataChunk generated. RawDataLength=0, ChunkCRC32=0x00000000, PacketLength=154
[18:04:54]  [OK]CMD Packet Header: 0x18 0xf0 0xc0 0x0 0x0 0x93 0x5 0x5d
[18:04:55]  DataChunk generated. RawDataLength=0, ChunkCRC32=0x00000000, PacketLength=154
[18:04:55]  [OK]CMD Packet Header: 0x18 0xf0 0xc0 0x0 0x0 0x93 0x5 0x5d
