2026-01-26 17:52
[17:52:26]  Connect to Switch Box.............Success.
[17:52:26]  Connect to Rotator................Success.
[17:52:26]  Connect to GS100..................Success.
[17:52:26]  TM Port 13 bind success.
[17:52:26]  BCN Port 31 bind success.
[17:52:26]  RPT Port 25 bind success.
[17:52:26]  Event Port 27 bind success.
[17:52:26]  COSMIC Beacon Port 23 bind success.
[17:52:26]  COSMIC Report Port 24 bind success.
[17:52:53]  TLE "active" Download Completed.
[17:53:03]  [Auto]Start AutoPilot.
[17:53:03]  [Auto]Start Autopilot. Next Valuable AOS : 1/27 0:34:7
[17:53:03]  [Auto]Max Elevation : 15.01° Please Keep Devices On.
[00:29:07]  [Auto]Start Engaging.
[00:29:07]  [Auto]Start Doppler Correction.
[00:29:07]  Tracking : Az 33, El 0.
[00:29:09]  Tracking : Az 33, El 0.
[00:29:11]  Tracking : Az 33, El 0.
[00:29:13]  Tracking : Az 33, El 0.
[00:29:54]  Forked Safe Amplifier Process.(ON, Timer)
[00:30:01]  Ping Failed.
[00:30:08]  Ping Failed.
[00:30:16]  Ping Failed.
[00:30:23]  Ping Failed.
[00:30:30]  Ping Failed.
[00:30:38]  Ping Failed.
[00:30:45]  Ping Failed.
[00:30:52]  Ping Failed.
[00:31:00]  Ping Failed.
[00:31:07]  Ping Failed.
[00:31:14]  Ping Failed.
[00:31:22]  Ping Failed.
[00:31:29]  Ping Failed.
[00:31:36]  Ping Failed.
[00:31:43]  Ping Failed.
[00:31:51]  Ping Failed.
[00:31:58]  Ping Failed.
[00:32:05]  Ping Failed.
[00:32:13]  Ping Failed.
[00:32:20]  Ping Failed.
[00:32:27]  Ping Failed.
[00:32:35]  Ping Failed.
[00:32:42]  Ping Failed.
[00:32:49]  Ping Failed.
[00:32:57]  Ping Failed.
[00:33:04]  Ping Failed.
[00:33:11]  Ping Failed.
[00:33:19]  Ping Failed.
[00:33:26]  Ping Failed.
[00:33:33]  Ping Failed.
[00:33:41]  Ping Failed.
[00:33:48]  Ping Failed.
[00:33:55]  Ping Failed.
[00:34:03]  Ping Failed.
[00:34:10]  Ping Failed.
[00:34:17]  Ping Failed.
[00:34:25]  Ping Failed.
[00:34:32]  Ping Failed.
[00:34:34]  Tracking : Az 36, El 1.
[00:34:36]  Tracking : Az 36, El 1.
[00:34:39]  Ping Failed.
[00:34:47]  Ping Failed.
[00:34:54]  Ping Failed.
[00:35:01]  Ping Failed.
[00:35:02]  Tracking : Az 39, El 3.
[00:35:04]  Tracking : Az 39, El 3.
[00:35:09]  Ping Failed.
[00:35:16]  Ping Failed.
[00:35:23]  Ping Failed.
[00:35:24]  Tracking : Az 41, El 4.
[00:35:31]  Ping Failed.
[00:35:36]  Ping Success at node 5, 478ms
[00:35:42]  Ping Success at node 5, 471ms
[00:35:43]  Tracking : Az 44, El 5.
[00:35:45]  Tracking : Az 44, El 5.
[00:35:47]  Ping Success at node 5, 471ms
[00:35:53]  Ping Success at node 5, 471ms
[00:35:58]  Ping Success at node 5, 471ms
[00:36:03]  [OK]CMD Packet Header: 0x18 0x75 0xc0 0x0 0x0 0x1 0x14 0x47
[00:36:03]  [Auto]EPS P60 DOCK GET TABLE HK Command Sent
[00:36:04]  Tracking : Az 47, El 6.
[00:36:04]  Ping Success at node 5, 583ms
[00:36:06]  Tracking : Az 47, El 6.
[00:36:13]  [OK]CMD Packet Header: 0x18 0x75 0xc0 0x0 0x0 0x1 0x17 0x44
[00:36:14]  [Auto]EPS P60 PDU GET TABLE HK Command Sent
[00:36:14]  Received Report from port : 25.
[00:36:16]  Received Report from port : 25.
[00:36:18]  Received Report from port : 25.
[00:36:24]  Tracking : Az 50, El 7.
[00:36:24]  [OK]CMD Packet Header: 0x18 0x75 0xc0 0x0 0x0 0x1 0x1a 0x0
[00:36:24]  [Auto]EPS P60 ACU GET TABLE HK Command Sent
[00:36:25]  Received Report from port : 25.
[00:36:26]  Tracking : Az 50, El 7.
[00:36:27]  Received Report from port : 25.
[15:36:29]  Received Report from port : 25.
[00:36:34]  [Auto]Start GND WDT reset sequence
[00:36:34]  [OK]CMD Packet Header: 0x18 0x50 0xc0 0x0 0x0 0x1 0x6 0x70
[00:36:34]  [Auto]AX100 GND WDT CMD sent (1/3)
[00:36:35]  Received Report from port : 25.
[00:36:37]  Received Report from port : 25.
[00:36:39]  Received Report from port : 25.
[00:36:44]  [OK]CMD Packet Header: 0x18 0x75 0xc0 0x0 0x0 0x5 0x1e 0xa2
[00:36:45]  [Auto]EPS P60 DOCK GND WDT CMD sent (1/3)
[00:36:45]  Received Report from port : 25.
[00:36:46]  Tracking : Az 53, El 9.
[00:36:47]  Received Report from port : 25.
[00:36:48]  Tracking : Az 54, El 9.
[00:36:49]  Received Report from port : 25.
[00:36:55]  [Auto]GND WDT sequence completed
[00:36:55]  [OK]CMD Packet Header: 0x18 0x75 0xc0 0x0 0x0 0x1 0x14 0x47
[00:36:55]  [Auto]EPS P60 DOCK GET TABLE HK Command Sent
[00:36:56]  Received Report from port : 25.
[00:36:58]  Received Report from port : 25.
[00:37:00]  Received Report from port : 25.
[00:37:03]  Tracking : Az 57, El 9.
[00:37:05]  Tracking : Az 57, El 10.
[00:37:05]  [OK]CMD Packet Header: 0x18 0x75 0xc0 0x0 0x0 0x1 0x17 0x44
[00:37:05]  [Auto]EPS P60 PDU GET TABLE HK Command Sent
[00:37:06]  Received Report from port : 25.
[00:37:08]  Received Report from port : 25.
[00:37:10]  Received Report from port : 25.
[00:37:15]  [OK]CMD Packet Header: 0x18 0x75 0xc0 0x0 0x0 0x1 0x1a 0x0
[00:37:16]  [Auto]EPS P60 ACU GET TABLE HK Command Sent
[00:37:16]  Received Report from port : 25.
[00:37:18]  Tracking : Az 60, El 10.
[00:37:18]  Received Report from port : 25.
[00:37:20]  Tracking : Az 60, El 10.
[00:37:20]  Received Report from port : 25.
[00:37:33]  Tracking : Az 63, El 11.
[00:37:35]  Tracking : Az 63, El 11.
[00:37:39]  Tracking : Az 64, El 11.
[00:37:46]  Tracking : Az 66, El 12.
[00:38:03]  Tracking : Az 70, El 13.
[00:38:05]  Tracking : Az 70, El 13.
[00:38:15]  Tracking : Az 73, El 13.
[00:38:17]  Tracking : Az 73, El 13.
[00:38:27]  Tracking : Az 76, El 13.
[00:38:29]  Tracking : Az 76, El 14.
[00:38:33]  Tracking : Az 77, El 14.
[00:38:39]  Tracking : Az 79, El 14.
[00:38:46]  Tracking : Az 81, El 14.
[00:38:49]  Tracking : Az 82, El 14.
[00:39:04]  Tracking : Az 86, El 14.
[00:39:06]  Tracking : Az 86, El 14.
[00:39:15]  Tracking : Az 89, El 14.
[00:39:17]  Tracking : Az 89, El 14.
[00:39:25]  Tracking : Az 92, El 15.
[00:39:27]  Tracking : Az 92, El 15.
[00:39:36]  Tracking : Az 95, El 14.
[00:39:38]  Tracking : Az 95, El 14.
[00:39:43]  Tracking : Az 97, El 14.
[00:39:46]  Tracking : Az 98, El 14.
[00:39:57]  Tracking : Az 101, El 14.
[00:39:59]  Tracking : Az 101, El 14.
[00:40:08]  Tracking : Az 104, El 14.
[00:40:10]  Tracking : Az 104, El 14.
[00:40:15]  Tracking : Az 106, El 14.
[00:40:27]  Tracking : Az 109, El 14.
[00:40:29]  Tracking : Az 109, El 13.
[00:40:34]  Tracking : Az 111, El 13.
[00:40:46]  Tracking : Az 114, El 13.
[00:40:48]  Tracking : Az 114, El 13.
[00:40:58]  Tracking : Az 117, El 12.
[00:41:00]  Tracking : Az 117, El 12.
[00:41:11]  Tracking : Az 120, El 12.
[00:41:13]  Tracking : Az 120, El 12.
[00:41:20]  Tracking : Az 122, El 11.
[00:41:34]  Tracking : Az 125, El 11.
[00:41:36]  Tracking : Az 125, El 10.
[00:41:54]  Tracking : Az 129, El 9.
[00:41:56]  Tracking : Az 129, El 9.
[00:42:00]  Tracking : Az 130, El 9.
[00:42:16]  Tracking : Az 133, El 8.
[00:42:18]  Tracking : Az 133, El 8.
[00:42:33]  Tracking : Az 136, El 7.
[00:42:35]  Tracking : Az 136, El 7.
[00:42:53]  Tracking : Az 139, El 6.
[00:42:55]  Tracking : Az 139, El 6.
[00:43:14]  Tracking : Az 142, El 5.
[00:43:16]  Tracking : Az 142, El 5.
[00:43:38]  Tracking : Az 145, El 3.
[00:43:40]  Tracking : Az 145, El 3.
[00:44:14]  Tracking : Az 149, El 1.
[00:44:16]  Tracking : Az 149, El 1.
[00:44:45]  Tracking : Az 152, El 0.
[00:44:47]  Tracking : Az 152, El 0.
[00:44:54]  [Auto]Stop Doppler Correction.
[00:44:54]  [Auto]Finish Engaging.
[00:44:54]  Tracking : Az 0, El 0.
[00:44:55]  [Auto]Beacon Success : 0, Ping Success : 6 CMD Success : 0
[00:44:55]  [Auto]Update TLE...
[00:44:59]  [Auto]TLE "active" Download Completed.
[00:45:02]  Forked Safe Amplifier Process. (OFF)
[00:45:02]  Reset GS100 watchdog.
[00:45:14]  [Auto]Invalid tracking index before PathGenerator. trk=13455 ptr=(nil)
[00:45:14]  [Auto]AutoPilot Stopped with Error Code : -2
