2025-12-30 00:29
[00:29:45]  Connect to Switch Box.............Success.
[00:29:45]  Connect to Rotator................Success.
[00:29:45]  Connect to GS100..................Success.
[00:29:45]  TM Port 13 bind success.
[00:29:45]  BCN Port 31 bind success.
[00:29:45]  RPT Port 25 bind success.
[00:29:45]  Event Port 27 bind success.
[00:29:45]  COSMIC Beacon Port 23 bind success.
[00:29:45]  COSMIC Report Port 24 bind success.
[00:31:16]  TLE "cubesat" Download Completed.
[00:31:31]  Start Engaging.
[00:31:35]  Start Doppler Correction.
[00:31:35]  Please load TLE or FDS. Stop Doppler Correction.
[00:31:37]  Tracking : Az 27, El 0.
[00:31:39]  Tracking : Az 27, El 0.
[00:31:41]  Tracking : Az 27, El 0.
[00:31:51]  Start Doppler Correction.
[00:39:00]  Tracking : Az 17, El 0.
[00:39:04]  Tracking : Az 27, El 0.
[00:39:06]  Tracking : Az 27, El 0.
[00:47:56]  Tracking : Az 30, El 1.
[00:47:58]  Tracking : Az 30, El 1.
[00:48:31]  Tracking : Az 33, El 3.
[00:48:33]  Tracking : Az 33, El 3.
[00:48:46]  Forked Safe Amplifier Process.(ON, Timer)
[00:48:51]  Ping Failed.
[00:48:56]  Ping Failed.
[00:49:01]  Tracking : Az 36, El 5.
[00:49:03]  Tracking : Az 36, El 5.
[00:49:07]  Ping Failed.
[00:49:11]  Ping Failed.
[00:49:22]  Tracking : Az 38, El 7.
[00:49:28]  Ping Success at node 5, 464ms
[00:49:32]  Ping Success at node 5, 470ms
[00:49:34]  Ping Success at node 5, 468ms
[00:49:35]  AX100 Boot Count : 22230
[00:49:39]  Remote Param Control OK. csp_rtable : 0/0 AX100, 3/5 CAN
[00:49:42]  Tracking : Az 41, El 8.
[00:49:52]  Remote Param Control OK. csp_rtable : 0/0 AX100, 3/5 CAN
[00:49:59]  Ping Failed at node 3.
[00:50:03]  Tracking : Az 44, El 9.
[00:50:04]  Ping Failed at node 3.
[00:50:05]  Tracking : Az 44, El 10.
[00:50:05]  Ping Success at node 5, 461ms
[00:50:08]  AX100 Boot Count : 22230
[00:50:13]  Ping Failed at node 3.
[00:50:18]  Tracking : Az 46, El 11.
[00:50:33]  Tracking : Az 49, El 12.
[00:50:34]  Remote Param Control OK.
[00:50:35]  Tracking : Az 49, El 12.
[00:50:37]  Remote Param Control OK. csp_rtable : 0/0 AX100, 3/5 CAN, 6/5 CAN
[00:50:40]  Ping Success at node 5, 462ms
[00:50:43]  AX100 Boot Count : 22230
[00:50:49]  Tracking : Az 52, El 13.
[00:50:55]  Ping Failed at node 6.
[00:51:00]  Ping Failed at node 6.
[00:51:04]  Tracking : Az 55, El 14.
[00:51:05]  Ping Failed at node 6.
[00:51:10]  Ping Failed at node 6.
[00:51:10]  Ping Success at node 5, 469ms
[00:51:12]  AX100 Boot Count : 22230
[00:51:17]  Tracking : Az 58, El 15.
[00:51:18]  Ping Failed at node 3.
[00:51:24]  Ping Failed at node 6.
[00:51:29]  Tracking : Az 61, El 16.
[00:51:29]  Ping Failed at node 6.
[00:51:34]  Remote Param Control OK. csp_rtable : 0/0 AX100, 3/5 CAN, 6/5 CAN
[00:51:41]  Tracking : Az 64, El 17.
[00:51:43]  Tracking : Az 64, El 17.
[00:51:45]  Ping Failed at node 6.
[00:51:48]  Tracking : Az 66, El 17.
[00:51:57]  Ping Failed at node 6.
[00:51:58]  Tracking : Az 68, El 18.
[00:52:00]  Tracking : Az 69, El 18.
[00:52:09]  Tracking : Az 72, El 19.
[00:52:11]  Tracking : Az 72, El 19.
[00:52:14]  Ping Failed at node 6.
[00:52:14]  Ping Success at node 5, 469ms
[00:52:17]  AX100 Boot Count : 22230
[00:52:19]  Tracking : Az 75, El 19.
[00:52:22]  Tracking : Az 76, El 19.
[00:52:25]  Tracking : Az 77, El 19.
[00:52:25]  Ping Failed at node 6.
[00:52:31]  Tracking : Az 79, El 20.
[00:52:32]  Ping Failed at node 6.
[00:52:36]  Ping Failed at node 3.
[00:52:40]  Tracking : Az 82, El 20.
[00:52:41]  Ping Failed at node 6.
[00:52:42]  Tracking : Az 82, El 20.
[00:52:46]  Tracking : Az 84, El 20.
[00:52:46]  Ping Failed at node 6.
[00:52:52]  Ping Failed at node 6.
[00:52:55]  Tracking : Az 87, El 21.
[00:52:57]  Tracking : Az 87, El 21.
[00:52:58]  Ping Failed at node 6.
[00:53:03]  Tracking : Az 90, El 21.
[00:53:04]  Ping Failed at node 6.
[00:53:12]  Ping Failed at node 6.
[00:53:12]  Tracking : Az 93, El 21.
[00:53:14]  Tracking : Az 93, El 21.
[00:53:18]  Tracking : Az 95, El 21.
[00:53:19]  Ping Failed at node 6.
[00:53:25]  Ping Failed at node 6.
[00:53:26]  Tracking : Az 98, El 21.
[00:53:28]  Tracking : Az 98, El 21.
[00:53:31]  Ping Failed at node 6.
[00:53:35]  Tracking : Az 101, El 21.
[00:53:37]  Tracking : Az 102, El 21.
[00:53:37]  Ping Failed at node 6.
[00:53:39]  Cannot Load Remote Parameter.
[00:53:44]  Cannot Load Remote Parameter.
[00:53:46]  Tracking : Az 105, El 20.
[00:53:49]  Tracking : Az 106, El 20.
[00:53:53]  Ping Failed.
[00:53:58]  Tracking : Az 109, El 20.
[00:54:00]  Tracking : Az 109, El 20.
[00:54:00]  Ping Failed.
[00:54:07]  Tracking : Az 112, El 20.
[00:54:07]  Ping Failed.
[00:54:09]  Tracking : Az 112, El 19.
[00:54:11]  Ping Failed at node 6.
[00:54:13]  Tracking : Az 114, El 19.
[00:54:15]  Ping Failed.
[00:54:16]  Tracking : Az 115, El 19.
[00:54:20]  Ping Failed at node 6.
[00:54:24]  Ping Failed.
[00:54:26]  Tracking : Az 118, El 18.
[00:54:28]  Tracking : Az 118, El 18.
[00:54:33]  Tracking : Az 120, El 18.
[00:54:33]  Ping Failed.
[00:54:39]  Ping Success at node 5, 459ms
[00:54:40]  Tracking : Az 122, El 18.
[00:54:41]  Ping Success at node 5, 470ms
[00:54:43]  Tracking : Az 123, El 17.
[00:54:45]  Cannot Load Remote Parameter.
[00:54:49]  Cannot Load Remote Parameter.
[00:54:50]  Tracking : Az 125, El 17.
[00:54:52]  Ping Failed.
[00:55:02]  Tracking : Az 128, El 16.
[00:55:03]  Ping Success at node 5, 472ms
[00:55:05]  AX100 Boot Count : 22230
[00:55:07]  Remote Param Control OK. csp_rtable : 0/0 AX100, 3/5 CAN, 6/5 CAN
[00:55:13]  Ping Failed at node 6.
[00:55:14]  Tracking : Az 131, El 15.
[00:55:16]  Tracking : Az 131, El 15.
[00:55:17]  Ping Failed at node 6.
[00:55:22]  Tracking : Az 133, El 15.
[00:55:22]  Ping Failed at node 6.
[00:55:27]  Ping Failed at node 6.
[00:55:32]  Ping Failed at node 6.
[00:55:36]  Tracking : Az 136, El 13.
[00:55:39]  Ping Failed at node 6.
[00:55:41]  Ping Success at node 5, 463ms
[00:55:45]  Ping Failed at node 6.
[00:55:51]  Tracking : Az 139, El 12.
[00:55:52]  Ping Failed at node 6.
[00:55:53]  Tracking : Az 139, El 12.
[00:55:57]  Ping Failed at node 6.
[00:56:03]  Ping Failed at node 6.
[00:56:07]  Tracking : Az 142, El 11.
[00:56:09]  Tracking : Az 142, El 11.
[00:56:12]  Ping Failed at node 6.
[00:56:17]  Ping Failed at node 6.
[00:56:23]  Ping Failed.
[00:56:27]  Ping Failed at node 3.
[00:56:30]  Ping Failed.
[00:56:32]  Tracking : Az 146, El 9.
[00:56:33]  Ping Failed at node 3.
[00:56:34]  Tracking : Az 146, El 9.
[00:56:37]  Ping Failed.
[00:56:42]  Ping Failed at node 3.
[00:56:46]  Ping Failed.
[00:56:51]  Ping Failed at node 3.
[00:56:53]  Tracking : Az 149, El 8.
[00:56:55]  Tracking : Az 149, El 7.
[00:56:55]  Forked Safe Amplifier Process. (OFF)
[00:57:01]  Finish Engaging.
[00:57:01]  Beacon Success : 0, Ping Success : 11
[00:57:02]  Tracking : Az 0, El 0.
