2025-12-09 11:48
[11:48:17]  Connect to Switch Box.............Success.
[11:48:17]  Connect to Rotator................Success.
[11:48:17]  Connect to GS100..................Success.
[11:48:17]  TM Port 13 bind success.
[11:48:17]  BCN Port 31 bind success.
[11:48:17]  RPT Port 25 bind success.
[11:50:21]  TLE "cubesat" Download Completed.
[11:52:52]  Start Engaging.
[11:52:52]  Tracking : Az 142, El 0.
[11:52:54]  Tracking : Az 142, El 0.
[11:52:56]  Tracking : Az 142, El 0.
[11:52:58]  Tracking : Az 142, El 0.
[11:53:00]  Tracking : Az 142, El 0.
[11:53:02]  Tracking : Az 142, El 0.
[11:53:04]  Tracking : Az 142, El 0.
[11:53:06]  Tracking : Az 142, El 0.
[11:53:08]  Tracking : Az 142, El 0.
[11:53:10]  Tracking : Az 142, El 0.
[11:53:12]  Tracking : Az 142, El 0.
[11:53:14]  Tracking : Az 142, El 0.
[11:53:16]  Tracking : Az 142, El 0.
[12:09:24]  Start Doppler Correction.
[12:12:08]  Forked Safe Amplifier Process.(ON, Timer)
[12:12:17]  Forked Safe Amplifier Process. (OFF)
[12:12:20]  Forked Safe Amplifier Process. (OFF)
[12:12:33]  Finish Engaging.
[12:12:33]  Beacon Success : 0, Ping Success : 0
[12:12:34]  Received Beacon from port : 13.
