2025-12-24 12:31
[12:31:10]  Connect to Switch Box.............Success.
[12:31:10]  Connect to Rotator................Success.
[12:31:10]  Connect to GS100..................Success.
[12:31:10]  TM Port 13 bind success.
[12:31:10]  BCN Port 31 bind success.
[12:31:10]  RPT Port 25 bind success.
[12:31:10]  Event Port 27 bind success.
[12:31:10]  COSMIC Beacon Port 23 bind success.
[12:31:10]  COSMIC Report Port 24 bind success.
[12:31:11]  !!!!!!!!!Received COSMIC Beacon from port : 23.!!!!!!!!!

[12:31:11]  !!!!!!!!!Received COSMIC Report from port : 23.!!!!!!!!!

[12:31:11]  Received Report from port : 23.
[12:31:33]  TLE "cubesat" Download Completed.
[12:31:38]  Start Engaging.
[12:31:38]  Tracking : Az 23, El 28.
[12:31:40]  Tracking : Az 23, El 27.
[12:31:40]  Start Doppler Correction.
[12:31:42]  Tracking : Az 22, El 27.
[12:31:43]  Forked Safe Amplifier Process.(ON, Timer)
[12:31:46]  Ping Success at node 5, 469ms
[12:31:49]  AX100 Boot Count : 22226
[12:31:52]  Tracking : Az 19, El 25.
[12:31:54]  Tracking : Az 19, El 25.
[12:32:06]  Tracking : Az 16, El 23.
[12:32:13]  [OK]CMD Packet Header: 0x18 0x71 0xc0 0x0 0x0 0x1 0x1e 0x49
[12:32:21]  [OK]CMD Packet Header: 0x18 0x23 0xc0 0x0 0x0 0x1 0x1b 0x1e
[12:32:21]  Tracking : Az 13, El 21.
[12:32:21]  [OK]CMD Packet Header: 0x18 0x23 0xc0 0x0 0x0 0x8 0x2 0x18
[12:32:22]  [OK]CMD Packet Header: 0x18 0x19 0xc0 0x0 0x0 0x5 0x0 0x29
[12:32:22]  !!!!!!!!!Received COSMIC Beacon from port : 23.!!!!!!!!!

[12:32:22]  !!!!!!!!!Received COSMIC Report from port : 23.!!!!!!!!!

[12:32:22]  Received Report from port : 23.
[12:32:28]  AX100 Boot Count : 22226
[12:32:35]  Ping Failed.
[12:32:37]  Ping Success at node 5, 466ms
[12:32:39]  !!!!!!!!!Received COSMIC Beacon from port : 23.!!!!!!!!!

[12:32:39]  !!!!!!!!!Received COSMIC Report from port : 23.!!!!!!!!!

[12:32:39]  Received Report from port : 23.
[12:32:41]  !!!!!!!!!Received COSMIC Beacon from port : 23.!!!!!!!!!

[12:32:41]  !!!!!!!!!Received COSMIC Report from port : 23.!!!!!!!!!

[12:32:41]  Received Report from port : 23.
[12:32:45]  Tracking : Az 10, El 17.
[12:32:47]  Tracking : Az 9, El 17.
[12:32:52]  [OK]CMD Packet Header: 0x18 0x71 0xc0 0x0 0x0 0x1 0x1e 0x49
[12:33:03]  [OK]CMD Packet Header: 0x18 0x71 0xc0 0x0 0x0 0x1 0x1e 0x49
[12:33:10]  Tracking : Az 7, El 14.
[12:33:11]  [OK]CMD Packet Header: 0x18 0x71 0xc0 0x0 0x0 0x1 0x1e 0x49
[12:33:12]  Tracking : Az 6, El 14.
[12:33:18]  [OK]CMD Packet Header: 0x18 0x71 0xc0 0x0 0x0 0x1 0x1e 0x49
[12:33:23]  [OK]CMD Packet Header: 0x18 0x71 0xc0 0x0 0x0 0x1 0x1e 0x49
[12:33:30]  [OK]CMD Packet Header: 0x18 0x71 0xc0 0x0 0x0 0x1 0x1e 0x49
[12:33:35]  Cannot Load Remote Parameter.
[12:33:38]  Tracking : Az 4, El 11.
[12:33:38]  Ping Failed.
[12:33:43]  Ping Failed.
[12:33:59]  Ping Failed.
[12:34:07]  Ping Failed.
[12:34:09]  Tracking : Az 1, El 8.
[12:34:11]  Tracking : Az 1, El 8.
[12:34:14]  Ping Failed.
[12:34:20]  Ping Failed.
[12:34:22]  Forked Safe Amplifier Process. (OFF)
[12:34:36]  Finish Engaging.
[12:34:36]  Beacon Success : 0, Ping Success : 2
[12:34:38]  Tracking : Az 0, El 0.
