2026-01-28 13:05
[13:05:37]  Connect to Switch Box.............Success.
[13:05:37]  Connect to Rotator................Success.
[13:05:37]  Connect to GS100..................Success.
[13:05:37]  TM Port 13 bind success.
[13:05:37]  BCN Port 31 bind success.
[13:05:37]  RPT Port 25 bind success.
[13:05:37]  Event Port 27 bind success.
[13:05:37]  COSMIC Beacon Port 23 bind success.
[13:05:37]  COSMIC Report Port 24 bind success.
[13:05:40]  TLE "cubesat" Download Completed.
[13:05:46]  Start Engaging.
[13:05:46]  Tracking : Az 175, El 0.
[13:05:48]  Start Doppler Correction.
[13:05:48]  Tracking : Az 175, El 0.
[13:05:50]  Tracking : Az 175, El 0.
[13:05:51]  Forked Safe Amplifier Process.(ON, Timer)
[13:05:52]  Tracking : Az 175, El 0.
[13:05:54]  Tracking : Az 175, El 0.
[13:05:56]  Tracking : Az 175, El 0.
[13:05:58]  Tracking : Az 175, El 0.
[13:06:00]  Tracking : Az 175, El 0.
[13:06:02]  Tracking : Az 175, El 0.
[13:06:04]  Tracking : Az 175, El 0.
[13:06:06]  Tracking : Az 176, El 0.
[13:06:08]  Tracking : Az 176, El 0.
[13:06:10]  Tracking : Az 176, El 0.
[13:06:12]  Tracking : Az 176, El 1.
[13:06:14]  Tracking : Az 176, El 1.
[13:06:16]  Tracking : Az 176, El 1.
[13:06:30]  Ping Failed.
[13:06:49]  Ping Failed.
[13:06:55]  Tracking : Az 177, El 4.
[13:07:00]  Ping Success at node 5, 480ms
[13:07:09]  [OK]CMD Packet Header: 0x18 0x75 0xc0 0x0 0x0 0x1 0x14 0x47
[13:07:21]  Ping Failed.
[13:07:21]  Tracking : Az 178, El 6.
[13:07:28]  Ping Failed.
[13:07:37]  Ping Failed.
[13:07:48]  Ping Failed.
[13:07:55]  Tracking : Az 179, El 9.
[13:08:01]  Ping Success at node 5, 475ms
[13:08:03]  [OK]CMD Packet Header: 0x18 0x75 0xc0 0x0 0x0 0x1 0x14 0x47
[13:08:04]  Received Report from port : 25.
[13:08:06]  Received Report from port : 25.
[13:08:08]  Received Report from port : 25.
[13:08:26]  Tracking : Az 181, El 12.
[13:08:28]  [OK]CMD Packet Header: 0x18 0x75 0xc0 0x0 0x0 0x5 0x1e 0xa2
[13:08:29]  Received Report from port : 25.
[13:08:31]  Received Report from port : 25.
[13:08:33]  Received Report from port : 25.
[13:08:38]  [OK]CMD Packet Header: 0x18 0x50 0xc0 0x0 0x0 0x1 0x6 0x70
[13:08:46]  Ping Failed.
[13:08:52]  Tracking : Az 182, El 15.
[13:08:54]  Ping Failed.
[13:09:02]  Ping Failed.
[13:09:14]  Tracking : Az 184, El 18.
[13:09:15]  Ping Success at node 5, 472ms
[13:09:18]  [OK]CMD Packet Header: 0x18 0x50 0xc0 0x0 0x0 0x1 0x6 0x70
[13:09:33]  Ping Success at node 5, 461ms
[13:09:34]  Tracking : Az 186, El 21.
[13:09:35]  [OK]CMD Packet Header: 0x18 0x50 0xc0 0x0 0x0 0x1 0x6 0x70
[13:09:36]  Received Report from port : 25.
[13:09:38]  Received Report from port : 25.
[13:09:40]  Received Report from port : 25.
[00:10:04]  [OK]CMD Packet Header: 0x18 0x75 0xc0 0x0 0x0 0x1 0x14 0x47
[13:09:48]  Received Report from port : 25.
[13:09:50]  Received Report from port : 25.
[13:09:51]  Tracking : Az 188, El 24.
[13:09:52]  Received Report from port : 25.
[13:10:05]  [OK]CMD Packet Header: 0x18 0x75 0xc0 0x0 0x0 0x5 0x1e 0xa2
[13:10:06]  Received Report from port : 25.
[13:10:07]  Tracking : Az 190, El 27.
[13:10:08]  Received Report from port : 25.
[13:10:10]  Received Report from port : 25.
[13:10:18]  [OK]CMD Packet Header: 0x18 0x75 0xc0 0x0 0x0 0x1 0x14 0x47
[13:10:18]  Received Report from port : 25.
[13:10:20]  Tracking : Az 192, El 30.
[13:10:20]  Received Report from port : 25.
[13:10:22]  Received Report from port : 25.
[13:10:30]  Tracking : Az 195, El 32.
[13:10:41]  Tracking : Az 197, El 35.
[13:10:47]  Tracking : Az 199, El 36.
[13:10:55]  Tracking : Az 202, El 39.
[13:11:03]  Tracking : Az 205, El 41.
[13:11:10]  Tracking : Az 208, El 43.
[13:11:16]  Tracking : Az 211, El 45.
[13:11:22]  Tracking : Az 214, El 47.
[13:11:27]  Tracking : Az 217, El 49.
[13:11:31]  Tracking : Az 220, El 50.
[13:11:35]  Tracking : Az 223, El 51.
[13:11:39]  Tracking : Az 226, El 52.
[13:11:42]  Tracking : Az 229, El 53.
[13:11:46]  Tracking : Az 232, El 54.
[13:11:49]  Tracking : Az 235, El 55.
[13:11:52]  Tracking : Az 238, El 55.
[13:11:56]  Tracking : Az 242, El 56.
[13:11:59]  Tracking : Az 246, El 56.
[13:12:03]  Tracking : Az 250, El 57.
[13:12:03]  Ping Success at node 5, 455ms
[13:12:05]  Tracking : Az 253, El 57.
[13:12:06]  [OK]CMD Packet Header: 0x18 0x0 0xc0 0x0 0x0 0x71 0x4 0xd
[13:12:09]  Tracking : Az 257, El 57.
[13:12:11]  Tracking : Az 260, El 57.
[13:12:15]  Tracking : Az 264, El 57.
[13:12:17]  Tracking : Az 267, El 57.
[13:12:20]  Tracking : Az 270, El 56.
[13:12:23]  Tracking : Az 274, El 56.
[13:12:24]  [OK]CMD Packet Header: 0x18 0x31 0xc0 0x0 0x0 0x1 0x0 0x17
[13:12:25]  Received Report from port : 25.
[13:12:26]  Tracking : Az 277, El 56.
[13:12:27]  Received Report from port : 25.
[13:12:29]  Received Report from port : 25.
[13:12:29]  Tracking : Az 280, El 55.
[13:12:31]  Received Report from port : 25.
[13:12:32]  Tracking : Az 283, El 55.
[13:12:33]  Received Report from port : 25.
[13:12:35]  Received Report from port : 25.
[13:12:36]  Tracking : Az 287, El 54.
[13:12:39]  Tracking : Az 290, El 53.
[13:12:43]  Tracking : Az 293, El 52.
[13:12:47]  Tracking : Az 296, El 51.
[13:12:52]  Tracking : Az 300, El 49.
[13:12:57]  Tracking : Az 303, El 48.
[13:12:58]  [OK]CMD Packet Header: 0x18 0x31 0xc0 0x0 0x0 0x7 0xa 0x2a
[13:12:59]  Received Report from port : 25.
[13:13:01]  Received Report from port : 25.
[13:13:02]  Tracking : Az 306, El 46.
[13:13:03]  Received Report from port : 25.
[13:13:05]  Received Report from port : 25.
[13:13:07]  Tracking : Az 309, El 45.
[13:13:07]  Received Report from port : 25.
[13:13:09]  Received Report from port : 25.
[13:13:13]  [OK]CMD Packet Header: 0x18 0x31 0xc0 0x0 0x0 0x7 0xa 0x2b
[13:13:14]  Received Report from port : 25.
[13:13:14]  Tracking : Az 312, El 42.
[13:13:16]  Received Report from port : 25.
[13:13:18]  Received Report from port : 25.
[13:13:22]  Tracking : Az 315, El 40.
[13:13:26]  Tracking : Az 317, El 39.
[13:13:36]  [OK]CMD Packet Header: 0x18 0x31 0xc0 0x0 0x0 0x1 0x0 0x17
[13:13:36]  Tracking : Az 320, El 36.
[13:13:37]  Received Report from port : 25.
[13:13:39]  Received Report from port : 25.
[13:13:41]  Received Report from port : 25.
[13:13:43]  Received Report from port : 25.
[13:13:43]  Tracking : Az 322, El 34.
[13:13:45]  Received Report from port : 25.
[13:13:47]  Received Report from port : 25.
[13:13:53]  Tracking : Az 324, El 31.
[13:14:00]  [OK]CMD Packet Header: 0x18 0x31 0xc0 0x0 0x0 0x7 0xa 0x28
[13:14:01]  Received Report from port : 25.
[13:14:03]  Received Report from port : 25.
[13:14:05]  Received Report from port : 25.
[13:14:05]  Tracking : Az 327, El 29.
[13:14:07]  Received Report from port : 25.
[13:14:09]  Received Report from port : 25.
[13:14:11]  Received Report from port : 25.
[13:14:16]  Tracking : Az 328, El 26.
[13:14:17]  [OK]CMD Packet Header: 0x18 0x31 0xc0 0x0 0x0 0x7 0xa 0x2b
[13:14:18]  Received Report from port : 25.
[13:14:20]  Received Report from port : 25.
[13:14:22]  Received Report from port : 25.
[13:14:24]  Received Report from port : 25.
[13:14:26]  Received Report from port : 25.
[13:14:28]  Received Report from port : 25.
[13:14:36]  Tracking : Az 331, El 22.
[13:14:40]  [OK]CMD Packet Header: 0x18 0x75 0xc0 0x0 0x0 0x1 0x14 0x47
[13:14:41]  Received Report from port : 25.
[13:14:43]  Received Report from port : 25.
[13:14:45]  Received Report from port : 25.
[13:14:55]  Tracking : Az 333, El 19.
[13:15:12]  [OK]CMD Packet Header: 0x18 0x15 0xc0 0x0 0x0 0x45 0xa 0x37
[13:15:13]  Received GETFILEINFO Response from port : 23.

[13:15:15]  Tracking : Az 335, El 16.
[13:15:24]  [OK]CMD Packet Header: 0x18 0x15 0xc0 0x0 0x0 0x45 0xa 0x36
[13:15:25]  Received GETFILEINFO Response from port : 23.

[13:15:33]  [OK]CMD Packet Header: 0x18 0x15 0xc0 0x0 0x0 0x45 0xa 0x35
[13:15:34]  Received GETFILEINFO Response from port : 23.

[13:15:48]  Tracking : Az 337, El 12.
[13:15:51]  [OK]CMD Packet Header: 0x18 0x15 0xc0 0x0 0x0 0x45 0xa 0x36
[13:15:51]  Received GETFILEINFO Response from port : 23.

[13:16:17]  Tracking : Az 339, El 9.
[13:16:17]  [OK]CMD Packet Header: 0x18 0x75 0xc0 0x0 0x0 0x1 0x14 0x47
[13:16:18]  Received Report from port : 25.
[13:16:20]  Received Report from port : 25.
[13:16:22]  Received Report from port : 25.
[13:16:41]  AX100 Boot Count : 192
[13:16:51]  Forked Safe Amplifier Process. (OFF)
[13:16:54]  Finish Engaging.
[13:16:54]  Beacon Success : 0, Ping Success : 5
[13:16:55]  Tracking : Az 0, El 0.
[13:18:41]  TLE "active" Download Completed.
[13:42:50]  [Track]SetNowTracking rejected. index=13455 ptr=(nil)
[13:42:58]  [Track]SetNowTracking rejected. index=13455 ptr=(nil)
[13:42:59]  [Track]SetNowTracking rejected. index=13455 ptr=(nil)
[13:42:59]  [Track]SetNowTracking rejected. index=13455 ptr=(nil)
[13:45:53]  [Track]SetNowTracking rejected. index=13455 ptr=(nil)
