2026-01-10 11:20
[11:20:27]  Connect to Switch Box.............Success.
[11:20:27]  Connect to Rotator................Success.
[11:20:27]  Connect to GS100..................Success.
[11:20:27]  TM Port 13 bind success.
[11:20:27]  BCN Port 31 bind success.
[11:20:27]  RPT Port 25 bind success.
[11:20:27]  Event Port 27 bind success.
[11:20:27]  COSMIC Beacon Port 23 bind success.
[11:20:27]  COSMIC Report Port 24 bind success.
[11:20:35]  TLE "cubesat" Download Completed.
[11:20:49]  [Auto]Start AutoPilot.
[11:20:49]  [Auto]Start Autopilot. Next Valuable AOS : 1/10 11:26:44
[11:20:49]  [Auto]Max Elevation : 9.30° Please Keep Devices On.
[11:21:44]  [Auto]Start Engaging.
[11:21:44]  [Auto]Start Doppler Correction.
[11:21:44]  Forked Safe Amplifier Process.(ON, Timer)
[11:21:44]  Tracking : Az 111, El 0.
[11:21:46]  Tracking : Az 111, El 0.
[11:21:48]  Tracking : Az 111, El 0.
[11:21:50]  Tracking : Az 111, El 0.
[11:21:51]  Ping Failed.
[11:21:52]  Tracking : Az 111, El 0.
[11:21:54]  Tracking : Az 111, El 0.
[11:21:56]  Tracking : Az 111, El 0.
[11:21:58]  Tracking : Az 111, El 0.
[11:21:58]  Ping Failed.
[11:22:00]  Tracking : Az 111, El 0.
[11:22:02]  Tracking : Az 111, El 0.
[11:22:06]  Ping Failed.
[11:22:13]  Ping Failed.
[11:22:20]  Ping Failed.
[11:22:28]  Ping Failed.
[11:22:35]  Ping Failed.
[11:22:42]  Ping Failed.
[11:22:49]  Ping Failed.
[11:22:57]  Ping Failed.
[11:23:04]  Ping Failed.
[11:23:11]  Ping Failed.
[11:23:19]  Ping Failed.
[11:23:26]  Ping Failed.
[11:23:33]  Ping Failed.
[11:23:41]  Ping Failed.
[11:23:48]  Ping Failed.
[11:23:55]  Ping Failed.
[11:24:03]  Ping Failed.
[11:24:10]  Ping Failed.
[11:24:17]  Ping Failed.
[11:24:25]  Ping Failed.
[11:24:32]  Ping Failed.
[11:24:39]  Ping Failed.
[11:24:47]  Ping Failed.
[11:24:54]  Ping Failed.
[11:25:01]  Ping Failed.
[11:25:09]  Ping Failed.
[11:25:16]  Ping Failed.
[11:25:23]  Ping Failed.
[11:25:31]  Ping Failed.
[11:25:38]  Ping Failed.
[11:25:45]  Ping Failed.
[11:25:53]  Ping Failed.
[11:26:00]  Ping Failed.
[11:26:07]  Ping Failed.
[11:26:15]  Ping Failed.
[11:26:22]  Ping Failed.
[11:26:29]  Ping Failed.
[11:26:37]  Ping Failed.
[11:26:44]  Ping Failed.
[11:26:51]  Ping Failed.
[11:26:59]  Ping Failed.
[11:27:05]  Tracking : Az 108, El 1.
[11:27:06]  Ping Failed.
[11:27:13]  Ping Failed.
[11:27:21]  Ping Failed.
[11:27:28]  Ping Failed.
[11:27:30]  Tracking : Az 105, El 2.
[11:27:35]  Ping Failed.
[11:27:43]  Ping Failed.
[11:27:50]  Ping Failed.
[11:27:52]  Tracking : Az 102, El 3.
[11:27:57]  Ping Failed.
[11:28:05]  Ping Failed.
[11:28:12]  Ping Failed.
[11:28:13]  Tracking : Az 99, El 4.
[11:28:19]  Ping Failed.
[11:28:27]  Ping Failed.
[11:28:33]  Tracking : Az 96, El 5.
[11:28:34]  Ping Failed.
[11:28:41]  Ping Failed.
[11:28:45]  Tracking : Az 94, El 5.
[11:28:49]  Ping Failed.
[11:28:56]  Ping Failed.
[11:29:03]  Tracking : Az 91, El 6.
[11:29:03]  Ping Failed.
[11:29:09]  Ping Success at node 5, 471ms
[11:29:14]  Ping Success at node 5, 471ms
[11:29:20]  Tracking : Az 88, El 6.
[11:29:20]  Ping Success at node 5, 471ms
[11:29:25]  Ping Success at node 5, 471ms
[11:29:31]  Ping Success at node 5, 471ms
[11:29:36]  [Auto]Start GND WDT reset sequence
[11:29:36]  [OK]CMD Packet Header: 0x18 0x50 0xc0 0x0 0x0 0x1 0x6 0x70
[11:29:36]  [Auto]AX100 GND WDT CMD sent (1/3)
[11:29:36]  Ping Success at node 5, 583ms
[11:29:38]  Tracking : Az 85, El 7.
[11:29:46]  [OK]CMD Packet Header: 0x18 0x50 0xc0 0x0 0x0 0x1 0x6 0x70
[11:29:46]  [Auto]AX100 GND WDT CMD sent (2/3)
[11:29:56]  Tracking : Az 81, El 8.
[11:29:56]  [OK]CMD Packet Header: 0x18 0x50 0xc0 0x0 0x0 0x1 0x6 0x70
[11:29:57]  [Auto]AX100 GND WDT CMD sent (3/3)
[11:30:07]  [OK]CMD Packet Header: 0x18 0x75 0xc0 0x0 0x0 0x5 0x1e 0xa2
[11:30:07]  [Auto]EPS P60 DOCK GND WDT CMD sent (1/3)
[11:30:11]  Tracking : Az 78, El 8.
[11:30:17]  [OK]CMD Packet Header: 0x18 0x75 0xc0 0x0 0x0 0x5 0x1e 0xa2
[11:30:17]  [Auto]EPS P60 DOCK GND WDT CMD sent (2/3)
[11:30:25]  Tracking : Az 75, El 8.
[11:30:27]  [OK]CMD Packet Header: 0x18 0x75 0xc0 0x0 0x0 0x5 0x1e 0xa2
[11:30:28]  [Auto]EPS P60 DOCK GND WDT CMD sent (3/3)
[11:30:38]  [Auto]GND WDT sequence completed
[11:30:39]  Tracking : Az 72, El 8.
[11:30:57]  Tracking : Az 68, El 9.
[11:31:10]  Tracking : Az 65, El 9.
[11:31:24]  Tracking : Az 62, El 9.
[11:31:37]  Tracking : Az 59, El 9.
[11:31:51]  Tracking : Az 56, El 9.
[11:32:05]  Tracking : Az 53, El 8.
[11:32:23]  Tracking : Az 49, El 8.
[11:32:38]  Tracking : Az 46, El 8.
[11:32:52]  Tracking : Az 43, El 7.
[11:33:08]  Tracking : Az 40, El 7.
[11:33:24]  Tracking : Az 37, El 6.
[11:33:46]  Tracking : Az 33, El 5.
[11:34:04]  Tracking : Az 30, El 5.
[11:34:23]  Tracking : Az 27, El 4.
[11:34:44]  Tracking : Az 24, El 3.
[11:35:06]  Tracking : Az 21, El 2.
[11:35:22]  Tracking : Az 19, El 1.
[11:35:48]  Tracking : Az 16, El 0.
[11:36:05]  [Auto]Stop Doppler Correction.
[11:36:05]  [Auto]Finish Engaging.
[11:36:05]  Tracking : Az 0, El 0.
[11:36:06]  [Auto]Beacon Success : 0, Ping Success : 6 CMD Success : 0
[11:36:06]  [Auto]Update TLE...
[11:36:06]  [Auto]TLE "cubesat" Download Completed.
[11:36:09]  Forked Safe Amplifier Process. (OFF)
[11:36:09]  Reset GS100 watchdog.
[11:36:21]  [Auto]Start Autopilot. Next Valuable AOS : 1/10 12:59:56
[11:36:21]  [Auto]Max Elevation : 70.05° Please Keep Devices On.
[11:37:09]  TLE "cubesat" Download Completed.
[11:37:09]  [Auto]Start Engaging.
[11:37:09]  [Auto]Start Engaging.
[11:37:09]  [Auto]Start Doppler Correction.
[11:37:09]  Tracking : Az 9, El -3.
[11:37:09]  Forked Safe Amplifier Process.(ON, Timer)
[11:37:11]  Tracking : Az 9, El -3.
[11:37:13]  Tracking : Az 9, El -3.
[11:37:15]  Tracking : Az 9, El -3.
[11:37:17]  Tracking : Az 9, El -3.
[11:37:19]  Tracking : Az 9, El -3.
[11:37:21]  Tracking : Az 9, El -3.
[11:37:23]  Tracking : Az 9, El -3.
[11:37:25]  Tracking : Az 9, El -3.
[11:37:27]  Tracking : Az 9, El -3.
[11:37:29]  Tracking : Az 9, El -3.
[11:37:31]  Tracking : Az 9, El -3.
[11:37:33]  Tracking : Az 9, El -3.
[11:37:35]  Tracking : Az 9, El -3.
[11:37:37]  Tracking : Az 9, El -3.
[11:37:39]  Tracking : Az 9, El -3.
[11:37:41]  Tracking : Az 9, El -3.
[11:37:43]  Tracking : Az 9, El -3.
[11:37:45]  Tracking : Az 9, El -3.
[11:37:47]  Tracking : Az 9, El -3.
[11:37:49]  Tracking : Az 9, El -3.
[11:37:51]  Tracking : Az 9, El -3.
[11:37:53]  Tracking : Az 9, El -3.
[11:37:55]  Tracking : Az 9, El -3.
[11:37:57]  Tracking : Az 9, El -3.
[11:37:59]  Tracking : Az 9, El -3.
[11:38:01]  Tracking : Az 9, El -3.
[11:38:03]  Tracking : Az 9, El -3.
[11:38:05]  Tracking : Az 9, El -3.
[11:38:07]  Tracking : Az 9, El -3.
[11:38:09]  Tracking : Az 9, El -3.
[11:38:11]  Tracking : Az 9, El -3.
[11:38:13]  Tracking : Az 9, El -3.
[11:38:15]  Tracking : Az 9, El -3.
[11:38:17]  Tracking : Az 9, El -3.
[11:38:19]  Tracking : Az 9, El -3.
[11:38:21]  Tracking : Az 9, El -3.
[11:38:23]  Tracking : Az 9, El -3.
[11:38:25]  Tracking : Az 9, El -3.
[11:38:27]  Tracking : Az 9, El -3.
[11:38:29]  Tracking : Az 9, El -3.
[11:38:31]  Tracking : Az 9, El -3.
[11:38:33]  Tracking : Az 9, El -3.
[11:38:35]  Tracking : Az 9, El -3.
[11:38:37]  Tracking : Az 9, El -3.
[11:38:39]  Tracking : Az 9, El -3.
[11:38:41]  Tracking : Az 9, El -3.
[11:38:43]  Tracking : Az 9, El -3.
[11:38:45]  Tracking : Az 9, El -3.
[11:38:47]  Tracking : Az 9, El -3.
[11:38:49]  Tracking : Az 9, El -3.
[11:38:51]  Tracking : Az 9, El -3.
[11:38:53]  Tracking : Az 9, El -3.
[11:38:55]  Tracking : Az 9, El -3.
[11:38:57]  Tracking : Az 9, El -3.
[11:38:59]  Tracking : Az 9, El -3.
[11:39:01]  Tracking : Az 9, El -3.
[11:39:03]  Tracking : Az 9, El -3.
[11:39:05]  Tracking : Az 9, El -3.
[11:39:07]  Tracking : Az 9, El -3.
[11:39:09]  Tracking : Az 9, El -3.
[11:39:11]  Tracking : Az 9, El -3.
[11:39:13]  Tracking : Az 9, El -3.
[11:39:15]  Rotator Read Failed.
[11:39:15]  Tracking : Az 9, El -3.
[11:39:17]  Tracking : Az 9, El -3.
[11:39:19]  Tracking : Az 9, El -3.
[11:39:21]  Tracking : Az 9, El -3.
[11:39:23]  Tracking : Az 9, El -3.
[11:39:25]  Tracking : Az 9, El -3.
[11:39:27]  Tracking : Az 9, El -3.
[11:39:29]  Rotator Read Failed.
[11:39:29]  Tracking : Az 9, El -3.
[11:39:31]  Rotator Read Failed.
[11:39:31]  Tracking : Az 9, El -3.
[11:39:33]  Rotator Read Failed.
[11:39:33]  Tracking : Az 9, El -3.
[11:39:35]  Rotator Read Failed.
[11:39:35]  Tracking : Az 9, El -3.
[11:39:37]  Rotator Read Failed.
[11:39:37]  Tracking : Az 9, El -3.
[11:39:39]  Rotator Read Failed.
[11:39:39]  Tracking : Az 9, El -3.
[11:39:41]  Rotator Read Failed.
[11:39:41]  Tracking : Az 9, El -3.
[11:39:43]  Rotator Read Failed.
[11:39:43]  Tracking : Az 9, El -3.
[11:39:45]  Rotator Read Failed.
[11:39:45]  Tracking : Az 9, El -3.
[11:39:47]  Rotator Read Failed.
[11:39:47]  Tracking : Az 9, El -3.
[11:39:49]  Rotator Read Failed.
[11:39:49]  Tracking : Az 9, El -3.
[11:39:51]  Rotator Read Failed.
[11:39:51]  Tracking : Az 9, El -3.
[11:39:53]  Tracking : Az 9, El -3.
[11:39:55]  Tracking : Az 9, El -3.
[11:39:57]  Tracking : Az 9, El -3.
[11:39:59]  Tracking : Az 9, El -3.
[11:40:01]  Tracking : Az 9, El -3.
[11:40:03]  Tracking : Az 9, El -3.
[11:40:05]  Tracking : Az 9, El -3.
[11:40:07]  Rotator Read Failed.
[11:40:07]  Tracking : Az 9, El -3.
[11:40:09]  Rotator Read Failed.
[11:40:09]  Tracking : Az 9, El -3.
[11:40:11]  Rotator Read Failed.
[11:40:11]  Tracking : Az 9, El -3.
[11:40:13]  Rotator Read Failed.
[11:40:13]  Tracking : Az 9, El -3.
[11:40:15]  Rotator Read Failed.
[11:40:15]  Tracking : Az 9, El -3.
[11:40:17]  Rotator Read Failed.
[11:40:17]  Tracking : Az 9, El -3.
[11:40:19]  Rotator Read Failed.
[11:40:19]  Tracking : Az 9, El -3.
[11:40:21]  Rotator Read Failed.
[11:40:21]  Tracking : Az 9, El -3.
[11:40:23]  Rotator Read Failed.
[11:40:23]  Tracking : Az 9, El -3.
[11:40:25]  Rotator Read Failed.
[11:40:25]  Tracking : Az 9, El -3.
[11:40:27]  Rotator Read Failed.
[11:40:27]  Tracking : Az 9, El -3.
[11:40:29]  Rotator Read Failed.
[11:40:29]  Tracking : Az 9, El -3.
[11:40:31]  Rotator Read Failed.
[11:40:31]  Tracking : Az 9, El -3.
[11:40:33]  Rotator Read Failed.
[11:40:33]  Tracking : Az 9, El -3.
[11:40:35]  Rotator Read Failed.
[11:40:35]  Tracking : Az 9, El -3.
[11:40:37]  Tracking : Az 9, El -3.
[11:40:39]  Tracking : Az 9, El -3.
[11:40:41]  Tracking : Az 9, El -3.
[11:40:43]  Tracking : Az 9, El -3.
[11:40:45]  Rotator Read Failed.
[11:40:45]  Tracking : Az 9, El -3.
[11:40:47]  Rotator Read Failed.
[11:40:47]  Tracking : Az 9, El -3.
[11:40:49]  Rotator Read Failed.
[11:40:49]  Tracking : Az 9, El -3.
[11:40:51]  Rotator Read Failed.
[11:40:51]  Tracking : Az 9, El -3.
[11:40:53]  Rotator Read Failed.
[11:40:53]  Tracking : Az 9, El -3.
[11:40:55]  Tracking : Az 9, El -3.
[11:40:57]  Tracking : Az 9, El -3.
[11:40:59]  Tracking : Az 9, El -3.
[11:41:01]  Tracking : Az 9, El -3.
[11:41:03]  Tracking : Az 9, El -3.
[11:41:05]  Tracking : Az 9, El -3.
[11:41:07]  Tracking : Az 9, El -3.
[11:41:09]  Tracking : Az 9, El -3.
[11:41:11]  Tracking : Az 9, El -3.
[11:41:13]  Tracking : Az 9, El -3.
[11:41:15]  Tracking : Az 9, El -3.
[11:41:17]  Tracking : Az 9, El -3.
[11:41:19]  Tracking : Az 9, El -3.
[11:41:21]  Tracking : Az 9, El -3.
[11:41:23]  Tracking : Az 9, El -3.
[11:41:25]  Tracking : Az 9, El -3.
[11:41:27]  Tracking : Az 9, El -3.
[11:41:29]  Tracking : Az 9, El -3.
[11:41:31]  Tracking : Az 9, El -3.
[11:41:33]  Tracking : Az 9, El -3.
[11:41:35]  Tracking : Az 9, El -3.
[11:41:37]  Tracking : Az 9, El -3.
[11:41:39]  Tracking : Az 9, El -3.
[11:41:41]  Tracking : Az 9, El -3.
[11:41:43]  Tracking : Az 9, El -3.
[11:41:45]  Tracking : Az 9, El -3.
[11:41:47]  Tracking : Az 9, El -3.
[11:41:49]  Tracking : Az 9, El -3.
[11:41:51]  Tracking : Az 9, El -3.
[11:41:53]  Rotator Read Failed.
[11:41:53]  Tracking : Az 9, El -3.
[11:41:55]  Tracking : Az 9, El -3.
[11:41:57]  Tracking : Az 9, El -3.
[11:41:59]  Tracking : Az 9, El -3.
[11:42:01]  Tracking : Az 9, El -3.
[11:42:03]  Tracking : Az 9, El -3.
[11:42:05]  Tracking : Az 9, El -3.
[11:42:07]  Tracking : Az 9, El -3.
[11:42:09]  Tracking : Az 9, El -3.
[11:42:11]  Tracking : Az 9, El -3.
[11:42:13]  Tracking : Az 9, El -3.
[11:42:15]  Tracking : Az 9, El -3.
[11:42:17]  Tracking : Az 9, El -3.
[11:42:19]  Tracking : Az 9, El -3.
[11:42:21]  Tracking : Az 9, El -3.
[11:42:23]  Tracking : Az 9, El -3.
[11:42:25]  Tracking : Az 9, El -3.
[11:42:27]  Tracking : Az 9, El -3.
[11:42:29]  Tracking : Az 9, El -3.
[11:42:31]  Tracking : Az 9, El -3.
[11:42:33]  Tracking : Az 9, El -3.
[11:42:35]  Tracking : Az 9, El -3.
[11:42:37]  Tracking : Az 9, El -3.
[11:42:39]  Tracking : Az 9, El -3.
[11:42:41]  Tracking : Az 9, El -3.
[11:42:43]  Tracking : Az 9, El -3.
[11:42:45]  Tracking : Az 9, El -3.
[11:42:47]  Tracking : Az 9, El -3.
[11:42:49]  Tracking : Az 9, El -3.
[11:42:51]  Tracking : Az 9, El -3.
[11:42:53]  Tracking : Az 9, El -3.
[11:42:55]  Tracking : Az 9, El -3.
[11:42:57]  Tracking : Az 9, El -3.
[11:42:59]  Tracking : Az 9, El -3.
[11:43:01]  Tracking : Az 9, El -3.
[11:43:03]  Tracking : Az 9, El -3.
[11:43:05]  Tracking : Az 9, El -3.
[11:43:07]  Tracking : Az 9, El -3.
[11:43:09]  Tracking : Az 9, El -3.
[11:43:11]  Tracking : Az 9, El -3.
[11:43:13]  Tracking : Az 9, El -3.
[11:43:15]  Tracking : Az 9, El -3.
[11:43:17]  Tracking : Az 9, El -3.
[11:43:19]  Tracking : Az 9, El -3.
[11:43:21]  Rotator Read Failed.
[11:43:21]  Tracking : Az 9, El -3.
[11:43:23]  Tracking : Az 9, El -3.
[11:43:25]  Tracking : Az 9, El -3.
[11:43:27]  Tracking : Az 9, El -3.
[11:43:29]  Tracking : Az 9, El -3.
[11:43:31]  Rotator Read Failed.
[11:43:31]  Tracking : Az 9, El -3.
[11:43:33]  Rotator Read Failed.
[11:43:33]  Tracking : Az 9, El -3.
[11:43:35]  Rotator Read Failed.
[11:43:35]  Tracking : Az 9, El -3.
[11:43:37]  Rotator Read Failed.
[11:43:37]  Tracking : Az 9, El -3.
[11:43:39]  Rotator Read Failed.
[11:43:39]  Tracking : Az 9, El -3.
[11:43:41]  Rotator Read Failed.
[11:43:41]  Tracking : Az 9, El -3.
[11:43:43]  Tracking : Az 9, El -3.
[11:43:45]  Tracking : Az 9, El -3.
[11:43:47]  Tracking : Az 9, El -3.
[11:43:49]  Tracking : Az 9, El -3.
[11:43:51]  Tracking : Az 9, El -3.
[11:43:53]  Tracking : Az 9, El -3.
[11:43:55]  Tracking : Az 9, El -3.
[11:43:57]  Tracking : Az 9, El -3.
