2025-12-23 12:02
[12:02:45]  Connect to Switch Box.............Success.
[12:02:45]  Connect to Rotator................Success.
[12:02:45]  Connect to GS100..................Success.
[12:02:45]  TM Port 13 bind success.
[12:02:45]  BCN Port 31 bind success.
[12:02:45]  RPT Port 25 bind success.
[12:02:45]  Event Port 27 bind success.
[12:02:45]  COSMIC Beacon Port 23 bind success.
[12:02:45]  COSMIC Report Port 24 bind success.
[12:03:04]  TLE "cubesat" Download Completed.
[12:03:09]  Start Engaging.
[12:03:09]  Tracking : Az 145, El 0.
[12:03:11]  Tracking : Az 145, El 0.
[12:03:12]  Start Doppler Correction.
[12:03:13]  Tracking : Az 145, El 0.
[12:03:15]  Tracking : Az 145, El 0.
[12:03:17]  Tracking : Az 145, El 0.
[12:03:19]  Tracking : Az 145, El 0.
[12:03:21]  Tracking : Az 145, El 0.
[12:03:23]  Tracking : Az 145, El 0.
[12:03:25]  Tracking : Az 145, El 0.
[12:03:27]  Tracking : Az 145, El 0.
[12:03:29]  Tracking : Az 145, El 0.
[12:03:31]  Tracking : Az 145, El 0.
[12:03:33]  Tracking : Az 145, El 0.
[12:16:21]  Forked Safe Amplifier Process.(ON, Timer)
[12:16:37]  Ping Failed.
[12:16:41]  Ping Failed.
[12:16:44]  Ping Success at node 5, 474ms
[12:16:50]  Ping Failed.
[12:16:53]  Tracking : Az 142, El 3.
[12:16:54]  Ping Failed.
[12:16:55]  Tracking : Az 142, El 3.
[12:16:58]  Ping Failed.
[12:17:02]  Ping Failed.
[12:17:06]  Cannot Load Remote Parameter.
[12:17:11]  Ping Failed.
[12:17:19]  Ping Failed.
[12:17:23]  Ping Failed.
[12:17:26]  Tracking : Az 140, El 5.
[12:17:27]  Ping Success at node 5, 470ms
[12:17:28]  Tracking : Az 140, El 5.
[12:17:29]  Ping Success at node 5, 474ms
[12:17:31]  Ping Success at node 5, 468ms
[12:17:34]  Cannot Load Remote Parameter.
[12:17:38]  Cannot Load Remote Parameter.
[12:17:40]  AX100 Boot Count : 22226
[12:17:46]  Cannot Load Remote Parameter.
[12:17:47]  Tracking : Az 139, El 7.
[12:17:49]  Tracking : Az 139, El 7.
[12:18:12]  Tracking : Az 137, El 9.
[12:18:14]  Tracking : Az 137, El 9.
[12:18:14]  [OK]CMD Packet Header: 0x18 0x23 0xc0 0x0 0x0 0x1 0x6 0x3
[12:18:16]  [OK]CMD Packet Header: 0x18 0x23 0xc0 0x0 0x0 0x1 0x6 0x3
[12:18:18]  [OK]CMD Packet Header: 0x18 0x23 0xc0 0x0 0x0 0x1 0x6 0x3
[12:18:30]  [OK]CMD Packet Header: 0x18 0x20 0xc0 0x0 0x0 0x5 0x7 0xd
[12:18:32]  [OK]CMD Packet Header: 0x18 0x20 0xc0 0x0 0x0 0x5 0x7 0xd
[12:18:34]  Tracking : Az 135, El 11.
[12:18:35]  [OK]CMD Packet Header: 0x18 0x20 0xc0 0x0 0x0 0x5 0x7 0xd
[12:18:36]  Tracking : Az 134, El 11.
[12:18:42]  [OBC]Ping Failed.
[12:18:51]  Ping Success at node 3, 468ms
[12:19:01]  Tracking : Az 131, El 13.
[12:19:04]  Tracking : Az 131, El 14.
[12:19:06]  [OK]CMD Packet Header: 0x18 0x23 0xc0 0x0 0x0 0x1 0x1b 0x1e
[12:19:07]  [OK]CMD Packet Header: 0x18 0x23 0xc0 0x0 0x0 0x8 0x2 0x18
[12:19:07]  [OK]CMD Packet Header: 0x18 0x19 0xc0 0x0 0x0 0x5 0x0 0x29
[12:19:08]  !!!!!!!!!Received COSMIC Beacon from port : 23.!!!!!!!!!

[12:19:08]  !!!!!!!!!Received COSMIC Report from port : 23.!!!!!!!!!

[12:19:08]  Received Report from port : 23.
[12:19:11]  !!!!!!!!!Received COSMIC Beacon from port : 23.!!!!!!!!!

[12:19:11]  !!!!!!!!!Received COSMIC Report from port : 23.!!!!!!!!!

[12:19:11]  Received Report from port : 23.
[12:19:15]  !!!!!!!!!Received COSMIC Beacon from port : 23.!!!!!!!!!

[12:19:15]  !!!!!!!!!Received COSMIC Report from port : 23.!!!!!!!!!

[12:19:15]  Received Report from port : 23.
[12:19:17]  !!!!!!!!!Received COSMIC Beacon from port : 23.!!!!!!!!!

[12:19:17]  !!!!!!!!!Received COSMIC Report from port : 23.!!!!!!!!!

[12:19:17]  Received Report from port : 23.
[12:19:21]  !!!!!!!!!Received COSMIC Beacon from port : 23.!!!!!!!!!

[12:19:21]  !!!!!!!!!Received COSMIC Report from port : 23.!!!!!!!!!

[12:19:21]  Received Report from port : 23.
[12:19:22]  Tracking : Az 128, El 15.
[12:19:23]  !!!!!!!!!Received COSMIC Beacon from port : 23.!!!!!!!!!

[12:19:23]  !!!!!!!!!Received COSMIC Report from port : 23.!!!!!!!!!

[12:19:23]  Received Report from port : 23.
[12:19:24]  Tracking : Az 128, El 16.
[12:19:40]  Tracking : Az 125, El 18.
[12:19:42]  Tracking : Az 125, El 18.
[12:19:55]  Tracking : Az 122, El 19.
[12:19:57]  Tracking : Az 122, El 20.
[12:20:09]  Tracking : Az 119, El 21.
[12:20:16]  [OK]CMD Packet Header: 0x18 0x23 0xc0 0x0 0x0 0x1 0x1b 0x1e
[12:20:17]  [OK]CMD Packet Header: 0x18 0x23 0xc0 0x0 0x0 0x8 0x2 0x18
[12:20:17]  [OK]CMD Packet Header: 0x18 0x19 0xc0 0x0 0x0 0x5 0x0 0x29
[12:20:18]  !!!!!!!!!Received COSMIC Beacon from port : 23.!!!!!!!!!

[12:20:18]  !!!!!!!!!Received COSMIC Report from port : 23.!!!!!!!!!

[12:20:18]  Received Report from port : 23.
[12:20:21]  Tracking : Az 116, El 23.
[12:20:23]  Tracking : Az 116, El 23.
[12:20:32]  Tracking : Az 113, El 24.
[12:20:34]  Tracking : Az 113, El 25.
[12:20:41]  Tracking : Az 110, El 25.
[12:20:48]  Tracking : Az 108, El 26.
[12:20:50]  Tracking : Az 108, El 27.
[12:20:56]  Tracking : Az 105, El 27.
[12:20:58]  Tracking : Az 105, El 28.
[12:20:58]  [OK]CMD Packet Header: 0x18 0x23 0xc0 0x0 0x0 0x1 0x1b 0x1e
[12:20:59]  [OK]CMD Packet Header: 0x18 0x23 0xc0 0x0 0x0 0x8 0x2 0x18
[12:20:59]  [OK]CMD Packet Header: 0x18 0x19 0xc0 0x0 0x0 0x5 0x0 0x29
[12:21:00]  !!!!!!!!!Received COSMIC Beacon from port : 23.!!!!!!!!!

[12:21:00]  !!!!!!!!!Received COSMIC Report from port : 23.!!!!!!!!!

[12:21:00]  Received Report from port : 23.
[12:21:04]  Tracking : Az 102, El 28.
[12:21:07]  Tracking : Az 101, El 29.
[12:21:09]  Tracking : Az 100, El 29.
[12:21:16]  Tracking : Az 97, El 30.
[12:21:16]  [OK]CMD Packet Header: 0x18 0x23 0xc0 0x0 0x0 0x1 0x1b 0x1e
[12:21:17]  [OK]CMD Packet Header: 0x18 0x23 0xc0 0x0 0x0 0x8 0x2 0x18
[12:21:17]  [OK]CMD Packet Header: 0x18 0x19 0xc0 0x0 0x0 0x5 0x0 0x29
[12:21:18]  Tracking : Az 97, El 30.
[12:21:18]  !!!!!!!!!Received COSMIC Beacon from port : 23.!!!!!!!!!

[12:21:18]  !!!!!!!!!Received COSMIC Report from port : 23.!!!!!!!!!

[12:21:18]  Received Report from port : 23.
[12:21:26]  !!!!!!!!!Received COSMIC Beacon from port : 23.!!!!!!!!!

[12:21:26]  !!!!!!!!!Received COSMIC Report from port : 23.!!!!!!!!!

[12:21:26]  Received Report from port : 23.
[12:21:28]  Tracking : Az 92, El 31.
[12:21:29]  [OK]CMD Packet Header: 0x18 0x23 0xc0 0x0 0x0 0x1 0x1b 0x1e
[12:21:29]  [OK]CMD Packet Header: 0x18 0x23 0xc0 0x0 0x0 0x8 0x2 0x18
[12:21:30]  [OK]CMD Packet Header: 0x18 0x19 0xc0 0x0 0x0 0x5 0x0 0x29
[12:21:30]  Tracking : Az 91, El 31.
[12:21:30]  !!!!!!!!!Received COSMIC Beacon from port : 23.!!!!!!!!!

[12:21:30]  !!!!!!!!!Received COSMIC Report from port : 23.!!!!!!!!!

[12:21:30]  Received Report from port : 23.
[12:21:31]  !!!!!!!!!Received COSMIC Beacon from port : 23.!!!!!!!!!

[12:21:31]  !!!!!!!!!Received COSMIC Report from port : 23.!!!!!!!!!

[12:21:31]  Received Report from port : 23.
[12:21:32]  !!!!!!!!!Received COSMIC Beacon from port : 23.!!!!!!!!!

[12:21:32]  !!!!!!!!!Received COSMIC Report from port : 23.!!!!!!!!!

[12:21:32]  Received Report from port : 23.
[12:21:36]  Tracking : Az 88, El 32.
[12:21:38]  Tracking : Az 87, El 32.
[12:21:40]  [OK]CMD Packet Header: 0x18 0x23 0xc0 0x0 0x0 0x1 0x1b 0x1e
[12:21:41]  [OK]CMD Packet Header: 0x18 0x23 0xc0 0x0 0x0 0x8 0x2 0x18
[12:21:41]  [OK]CMD Packet Header: 0x18 0x19 0xc0 0x0 0x0 0x5 0x0 0x29
[12:21:42]  !!!!!!!!!Received COSMIC Beacon from port : 23.!!!!!!!!!

[12:21:42]  !!!!!!!!!Received COSMIC Report from port : 23.!!!!!!!!!

[12:21:42]  Received Report from port : 23.
[12:21:44]  Tracking : Az 84, El 32.
[12:21:46]  Tracking : Az 83, El 33.
[12:21:52]  Tracking : Az 80, El 33.
[12:21:54]  Tracking : Az 79, El 33.
[12:22:00]  Tracking : Az 76, El 33.
[12:22:02]  Tracking : Az 75, El 33.
[12:22:02]  [OK]CMD Packet Header: 0x18 0x23 0xc0 0x0 0x0 0x1 0x1b 0x1e
[12:22:02]  [OK]CMD Packet Header: 0x18 0x23 0xc0 0x0 0x0 0x8 0x2 0x18
[12:22:03]  [OK]CMD Packet Header: 0x18 0x19 0xc0 0x0 0x0 0x5 0x0 0x29
[12:22:04]  !!!!!!!!!Received COSMIC Beacon from port : 23.!!!!!!!!!

[12:22:04]  !!!!!!!!!Received COSMIC Report from port : 23.!!!!!!!!!

[12:22:04]  Received Report from port : 23.
[12:22:06]  Tracking : Az 73, El 33.
[12:22:09]  Tracking : Az 71, El 33.
[12:22:11]  Tracking : Az 70, El 33.
[12:22:17]  Tracking : Az 67, El 33.
[12:22:19]  Tracking : Az 66, El 33.
[12:22:22]  [OK]CMD Packet Header: 0x18 0x23 0xc0 0x0 0x0 0x1 0x1b 0x1e
[12:22:23]  [OK]CMD Packet Header: 0x18 0x23 0xc0 0x0 0x0 0x8 0x2 0x18
[12:22:23]  [OK]CMD Packet Header: 0x18 0x19 0xc0 0x0 0x0 0x5 0x0 0x29
[12:22:25]  Tracking : Az 63, El 33.
[12:22:27]  Tracking : Az 62, El 33.
[12:22:35]  Tracking : Az 58, El 32.
[12:22:37]  Tracking : Az 57, El 32.
[12:22:42]  [OK]CMD Packet Header: 0x18 0x23 0xc0 0x0 0x0 0x1 0x1b 0x1e
[12:22:42]  [OK]CMD Packet Header: 0x18 0x23 0xc0 0x0 0x0 0x8 0x2 0x18
[12:22:42]  [OK]CMD Packet Header: 0x18 0x19 0xc0 0x0 0x0 0x5 0x0 0x29
[12:22:43]  Tracking : Az 54, El 32.
[12:22:43]  !!!!!!!!!Received COSMIC Beacon from port : 23.!!!!!!!!!

[12:22:43]  !!!!!!!!!Received COSMIC Report from port : 23.!!!!!!!!!

[12:22:43]  Received Report from port : 23.
[12:22:45]  Tracking : Az 53, El 32.
[12:22:51]  Tracking : Az 50, El 31.
[12:22:53]  Tracking : Az 49, El 31.
[12:22:57]  !!!!!!!!!Received COSMIC Beacon from port : 23.!!!!!!!!!

[12:22:57]  !!!!!!!!!Received COSMIC Report from port : 23.!!!!!!!!!

[12:22:57]  Received Report from port : 23.
[12:23:00]  Tracking : Az 46, El 30.
[12:23:01]  !!!!!!!!!Received COSMIC Beacon from port : 23.!!!!!!!!!

[12:23:01]  !!!!!!!!!Received COSMIC Report from port : 23.!!!!!!!!!

[12:23:01]  Received Report from port : 23.
[12:23:02]  Tracking : Az 45, El 30.
[12:23:03]  !!!!!!!!!Received COSMIC Beacon from port : 23.!!!!!!!!!

[12:23:03]  !!!!!!!!!Received COSMIC Report from port : 23.!!!!!!!!!

[12:23:03]  Received Report from port : 23.
[12:23:10]  Tracking : Az 42, El 29.
[12:23:12]  Tracking : Az 41, El 29.
[12:23:20]  Tracking : Az 38, El 28.
[12:23:22]  Tracking : Az 38, El 28.
[12:23:28]  Tracking : Az 35, El 27.
[12:23:30]  Tracking : Az 35, El 27.
[12:23:34]  Tracking : Az 33, El 26.
[12:23:44]  Tracking : Az 30, El 25.
[12:23:46]  Tracking : Az 30, El 24.
[12:23:52]  [OK]CMD Packet Header: 0x18 0x23 0xc0 0x0 0x0 0x1 0x1b 0x1e
[12:23:53]  [OK]CMD Packet Header: 0x18 0x23 0xc0 0x0 0x0 0x8 0x2 0x18
[12:23:53]  [OK]CMD Packet Header: 0x18 0x19 0xc0 0x0 0x0 0x5 0x0 0x29
[12:23:54]  Tracking : Az 27, El 23.
[12:23:56]  Tracking : Az 27, El 23.
[12:24:06]  Tracking : Az 24, El 22.
[12:24:19]  Tracking : Az 21, El 20.
[12:24:27]  [OK]CMD Packet Header: 0x18 0x23 0xc0 0x0 0x0 0x1 0x1b 0x1e
[12:24:27]  [OK]CMD Packet Header: 0x18 0x23 0xc0 0x0 0x0 0x8 0x2 0x18
[12:24:28]  Tracking : Az 19, El 19.
[12:24:28]  [OK]CMD Packet Header: 0x18 0x19 0xc0 0x0 0x0 0x5 0x0 0x29
[12:24:30]  Tracking : Az 19, El 19.
[12:24:44]  Tracking : Az 16, El 17.
[12:24:56]  Tracking : Az 14, El 16.
[12:24:58]  Tracking : Az 14, El 15.
[12:25:17]  Tracking : Az 11, El 13.
[12:25:42]  Tracking : Az 8, El 11.
[12:25:43]  [OK]CMD Packet Header: 0x18 0x23 0xc0 0x0 0x0 0x1 0x1b 0x1e
[12:25:44]  Tracking : Az 8, El 11.
[12:25:44]  [OK]CMD Packet Header: 0x18 0x23 0xc0 0x0 0x0 0x8 0x2 0x18
[12:25:44]  [OK]CMD Packet Header: 0x18 0x19 0xc0 0x0 0x0 0x5 0x0 0x29
[12:26:02]  [OK]CMD Packet Header: 0x18 0x23 0xc0 0x0 0x0 0x1 0x1b 0x1e
[12:26:03]  [OK]CMD Packet Header: 0x18 0x23 0xc0 0x0 0x0 0x8 0x2 0x18
[12:26:03]  [OK]CMD Packet Header: 0x18 0x19 0xc0 0x0 0x0 0x5 0x0 0x29
[12:26:12]  [OK]CMD Packet Header: 0x18 0x23 0xc0 0x0 0x0 0x1 0x1b 0x1e
[12:26:13]  [OK]CMD Packet Header: 0x18 0x23 0xc0 0x0 0x0 0x8 0x2 0x18
[12:26:13]  Tracking : Az 5, El 8.
[12:26:13]  [OK]CMD Packet Header: 0x18 0x19 0xc0 0x0 0x0 0x5 0x0 0x29
[12:26:15]  Tracking : Az 5, El 8.
[12:26:23]  Cannot Load Remote Parameter.
[12:26:27]  Ping Failed.
[12:26:37]  Tracking : Az 4, El 6.
[12:27:08]  Tracking : Az 1, El 4.
[12:27:10]  Tracking : Az 1, El 4.
[12:27:23]  Forked Safe Amplifier Process. (OFF)
[12:27:28]  Finish Engaging.
[12:27:28]  Beacon Success : 0, Ping Success : 5
[12:27:35]  Tracking : Az 0, El 0.
