2025-12-15 01:34
[01:34:13]  Connect to Switch Box.............Success.
[01:34:13]  Connect to Rotator................Success.
[01:34:13]  Connect to GS100..................Success.
[01:34:13]  TM Port 13 bind success.
[01:34:13]  BCN Port 31 bind success.
[01:34:13]  RPT Port 25 bind success.
[01:34:22]  TLE "cubesat" Download Completed.
[02:16:39]  Start Engaging.
[02:16:39]  Tracking : Az 359, El 1.
[02:16:41]  Tracking : Az 359, El 1.
[02:16:42]  Start Doppler Correction.
[02:16:43]  Tracking : Az 359, El 1.
[02:16:45]  Tracking : Az 359, El 1.
[02:16:47]  Tracking : Az 359, El 1.
[02:16:49]  Tracking : Az 359, El 2.
[02:16:51]  Tracking : Az 359, El 2.
[02:16:53]  Tracking : Az 359, El 2.
[02:16:55]  Tracking : Az 358, El 2.
[02:16:57]  Tracking : Az 358, El 2.
[02:16:59]  Tracking : Az 358, El 2.
[02:17:01]  Tracking : Az 358, El 2.
[02:17:03]  Tracking : Az 358, El 2.
[02:17:05]  Tracking : Az 358, El 3.
[02:17:07]  Tracking : Az 358, El 3.
[02:17:09]  Tracking : Az 358, El 3.
[02:17:11]  Tracking : Az 358, El 3.
[02:17:13]  Tracking : Az 357, El 3.
[02:17:15]  Tracking : Az 357, El 3.
[02:17:17]  Tracking : Az 357, El 3.
[02:17:19]  Tracking : Az 357, El 4.
[02:17:21]  Tracking : Az 357, El 4.
[02:17:23]  Tracking : Az 357, El 4.
[02:17:25]  Tracking : Az 357, El 4.
[02:17:27]  Tracking : Az 357, El 4.
[02:17:29]  Tracking : Az 356, El 4.
[02:17:31]  Tracking : Az 356, El 4.
[02:17:33]  Tracking : Az 356, El 5.
[02:17:35]  Tracking : Az 356, El 5.
[02:17:37]  Tracking : Az 356, El 5.
[02:17:58]  Forked Safe Amplifier Process.(ON, Timer)
[02:17:59]  Ping Success at node 5, 478ms
[02:18:00]  Tracking : Az 354, El 7.
[02:18:03]  Ping Success at node 5, 477ms
[02:18:06]  AX100 Boot Count : 187
[02:18:25]  Ping Success at node 5, 469ms
[02:18:25]  Tracking : Az 352, El 9.
[02:18:27]  [OK]CMD Packet Header: 0x18 0x50 0xc0 0x0 0x0 0x1 0x6 0x70
[02:18:35]  Ping Success at node 5, 468ms
[02:18:37]  AX100 Boot Count : 187
[02:18:48]  Tracking : Az 350, El 11.
[02:19:06]  Ping Success at node 5, 475ms
[02:19:09]  Tracking : Az 347, El 13.
[02:19:22]  [OK]CMD Packet Header: 0x18 0x75 0xc0 0x0 0x0 0x5 0x1e 0xa2
[02:19:28]  Tracking : Az 344, El 14.
[02:19:35]  [OK]CMD Packet Header: 0x18 0x75 0xc0 0x0 0x0 0x1 0x14 0x47
