2026-07-22 21:27
[21:27:16]  Connect to Switch Box..............Failed.
[21:27:16]  Connect to Rotator.................Failed.
[21:27:16]  Connect to GS100..................Success.
[21:27:16]  BEE-1000 BCN Port 31 bind success.
[21:27:16]  Rotator Read Failed. Please Check Again.
[21:27:16]  BEE-1000 RPT Port 25 bind success.
[21:27:16]  BEE-1000 Event Port 27 bind success.
[21:27:16]  BEE-100 FM Port 23 bind success.
[21:27:16]  UEL-Y-Sys. BCN Port 12 bind success.
[21:27:16]  UEL-Y-Sys. RPT Port 10 bind success.
[21:27:16]  UEL-Y-Sys. Event Port 11 bind success.
[21:27:16]  UEL-Y-Sys. FM Port 14 bind success.
[21:27:16]  BEE-1012 BCN Port 17 bind success.
[21:27:16]  BEE-1012 RPT Port 15 bind success.
[21:27:16]  BEE-1012 Event Port 16 bind success.
[21:27:16]  BEE-1012 FM Port 18 bind success.
[21:27:16]  BEE-1012 AIOBC Port 29 bind success.
[21:27:38]  Changing GS HMAC Key for BEE1012...
[21:27:38]   Satellite Switched to: BEE1012 (TX HMAC enabled)
[21:27:52]  [OK]CMD Packet Header: 0x18 0x23 0xc0 0x0 0x0 0x1 0x6 0x3
[21:27:52]  Received Report from port : 15.
[21:27:53]  Received Report from port : 15.
[21:27:53]  Received Report from port : 15.
[21:27:58]  Received BEE1012 Beacon from port : 17.
[21:28:04]  Received BEE1012 Beacon from port : 17.
[21:28:14]  Received BEE1012 Beacon from port : 17.
[21:28:38]  Received BEE1012 Beacon from port : 17.
[21:28:44]  Received BEE1012 Beacon from port : 17.
[21:28:54]  Received BEE1012 Beacon from port : 17.
[21:29:18]  Received BEE1012 Beacon from port : 17.
[21:29:24]  Received BEE1012 Beacon from port : 17.
