2026-02-10 00:43
[00:44:52]  Connect to Switch Box.............Success.
[00:44:52]  Connect to Rotator................Success.
[00:44:52]  Connect to GS100..................Success.
[00:44:52]  TM Port 13 bind success.
[00:44:52]  BCN Port 31 bind success.
[00:44:52]  RPT Port 25 bind success.
[00:44:52]  Event Port 27 bind success.
[00:44:52]  COSMIC Beacon Port 23 bind success.
[00:44:52]  COSMIC Report Port 24 bind success.
[00:44:59]  TLE "cubesat" Download Completed.
[00:45:08]  TLE "active" Download Completed.
[00:56:00]  Start Engaging.
[00:56:00]  Tracking : Az 24, El 0.
[00:56:02]  Tracking : Az 24, El 0.
[00:56:03]  Start Doppler Correction.
[00:56:04]  Tracking : Az 24, El 0.
[00:56:10]  Forked Safe Amplifier Process.(ON, Timer)
[00:57:17]  Ping Failed.
[00:57:25]  Tracking : Az 27, El 2.
[00:57:49]  Tracking : Az 28, El 4.
[00:58:16]  Tracking : Az 31, El 5.
[00:58:20]  Ping Failed.
[00:58:27]  Ping Success at node 5, 470ms
[00:58:30]  Ping Success at node 5, 469ms
[00:58:32]  Tracking : Az 32, El 7.
[00:58:32]  [OK]CMD Packet Header: 0x18 0x65 0xc0 0x0 0x0 0x4 0x67 0x20
[00:58:55]  Tracking : Az 35, El 8.
[00:59:09]  Tracking : Az 36, El 10.
[00:59:10]  [OK]CMD Packet Header: 0x18 0x50 0xc0 0x0 0x0 0x1 0x6 0x70
[00:59:11]  Received Report from port : 25.
[00:59:13]  Received Report from port : 25.
[00:59:15]  Received Report from port : 25.
[00:59:15]  Tracking : Az 37, El 10.
[00:59:34]  Tracking : Az 40, El 12.
[00:59:53]  Tracking : Az 43, El 13.
[01:00:04]  [OK]CMD Packet Header: 0x18 0x75 0xc0 0x0 0x0 0x5 0x1e 0xa2
[01:00:04]  Received Report from port : 25.
[01:00:07]  Received Report from port : 25.
[01:00:09]  Received Report from port : 25.
[01:00:10]  Tracking : Az 46, El 15.
[01:00:12]  [OK]CMD Packet Header: 0x18 0x75 0xc0 0x0 0x0 0x1 0x14 0x47
[01:00:13]  Received Report from port : 25.
[01:00:15]  Received Report from port : 25.
[01:00:17]  Received Report from port : 25.
[01:00:25]  Tracking : Az 49, El 17.
[01:00:39]  Tracking : Az 52, El 18.
[01:00:51]  Tracking : Az 55, El 19.
[01:01:05]  [OK]CMD Packet Header: 0x18 0x75 0xc0 0x0 0x0 0x1 0x17 0x44
[01:01:06]  Tracking : Az 59, El 21.
[01:01:07]  Received Report from port : 25.
[01:01:09]  Received Report from port : 25.
[01:01:11]  Received Report from port : 25.
[01:01:16]  Tracking : Az 62, El 22.
[01:01:26]  Tracking : Az 65, El 23.
[01:01:35]  Tracking : Az 68, El 24.
[01:01:43]  Tracking : Az 71, El 24.
[01:01:53]  Tracking : Az 74, El 25.
[01:01:59]  Tracking : Az 77, El 26.
[01:02:05]  Tracking : Az 79, El 26.
[01:02:09]  Tracking : Az 81, El 26.
[01:02:16]  Tracking : Az 84, El 27.
[01:02:23]  Tracking : Az 87, El 27.
[01:02:30]  Tracking : Az 90, El 27.
[01:02:37]  Tracking : Az 93, El 27.
[01:02:43]  Tracking : Az 95, El 27.
[01:02:49]  Tracking : Az 98, El 27.
[01:02:55]  Tracking : Az 101, El 27.
[01:02:57]  Forked Safe Amplifier Process. (OFF)
[01:02:59]  Finish Engaging.
[01:02:59]  Beacon Success : 0, Ping Success : 2
