2026-01-04 01:35
[01:35:26]  Connect to Switch Box.............Success.
[01:35:26]  Connect to Rotator................Success.
[01:35:26]  Connect to GS100..................Success.
[01:35:26]  TM Port 13 bind success.
[01:35:26]  BCN Port 31 bind success.
[01:35:26]  RPT Port 25 bind success.
[01:35:26]  Event Port 27 bind success.
[01:35:26]  COSMIC Beacon Port 23 bind success.
[01:35:26]  COSMIC Report Port 24 bind success.
[01:35:30]  TLE "cubesat" Download Completed.
[01:35:37]  Start Engaging.
[01:35:37]  Tracking : Az 5, El 0.
[01:35:39]  Start Doppler Correction.
[02:01:32]  Forked Safe Amplifier Process.(ON, Timer)
[02:01:35]  Ping Failed.
[02:01:42]  Ping Success at node 5, 482ms
[02:01:47]  Tracking : Az 3, El 2.
[02:01:53]  [OK]CMD Packet Header: 0x18 0x75 0xc0 0x0 0x0 0x1 0x14 0x47
[02:01:54]  Received Report from port : 25.
[02:01:56]  Received Report from port : 25.
[02:01:58]  Received Report from port : 25.
[02:02:11]  Tracking : Az 3, El 4.
[02:02:14]  [OK]CMD Packet Header: 0x18 0x75 0xc0 0x0 0x0 0x5 0x1e 0xa2
[02:02:15]  Received Report from port : 25.
[02:02:17]  Received Report from port : 25.
[02:02:19]  Received Report from port : 25.
[02:02:27]  [OK]CMD Packet Header: 0x18 0x50 0xc0 0x0 0x0 0x1 0x6 0x70
[02:02:28]  Received Report from port : 25.
[02:02:30]  Received Report from port : 25.
[02:02:32]  Received Report from port : 25.
[02:02:38]  Tracking : Az 2, El 6.
[02:02:39]  [OK]CMD Packet Header: 0x18 0x75 0xc0 0x0 0x0 0x1 0x14 0x47
[02:02:40]  Received Report from port : 25.
[02:02:42]  Received Report from port : 25.
[02:02:44]  Received Report from port : 25.
[02:02:55]  [OK]CMD Packet Header: 0x18 0x75 0xc0 0x0 0x0 0x5 0x1e 0xa2
[02:02:56]  Received Report from port : 25.
[02:02:58]  Received Report from port : 25.
[02:03:00]  Received Report from port : 25.
[02:03:00]  Tracking : Az 0, El 7.
[02:03:03]  [OK]CMD Packet Header: 0x18 0x75 0xc0 0x0 0x0 0x1 0x14 0x47
[02:03:04]  Received Report from port : 25.
[02:03:06]  Received Report from port : 25.
[02:03:08]  Received Report from port : 25.
[02:03:12]  Forked Safe Amplifier Process. (OFF)
[02:03:13]  Tracking : Az 0, El 9.
[02:03:18]  Tracking : Az 359, El 9.
[02:03:20]  Tracking : Az 359, El 9.
[02:03:22]  Tracking : Az 359, El 9.
[02:03:24]  Tracking : Az 359, El 10.
[02:03:26]  Tracking : Az 359, El 10.
[02:03:28]  Finish Engaging.
[02:03:28]  Beacon Success : 0, Ping Success : 1
