2025-12-27 01:40
[01:40:57]  Connect to Switch Box.............Success.
[01:40:57]  Connect to Rotator................Success.
[01:40:57]  Connect to GS100..................Success.
[01:40:57]  TM Port 13 bind success.
[01:40:57]  BCN Port 31 bind success.
[01:40:57]  RPT Port 25 bind success.
[01:40:57]  Event Port 27 bind success.
[01:40:57]  COSMIC Beacon Port 23 bind success.
[01:40:57]  COSMIC Report Port 24 bind success.
[01:41:11]  TLE "cubesat" Download Completed.
[01:41:16]  Start Engaging.
[01:41:16]  Tracking : Az 5, El 0.
[01:41:17]  Start Doppler Correction.
[01:41:18]  Tracking : Az 5, El 0.
[01:59:18]  Forked Safe Amplifier Process.(ON, Timer)
[01:59:47]  Ping Failed.
[01:59:55]  Ping Failed.
[01:59:56]  Tracking : Az 4, El 3.
[02:00:02]  Ping Failed.
[02:00:21]  Ping Failed.
[02:00:34]  Ping Failed.
[02:00:37]  Tracking : Az 3, El 6.
[02:00:43]  Ping Failed.
[02:00:49]  Ping Failed.
[02:00:52]  Ping Failed.
[02:00:56]  Cannot Load Remote Parameter.
[02:01:00]  Ping Failed.
[02:01:04]  Ping Failed.
[02:01:09]  Ping Failed.
[02:01:12]  Tracking : Az 1, El 9.
[02:01:15]  Ping Failed.
[02:01:20]  Ping Failed.
[02:01:26]  Ping Failed.
[02:01:31]  Ping Failed.
[02:01:33]  Tracking : Az 0, El 11.
[02:01:34]  Cannot Load Remote Parameter.
[02:01:38]  Ping Failed.
[02:01:39]  Tracking : Az 359, El 11.
[02:01:41]  Tracking : Az 359, El 11.
[02:01:42]  Ping Failed.
[02:01:43]  Tracking : Az 359, El 12.
[02:01:45]  Tracking : Az 359, El 12.
[02:01:45]  Ping Failed.
[02:01:47]  Tracking : Az 359, El 12.
[02:01:49]  Tracking : Az 359, El 12.
[02:01:51]  Tracking : Az 359, El 12.
[02:01:51]  Ping Failed at node 3.
[02:01:53]  Tracking : Az 359, El 13.
[02:01:54]  Ping Failed.
[02:01:55]  Tracking : Az 358, El 13.
[02:01:57]  Tracking : Az 358, El 13.
[02:01:59]  Tracking : Az 358, El 13.
[02:01:59]  Ping Failed.
[02:02:01]  Tracking : Az 358, El 14.
[02:02:03]  Tracking : Az 358, El 14.
[02:02:03]  Ping Failed.
[02:02:05]  Tracking : Az 358, El 14.
[02:02:06]  Cannot Load Remote Parameter.
[02:02:07]  Tracking : Az 357, El 14.
[02:02:09]  Tracking : Az 357, El 14.
[02:02:09]  Ping Failed.
[02:02:11]  Tracking : Az 357, El 15.
[02:02:13]  Tracking : Az 357, El 15.
[02:02:13]  Ping Failed.
[02:02:15]  Tracking : Az 357, El 15.
[02:02:17]  Ping Failed.
[02:02:17]  Tracking : Az 357, El 15.
[02:02:19]  Tracking : Az 356, El 16.
[02:02:20]  Ping Failed.
[02:02:21]  Tracking : Az 356, El 16.
[02:02:23]  Tracking : Az 356, El 16.
[02:02:25]  Ping Failed.
[02:02:25]  Tracking : Az 356, El 16.
[02:02:27]  Tracking : Az 356, El 17.
[02:02:29]  Tracking : Az 355, El 17.
[02:02:31]  Tracking : Az 355, El 17.
[02:02:33]  Tracking : Az 355, El 18.
[02:02:35]  Tracking : Az 355, El 18.
[02:02:37]  Tracking : Az 355, El 18.
[02:02:40]  Ping Success at node 5, 466ms
[02:02:42]  Ping Success at node 5, 458ms
[02:02:44]  Ping Success at node 5, 472ms
[02:02:45]  AX100 Boot Count : 22227
[02:02:49]  Ping Failed at node 3.
[02:02:53]  Tracking : Az 353, El 21.
[02:02:54]  Ping Failed at node 3.
[02:02:59]  Ping Failed at node 3.
[02:03:01]  Ping Success at node 5, 458ms
[02:03:05]  Ping Failed at node 3.
[02:03:09]  Tracking : Az 350, El 23.
[02:03:10]  Ping Failed at node 3.
[02:03:23]  Tracking : Az 348, El 26.
[02:03:23]  [OK]CMD Packet Header: 0x18 0x23 0xc0 0x0 0x0 0x1 0x6 0x3
[02:03:25]  [OK]CMD Packet Header: 0x18 0x23 0xc0 0x0 0x0 0x1 0x6 0x3
[02:03:26]  [OK]CMD Packet Header: 0x18 0x23 0xc0 0x0 0x0 0x1 0x6 0x3
[02:03:35]  Tracking : Az 345, El 28.
[02:03:40]  [OK]CMD Packet Header: 0x18 0x20 0xc0 0x0 0x0 0x5 0x7 0xd
[02:03:41]  [OK]CMD Packet Header: 0x18 0x20 0xc0 0x0 0x0 0x5 0x7 0xd
[02:03:43]  [OK]CMD Packet Header: 0x18 0x20 0xc0 0x0 0x0 0x5 0x7 0xd
[02:03:47]  Tracking : Az 343, El 31.
[02:03:48]  [OK]CMD Packet Header: 0x18 0x23 0xc0 0x0 0x0 0x1 0x1b 0x1e
[02:03:48]  [OK]CMD Packet Header: 0x18 0x23 0xc0 0x0 0x0 0x8 0x2 0x18
[02:03:49]  [OK]CMD Packet Header: 0x18 0x19 0xc0 0x0 0x0 0x5 0x0 0x29
[02:03:53]  [OK]CMD Packet Header: 0x18 0x23 0xc0 0x0 0x0 0x1 0x1b 0x1e
[02:03:53]  [OK]CMD Packet Header: 0x18 0x23 0xc0 0x0 0x0 0x8 0x2 0x18
[02:03:53]  [OK]CMD Packet Header: 0x18 0x19 0xc0 0x0 0x0 0x5 0x0 0x29
[02:03:55]  Tracking : Az 340, El 32.
[02:03:57]  [OK]CMD Packet Header: 0x18 0x23 0xc0 0x0 0x0 0x1 0x1b 0x1e
[02:03:57]  [OK]CMD Packet Header: 0x18 0x23 0xc0 0x0 0x0 0x8 0x2 0x18
[02:03:58]  [OK]CMD Packet Header: 0x18 0x19 0xc0 0x0 0x0 0x5 0x0 0x29
[02:04:03]  Ping Failed at node 3.
[02:04:04]  Ping Success at node 5, 469ms
[02:04:05]  Tracking : Az 337, El 35.
[02:04:05]  Ping Success at node 5, 461ms
[02:04:06]  AX100 Boot Count : 22227
[02:04:13]  Tracking : Az 334, El 37.
[02:04:20]  Tracking : Az 331, El 38.
[02:04:25]  [OK]CMD Packet Header: 0x18 0x71 0xc0 0x0 0x0 0x1 0x16 0x41
[02:04:27]  Tracking : Az 328, El 40.
[02:04:28]  [OK]CMD Packet Header: 0x18 0x71 0xc0 0x0 0x0 0x1 0x16 0x41
[02:04:32]  [OK]CMD Packet Header: 0x18 0x71 0xc0 0x0 0x0 0x1 0x16 0x41
[02:04:33]  Tracking : Az 325, El 42.
[02:04:36]  [OK]CMD Packet Header: 0x18 0x71 0xc0 0x0 0x0 0x1 0x16 0x41
[02:04:39]  Tracking : Az 322, El 43.
[02:04:41]  [OK]CMD Packet Header: 0x18 0x71 0xc0 0x0 0x0 0x1 0x16 0x41
[02:04:43]  Tracking : Az 319, El 44.
[02:04:44]  Ping Success at node 5, 462ms
[02:04:46]  AX100 Boot Count : 22227
[02:04:48]  [OK]CMD Packet Header: 0x18 0x71 0xc0 0x0 0x0 0x1 0x16 0x41
[02:04:49]  Tracking : Az 315, El 45.
[02:04:53]  Ping Failed at node 3.
[02:04:54]  [OK]CMD Packet Header: 0x18 0x71 0xc0 0x0 0x0 0x1 0x16 0x41
[02:04:55]  Tracking : Az 311, El 46.
[02:04:57]  [OK]CMD Packet Header: 0x18 0x71 0xc0 0x0 0x0 0x1 0x16 0x41
[02:05:01]  Tracking : Az 307, El 47.
[02:05:03]  [OK]CMD Packet Header: 0x18 0x23 0xc0 0x0 0x0 0x1 0x6 0x3
[02:05:05]  Tracking : Az 303, El 48.
[02:05:06]  [OK]CMD Packet Header: 0x18 0x23 0xc0 0x0 0x0 0x1 0x6 0x3
[02:05:08]  [OK]CMD Packet Header: 0x18 0x23 0xc0 0x0 0x0 0x1 0x6 0x3
[02:05:10]  Tracking : Az 299, El 49.
[02:05:15]  Tracking : Az 295, El 49.
[02:05:15]  [OK]CMD Packet Header: 0x18 0x20 0xc0 0x0 0x0 0x5 0x7 0xd
[02:05:17]  [OK]CMD Packet Header: 0x18 0x20 0xc0 0x0 0x0 0x5 0x7 0xd
[02:05:18]  Tracking : Az 292, El 49.
[02:05:19]  [OK]CMD Packet Header: 0x18 0x20 0xc0 0x0 0x0 0x5 0x7 0xd
[02:05:21]  Tracking : Az 289, El 50.
[02:05:26]  Tracking : Az 285, El 50.
[02:05:26]  [OK]CMD Packet Header: 0x18 0x23 0xc0 0x0 0x0 0x1 0x1b 0x1e
[02:05:26]  [OK]CMD Packet Header: 0x18 0x23 0xc0 0x0 0x0 0x8 0x2 0x18
[02:05:27]  [OK]CMD Packet Header: 0x18 0x19 0xc0 0x0 0x0 0x5 0x0 0x29
[02:05:29]  Tracking : Az 282, El 50.
[02:05:30]  [OK]CMD Packet Header: 0x18 0x23 0xc0 0x0 0x0 0x1 0x1b 0x1e
[02:05:30]  [OK]CMD Packet Header: 0x18 0x23 0xc0 0x0 0x0 0x8 0x2 0x18
[02:05:31]  [OK]CMD Packet Header: 0x18 0x19 0xc0 0x0 0x0 0x5 0x0 0x29
[02:05:32]  Tracking : Az 279, El 49.
[02:05:35]  [OK]CMD Packet Header: 0x18 0x23 0xc0 0x0 0x0 0x1 0x1b 0x1e
[02:05:35]  [OK]CMD Packet Header: 0x18 0x23 0xc0 0x0 0x0 0x8 0x2 0x18
[02:05:35]  [OK]CMD Packet Header: 0x18 0x19 0xc0 0x0 0x0 0x5 0x0 0x29
[02:05:36]  Tracking : Az 276, El 49.
[02:05:40]  Tracking : Az 272, El 49.
[02:05:41]  Ping Failed at node 3.
[02:05:45]  Tracking : Az 268, El 48.
[02:05:45]  Ping Failed at node 3.
[02:05:49]  Ping Failed at node 3.
[02:05:50]  Tracking : Az 264, El 47.
[02:05:50]  Ping Success at node 5, 468ms
[02:05:52]  AX100 Boot Count : 22227
[02:05:54]  Tracking : Az 261, El 47.
[02:05:55]  [OK]CMD Packet Header: 0x18 0x23 0xc0 0x0 0x0 0x1 0x1b 0x1e
[02:05:56]  [OK]CMD Packet Header: 0x18 0x23 0xc0 0x0 0x0 0x8 0x2 0x18
[02:05:56]  [OK]CMD Packet Header: 0x18 0x19 0xc0 0x0 0x0 0x5 0x0 0x29
[02:05:58]  Tracking : Az 258, El 46.
[02:06:00]  [OK]CMD Packet Header: 0x18 0x23 0xc0 0x0 0x0 0x1 0x1b 0x1e
[02:06:01]  [OK]CMD Packet Header: 0x18 0x23 0xc0 0x0 0x0 0x8 0x2 0x18
[02:06:01]  [OK]CMD Packet Header: 0x18 0x19 0xc0 0x0 0x0 0x5 0x0 0x29
[02:06:04]  Tracking : Az 254, El 45.
[02:06:08]  Tracking : Az 251, El 44.
[02:06:10]  [OK]CMD Packet Header: 0x18 0x23 0xc0 0x0 0x0 0x1 0x1b 0x1e
[02:06:10]  [OK]CMD Packet Header: 0x18 0x23 0xc0 0x0 0x0 0x8 0x2 0x18
[02:06:11]  [OK]CMD Packet Header: 0x18 0x19 0xc0 0x0 0x0 0x5 0x0 0x29
[02:06:15]  Tracking : Az 247, El 42.
[02:06:21]  Tracking : Az 244, El 41.
[02:06:27]  Tracking : Az 241, El 39.
[02:06:33]  Tracking : Az 238, El 38.
[02:06:41]  Tracking : Az 235, El 36.
[02:06:50]  Tracking : Az 232, El 34.
[02:06:55]  [OK]CMD Packet Header: 0x18 0x23 0xc0 0x0 0x0 0x1 0x1b 0x1e
[02:06:56]  [OK]CMD Packet Header: 0x18 0x23 0xc0 0x0 0x0 0x8 0x2 0x18
[02:06:56]  [OK]CMD Packet Header: 0x18 0x19 0xc0 0x0 0x0 0x5 0x0 0x29
[02:06:59]  Tracking : Az 229, El 32.
[02:07:02]  [OK]CMD Packet Header: 0x18 0x23 0xc0 0x0 0x0 0x1 0x1b 0x1e
[02:07:02]  [OK]CMD Packet Header: 0x18 0x23 0xc0 0x0 0x0 0x8 0x2 0x18
[02:07:03]  [OK]CMD Packet Header: 0x18 0x19 0xc0 0x0 0x0 0x5 0x0 0x29
[02:07:06]  [OK]CMD Packet Header: 0x18 0x23 0xc0 0x0 0x0 0x1 0x1b 0x1e
[02:07:07]  [OK]CMD Packet Header: 0x18 0x23 0xc0 0x0 0x0 0x8 0x2 0x18
[02:07:07]  [OK]CMD Packet Header: 0x18 0x19 0xc0 0x0 0x0 0x5 0x0 0x29
[02:07:11]  Tracking : Az 226, El 29.
[02:07:13]  Ping Success at node 5, 470ms
[02:07:23]  Tracking : Az 224, El 26.
[02:07:28]  [OK]CMD Packet Header: 0x18 0x23 0xc0 0x0 0x0 0x1 0x1b 0x1e
[02:07:29]  [OK]CMD Packet Header: 0x18 0x23 0xc0 0x0 0x0 0x8 0x2 0x18
[02:07:29]  [OK]CMD Packet Header: 0x18 0x19 0xc0 0x0 0x0 0x5 0x0 0x29
[02:07:35]  Tracking : Az 221, El 24.
[02:07:40]  [OK]CMD Packet Header: 0x18 0x71 0xc0 0x0 0x0 0x1 0x16 0x41
[02:07:42]  [OK]CMD Packet Header: 0x18 0x71 0xc0 0x0 0x0 0x1 0x16 0x41
[02:07:44]  [OK]CMD Packet Header: 0x18 0x71 0xc0 0x0 0x0 0x1 0x16 0x41
[02:07:47]  [OK]CMD Packet Header: 0x18 0x71 0xc0 0x0 0x0 0x1 0x16 0x41
[02:07:49]  [OK]CMD Packet Header: 0x18 0x71 0xc0 0x0 0x0 0x1 0x16 0x41
[02:07:51]  Tracking : Az 219, El 21.
[02:07:52]  [OK]CMD Packet Header: 0x18 0x71 0xc0 0x0 0x0 0x1 0x16 0x41
[02:07:57]  Ping Failed at node 3.
[02:08:01]  Ping Failed at node 3.
[02:08:02]  Ping Success at node 5, 469ms
[02:08:03]  AX100 Boot Count : 22227
[02:08:08]  Ping Failed at node 3.
[02:08:10]  Tracking : Az 216, El 18.
[02:08:12]  Ping Failed at node 3.
[02:08:32]  Tracking : Az 214, El 15.
[02:08:35]  [OK]CMD Packet Header: 0x18 0x71 0xc0 0x0 0x0 0x1 0x16 0x41
[02:08:37]  [OK]CMD Packet Header: 0x18 0x71 0xc0 0x0 0x0 0x1 0x16 0x41
[02:08:40]  [OK]CMD Packet Header: 0x18 0x71 0xc0 0x0 0x0 0x1 0x16 0x41
[02:08:43]  Ping Success at node 5, 471ms
[02:08:44]  AX100 Boot Count : 22227
[02:08:57]  Tracking : Az 212, El 12.
[02:09:00]  Ping Failed.
[02:09:05]  Ping Failed.
[02:09:08]  Ping Failed.
[02:09:10]  Cannot Load Remote Parameter.
[02:09:17]  Ping Failed at node 3.
[02:09:21]  Ping Failed.
[02:09:26]  Tracking : Az 210, El 9.
[02:09:30]  Ping Failed at node 3.
[02:09:33]  Ping Failed.
[02:09:34]  Cannot Load Remote Parameter.
[02:09:38]  Ping Failed.
[02:09:43]  Ping Failed.
[02:09:47]  [OK]CMD Packet Header: 0x18 0x23 0xc0 0x0 0x0 0x1 0x1b 0x1e
[02:09:48]  [OK]CMD Packet Header: 0x18 0x23 0xc0 0x0 0x0 0x8 0x2 0x18
[02:09:48]  [OK]CMD Packet Header: 0x18 0x19 0xc0 0x0 0x0 0x5 0x0 0x29
[02:09:53]  [OK]CMD Packet Header: 0x18 0x23 0xc0 0x0 0x0 0x1 0x1b 0x1e
[02:09:53]  [OK]CMD Packet Header: 0x18 0x23 0xc0 0x0 0x0 0x8 0x2 0x18
[02:09:54]  [OK]CMD Packet Header: 0x18 0x19 0xc0 0x0 0x0 0x5 0x0 0x29
[02:10:11]  Tracking : Az 208, El 5.
[02:10:17]  Ping Failed.
[02:10:19]  Forked Safe Amplifier Process. (OFF)
[02:10:25]  Finish Engaging.
[02:10:25]  Beacon Success : 0, Ping Success : 11
[02:10:27]  Tracking : Az 0, El 0.
