2026-01-05 13:29
[13:29:32]  Connect to Switch Box.............Success.
[13:29:32]  Connect to Rotator................Success.
[13:29:32]  Connect to GS100..................Success.
[13:29:32]  TM Port 13 bind success.
[13:29:32]  BCN Port 31 bind success.
[13:29:32]  RPT Port 25 bind success.
[13:29:32]  Event Port 27 bind success.
[13:29:32]  COSMIC Beacon Port 23 bind success.
[13:29:32]  COSMIC Report Port 24 bind success.
[13:29:48]  TLE "cubesat" Download Completed.
[13:29:57]  Start Engaging.
[13:29:57]  Tracking : Az 208, El 0.
[13:29:58]  Start Doppler Correction.
[13:29:59]  Tracking : Az 208, El 0.
[13:30:01]  Tracking : Az 208, El 0.
[13:30:03]  Tracking : Az 208, El 0.
[13:30:05]  Tracking : Az 208, El 0.
[13:30:07]  Tracking : Az 208, El 0.
[13:30:09]  Tracking : Az 208, El 0.
[13:30:11]  Tracking : Az 208, El 0.
[13:30:13]  Tracking : Az 208, El 0.
[13:30:15]  Tracking : Az 208, El 0.
[13:30:17]  Tracking : Az 208, El 0.
[13:30:19]  Tracking : Az 208, El 0.
[13:30:21]  Tracking : Az 208, El 0.
[13:30:23]  Tracking : Az 208, El 0.
[13:30:25]  Tracking : Az 208, El 0.
[13:30:27]  Tracking : Az 208, El 0.
[13:30:29]  Tracking : Az 208, El 0.
[13:30:31]  Tracking : Az 208, El 0.
[13:30:33]  Tracking : Az 208, El 0.
[13:30:35]  Tracking : Az 208, El 0.
[13:58:16]  Forked Safe Amplifier Process.(ON, Timer)
[13:58:22]  Ping Failed.
[13:58:29]  Ping Failed.
[13:58:37]  Ping Success at node 5, 484ms
[13:58:39]  Tracking : Az 211, El 1.
[13:58:41]  Ping Failed.
[13:58:47]  Ping Failed at node 3.
[13:58:50]  Ping Failed.
[13:59:01]  Ping Failed.
[13:59:08]  Tracking : Az 214, El 3.
[13:59:13]  Ping Failed.
[13:59:18]  Ping Success at node 5, 473ms
[13:59:23]  Ping Failed at node 3.
[13:59:24]  Ping Success at node 5, 478ms
[13:59:27]  Cannot Load Remote Parameter.
[13:59:31]  Cannot Load Remote Parameter.
[13:59:33]  Tracking : Az 217, El 4.
[13:59:34]  Ping Failed.
[13:59:43]  Ping Failed.
[13:59:56]  Tracking : Az 220, El 5.
[14:00:15]  Ping Failed.
[14:00:16]  Tracking : Az 222, El 7.
[14:00:23]  Tracking : Az 224, El 7.
[14:00:35]  Ping Success at node 5, 464ms
[14:00:37]  AX100 Boot Count : 22242
[14:00:41]  Tracking : Az 227, El 8.
[14:00:43]  Ping Failed at node 3.
[14:00:52]  Ping Failed at node 6.
[14:00:53]  Remote Param Control OK. csp_rtable : 0/0 AX100, 3/5 CAN
[14:00:58]  Tracking : Az 230, El 9.
[14:01:01]  Ping Failed at node 3.
[14:01:05]  Ping Failed at node 3.
[14:01:09]  Ping Failed at node 3.
[14:01:12]  Ping Failed at node 3.
[14:01:14]  Tracking : Az 233, El 10.
[14:01:16]  Ping Failed at node 3.
[14:01:17]  Ping Success at node 5, 471ms
[14:01:23]  Cannot Load Remote Parameter.
[14:01:25]  Ping Success at node 5, 473ms
[14:01:26]  Total RX Bytes : 60691
[14:01:28]  Ping Success at node 5, 476ms
[14:01:29]  Tracking : Az 236, El 11.
[14:01:31]  Cannot Load Remote Parameter.
[14:01:33]  Total RX Bytes : 60731
[14:01:35]  Ping Success at node 5, 466ms
[14:01:36]  Total RX Bytes : 60755
[14:01:44]  Tracking : Az 239, El 11.
[14:01:48]  Remote Param Control OK. csp_rtable : 0/0 AX100, 3/5 CAN
[14:01:55]  Remote Param Control OK.
[14:01:57]  Tracking : Az 242, El 12.
[14:01:58]  Remote Param Control OK. csp_rtable : 0/0 AX100, 3/5 CAN, 6/5 CAN
[14:02:00]  Remote Param Control OK.(No Reply)
[14:02:04]  Ping Success at node 5, 471ms
[14:02:07]  Tracking : Az 244, El 12.
[14:02:09]  Ping Failed at node 3.
[14:02:16]  [OK]CMD Packet Header: 0x18 0x71 0xc0 0x0 0x0 0x1 0x16 0x41
[14:02:18]  Tracking : Az 247, El 13.
[14:02:18]  [OK]CMD Packet Header: 0x18 0x71 0xc0 0x0 0x0 0x1 0x16 0x41
[14:02:19]  [OK]CMD Packet Header: 0x18 0x71 0xc0 0x0 0x0 0x1 0x16 0x41
[14:02:19]  [OK]CMD Packet Header: 0x18 0x71 0xc0 0x0 0x0 0x1 0x16 0x41
[14:02:20]  [OK]CMD Packet Header: 0x18 0x71 0xc0 0x0 0x0 0x1 0x16 0x41
[14:02:21]  [OK]CMD Packet Header: 0x18 0x71 0xc0 0x0 0x0 0x1 0x16 0x41
[14:02:22]  [OK]CMD Packet Header: 0x18 0x71 0xc0 0x0 0x0 0x1 0x16 0x41
[14:02:23]  [OK]CMD Packet Header: 0x18 0x71 0xc0 0x0 0x0 0x1 0x16 0x41
[14:02:24]  [OK]CMD Packet Header: 0x18 0x71 0xc0 0x0 0x0 0x1 0x16 0x41
[14:02:25]  [OK]CMD Packet Header: 0x18 0x71 0xc0 0x0 0x0 0x1 0x16 0x41
[14:02:26]  [OK]CMD Packet Header: 0x18 0x71 0xc0 0x0 0x0 0x1 0x16 0x41
[14:02:27]  [OK]CMD Packet Header: 0x18 0x71 0xc0 0x0 0x0 0x1 0x16 0x41
[14:02:28]  AX100 Boot Count : 22242
[14:02:30]  Tracking : Az 250, El 13.
[14:02:42]  Tracking : Az 253, El 14.
[14:02:53]  Tracking : Az 256, El 14.
[14:02:57]  Ping Failed at node 3.
[14:03:02]  Ping Failed.
[14:03:03]  Ping Success at node 5, 460ms
[14:03:04]  Ping Success at node 5, 471ms
[14:03:05]  Tracking : Az 259, El 14.
[14:03:07]  Ping Failed.
[14:03:07]  Ping Success at node 5, 471ms
[14:03:08]  Ping Success at node 5, 463ms
[14:03:09]  Ping Success at node 5, 459ms
[14:03:10]  Ping Success at node 5, 473ms
[14:03:13]  Ping Failed.
[14:03:15]  Ping Failed.
[14:03:15]  Ping Success at node 5, 466ms
[14:03:16]  Tracking : Az 262, El 14.
[14:03:16]  Ping Success at node 5, 469ms
[14:03:17]  Ping Success at node 5, 464ms
[14:03:18]  Ping Success at node 5, 460ms
[14:03:19]  Ping Success at node 5, 474ms
[14:03:20]  Ping Success at node 5, 472ms
[14:03:21]  Ping Success at node 5, 467ms
[14:03:22]  Ping Success at node 5, 465ms
[14:03:23]  Ping Success at node 5, 462ms
[14:03:23]  Ping Success at node 5, 458ms
[14:03:24]  Ping Success at node 5, 470ms
[14:03:25]  Ping Success at node 5, 469ms
[14:03:26]  Tracking : Az 265, El 14.
[14:03:26]  Ping Success at node 5, 461ms
[14:03:27]  Ping Success at node 5, 465ms
[14:03:28]  Ping Success at node 5, 463ms
[14:03:28]  Ping Success at node 5, 462ms
[14:03:29]  Ping Success at node 5, 463ms
[14:03:30]  Ping Success at node 5, 463ms
[14:03:31]  Ping Success at node 5, 461ms
[14:03:32]  Ping Success at node 5, 460ms
[14:03:33]  Ping Success at node 5, 473ms
[14:03:33]  Ping Success at node 5, 470ms
[14:03:34]  Ping Success at node 5, 468ms
[14:03:35]  Ping Success at node 5, 466ms
[14:03:36]  Ping Success at node 5, 468ms
[14:03:37]  Ping Success at node 5, 465ms
[14:03:38]  Tracking : Az 268, El 14.
[14:03:38]  Ping Success at node 5, 462ms
[14:03:39]  Ping Success at node 5, 459ms
[14:03:43]  Ping Failed at node 3.
[14:03:44]  Ping Success at node 5, 465ms
[14:03:44]  Ping Success at node 5, 462ms
[14:03:45]  Ping Success at node 5, 459ms
[14:03:46]  Ping Success at node 5, 459ms
[14:03:47]  Ping Success at node 5, 470ms
[14:03:48]  Tracking : Az 271, El 14.
[14:03:48]  Ping Success at node 5, 465ms
[14:03:49]  Ping Success at node 5, 462ms
[14:03:50]  Ping Success at node 5, 469ms
[14:03:51]  Ping Success at node 5, 468ms
[14:03:51]  Ping Success at node 5, 468ms
[14:03:58]  Ping Failed at node 6.
[14:03:59]  Tracking : Az 274, El 14.
[14:04:02]  Ping Failed at node 6.
[14:04:03]  Ping Success at node 5, 468ms
[14:04:04]  Ping Success at node 5, 463ms
[14:04:05]  Ping Success at node 5, 462ms
[14:04:06]  Ping Success at node 5, 461ms
[14:04:07]  Ping Success at node 5, 473ms
[14:04:07]  Ping Success at node 5, 460ms
[14:04:08]  Ping Success at node 5, 461ms
[14:04:09]  Ping Success at node 5, 462ms
[14:04:09]  Ping Success at node 5, 466ms
[14:04:10]  Tracking : Az 277, El 14.
[14:04:10]  Ping Success at node 5, 470ms
[14:04:11]  Ping Success at node 5, 467ms
[14:04:12]  Ping Success at node 5, 466ms
[14:04:13]  Ping Success at node 5, 467ms
[14:04:13]  Ping Success at node 5, 467ms
[14:04:14]  Ping Success at node 5, 465ms
[14:04:15]  Ping Success at node 5, 464ms
[14:04:16]  Ping Success at node 5, 464ms
[14:04:17]  Ping Success at node 5, 464ms
[14:04:18]  Ping Success at node 5, 464ms
[14:04:18]  Ping Success at node 5, 465ms
[14:04:19]  Ping Success at node 5, 467ms
[14:04:20]  Ping Success at node 5, 467ms
[14:04:21]  Ping Success at node 5, 467ms
[14:04:21]  Ping Success at node 5, 467ms
[14:04:22]  Tracking : Az 280, El 14.
[14:04:22]  Ping Success at node 5, 468ms
[14:04:23]  Ping Success at node 5, 466ms
[14:04:24]  Ping Success at node 5, 469ms
[14:04:25]  Ping Success at node 5, 469ms
[14:04:25]  Ping Success at node 5, 473ms
[14:04:26]  Ping Success at node 5, 474ms
[14:04:27]  Ping Success at node 5, 459ms
[14:04:28]  Ping Success at node 5, 460ms
[14:04:28]  Ping Success at node 5, 461ms
[14:04:29]  Ping Success at node 5, 466ms
[14:04:30]  Ping Success at node 5, 468ms
[14:04:30]  Ping Success at node 5, 472ms
[14:04:31]  Ping Success at node 5, 471ms
[14:04:32]  Ping Success at node 5, 471ms
[14:04:33]  Tracking : Az 283, El 13.
[14:04:33]  Ping Success at node 5, 474ms
[14:04:35]  Ping Failed.
[14:04:38]  Ping Failed.
[14:04:39]  Ping Success at node 5, 472ms
[14:04:40]  Ping Success at node 5, 465ms
[14:04:41]  Ping Success at node 5, 459ms
[14:04:42]  Ping Success at node 5, 471ms
[14:04:43]  Ping Success at node 5, 469ms
[14:04:43]  Ping Success at node 5, 468ms
[14:04:44]  Ping Success at node 5, 469ms
[14:04:45]  Tracking : Az 286, El 13.
[14:04:45]  Ping Success at node 5, 468ms
[14:04:46]  Ping Success at node 5, 462ms
[14:04:47]  Ping Success at node 5, 461ms
[14:04:48]  Ping Success at node 5, 460ms
[14:04:48]  Ping Success at node 5, 474ms
[14:04:49]  Ping Success at node 5, 474ms
[14:04:50]  Ping Success at node 5, 473ms
[14:04:51]  Ping Success at node 5, 467ms
[14:04:52]  Ping Success at node 5, 467ms
[14:04:53]  Ping Success at node 5, 466ms
[14:04:53]  Ping Success at node 5, 466ms
[14:04:54]  Ping Success at node 5, 463ms
[14:04:55]  Ping Success at node 5, 460ms
[14:04:56]  Ping Success at node 5, 459ms
[14:04:57]  Tracking : Az 289, El 13.
[14:04:57]  Ping Success at node 5, 474ms
[14:04:59]  Ping Failed.
[14:05:02]  Ping Failed.
[14:05:04]  Ping Failed.
[14:05:05]  Ping Success at node 5, 473ms
[14:05:07]  Ping Failed.
[14:05:07]  Ping Success at node 5, 469ms
[14:05:10]  Tracking : Az 292, El 12.
[14:05:10]  Ping Failed.
[14:05:12]  Ping Failed.
[14:05:13]  Ping Success at node 5, 466ms
[14:05:14]  Ping Success at node 5, 475ms
[14:05:15]  Ping Success at node 5, 470ms
[14:05:16]  Ping Success at node 5, 466ms
[14:05:17]  Ping Success at node 5, 476ms
[14:05:18]  Ping Success at node 5, 474ms
[14:05:19]  Ping Success at node 5, 471ms
[14:05:19]  Ping Success at node 5, 472ms
[14:05:20]  Ping Success at node 5, 473ms
[14:05:21]  Ping Success at node 5, 472ms
[14:05:22]  Ping Success at node 5, 472ms
[14:05:23]  Tracking : Az 295, El 11.
[14:05:23]  Ping Success at node 5, 474ms
[14:05:23]  Ping Success at node 5, 459ms
[14:05:24]  Ping Success at node 5, 473ms
[14:05:25]  Ping Success at node 5, 474ms
[14:05:26]  Ping Success at node 5, 474ms
[14:05:27]  Ping Success at node 5, 460ms
[14:05:27]  Ping Success at node 5, 474ms
[14:05:28]  Ping Success at node 5, 472ms
[14:05:29]  Ping Success at node 5, 473ms
[14:05:30]  Ping Success at node 5, 473ms
[14:05:31]  Ping Success at node 5, 472ms
[14:05:32]  Ping Success at node 5, 472ms
[14:05:35]  Ping Failed at node 6.
[14:05:36]  Ping Success at node 5, 464ms
[14:05:37]  Tracking : Az 298, El 11.
[14:05:37]  Ping Success at node 5, 463ms
[14:05:38]  Ping Success at node 5, 474ms
[14:05:39]  Ping Success at node 5, 461ms
[14:05:40]  Ping Success at node 5, 462ms
[14:05:40]  Ping Success at node 5, 464ms
[14:05:41]  Ping Success at node 5, 467ms
[14:05:42]  Ping Success at node 5, 468ms
[14:05:43]  Ping Success at node 5, 474ms
[14:05:43]  Ping Success at node 5, 460ms
[14:05:44]  Ping Success at node 5, 464ms
[14:05:45]  Ping Success at node 5, 466ms
[14:05:46]  Ping Success at node 5, 466ms
[14:05:46]  Ping Success at node 5, 470ms
[14:05:47]  Ping Success at node 5, 474ms
[14:05:48]  Ping Success at node 5, 466ms
[14:05:52]  Tracking : Az 301, El 10.
[14:05:53]  Ping Failed at node 3.
[14:05:53]  Ping Success at node 5, 472ms
[14:05:54]  Ping Success at node 5, 468ms
[14:05:55]  Ping Success at node 5, 471ms
[14:05:55]  Ping Success at node 5, 461ms
[14:05:56]  Ping Success at node 5, 463ms
[14:05:57]  Ping Success at node 5, 466ms
[14:05:57]  Ping Success at node 5, 474ms
[14:05:58]  Ping Success at node 5, 460ms
[14:05:59]  Ping Success at node 5, 467ms
[14:05:59]  Ping Success at node 5, 474ms
[14:06:00]  Ping Success at node 5, 463ms
[14:06:01]  Ping Success at node 5, 471ms
[14:06:01]  Ping Success at node 5, 461ms
[14:06:02]  Ping Success at node 5, 464ms
[14:06:03]  Ping Success at node 5, 471ms
[14:06:03]  Ping Success at node 5, 476ms
[14:06:04]  Ping Success at node 5, 466ms
[14:06:05]  Ping Success at node 5, 472ms
[14:06:08]  Tracking : Az 304, El 9.
[14:06:08]  Ping Success at node 5, 469ms
[14:06:09]  Ping Success at node 5, 472ms
[14:06:09]  Ping Success at node 5, 462ms
[14:06:10]  Ping Success at node 5, 465ms
[14:06:11]  Ping Success at node 5, 470ms
[14:06:11]  Ping Success at node 5, 471ms
[14:06:12]  Ping Success at node 5, 461ms
[14:06:13]  Ping Success at node 5, 464ms
[14:06:13]  Ping Success at node 5, 468ms
[14:06:14]  Ping Success at node 5, 474ms
[14:06:15]  Ping Success at node 5, 475ms
[14:06:16]  Ping Success at node 5, 466ms
[14:06:16]  Ping Success at node 5, 469ms
[14:06:17]  Ping Success at node 5, 475ms
[14:06:18]  Ping Success at node 5, 466ms
[14:06:18]  Ping Success at node 5, 473ms
[14:06:19]  Ping Success at node 5, 465ms
[14:06:19]  Ping Success at node 5, 469ms
[14:06:20]  Ping Success at node 5, 473ms
[14:06:21]  Ping Success at node 5, 464ms
[14:06:21]  Ping Success at node 5, 471ms
[14:06:22]  Ping Success at node 5, 475ms
[14:06:23]  Ping Success at node 5, 463ms
[14:06:23]  Ping Success at node 5, 468ms
[14:06:24]  Tracking : Az 307, El 8.
[14:06:24]  Ping Success at node 5, 473ms
[14:06:25]  Ping Success at node 5, 462ms
[14:06:25]  Ping Success at node 5, 469ms
[14:06:26]  Ping Success at node 5, 466ms
[14:06:27]  Ping Success at node 5, 474ms
[14:06:27]  Ping Success at node 5, 467ms
[14:06:28]  Ping Success at node 5, 463ms
[14:06:28]  Ping Success at node 5, 474ms
[14:06:29]  Ping Success at node 5, 468ms
[14:06:29]  Ping Success at node 5, 464ms
[14:06:30]  Ping Success at node 5, 476ms
[14:06:30]  Ping Success at node 5, 472ms
[14:06:31]  Ping Success at node 5, 467ms
[14:06:31]  Ping Success at node 5, 475ms
[14:06:32]  Ping Success at node 5, 463ms
[14:06:33]  Ping Success at node 5, 467ms
[14:06:34]  Ping Success at node 5, 463ms
[14:06:35]  Ping Success at node 5, 477ms
[14:06:36]  Ping Success at node 5, 465ms
[14:06:36]  Ping Success at node 5, 474ms
[14:06:37]  Ping Success at node 5, 465ms
[14:06:37]  Ping Success at node 5, 471ms
[14:06:38]  Ping Success at node 5, 477ms
[14:06:39]  Ping Success at node 5, 465ms
[14:06:39]  Ping Success at node 5, 472ms
[14:06:40]  Ping Success at node 5, 478ms
[14:06:41]  Ping Success at node 5, 468ms
[14:06:41]  Ping Success at node 5, 474ms
[14:06:42]  Ping Success at node 5, 465ms
[14:06:43]  Tracking : Az 310, El 7.
[14:06:43]  Ping Success at node 5, 465ms
[14:06:43]  Ping Success at node 5, 467ms
[14:06:44]  Ping Success at node 5, 471ms
[14:06:47]  Ping Failed.
[14:06:47]  Ping Success at node 5, 470ms
[14:06:49]  Ping Failed.
[14:06:52]  Ping Failed.
[14:06:54]  Ping Failed.
[14:06:56]  Ping Failed.
[14:06:59]  Ping Failed.
[14:07:01]  Ping Failed.
[14:07:02]  Tracking : Az 313, El 6.
[14:07:04]  Ping Failed.
[14:07:07]  Ping Failed.
[14:07:10]  Ping Failed.
[14:07:13]  Ping Failed.
[14:07:16]  Ping Failed.
[14:07:19]  Ping Failed.
[14:07:21]  Ping Failed.
[14:07:24]  Tracking : Az 316, El 5.
[14:07:24]  Ping Failed.
[14:07:27]  Ping Failed.
[14:07:29]  Ping Failed.
[14:07:32]  Ping Failed.
[14:07:35]  Ping Failed.
[14:07:38]  Ping Failed.
[14:07:42]  Ping Failed.
[14:07:45]  Ping Failed.
[14:07:47]  Ping Failed.
[14:07:48]  Tracking : Az 319, El 3.
[14:07:50]  Ping Failed.
[14:07:53]  Ping Failed.
[14:07:56]  Ping Failed.
[14:07:58]  Ping Failed.
[14:08:03]  Ping Failed.
[14:08:05]  Ping Failed.
[14:08:08]  Ping Failed.
[14:08:10]  Ping Failed.
[14:08:15]  Tracking : Az 322, El 2.
[14:08:15]  Ping Failed at node 3.
[14:08:17]  Ping Failed.
[14:08:20]  Ping Failed.
[14:08:25]  Ping Failed.
[14:08:33]  Ping Failed.
[14:08:36]  Ping Failed.
[14:08:38]  Ping Failed.
[14:08:41]  Ping Failed.
[14:08:45]  Tracking : Az 325, El 0.
[14:08:45]  Ping Failed.
[14:08:49]  Ping Failed.
[14:08:52]  Ping Failed.
[14:08:55]  Ping Failed.
[14:08:55]  Forked Safe Amplifier Process. (OFF)
[14:08:59]  Finish Engaging.
[14:08:59]  Beacon Success : 0, Ping Success : 230
[14:09:00]  Tracking : Az 0, El 0.
