2025-12-13 12:25
[12:25:32]  Connect to Switch Box.............Success.
[12:25:32]  Connect to Rotator................Success.
[12:25:32]  Connect to GS100..................Success.
[12:25:32]  TM Port 13 bind success.
[12:25:32]  BCN Port 31 bind success.
[12:25:32]  RPT Port 25 bind success.
[12:25:50]  TLE "cubesat" Download Completed.
[12:46:44]  Start Engaging.
[12:46:44]  Tracking : Az 164, El 0.
[12:46:46]  Tracking : Az 164, El 0.
[12:46:48]  Start Doppler Correction.
[12:46:48]  Tracking : Az 164, El 0.
[12:46:50]  Tracking : Az 164, El 0.
[12:46:52]  Tracking : Az 164, El 0.
[12:46:54]  Tracking : Az 164, El 0.
[12:46:56]  Tracking : Az 164, El 0.
[12:46:58]  Tracking : Az 164, El 0.
[12:47:00]  Tracking : Az 163, El 0.
[12:47:02]  Forked Safe Amplifier Process.(ON, Timer)
[12:47:02]  Tracking : Az 163, El 0.
[12:47:04]  Tracking : Az 163, El 0.
[12:47:06]  Tracking : Az 163, El 0.
[12:47:08]  Tracking : Az 163, El 0.
[12:47:10]  Tracking : Az 163, El 1.
[12:47:12]  Tracking : Az 163, El 1.
[12:47:14]  Tracking : Az 163, El 1.
[12:47:31]  Ping Failed.
[12:47:42]  Ping Failed.
[12:47:52]  Tracking : Az 163, El 4.
[12:47:59]  Ping Failed.
[12:48:18]  Tracking : Az 163, El 6.
[12:48:20]  Ping Failed.
[12:48:29]  Tracking : Az 163, El 7.
[12:48:38]  Ping Failed.
[12:48:52]  Tracking : Az 163, El 9.
[12:49:07]  Ping Success at node 5, 464ms
[12:49:10]  Ping Success at node 5, 469ms
[12:49:12]  Tracking : Az 163, El 11.
[12:49:25]  [OK]CMD Packet Header: 0x18 0x75 0xc0 0x0 0x0 0x1 0x14 0x47
[12:49:30]  Tracking : Az 162, El 13.
[12:49:54]  Tracking : Az 162, El 16.
[12:50:07]  [OK]CMD Packet Header: 0x18 0x75 0xc0 0x0 0x0 0x1 0x1a 0x49
[12:50:09]  Tracking : Az 162, El 18.
[12:50:28]  [OK]CMD Packet Header: 0x18 0x75 0xc0 0x0 0x0 0x1 0x1a 0x0
[12:50:28]  Tracking : Az 161, El 21.
[12:50:44]  Tracking : Az 161, El 24.
[12:50:59]  Tracking : Az 160, El 27.
[12:51:12]  Tracking : Az 160, El 30.
[12:51:23]  Tracking : Az 159, El 33.
[12:51:30]  [OK]CMD Packet Header: 0x18 0x40 0xc0 0x0 0x0 0x1 0x5 0x63
[12:51:34]  Tracking : Az 159, El 36.
[12:51:37]  Tracking : Az 158, El 37.
[12:51:40]  [OK]CMD Packet Header: 0x18 0x40 0xc0 0x0 0x0 0x1 0x5 0x63
[12:51:46]  Tracking : Az 158, El 40.
[12:51:49]  Tracking : Az 157, El 41.
[12:51:57]  Tracking : Az 156, El 44.
[12:52:04]  Tracking : Az 156, El 47.
[12:52:11]  Tracking : Az 154, El 50.
[12:52:13]  Tracking : Az 154, El 51.
[12:52:19]  Tracking : Az 153, El 54.
[12:52:21]  Tracking : Az 152, El 55.
[12:52:27]  Tracking : Az 151, El 58.
[12:52:33]  [OK]CMD Packet Header: 0x18 0x40 0xc0 0x0 0x0 0x1 0x5 0x63
[12:52:33]  Tracking : Az 148, El 61.
[12:52:36]  Tracking : Az 147, El 63.
[12:52:41]  Tracking : Az 144, El 66.
[12:52:43]  Tracking : Az 143, El 67.
[12:52:47]  Tracking : Az 140, El 69.
[12:52:50]  Tracking : Az 137, El 71.
[12:52:53]  Tracking : Az 134, El 73.
[12:52:55]  Tracking : Az 131, El 74.
[12:52:58]  Tracking : Az 126, El 75.
[12:53:00]  Tracking : Az 122, El 76.
[12:53:02]  Tracking : Az 118, El 77.
[12:53:04]  Tracking : Az 112, El 78.
[12:53:06]  Tracking : Az 106, El 79.
[12:53:08]  Tracking : Az 99, El 80.
[12:53:10]  Ping Success at node 5, 453ms
[12:53:10]  Tracking : Az 91, El 80.
[12:53:12]  Tracking : Az 82, El 80.
[12:53:14]  Tracking : Az 73, El 80.
[12:53:16]  Tracking : Az 64, El 80.
[12:53:18]  Tracking : Az 56, El 80.
[12:53:20]  Ping Success at node 3, 466ms
[12:53:20]  Tracking : Az 49, El 79.
[12:53:22]  Tracking : Az 42, El 78.
[12:53:24]  Tracking : Az 36, El 78.
[12:53:26]  Tracking : Az 31, El 77.
[12:53:28]  Tracking : Az 27, El 76.
[12:53:30]  Tracking : Az 24, El 75.
[12:53:30]  Ping Failed at node 21.
[12:53:33]  Tracking : Az 19, El 73.
[12:53:35]  Tracking : Az 17, El 72.
[12:53:39]  Tracking : Az 13, El 69.
[12:53:42]  Tracking : Az 10, El 68.
[12:53:46]  Tracking : Az 8, El 65.
[12:53:50]  Tracking : Az 5, El 63.
[12:53:53]  Rparam Load OK. node=5 table=4 addr=0x0018 value=1
[12:53:56]  Tracking : Az 3, El 60.
[12:54:03]  Tracking : Az 1, El 56.
[12:54:05]  Tracking : Az 0, El 55.
[12:54:08]  Tracking : Az 359, El 54.
[12:54:10]  Tracking : Az 359, El 53.
[12:54:12]  Tracking : Az 359, El 52.
[12:54:14]  Tracking : Az 358, El 51.
[12:54:16]  Tracking : Az 358, El 50.
[12:54:18]  Tracking : Az 357, El 49.
[12:54:20]  Tracking : Az 357, El 48.
[12:54:22]  Tracking : Az 357, El 47.
[12:54:24]  Tracking : Az 357, El 46.
[12:54:26]  Tracking : Az 356, El 45.
[12:54:28]  Tracking : Az 356, El 45.
[12:54:30]  Tracking : Az 356, El 44.
[12:54:32]  Tracking : Az 356, El 43.
[12:54:34]  Tracking : Az 355, El 42.
[12:54:36]  Tracking : Az 355, El 42.
[12:54:38]  Tracking : Az 355, El 41.
[12:54:40]  Tracking : Az 355, El 40.
[12:54:42]  Tracking : Az 355, El 39.
[12:54:44]  Tracking : Az 354, El 39.
[12:54:46]  Tracking : Az 354, El 38.
[12:54:48]  Tracking : Az 354, El 37.
[12:54:50]  Tracking : Az 354, El 37.
[12:54:52]  Tracking : Az 354, El 36.
[12:54:54]  Tracking : Az 354, El 36.
[12:54:56]  Tracking : Az 353, El 35.
[12:54:57]  [OK]CMD Packet Header: 0x18 0x30 0xc0 0x0 0x0 0x1 0x0 0x16
[12:54:58]  Tracking : Az 353, El 34.
[12:55:00]  Tracking : Az 353, El 34.
[12:55:02]  Tracking : Az 353, El 33.
[12:55:04]  Tracking : Az 353, El 33.
[12:55:06]  Tracking : Az 353, El 32.
[12:55:17]  Tracking : Az 352, El 29.
[12:55:24]  [OK]CMD Packet Header: 0x18 0x65 0xc0 0x0 0x0 0x1 0x0 0x43
