2026-02-04 02:14
[02:14:13]  Connect to Switch Box.............Success.
[02:14:13]  Connect to Rotator................Success.
[02:14:13]  Connect to GS100..................Success.
[02:14:13]  TM Port 13 bind success.
[02:14:13]  BCN Port 31 bind success.
[02:14:13]  RPT Port 25 bind success.
[02:14:13]  Event Port 27 bind success.
[02:14:13]  COSMIC Beacon Port 23 bind success.
[02:14:13]  COSMIC Report Port 24 bind success.
[02:14:17]  TLE "cubesat" Download Completed.
[03:12:09]  Start Engaging.
[03:12:09]  Tracking : Az 338, El 0.
[03:12:10]  Start Doppler Correction.
[03:12:11]  Tracking : Az 338, El 0.
[03:12:13]  Tracking : Az 338, El 0.
[03:12:15]  Tracking : Az 338, El 0.
[03:12:17]  Tracking : Az 338, El 0.
[03:12:19]  Tracking : Az 338, El 0.
[03:12:21]  Tracking : Az 338, El 0.
[03:12:23]  Tracking : Az 338, El 0.
[03:12:25]  Tracking : Az 338, El 0.
[03:12:27]  Tracking : Az 338, El 0.
[03:12:29]  Tracking : Az 338, El 0.
[03:12:31]  Tracking : Az 338, El 0.
[03:12:33]  Tracking : Az 338, El 0.
[03:18:09]  Tracking : Az 341, El 0.
[03:18:18]  Tracking : Az 339, El 0.
[03:18:34]  Forked Safe Amplifier Process.(ON, Timer)
[03:18:43]  Tracking : Az 336, El 0.
[03:19:03]  Cannot Load Remote Parameter.
[03:19:06]  Tracking : Az 333, El 1.
[03:19:14]  Ping Failed.
[03:19:28]  Tracking : Az 330, El 2.
[03:19:29]  Ping Failed.
[03:19:47]  Received Event from port : 27.

[03:19:48]  Tracking : Az 327, El 2.
[03:19:58]  Ping Failed.
[03:20:07]  Tracking : Az 324, El 3.
[03:20:13]  AX100 Boot Count : 193
[03:20:17]  Ping Success at node 5, 470ms
[03:20:21]  Ping Success at node 5, 478ms
[03:20:25]  Tracking : Az 321, El 4.
[03:20:43]  Tracking : Az 318, El 4.
[03:20:43]  [OK]CMD Packet Header: 0x18 0x75 0xc0 0x0 0x0 0x1 0x14 0x47
[03:20:59]  Tracking : Az 315, El 4.
[03:21:07]  Received Event from port : 27.

[03:21:13]  Received Event from port : 27.

[03:21:16]  Tracking : Az 312, El 5.
[03:21:27]  Received Event from port : 27.

[03:21:32]  Tracking : Az 309, El 5.
[03:21:43]  [OK]CMD Packet Header: 0x18 0x75 0xc0 0x0 0x0 0x1 0x14 0x47
[03:21:47]  Tracking : Az 306, El 5.
[03:21:51]  Ping Success at node 5, 471ms
[03:21:54]  Received Event from port : 27.

[03:21:57]  Received Event from port : 27.

[03:22:03]  Tracking : Az 303, El 5.
[03:22:07]  Received Event from port : 27.

[03:22:17]  Received Event from port : 27.

[03:22:18]  Tracking : Az 300, El 5.
[03:22:27]  Received Event from port : 27.

[03:22:33]  Tracking : Az 297, El 5.
[03:22:34]  [OK]CMD Packet Header: 0x18 0x23 0xc0 0x0 0x0 0x5 0x4 0x9
[03:22:48]  Tracking : Az 294, El 5.
[03:22:49]  [OK]CMD Packet Header: 0x18 0x0 0xc0 0x0 0x0 0x55 0x7 0x7d
[03:23:07]  [OK]CMD Packet Header: 0x18 0x75 0xc0 0x0 0x0 0x1 0x14 0x47
[03:23:08]  Received Report from port : 25.
[03:23:09]  Tracking : Az 290, El 5.
[03:23:10]  Received Report from port : 25.
[03:23:12]  Received Report from port : 25.
[03:23:24]  Tracking : Az 287, El 5.
[03:23:31]  [OK]CMD Packet Header: 0x18 0x75 0xc0 0x0 0x0 0x1 0x17 0x44
[03:23:32]  Received Report from port : 25.
[03:23:34]  Received Report from port : 25.
[03:23:36]  Received Report from port : 25.
[03:23:40]  Tracking : Az 284, El 5.
[03:23:51]  [OK]CMD Packet Header: 0x18 0x50 0xc0 0x0 0x0 0x1 0x6 0x70
[03:23:56]  Tracking : Az 281, El 4.
[03:24:02]  Cannot Load Remote Parameter.
[03:24:05]  AX100 Boot Count : 193
[03:24:13]  Tracking : Az 278, El 4.
[03:24:26]  [OK]CMD Packet Header: 0x18 0x75 0xc0 0x0 0x0 0x5 0x1e 0xa2
[03:24:30]  Tracking : Az 275, El 4.
[03:24:36]  [OK]CMD Packet Header: 0x18 0x75 0xc0 0x0 0x0 0x1 0x14 0x47
[03:24:47]  [OK]CMD Packet Header: 0x18 0x75 0xc0 0x0 0x0 0x1 0x14 0x47
[03:24:48]  Tracking : Az 272, El 3.
[03:24:53]  Ping Failed.
[03:25:06]  Ping Success at node 5, 473ms
[03:25:07]  Tracking : Az 269, El 2.
[03:25:27]  Tracking : Az 266, El 2.
[03:25:48]  Tracking : Az 263, El 1.
[03:26:10]  Tracking : Az 260, El 0.
[03:26:22]  Forked Safe Amplifier Process. (OFF)
[03:26:26]  Finish Engaging.
[03:26:26]  Beacon Success : 0, Ping Success : 4
