2025-12-15 13:07
[13:07:57]  Connect to Switch Box.............Success.
[13:07:57]  Connect to Rotator................Success.
[13:07:57]  Connect to GS100..................Success.
[13:07:57]  TM Port 13 bind success.
[13:07:57]  BCN Port 31 bind success.
[13:07:57]  RPT Port 25 bind success.
[13:08:03]  TLE "cubesat" Download Completed.
[13:08:08]  Start Engaging.
[13:08:08]  Tracking : Az 183, El 20.
[13:08:09]  Start Doppler Correction.
[13:08:10]  Tracking : Az 183, El 20.
[13:08:10]  Forked Safe Amplifier Process.(ON, Timer)
[13:08:25]  Tracking : Az 184, El 23.
[13:08:41]  Tracking : Az 186, El 26.
[13:08:55]  Tracking : Az 188, El 29.
[13:08:58]  Tracking : Az 189, El 29.
[13:09:08]  Tracking : Az 190, El 32.
[13:09:15]  Tracking : Az 192, El 33.
[13:09:23]  Tracking : Az 194, El 36.
[13:09:23]  Ping Success at node 5, 464ms
[13:09:26]  Tracking : Az 194, El 37.
[13:09:31]  Tracking : Az 196, El 38.
[13:09:40]  Tracking : Az 198, El 41.
[13:09:43]  Tracking : Az 199, El 42.
[13:09:51]  Tracking : Az 203, El 44.
[13:09:53]  Tracking : Az 203, El 45.
[13:09:56]  Tracking : Az 205, El 46.
[13:09:58]  Tracking : Az 206, El 47.
[13:10:03]  [OK]CMD Packet Header: 0x18 0x15 0xc0 0x0 0x0 0x45 0xa 0x5e
[13:10:04]  Tracking : Az 209, El 49.
[13:10:06]  Tracking : Az 210, El 50.
[13:10:12]  Tracking : Az 214, El 52.
[13:10:14]  Tracking : Az 215, El 52.
[13:10:14]  [OK]CMD Packet Header: 0x18 0x15 0xc0 0x0 0x0 0x45 0xa 0x5e
[13:10:18]  Tracking : Az 218, El 54.
[13:10:20]  Tracking : Az 220, El 54.
[13:10:25]  Tracking : Az 224, El 56.
[13:10:27]  Tracking : Az 226, El 56.
[13:10:30]  Tracking : Az 229, El 57.
[13:10:31]  Ping Success at node 5, 453ms
[13:10:32]  Tracking : Az 231, El 58.
[13:10:34]  Tracking : Az 233, El 58.
[13:10:36]  [OK]CMD Packet Header: 0x18 0x15 0xc0 0x0 0x0 0x45 0xa 0x5e
[13:10:37]  Tracking : Az 237, El 59.
[13:10:39]  Tracking : Az 239, El 59.
[13:10:41]  Tracking : Az 241, El 60.
[13:10:43]  Tracking : Az 244, El 60.
[13:10:45]  Tracking : Az 246, El 60.
[13:10:47]  Tracking : Az 249, El 61.
[13:10:49]  Tracking : Az 252, El 61.
[13:10:51]  Tracking : Az 254, El 61.
[13:10:53]  Tracking : Az 257, El 61.
[13:10:55]  Tracking : Az 260, El 61.
[13:10:57]  Tracking : Az 262, El 61.
[13:10:59]  Tracking : Az 265, El 61.
[13:11:01]  Tracking : Az 268, El 61.
[13:11:03]  Tracking : Az 270, El 60.
[13:11:05]  Tracking : Az 273, El 60.
[13:11:07]  [OK]CMD Packet Header: 0x18 0x40 0xc0 0x0 0x0 0x1 0x5 0x63
[13:11:07]  Tracking : Az 275, El 60.
[13:11:09]  Tracking : Az 278, El 60.
[13:11:11]  Tracking : Az 280, El 59.
[13:11:13]  Tracking : Az 282, El 59.
[13:11:15]  Tracking : Az 285, El 58.
[13:11:17]  Tracking : Az 287, El 58.
[13:11:19]  Ping Success at node 5, 454ms
[13:11:19]  Tracking : Az 289, El 57.
[13:11:22]  Tracking : Az 292, El 56.
[13:11:24]  Tracking : Az 294, El 56.
[13:11:29]  Tracking : Az 298, El 54.
[13:11:31]  Tracking : Az 299, El 54.
[13:11:34]  Tracking : Az 302, El 53.
[13:11:36]  Tracking : Az 303, El 52.
[13:11:38]  Tracking : Az 305, El 51.
[13:11:40]  Tracking : Az 306, El 51.
[13:11:45]  Tracking : Az 309, El 49.
[13:11:47]  Tracking : Az 310, El 48.
[13:11:53]  Tracking : Az 313, El 46.
[13:11:57]  Ping Success at node 3, 468ms
[13:11:59]  Tracking : Az 316, El 44.
[13:12:01]  Tracking : Az 316, El 43.
[13:12:05]  Tracking : Az 318, El 42.
[13:12:10]  Tracking : Az 320, El 40.
[13:12:13]  Tracking : Az 321, El 40.
[13:12:20]  Tracking : Az 323, El 37.
[13:12:26]  Tracking : Az 324, El 36.
[13:12:35]  Tracking : Az 326, El 33.
[13:12:38]  AX100 Boot Count : 187
[13:12:47]  Tracking : Az 328, El 30.
[13:13:01]  Tracking : Az 331, El 27.
[13:13:19]  [OK]CMD Packet Header: 0x18 0x75 0xc0 0x0 0x0 0x1 0x1a 0x49
[13:13:20]  Tracking : Az 333, El 23.
[13:13:20]  Received Report from port : 25.
[13:13:22]  Received Report from port : 25.
[13:13:24]  Received Report from port : 25.
[13:13:31]  [OK]CMD Packet Header: 0x18 0x75 0xc0 0x0 0x0 0x1 0x1a 0x0
[13:13:32]  Received Report from port : 25.
[13:13:34]  Received Report from port : 25.
[13:13:36]  Received Report from port : 25.
[13:13:44]  Tracking : Az 335, El 19.
[13:13:46]  Tracking : Az 335, El 19.
[13:14:13]  Tracking : Az 337, El 15.
[13:14:15]  Tracking : Az 338, El 15.
[13:14:38]  Tracking : Az 339, El 12.
[13:15:07]  Tracking : Az 340, El 9.
[13:15:18]  [OK]CMD Packet Header: 0x18 0x75 0xc0 0x0 0x0 0x1 0x1a 0x49
[13:15:20]  Received Report from port : 25.
[13:15:37]  Ping Success at node 5, 468ms
[13:15:44]  Tracking : Az 342, El 6.
[13:16:19]  Tracking : Az 343, El 3.
[13:17:01]  Forked Safe Amplifier Process. (OFF)
[13:17:03]  Tracking : Az 344, El 0.
[13:17:06]  Finish Engaging.
[13:17:06]  Beacon Success : 0, Ping Success : 5
[13:17:10]  Tracking : Az 0, El 0.
