2026-01-11 12:24
[12:24:41]  Connect to Switch Box.............Success.
[12:24:41]  Connect to Rotator................Success.
[12:24:41]  Connect to GS100..................Success.
[12:24:41]  TM Port 13 bind success.
[12:24:41]  BCN Port 31 bind success.
[12:24:41]  RPT Port 25 bind success.
[12:24:41]  Event Port 27 bind success.
[12:24:41]  COSMIC Beacon Port 23 bind success.
[12:24:41]  COSMIC Report Port 24 bind success.
[12:24:45]  TLE "cubesat" Download Completed.
[12:24:48]  Start Engaging.
[12:24:48]  Tracking : Az 9, El 11.
[12:24:49]  Start Doppler Correction.
[12:24:50]  Tracking : Az 9, El 11.
[12:24:50]  Forked Safe Amplifier Process.(ON, Timer)
[12:25:02]  Ping Success at node 5, 462ms
[12:25:06]  [OK]CMD Packet Header: 0x18 0x75 0xc0 0x0 0x0 0x5 0x1e 0xa2
[12:25:07]  Received Report from port : 25.
[12:25:09]  Received Report from port : 25.
[12:25:11]  Received Report from port : 25.
[12:25:13]  [OK]CMD Packet Header: 0x18 0x75 0xc0 0x0 0x0 0x1 0x14 0x47
[12:25:14]  Received Report from port : 25.
[12:25:15]  Tracking : Az 6, El 9.
[12:25:16]  Received Report from port : 25.
[12:25:18]  Received Report from port : 25.
[12:25:31]  [OK]CMD Packet Header: 0x18 0x50 0xc0 0x0 0x0 0x1 0x6 0x70
[12:25:32]  Received Report from port : 25.
[12:25:34]  Received Report from port : 25.
[12:25:36]  Received Report from port : 25.
[12:25:52]  Tracking : Az 3, El 6.
[12:25:54]  [OK]CMD Packet Header: 0x18 0x75 0xc0 0x0 0x0 0x1 0x14 0x47
[12:25:55]  Received Report from port : 25.
[12:25:57]  Received Report from port : 25.
[12:25:59]  Received Report from port : 25.
[12:26:07]  [OK]CMD Packet Header: 0x18 0x75 0xc0 0x0 0x0 0x1 0x1a 0x49
[12:26:08]  Received Report from port : 25.
[12:26:10]  Received Report from port : 25.
[12:26:12]  Received Report from port : 25.
[12:26:25]  Tracking : Az 1, El 3.
[12:26:27]  [OK]CMD Packet Header: 0x18 0x75 0xc0 0x0 0x0 0x1 0x1a 0x0
[12:26:28]  Received Report from port : 25.
[12:26:30]  Received Report from port : 25.
[12:26:32]  Received Report from port : 25.
[12:26:37]  Forked Safe Amplifier Process. (OFF)
[12:26:39]  Finish Engaging.
[12:26:39]  Beacon Success : 0, Ping Success : 1
[12:26:40]  Tracking : Az 0, El 0.
