2025-12-16 12:47
[12:47:38]  Connect to Switch Box.............Success.
[12:47:38]  Connect to Rotator................Success.
[12:47:38]  Connect to GS100..................Success.
[12:47:38]  TM Port 13 bind success.
[12:47:38]  BCN Port 31 bind success.
[12:47:38]  RPT Port 25 bind success.
[12:47:47]  TLE "cubesat" Download Completed.
[13:09:16]  Tracking : Az 0, El 0.
[13:13:13]  Start Engaging.
[13:13:13]  Tracking : Az 179, El 0.
[13:13:14]  Start Doppler Correction.
[13:13:15]  Tracking : Az 179, El 0.
[13:13:17]  Tracking : Az 179, El 0.
[13:13:19]  Tracking : Az 179, El 0.
[13:13:21]  Tracking : Az 179, El 0.
[13:13:23]  Tracking : Az 179, El 0.
[13:13:25]  Tracking : Az 179, El 0.
[13:13:27]  Tracking : Az 179, El 0.
[13:13:29]  Tracking : Az 179, El 0.
[13:13:31]  Tracking : Az 179, El 0.
[13:13:33]  Tracking : Az 180, El 0.
[13:13:35]  Tracking : Az 180, El 0.
[13:13:37]  Tracking : Az 180, El 0.
[13:13:39]  Tracking : Az 180, El 0.
[13:13:41]  Tracking : Az 180, El 0.
[13:13:43]  Tracking : Az 180, El 0.
[13:14:15]  Tracking : Az 181, El 3.
[13:14:56]  Tracking : Az 183, El 6.
[13:15:05]  Forked Safe Amplifier Process.(ON, Timer)
[13:15:16]  Ping Failed.
[13:15:28]  Tracking : Az 185, El 8.
[13:15:46]  Ping Success at node 5, 462ms
[13:15:51]  Received Beacon from port : 31.

[13:15:52]  Tracking : Az 186, El 11.
[13:16:11]  Tracking : Az 188, El 13.
[13:16:37]  Tracking : Az 190, El 16.
[13:16:39]  Ping Failed.
[13:16:48]  Ping Failed.
[13:16:53]  Tracking : Az 192, El 18.
[13:17:07]  Ping Failed.
[13:17:13]  Tracking : Az 195, El 20.
[13:17:24]  Ping Failed.
[13:17:26]  Tracking : Az 197, El 23.
[13:17:40]  Ping Failed.
[13:17:42]  Tracking : Az 200, El 25.
[13:17:51]  Ping Success at node 5, 467ms
[13:17:54]  Tracking : Az 202, El 28.
[13:18:00]  Tracking : Az 204, El 29.
[13:18:01]  Received Beacon from port : 31.

[13:18:10]  Tracking : Az 207, El 31.
[13:18:20]  Tracking : Az 210, El 33.
[13:18:29]  Tracking : Az 213, El 35.
[13:18:36]  Tracking : Az 216, El 36.
[13:18:38]  [OK]CMD Packet Header: 0x18 0x75 0xc0 0x0 0x0 0x1 0x14 0x47
[13:18:39]  Received Report from port ~~ with new code : 25.
[13:18:39]  Received Report from port : 25.

[13:18:39]  Received Report from port ~~ with new code : 25.
[13:18:39]  Received Report from port : 25.

[13:18:40]  Received Report from port ~~ with new code : 25.
[13:18:43]  Tracking : Az 219, El 38.
[13:18:49]  Tracking : Az 222, El 39.
[13:18:55]  Tracking : Az 225, El 41.
[13:19:00]  Tracking : Az 228, El 42.
[13:19:05]  Tracking : Az 231, El 43.
[13:19:11]  Tracking : Az 234, El 44.
[13:19:16]  Tracking : Az 238, El 44.
[13:19:20]  Tracking : Az 241, El 45.
[13:19:21]  Received Beacon from port : 31.

[13:19:24]  Tracking : Az 244, El 46.
[13:19:28]  Tracking : Az 247, El 46.
[13:19:31]  Received Beacon from port : 31.

[13:19:33]  Tracking : Az 251, El 46.
[13:19:37]  Tracking : Az 254, El 47.
[13:19:41]  Tracking : Az 257, El 47.
[13:19:44]  Tracking : Az 260, El 47.
[13:19:49]  Tracking : Az 264, El 47.
[13:19:51]  Received Beacon from port : 31.

[13:19:53]  Tracking : Az 267, El 47.
[13:19:58]  Tracking : Az 271, El 46.
[13:20:02]  Tracking : Az 274, El 46.
[13:20:06]  [OK]CMD Packet Header: 0x18 0x75 0xc0 0x0 0x0 0x1 0x1a 0x49
[13:20:07]  Tracking : Az 278, El 45.
[13:20:08]  Received Report from port ~~ with new code : 25.
[13:20:08]  Received Report from port : 25.

[13:20:08]  Received Report from port ~~ with new code : 25.
[13:20:08]  Received Report from port : 25.

[13:20:08]  Received Report from port ~~ with new code : 25.
[13:20:11]  Tracking : Az 281, El 45.
[13:20:11]  Received Beacon from port : 31.

[13:20:14]  [OK]CMD Packet Header: 0x18 0x75 0xc0 0x0 0x0 0x1 0x1a 0x0
[13:20:15]  Received Report from port ~~ with new code : 25.
[13:20:15]  Received Report from port : 25.

[13:20:15]  Received Report from port ~~ with new code : 25.
[13:20:15]  Received Report from port : 25.

[13:20:16]  Received Report from port ~~ with new code : 25.
[13:20:16]  Tracking : Az 284, El 44.
[13:20:18]  [OK]CMD Packet Header: 0x18 0x75 0xc0 0x0 0x0 0x1 0x1a 0x49
[13:20:19]  Received Report from port ~~ with new code : 25.
[13:20:19]  Received Report from port : 25.

[13:20:19]  Received Report from port ~~ with new code : 25.
[13:20:19]  Received Report from port : 25.

[13:20:20]  Received Report from port ~~ with new code : 25.
[13:20:20]  Tracking : Az 287, El 43.
[13:20:21]  Received Beacon from port : 31.

[13:20:25]  Tracking : Az 290, El 43.
[13:20:30]  Tracking : Az 293, El 42.
[13:20:31]  Received Beacon from port : 31.

[13:20:35]  Tracking : Az 296, El 41.
[13:20:41]  Tracking : Az 299, El 39.
[13:20:41]  Received Beacon from port : 31.

[13:20:47]  [OK]CMD Packet Header: 0x18 0x20 0xc0 0x0 0x0 0x5 0x6 0x7
[13:20:47]  Tracking : Az 302, El 38.
[13:20:51]  Received Beacon from port : 31.

[13:20:54]  Tracking : Az 305, El 36.
[13:21:01]  Tracking : Az 308, El 35.
[13:21:01]  Received Beacon from port : 31.

[13:21:07]  [OK]CMD Packet Header: 0x18 0x20 0xc0 0x0 0x0 0x5 0x6 0x0
[13:21:10]  Tracking : Az 311, El 33.
[13:21:11]  Received Beacon from port : 31.

[13:21:19]  Tracking : Az 314, El 31.
[13:21:30]  Tracking : Az 317, El 29.
[13:21:37]  Ping Success at node 5, 469ms
[13:21:42]  Tracking : Az 319, El 26.
[13:21:47]  Tracking : Az 321, El 26.
[13:21:59]  Tracking : Az 323, El 23.
[13:22:05]  [OK]CMD Packet Header: 0x18 0x75 0xc0 0x0 0x0 0x5 0x1e 0xa2
[13:22:05]  Tracking : Az 324, El 22.
[13:22:21]  [OK]CMD Packet Header: 0x18 0x75 0xc0 0x0 0x0 0x5 0x1e 0xa2
[13:22:22]  Received Report from port ~~ with new code : 25.
[13:22:22]  Received Report from port : 25.

[13:22:22]  Tracking : Az 327, El 20.
[13:22:22]  Received Report from port ~~ with new code : 25.
[13:22:37]  [OK]CMD Packet Header: 0x18 0x50 0xc0 0x0 0x0 0x1 0x6 0x70
[13:22:46]  Tracking : Az 330, El 17.
[13:22:51]  [OK]CMD Packet Header: 0x18 0x50 0xc0 0x0 0x0 0x1 0x6 0x70
[13:23:03]  Tracking : Az 331, El 14.
[13:23:08]  Ping Failed.
[13:23:19]  Ping Failed.
[13:23:29]  Tracking : Az 334, El 12.
[13:23:45]  Ping Failed.
[13:23:51]  Tracking : Az 335, El 9.
[13:24:02]  Ping Success at node 5, 466ms
[13:24:22]  [OK]CMD Packet Header: 0x18 0x75 0xc0 0x0 0x0 0x1 0x14 0x47
[13:24:31]  [OK]CMD Packet Header: 0x18 0x75 0xc0 0x0 0x0 0x1 0x14 0x47
[13:24:38]  Tracking : Az 338, El 5.
[13:24:41]  [OK]CMD Packet Header: 0x18 0x75 0xc0 0x0 0x0 0x1 0x14 0x47
[13:24:48]  Ping Success at node 5, 470ms
[13:24:53]  [OK]CMD Packet Header: 0x18 0x75 0xc0 0x0 0x0 0x1 0x14 0x47
[13:25:06]  [OK]CMD Packet Header: 0x18 0x75 0xc0 0x0 0x0 0x1 0x14 0x47
[13:25:14]  Ping Failed.
[00:03:19]  Ping Failed.
[13:25:26]  Forked Safe Amplifier Process. (OFF)
[13:25:31]  Finish Engaging.
[13:25:31]  Beacon Success : 12, Ping Success : 5
[13:25:33]  Tracking : Az 0, El 0.
