2026-01-23 01:39
[01:39:03]  Connect to Switch Box.............Success.
[01:39:03]  Connect to Rotator................Success.
[01:39:03]  Connect to GS100..................Success.
[01:39:03]  TM Port 13 bind success.
[01:39:03]  BCN Port 31 bind success.
[01:39:03]  RPT Port 25 bind success.
[01:39:03]  Event Port 27 bind success.
[01:39:03]  COSMIC Beacon Port 23 bind success.
[01:39:03]  COSMIC Report Port 24 bind success.
[01:39:05]  TLE "cubesat" Download Completed.
[01:39:09]  Start Engaging.
[01:39:09]  Tracking : Az 17, El 32.
[01:39:10]  Start Doppler Correction.
[01:39:11]  Tracking : Az 17, El 33.
[01:39:12]  Forked Safe Amplifier Process.(ON, Timer)
[01:39:16]  Ping Success at node 5, 463ms
[01:39:17]  Tracking : Az 18, El 34.
[01:39:24]  [OK]CMD Packet Header: 0x18 0x75 0xc0 0x0 0x0 0x1 0x14 0x47
[01:39:24]  Tracking : Az 18, El 37.
[01:39:26]  Tracking : Az 18, El 37.
[01:39:30]  Ping Success at node 5, 459ms
[01:39:32]  [OK]CMD Packet Header: 0x18 0x75 0xc0 0x0 0x0 0x1 0x14 0x47
[01:39:33]  Tracking : Az 19, El 40.
[01:39:35]  Tracking : Az 19, El 40.
[01:39:41]  Tracking : Az 19, El 43.
[01:39:43]  AX100 Boot Count : 192
[01:39:43]  Tracking : Az 20, El 44.
[01:39:51]  Tracking : Az 21, El 47.
[01:39:53]  Tracking : Az 21, El 48.
[01:39:58]  [OK]CMD Packet Header: 0x18 0x0 0xc0 0x0 0x0 0x55 0x7 0x7d
[01:39:59]  Tracking : Az 22, El 51.
[01:40:01]  Tracking : Az 22, El 52.
[01:40:07]  [OK]CMD Packet Header: 0x18 0x75 0xc0 0x0 0x0 0x1 0x14 0x47
[01:40:07]  Tracking : Az 23, El 55.
[01:40:08]  Received Report from port : 25.
[01:40:09]  Tracking : Az 24, El 56.
[01:40:10]  Received Report from port : 25.
[01:40:12]  Received Report from port : 25.
[01:40:15]  Tracking : Az 26, El 59.
[01:40:17]  Tracking : Az 26, El 60.
[01:40:20]  Tracking : Az 27, El 62.
[01:40:22]  Tracking : Az 28, El 63.
[01:40:25]  Tracking : Az 30, El 65.
[01:40:27]  Tracking : Az 31, El 66.
[01:40:30]  Tracking : Az 32, El 68.
[01:40:32]  Tracking : Az 34, El 69.
[01:40:35]  Tracking : Az 36, El 71.
[01:40:37]  Tracking : Az 38, El 72.
[01:40:38]  [OK]CMD Packet Header: 0x18 0x50 0xc0 0x0 0x0 0x1 0x6 0x70
[01:40:39]  Tracking : Az 41, El 73.
[01:40:39]  Received Report from port : 25.
[01:40:41]  Tracking : Az 43, El 74.
[01:40:41]  Received Report from port : 25.
[01:40:43]  Tracking : Az 46, El 76.
[01:40:43]  Received Report from port : 25.
[01:40:45]  Tracking : Az 50, El 77.
[01:40:47]  Tracking : Az 55, El 78.
[01:40:49]  Tracking : Az 60, El 79.
[01:40:51]  Tracking : Az 66, El 80.
[01:40:53]  Tracking : Az 74, El 80.
[01:40:55]  Tracking : Az 83, El 81.
[01:40:57]  Tracking : Az 93, El 81.
[01:40:59]  Tracking : Az 103, El 80.
[01:41:01]  [OK]CMD Packet Header: 0x18 0x75 0xc0 0x0 0x0 0x5 0x1e 0xa2
[01:41:01]  Tracking : Az 128, El 80.
[01:41:02]  Received Report from port : 25.
[01:41:03]  Tracking : Az 136, El 80.
[01:41:04]  Received Report from port : 25.
[01:41:05]  Tracking : Az 132, El 80.
[01:41:06]  Received Report from port : 25.
[01:41:07]  Tracking : Az 139, El 79.
[01:41:08]  [OK]CMD Packet Header: 0x18 0x75 0xc0 0x0 0x0 0x1 0x14 0x47
[01:41:09]  Tracking : Az 145, El 78.
[01:41:09]  Received Report from port : 25.
[01:41:11]  Tracking : Az 150, El 77.
[01:41:11]  Received Report from port : 25.
[01:41:13]  Tracking : Az 154, El 76.
[01:41:13]  Received Report from port : 25.
[01:41:15]  Tracking : Az 158, El 75.
[01:41:17]  Tracking : Az 161, El 74.
[01:41:19]  Tracking : Az 164, El 73.
[01:41:21]  Tracking : Az 166, El 72.
[01:41:23]  Tracking : Az 168, El 70.
[01:41:25]  Tracking : Az 169, El 69.
[01:41:27]  Tracking : Az 171, El 68.
[01:41:29]  Tracking : Az 172, El 67.
[01:41:32]  Tracking : Az 174, El 65.
[01:41:34]  Tracking : Az 175, El 64.
[01:41:40]  Tracking : Az 177, El 60.
[01:41:42]  Tracking : Az 178, El 59.
[01:41:45]  Tracking : Az 179, El 57.
[01:41:45]  Ping Success at node 5, 458ms
[01:41:47]  Forked Safe Amplifier Process. (OFF)
[01:41:49]  Finish Engaging.
[01:41:49]  Beacon Success : 0, Ping Success : 3
[01:41:49]  Tracking : Az 0, El 0.
[09:32:29]  Forked Safe Amplifier Process.(ON, Timer)
[09:32:33]  Forked Safe Amplifier Process. (OFF)
