2026-01-09 18:17
[18:17:31]  Connect to Switch Box.............Success.
[18:17:31]  Connect to Rotator................Success.
[18:17:31]  Connect to GS100..................Success.
[18:17:31]  TM Port 13 bind success.
[18:17:31]  BCN Port 31 bind success.
[18:17:31]  RPT Port 25 bind success.
[18:17:31]  Event Port 27 bind success.
[18:17:31]  COSMIC Beacon Port 23 bind success.
[18:17:31]  COSMIC Report Port 24 bind success.
[18:17:36]  TLE "cubesat" Download Completed.
[18:17:39]  [Auto]Start AutoPilot.
[18:17:39]  [Auto]Start Autopilot. Next Valuable AOS : 1/10 1:17:53
[18:17:39]  [Auto]Max Elevation : 49.32° Please Keep Devices On.
[18:17:40]  [Auto]Autopilot Stopped by User.
[18:17:40]  [Auto]Stop Doppler Correction.
[18:17:40]  [Auto]Finish Engaging.
[18:17:40]  Tracking : Az 0, El 0.
[18:17:41]  [Auto]Beacon Success : 0, Ping Success : 0 CMD Success : 0
[18:17:48]  [Auto]Start AutoPilot.
[18:17:48]  [Auto]Start Autopilot. Next Valuable AOS : 1/10 1:17:53
[18:17:48]  [Auto]Max Elevation : 49.32° Please Keep Devices On.
[18:18:20]  TLE "active" Download Completed.
[18:18:20]  [Auto]Start Engaging.
[18:18:20]  Tracking : Az 256, El -36.
[18:18:20]  [Auto]Start Doppler Correction.
[18:18:20]  [Auto]Beacon Success is too hard. Beacon Success : 0
[18:18:20]  Forked Safe Amplifier Process.(ON, Timer)
[18:18:20]  Forked Safe Amplifier Process.
[18:18:20]  [Auto]Stop Doppler Correction.
[18:18:20]  [Auto]Finish Engaging.
[18:18:20]  Tracking : Az 0, El 0.
[18:18:21]  [Auto]Beacon Success : 0, Ping Success : 0 CMD Success : 0
[18:18:21]  [Auto]Update TLE...
[18:18:22]  Tracking : Az 256, El -36.
[18:18:24]  Tracking : Az 256, El -36.
[18:18:26]  Tracking : Az 256, El -36.
[18:18:28]  Tracking : Az 256, El -36.
[18:18:30]  [Auto]TLE "active" Download Completed.
[18:18:30]  Tracking : Az 256, El -36.
[18:18:32]  Tracking : Az 256, El -36.
[18:18:33]  Forked Safe Amplifier Process. (OFF)
[18:18:33]  Reset GS100 watchdog.
[18:18:33]  Reset GS100 watchdog.
[18:18:34]  Tracking : Az 256, El -36.
[18:18:36]  Tracking : Az 256, El -36.
[18:18:38]  Tracking : Az 256, El -36.
[18:18:40]  Tracking : Az 256, El -36.
[18:18:42]  Tracking : Az 256, El -36.
[18:18:44]  Tracking : Az 256, El -36.
[18:18:45]  [Auto]Start Autopilot. Next Valuable AOS : 1/9 21:35:2
[18:18:45]  [Auto]Start Autopilot. Next Valuable AOS : 1/9 21:35:2
[18:18:45]  [Auto]Max Elevation : 64.32° Please Keep Devices On.
[18:18:45]  [Auto]Max Elevation : 64.32° Please Keep Devices On.
[18:18:46]  Tracking : Az 256, El -36.
[18:18:48]  Tracking : Az 256, El -36.
[18:18:50]  Tracking : Az 256, El -36.
[18:18:52]  Tracking : Az 256, El -36.
[18:18:54]  Tracking : Az 256, El -36.
[18:18:56]  Tracking : Az 256, El -36.
[18:18:58]  Tracking : Az 256, El -36.
[18:19:00]  Tracking : Az 256, El -36.
[18:19:02]  Tracking : Az 256, El -36.
[18:19:04]  Tracking : Az 256, El -36.
[18:19:06]  Tracking : Az 256, El -36.
[21:30:02]  [Auto]Start Engaging.
[21:30:02]  [Auto]Start Doppler Correction.
[21:30:02]  Tracking : Az 106, El 0.
[21:30:02]  [Auto]Start Engaging.
[21:30:02]  [Auto]Start Doppler Correction.
[21:30:02]  Tracking : Az 106, El 0.
[21:30:04]  Tracking : Az 106, El 0.
[21:30:04]  Tracking : Az 106, El 0.
[21:30:06]  Tracking : Az 106, El 0.
[21:30:06]  Tracking : Az 106, El 0.
[21:30:08]  Tracking : Az 106, El 0.
[21:30:08]  Tracking : Az 106, El 0.
[21:30:10]  Tracking : Az 106, El 0.
[21:30:10]  Tracking : Az 106, El 0.
[21:30:12]  Tracking : Az 106, El 0.
[21:30:12]  Tracking : Az 106, El 0.
[21:30:14]  Tracking : Az 106, El 0.
[21:30:14]  Tracking : Az 106, El 0.
[21:30:16]  Tracking : Az 106, El 0.
[21:30:16]  Tracking : Az 106, El 0.
[21:30:18]  Tracking : Az 106, El 0.
[21:30:18]  Tracking : Az 106, El 0.
[21:30:20]  Tracking : Az 106, El 0.
[21:30:20]  Tracking : Az 106, El 0.
[21:30:22]  Tracking : Az 106, El 0.
[21:30:22]  Tracking : Az 106, El 0.
[21:30:24]  Tracking : Az 106, El 0.
[21:30:24]  Tracking : Az 106, El 0.
[21:30:26]  Tracking : Az 106, El 0.
[21:30:26]  Tracking : Az 106, El 0.
[21:30:28]  Tracking : Az 106, El 0.
[21:30:28]  Tracking : Az 106, El 0.
[21:30:30]  Tracking : Az 106, El 0.
[21:30:30]  Tracking : Az 106, El 0.
[21:30:32]  Tracking : Az 106, El 0.
[21:30:32]  Tracking : Az 106, El 0.
[21:30:34]  Tracking : Az 106, El 0.
[21:30:34]  Tracking : Az 106, El 0.
[21:30:36]  Tracking : Az 106, El 0.
[21:30:36]  Tracking : Az 106, El 0.
[21:30:38]  Tracking : Az 106, El 0.
[21:30:38]  Tracking : Az 106, El 0.
[21:30:40]  Tracking : Az 106, El 0.
[21:30:40]  Tracking : Az 106, El 0.
[21:30:42]  Tracking : Az 106, El 0.
[21:30:42]  Tracking : Az 106, El 0.
[21:30:44]  Tracking : Az 106, El 0.
[21:30:44]  Tracking : Az 106, El 0.
[21:30:46]  Tracking : Az 106, El 0.
[21:30:46]  Tracking : Az 106, El 0.
[21:30:48]  Tracking : Az 106, El 0.
[21:30:48]  Tracking : Az 106, El 0.
[21:30:50]  Tracking : Az 106, El 0.
[21:30:50]  Tracking : Az 106, El 0.
[21:30:52]  Tracking : Az 106, El 0.
[21:30:52]  Tracking : Az 106, El 0.
[21:30:54]  Tracking : Az 106, El 0.
[21:30:54]  Tracking : Az 106, El 0.
[21:30:56]  Tracking : Az 106, El 0.
[21:30:56]  Tracking : Az 106, El 0.
[21:30:58]  Tracking : Az 106, El 0.
[21:30:58]  Tracking : Az 106, El 0.
[21:31:00]  Tracking : Az 106, El 0.
[21:31:00]  Tracking : Az 106, El 0.
[21:31:02]  Tracking : Az 106, El 0.
[21:31:02]  Tracking : Az 106, El 0.
[21:31:04]  Tracking : Az 106, El 0.
[21:31:04]  Tracking : Az 106, El 0.
[21:31:06]  Tracking : Az 106, El 0.
[21:31:06]  Tracking : Az 106, El 0.
[21:31:08]  Tracking : Az 106, El 0.
[21:31:08]  Tracking : Az 106, El 0.
[21:31:10]  Tracking : Az 106, El 0.
[21:31:10]  Tracking : Az 106, El 0.
[21:31:12]  Tracking : Az 106, El 0.
[21:31:12]  Tracking : Az 106, El 0.
[21:31:14]  Tracking : Az 106, El 0.
[21:31:14]  Tracking : Az 106, El 0.
[21:31:16]  Tracking : Az 106, El 0.
[21:31:16]  Tracking : Az 106, El 0.
[21:31:18]  Tracking : Az 106, El 0.
[21:31:18]  Tracking : Az 106, El 0.
[21:31:20]  Tracking : Az 106, El 0.
[21:31:20]  Tracking : Az 106, El 0.
[21:31:22]  Tracking : Az 106, El 0.
[21:31:22]  Tracking : Az 106, El 0.
[21:31:24]  Tracking : Az 106, El 0.
[21:31:24]  Tracking : Az 106, El 0.
[21:31:26]  Tracking : Az 106, El 0.
[21:31:26]  Tracking : Az 106, El 0.
[21:31:28]  Tracking : Az 106, El 0.
[21:31:28]  Tracking : Az 106, El 0.
[21:31:30]  Tracking : Az 106, El 0.
[21:31:30]  Tracking : Az 106, El 0.
[21:31:32]  Tracking : Az 106, El 0.
[21:31:32]  Tracking : Az 106, El 0.
[21:31:34]  Tracking : Az 106, El 0.
[21:31:34]  Tracking : Az 106, El 0.
[21:31:36]  Tracking : Az 106, El 0.
[21:31:36]  Tracking : Az 106, El 0.
[21:31:38]  Tracking : Az 106, El 0.
[21:31:38]  Tracking : Az 106, El 0.
[21:31:40]  Tracking : Az 106, El 0.
[21:31:40]  Tracking : Az 106, El 0.
[21:31:42]  Tracking : Az 106, El 0.
[21:31:42]  Tracking : Az 106, El 0.
[21:31:44]  Tracking : Az 106, El 0.
[21:31:44]  Tracking : Az 106, El 0.
[21:31:46]  Tracking : Az 106, El 0.
[21:31:46]  Tracking : Az 106, El 0.
[21:31:48]  Tracking : Az 106, El 0.
[21:31:48]  Tracking : Az 106, El 0.
[21:31:50]  Tracking : Az 106, El 0.
[21:31:50]  Tracking : Az 106, El 0.
[21:31:52]  Tracking : Az 106, El 0.
[21:31:52]  Tracking : Az 106, El 0.
[21:31:54]  Tracking : Az 106, El 0.
[21:31:54]  Tracking : Az 106, El 0.
[21:31:56]  Tracking : Az 106, El 0.
[21:31:56]  Tracking : Az 106, El 0.
[21:31:58]  Tracking : Az 106, El 0.
[21:31:58]  Tracking : Az 106, El 0.
[21:32:00]  Tracking : Az 106, El 0.
[21:32:00]  Tracking : Az 106, El 0.
[21:32:02]  Tracking : Az 106, El 0.
[21:32:02]  Tracking : Az 106, El 0.
[21:32:04]  Tracking : Az 106, El 0.
[21:32:04]  Tracking : Az 106, El 0.
[21:32:06]  Tracking : Az 106, El 0.
[21:32:06]  Tracking : Az 106, El 0.
[21:32:08]  Tracking : Az 106, El 0.
[21:32:08]  Tracking : Az 106, El 0.
[21:32:10]  Tracking : Az 106, El 0.
[21:32:10]  Tracking : Az 106, El 0.
[21:32:12]  Tracking : Az 106, El 0.
[21:32:12]  Tracking : Az 106, El 0.
[21:32:14]  Tracking : Az 106, El 0.
[21:32:14]  Tracking : Az 106, El 0.
[21:32:16]  Tracking : Az 106, El 0.
[21:32:16]  Tracking : Az 106, El 0.
[21:32:18]  Tracking : Az 106, El 0.
[21:32:18]  Tracking : Az 106, El 0.
[21:32:20]  Tracking : Az 106, El 0.
[21:32:20]  Tracking : Az 106, El 0.
[21:32:22]  Tracking : Az 106, El 0.
[21:32:22]  Tracking : Az 106, El 0.
[21:32:24]  Tracking : Az 106, El 0.
[21:32:24]  Tracking : Az 106, El 0.
[21:32:26]  Tracking : Az 106, El 0.
[21:32:26]  Tracking : Az 106, El 0.
[21:32:28]  Tracking : Az 106, El 0.
[21:32:28]  Tracking : Az 106, El 0.
[21:32:30]  Tracking : Az 106, El 0.
[21:32:30]  Tracking : Az 106, El 0.
[21:32:32]  Tracking : Az 106, El 0.
[21:32:32]  Tracking : Az 106, El 0.
[21:32:34]  Tracking : Az 106, El 0.
[21:32:34]  Tracking : Az 106, El 0.
[21:32:36]  Tracking : Az 106, El 0.
[21:32:36]  Tracking : Az 106, El 0.
[21:32:38]  Tracking : Az 106, El 0.
[21:32:38]  Tracking : Az 106, El 0.
[21:32:40]  Tracking : Az 106, El 0.
[21:32:40]  Tracking : Az 106, El 0.
[21:32:42]  Tracking : Az 106, El 0.
[21:32:42]  Tracking : Az 106, El 0.
[21:32:44]  Tracking : Az 106, El 0.
[21:32:44]  Tracking : Az 106, El 0.
[21:32:46]  Tracking : Az 106, El 0.
[21:32:46]  Tracking : Az 106, El 0.
[21:32:48]  Tracking : Az 106, El 0.
[21:32:48]  Tracking : Az 106, El 0.
[21:32:50]  Tracking : Az 106, El 0.
[21:32:50]  Tracking : Az 106, El 0.
[21:32:52]  Tracking : Az 106, El 0.
[21:32:52]  Tracking : Az 106, El 0.
[21:32:54]  Tracking : Az 106, El 0.
[21:32:54]  Tracking : Az 106, El 0.
[21:32:56]  Tracking : Az 106, El 0.
[21:32:56]  Tracking : Az 106, El 0.
[21:32:58]  Tracking : Az 106, El 0.
[21:32:58]  Tracking : Az 106, El 0.
[21:33:00]  Tracking : Az 106, El 0.
[21:33:00]  Tracking : Az 106, El 0.
[21:33:02]  Tracking : Az 106, El 0.
[21:33:02]  Tracking : Az 106, El 0.
[21:33:04]  Tracking : Az 106, El 0.
[21:33:04]  Tracking : Az 106, El 0.
[21:33:06]  Tracking : Az 106, El 0.
[21:33:06]  Tracking : Az 106, El 0.
[21:33:08]  Tracking : Az 106, El 0.
[21:33:08]  Tracking : Az 106, El 0.
[21:33:10]  Tracking : Az 106, El 0.
[21:33:10]  Tracking : Az 106, El 0.
[21:33:12]  Tracking : Az 106, El 0.
[21:33:12]  Tracking : Az 106, El 0.
[21:33:14]  Tracking : Az 106, El 0.
[21:33:14]  Tracking : Az 106, El 0.
[21:33:16]  Tracking : Az 106, El 0.
[21:33:16]  Tracking : Az 106, El 0.
[21:33:18]  Tracking : Az 106, El 0.
[21:33:18]  Tracking : Az 106, El 0.
[21:33:20]  Tracking : Az 106, El 0.
[21:33:20]  Tracking : Az 106, El 0.
[21:33:22]  Tracking : Az 106, El 0.
[21:33:22]  Tracking : Az 106, El 0.
[21:33:24]  Tracking : Az 106, El 0.
[21:33:24]  Tracking : Az 106, El 0.
[21:33:26]  Tracking : Az 106, El 0.
[21:33:26]  Tracking : Az 106, El 0.
[21:33:28]  Tracking : Az 106, El 0.
[21:33:28]  Tracking : Az 106, El 0.
[21:33:30]  Tracking : Az 106, El 0.
[21:33:30]  Tracking : Az 106, El 0.
[21:33:32]  Tracking : Az 106, El 0.
[21:33:32]  Tracking : Az 106, El 0.
[21:33:34]  Tracking : Az 106, El 0.
[21:33:34]  Tracking : Az 106, El 0.
[21:33:36]  Tracking : Az 106, El 0.
[21:33:36]  Tracking : Az 106, El 0.
[21:33:38]  Tracking : Az 106, El 0.
[21:33:38]  Tracking : Az 106, El 0.
[21:33:40]  Tracking : Az 106, El 0.
[21:33:40]  Tracking : Az 106, El 0.
[21:33:42]  Tracking : Az 106, El 0.
[21:33:42]  Tracking : Az 106, El 0.
[21:33:44]  Tracking : Az 106, El 0.
[21:33:44]  Tracking : Az 106, El 0.
[21:33:46]  Tracking : Az 106, El 0.
[21:33:46]  Tracking : Az 106, El 0.
[21:33:48]  Tracking : Az 106, El 0.
[21:33:48]  Tracking : Az 106, El 0.
[21:33:50]  Tracking : Az 106, El 0.
[21:33:50]  Tracking : Az 106, El 0.
[21:33:52]  Tracking : Az 106, El 0.
[21:33:52]  Tracking : Az 106, El 0.
[21:33:54]  Tracking : Az 106, El 0.
[21:33:54]  Tracking : Az 106, El 0.
[21:33:56]  Tracking : Az 106, El 0.
[21:33:56]  Tracking : Az 106, El 0.
[21:33:58]  Tracking : Az 106, El 0.
[21:33:58]  Tracking : Az 106, El 0.
[21:34:00]  Tracking : Az 106, El 0.
[21:34:00]  Tracking : Az 106, El 0.
[21:34:02]  Tracking : Az 106, El 0.
[21:34:02]  Tracking : Az 106, El 0.
[21:34:04]  Write to rotator failed.
[21:34:04]  Tracking : Az 106, El 0.
[21:34:06]  Write to rotator failed.
[21:34:06]  Tracking : Az 106, El 0.
[21:34:08]  Write to rotator failed.
[21:34:08]  Tracking : Az 106, El 0.
[21:34:10]  Write to rotator failed.
[21:34:10]  Tracking : Az 106, El 0.
[21:34:12]  Tracking : Az 106, El 0.
[21:34:12]  Tracking : Az 106, El 0.
[21:34:14]  Tracking : Az 106, El 0.
[21:34:14]  Write to rotator failed.
[21:34:16]  Write to rotator failed.
[21:34:16]  Tracking : Az 106, El 0.
[21:34:18]  Tracking : Az 106, El 0.
[21:34:18]  Tracking : Az 106, El 0.
[21:34:20]  Tracking : Az 106, El 0.
[21:34:20]  Tracking : Az 106, El 0.
[21:34:22]  Tracking : Az 106, El 0.
[21:34:22]  Tracking : Az 106, El 0.
[21:34:24]  Tracking : Az 106, El 0.
[21:34:24]  Tracking : Az 106, El 0.
[21:34:26]  Tracking : Az 106, El 0.
[21:34:26]  Tracking : Az 106, El 0.
[21:34:28]  Tracking : Az 106, El 0.
[21:34:28]  Tracking : Az 106, El 0.
[21:34:30]  Tracking : Az 106, El 0.
[21:34:30]  Tracking : Az 106, El 0.
[21:34:32]  Tracking : Az 106, El 0.
[21:34:32]  Tracking : Az 106, El 0.
[21:34:34]  Tracking : Az 106, El 0.
[21:34:34]  Tracking : Az 106, El 0.
[21:34:36]  Tracking : Az 106, El 0.
[21:34:36]  Tracking : Az 106, El 0.
[21:34:38]  Tracking : Az 106, El 0.
[21:34:38]  Tracking : Az 106, El 0.
[21:34:40]  Tracking : Az 106, El 0.
[21:34:40]  Tracking : Az 106, El 0.
[21:34:42]  Tracking : Az 106, El 0.
[21:34:42]  Tracking : Az 106, El 0.
[21:34:44]  Tracking : Az 106, El 0.
[21:34:44]  Tracking : Az 106, El 0.
[21:34:46]  Tracking : Az 106, El 0.
[21:34:46]  Tracking : Az 106, El 0.
[21:34:48]  Tracking : Az 106, El 0.
[21:34:48]  Tracking : Az 106, El 0.
[21:34:50]  Tracking : Az 106, El 0.
[21:34:50]  Tracking : Az 106, El 0.
[21:34:52]  Tracking : Az 106, El 0.
[21:34:52]  Tracking : Az 106, El 0.
[21:34:54]  Tracking : Az 106, El 0.
[21:34:54]  Tracking : Az 106, El 0.
[21:34:56]  Tracking : Az 106, El 0.
[21:34:56]  Tracking : Az 106, El 0.
[21:34:58]  Tracking : Az 106, El 0.
[21:34:58]  Tracking : Az 106, El 0.
[21:35:00]  Tracking : Az 106, El 0.
[21:35:00]  Tracking : Az 106, El 0.
[21:35:02]  Tracking : Az 106, El 0.
[21:35:02]  Tracking : Az 106, El 0.
[21:35:04]  Tracking : Az 106, El 0.
[21:35:04]  Tracking : Az 106, El 0.
[21:35:06]  Tracking : Az 106, El 0.
[21:35:06]  Tracking : Az 106, El 0.
[21:35:08]  Tracking : Az 106, El 0.
[21:35:08]  Tracking : Az 106, El 0.
[21:35:10]  Tracking : Az 106, El 0.
[21:35:10]  Tracking : Az 106, El 0.
[21:35:12]  Tracking : Az 106, El 0.
[21:35:12]  Tracking : Az 106, El 0.
[21:35:14]  Tracking : Az 106, El 0.
[21:35:14]  Tracking : Az 106, El 0.
[21:35:16]  Tracking : Az 106, El 0.
[21:35:16]  Tracking : Az 106, El 0.
[21:35:18]  Tracking : Az 106, El 0.
[21:35:18]  Tracking : Az 106, El 0.
[21:35:20]  Tracking : Az 106, El 0.
[21:35:20]  Tracking : Az 106, El 0.
[21:35:22]  Tracking : Az 106, El 0.
[21:35:22]  Tracking : Az 106, El 0.
[21:35:24]  Tracking : Az 106, El 0.
[21:35:24]  Tracking : Az 106, El 0.
[21:35:26]  Tracking : Az 106, El 0.
[21:35:26]  Tracking : Az 106, El 0.
[21:35:28]  Tracking : Az 106, El 0.
[21:35:28]  Tracking : Az 106, El 0.
[21:35:30]  Tracking : Az 106, El 0.
[21:35:30]  Tracking : Az 106, El 0.
[21:35:32]  Tracking : Az 106, El 0.
[21:35:32]  Tracking : Az 106, El 0.
[21:35:34]  Tracking : Az 106, El 0.
[21:35:34]  Tracking : Az 106, El 0.
[21:35:36]  Tracking : Az 106, El 0.
[21:35:36]  Tracking : Az 106, El 0.
[21:35:38]  Tracking : Az 106, El 0.
[21:35:38]  Tracking : Az 106, El 0.
[21:35:40]  Tracking : Az 106, El 0.
[21:35:40]  Tracking : Az 106, El 0.
[21:35:42]  Tracking : Az 106, El 0.
[21:35:42]  Tracking : Az 106, El 0.
[21:35:44]  Tracking : Az 106, El 0.
[21:35:44]  Tracking : Az 106, El 0.
[21:35:46]  Tracking : Az 106, El 0.
[21:35:46]  Tracking : Az 106, El 0.
[21:35:48]  Tracking : Az 106, El 0.
[21:35:48]  Tracking : Az 106, El 0.
[21:35:50]  Tracking : Az 106, El 0.
[21:35:50]  Tracking : Az 106, El 0.
[21:35:52]  Tracking : Az 106, El 0.
[21:35:52]  Tracking : Az 106, El 0.
[21:35:54]  Tracking : Az 106, El 0.
[21:35:54]  Tracking : Az 106, El 0.
[21:35:56]  Tracking : Az 106, El 0.
[21:35:56]  Tracking : Az 106, El 0.
[21:35:58]  Tracking : Az 106, El 0.
[21:35:58]  Tracking : Az 106, El 0.
[21:36:00]  Tracking : Az 106, El 0.
[21:36:00]  Tracking : Az 106, El 0.
[21:36:02]  Tracking : Az 106, El 0.
[21:36:02]  Tracking : Az 106, El 0.
[21:36:04]  Tracking : Az 106, El 0.
[21:36:04]  Tracking : Az 106, El 0.
[21:36:06]  Tracking : Az 106, El 0.
[21:36:06]  Tracking : Az 106, El 0.
[21:36:08]  Tracking : Az 106, El 0.
[21:36:08]  Tracking : Az 106, El 0.
[21:36:10]  Tracking : Az 106, El 0.
[21:36:10]  Tracking : Az 106, El 0.
[21:36:12]  Tracking : Az 106, El 0.
[21:36:12]  Tracking : Az 106, El 0.
[21:36:14]  Tracking : Az 106, El 0.
[21:36:14]  Tracking : Az 106, El 0.
[21:36:16]  Tracking : Az 106, El 0.
[21:36:16]  Tracking : Az 106, El 0.
[21:36:18]  Tracking : Az 106, El 0.
[21:36:18]  Tracking : Az 106, El 0.
[21:36:20]  Tracking : Az 106, El 0.
[21:36:20]  Tracking : Az 106, El 0.
[21:36:22]  Tracking : Az 106, El 0.
[21:36:22]  Tracking : Az 106, El 0.
[21:36:24]  Tracking : Az 106, El 0.
[21:36:24]  Tracking : Az 106, El 0.
[21:36:26]  Tracking : Az 106, El 0.
[21:36:26]  Tracking : Az 106, El 0.
[21:36:28]  Tracking : Az 106, El 0.
[21:36:28]  Tracking : Az 106, El 0.
[21:36:30]  Tracking : Az 106, El 0.
[21:36:30]  Tracking : Az 106, El 0.
[21:36:32]  Tracking : Az 106, El 0.
[21:36:32]  Tracking : Az 106, El 0.
[21:36:34]  Tracking : Az 106, El 0.
[21:36:34]  Tracking : Az 106, El 0.
[21:36:36]  Tracking : Az 106, El 0.
[21:36:36]  Tracking : Az 106, El 0.
[21:36:38]  Tracking : Az 106, El 0.
[21:36:38]  Tracking : Az 106, El 0.
[21:36:40]  Tracking : Az 106, El 0.
[21:36:40]  Tracking : Az 106, El 0.
[21:36:42]  Tracking : Az 106, El 0.
[21:36:42]  Tracking : Az 106, El 0.
[21:36:44]  Tracking : Az 106, El 0.
[21:36:44]  Tracking : Az 106, El 0.
[21:36:46]  Tracking : Az 106, El 0.
[21:36:46]  Tracking : Az 106, El 0.
[21:36:48]  Tracking : Az 106, El 0.
[21:36:48]  Tracking : Az 106, El 0.
[21:36:50]  Tracking : Az 106, El 0.
[21:36:50]  Tracking : Az 106, El 0.
[21:36:52]  Tracking : Az 106, El 0.
[21:36:52]  Tracking : Az 106, El 0.
[21:36:54]  Tracking : Az 106, El 0.
[21:36:54]  Tracking : Az 106, El 0.
[21:36:56]  Tracking : Az 106, El 0.
[21:36:56]  Tracking : Az 106, El 0.
[21:36:58]  Tracking : Az 106, El 0.
[21:36:58]  Tracking : Az 106, El 0.
[21:37:00]  Tracking : Az 106, El 0.
[21:37:00]  Tracking : Az 106, El 0.
[21:37:02]  Tracking : Az 106, El 0.
[21:37:02]  Tracking : Az 106, El 0.
[21:37:04]  Tracking : Az 106, El 0.
[21:37:04]  Tracking : Az 106, El 0.
[21:37:06]  Tracking : Az 106, El 0.
[21:37:06]  Tracking : Az 106, El 0.
[21:37:08]  Tracking : Az 106, El 0.
[21:37:08]  Tracking : Az 106, El 0.
[21:37:10]  Tracking : Az 106, El 0.
[21:37:10]  Tracking : Az 106, El 0.
[21:37:12]  Tracking : Az 106, El 0.
[21:37:12]  Tracking : Az 106, El 0.
[21:37:14]  Tracking : Az 106, El 0.
[21:37:14]  Tracking : Az 106, El 0.
[21:37:16]  Write to rotator failed.
[21:37:16]  Tracking : Az 106, El 0.
[21:37:18]  Tracking : Az 106, El 0.
[21:37:18]  Tracking : Az 106, El 0.
[21:37:20]  Tracking : Az 106, El 0.
[21:37:20]  Tracking : Az 106, El 0.
[21:37:22]  Write to rotator failed.
[21:37:22]  Tracking : Az 106, El 0.
[21:37:24]  Write to rotator failed.
[21:37:24]  Tracking : Az 106, El 0.
[21:37:26]  Write to rotator failed.
[21:37:26]  Tracking : Az 106, El 0.
[21:37:28]  Write to rotator failed.
[21:37:28]  Tracking : Az 106, El 0.
[21:37:30]  Tracking : Az 106, El 0.
[21:37:30]  Tracking : Az 106, El 0.
[21:37:32]  Tracking : Az 106, El 0.
[21:37:32]  Tracking : Az 106, El 0.
[21:37:34]  Tracking : Az 106, El 0.
[21:37:34]  Tracking : Az 106, El 0.
[21:37:36]  Tracking : Az 106, El 0.
[21:37:36]  Tracking : Az 106, El 0.
[21:37:38]  Tracking : Az 106, El 0.
[21:37:38]  Tracking : Az 106, El 0.
[21:37:40]  Tracking : Az 106, El 0.
[21:37:40]  Tracking : Az 106, El 0.
[21:37:42]  Tracking : Az 106, El 0.
[21:37:42]  Tracking : Az 106, El 0.
[21:37:44]  Tracking : Az 106, El 0.
[21:37:44]  Tracking : Az 106, El 0.
[21:37:46]  Tracking : Az 106, El 0.
[21:37:46]  Tracking : Az 106, El 0.
[21:37:48]  Tracking : Az 106, El 0.
[21:37:48]  Tracking : Az 106, El 0.
[21:37:50]  Tracking : Az 106, El 0.
[21:37:50]  Tracking : Az 106, El 0.
[21:37:52]  Tracking : Az 106, El 0.
[21:37:52]  Tracking : Az 106, El 0.
[21:37:54]  Tracking : Az 106, El 0.
[21:37:54]  Tracking : Az 106, El 0.
[21:37:56]  Tracking : Az 106, El 0.
[21:37:56]  Write to rotator failed.
[21:37:58]  Write to rotator failed.
[21:37:58]  Tracking : Az 106, El 0.
[21:38:00]  Write to rotator failed.
[21:38:00]  Tracking : Az 106, El 0.
[21:38:02]  Write to rotator failed.
[21:38:02]  Tracking : Az 106, El 0.
[21:38:04]  Write to rotator failed.
[21:38:04]  Tracking : Az 106, El 0.
[21:38:06]  Tracking : Az 106, El 0.
[21:38:06]  Tracking : Az 106, El 0.
[21:38:08]  Tracking : Az 106, El 0.
[21:38:08]  Tracking : Az 106, El 0.
[21:38:10]  Tracking : Az 106, El 0.
[21:38:10]  Tracking : Az 106, El 0.
[21:38:12]  Tracking : Az 106, El 0.
[21:38:12]  Tracking : Az 106, El 0.
[21:38:14]  Tracking : Az 106, El 0.
[21:38:14]  Tracking : Az 106, El 0.
[21:38:16]  Tracking : Az 106, El 0.
[21:38:16]  Tracking : Az 106, El 0.
[21:38:18]  Tracking : Az 106, El 0.
[21:38:18]  Tracking : Az 106, El 0.
[21:38:20]  Write to rotator failed.
[21:38:20]  Tracking : Az 106, El 0.
[21:38:22]  Tracking : Az 106, El 0.
[21:38:22]  Tracking : Az 106, El 0.
[21:38:24]  Tracking : Az 106, El 0.
[21:38:24]  Tracking : Az 106, El 0.
[21:38:26]  Tracking : Az 106, El 0.
[21:38:26]  Tracking : Az 106, El 0.
[21:38:28]  Tracking : Az 106, El 0.
[21:38:28]  Tracking : Az 106, El 0.
[21:38:30]  Tracking : Az 106, El 0.
[21:38:30]  Tracking : Az 106, El 0.
[21:38:32]  Write to rotator failed.
[21:38:32]  Tracking : Az 106, El 0.
[21:38:34]  Write to rotator failed.
[21:38:34]  Tracking : Az 106, El 0.
[21:38:36]  Tracking : Az 106, El 0.
[21:38:36]  Tracking : Az 106, El 0.
[21:38:38]  Tracking : Az 106, El 0.
[21:38:38]  Tracking : Az 106, El 0.
[21:38:40]  Tracking : Az 106, El 0.
[21:38:40]  Tracking : Az 106, El 0.
[21:38:42]  Tracking : Az 106, El 0.
[21:38:42]  Tracking : Az 106, El 0.
[21:38:44]  Tracking : Az 106, El 0.
[21:38:44]  Tracking : Az 106, El 0.
[21:38:46]  Tracking : Az 106, El 0.
[21:38:46]  Tracking : Az 106, El 0.
[21:38:48]  Tracking : Az 106, El 0.
[21:38:48]  Tracking : Az 106, El 0.
[21:38:50]  Tracking : Az 106, El 0.
[21:38:50]  Tracking : Az 106, El 0.
[21:38:52]  Tracking : Az 106, El 0.
[21:38:52]  Tracking : Az 106, El 0.
[21:38:54]  Tracking : Az 106, El 0.
[21:38:54]  Tracking : Az 106, El 0.
[21:38:56]  Tracking : Az 106, El 0.
[21:38:56]  Tracking : Az 106, El 0.
[21:38:58]  Tracking : Az 106, El 0.
[21:38:58]  Tracking : Az 106, El 0.
[21:39:00]  Tracking : Az 106, El 0.
[21:39:00]  Tracking : Az 106, El 0.
[21:39:02]  Tracking : Az 106, El 0.
[21:39:02]  Tracking : Az 106, El 0.
[21:39:04]  Tracking : Az 106, El 0.
[21:39:04]  Tracking : Az 106, El 0.
[21:39:06]  Tracking : Az 106, El 0.
[21:39:06]  Tracking : Az 106, El 0.
[21:39:08]  Tracking : Az 106, El 0.
[21:39:08]  Tracking : Az 106, El 0.
[21:39:10]  Tracking : Az 106, El 0.
[21:39:10]  Tracking : Az 106, El 0.
[21:39:12]  Tracking : Az 106, El 0.
[21:39:12]  Tracking : Az 106, El 0.
[21:39:14]  Tracking : Az 106, El 0.
[21:39:14]  Tracking : Az 106, El 0.
[21:39:16]  Tracking : Az 106, El 0.
[21:39:16]  Tracking : Az 106, El 0.
[21:39:18]  Tracking : Az 106, El 0.
[21:39:18]  Tracking : Az 106, El 0.
[21:39:20]  Tracking : Az 106, El 0.
[21:39:20]  Tracking : Az 106, El 0.
[21:39:22]  Tracking : Az 106, El 0.
[21:39:22]  Tracking : Az 106, El 0.
[21:39:24]  Tracking : Az 106, El 0.
[21:39:24]  Tracking : Az 106, El 0.
[21:39:26]  Tracking : Az 106, El 0.
[21:39:26]  Tracking : Az 106, El 0.
[21:39:28]  Tracking : Az 106, El 0.
[21:39:28]  Tracking : Az 106, El 0.
[21:39:30]  Tracking : Az 106, El 0.
[21:39:30]  Tracking : Az 106, El 0.
[21:39:32]  Tracking : Az 106, El 0.
[21:39:32]  Tracking : Az 106, El 0.
[21:39:34]  Tracking : Az 106, El 0.
[21:39:34]  Tracking : Az 106, El 0.
[21:39:36]  Tracking : Az 106, El 0.
[21:39:36]  Tracking : Az 106, El 0.
[21:39:38]  Tracking : Az 106, El 0.
[21:39:38]  Tracking : Az 106, El 0.
[21:39:40]  Tracking : Az 106, El 0.
[21:39:40]  Tracking : Az 106, El 0.
[21:39:42]  Tracking : Az 106, El 0.
[21:39:42]  Tracking : Az 106, El 0.
[21:39:44]  Tracking : Az 106, El 0.
[21:39:44]  Tracking : Az 106, El 0.
[21:39:46]  Tracking : Az 106, El 0.
[21:39:46]  Tracking : Az 106, El 0.
[21:39:48]  Tracking : Az 106, El 0.
[21:39:48]  Tracking : Az 106, El 0.
[21:39:50]  Tracking : Az 106, El 0.
[21:39:50]  Tracking : Az 106, El 0.
[21:39:52]  Tracking : Az 106, El 0.
[21:39:52]  Tracking : Az 106, El 0.
[21:39:54]  Tracking : Az 106, El 0.
[21:39:54]  Tracking : Az 106, El 0.
[21:39:56]  Tracking : Az 106, El 0.
[21:39:56]  Tracking : Az 106, El 0.
[21:39:58]  Tracking : Az 106, El 0.
[21:39:58]  Tracking : Az 106, El 0.
[21:40:00]  Tracking : Az 106, El 0.
[21:40:00]  Tracking : Az 106, El 0.
[21:40:02]  Tracking : Az 106, El 0.
[21:40:02]  Tracking : Az 106, El 0.
[21:40:04]  Tracking : Az 106, El 0.
[21:40:04]  Tracking : Az 106, El 0.
[21:40:06]  Tracking : Az 106, El 0.
[21:40:06]  Tracking : Az 106, El 0.
[21:40:08]  Tracking : Az 106, El 0.
[21:40:08]  Tracking : Az 106, El 0.
[21:40:10]  Tracking : Az 106, El 0.
[21:40:10]  Tracking : Az 106, El 0.
[21:40:12]  Tracking : Az 106, El 0.
[21:40:12]  Tracking : Az 106, El 0.
[21:40:14]  Tracking : Az 106, El 0.
[21:40:14]  Tracking : Az 106, El 0.
[21:40:16]  Tracking : Az 106, El 0.
[21:40:16]  Tracking : Az 106, El 0.
[21:40:18]  Tracking : Az 106, El 0.
[21:40:18]  Tracking : Az 106, El 0.
[21:40:20]  Tracking : Az 106, El 0.
[21:40:20]  Tracking : Az 106, El 0.
[21:40:22]  Tracking : Az 106, El 0.
[21:40:22]  Tracking : Az 106, El 0.
[21:40:24]  Tracking : Az 106, El 0.
[21:40:24]  Tracking : Az 106, El 0.
[21:40:26]  Tracking : Az 106, El 0.
[21:40:26]  Tracking : Az 106, El 0.
[21:40:28]  Tracking : Az 106, El 0.
[21:40:28]  Tracking : Az 106, El 0.
[21:40:30]  Tracking : Az 106, El 0.
[21:40:30]  Tracking : Az 106, El 0.
[21:40:32]  Tracking : Az 106, El 0.
[21:40:32]  Tracking : Az 106, El 0.
[21:40:34]  Tracking : Az 106, El 0.
[21:40:34]  Tracking : Az 106, El 0.
[21:40:36]  Tracking : Az 106, El 0.
[21:40:36]  Tracking : Az 106, El 0.
[21:40:38]  Tracking : Az 106, El 0.
[21:40:38]  Tracking : Az 106, El 0.
[21:40:40]  Tracking : Az 106, El 0.
[21:40:40]  Tracking : Az 106, El 0.
[21:40:42]  Tracking : Az 106, El 0.
[21:40:42]  Tracking : Az 106, El 0.
[21:40:44]  Tracking : Az 106, El 0.
[21:40:44]  Tracking : Az 106, El 0.
[21:40:46]  Tracking : Az 106, El 0.
[21:40:46]  Tracking : Az 106, El 0.
[21:40:48]  Tracking : Az 106, El 0.
[21:40:48]  Tracking : Az 106, El 0.
[21:40:50]  Tracking : Az 106, El 0.
[21:40:50]  Tracking : Az 106, El 0.
[21:40:52]  Tracking : Az 106, El 0.
[21:40:52]  Tracking : Az 106, El 0.
[21:40:54]  Tracking : Az 106, El 0.
[21:40:54]  Tracking : Az 106, El 0.
[21:40:56]  Tracking : Az 106, El 0.
[21:40:56]  Tracking : Az 106, El 0.
[21:40:58]  Tracking : Az 106, El 0.
[21:40:58]  Tracking : Az 106, El 0.
[21:41:00]  Tracking : Az 106, El 0.
[21:41:00]  Tracking : Az 106, El 0.
[21:41:02]  Tracking : Az 106, El 0.
[21:41:02]  Tracking : Az 106, El 0.
[21:41:04]  Tracking : Az 106, El 0.
[21:41:04]  Tracking : Az 106, El 0.
[21:41:06]  Tracking : Az 106, El 0.
[21:41:06]  Tracking : Az 106, El 0.
[21:41:08]  Tracking : Az 106, El 0.
[21:41:08]  Tracking : Az 106, El 0.
[21:41:10]  Tracking : Az 106, El 0.
[21:41:10]  Tracking : Az 106, El 0.
[21:41:12]  Tracking : Az 106, El 0.
[21:41:12]  Tracking : Az 106, El 0.
[21:41:14]  Tracking : Az 106, El 0.
[21:41:14]  Tracking : Az 106, El 0.
[21:41:16]  Tracking : Az 106, El 0.
[21:41:16]  Tracking : Az 106, El 0.
[21:41:18]  Tracking : Az 106, El 0.
[21:41:18]  Tracking : Az 106, El 0.
[21:41:20]  Tracking : Az 106, El 0.
[21:41:20]  Tracking : Az 106, El 0.
[21:41:22]  Tracking : Az 106, El 0.
[21:41:22]  Tracking : Az 106, El 0.
[21:41:24]  Tracking : Az 106, El 0.
[21:41:24]  Tracking : Az 106, El 0.
[21:41:26]  Tracking : Az 106, El 0.
[21:41:26]  Tracking : Az 106, El 0.
[21:41:28]  Tracking : Az 106, El 0.
[21:41:28]  Tracking : Az 106, El 0.
[21:41:30]  Tracking : Az 106, El 0.
[21:41:30]  Tracking : Az 106, El 0.
[21:41:32]  Tracking : Az 106, El 0.
[21:41:32]  Tracking : Az 106, El 0.
[21:41:34]  Tracking : Az 106, El 0.
[21:41:34]  Tracking : Az 106, El 0.
[21:41:36]  Tracking : Az 106, El 0.
[21:41:36]  Tracking : Az 106, El 0.
[21:41:38]  Tracking : Az 106, El 0.
[21:41:38]  Tracking : Az 106, El 0.
[21:41:40]  Tracking : Az 106, El 0.
[21:41:40]  Tracking : Az 106, El 0.
[21:41:42]  Tracking : Az 106, El 0.
[21:41:42]  Tracking : Az 106, El 0.
[21:41:44]  Tracking : Az 106, El 0.
[21:41:44]  Tracking : Az 106, El 0.
[21:41:46]  Tracking : Az 106, El 0.
[21:41:46]  Tracking : Az 106, El 0.
[21:41:48]  Tracking : Az 106, El 0.
[21:41:48]  Tracking : Az 106, El 0.
[21:41:50]  Tracking : Az 106, El 0.
[21:41:50]  Tracking : Az 106, El 0.
[21:41:52]  Tracking : Az 106, El 0.
[21:41:52]  Tracking : Az 106, El 0.
[21:41:54]  Tracking : Az 106, El 0.
[21:41:54]  Tracking : Az 106, El 0.
