2026-02-11 14:02
[14:02:16]  Connect to Switch Box.............Success.
[14:02:16]  Connect to Rotator................Success.
[14:02:16]  Connect to GS100..................Success.
[14:02:16]  TM Port 13 bind success.
[14:02:16]  BCN Port 31 bind success.
[14:02:16]  RPT Port 25 bind success.
[14:02:16]  Event Port 27 bind success.
[14:02:16]  COSMIC Beacon Port 23 bind success.
[14:02:16]  COSMIC Report Port 24 bind success.
[14:02:23]  TLE "cubesat" Download Completed.
[14:31:14]  TLE "active" Download Completed.
[14:31:26]  [Auto]Start AutoPilot.
[14:31:26]  [Auto]Start Autopilot. Next Valuable AOS : 2/12 1:13:26
[14:31:26]  [Auto]Max Elevation : 44.14° Please Keep Devices On.
[01:08:26]  [Auto]Start Engaging.
[01:08:26]  [Auto]Start Doppler Correction.
[01:08:26]  Tracking : Az 18, El 0.
[01:08:28]  Tracking : Az 18, El 0.
[01:10:55]  Forked Safe Amplifier Process.(ON, Timer)
[01:11:02]  Ping Failed.
[01:11:09]  Ping Failed.
[01:11:17]  Ping Failed.
[01:11:24]  Ping Failed.
[01:11:31]  Ping Failed.
[01:11:39]  Ping Failed.
[01:11:46]  Ping Failed.
[01:11:53]  Ping Failed.
[01:12:01]  Ping Failed.
[01:12:08]  Ping Failed.
[01:12:15]  Ping Failed.
[01:12:23]  Ping Failed.
[01:12:30]  Ping Failed.
[01:12:37]  Ping Failed.
[01:12:44]  Ping Failed.
[01:12:52]  Ping Failed.
[01:12:59]  Ping Failed.
[01:13:06]  Ping Failed.
[01:13:14]  Ping Failed.
[01:13:21]  Ping Failed.
[01:13:28]  Ping Failed.
[01:13:36]  Ping Failed.
[01:13:43]  Ping Failed.
[01:13:50]  Ping Failed.
[01:13:58]  Ping Failed.
[01:14:05]  Ping Failed.
[01:14:11]  Tracking : Az 20, El 3.
[01:14:12]  Ping Failed.
[01:14:20]  Ping Failed.
[01:14:25]  Ping Success at node 5, 470ms
[01:14:31]  Ping Success at node 5, 471ms
[01:14:36]  Ping Success at node 5, 471ms
[01:14:42]  Ping Success at node 5, 471ms
[01:14:47]  Ping Success at node 5, 471ms
[01:14:51]  Tracking : Az 22, El 6.
[01:14:52]  [OK]CMD Packet Header: 0x18 0x75 0xc0 0x0 0x0 0x1 0x14 0x47
[01:14:52]  [Auto]EPS P60 DOCK GET TABLE HK Command Sent (1/2)
[01:14:53]  Ping Success at node 5, 583ms
[01:15:02]  [OK]CMD Packet Header: 0x18 0x75 0xc0 0x0 0x0 0x1 0x14 0x47
[01:15:03]  [Auto]EPS P60 DOCK GET TABLE HK Command Sent (2/2)
[01:15:03]  Received Report from port : 25.
[01:15:05]  Received Report from port : 25.
[01:15:07]  Received Report from port : 25.
[01:15:13]  [OK]CMD Packet Header: 0x18 0x75 0xc0 0x0 0x0 0x1 0x17 0x44
[01:15:13]  [Auto]EPS P60 PDU GET TABLE HK Command Sent (1/2)
[01:15:14]  Received Report from port : 25.
[01:15:16]  Received Report from port : 25.
[01:15:18]  Received Report from port : 25.
[01:15:23]  [OK]CMD Packet Header: 0x18 0x75 0xc0 0x0 0x0 0x1 0x17 0x44
[01:15:23]  [Auto]EPS P60 PDU GET TABLE HK Command Sent (2/2)
[01:15:25]  Received Report from port : 25.
[01:15:26]  Tracking : Az 25, El 8.
[01:15:27]  Received Report from port : 25.
[01:15:29]  Received Report from port : 25.
[01:15:33]  [OK]CMD Packet Header: 0x18 0x75 0xc0 0x0 0x0 0x1 0x1a 0x0
[01:15:34]  [Auto]EPS P60 ACU GET TABLE HK Command Sent (1/2)
[01:15:34]  Received Report from port : 25.
[01:15:36]  Received Report from port : 25.
[01:15:38]  Received Report from port : 25.
[01:15:44]  [OK]CMD Packet Header: 0x18 0x75 0xc0 0x0 0x0 0x1 0x1a 0x0
[01:15:44]  [Auto]EPS P60 ACU GET TABLE HK Command Sent (2/2)
[01:15:45]  Received Report from port : 25.
[01:15:47]  Received Report from port : 25.
[01:15:49]  Tracking : Az 26, El 11.
[01:15:49]  Received Report from port : 25.
[01:15:54]  [Auto]Start GND WDT reset sequence
[01:15:54]  [OK]CMD Packet Header: 0x18 0x50 0xc0 0x0 0x0 0x1 0x6 0x70
[01:15:55]  [Auto]AX100 GND WDT CMD sent (1/2)
[01:15:55]  Received Report from port : 25.
[01:15:57]  Received Report from port : 25.
[01:15:59]  Received Report from port : 25.
[01:16:05]  [OK]CMD Packet Header: 0x18 0x50 0xc0 0x0 0x0 0x1 0x6 0x70
[01:16:05]  [Auto]AX100 GND WDT CMD sent (2/2)
[01:16:05]  Received Report from port : 25.
[01:16:07]  Received Report from port : 25.
[01:16:09]  Received Report from port : 25.
[01:16:15]  Tracking : Az 29, El 13.
[01:16:15]  [OK]CMD Packet Header: 0x18 0x75 0xc0 0x0 0x0 0x5 0x1e 0xa2
[01:16:15]  [Auto]EPS P60 DOCK GND WDT CMD sent (1/2)
[01:16:16]  Received Report from port : 25.
[01:16:18]  Received Report from port : 25.
[01:16:20]  Received Report from port : 25.
[01:16:25]  [OK]CMD Packet Header: 0x18 0x75 0xc0 0x0 0x0 0x5 0x1e 0xa2
[01:16:26]  [Auto]EPS P60 DOCK GND WDT CMD sent (2/2)
[01:16:26]  Received Report from port : 25.
[01:16:28]  Received Report from port : 25.
[01:16:30]  Received Report from port : 25.
[01:16:34]  Tracking : Az 31, El 16.
[01:16:36]  [Auto]GND WDT sequence completed
[01:16:36]  [OK]CMD Packet Header: 0x18 0x75 0xc0 0x0 0x0 0x1 0x14 0x47
[01:16:36]  [Auto]EPS P60 DOCK GET TABLE HK Command Sent (1/2)
[01:16:36]  Received Report from port : 25.
[01:16:38]  Received Report from port : 25.
[01:16:40]  Received Report from port : 25.
[01:16:46]  [OK]CMD Packet Header: 0x18 0x75 0xc0 0x0 0x0 0x1 0x14 0x47
[01:16:46]  [Auto]EPS P60 DOCK GET TABLE HK Command Sent (2/2)
[01:16:47]  Received Report from port : 25.
[01:16:49]  Received Report from port : 25.
[01:16:51]  Received Report from port : 25.
[01:16:56]  [OK]CMD Packet Header: 0x18 0x75 0xc0 0x0 0x0 0x1 0x17 0x44
[01:16:57]  [Auto]EPS P60 PDU GET TABLE HK Command Sent (1/2)
[01:16:57]  Tracking : Az 34, El 18.
[01:16:57]  Received Report from port : 25.
[01:16:59]  Received Report from port : 25.
[01:17:01]  Received Report from port : 25.
[01:17:07]  [OK]CMD Packet Header: 0x18 0x75 0xc0 0x0 0x0 0x1 0x17 0x44
[01:17:07]  [Auto]EPS P60 PDU GET TABLE HK Command Sent (2/2)
[01:17:07]  Received Report from port : 25.
[01:17:09]  Received Report from port : 25.
[01:17:11]  Received Report from port : 25.
[01:17:12]  Tracking : Az 36, El 21.
[01:17:17]  [OK]CMD Packet Header: 0x18 0x75 0xc0 0x0 0x0 0x1 0x1a 0x0
[01:17:17]  [Auto]EPS P60 ACU GET TABLE HK Command Sent (1/2)
[01:17:18]  Tracking : Az 37, El 22.
[01:17:18]  Received Report from port : 25.
[01:17:20]  Received Report from port : 25.
[01:17:22]  Received Report from port : 25.
[01:17:27]  [OK]CMD Packet Header: 0x18 0x75 0xc0 0x0 0x0 0x1 0x1a 0x0
[01:17:28]  [Auto]EPS P60 ACU GET TABLE HK Command Sent (2/2)
[01:17:28]  Received Report from port : 25.
[01:17:30]  Received Report from port : 25.
[01:17:32]  Tracking : Az 40, El 24.
[01:17:32]  Received Report from port : 25.
[01:17:45]  Tracking : Az 43, El 26.
[01:17:57]  Tracking : Az 46, El 28.
[01:18:07]  Tracking : Az 49, El 30.
[01:18:16]  Tracking : Az 52, El 32.
[01:18:24]  Tracking : Az 55, El 34.
[01:18:30]  Tracking : Az 57, El 35.
[01:18:36]  Tracking : Az 60, El 36.
[01:18:42]  Tracking : Az 63, El 37.
[01:18:48]  Tracking : Az 66, El 38.
[01:18:54]  Tracking : Az 69, El 39.
[01:19:00]  Tracking : Az 72, El 40.
[01:19:06]  Tracking : Az 76, El 41.
[01:19:10]  Tracking : Az 79, El 42.
[01:19:15]  Tracking : Az 82, El 42.
[01:19:19]  Tracking : Az 85, El 43.
[01:19:25]  Tracking : Az 89, El 43.
[01:19:27]  Tracking : Az 91, El 43.
[01:19:33]  Tracking : Az 95, El 44.
[01:19:37]  Tracking : Az 98, El 44.
[01:19:41]  Tracking : Az 101, El 44.
[01:19:45]  Tracking : Az 104, El 44.
[01:19:50]  Tracking : Az 108, El 43.
[01:19:52]  Tracking : Az 109, El 43.
[01:19:57]  Tracking : Az 113, El 43.
[01:20:00]  Tracking : Az 115, El 42.
[01:20:05]  Tracking : Az 118, El 42.
[01:20:11]  Tracking : Az 122, El 41.
[01:20:16]  Tracking : Az 125, El 40.
[01:20:21]  Tracking : Az 128, El 39.
[01:20:26]  Tracking : Az 131, El 39.
[01:20:32]  Tracking : Az 134, El 37.
[01:20:38]  Tracking : Az 137, El 36.
[01:20:45]  Tracking : Az 140, El 35.
[01:20:51]  Tracking : Az 142, El 34.
[01:20:57]  Tracking : Az 145, El 32.
[01:21:03]  Tracking : Az 147, El 31.
[01:21:12]  Tracking : Az 150, El 30.
[01:21:19]  Tracking : Az 152, El 28.
[01:21:31]  Tracking : Az 155, El 26.
[01:21:44]  Tracking : Az 158, El 24.
[01:21:58]  Tracking : Az 160, El 21.
[01:22:12]  Tracking : Az 163, El 19.
[01:22:34]  Tracking : Az 166, El 16.
[01:23:01]  Tracking : Az 169, El 13.
[01:23:27]  Tracking : Az 171, El 10.
[01:24:00]  Tracking : Az 173, El 7.
[01:24:43]  Tracking : Az 176, El 4.
[01:25:35]  Tracking : Az 178, El 0.
[01:25:55]  [Auto]Stop Doppler Correction.
[01:25:55]  [Auto]Finish Engaging.
[01:25:55]  Tracking : Az 0, El 0.
[01:25:56]  [Auto]Beacon Success : 0, Ping Success : 6 CMD Success : 0
[01:25:56]  [Auto]Update TLE...
[01:25:59]  [Auto]TLE "active" Download Completed.
[01:26:02]  Forked Safe Amplifier Process. (OFF)
[01:26:02]  Reset GS100 watchdog.
[01:26:14]  [Auto]Start Autopilot. Next Valuable AOS : 2/12 2:49:36
[01:26:14]  [Auto]Max Elevation : 13.94° Please Keep Devices On.
[02:44:35]  [Auto]Start Engaging.
[02:44:35]  [Auto]Start Doppler Correction.
[02:44:36]  Tracking : Az 350, El 0.
[02:44:38]  Tracking : Az 350, El 0.
[02:44:40]  Tracking : Az 350, El 0.
[02:44:42]  Tracking : Az 350, El 0.
[02:44:44]  Tracking : Az 350, El 0.
[02:44:46]  Tracking : Az 350, El 0.
[02:44:48]  Tracking : Az 350, El 0.
[02:44:50]  Tracking : Az 350, El 0.
[02:44:52]  Tracking : Az 350, El 0.
[02:44:54]  Tracking : Az 350, El 0.
[02:44:56]  Tracking : Az 350, El 0.
[02:44:58]  Tracking : Az 350, El 0.
[02:45:00]  Tracking : Az 350, El 0.
[02:45:02]  Tracking : Az 350, El 0.
[02:45:03]  Forked Safe Amplifier Process.(ON, Timer)
[02:45:04]  Tracking : Az 350, El 0.
[02:45:06]  Tracking : Az 350, El 0.
[02:45:08]  Tracking : Az 350, El 0.
[02:45:10]  Tracking : Az 350, El 0.
[02:45:10]  Ping Failed.
[02:45:12]  Tracking : Az 350, El 0.
[02:45:14]  Tracking : Az 350, El 0.
[02:45:16]  Tracking : Az 350, El 0.
[02:45:17]  Ping Failed.
[02:45:18]  Tracking : Az 350, El 0.
[02:45:20]  Tracking : Az 350, El 0.
[02:45:22]  Tracking : Az 350, El 0.
[02:45:24]  Tracking : Az 350, El 0.
[02:45:25]  Ping Failed.
[02:45:26]  Tracking : Az 350, El 0.
[02:45:28]  Tracking : Az 350, El 0.
[02:45:30]  Tracking : Az 350, El 0.
[02:45:32]  Tracking : Az 350, El 0.
[02:45:32]  Ping Failed.
[02:45:34]  Tracking : Az 350, El 0.
[02:45:36]  Tracking : Az 350, El 0.
[02:45:39]  Ping Failed.
[02:45:47]  Ping Failed.
[02:45:54]  Ping Failed.
[02:46:01]  Ping Failed.
[02:46:09]  Ping Failed.
[02:46:16]  Ping Failed.
[02:46:23]  Ping Failed.
[02:46:31]  Ping Failed.
[02:46:38]  Ping Failed.
[02:46:45]  Ping Failed.
[02:46:53]  Ping Failed.
[02:47:00]  Ping Failed.
[02:47:07]  Ping Failed.
[02:47:14]  Ping Failed.
[02:47:22]  Ping Failed.
[02:47:29]  Ping Failed.
[02:47:36]  Ping Failed.
[02:47:44]  Ping Failed.
[02:47:51]  Ping Failed.
[02:47:58]  Ping Failed.
[02:48:06]  Ping Failed.
[02:48:13]  Ping Failed.
[02:48:20]  Ping Failed.
[02:48:28]  Ping Failed.
[02:48:35]  Ping Failed.
[02:48:42]  Ping Failed.
[02:48:50]  Ping Failed.
[02:48:57]  Ping Failed.
[02:49:04]  Ping Failed.
[02:49:12]  Ping Failed.
[02:49:19]  Ping Failed.
[02:49:26]  Ping Failed.
[02:49:34]  Ping Failed.
[02:49:41]  Ping Failed.
[02:49:48]  Ping Failed.
[02:49:56]  Ping Failed.
[02:50:03]  Ping Failed.
[02:50:06]  Tracking : Az 346, El 1.
[02:50:10]  Ping Failed.
[02:50:18]  Ping Failed.
[02:50:23]  Ping Success at node 5, 475ms
[02:50:29]  Ping Success at node 5, 471ms
[02:50:34]  Tracking : Az 343, El 3.
[02:50:34]  Ping Success at node 5, 472ms
[02:50:40]  Ping Success at node 5, 471ms
[02:50:45]  Ping Success at node 5, 471ms
[02:50:50]  [OK]CMD Packet Header: 0x18 0x75 0xc0 0x0 0x0 0x1 0x14 0x47
[02:50:50]  [Auto]EPS P60 DOCK GET TABLE HK Command Sent (1/2)
[02:50:51]  Ping Success at node 5, 583ms
[02:50:59]  Tracking : Az 340, El 4.
[02:51:00]  [OK]CMD Packet Header: 0x18 0x75 0xc0 0x0 0x0 0x1 0x14 0x47
[02:51:01]  [Auto]EPS P60 DOCK GET TABLE HK Command Sent (2/2)
[02:51:01]  Received Report from port : 25.
[02:51:03]  Received Report from port : 25.
[02:51:05]  Received Report from port : 25.
[02:51:11]  [OK]CMD Packet Header: 0x18 0x75 0xc0 0x0 0x0 0x1 0x17 0x44
[02:51:11]  [Auto]EPS P60 PDU GET TABLE HK Command Sent (1/2)
[02:51:12]  Received Report from port : 25.
[02:51:14]  Received Report from port : 25.
[02:51:16]  Received Report from port : 25.
[02:51:21]  [OK]CMD Packet Header: 0x18 0x75 0xc0 0x0 0x0 0x1 0x17 0x44
[02:51:21]  [Auto]EPS P60 PDU GET TABLE HK Command Sent (2/2)
[02:51:22]  Tracking : Az 337, El 5.
[02:51:22]  Received Report from port : 25.
[02:51:24]  Received Report from port : 25.
[02:51:26]  Received Report from port : 25.
[02:51:31]  [OK]CMD Packet Header: 0x18 0x75 0xc0 0x0 0x0 0x1 0x1a 0x0
[02:51:32]  [Auto]EPS P60 ACU GET TABLE HK Command Sent (1/2)
[02:51:32]  Received Report from port : 25.
[02:51:34]  Received Report from port : 25.
[02:51:36]  Received Report from port : 25.
[02:51:42]  Tracking : Az 334, El 7.
[02:51:42]  [OK]CMD Packet Header: 0x18 0x75 0xc0 0x0 0x0 0x1 0x1a 0x0
[02:51:42]  [Auto]EPS P60 ACU GET TABLE HK Command Sent (2/2)
[02:51:43]  Received Report from port : 25.
[02:51:45]  Received Report from port : 25.
[02:51:47]  Received Report from port : 25.
[02:51:52]  [Auto]Start GND WDT reset sequence
[02:51:52]  [OK]CMD Packet Header: 0x18 0x50 0xc0 0x0 0x0 0x1 0x6 0x70
[02:51:52]  [Auto]AX100 GND WDT CMD sent (1/2)
[02:51:53]  Received Report from port : 25.
[02:51:55]  Received Report from port : 25.
[02:51:57]  Received Report from port : 25.
[02:52:00]  Tracking : Az 331, El 8.
[02:52:02]  [OK]CMD Packet Header: 0x18 0x50 0xc0 0x0 0x0 0x1 0x6 0x70
[02:52:03]  [Auto]AX100 GND WDT CMD sent (2/2)
[02:52:03]  Received Report from port : 25.
[02:52:05]  Received Report from port : 25.
[02:52:07]  Received Report from port : 25.
[02:52:13]  [OK]CMD Packet Header: 0x18 0x75 0xc0 0x0 0x0 0x5 0x1e 0xa2
[02:52:13]  [Auto]EPS P60 DOCK GND WDT CMD sent (1/2)
[02:52:14]  Received Report from port : 25.
[02:52:16]  Received Report from port : 25.
[02:52:18]  Tracking : Az 328, El 9.
[02:52:23]  [OK]CMD Packet Header: 0x18 0x75 0xc0 0x0 0x0 0x5 0x1e 0xa2
[02:52:24]  [Auto]EPS P60 DOCK GND WDT CMD sent (2/2)
[02:52:24]  Received Report from port : 25.
[02:52:26]  Received Report from port : 25.
[02:52:28]  Received Report from port : 25.
[02:52:33]  Tracking : Az 325, El 9.
[02:52:34]  [Auto]GND WDT sequence completed
[02:52:34]  [OK]CMD Packet Header: 0x18 0x75 0xc0 0x0 0x0 0x1 0x14 0x47
[02:52:34]  [Auto]EPS P60 DOCK GET TABLE HK Command Sent (1/2)
[02:52:34]  Received Report from port : 25.
[02:52:36]  Received Report from port : 25.
[02:52:38]  Received Report from port : 25.
[02:52:44]  Tracking : Az 323, El 10.
[02:52:44]  [OK]CMD Packet Header: 0x18 0x75 0xc0 0x0 0x0 0x1 0x14 0x47
[02:52:44]  [Auto]EPS P60 DOCK GET TABLE HK Command Sent (2/2)
[02:52:54]  [OK]CMD Packet Header: 0x18 0x75 0xc0 0x0 0x0 0x1 0x17 0x44
[02:52:55]  [Auto]EPS P60 PDU GET TABLE HK Command Sent (1/2)
[02:52:58]  Tracking : Az 320, El 11.
[02:53:05]  [OK]CMD Packet Header: 0x18 0x75 0xc0 0x0 0x0 0x1 0x17 0x44
[02:53:05]  [Auto]EPS P60 PDU GET TABLE HK Command Sent (2/2)
[02:53:07]  Tracking : Az 318, El 11.
[02:53:15]  [OK]CMD Packet Header: 0x18 0x75 0xc0 0x0 0x0 0x1 0x1a 0x0
[02:53:15]  [Auto]EPS P60 ACU GET TABLE HK Command Sent (1/2)
[02:53:20]  Tracking : Az 315, El 12.
[02:53:25]  [OK]CMD Packet Header: 0x18 0x75 0xc0 0x0 0x0 0x1 0x1a 0x0
[02:53:26]  [Auto]EPS P60 ACU GET TABLE HK Command Sent (2/2)
[02:53:33]  Tracking : Az 312, El 12.
[02:53:49]  Tracking : Az 308, El 13.
[02:54:01]  Tracking : Az 305, El 13.
[02:54:13]  Tracking : Az 302, El 13.
[02:54:24]  Tracking : Az 299, El 13.
[02:54:35]  Tracking : Az 296, El 13.
[02:54:50]  Tracking : Az 292, El 13.
[02:54:52]  Tracking : Az 292, El 13.
[02:55:05]  Tracking : Az 288, El 13.
[02:55:07]  Tracking : Az 288, El 13.
[02:55:11]  Tracking : Az 287, El 13.
[02:55:20]  Tracking : Az 284, El 13.
[02:55:22]  Tracking : Az 284, El 13.
[02:55:32]  Tracking : Az 281, El 13.
[02:55:34]  Tracking : Az 281, El 13.
[02:55:43]  Tracking : Az 278, El 13.
[02:55:55]  Tracking : Az 275, El 12.
[02:56:08]  Tracking : Az 272, El 12.
[02:56:21]  Tracking : Az 269, El 11.
[02:56:34]  Tracking : Az 266, El 11.
[02:56:49]  Tracking : Az 263, El 10.
[02:57:04]  Tracking : Az 260, El 9.
[02:57:20]  Tracking : Az 257, El 8.
[02:57:37]  Tracking : Az 254, El 7.
[02:58:03]  Tracking : Az 250, El 6.
[02:58:05]  Tracking : Az 250, El 6.
[02:58:32]  Tracking : Az 246, El 4.
[02:58:34]  Tracking : Az 246, El 4.
[02:59:05]  Tracking : Az 242, El 2.
[02:59:33]  Tracking : Az 239, El 1.
[03:00:03]  [Auto]Stop Doppler Correction.
[03:00:03]  [Auto]Finish Engaging.
[03:00:03]  Tracking : Az 0, El 0.
[03:00:04]  [Auto]Beacon Success : 0, Ping Success : 6 CMD Success : 0
[03:00:04]  [Auto]Update TLE...
[03:00:17]  [Auto]TLE "active" Download Completed.
[03:00:20]  Forked Safe Amplifier Process. (OFF)
[03:00:20]  Reset GS100 watchdog.
[03:00:32]  [Auto]Start Autopilot. Next Valuable AOS : 2/12 12:2:28
[03:00:32]  [Auto]Max Elevation : 23.72° Please Keep Devices On.
[11:57:28]  [Auto]Start Engaging.
[11:57:28]  [Auto]Start Doppler Correction.
[11:57:28]  Tracking : Az 136, El 0.
[11:57:30]  Tracking : Az 136, El 0.
[11:57:32]  Tracking : Az 136, El 0.
[11:57:34]  Tracking : Az 136, El 0.
[11:57:36]  Tracking : Az 136, El 0.
[11:57:38]  Tracking : Az 136, El 0.
[11:57:40]  Tracking : Az 136, El 0.
[11:57:42]  Tracking : Az 136, El 0.
[11:57:44]  Tracking : Az 136, El 0.
[11:57:46]  Tracking : Az 136, El 0.
[11:57:48]  Tracking : Az 136, El 0.
[11:57:50]  Tracking : Az 136, El 0.
[11:59:00]  Forked Safe Amplifier Process.(ON, Timer)
[11:59:07]  Ping Failed.
[11:59:14]  Ping Failed.
[11:59:22]  Ping Failed.
[11:59:29]  Ping Failed.
[11:59:36]  Ping Failed.
[11:59:44]  Ping Failed.
[11:59:51]  Ping Failed.
[11:59:58]  Ping Failed.
[12:00:06]  Ping Failed.
[12:00:13]  Ping Failed.
[12:00:20]  Ping Failed.
[12:00:28]  Ping Failed.
[12:00:35]  Ping Failed.
[12:00:42]  Ping Failed.
[12:00:50]  Ping Failed.
[12:00:57]  Ping Failed.
[12:01:04]  Ping Failed.
[12:01:12]  Ping Failed.
[12:01:19]  Ping Failed.
[12:01:26]  Ping Failed.
[12:01:33]  Ping Failed.
[12:01:41]  Ping Failed.
[12:01:48]  Ping Failed.
[12:01:55]  Ping Failed.
[12:02:03]  Ping Failed.
[12:02:10]  Ping Failed.
[12:02:17]  Ping Failed.
[12:02:25]  Ping Failed.
[12:02:32]  Ping Failed.
[12:02:39]  Ping Failed.
[12:02:47]  Ping Failed.
[12:02:54]  Ping Failed.
[12:02:58]  Tracking : Az 134, El 1.
[12:03:01]  Ping Failed.
[12:03:09]  Ping Failed.
[12:03:16]  Ping Failed.
[12:03:23]  Ping Failed.
[12:03:31]  Tracking : Az 132, El 4.
[12:03:31]  Ping Failed.
[12:03:38]  Ping Failed.
[12:03:44]  Ping Success at node 5, 476ms
[12:03:49]  Ping Success at node 5, 471ms
[12:03:55]  Ping Success at node 5, 471ms
[12:03:55]  Tracking : Az 129, El 5.
[12:04:02]  Ping Failed.
[12:04:09]  Ping Failed.
[12:04:14]  Tracking : Az 127, El 7.
[12:04:15]  Ping Success at node 5, 465ms
[12:04:20]  Ping Success at node 5, 471ms
[12:04:25]  [OK]CMD Packet Header: 0x18 0x75 0xc0 0x0 0x0 0x1 0x14 0x47
[12:04:25]  [Auto]EPS P60 DOCK GET TABLE HK Command Sent (1/2)
[12:04:26]  Ping Success at node 5, 583ms
[12:04:35]  [OK]CMD Packet Header: 0x18 0x75 0xc0 0x0 0x0 0x1 0x14 0x47
[12:04:36]  [Auto]EPS P60 DOCK GET TABLE HK Command Sent (2/2)
[12:04:36]  Received Report from port : 25.
[12:04:38]  Received Report from port : 25.
[12:04:40]  Tracking : Az 124, El 9.
[12:04:40]  Received Report from port : 25.
[12:04:46]  [OK]CMD Packet Header: 0x18 0x75 0xc0 0x0 0x0 0x1 0x17 0x44
[12:04:46]  [Auto]EPS P60 PDU GET TABLE HK Command Sent (1/2)
[12:04:47]  Received Report from port : 25.
[12:04:49]  Received Report from port : 25.
[12:04:51]  Received Report from port : 25.
[12:04:56]  [OK]CMD Packet Header: 0x18 0x75 0xc0 0x0 0x0 0x1 0x17 0x44
[12:04:56]  [Auto]EPS P60 PDU GET TABLE HK Command Sent (2/2)
[12:04:57]  Received Report from port : 25.
[12:04:59]  Received Report from port : 25.
[12:05:01]  Tracking : Az 121, El 10.
[12:05:01]  Received Report from port : 25.
[12:05:06]  [OK]CMD Packet Header: 0x18 0x75 0xc0 0x0 0x0 0x1 0x1a 0x0
[12:05:07]  [Auto]EPS P60 ACU GET TABLE HK Command Sent (1/2)
[12:05:07]  Received Report from port : 25.
[12:05:09]  Received Report from port : 25.
[12:05:11]  Received Report from port : 25.
[12:05:17]  [OK]CMD Packet Header: 0x18 0x75 0xc0 0x0 0x0 0x1 0x1a 0x0
[12:05:17]  [Auto]EPS P60 ACU GET TABLE HK Command Sent (2/2)
[12:05:18]  Received Report from port : 25.
[12:05:20]  Tracking : Az 118, El 12.
[12:05:20]  Received Report from port : 25.
[12:05:22]  Received Report from port : 25.
[12:05:27]  [Auto]Start GND WDT reset sequence
[12:05:27]  [OK]CMD Packet Header: 0x18 0x50 0xc0 0x0 0x0 0x1 0x6 0x70
[12:05:27]  [Auto]AX100 GND WDT CMD sent (1/2)
[12:05:28]  Received Report from port : 25.
[12:05:30]  Received Report from port : 25.
[12:05:32]  Received Report from port : 25.
[12:05:37]  Tracking : Az 115, El 13.
[12:05:37]  [OK]CMD Packet Header: 0x18 0x50 0xc0 0x0 0x0 0x1 0x6 0x70
[12:05:38]  [Auto]AX100 GND WDT CMD sent (2/2)
[12:05:48]  [OK]CMD Packet Header: 0x18 0x75 0xc0 0x0 0x0 0x5 0x1e 0xa2
[12:05:48]  [Auto]EPS P60 DOCK GND WDT CMD sent (1/2)
[12:05:52]  Tracking : Az 112, El 15.
[12:05:58]  [OK]CMD Packet Header: 0x18 0x75 0xc0 0x0 0x0 0x5 0x1e 0xa2
[12:05:59]  [Auto]EPS P60 DOCK GND WDT CMD sent (2/2)
[12:06:09]  [Auto]GND WDT sequence completed
[12:06:09]  [OK]CMD Packet Header: 0x18 0x75 0xc0 0x0 0x0 0x1 0x14 0x47
[12:06:09]  [Auto]EPS P60 DOCK GET TABLE HK Command Sent (1/2)
[12:06:11]  Tracking : Az 108, El 16.
[12:06:19]  [OK]CMD Packet Header: 0x18 0x75 0xc0 0x0 0x0 0x1 0x14 0x47
[12:06:19]  [Auto]EPS P60 DOCK GET TABLE HK Command Sent (2/2)
[12:06:23]  Tracking : Az 105, El 17.
[12:06:29]  [OK]CMD Packet Header: 0x18 0x75 0xc0 0x0 0x0 0x1 0x17 0x44
[12:06:30]  [Auto]EPS P60 PDU GET TABLE HK Command Sent (1/2)
[12:06:34]  Tracking : Az 102, El 18.
[12:06:40]  [OK]CMD Packet Header: 0x18 0x75 0xc0 0x0 0x0 0x1 0x17 0x44
[12:06:40]  [Auto]EPS P60 PDU GET TABLE HK Command Sent (2/2)
[12:06:45]  Tracking : Az 99, El 19.
[12:06:50]  [OK]CMD Packet Header: 0x18 0x75 0xc0 0x0 0x0 0x1 0x1a 0x0
[12:06:50]  [Auto]EPS P60 ACU GET TABLE HK Command Sent (1/2)
[12:06:55]  Tracking : Az 96, El 20.
[12:07:00]  [OK]CMD Packet Header: 0x18 0x75 0xc0 0x0 0x0 0x1 0x1a 0x0
[12:07:01]  [Auto]EPS P60 ACU GET TABLE HK Command Sent (2/2)
[12:07:01]  Tracking : Az 94, El 20.
[12:07:10]  Tracking : Az 91, El 21.
[12:07:19]  Tracking : Az 88, El 22.
[12:07:27]  Tracking : Az 86, El 22.
[12:07:33]  Tracking : Az 83, El 22.
[12:07:41]  Tracking : Az 80, El 23.
[12:07:52]  Tracking : Az 76, El 23.
[12:08:00]  Tracking : Az 73, El 23.
[12:08:08]  Tracking : Az 70, El 23.
[12:08:15]  Tracking : Az 67, El 23.
[12:08:23]  Tracking : Az 64, El 23.
[12:08:28]  Tracking : Az 62, El 23.
[12:08:34]  Tracking : Az 60, El 23.
[12:08:41]  Tracking : Az 57, El 23.
[12:08:50]  Tracking : Az 54, El 22.
[12:08:58]  Tracking : Az 51, El 22.
[12:09:07]  Tracking : Az 48, El 21.
[12:09:15]  Tracking : Az 46, El 21.
[12:09:22]  Tracking : Az 43, El 20.
[12:09:32]  Tracking : Az 40, El 19.
[12:09:42]  Tracking : Az 37, El 19.
[12:09:53]  Tracking : Az 34, El 18.
[12:10:05]  Tracking : Az 31, El 17.
[12:10:18]  Tracking : Az 28, El 16.
[12:10:37]  Tracking : Az 24, El 14.
[12:10:53]  Tracking : Az 21, El 13.
[12:11:05]  Tracking : Az 19, El 11.
[12:11:24]  Tracking : Az 16, El 10.
[12:11:47]  Tracking : Az 13, El 8.
[12:12:13]  Tracking : Az 10, El 6.
[12:12:44]  Tracking : Az 7, El 4.
[12:13:09]  Tracking : Az 5, El 2.
[12:13:37]  Tracking : Az 3, El 1.
[12:14:00]  [Auto]Stop Doppler Correction.
[12:14:00]  [Auto]Finish Engaging.
[12:14:00]  Tracking : Az 0, El 0.
[12:14:01]  [Auto]Beacon Success : 0, Ping Success : 6 CMD Success : 0
[12:14:01]  [Auto]Update TLE...
[12:14:04]  [Auto]TLE "active" Download Completed.
[12:14:07]  Forked Safe Amplifier Process. (OFF)
[12:14:07]  Reset GS100 watchdog.
[12:14:19]  [Auto]Start Autopilot. Next Valuable AOS : 2/12 13:37:50
[12:14:19]  [Auto]Max Elevation : 23.76° Please Keep Devices On.
[13:32:50]  [Auto]Start Engaging.
[13:32:50]  [Auto]Start Doppler Correction.
[13:32:50]  Tracking : Az 195, El 0.
[13:32:52]  Tracking : Az 195, El 0.
[13:32:54]  Tracking : Az 195, El 0.
[13:32:56]  Tracking : Az 195, El 0.
[13:32:58]  Tracking : Az 195, El 0.
[13:33:00]  Tracking : Az 195, El 0.
[13:33:02]  Tracking : Az 195, El 0.
[13:33:04]  Tracking : Az 195, El 0.
[13:33:06]  Tracking : Az 195, El 0.
[13:33:08]  Tracking : Az 195, El 0.
[13:33:10]  Tracking : Az 195, El 0.
[13:33:12]  Tracking : Az 195, El 0.
[13:33:14]  Tracking : Az 195, El 0.
[13:33:16]  Tracking : Az 195, El 0.
[13:33:18]  Tracking : Az 195, El 0.
[13:33:20]  Tracking : Az 195, El 0.
[13:33:22]  Tracking : Az 195, El 0.
[13:33:24]  Tracking : Az 195, El 0.
[13:34:32]  Forked Safe Amplifier Process.(ON, Timer)
[13:34:39]  Ping Failed.
[13:34:46]  Ping Failed.
[13:34:54]  Ping Failed.
[13:35:01]  Ping Failed.
[13:35:08]  Ping Failed.
[13:35:16]  Ping Failed.
[13:35:23]  Ping Failed.
[13:35:30]  Ping Failed.
[13:35:37]  Ping Failed.
[13:35:45]  Ping Failed.
[13:35:52]  Ping Failed.
[13:35:59]  Ping Failed.
[13:36:07]  Ping Failed.
[13:36:14]  Ping Failed.
[13:36:21]  Ping Failed.
[13:36:29]  Ping Failed.
[13:36:36]  Ping Failed.
[13:36:43]  Ping Failed.
[13:36:51]  Ping Failed.
[13:36:58]  Ping Failed.
[13:37:05]  Ping Failed.
[13:37:13]  Ping Failed.
[13:37:20]  Ping Failed.
[13:37:27]  Ping Failed.
[13:37:35]  Ping Failed.
[13:37:42]  Ping Failed.
[13:37:49]  Ping Failed.
[13:37:57]  Ping Failed.
[13:38:04]  Ping Failed.
[13:38:10]  Ping Success at node 5, 475ms
[13:38:15]  Ping Success at node 5, 471ms
[13:38:21]  Ping Success at node 5, 471ms
[13:38:23]  Tracking : Az 198, El 2.
[13:38:25]  Tracking : Az 198, El 2.
[13:38:28]  Ping Failed.
[13:38:35]  Ping Failed.
[13:38:43]  Ping Failed.
[13:38:50]  Ping Failed.
[13:38:54]  Tracking : Az 200, El 4.
[13:38:57]  Ping Failed.
[13:39:03]  Ping Success at node 5, 469ms
[13:39:08]  Ping Success at node 5, 471ms
[13:39:13]  [OK]CMD Packet Header: 0x18 0x75 0xc0 0x0 0x0 0x1 0x14 0x47
[13:39:13]  [Auto]EPS P60 DOCK GET TABLE HK Command Sent (1/2)
[13:39:15]  Ping Failed.
[13:39:20]  Tracking : Az 203, El 5.
[13:39:23]  [OK]CMD Packet Header: 0x18 0x75 0xc0 0x0 0x0 0x1 0x14 0x47
[13:39:24]  [Auto]EPS P60 DOCK GET TABLE HK Command Sent (2/2)
[13:39:24]  Received Report from port : 25.
[13:39:26]  Received Report from port : 25.
[13:39:28]  Received Report from port : 25.
[13:39:34]  [OK]CMD Packet Header: 0x18 0x75 0xc0 0x0 0x0 0x1 0x17 0x44
[13:39:34]  [Auto]EPS P60 PDU GET TABLE HK Command Sent (1/2)
[13:39:35]  Received Report from port : 25.
[13:39:37]  Tracking : Az 204, El 7.
[13:39:37]  Received Report from port : 25.
[13:39:39]  Received Report from port : 25.
[13:39:44]  [OK]CMD Packet Header: 0x18 0x75 0xc0 0x0 0x0 0x1 0x17 0x44
[13:39:44]  [Auto]EPS P60 PDU GET TABLE HK Command Sent (2/2)
[13:39:54]  [OK]CMD Packet Header: 0x18 0x75 0xc0 0x0 0x0 0x1 0x1a 0x0
[13:39:55]  Tracking : Az 207, El 8.
[13:39:55]  [Auto]EPS P60 ACU GET TABLE HK Command Sent (1/2)
[13:39:55]  Received Report from port : 25.
[13:39:57]  Received Report from port : 25.
[13:39:59]  Received Report from port : 25.
[13:40:05]  [OK]CMD Packet Header: 0x18 0x75 0xc0 0x0 0x0 0x1 0x1a 0x0
[13:40:05]  [Auto]EPS P60 ACU GET TABLE HK Command Sent (2/2)
[13:40:06]  Received Report from port : 25.
[13:40:08]  Received Report from port : 25.
[13:40:10]  Received Report from port : 25.
[13:40:15]  [Auto]Start GND WDT reset sequence
[13:40:15]  [OK]CMD Packet Header: 0x18 0x50 0xc0 0x0 0x0 0x1 0x6 0x70
[13:40:15]  [Auto]AX100 GND WDT CMD sent (1/2)
[13:40:16]  Received Report from port : 25.
[13:40:18]  Tracking : Az 210, El 10.
[13:40:18]  Received Report from port : 25.
[13:40:20]  Received Report from port : 25.
[13:40:25]  [OK]CMD Packet Header: 0x18 0x50 0xc0 0x0 0x0 0x1 0x6 0x70
[13:40:26]  [Auto]AX100 GND WDT CMD sent (2/2)
[13:40:26]  Received Report from port : 25.
[13:40:28]  Received Report from port : 25.
[13:40:30]  Received Report from port : 25.
[13:40:36]  [OK]CMD Packet Header: 0x18 0x75 0xc0 0x0 0x0 0x5 0x1e 0xa2
[13:40:36]  [Auto]EPS P60 DOCK GND WDT CMD sent (1/2)
[13:40:37]  Tracking : Az 213, El 11.
[13:40:37]  Received Report from port : 25.
[13:40:39]  Received Report from port : 25.
[13:40:41]  Received Report from port : 25.
[13:40:46]  [OK]CMD Packet Header: 0x18 0x75 0xc0 0x0 0x0 0x5 0x1e 0xa2
[13:40:47]  [Auto]EPS P60 DOCK GND WDT CMD sent (2/2)
[13:40:47]  Received Report from port : 25.
[13:40:49]  Received Report from port : 25.
[13:40:51]  Received Report from port : 25.
[00:07:37]  Tracking : Az 216, El 13.
[13:40:57]  [Auto]GND WDT sequence completed
[13:40:57]  [OK]CMD Packet Header: 0x18 0x75 0xc0 0x0 0x0 0x1 0x14 0x47
[13:40:57]  Tracking : Az 216, El 13.
[13:40:57]  [Auto]EPS P60 DOCK GET TABLE HK Command Sent (1/2)
[13:40:57]  Received Report from port : 25.
[13:40:59]  Received Report from port : 25.
[13:41:01]  Received Report from port : 25.
[13:41:07]  [OK]CMD Packet Header: 0x18 0x75 0xc0 0x0 0x0 0x1 0x14 0x47
[13:41:07]  [Auto]EPS P60 DOCK GET TABLE HK Command Sent (2/2)
[13:41:08]  Received Report from port : 25.
[13:41:10]  Tracking : Az 219, El 14.
[13:41:10]  Received Report from port : 25.
[13:41:12]  Received Report from port : 25.
[13:41:17]  [OK]CMD Packet Header: 0x18 0x75 0xc0 0x0 0x0 0x1 0x17 0x44
[13:41:18]  [Auto]EPS P60 PDU GET TABLE HK Command Sent (1/2)
[13:41:18]  Received Report from port : 25.
[13:41:20]  Received Report from port : 25.
[13:41:22]  Received Report from port : 25.
[13:41:25]  Tracking : Az 222, El 15.
[13:41:28]  [OK]CMD Packet Header: 0x18 0x75 0xc0 0x0 0x0 0x1 0x17 0x44
[13:41:28]  [Auto]EPS P60 PDU GET TABLE HK Command Sent (2/2)
[13:41:28]  Received Report from port : 25.
[13:41:30]  Received Report from port : 25.
[13:41:32]  Received Report from port : 25.
[13:41:38]  Tracking : Az 225, El 16.
[13:41:38]  [OK]CMD Packet Header: 0x18 0x75 0xc0 0x0 0x0 0x1 0x1a 0x0
[13:41:38]  [Auto]EPS P60 ACU GET TABLE HK Command Sent (1/2)
[13:41:39]  Received Report from port : 25.
[13:41:41]  Received Report from port : 25.
[13:41:43]  Received Report from port : 25.
[13:41:48]  [OK]CMD Packet Header: 0x18 0x75 0xc0 0x0 0x0 0x1 0x1a 0x0
[13:41:49]  [Auto]EPS P60 ACU GET TABLE HK Command Sent (2/2)
[13:41:49]  Received Report from port : 25.
[13:41:50]  Tracking : Az 228, El 18.
[13:41:51]  Received Report from port : 25.
[13:41:53]  Tracking : Az 229, El 18.
[13:41:53]  Received Report from port : 25.
[13:42:04]  Tracking : Az 232, El 19.
[13:42:15]  Tracking : Az 235, El 20.
[13:42:18]  Tracking : Az 236, El 20.
[13:42:28]  Tracking : Az 239, El 21.
[13:42:31]  Tracking : Az 240, El 21.
[13:42:40]  Tracking : Az 243, El 21.
[13:42:42]  Tracking : Az 243, El 21.
[13:42:48]  Tracking : Az 246, El 22.
[13:42:50]  Tracking : Az 246, El 22.
[13:42:54]  Tracking : Az 248, El 22.
[13:43:02]  Tracking : Az 251, El 23.
[13:43:05]  Tracking : Az 252, El 23.
[13:43:13]  Tracking : Az 255, El 23.
[13:43:15]  Tracking : Az 256, El 23.
[13:43:23]  Tracking : Az 259, El 23.
[13:43:25]  Tracking : Az 259, El 23.
[13:43:31]  Tracking : Az 262, El 23.
[13:43:34]  Tracking : Az 263, El 23.
[13:43:41]  Tracking : Az 266, El 23.
[13:43:44]  Tracking : Az 267, El 23.
[13:43:52]  Tracking : Az 270, El 23.
[13:43:54]  Tracking : Az 271, El 23.
[13:44:02]  Tracking : Az 274, El 23.
[13:44:04]  Tracking : Az 274, El 23.
[13:44:10]  Tracking : Az 277, El 23.
[13:44:13]  Tracking : Az 278, El 22.
[13:44:21]  Tracking : Az 281, El 22.
[13:44:29]  Tracking : Az 284, El 22.
[13:44:32]  Tracking : Az 285, El 21.
[13:44:41]  Tracking : Az 288, El 21.
[13:44:43]  Tracking : Az 288, El 21.
[13:44:47]  Tracking : Az 290, El 20.
[13:44:57]  Tracking : Az 293, El 20.
[13:45:00]  Tracking : Az 294, El 19.
[13:45:11]  Tracking : Az 297, El 19.
[13:45:13]  Tracking : Az 297, El 18.
[13:45:18]  Tracking : Az 299, El 18.
[13:45:30]  Tracking : Az 302, El 17.
[13:45:32]  Tracking : Az 302, El 17.
[13:45:42]  Tracking : Az 305, El 16.
[13:45:44]  Tracking : Az 305, El 16.
[13:45:52]  Tracking : Az 307, El 15.
[13:46:05]  Tracking : Az 310, El 14.
[13:46:07]  Tracking : Az 310, El 14.
[13:46:21]  Tracking : Az 313, El 13.
[13:46:23]  Tracking : Az 313, El 12.
[13:46:27]  Tracking : Az 314, El 12.
[13:46:45]  Tracking : Az 317, El 11.
[13:47:06]  Tracking : Az 320, El 9.
[13:47:08]  Tracking : Az 320, El 9.
[13:47:30]  Tracking : Az 323, El 7.
[13:47:32]  Tracking : Az 323, El 7.
[13:47:57]  Tracking : Az 326, El 5.
[13:48:29]  Tracking : Az 329, El 3.
[13:49:07]  Tracking : Az 332, El 1.
[13:49:09]  Tracking : Az 332, El 1.
[13:49:29]  Tracking : Az 333, El 0.
[13:49:32]  [Auto]Stop Doppler Correction.
[13:49:32]  [Auto]Finish Engaging.
[13:49:32]  Tracking : Az 0, El 0.
[13:49:33]  [Auto]Beacon Success : 0, Ping Success : 5 CMD Success : 0
[13:49:33]  [Auto]Update TLE...
[13:49:37]  [Auto]TLE "active" Download Completed.
[13:49:40]  Forked Safe Amplifier Process. (OFF)
[13:49:40]  Reset GS100 watchdog.
[13:49:52]  [Auto]Start Autopilot. Next Valuable AOS : 2/13 1:21:47
[13:49:52]  [Auto]Max Elevation : 56.57° Please Keep Devices On.
[16:21:20]  [Auto]Autopilot Stopped by User.
[16:21:20]  [Auto]Stop Doppler Correction.
[16:21:20]  [Auto]Finish Engaging.
[16:21:20]  Tracking : Az 0, El 0.
[16:21:21]  [Auto]Beacon Success : 0, Ping Success : 0 CMD Success : 0
[16:21:40]  Generated Command Message.
[16:22:52]  [Auto]Start AutoPilot.
[16:22:52]  [Auto]Start Autopilot. Next Valuable AOS : 2/13 1:21:47
[16:22:52]  [Auto]Max Elevation : 56.57° Please Keep Devices On.
[01:16:47]  [Auto]Start Engaging.
[01:16:47]  [Auto]Start Doppler Correction.
[01:16:47]  Tracking : Az 62, El 0.
[01:16:49]  Tracking : Az 62, El 0.
[01:16:51]  Tracking : Az 62, El 0.
[01:16:53]  Tracking : Az 62, El 0.
[01:16:55]  Tracking : Az 62, El 0.
[01:16:57]  Tracking : Az 62, El 0.
[01:19:24]  Forked Safe Amplifier Process.(ON, Timer)
[01:19:31]  Ping Failed.
[01:19:38]  Ping Failed.
[01:19:46]  Ping Failed.
[01:19:53]  Ping Failed.
[01:20:00]  Ping Failed.
[01:20:08]  Ping Failed.
[01:20:15]  Ping Failed.
[01:20:22]  Ping Failed.
[01:20:30]  Ping Failed.
[01:20:37]  Ping Failed.
[01:20:44]  Ping Failed.
[01:20:52]  Ping Failed.
[01:20:59]  Ping Failed.
[01:21:06]  Ping Failed.
[01:21:14]  Ping Failed.
[01:21:21]  Ping Failed.
[01:21:28]  Ping Failed.
[01:21:32]  Tracking : Az 16, El 0.
[01:21:34]  Tracking : Az 16, El 0.
[01:21:36]  Ping Failed.
[01:21:36]  Tracking : Az 16, El 0.
[01:21:38]  Tracking : Az 16, El 0.
[01:21:40]  Tracking : Az 16, El 0.
[01:21:43]  Ping Failed.
[01:21:50]  Ping Failed.
[01:21:57]  Ping Failed.
[01:22:05]  Ping Failed.
[01:22:12]  Ping Failed.
[01:22:19]  Ping Failed.
[01:22:27]  Ping Failed.
[01:22:31]  Tracking : Az 17, El 3.
[01:22:34]  Ping Failed.
[01:22:40]  Ping Success at node 5, 478ms
[01:22:45]  Ping Success at node 5, 471ms
[01:22:51]  Ping Success at node 5, 470ms
[01:22:56]  Ping Success at node 5, 471ms
[01:23:02]  Ping Success at node 5, 471ms
[01:23:07]  [OK]CMD Packet Header: 0x18 0x75 0xc0 0x0 0x0 0x1 0x14 0x47
[01:23:07]  [Auto]EPS P60 DOCK GET TABLE HK Command Sent (1/2)
[01:23:07]  Ping Success at node 5, 567ms
[01:23:11]  Tracking : Az 19, El 6.
[01:23:17]  [OK]CMD Packet Header: 0x18 0x75 0xc0 0x0 0x0 0x1 0x14 0x47
[01:23:17]  [Auto]EPS P60 DOCK GET TABLE HK Command Sent (2/2)
[01:23:18]  Received Report from port : 25.
[01:23:20]  Received Report from port : 25.
[01:23:22]  Received Report from port : 25.
[01:23:27]  [OK]CMD Packet Header: 0x18 0x75 0xc0 0x0 0x0 0x1 0x17 0x44
[01:23:28]  [Auto]EPS P60 PDU GET TABLE HK Command Sent (1/2)
[01:23:28]  Received Report from port : 25.
[01:23:30]  Received Report from port : 25.
[01:23:32]  Received Report from port : 25.
[01:23:38]  [OK]CMD Packet Header: 0x18 0x75 0xc0 0x0 0x0 0x1 0x17 0x44
[01:23:38]  [Auto]EPS P60 PDU GET TABLE HK Command Sent (2/2)
[01:23:38]  Received Report from port : 25.
[01:23:40]  Received Report from port : 25.
[01:23:42]  Received Report from port : 25.
[01:23:46]  Tracking : Az 20, El 9.
[01:23:48]  [OK]CMD Packet Header: 0x18 0x75 0xc0 0x0 0x0 0x1 0x1a 0x0
[01:23:48]  [Auto]EPS P60 ACU GET TABLE HK Command Sent (1/2)
[01:23:49]  Received Report from port : 25.
[01:23:51]  Received Report from port : 25.
[01:23:53]  Received Report from port : 25.
[01:23:58]  [OK]CMD Packet Header: 0x18 0x75 0xc0 0x0 0x0 0x1 0x1a 0x0
[01:23:59]  [Auto]EPS P60 ACU GET TABLE HK Command Sent (2/2)
[01:23:59]  Received Report from port : 25.
[01:24:01]  Received Report from port : 25.
[01:24:03]  Received Report from port : 25.
[01:24:07]  Tracking : Az 21, El 11.
[01:24:09]  [Auto]Start GND WDT reset sequence
[01:24:09]  [OK]CMD Packet Header: 0x18 0x50 0xc0 0x0 0x0 0x1 0x6 0x70
[01:24:09]  [Auto]AX100 GND WDT CMD sent (1/2)
[01:24:09]  Received Report from port : 25.
[01:24:11]  Received Report from port : 25.
[01:24:13]  Received Report from port : 25.
[01:24:19]  [OK]CMD Packet Header: 0x18 0x50 0xc0 0x0 0x0 0x1 0x6 0x70
[01:24:19]  [Auto]AX100 GND WDT CMD sent (2/2)
[01:24:20]  Received Report from port : 25.
[01:24:22]  Received Report from port : 25.
[01:24:24]  Received Report from port : 25.
[01:24:26]  Tracking : Az 22, El 13.
[01:24:29]  [OK]CMD Packet Header: 0x18 0x75 0xc0 0x0 0x0 0x5 0x1e 0xa2
[01:24:30]  [Auto]EPS P60 DOCK GND WDT CMD sent (1/2)
[01:24:30]  Received Report from port : 25.
[01:24:32]  Received Report from port : 25.
[01:24:34]  Received Report from port : 25.
[01:24:40]  [OK]CMD Packet Header: 0x18 0x75 0xc0 0x0 0x0 0x5 0x1e 0xa2
[01:24:40]  [Auto]EPS P60 DOCK GND WDT CMD sent (2/2)
[01:24:40]  Received Report from port : 25.
[01:24:42]  Received Report from port : 25.
[01:24:44]  Received Report from port : 25.
[01:24:50]  [Auto]GND WDT sequence completed
[01:24:50]  [OK]CMD Packet Header: 0x18 0x75 0xc0 0x0 0x0 0x1 0x14 0x47
[01:24:50]  [Auto]EPS P60 DOCK GET TABLE HK Command Sent (1/2)
[01:24:51]  Tracking : Az 24, El 16.
[01:24:51]  Received Report from port : 25.
[01:24:53]  Received Report from port : 25.
[01:24:55]  Received Report from port : 25.
[01:25:00]  [OK]CMD Packet Header: 0x18 0x75 0xc0 0x0 0x0 0x1 0x14 0x47
[01:25:01]  [Auto]EPS P60 DOCK GET TABLE HK Command Sent (2/2)
[01:25:01]  Received Report from port : 25.
[01:25:03]  Received Report from port : 25.
[01:25:05]  Received Report from port : 25.
[01:25:06]  Tracking : Az 25, El 18.
[01:25:11]  [OK]CMD Packet Header: 0x18 0x75 0xc0 0x0 0x0 0x1 0x17 0x44
[01:25:11]  [Auto]EPS P60 PDU GET TABLE HK Command Sent (1/2)
[01:25:11]  Received Report from port : 25.
[01:25:13]  Received Report from port : 25.
[01:25:15]  Received Report from port : 25.
[01:25:21]  [OK]CMD Packet Header: 0x18 0x75 0xc0 0x0 0x0 0x1 0x17 0x44
[01:25:21]  [Auto]EPS P60 PDU GET TABLE HK Command Sent (2/2)
[01:25:22]  Received Report from port : 25.
[01:25:24]  Received Report from port : 25.
[01:25:25]  Tracking : Az 27, El 21.
[01:25:26]  Received Report from port : 25.
[01:25:31]  [OK]CMD Packet Header: 0x18 0x75 0xc0 0x0 0x0 0x1 0x1a 0x0
[01:25:32]  [Auto]EPS P60 ACU GET TABLE HK Command Sent (1/2)
[01:25:32]  Received Report from port : 25.
[01:25:34]  Received Report from port : 25.
[01:25:36]  Received Report from port : 25.
[01:25:42]  [OK]CMD Packet Header: 0x18 0x75 0xc0 0x0 0x0 0x1 0x1a 0x0
[01:25:42]  [Auto]EPS P60 ACU GET TABLE HK Command Sent (2/2)
[01:25:42]  Received Report from port : 25.
[01:25:43]  Tracking : Az 29, El 24.
[01:25:44]  Received Report from port : 25.
[01:25:46]  Received Report from port : 25.
[01:25:53]  Tracking : Az 31, El 25.
[01:26:03]  Tracking : Az 32, El 28.
[01:26:10]  Tracking : Az 34, El 29.
[01:26:21]  Tracking : Az 36, El 32.
[01:26:27]  Tracking : Az 37, El 33.
[01:26:36]  Tracking : Az 40, El 35.
[01:26:44]  Tracking : Az 42, El 38.
[01:26:50]  Tracking : Az 44, El 39.
[01:26:56]  Tracking : Az 47, El 41.
[01:27:03]  Tracking : Az 50, El 43.
[01:27:09]  Tracking : Az 53, El 45.
[01:27:15]  Tracking : Az 56, El 47.
[01:27:21]  Tracking : Az 60, El 49.
[01:27:23]  Tracking : Az 62, El 49.
[01:27:29]  Tracking : Az 66, El 51.
[01:27:34]  Tracking : Az 70, El 52.
[01:27:36]  Tracking : Az 72, El 53.
[01:27:41]  Tracking : Az 76, El 54.
[01:27:43]  Tracking : Az 78, El 54.
[01:27:46]  Tracking : Az 81, El 55.
[01:27:49]  Tracking : Az 84, El 55.
[01:27:51]  Tracking : Az 87, El 55.
[01:27:54]  Tracking : Az 90, El 56.
[01:27:57]  Tracking : Az 93, El 56.
[01:28:00]  Tracking : Az 97, El 56.
[01:28:03]  Tracking : Az 100, El 56.
[01:28:06]  Tracking : Az 103, El 56.
[01:28:08]  Tracking : Az 106, El 56.
[01:28:11]  Tracking : Az 109, El 56.
[01:28:14]  Tracking : Az 112, El 55.
[01:28:18]  Tracking : Az 116, El 55.
[01:28:20]  Tracking : Az 119, El 55.
[01:28:23]  Tracking : Az 122, El 54.
[01:28:27]  Tracking : Az 125, El 53.
[01:28:30]  Tracking : Az 128, El 53.
[01:28:33]  Tracking : Az 131, El 52.
[01:28:37]  Tracking : Az 134, El 51.
[01:28:41]  Tracking : Az 137, El 50.
[01:28:45]  Tracking : Az 140, El 49.
[01:28:48]  Tracking : Az 142, El 48.
[01:28:54]  Tracking : Az 145, El 46.
[01:29:00]  Tracking : Az 148, El 44.
[01:29:06]  Tracking : Az 151, El 42.
[01:29:12]  Tracking : Az 154, El 40.
[01:29:20]  Tracking : Az 157, El 38.
[01:29:29]  Tracking : Az 160, El 36.
[01:29:37]  Tracking : Az 162, El 33.
[01:29:49]  Tracking : Az 165, El 31.
[01:29:59]  Tracking : Az 167, El 28.
[01:30:13]  Tracking : Az 169, El 25.
[01:30:32]  Tracking : Az 172, El 22.
[01:30:47]  Tracking : Az 173, El 19.
[01:31:08]  Tracking : Az 175, El 16.
[01:31:41]  Tracking : Az 177, El 12.
[01:32:10]  Tracking : Az 179, El 9.
[01:32:44]  Tracking : Az 181, El 6.
[01:33:21]  Tracking : Az 182, El 3.
[01:34:05]  Tracking : Az 183, El 0.
[01:34:24]  [Auto]Stop Doppler Correction.
[01:34:24]  [Auto]Finish Engaging.
[01:34:24]  Tracking : Az 0, El 0.
[01:34:25]  [Auto]Beacon Success : 0, Ping Success : 6 CMD Success : 0
[01:34:25]  [Auto]Update TLE...
[01:34:28]  [Auto]TLE "active" Download Completed.
[01:34:31]  Forked Safe Amplifier Process. (OFF)
[01:34:31]  Reset GS100 watchdog.
[01:34:43]  [Auto]Start Autopilot. Next Valuable AOS : 2/13 2:58:12
[01:34:43]  [Auto]Max Elevation : 11.21° Please Keep Devices On.
[02:53:12]  [Auto]Start Engaging.
[02:53:12]  [Auto]Start Doppler Correction.
[02:53:12]  Forked Safe Amplifier Process.(ON, Timer)
[02:53:12]  Tracking : Az 347, El 0.
[02:53:14]  Tracking : Az 347, El 0.
[02:53:16]  Tracking : Az 347, El 0.
[02:53:18]  Tracking : Az 347, El 0.
[02:53:19]  Ping Failed.
[02:53:20]  Tracking : Az 347, El 0.
[02:53:22]  Tracking : Az 347, El 0.
[02:53:24]  Tracking : Az 347, El 0.
[02:53:26]  Tracking : Az 347, El 0.
[02:53:26]  Ping Failed.
[02:53:28]  Tracking : Az 347, El 0.
[02:53:30]  Tracking : Az 347, El 0.
[02:53:32]  Tracking : Az 347, El 0.
[02:53:34]  Ping Failed.
[02:53:34]  Tracking : Az 347, El 0.
[02:53:36]  Tracking : Az 347, El 0.
[02:53:38]  Tracking : Az 347, El 0.
[02:53:40]  Tracking : Az 347, El 0.
[02:53:41]  Ping Failed.
[02:53:42]  Tracking : Az 347, El 0.
[02:53:44]  Tracking : Az 347, El 0.
[02:53:46]  Tracking : Az 347, El 0.
[02:53:48]  Tracking : Az 347, El 0.
[02:53:48]  Ping Failed.
[02:53:50]  Tracking : Az 347, El 0.
[02:53:52]  Tracking : Az 347, El 0.
[02:53:54]  Tracking : Az 347, El 0.
[02:53:56]  Ping Failed.
[02:53:56]  Tracking : Az 347, El 0.
[02:53:58]  Tracking : Az 347, El 0.
[02:54:00]  Tracking : Az 347, El 0.
[02:54:02]  Tracking : Az 347, El 0.
[02:54:03]  Ping Failed.
[02:54:04]  Tracking : Az 347, El 0.
[02:54:06]  Tracking : Az 347, El 0.
[02:54:08]  Tracking : Az 347, El 0.
[02:54:10]  Tracking : Az 347, El 0.
[02:54:10]  Ping Failed.
[02:54:17]  Ping Failed.
[02:54:25]  Ping Failed.
[02:54:32]  Ping Failed.
[02:54:39]  Ping Failed.
[02:54:47]  Ping Failed.
[02:54:54]  Ping Failed.
[02:55:01]  Ping Failed.
[02:55:09]  Ping Failed.
[02:55:16]  Ping Failed.
[02:55:23]  Ping Failed.
[02:55:31]  Ping Failed.
[02:55:38]  Ping Failed.
[02:55:45]  Ping Failed.
[02:55:53]  Ping Failed.
[02:56:00]  Ping Failed.
[02:56:07]  Ping Failed.
[02:56:15]  Ping Failed.
[02:56:22]  Ping Failed.
[02:56:29]  Ping Failed.
[02:56:37]  Ping Failed.
[02:56:44]  Ping Failed.
[02:56:51]  Ping Failed.
[02:56:59]  Ping Failed.
[02:57:06]  Ping Failed.
[02:57:13]  Ping Failed.
[02:57:21]  Ping Failed.
[02:57:28]  Ping Failed.
[02:57:35]  Ping Failed.
[02:57:43]  Ping Failed.
[02:57:50]  Ping Failed.
[02:57:57]  Ping Failed.
[02:58:05]  Ping Failed.
[02:58:12]  Ping Failed.
[02:58:19]  Ping Failed.
[02:58:27]  Ping Failed.
[02:58:34]  Ping Failed.
[02:58:39]  Tracking : Az 343, El 1.
[02:58:41]  Tracking : Az 343, El 1.
[02:58:41]  Ping Failed.
[02:58:47]  Ping Success at node 5, 466ms
[02:58:52]  Ping Success at node 5, 471ms
[02:58:58]  Ping Success at node 5, 471ms
[02:59:03]  Ping Success at node 5, 471ms
[02:59:05]  Tracking : Az 340, El 2.
[02:59:09]  Ping Success at node 5, 471ms
[02:59:14]  [OK]CMD Packet Header: 0x18 0x75 0xc0 0x0 0x0 0x1 0x14 0x47
[02:59:14]  [Auto]EPS P60 DOCK GET TABLE HK Command Sent (1/2)
[02:59:14]  Ping Success at node 5, 583ms
[02:59:24]  [OK]CMD Packet Header: 0x18 0x75 0xc0 0x0 0x0 0x1 0x14 0x47
[02:59:24]  [Auto]EPS P60 DOCK GET TABLE HK Command Sent (2/2)
[02:59:25]  Received Report from port : 25.
[02:59:27]  Received Report from port : 25.
[02:59:28]  Tracking : Az 337, El 3.
[02:59:29]  Received Report from port : 25.
[02:59:34]  [OK]CMD Packet Header: 0x18 0x75 0xc0 0x0 0x0 0x1 0x17 0x44
[02:59:35]  [Auto]EPS P60 PDU GET TABLE HK Command Sent (1/2)
[02:59:35]  Received Report from port : 25.
[02:59:37]  Received Report from port : 25.
[02:59:39]  Received Report from port : 25.
[02:59:43]  Tracking : Az 335, El 4.
[02:59:45]  [OK]CMD Packet Header: 0x18 0x75 0xc0 0x0 0x0 0x1 0x17 0x44
[02:59:45]  [Auto]EPS P60 PDU GET TABLE HK Command Sent (2/2)
[02:59:46]  Received Report from port : 25.
[02:59:48]  Received Report from port : 25.
[02:59:50]  Received Report from port : 25.
[02:59:55]  [OK]CMD Packet Header: 0x18 0x75 0xc0 0x0 0x0 0x1 0x1a 0x0
[02:59:55]  [Auto]EPS P60 ACU GET TABLE HK Command Sent (1/2)
[02:59:56]  Received Report from port : 25.
[02:59:58]  Received Report from port : 25.
[03:00:00]  Received Report from port : 25.
[03:00:03]  Tracking : Az 332, El 5.
[03:00:05]  [OK]CMD Packet Header: 0x18 0x75 0xc0 0x0 0x0 0x1 0x1a 0x0
[03:00:06]  [Auto]EPS P60 ACU GET TABLE HK Command Sent (2/2)
[03:00:06]  Received Report from port : 25.
[03:00:08]  Received Report from port : 25.
[03:00:10]  Received Report from port : 25.
[03:00:16]  [Auto]Start GND WDT reset sequence
[03:00:16]  [OK]CMD Packet Header: 0x18 0x50 0xc0 0x0 0x0 0x1 0x6 0x70
[03:00:16]  [Auto]AX100 GND WDT CMD sent (1/2)
[03:00:17]  Received Report from port : 25.
[03:00:19]  Received Report from port : 25.
[03:00:21]  Received Report from port : 25.
[03:00:22]  Tracking : Az 329, El 6.
[03:00:26]  [OK]CMD Packet Header: 0x18 0x50 0xc0 0x0 0x0 0x1 0x6 0x70
[03:00:26]  [Auto]AX100 GND WDT CMD sent (2/2)
[03:00:27]  Received Report from port : 25.
[03:00:29]  Received Report from port : 25.
[03:00:31]  Received Report from port : 25.
[03:00:36]  [OK]CMD Packet Header: 0x18 0x75 0xc0 0x0 0x0 0x5 0x1e 0xa2
[03:00:37]  [Auto]EPS P60 DOCK GND WDT CMD sent (1/2)
[03:00:37]  Received Report from port : 25.
[03:00:39]  Tracking : Az 326, El 7.
[03:00:39]  Received Report from port : 25.
[03:00:41]  Received Report from port : 25.
[03:00:47]  [OK]CMD Packet Header: 0x18 0x75 0xc0 0x0 0x0 0x5 0x1e 0xa2
[03:00:47]  [Auto]EPS P60 DOCK GND WDT CMD sent (2/2)
[03:00:48]  Received Report from port : 25.
[03:00:50]  Received Report from port : 25.
[03:00:52]  Received Report from port : 25.
[03:00:56]  Tracking : Az 323, El 8.
[03:00:57]  [Auto]GND WDT sequence completed
[03:00:57]  [OK]CMD Packet Header: 0x18 0x75 0xc0 0x0 0x0 0x1 0x14 0x47
[03:00:57]  [Auto]EPS P60 DOCK GET TABLE HK Command Sent (1/2)
[03:00:58]  Received Report from port : 25.
[03:01:00]  Received Report from port : 25.
[03:01:02]  Received Report from port : 25.
[03:01:07]  [OK]CMD Packet Header: 0x18 0x75 0xc0 0x0 0x0 0x1 0x14 0x47
[03:01:08]  [Auto]EPS P60 DOCK GET TABLE HK Command Sent (2/2)
[03:01:08]  Received Report from port : 25.
[03:01:10]  Received Report from port : 25.
[03:01:11]  Tracking : Az 320, El 8.
[03:01:12]  Received Report from port : 25.
[03:01:18]  [OK]CMD Packet Header: 0x18 0x75 0xc0 0x0 0x0 0x1 0x17 0x44
[03:01:18]  [Auto]EPS P60 PDU GET TABLE HK Command Sent (1/2)
[03:01:19]  Received Report from port : 25.
[03:01:21]  Received Report from port : 25.
[03:01:23]  Received Report from port : 25.
[03:01:26]  Tracking : Az 317, El 9.
[03:01:28]  [OK]CMD Packet Header: 0x18 0x75 0xc0 0x0 0x0 0x1 0x17 0x44
[03:01:28]  [Auto]EPS P60 PDU GET TABLE HK Command Sent (2/2)
[03:01:29]  Received Report from port : 25.
[03:01:31]  Received Report from port : 25.
[03:01:33]  Received Report from port : 25.
[03:01:38]  [OK]CMD Packet Header: 0x18 0x75 0xc0 0x0 0x0 0x1 0x1a 0x0
[03:01:39]  [Auto]EPS P60 ACU GET TABLE HK Command Sent (1/2)
[03:01:39]  Received Report from port : 25.
[03:01:40]  Tracking : Az 314, El 9.
[03:01:41]  Received Report from port : 25.
[03:01:43]  Received Report from port : 25.
[03:01:49]  [OK]CMD Packet Header: 0x18 0x75 0xc0 0x0 0x0 0x1 0x1a 0x0
[03:01:49]  [Auto]EPS P60 ACU GET TABLE HK Command Sent (2/2)
[03:01:50]  Received Report from port : 25.
[03:01:52]  Received Report from port : 25.
[03:01:54]  Tracking : Az 311, El 10.
[03:01:54]  Received Report from port : 25.
[03:02:07]  Tracking : Az 308, El 10.
[03:02:20]  Tracking : Az 305, El 10.
[03:02:37]  Tracking : Az 301, El 11.
[03:02:39]  Tracking : Az 301, El 11.
[03:02:50]  Tracking : Az 298, El 11.
[03:02:52]  Tracking : Az 298, El 11.
[03:03:02]  Tracking : Az 295, El 11.
[03:03:14]  Tracking : Az 292, El 11.
[03:03:27]  Tracking : Az 289, El 11.
[03:03:39]  Tracking : Az 286, El 10.
[03:03:52]  Tracking : Az 283, El 10.
[03:04:05]  Tracking : Az 280, El 10.
[03:04:18]  Tracking : Az 277, El 10.
[03:04:32]  Tracking : Az 274, El 9.
[03:04:47]  Tracking : Az 271, El 9.
[03:05:07]  Tracking : Az 267, El 8.
[03:05:09]  Tracking : Az 267, El 8.
[03:05:23]  Tracking : Az 264, El 7.
[03:05:34]  Tracking : Az 262, El 7.
[03:05:51]  Tracking : Az 259, El 6.
[03:06:10]  Tracking : Az 256, El 5.
[03:06:31]  Tracking : Az 253, El 4.
[03:06:33]  Tracking : Az 253, El 4.
[03:06:53]  Tracking : Az 250, El 3.
[03:07:18]  Tracking : Az 247, El 2.
[03:07:45]  Tracking : Az 244, El 0.
[03:08:04]  [Auto]Stop Doppler Correction.
[03:08:04]  [Auto]Finish Engaging.
[03:08:04]  Tracking : Az 0, El 0.
[03:08:05]  [Auto]Beacon Success : 0, Ping Success : 6 CMD Success : 0
[03:08:05]  [Auto]Update TLE...
[03:08:08]  [Auto]TLE "active" Download Completed.
[03:08:11]  Forked Safe Amplifier Process. (OFF)
[03:08:11]  Reset GS100 watchdog.
[03:08:23]  [Auto]Start Autopilot. Next Valuable AOS : 2/13 12:10:39
[03:08:23]  [Auto]Max Elevation : 29.22° Please Keep Devices On.
[10:08:52]  [Auto]Autopilot Stopped by User.
[10:08:52]  [Auto]Stop Doppler Correction.
[10:08:52]  [Auto]Finish Engaging.
[10:08:52]  Tracking : Az 0, El 0.
[10:08:53]  [Auto]Beacon Success : 0, Ping Success : 0 CMD Success : 0
[12:12:17]  [Auto]Start AutoPilot.
[12:12:17]  [Auto]Start Autopilot. Next Valuable AOS : 2/13 12:10:39
[12:12:17]  [Auto]Max Elevation : 29.22° Please Keep Devices On.
[12:12:17]  [Auto]Start Engaging.
[12:12:17]  [Auto]Start Doppler Correction.
[12:12:17]  Forked Safe Amplifier Process.(ON, Timer)
[12:12:17]  Tracking : Az 135, El 6.
[12:12:19]  Tracking : Az 135, El 6.
[12:12:21]  Tracking : Az 135, El 7.
[12:12:23]  Tracking : Az 134, El 7.
[12:12:24]  Ping Failed.
[12:12:25]  Tracking : Az 134, El 7.
[12:12:27]  Tracking : Az 134, El 7.
[12:12:29]  Tracking : Az 134, El 7.
[12:12:31]  Tracking : Az 134, El 7.
[12:12:31]  Ping Failed.
[12:12:33]  Tracking : Az 133, El 8.
[12:12:35]  Tracking : Az 133, El 8.
[12:12:37]  Tracking : Az 133, El 8.
[12:12:39]  Ping Failed.
[12:12:39]  Tracking : Az 133, El 8.
[12:12:44]  Ping Success at node 5, 471ms
[12:12:50]  Ping Success at node 5, 471ms
[12:12:55]  Ping Success at node 5, 471ms
[12:13:00]  Tracking : Az 130, El 10.
[12:13:01]  Ping Success at node 5, 471ms
[12:13:06]  Ping Success at node 5, 471ms
[12:13:11]  [OK]CMD Packet Header: 0x18 0x75 0xc0 0x0 0x0 0x1 0x14 0x47
[12:13:11]  [Auto]EPS P60 DOCK GET TABLE HK Command Sent (1/2)
[12:13:12]  Ping Success at node 5, 567ms
[12:13:21]  [OK]CMD Packet Header: 0x18 0x75 0xc0 0x0 0x0 0x1 0x14 0x47
[12:13:22]  [Auto]EPS P60 DOCK GET TABLE HK Command Sent (2/2)
[12:13:22]  Received Report from port : 25.
[12:13:23]  Tracking : Az 127, El 12.
[12:13:24]  Received Report from port : 25.
[12:13:26]  Received Report from port : 25.
[12:13:32]  [OK]CMD Packet Header: 0x18 0x75 0xc0 0x0 0x0 0x1 0x17 0x44
[12:13:32]  [Auto]EPS P60 PDU GET TABLE HK Command Sent (1/2)
[12:13:33]  Received Report from port : 25.
[12:13:35]  Received Report from port : 25.
[12:13:37]  Received Report from port : 25.
[12:13:42]  [OK]CMD Packet Header: 0x18 0x75 0xc0 0x0 0x0 0x1 0x17 0x44
[12:13:42]  [Auto]EPS P60 PDU GET TABLE HK Command Sent (2/2)
[12:13:43]  Tracking : Az 124, El 14.
[12:13:44]  Received Report from port : 25.
[12:13:46]  Received Report from port : 25.
[12:13:48]  Received Report from port : 25.
[12:13:52]  [OK]CMD Packet Header: 0x18 0x75 0xc0 0x0 0x0 0x1 0x1a 0x0
[12:13:53]  [Auto]EPS P60 ACU GET TABLE HK Command Sent (1/2)
[12:13:53]  Received Report from port : 25.
[12:13:55]  Received Report from port : 25.
[12:13:57]  Received Report from port : 25.
[12:14:00]  Tracking : Az 121, El 16.
[12:14:03]  [OK]CMD Packet Header: 0x18 0x75 0xc0 0x0 0x0 0x1 0x1a 0x0
[12:14:03]  [Auto]EPS P60 ACU GET TABLE HK Command Sent (2/2)
[12:14:04]  Received Report from port : 25.
[12:14:06]  Received Report from port : 25.
[12:14:08]  Received Report from port : 25.
[12:14:13]  [Auto]Start GND WDT reset sequence
[12:14:13]  [OK]CMD Packet Header: 0x18 0x50 0xc0 0x0 0x0 0x1 0x6 0x70
[12:14:13]  [Auto]AX100 GND WDT CMD sent (1/2)
[12:14:14]  Received Report from port : 25.
[12:14:15]  Tracking : Az 118, El 17.
[12:14:16]  Received Report from port : 25.
[12:14:18]  Received Report from port : 25.
[12:14:23]  [OK]CMD Packet Header: 0x18 0x50 0xc0 0x0 0x0 0x1 0x6 0x70
[12:14:24]  [Auto]AX100 GND WDT CMD sent (2/2)
[12:14:24]  Received Report from port : 25.
[12:14:26]  Received Report from port : 25.
[12:14:28]  Received Report from port : 25.
[12:14:33]  Tracking : Az 114, El 19.
[12:14:34]  [OK]CMD Packet Header: 0x18 0x75 0xc0 0x0 0x0 0x5 0x1e 0xa2
[12:14:34]  [Auto]EPS P60 DOCK GND WDT CMD sent (1/2)
[12:14:35]  Received Report from port : 25.
[12:14:37]  Received Report from port : 25.
[12:14:39]  Received Report from port : 25.
[12:14:44]  [OK]CMD Packet Header: 0x18 0x75 0xc0 0x0 0x0 0x5 0x1e 0xa2
[12:14:44]  [Auto]EPS P60 DOCK GND WDT CMD sent (2/2)
[12:14:45]  Tracking : Az 111, El 21.
[12:14:45]  Received Report from port : 25.
[12:14:47]  Received Report from port : 25.
[12:14:49]  Received Report from port : 25.
[12:14:54]  [Auto]GND WDT sequence completed
[12:14:54]  [OK]CMD Packet Header: 0x18 0x75 0xc0 0x0 0x0 0x1 0x14 0x47
[12:14:55]  Tracking : Az 108, El 22.
[12:14:55]  [Auto]EPS P60 DOCK GET TABLE HK Command Sent (1/2)
[12:14:55]  Received Report from port : 25.
[12:14:57]  Received Report from port : 25.
[12:14:59]  Received Report from port : 25.
[12:15:05]  Tracking : Az 105, El 23.
[12:15:05]  [OK]CMD Packet Header: 0x18 0x75 0xc0 0x0 0x0 0x1 0x14 0x47
[12:15:05]  [Auto]EPS P60 DOCK GET TABLE HK Command Sent (2/2)
[12:15:06]  Received Report from port : 25.
[12:15:08]  Received Report from port : 25.
[12:15:10]  Received Report from port : 25.
[12:15:15]  Tracking : Az 102, El 24.
[12:15:15]  [OK]CMD Packet Header: 0x18 0x75 0xc0 0x0 0x0 0x1 0x17 0x44
[12:15:15]  [Auto]EPS P60 PDU GET TABLE HK Command Sent (1/2)
[12:15:16]  Received Report from port : 25.
[12:15:18]  Received Report from port : 25.
[12:15:20]  Received Report from port : 25.
[12:15:23]  Tracking : Az 99, El 25.
[12:15:25]  [OK]CMD Packet Header: 0x18 0x75 0xc0 0x0 0x0 0x1 0x17 0x44
[12:15:26]  [Auto]EPS P60 PDU GET TABLE HK Command Sent (2/2)
[12:15:26]  Received Report from port : 25.
[12:15:28]  Received Report from port : 25.
[12:15:30]  Received Report from port : 25.
[12:15:31]  Tracking : Az 96, El 26.
[12:15:36]  [OK]CMD Packet Header: 0x18 0x75 0xc0 0x0 0x0 0x1 0x1a 0x0
[12:15:36]  [Auto]EPS P60 ACU GET TABLE HK Command Sent (1/2)
[12:15:37]  Received Report from port : 25.
[12:15:39]  Received Report from port : 25.
[12:15:39]  Tracking : Az 93, El 26.
[12:15:41]  Received Report from port : 25.
[12:15:44]  Tracking : Az 91, El 27.
[12:15:46]  [OK]CMD Packet Header: 0x18 0x75 0xc0 0x0 0x0 0x1 0x1a 0x0
[12:15:46]  [Auto]EPS P60 ACU GET TABLE HK Command Sent (2/2)
[12:15:47]  Received Report from port : 25.
[12:15:49]  Received Report from port : 25.
[12:15:51]  Tracking : Az 88, El 27.
[12:15:51]  Received Report from port : 25.
[12:16:00]  Tracking : Az 84, El 28.
[12:16:03]  Tracking : Az 83, El 28.
[12:16:09]  Tracking : Az 80, El 28.
[12:16:15]  Tracking : Az 78, El 28.
[12:16:20]  Tracking : Az 75, El 29.
[12:16:26]  Tracking : Az 73, El 29.
[12:16:31]  Tracking : Az 70, El 29.
[12:16:40]  Tracking : Az 66, El 29.
[12:16:46]  Tracking : Az 63, El 28.
[12:16:53]  Tracking : Az 60, El 28.
[12:16:59]  Tracking : Az 57, El 28.
[12:17:06]  Tracking : Az 54, El 28.
[12:17:13]  Tracking : Az 51, El 27.
[12:17:20]  Tracking : Az 48, El 26.
[12:17:28]  Tracking : Az 45, El 26.
[12:17:36]  Tracking : Az 42, El 25.
[12:17:42]  Tracking : Az 40, El 24.
[12:17:51]  Tracking : Az 37, El 23.
[12:18:03]  Tracking : Az 33, El 22.
[12:18:14]  Tracking : Az 30, El 21.
[12:18:25]  Tracking : Az 27, El 20.
[12:18:38]  Tracking : Az 24, El 18.
[12:18:52]  Tracking : Az 21, El 17.
[12:19:03]  Tracking : Az 19, El 16.
[12:19:20]  Tracking : Az 16, El 14.
[12:19:44]  Tracking : Az 13, El 11.
[12:20:13]  Tracking : Az 9, El 9.
[12:20:43]  Tracking : Az 6, El 6.
[12:21:21]  Tracking : Az 3, El 4.
[12:22:10]  Tracking : Az 1, El 0.
[12:22:30]  Tracking : Az 359, El 0.
[12:22:32]  Tracking : Az 359, El 0.
[12:22:34]  Tracking : Az 359, El 0.
[12:22:36]  Tracking : Az 359, El 0.
[12:22:38]  Tracking : Az 359, El 0.
[12:22:40]  Tracking : Az 359, El 0.
[12:22:42]  Tracking : Az 359, El 0.
[12:22:44]  Tracking : Az 359, El -1.
[12:22:46]  Tracking : Az 359, El -1.
[12:22:48]  Tracking : Az 142, El 0.
[12:22:50]  Tracking : Az 142, El 0.
[12:22:52]  Tracking : Az 142, El 0.
[12:22:54]  Tracking : Az 142, El 0.
[12:22:56]  Tracking : Az 142, El 0.
[12:22:58]  Tracking : Az 142, El 0.
[12:23:00]  Tracking : Az 142, El 0.
[12:26:18]  [Auto]Stop Doppler Correction.
[12:26:18]  [Auto]Finish Engaging.
[12:26:18]  Tracking : Az 0, El 0.
[12:26:19]  [Auto]Beacon Success : 0, Ping Success : 6 CMD Success : 0
[12:26:19]  [Auto]Update TLE...
[12:26:22]  [Auto]TLE "active" Download Completed.
[12:26:25]  Forked Safe Amplifier Process. (OFF)
[12:26:25]  Reset GS100 watchdog.
[12:26:37]  [Auto]Autopilot Stopped by User (before PathGenerator).
[12:26:37]  [Auto]Stop Doppler Correction.
[12:26:37]  [Auto]Finish Engaging.
[12:26:37]  Tracking : Az 0, El 0.
[12:26:38]  [Auto]Beacon Success : 0, Ping Success : 0 CMD Success : 0
[12:26:38]  Rotator Read Failed.
