2026-01-14 01:57
[01:57:58]  Connect to Switch Box.............Success.
[01:57:58]  Connect to Rotator................Success.
[01:57:58]  Connect to GS100..................Success.
[01:57:58]  TM Port 13 bind success.
[01:57:58]  BCN Port 31 bind success.
[01:57:58]  RPT Port 25 bind success.
[01:57:58]  Event Port 27 bind success.
[01:57:58]  COSMIC Beacon Port 23 bind success.
[01:57:58]  COSMIC Report Port 24 bind success.
[01:58:12]  TLE "active" Download Completed.
[01:58:22]  Start Engaging.
[01:58:22]  Tracking : Az 315, El 55.
[01:58:23]  Start Doppler Correction.
[01:58:24]  Tracking : Az 313, El 56.
[01:58:26]  Tracking : Az 311, El 56.
[01:58:28]  Tracking : Az 309, El 57.
[01:58:31]  Tracking : Az 305, El 58.
[01:58:34]  Tracking : Az 302, El 58.
[01:58:37]  [OK]CMD Packet Header: 0x18 0x75 0xc0 0x0 0x0 0x1 0x14 0x47
[01:58:37]  Tracking : Az 298, El 59.
[01:58:40]  Tracking : Az 295, El 59.
[01:58:43]  Forked Safe Amplifier Process.(ON, Timer)
[01:58:44]  Tracking : Az 290, El 59.
[01:58:45]  Ping Success at node 5, 453ms
[01:58:46]  Tracking : Az 287, El 59.
[01:58:48]  [OK]CMD Packet Header: 0x18 0x75 0xc0 0x0 0x0 0x1 0x14 0x47
[01:58:49]  Received Report from port : 25.
[01:58:49]  Tracking : Az 283, El 59.
[01:58:51]  Received Report from port : 25.
[01:58:52]  Tracking : Az 279, El 59.
[01:58:53]  Received Report from port : 25.
[01:58:55]  Tracking : Az 275, El 59.
[01:58:59]  Tracking : Az 270, El 59.
[01:59:01]  Tracking : Az 268, El 58.
[01:59:04]  Tracking : Az 264, El 58.
[01:59:07]  Tracking : Az 261, El 57.
[01:59:08]  [OK]CMD Packet Header: 0x18 0x75 0xc0 0x0 0x0 0x5 0x1e 0xa2
[01:59:09]  Received Report from port : 25.
[01:59:11]  Tracking : Az 257, El 56.
[01:59:11]  Received Report from port : 25.
[01:59:13]  Received Report from port : 25.
[01:59:14]  Tracking : Az 254, El 55.
[01:59:17]  Tracking : Az 251, El 55.
[01:59:21]  [OK]CMD Packet Header: 0x18 0x50 0xc0 0x0 0x0 0x1 0x6 0x70
[01:59:22]  Tracking : Az 247, El 53.
[01:59:22]  Received Report from port : 25.
[01:59:24]  Received Report from port : 25.
[01:59:26]  Received Report from port : 25.
[01:59:27]  Tracking : Az 243, El 51.
[01:59:31]  Tracking : Az 240, El 50.
[01:59:37]  Tracking : Az 236, El 48.
[01:59:40]  [OK]CMD Packet Header: 0x18 0x75 0xc0 0x0 0x0 0x1 0x14 0x47
[01:59:41]  Received Report from port : 25.
[01:59:43]  Tracking : Az 233, El 46.
[01:59:43]  Received Report from port : 25.
[01:59:45]  Received Report from port : 25.
[01:59:49]  Tracking : Az 230, El 44.
[01:59:56]  Tracking : Az 227, El 42.
[02:00:05]  Tracking : Az 224, El 39.
[02:00:07]  [OK]CMD Packet Header: 0x18 0x31 0xc0 0x0 0x0 0x1 0x0 0x17
[02:00:08]  Received Report from port : 25.
[02:00:10]  Received Report from port : 25.
[02:00:12]  Received Report from port : 25.
[02:00:14]  Received Report from port : 25.
[02:00:15]  Tracking : Az 221, El 36.
[02:00:16]  Received Report from port : 25.
[02:00:18]  Received Report from port : 25.
[02:00:24]  Tracking : Az 219, El 33.
[02:00:26]  [OK]CMD Packet Header: 0x18 0x30 0xc0 0x0 0x0 0x5 0x7 0xe9
[02:00:27]  Received Report from port : 25.
[02:00:29]  Received Report from port : 25.
[02:00:31]  Received Report from port : 25.
[02:00:35]  Tracking : Az 217, El 30.
[02:00:50]  Tracking : Az 214, El 27.
[02:01:08]  Tracking : Az 212, El 23.
[02:01:30]  [OK]CMD Packet Header: 0x18 0x31 0xc0 0x0 0x0 0x7 0xa 0xf9
[02:01:31]  Tracking : Az 210, El 19.
[02:01:31]  Received Report from port : 25.
[02:01:33]  Received Report from port : 25.
[02:01:35]  Received Report from port : 25.
[02:01:51]  Tracking : Az 208, El 16.
[02:02:20]  Ping Success at node 5, 471ms
[02:02:23]  Tracking : Az 206, El 12.
[02:02:23]  Received Report from port : 25.
[02:02:25]  Received Report from port : 25.
[02:02:27]  Received Report from port : 25.
[02:02:52]  Tracking : Az 205, El 9.
[02:03:13]  [OK]CMD Packet Header: 0x18 0x15 0xc0 0x0 0x0 0x45 0xa 0x3d
[02:03:14]  Received GETFILEINFO Response from port : 23.

[02:03:36]  Tracking : Az 203, El 5.
[02:03:39]  [OK]CMD Packet Header: 0x18 0x75 0xc0 0x0 0x0 0x1 0x14 0x47
[02:03:40]  Received Report from port : 25.
[02:03:42]  Received Report from port : 25.
[02:03:44]  Received Report from port : 25.
[02:03:56]  Forked Safe Amplifier Process. (OFF)
[02:04:00]  Finish Engaging.
[02:04:00]  Beacon Success : 0, Ping Success : 2
[02:04:01]  Tracking : Az 0, El 0.
[12:45:15]  Start Engaging.
[12:45:15]  Tracking : Az 151, El 29.
[12:45:16]  Start Doppler Correction.
[12:45:17]  Tracking : Az 151, El 29.
[12:45:19]  Tracking : Az 151, El 30.
[12:45:21]  Tracking : Az 151, El 30.
[12:45:21]  Forked Safe Amplifier Process.(ON, Timer)
[12:45:23]  Tracking : Az 150, El 31.
[12:45:25]  Tracking : Az 150, El 31.
[12:45:27]  Tracking : Az 150, El 32.
[12:45:28]  Ping Success at node 5, 463ms
[12:45:29]  Tracking : Az 150, El 32.
[12:45:31]  Tracking : Az 149, El 33.
[12:45:33]  [OK]CMD Packet Header: 0x18 0x75 0xc0 0x0 0x0 0x1 0x14 0x47
[12:45:33]  Tracking : Az 149, El 33.
[12:45:35]  Tracking : Az 149, El 34.
[12:45:37]  Tracking : Az 148, El 35.
[12:45:39]  Tracking : Az 148, El 35.
[12:45:45]  [OK]CMD Packet Header: 0x18 0x75 0xc0 0x0 0x0 0x1 0x14 0x47
[12:45:45]  Received Report from port : 25.
[12:45:47]  Tracking : Az 147, El 38.
[12:45:47]  Received Report from port : 25.
[12:45:49]  Tracking : Az 146, El 38.
[12:45:49]  Received Report from port : 25.
[12:45:53]  Tracking : Az 145, El 40.
[12:45:55]  Tracking : Az 145, El 40.
[12:45:59]  Tracking : Az 144, El 42.
[12:45:59]  [OK]CMD Packet Header: 0x18 0x75 0xc0 0x0 0x0 0x1 0x17 0x44
[12:46:00]  Received Report from port : 25.
[12:46:02]  Tracking : Az 143, El 43.
[12:46:02]  Received Report from port : 25.
[12:46:04]  Received Report from port : 25.
[12:46:10]  Tracking : Az 141, El 46.
[12:46:11]  [OK]CMD Packet Header: 0x18 0x75 0xc0 0x0 0x0 0x1 0x1a 0x49
[12:46:11]  Received Report from port : 25.
[12:46:12]  Tracking : Az 140, El 46.
[12:46:13]  Received Report from port : 25.
[12:46:15]  Received Report from port : 25.
[12:46:18]  Tracking : Az 138, El 49.
[12:46:20]  Tracking : Az 137, El 50.
[12:46:26]  Tracking : Az 134, El 52.
[12:46:28]  Tracking : Az 133, El 53.
[12:46:34]  Tracking : Az 130, El 56.
[12:46:36]  Tracking : Az 129, El 57.
[12:46:39]  Tracking : Az 126, El 58.
[12:46:42]  Tracking : Az 124, El 59.
[12:46:44]  Tracking : Az 122, El 60.
[12:46:47]  Tracking : Az 119, El 61.
[12:46:49]  Tracking : Az 117, El 62.
[12:46:52]  Tracking : Az 114, El 63.
[12:46:53]  [OK]CMD Packet Header: 0x18 0x75 0xc0 0x0 0x0 0x5 0x1e 0xa2
[12:46:54]  Tracking : Az 112, El 64.
[12:46:54]  Received Report from port : 25.
[12:46:56]  Tracking : Az 109, El 65.
[12:46:56]  Received Report from port : 25.
[12:46:58]  Tracking : Az 106, El 65.
[12:46:58]  Received Report from port : 25.
[12:47:00]  Tracking : Az 104, El 66.
[12:47:02]  Tracking : Az 100, El 67.
[12:47:04]  Tracking : Az 97, El 67.
[12:47:06]  Tracking : Az 94, El 68.
[12:47:08]  Tracking : Az 90, El 68.
[12:47:10]  Tracking : Az 87, El 68.
[12:47:12]  Tracking : Az 83, El 68.
[12:47:14]  Tracking : Az 79, El 69.
[12:47:16]  Tracking : Az 75, El 69.
[12:47:18]  Tracking : Az 71, El 69.
[12:47:20]  Tracking : Az 68, El 68.
[12:47:22]  Tracking : Az 64, El 68.
[12:47:24]  Tracking : Az 60, El 68.
[12:47:26]  Tracking : Az 57, El 68.
[12:47:28]  Tracking : Az 53, El 67.
[12:47:30]  Tracking : Az 50, El 67.
[12:47:32]  Tracking : Az 47, El 66.
[12:47:34]  Tracking : Az 44, El 65.
[12:47:36]  Tracking : Az 41, El 65.
[12:47:38]  Tracking : Az 39, El 64.
[12:47:40]  Tracking : Az 36, El 63.
[12:47:42]  Tracking : Az 34, El 62.
[12:47:45]  Tracking : Az 31, El 61.
[12:47:47]  Tracking : Az 29, El 60.
[12:47:49]  Tracking : Az 27, El 60.
[12:47:51]  [OK]CMD Packet Header: 0x18 0x50 0xc0 0x0 0x0 0x1 0x6 0x70
[12:47:52]  Received Report from port : 25.
[12:47:52]  Tracking : Az 25, El 58.
[12:47:54]  Received Report from port : 25.
[12:47:56]  Received Report from port : 25.
[12:47:57]  Tracking : Az 21, El 56.
[12:47:59]  Tracking : Az 20, El 55.
[12:48:06]  Tracking : Az 16, El 52.
[12:48:08]  Tracking : Az 15, El 51.
[12:48:15]  Tracking : Az 12, El 48.
[12:48:17]  Tracking : Az 11, El 48.
[12:48:18]  [OK]CMD Packet Header: 0x18 0x75 0xc0 0x0 0x0 0x1 0x14 0x47
[12:48:18]  Received Report from port : 25.
[12:48:20]  Received Report from port : 25.
[12:48:22]  Received Report from port : 25.
[12:48:23]  Tracking : Az 9, El 45.
[12:48:25]  Tracking : Az 9, El 45.
[12:48:31]  Tracking : Az 7, El 42.
[12:48:33]  Tracking : Az 7, El 42.
[12:48:38]  Tracking : Az 5, El 40.
[12:48:40]  Tracking : Az 5, El 39.
[12:48:52]  Tracking : Az 3, El 35.
[12:48:54]  Tracking : Az 2, El 35.
[12:49:03]  Tracking : Az 1, El 32.
[12:49:15]  Tracking : Az 0, El 29.
[12:49:17]  Tracking : Az 359, El 29.
[12:49:19]  Tracking : Az 359, El 28.
[12:49:21]  Tracking : Az 359, El 28.
[12:49:23]  Tracking : Az 359, El 27.
[12:49:25]  Tracking : Az 359, El 27.
[12:49:27]  Tracking : Az 358, El 27.
[12:49:29]  Tracking : Az 358, El 26.
[12:49:31]  Tracking : Az 358, El 26.
[12:49:33]  Tracking : Az 358, El 25.
[12:49:35]  Tracking : Az 358, El 25.
[12:49:37]  Tracking : Az 358, El 25.
[12:49:39]  Tracking : Az 357, El 24.
[12:49:41]  Tracking : Az 357, El 24.
[12:49:43]  Tracking : Az 357, El 23.
[12:49:45]  Tracking : Az 357, El 23.
[12:49:47]  Tracking : Az 357, El 23.
[12:49:49]  Tracking : Az 357, El 22.
[12:49:51]  Tracking : Az 357, El 22.
[12:49:53]  Tracking : Az 356, El 22.
[12:49:55]  Tracking : Az 356, El 21.
[12:49:57]  Tracking : Az 356, El 21.
[12:49:59]  Tracking : Az 356, El 21.
[12:50:01]  Tracking : Az 356, El 20.
[12:50:03]  Tracking : Az 356, El 20.
[12:50:05]  Tracking : Az 356, El 20.
[12:50:07]  Tracking : Az 356, El 19.
[12:50:09]  Tracking : Az 355, El 19.
[12:50:11]  Tracking : Az 355, El 19.
[12:50:13]  Tracking : Az 355, El 18.
[12:50:15]  Tracking : Az 355, El 18.
[12:50:17]  Tracking : Az 355, El 18.
[12:50:34]  Tracking : Az 354, El 15.
[12:50:58]  Tracking : Az 353, El 12.
[12:51:27]  Tracking : Az 353, El 9.
[12:52:11]  Tracking : Az 352, El 5.
[12:52:13]  Tracking : Az 352, El 5.
[12:52:53]  Tracking : Az 351, El 2.
[12:53:01]  Forked Safe Amplifier Process. (OFF)
[12:53:06]  Finish Engaging.
[12:53:06]  Beacon Success : 0, Ping Success : 1
[12:53:11]  Tracking : Az 0, El 0.
