2026-02-09 02:30
[02:30:52]  Connect to Switch Box.............Success.
[02:30:52]  Connect to Rotator................Success.
[02:30:52]  Connect to GS100..................Success.
[02:30:52]  TM Port 13 bind success.
[02:30:52]  BCN Port 31 bind success.
[02:30:52]  RPT Port 25 bind success.
[02:30:52]  Event Port 27 bind success.
[02:30:52]  COSMIC Beacon Port 23 bind success.
[02:30:52]  COSMIC Report Port 24 bind success.
[02:31:03]  TLE "cubesat" Download Completed.
[02:31:13]  TLE "active" Download Completed.
[02:31:23]  Start Engaging.
[02:31:23]  Tracking : Az 254, El 20.
[02:31:24]  Start Doppler Correction.
[02:31:25]  Tracking : Az 254, El 19.
[02:31:26]  Forked Safe Amplifier Process.(ON, Timer)
[02:31:27]  Tracking : Az 253, El 19.
[02:31:34]  Tracking : Az 251, El 18.
[02:31:46]  Tracking : Az 248, El 17.
[02:31:57]  [OK]CMD Packet Header: 0x18 0x15 0xc0 0x0 0x0 0x45 0xa 0x29
[02:31:58]  Received GETFILEINFO Response from port : 23.

[02:31:59]  Tracking : Az 245, El 16.
[02:32:14]  Tracking : Az 242, El 15.
[02:32:30]  Tracking : Az 239, El 13.
[02:32:49]  Tracking : Az 236, El 12.
[02:32:53]  [OK]CMD Packet Header: 0x18 0x65 0xc0 0x0 0x0 0x4 0x66 0x22
[02:33:10]  [OK]CMD Packet Header: 0x18 0x75 0xc0 0x0 0x0 0x1 0x14 0x47
[02:33:11]  Received Report from port : 25.
[02:33:13]  Tracking : Az 233, El 9.
[02:33:21]  [OK]CMD Packet Header: 0x18 0x75 0xc0 0x0 0x0 0x1 0x14 0x47
[02:33:22]  Received Report from port : 25.
[02:33:31]  [OK]CMD Packet Header: 0x18 0x75 0xc0 0x0 0x0 0x1 0x14 0x47
[02:33:35]  Tracking : Az 230, El 8.
[02:33:40]  Ping Failed.
[02:33:53]  Cannot Load Remote Parameter.
[02:33:57]  [OK]CMD Packet Header: 0x18 0x75 0xc0 0x0 0x0 0x1 0x14 0x47
[02:34:04]  Tracking : Az 227, El 6.
[02:34:06]  Ping Failed.
[02:34:24]  Ping Failed.
[02:34:34]  Tracking : Az 225, El 3.
[02:34:39]  Ping Failed.
[02:34:41]  Forked Safe Amplifier Process. (OFF)
[02:34:50]  Finish Engaging.
[02:34:50]  Beacon Success : 0, Ping Success : 0
