2026-01-11 12:47
[12:48:10]  Connect to Switch Box.............Success.
[12:48:10]  Connect to Rotator................Success.
[12:48:10]  Connect to GS100..................Success.
[12:48:10]  TM Port 13 bind success.
[12:48:10]  BCN Port 31 bind success.
[12:48:10]  RPT Port 25 bind success.
[12:48:10]  Event Port 27 bind success.
[12:48:10]  COSMIC Beacon Port 23 bind success.
[12:48:10]  COSMIC Report Port 24 bind success.
[12:49:24]  TLE "cubesat" Download Completed.
[12:49:36]  Start Engaging.
[12:49:36]  Tracking : Az 176, El 0.
[12:49:37]  Start Doppler Correction.
[12:49:38]  Tracking : Az 176, El 0.
[12:49:40]  Tracking : Az 176, El 0.
[12:49:42]  Tracking : Az 176, El 0.
[12:49:44]  Tracking : Az 176, El 0.
[12:49:46]  Tracking : Az 176, El 0.
[12:49:48]  Tracking : Az 176, El 0.
[12:49:50]  Tracking : Az 176, El 0.
[12:49:52]  Tracking : Az 176, El 0.
[12:49:54]  Tracking : Az 176, El 0.
[12:49:56]  Tracking : Az 176, El 0.
[12:49:58]  Tracking : Az 176, El 0.
[12:50:00]  Tracking : Az 176, El 0.
[12:50:02]  Tracking : Az 176, El 0.
[12:50:04]  Tracking : Az 176, El 0.
[12:50:06]  Tracking : Az 176, El 0.
[13:07:44]  Forked Safe Amplifier Process.(ON, Timer)
[13:08:01]  Ping Failed.
[13:08:21]  Tracking : Az 177, El 3.
[13:08:26]  Ping Failed.
[13:09:01]  Tracking : Az 178, El 6.
[13:09:11]  Ping Success at node 5, 473ms
[13:09:15]  Ping Failed.
[13:09:17]  AX100 Boot Count : 22242
[13:09:19]  Remote Param Control OK.(No Reply)
[13:09:21]  Ping Success at node 5, 472ms
[13:09:28]  Ping Failed at node 3.
[13:09:29]  Ping Success at node 5, 474ms
[13:09:34]  Ping Failed at node 3.
[13:09:36]  Tracking : Az 180, El 9.
[13:09:37]  Ping Success at node 5, 476ms
[13:09:41]  Ping Failed at node 3.
[13:09:49]  Ping Failed.
[13:09:54]  Ping Failed at node 3.
[13:09:57]  Tracking : Az 181, El 11.
[13:10:15]  Tracking : Az 182, El 13.
[13:10:32]  Ping Success at node 5, 470ms
[13:10:33]  Tracking : Az 183, El 15.
[13:10:37]  Ping Failed at node 3.
[13:10:40]  Ping Success at node 5, 472ms
[13:10:45]  Ping Failed at node 3.
[13:10:46]  Remote Param Control OK.(No Reply)
[13:10:50]  AX100 Boot Count : 22242
[13:10:52]  Remote Param Control OK. rssi_busy : 0
[13:10:54]  Total RX Bytes : 67855
[13:10:55]  Tracking : Az 185, El 18.
[13:10:56]  Remote Param Control OK. can_en : true
[13:10:58]  Remote Param Control OK. tx_inhibit : 0
[13:11:00]  Remote Param Control OK. tx_pwr : 3
[13:11:01]  Remote Param Control OK. csp_rtable : 0/0 AX100, 3/5 CAN
[13:11:03]  Remote Param Control OK. Active Conf : 1
[13:11:05]  Remote Param Control OK. Last RSSI : -98
[13:11:06]  Remote Param Control OK. rx_guard : 0
[13:11:08]  Remote Param Control OK. tx_guard : 50
[13:11:10]  Remote Param Control OK. rx_baud : 4800
[13:11:11]  Remote Param Control OK. tx_baud : 4800
[13:11:14]  Ping Success at node 5, 460ms
[13:11:15]  Tracking : Az 187, El 21.
[13:11:19]  Ping Failed at node 3.
[13:11:23]  Ping Failed at node 3.
[13:11:27]  Ping Failed at node 3.
[13:11:31]  Ping Failed at node 3.
[13:11:33]  Tracking : Az 189, El 24.
[13:11:35]  Ping Failed at node 3.
[13:11:41]  Ping Failed at node 3.
[13:11:48]  Tracking : Az 192, El 26.
[13:11:53]  Ping Success at node 5, 463ms
[13:11:58]  Ping Failed at node 3.
[13:11:58]  Tracking : Az 193, El 29.
[13:11:59]  Ping Success at node 5, 461ms
[13:12:05]  Ping Failed at node 3.
[13:12:09]  Tracking : Az 196, El 31.
[13:12:12]  Ping Success at node 5, 469ms
[13:12:16]  Ping Failed at node 3.
[13:12:19]  Tracking : Az 198, El 34.
[13:12:28]  Tracking : Az 201, El 36.
[13:12:37]  Tracking : Az 204, El 38.
[13:12:41]  Ping Success at node 5, 463ms
[13:12:45]  Tracking : Az 207, El 41.
[13:12:45]  Ping Failed at node 3.
[13:12:48]  Ping Success at node 5, 459ms
[13:12:52]  Tracking : Az 210, El 43.
[13:12:52]  Ping Failed at node 3.
[13:12:58]  Tracking : Az 213, El 44.
[13:13:03]  Tracking : Az 216, El 46.
[13:13:09]  Tracking : Az 219, El 48.
[13:13:14]  Tracking : Az 223, El 49.
[13:13:16]  Tracking : Az 224, El 50.
[13:13:21]  [OK]CMD Packet Header: 0x18 0x71 0xc0 0x0 0x0 0x1 0x16 0x41
[13:13:21]  Tracking : Az 228, El 51.
[13:13:23]  Tracking : Az 230, El 51.
[13:13:25]  [OK]CMD Packet Header: 0x18 0x71 0xc0 0x0 0x0 0x1 0x16 0x41
[13:13:27]  Tracking : Az 233, El 52.
[13:13:27]  [OK]CMD Packet Header: 0x18 0x71 0xc0 0x0 0x0 0x1 0x16 0x41
[13:13:29]  [OK]CMD Packet Header: 0x18 0x71 0xc0 0x0 0x0 0x1 0x16 0x41
[13:13:30]  Tracking : Az 236, El 53.
[13:13:31]  [OK]CMD Packet Header: 0x18 0x71 0xc0 0x0 0x0 0x1 0x16 0x41
[13:13:32]  [OK]CMD Packet Header: 0x18 0x71 0xc0 0x0 0x0 0x1 0x16 0x41
[13:13:33]  Tracking : Az 239, El 53.
[13:13:33]  [OK]CMD Packet Header: 0x18 0x71 0xc0 0x0 0x0 0x1 0x16 0x41
[13:13:35]  [OK]CMD Packet Header: 0x18 0x71 0xc0 0x0 0x0 0x1 0x16 0x41
[13:13:36]  [OK]CMD Packet Header: 0x18 0x71 0xc0 0x0 0x0 0x1 0x16 0x41
[13:13:37]  [OK]CMD Packet Header: 0x18 0x71 0xc0 0x0 0x0 0x1 0x16 0x41
[13:13:38]  Tracking : Az 243, El 54.
[13:13:39]  [OK]CMD Packet Header: 0x18 0x71 0xc0 0x0 0x0 0x1 0x16 0x41
[13:13:40]  Tracking : Az 245, El 54.
[13:13:40]  [OK]CMD Packet Header: 0x18 0x71 0xc0 0x0 0x0 0x1 0x16 0x41
[13:13:42]  [OK]CMD Packet Header: 0x18 0x71 0xc0 0x0 0x0 0x1 0x16 0x41
[13:13:43]  Tracking : Az 249, El 55.
[13:13:43]  [OK]CMD Packet Header: 0x18 0x71 0xc0 0x0 0x0 0x1 0x16 0x41
[13:13:44]  [OK]CMD Packet Header: 0x18 0x71 0xc0 0x0 0x0 0x1 0x16 0x41
[13:13:45]  Tracking : Az 251, El 55.
[13:13:46]  [OK]CMD Packet Header: 0x18 0x71 0xc0 0x0 0x0 0x1 0x16 0x41
[13:13:47]  [OK]CMD Packet Header: 0x18 0x71 0xc0 0x0 0x0 0x1 0x16 0x41
[13:13:49]  Tracking : Az 255, El 55.
[13:13:49]  AX100 Boot Count : 22242
[13:13:51]  Tracking : Az 257, El 55.
[13:13:54]  Tracking : Az 261, El 55.
[13:13:56]  Tracking : Az 263, El 55.
[13:13:57]  Ping Failed.
[13:14:00]  Tracking : Az 267, El 55.
[13:14:02]  Tracking : Az 269, El 55.
[13:14:02]  Ping Success at node 5, 465ms
[13:14:06]  Tracking : Az 273, El 54.
[13:14:07]  Ping Failed at node 3.
[13:14:08]  Tracking : Az 275, El 54.
[13:14:08]  Ping Success at node 5, 458ms
[13:14:12]  Tracking : Az 279, El 54.
[13:14:13]  Ping Failed at node 3.
[13:14:14]  Tracking : Az 281, El 53.
[13:14:17]  Forked Safe Amplifier Process. (OFF)
[13:14:17]  Tracking : Az 284, El 53.
[13:14:20]  Tracking : Az 287, El 52.
[13:14:23]  Finish Engaging.
[13:14:23]  Beacon Success : 0, Ping Success : 14
[13:14:26]  Tracking : Az 0, El 0.
