2025-12-31 13:32
[13:33:02]  Connect to Switch Box.............Success.
[13:33:02]  Connect to Rotator................Success.
[13:33:02]  Connect to GS100..................Success.
[13:33:02]  TM Port 13 bind success.
[13:33:02]  BCN Port 31 bind success.
[13:33:02]  RPT Port 25 bind success.
[13:33:02]  Event Port 27 bind success.
[13:33:02]  COSMIC Beacon Port 23 bind success.
[13:33:02]  COSMIC Report Port 24 bind success.
[13:33:08]  TLE "cubesat" Download Completed.
[13:33:34]  Start Engaging.
[13:33:34]  Tracking : Az 203, El 0.
[13:33:35]  Start Doppler Correction.
[13:33:36]  Tracking : Az 203, El 0.
[13:33:38]  Tracking : Az 203, El 0.
[13:33:40]  Tracking : Az 203, El 0.
[13:33:42]  Tracking : Az 203, El 0.
[13:33:44]  Tracking : Az 203, El 0.
[13:33:46]  Tracking : Az 203, El 0.
[13:33:48]  Tracking : Az 203, El 0.
[13:33:50]  Tracking : Az 203, El 0.
[13:33:52]  Tracking : Az 203, El 0.
[13:33:54]  Tracking : Az 203, El 0.
[13:33:56]  Tracking : Az 203, El 0.
[13:33:58]  Tracking : Az 203, El 0.
[13:34:00]  Tracking : Az 203, El 0.
[13:34:02]  Tracking : Az 203, El 0.
[13:34:04]  Tracking : Az 203, El 0.
[13:34:06]  Tracking : Az 203, El 0.
[13:34:08]  Tracking : Az 203, El 0.
[13:51:06]  Forked Safe Amplifier Process.(ON, Timer)
[13:51:24]  Ping Success at node 5, 479ms
[13:51:26]  [OK]CMD Packet Header: 0x18 0x75 0xc0 0x0 0x0 0x1 0x14 0x47
[13:51:29]  Tracking : Az 206, El 1.
[13:51:37]  [OK]CMD Packet Header: 0x18 0x75 0xc0 0x0 0x0 0x1 0x14 0x47
[13:51:38]  Received Report from port : 25.
[13:51:40]  Received Report from port : 25.
[13:51:42]  Received Report from port : 25.
[13:51:44]  Received Beacon from port : 31.

[13:52:00]  Tracking : Az 209, El 3.
[13:52:06]  [OK]CMD Packet Header: 0x18 0x75 0xc0 0x0 0x0 0x1 0x1a 0x49
[13:52:27]  Tracking : Az 212, El 5.
[13:52:33]  Received Beacon from port : 31.

[13:52:43]  [OK]CMD Packet Header: 0x18 0x75 0xc0 0x0 0x0 0x1 0x1a 0x0
[13:52:51]  Tracking : Az 215, El 6.
[13:52:55]  Ping Success at node 5, 466ms
[13:52:58]  [OK]CMD Packet Header: 0x18 0x75 0xc0 0x0 0x0 0x1 0x1a 0x49
[13:52:59]  Received Report from port : 25.
[13:53:01]  Received Report from port : 25.
[13:53:03]  Received Report from port : 25.
[13:53:05]  Received Beacon from port : 31.

[13:53:13]  Tracking : Az 218, El 8.
[13:53:23]  Received Beacon from port : 31.

[13:53:26]  Tracking : Az 220, El 8.
[13:53:29]  [OK]CMD Packet Header: 0x18 0x75 0xc0 0x0 0x0 0x1 0x1a 0x0
[13:53:30]  Received Report from port : 25.
[13:53:32]  Received Report from port : 25.
[13:53:34]  Received Report from port : 25.
[13:53:36]  Received Beacon from port : 31.

[13:53:44]  Tracking : Az 223, El 10.
[13:53:48]  [OK]CMD Packet Header: 0x18 0x75 0xc0 0x0 0x0 0x1 0x1a 0x49
[13:53:53]  Received Beacon from port : 31.

[13:53:59]  [OK]CMD Packet Header: 0x18 0x75 0xc0 0x0 0x0 0x1 0x1a 0x0
[13:54:00]  Received Report from port : 25.
[13:54:01]  Tracking : Az 226, El 11.
[13:54:02]  Received Report from port : 25.
[13:54:04]  Received Beacon from port : 31.

[13:54:08]  [OK]CMD Packet Header: 0x18 0x75 0xc0 0x0 0x0 0x1 0x1a 0x49
[13:54:10]  Received Report from port : 25.
[13:54:16]  Tracking : Az 229, El 12.
[13:54:21]  [OK]CMD Packet Header: 0x18 0x75 0xc0 0x0 0x0 0x1 0x1a 0x0
[13:54:21]  Received Report from port : 25.
[13:54:23]  Received Report from port : 25.
[13:54:25]  Received Report from port : 25.
[13:54:28]  Received Beacon from port : 31.

[13:54:30]  Tracking : Az 232, El 13.
[13:54:33]  Received Beacon from port : 31.

[13:54:43]  Received Beacon from port : 31.

[13:54:44]  Tracking : Az 235, El 13.
[13:54:56]  Tracking : Az 238, El 14.
[13:55:08]  Tracking : Az 241, El 15.
[13:55:13]  Received Beacon from port : 31.

[13:55:20]  Tracking : Az 244, El 15.
[13:55:28]  [OK]CMD Packet Header: 0x18 0x75 0xc0 0x0 0x0 0x1 0x1a 0x49
[13:55:29]  Received Report from port : 25.
[13:55:31]  Tracking : Az 247, El 16.
[13:55:32]  Received Report from port : 25.
[13:55:34]  Received Report from port : 25.
[13:55:36]  Received Beacon from port : 31.

[13:55:42]  Tracking : Az 250, El 16.
[13:55:43]  Received Beacon from port : 31.

[13:55:52]  Tracking : Az 253, El 17.
[13:55:53]  Received Beacon from port : 31.

[13:56:02]  Tracking : Az 256, El 17.
[13:56:09]  [OK]CMD Packet Header: 0x18 0x75 0xc0 0x0 0x0 0x1 0x1a 0x0
[13:56:12]  Tracking : Az 259, El 17.
[13:56:13]  Received Beacon from port : 31.

[13:56:19]  Ping Success at node 5, 459ms
[13:56:20]  [OK]CMD Packet Header: 0x18 0x75 0xc0 0x0 0x0 0x1 0x1a 0x49
[13:56:22]  Tracking : Az 262, El 17.
[13:56:30]  [OK]CMD Packet Header: 0x18 0x75 0xc0 0x0 0x0 0x1 0x1a 0x0
[13:56:32]  Tracking : Az 265, El 17.
[13:56:42]  Tracking : Az 268, El 17.
[13:56:43]  [OK]CMD Packet Header: 0x18 0x75 0xc0 0x0 0x0 0x1 0x1a 0x49
[13:56:50]  Ping Failed.
[13:56:51]  Tracking : Az 271, El 17.
[13:56:58]  Ping Failed.
[13:57:01]  Tracking : Az 274, El 17.
[13:57:11]  Tracking : Az 277, El 17.
[13:57:21]  Tracking : Az 280, El 17.
[13:57:22]  Ping Failed.
[13:57:23]  Received Beacon from port : 31.

[13:57:26]  Ping Success at node 5, 473ms
[13:57:28]  [OK]CMD Packet Header: 0x18 0x75 0xc0 0x0 0x0 0x1 0x1a 0x0
[13:57:30]  Received Report from port : 25.
[13:57:32]  Tracking : Az 283, El 16.
[13:57:32]  Received Report from port : 25.
[13:57:34]  Received Report from port : 25.
[13:57:43]  Tracking : Az 286, El 16.
[13:57:46]  [OK]CMD Packet Header: 0x18 0x75 0xc0 0x0 0x0 0x1 0x1a 0x49
[13:57:46]  Received Report from port : 25.
[13:57:48]  Received Report from port : 25.
[13:57:50]  Received Report from port : 25.
[13:57:54]  Tracking : Az 289, El 15.
[13:58:01]  Tracking : Az 291, El 15.
[13:58:13]  Tracking : Az 294, El 14.
[13:58:13]  Received Beacon from port : 31.

[13:58:23]  Received Beacon from port : 31.

[13:58:30]  Tracking : Az 298, El 13.
[13:58:33]  Received Beacon from port : 31.

[13:58:41]  [OK]CMD Packet Header: 0x18 0x75 0xc0 0x0 0x0 0x1 0x1a 0x0
[13:58:42]  Received Report from port : 25.
[13:58:44]  Received Report from port : 25.
[13:58:44]  Tracking : Az 301, El 12.
[13:58:46]  Received Report from port : 25.
[13:58:53]  Received Beacon from port : 31.

[13:58:59]  Tracking : Az 304, El 11.
[13:59:13]  Received Beacon from port : 31.

[13:59:14]  Tracking : Az 307, El 10.
[13:59:31]  Tracking : Az 310, El 9.
[13:59:33]  Received Beacon from port : 31.

[13:59:43]  Received Beacon from port : 31.

[13:59:45]  [OK]CMD Packet Header: 0x18 0x65 0xc0 0x0 0x0 0x1 0x3c 0x7f
[13:59:46]  Received Report from port : 25.
[13:59:48]  Received Report from port : 25.
[13:59:50]  Received Report from port : 25.
[13:59:50]  Tracking : Az 313, El 8.
[13:59:53]  [OK]CMD Packet Header: 0x18 0x65 0xc0 0x0 0x0 0x1 0x4f 0x73
[14:00:04]  [OK]CMD Packet Header: 0x18 0x65 0xc0 0x0 0x0 0x1 0x4f 0x7f
[14:00:10]  Tracking : Az 316, El 7.
[14:00:11]  Ping Success at node 5, 474ms
[14:00:13]  [OK]CMD Packet Header: 0x18 0x65 0xc0 0x0 0x0 0x1 0x4f 0x73
[14:00:15]  Received Report from port : 25.
[14:00:22]  [OK]CMD Packet Header: 0x18 0x65 0xc0 0x0 0x0 0x1 0x4f 0x7f
[14:00:23]  Received Report from port : 25.
[14:00:25]  Received Report from port : 25.
[14:00:27]  Received Report from port : 25.
[14:00:29]  Received Beacon from port : 31.

[14:00:33]  Tracking : Az 319, El 5.
[14:00:34]  Received Beacon from port : 31.

[14:00:35]  [OK]CMD Packet Header: 0x18 0x65 0xc0 0x0 0x0 0x1 0x3c 0x0
[14:00:36]  Received Report from port : 25.
[14:00:38]  Received Report from port : 25.
[14:00:40]  Received Report from port : 25.
[14:00:43]  Received Beacon from port : 31.

[14:00:53]  Received Beacon from port : 31.

[14:00:58]  Tracking : Az 322, El 4.
[14:00:59]  [OK]CMD Packet Header: 0x18 0x65 0xc0 0x0 0x0 0x1 0x4f 0xc
[14:01:00]  Received Report from port : 25.
[14:01:02]  Received Report from port : 25.
[14:01:04]  Received Report from port : 25.
[14:01:27]  Tracking : Az 325, El 2.
[14:01:28]  Forked Safe Amplifier Process. (OFF)
[14:01:38]  Finish Engaging.
[14:01:38]  Beacon Success : 27, Ping Success : 5
[14:01:40]  Tracking : Az 0, El 0.
