2026-01-27 13:18
[13:18:55]  Connect to Switch Box.............Success.
[13:18:55]  Connect to Rotator................Success.
[13:18:55]  Connect to GS100..................Success.
[13:18:55]  TM Port 13 bind success.
[13:18:55]  BCN Port 31 bind success.
[13:18:55]  RPT Port 25 bind success.
[13:18:55]  Event Port 27 bind success.
[13:18:55]  COSMIC Beacon Port 23 bind success.
[13:18:55]  COSMIC Report Port 24 bind success.
[13:19:10]  TLE "cubesat" Download Completed.
[13:19:38]  TLE "active" Download Completed.
[13:19:52]  [Auto]Start AutoPilot.
[13:19:52]  [Auto]Start Autopilot. Next Valuable AOS : 1/27 14:36:29
[13:19:52]  [Auto]Max Elevation : 3.65° Please Keep Devices On.
[14:31:29]  [Auto]Start Engaging.
[14:31:29]  [Auto]Start Doppler Correction.
[14:31:29]  Tracking : Az 239, El 0.
[14:31:29]  Forked Safe Amplifier Process.(ON, Timer)
[14:31:31]  Tracking : Az 239, El 0.
[14:31:33]  Tracking : Az 239, El 0.
[14:31:35]  Tracking : Az 239, El 0.
[14:31:36]  Ping Failed.
[14:31:37]  Tracking : Az 239, El 0.
[14:31:39]  Tracking : Az 239, El 0.
[14:31:41]  Tracking : Az 239, El 0.
[14:31:43]  Tracking : Az 239, El 0.
[14:31:43]  Ping Failed.
[14:31:45]  Tracking : Az 239, El 0.
[14:31:47]  Tracking : Az 239, El 0.
[14:31:49]  Tracking : Az 239, El 0.
[14:31:51]  Ping Failed.
[14:31:51]  Tracking : Az 239, El 0.
[14:31:53]  Tracking : Az 239, El 0.
[14:31:55]  Tracking : Az 239, El 0.
[14:31:57]  Tracking : Az 239, El 0.
[14:31:58]  Ping Failed.
[14:31:59]  Tracking : Az 239, El 0.
[14:32:01]  Tracking : Az 239, El 0.
[14:32:03]  Tracking : Az 239, El 0.
[14:32:05]  Tracking : Az 239, El 0.
[14:32:05]  Ping Failed.
[14:32:07]  Tracking : Az 239, El 0.
[14:32:09]  Tracking : Az 239, El 0.
[14:32:11]  Tracking : Az 239, El 0.
[14:32:12]  Ping Failed.
[14:32:13]  Tracking : Az 239, El 0.
[14:32:20]  Ping Failed.
[14:32:27]  Ping Failed.
[14:32:34]  Ping Failed.
[14:32:42]  Ping Failed.
[14:32:49]  Ping Failed.
[14:32:56]  Ping Failed.
[14:33:04]  Ping Failed.
[14:33:11]  Ping Failed.
[14:33:18]  Ping Failed.
[14:33:26]  Ping Failed.
[14:33:33]  Ping Failed.
[14:33:40]  Ping Failed.
[14:33:48]  Ping Failed.
[14:33:55]  Ping Failed.
[14:34:02]  Ping Failed.
[14:34:10]  Ping Failed.
[14:34:17]  Ping Failed.
[14:34:24]  Ping Failed.
[14:34:32]  Ping Failed.
[14:34:39]  Ping Failed.
[14:34:46]  Ping Failed.
[14:34:54]  Ping Failed.
[14:35:01]  Ping Failed.
[14:35:08]  Ping Failed.
[14:35:16]  Ping Failed.
[14:35:23]  Ping Failed.
[14:35:30]  Ping Failed.
[14:35:38]  Ping Failed.
[14:35:45]  Ping Failed.
[14:35:52]  Ping Failed.
[14:35:59]  Tracking : Az 236, El 0.
[14:36:00]  Ping Failed.
[14:36:07]  Ping Failed.
[14:36:13]  Tracking : Az 238, El 0.
[14:36:14]  Ping Failed.
[14:36:22]  Ping Failed.
[14:36:29]  Ping Failed.
[14:36:35]  Tracking : Az 241, El 0.
[14:36:36]  Ping Failed.
[14:36:37]  Tracking : Az 241, El 0.
[14:36:44]  Ping Failed.
[14:36:51]  Ping Failed.
[14:36:57]  Ping Success at node 5, 474ms
[14:36:57]  Tracking : Az 244, El 0.
[14:37:02]  Ping Success at node 5, 471ms
[14:37:07]  Ping Success at node 5, 471ms
[14:37:13]  Ping Success at node 5, 471ms
[14:37:17]  Tracking : Az 247, El 1.
[14:37:18]  Ping Success at node 5, 471ms
[14:37:23]  [OK]CMD Packet Header: 0x18 0x75 0xc0 0x0 0x0 0x1 0x14 0x47
[14:37:24]  [Auto]EPS P60 DOCK GET TABLE HK Command Sent (1/2)
[14:37:24]  Ping Success at node 5, 583ms
[14:37:34]  [OK]CMD Packet Header: 0x18 0x75 0xc0 0x0 0x0 0x1 0x14 0x47
[14:37:34]  [Auto]EPS P60 DOCK GET TABLE HK Command Sent (2/2)
[14:37:35]  Received Report from port : 25.
[14:37:36]  Tracking : Az 250, El 1.
[14:37:37]  Received Report from port : 25.
[14:37:39]  Received Report from port : 25.
[14:37:44]  [OK]CMD Packet Header: 0x18 0x75 0xc0 0x0 0x0 0x1 0x17 0x44
[14:37:44]  [Auto]EPS P60 PDU GET TABLE HK Command Sent (1/2)
[14:37:45]  Received Report from port : 25.
[14:37:47]  Received Report from port : 25.
[14:37:49]  Received Report from port : 25.
[14:37:54]  [OK]CMD Packet Header: 0x18 0x75 0xc0 0x0 0x0 0x1 0x17 0x44
[14:37:55]  Tracking : Az 253, El 2.
[14:37:55]  [Auto]EPS P60 PDU GET TABLE HK Command Sent (2/2)
[14:37:55]  Received Report from port : 25.
[14:37:57]  Received Report from port : 25.
[14:37:59]  Received Report from port : 25.
[14:38:05]  [OK]CMD Packet Header: 0x18 0x75 0xc0 0x0 0x0 0x1 0x1a 0x0
[14:38:05]  [Auto]EPS P60 ACU GET TABLE HK Command Sent (1/2)
[14:38:07]  Tracking : Az 255, El 2.
[14:38:15]  [OK]CMD Packet Header: 0x18 0x75 0xc0 0x0 0x0 0x1 0x1a 0x0
[14:38:15]  [Auto]EPS P60 ACU GET TABLE HK Command Sent (2/2)
[14:38:16]  Received Report from port : 25.
[14:38:25]  Tracking : Az 258, El 2.
[14:38:25]  [Auto]Start GND WDT reset sequence
[14:38:25]  [OK]CMD Packet Header: 0x18 0x50 0xc0 0x0 0x0 0x1 0x6 0x70
[14:38:26]  [Auto]AX100 GND WDT CMD sent (1/2)
[14:38:36]  [OK]CMD Packet Header: 0x18 0x50 0xc0 0x0 0x0 0x1 0x6 0x70
[14:38:36]  [Auto]AX100 GND WDT CMD sent (2/2)
[14:38:42]  Tracking : Az 261, El 3.
[14:38:46]  [OK]CMD Packet Header: 0x18 0x75 0xc0 0x0 0x0 0x5 0x1e 0xa2
[14:38:46]  [Auto]EPS P60 DOCK GND WDT CMD sent (1/2)
[14:38:56]  [OK]CMD Packet Header: 0x18 0x75 0xc0 0x0 0x0 0x5 0x1e 0xa2
[14:38:57]  [Auto]EPS P60 DOCK GND WDT CMD sent (2/2)
[14:38:59]  Tracking : Az 264, El 3.
[14:39:07]  [Auto]GND WDT sequence completed
[14:39:07]  [OK]CMD Packet Header: 0x18 0x75 0xc0 0x0 0x0 0x1 0x14 0x47
[14:39:07]  [Auto]EPS P60 DOCK GET TABLE HK Command Sent (1/2)
[14:39:16]  Tracking : Az 267, El 3.
[14:39:17]  [OK]CMD Packet Header: 0x18 0x75 0xc0 0x0 0x0 0x1 0x14 0x47
[14:39:17]  [Auto]EPS P60 DOCK GET TABLE HK Command Sent (2/2)
[14:39:27]  [OK]CMD Packet Header: 0x18 0x75 0xc0 0x0 0x0 0x1 0x17 0x44
[14:39:28]  [Auto]EPS P60 PDU GET TABLE HK Command Sent (1/2)
[14:39:33]  Tracking : Az 270, El 3.
[14:39:38]  [OK]CMD Packet Header: 0x18 0x75 0xc0 0x0 0x0 0x1 0x17 0x44
[14:39:38]  [Auto]EPS P60 PDU GET TABLE HK Command Sent (2/2)
[14:39:48]  [OK]CMD Packet Header: 0x18 0x75 0xc0 0x0 0x0 0x1 0x1a 0x0
[14:39:48]  [Auto]EPS P60 ACU GET TABLE HK Command Sent (1/2)
[14:39:50]  Tracking : Az 273, El 3.
[14:39:58]  [OK]CMD Packet Header: 0x18 0x75 0xc0 0x0 0x0 0x1 0x1a 0x0
[14:39:59]  [Auto]EPS P60 ACU GET TABLE HK Command Sent (2/2)
[14:40:06]  Tracking : Az 276, El 3.
[14:40:23]  Tracking : Az 279, El 3.
[14:40:40]  Tracking : Az 282, El 3.
[14:40:57]  Tracking : Az 285, El 3.
[14:41:15]  Tracking : Az 288, El 2.
[14:41:32]  Tracking : Az 291, El 2.
[14:41:51]  Tracking : Az 294, El 2.
[14:42:10]  Tracking : Az 297, El 1.
[14:42:30]  Tracking : Az 300, El 1.
[14:42:50]  Tracking : Az 303, El 0.
[14:43:12]  Tracking : Az 306, El 0.
[14:43:24]  Tracking : Az 307, El 0.
[14:43:43]  Tracking : Az 310, El -1.
[14:43:45]  Tracking : Az 239, El 0.
[14:43:47]  Tracking : Az 239, El 0.
[14:43:49]  Tracking : Az 239, El 0.
[14:43:51]  Tracking : Az 239, El 0.
[14:43:53]  Tracking : Az 239, El 0.
[14:43:55]  Tracking : Az 239, El 0.
[14:43:57]  Tracking : Az 239, El 0.
[14:45:30]  [Auto]Stop Doppler Correction.
[14:45:30]  [Auto]Finish Engaging.
[14:45:30]  Tracking : Az 0, El 0.
[14:45:31]  [Auto]Beacon Success : 0, Ping Success : 6 CMD Success : 0
[14:45:31]  [Auto]Update TLE...
[14:45:34]  [Auto]TLE "active" Download Completed.
[14:45:37]  Forked Safe Amplifier Process. (OFF)
[14:45:37]  Reset GS100 watchdog.
[14:45:49]  [Auto]Invalid tracking index before PathGenerator. trk=13455 ptr=(nil)
[14:45:49]  [Auto]AutoPilot Stopped with Error Code : -2
