2025-12-26 12:48
[12:48:11]  Connect to Switch Box.............Success.
[12:48:11]  Connect to Rotator................Success.
[12:48:11]  Connect to GS100..................Success.
[12:48:11]  TM Port 13 bind success.
[12:48:11]  BCN Port 31 bind success.
[12:48:11]  RPT Port 25 bind success.
[12:48:11]  Event Port 27 bind success.
[12:48:11]  COSMIC Beacon Port 23 bind success.
[12:48:11]  COSMIC Report Port 24 bind success.
[12:48:30]  TLE "cubesat" Download Completed.
[12:48:35]  Start Engaging.
[12:48:35]  Tracking : Az 357, El 18.
[12:48:36]  Start Doppler Correction.
[12:48:37]  Tracking : Az 357, El 18.
[12:48:38]  Forked Safe Amplifier Process.(ON, Timer)
[12:48:39]  Tracking : Az 357, El 18.
[12:48:41]  Tracking : Az 357, El 18.
[12:48:43]  Tracking : Az 356, El 17.
[12:48:45]  Tracking : Az 356, El 17.
[12:48:47]  Tracking : Az 356, El 17.
[12:48:49]  Tracking : Az 356, El 16.
[12:48:51]  Tracking : Az 356, El 16.
[12:48:53]  Ping Failed.
[12:48:53]  Tracking : Az 356, El 16.
[12:48:55]  Tracking : Az 356, El 16.
[12:48:57]  Tracking : Az 356, El 15.
[12:48:59]  Tracking : Az 356, El 15.
[12:49:01]  Tracking : Az 356, El 15.
[12:49:02]  Ping Failed.
[12:49:03]  Tracking : Az 355, El 15.
[12:49:05]  Tracking : Az 355, El 14.
[12:49:07]  Tracking : Az 355, El 14.
[12:49:09]  Tracking : Az 355, El 14.
[12:49:11]  Tracking : Az 355, El 14.
[12:49:13]  Tracking : Az 355, El 13.
[12:49:15]  Tracking : Az 355, El 13.
[12:49:17]  Tracking : Az 355, El 13.
[12:49:19]  Tracking : Az 355, El 13.
[12:49:21]  Tracking : Az 355, El 13.
[12:49:23]  Tracking : Az 355, El 12.
[12:49:25]  Tracking : Az 355, El 12.
[12:49:27]  Tracking : Az 354, El 12.
[12:49:29]  Tracking : Az 354, El 12.
[12:49:31]  Tracking : Az 354, El 11.
[12:49:33]  Tracking : Az 354, El 11.
[12:49:35]  Ping Failed.
[12:49:39]  Ping Failed.
[12:49:43]  Ping Failed.
[12:49:46]  Ping Failed at node 3.
[12:49:50]  Ping Failed.
[12:49:54]  Ping Failed.
[12:49:58]  Ping Failed.
[12:50:01]  Ping Failed.
[12:50:06]  Ping Failed.
[12:50:10]  Ping Failed.
[12:50:12]  Tracking : Az 353, El 7.
[12:50:14]  Tracking : Az 353, El 7.
[12:50:17]  Ping Failed.
[12:50:22]  Ping Failed.
[12:50:28]  Ping Failed.
[12:50:49]  Forked Safe Amplifier Process. (OFF)
[12:50:56]  Finish Engaging.
[12:50:56]  Beacon Success : 0, Ping Success : 0
[12:50:58]  Tracking : Az 0, El 0.
