2025-12-21 11:53
[11:53:38]  Connect to Switch Box.............Success.
[11:53:38]  Connect to Rotator................Success.
[11:53:38]  Connect to GS100..................Success.
[11:53:38]  TM Port 13 bind success.
[11:53:38]  BCN Port 31 bind success.
[11:53:38]  RPT Port 25 bind success.
[11:53:38]  Event Port 27 bind success.
[11:55:41]  TLE "cubesat" Download Completed.
[11:55:47]  Start Engaging.
[11:55:47]  Tracking : Az 135, El 0.
[11:55:49]  Tracking : Az 135, El 0.
[11:55:50]  Start Doppler Correction.
[11:55:51]  Tracking : Az 135, El 0.
[11:55:53]  Tracking : Az 135, El 0.
[11:55:55]  Tracking : Az 135, El 0.
[11:55:57]  Tracking : Az 135, El 0.
[11:55:59]  Tracking : Az 135, El 0.
[11:56:01]  Tracking : Az 135, El 0.
[11:56:03]  Tracking : Az 135, El 0.
[11:56:05]  Tracking : Az 135, El 0.
[11:56:07]  Tracking : Az 135, El 0.
[11:56:09]  Tracking : Az 135, El 0.
[12:00:48]  Forked Safe Amplifier Process.(ON, Timer)
[12:01:00]  Ping Failed.
[12:01:07]  Ping Failed.
[12:01:13]  Ping Failed.
[12:01:20]  Tracking : Az 132, El 2.
[12:01:29]  Ping Failed.
[12:01:49]  Tracking : Az 130, El 4.
[12:01:58]  Ping Failed.
[12:02:06]  Ping Failed.
[12:02:17]  Tracking : Az 127, El 5.
[12:02:21]  Ping Success at node 5, 472ms
[12:02:25]  AX100 Boot Count : 22206
[12:02:31]  Remote Param Control OK. Last RSSI : -112
[12:02:33]  Tracking : Az 126, El 7.
[12:02:37]  Ping Success at node 5, 465ms
[12:02:45]  Ping Success at node 5, 471ms
[12:02:52]  Tracking : Az 123, El 8.
[12:03:21]  Tracking : Az 119, El 10.
[12:03:21]  [OK]CMD Packet Header: 0x18 0x23 0xc0 0x0 0x0 0x1 0x6 0x3
[12:03:24]  [OK]CMD Packet Header: 0x18 0x23 0xc0 0x0 0x0 0x1 0x6 0x3
[12:03:27]  [OK]CMD Packet Header: 0x18 0x23 0xc0 0x0 0x0 0x1 0x6 0x3
[12:03:29]  [OK]CMD Packet Header: 0x18 0x23 0xc0 0x0 0x0 0x1 0x6 0x3
[12:03:40]  Tracking : Az 116, El 12.
[12:03:51]  [OK]CMD Packet Header: 0x18 0x20 0xc0 0x0 0x0 0x5 0x7 0xd
[12:03:55]  [OK]CMD Packet Header: 0x18 0x20 0xc0 0x0 0x0 0x5 0x7 0xd
[12:03:57]  Tracking : Az 113, El 13.
[12:03:58]  [OK]CMD Packet Header: 0x18 0x20 0xc0 0x0 0x0 0x5 0x7 0xd
[12:04:01]  [OK]CMD Packet Header: 0x18 0x20 0xc0 0x0 0x0 0x5 0x7 0xd
[12:04:09]  [OK]CMD Packet Header: 0x18 0x23 0xc0 0x0 0x0 0x8 0x2 0x18
[12:04:10]  [OK]CMD Packet Header: 0x18 0x19 0xc0 0x0 0x0 0x5 0x0 0x29
[12:04:12]  Tracking : Az 110, El 14.
[12:04:15]  [OK]CMD Packet Header: 0x18 0x23 0xc0 0x0 0x0 0x8 0x2 0x18
[12:04:16]  [OK]CMD Packet Header: 0x18 0x19 0xc0 0x0 0x0 0x5 0x0 0x29
[12:04:18]  [OK]CMD Packet Header: 0x18 0x23 0xc0 0x0 0x0 0x8 0x2 0x18
[12:04:19]  [OK]CMD Packet Header: 0x18 0x19 0xc0 0x0 0x0 0x5 0x0 0x29
[12:04:21]  [OK]CMD Packet Header: 0x18 0x23 0xc0 0x0 0x0 0x8 0x2 0x18
[12:04:23]  [OK]CMD Packet Header: 0x18 0x19 0xc0 0x0 0x0 0x5 0x0 0x29
[12:04:24]  [OK]CMD Packet Header: 0x18 0x23 0xc0 0x0 0x0 0x8 0x2 0x18
[12:04:26]  [OK]CMD Packet Header: 0x18 0x19 0xc0 0x0 0x0 0x5 0x0 0x29
[12:04:26]  Tracking : Az 107, El 16.
[12:04:27]  [OK]CMD Packet Header: 0x18 0x23 0xc0 0x0 0x0 0x8 0x2 0x18
[12:04:28]  [OK]CMD Packet Header: 0x18 0x19 0xc0 0x0 0x0 0x5 0x0 0x29
[12:04:30]  [OK]CMD Packet Header: 0x18 0x23 0xc0 0x0 0x0 0x8 0x2 0x18
[12:04:31]  [OK]CMD Packet Header: 0x18 0x19 0xc0 0x0 0x0 0x5 0x0 0x29
[12:04:33]  [OK]CMD Packet Header: 0x18 0x23 0xc0 0x0 0x0 0x8 0x2 0x18
[12:04:34]  Tracking : Az 105, El 16.
[12:04:34]  [OK]CMD Packet Header: 0x18 0x19 0xc0 0x0 0x0 0x5 0x0 0x29
[12:04:36]  AX100 Boot Count : 22206
[12:04:38]  [OK]CMD Packet Header: 0x18 0x23 0xc0 0x0 0x0 0x8 0x2 0x18
[12:04:39]  [OK]CMD Packet Header: 0x18 0x19 0xc0 0x0 0x0 0x5 0x0 0x29
[12:04:41]  [OK]CMD Packet Header: 0x18 0x23 0xc0 0x0 0x0 0x8 0x2 0x18
[12:04:43]  [OK]CMD Packet Header: 0x18 0x19 0xc0 0x0 0x0 0x5 0x0 0x29
[12:04:44]  [OK]CMD Packet Header: 0x18 0x23 0xc0 0x0 0x0 0x8 0x2 0x18
[12:04:46]  [OK]CMD Packet Header: 0x18 0x19 0xc0 0x0 0x0 0x5 0x0 0x29
[12:04:47]  Tracking : Az 102, El 17.
[12:04:47]  [OK]CMD Packet Header: 0x18 0x23 0xc0 0x0 0x0 0x8 0x2 0x18
[12:04:49]  [OK]CMD Packet Header: 0x18 0x19 0xc0 0x0 0x0 0x5 0x0 0x29
[12:04:50]  [OK]CMD Packet Header: 0x18 0x23 0xc0 0x0 0x0 0x8 0x2 0x18
[12:04:51]  [OK]CMD Packet Header: 0x18 0x19 0xc0 0x0 0x0 0x5 0x0 0x29
[12:04:53]  [OK]CMD Packet Header: 0x18 0x23 0xc0 0x0 0x0 0x8 0x2 0x18
[12:04:54]  [OK]CMD Packet Header: 0x18 0x19 0xc0 0x0 0x0 0x5 0x0 0x29
[12:04:55]  [OK]CMD Packet Header: 0x18 0x23 0xc0 0x0 0x0 0x8 0x2 0x18
[12:04:57]  [OK]CMD Packet Header: 0x18 0x19 0xc0 0x0 0x0 0x5 0x0 0x29
[12:04:58]  [OK]CMD Packet Header: 0x18 0x23 0xc0 0x0 0x0 0x8 0x2 0x18
[12:04:58]  Tracking : Az 99, El 18.
[12:04:59]  [OK]CMD Packet Header: 0x18 0x19 0xc0 0x0 0x0 0x5 0x0 0x29
[12:05:00]  [OK]CMD Packet Header: 0x18 0x23 0xc0 0x0 0x0 0x8 0x2 0x18
[12:05:02]  [OK]CMD Packet Header: 0x18 0x19 0xc0 0x0 0x0 0x5 0x0 0x29
[12:05:03]  [OK]CMD Packet Header: 0x18 0x23 0xc0 0x0 0x0 0x8 0x2 0x18
[12:05:04]  [OK]CMD Packet Header: 0x18 0x19 0xc0 0x0 0x0 0x5 0x0 0x29
[12:05:08]  [OK]CMD Packet Header: 0x18 0x23 0xc0 0x0 0x0 0x8 0x2 0x18
[12:05:09]  [OK]CMD Packet Header: 0x18 0x19 0xc0 0x0 0x0 0x5 0x0 0x29
[12:05:09]  Tracking : Az 96, El 19.
[12:05:15]  Tracking : Az 94, El 19.
[12:05:24]  [OK]CMD Packet Header: 0x18 0x23 0xc0 0x0 0x0 0x8 0x2 0x18
[12:05:25]  Tracking : Az 91, El 20.
[12:05:26]  [OK]CMD Packet Header: 0x18 0x19 0xc0 0x0 0x0 0x5 0x0 0x29
[12:05:33]  Tracking : Az 89, El 21.
[12:05:41]  [OK]CMD Packet Header: 0x18 0x23 0xc0 0x0 0x0 0x8 0x2 0x18
[12:05:41]  Tracking : Az 86, El 21.
[12:05:42]  [OK]CMD Packet Header: 0x18 0x19 0xc0 0x0 0x0 0x5 0x0 0x29
[12:05:44]  [OK]CMD Packet Header: 0x18 0x23 0xc0 0x0 0x0 0x8 0x2 0x18
[12:05:45]  [OK]CMD Packet Header: 0x18 0x19 0xc0 0x0 0x0 0x5 0x0 0x29
[12:05:47]  [OK]CMD Packet Header: 0x18 0x23 0xc0 0x0 0x0 0x8 0x2 0x18
[12:05:48]  [OK]CMD Packet Header: 0x18 0x19 0xc0 0x0 0x0 0x5 0x0 0x29
[12:05:49]  Tracking : Az 83, El 21.
[12:05:50]  [OK]CMD Packet Header: 0x18 0x23 0xc0 0x0 0x0 0x8 0x2 0x18
[12:05:51]  [OK]CMD Packet Header: 0x18 0x19 0xc0 0x0 0x0 0x5 0x0 0x29
[12:05:52]  [OK]CMD Packet Header: 0x18 0x23 0xc0 0x0 0x0 0x8 0x2 0x18
[12:05:54]  [OK]CMD Packet Header: 0x18 0x19 0xc0 0x0 0x0 0x5 0x0 0x29
[12:05:55]  [OK]CMD Packet Header: 0x18 0x23 0xc0 0x0 0x0 0x8 0x2 0x18
[12:05:56]  [OK]CMD Packet Header: 0x18 0x19 0xc0 0x0 0x0 0x5 0x0 0x29
[12:05:58]  [OK]CMD Packet Header: 0x18 0x23 0xc0 0x0 0x0 0x8 0x2 0x18
[12:05:58]  Tracking : Az 80, El 22.
[12:05:59]  [OK]CMD Packet Header: 0x18 0x19 0xc0 0x0 0x0 0x5 0x0 0x29
[12:06:00]  [OK]CMD Packet Header: 0x18 0x23 0xc0 0x0 0x0 0x8 0x2 0x18
[12:06:02]  [OK]CMD Packet Header: 0x18 0x19 0xc0 0x0 0x0 0x5 0x0 0x29
[12:06:04]  Tracking : Az 78, El 22.
[12:06:04]  [OK]CMD Packet Header: 0x18 0x23 0xc0 0x0 0x0 0x8 0x2 0x18
[00:08:42]  [OK]CMD Packet Header: 0x18 0x19 0xc0 0x0 0x0 0x5 0x0 0x29
[12:06:07]  [OK]CMD Packet Header: 0x18 0x23 0xc0 0x0 0x0 0x8 0x2 0x18
[12:06:08]  [OK]CMD Packet Header: 0x18 0x19 0xc0 0x0 0x0 0x5 0x0 0x29
[12:06:10]  [OK]CMD Packet Header: 0x18 0x23 0xc0 0x0 0x0 0x8 0x2 0x18
[12:06:12]  [OK]CMD Packet Header: 0x18 0x19 0xc0 0x0 0x0 0x5 0x0 0x29
[12:06:12]  Tracking : Az 75, El 22.
[12:06:14]  [OK]CMD Packet Header: 0x18 0x23 0xc0 0x0 0x0 0x8 0x2 0x18
[12:06:15]  [OK]CMD Packet Header: 0x18 0x19 0xc0 0x0 0x0 0x5 0x0 0x29
[12:06:16]  [OK]CMD Packet Header: 0x18 0x23 0xc0 0x0 0x0 0x8 0x2 0x18
[12:06:18]  [OK]CMD Packet Header: 0x18 0x19 0xc0 0x0 0x0 0x5 0x0 0x29
[12:06:18]  Tracking : Az 73, El 22.
[12:06:20]  [OK]CMD Packet Header: 0x18 0x23 0xc0 0x0 0x0 0x8 0x2 0x18
[12:06:21]  [OK]CMD Packet Header: 0x18 0x19 0xc0 0x0 0x0 0x5 0x0 0x29
[12:06:22]  [OK]CMD Packet Header: 0x18 0x23 0xc0 0x0 0x0 0x8 0x2 0x18
[12:06:24]  [OK]CMD Packet Header: 0x18 0x19 0xc0 0x0 0x0 0x5 0x0 0x29
[12:06:25]  [OK]CMD Packet Header: 0x18 0x23 0xc0 0x0 0x0 0x8 0x2 0x18
[12:06:26]  Tracking : Az 70, El 22.
[12:06:26]  [OK]CMD Packet Header: 0x18 0x19 0xc0 0x0 0x0 0x5 0x0 0x29
[12:06:28]  [OK]CMD Packet Header: 0x18 0x23 0xc0 0x0 0x0 0x8 0x2 0x18
[12:06:29]  [OK]CMD Packet Header: 0x18 0x19 0xc0 0x0 0x0 0x5 0x0 0x29
[12:06:31]  [OK]CMD Packet Header: 0x18 0x23 0xc0 0x0 0x0 0x8 0x2 0x18
[12:06:32]  Tracking : Az 68, El 22.
[12:06:32]  [OK]CMD Packet Header: 0x18 0x19 0xc0 0x0 0x0 0x5 0x0 0x29
[12:06:34]  [OK]CMD Packet Header: 0x18 0x23 0xc0 0x0 0x0 0x8 0x2 0x18
[12:06:35]  [OK]CMD Packet Header: 0x18 0x19 0xc0 0x0 0x0 0x5 0x0 0x29
[12:06:37]  [OK]CMD Packet Header: 0x18 0x23 0xc0 0x0 0x0 0x8 0x2 0x18
[12:06:38]  [OK]CMD Packet Header: 0x18 0x19 0xc0 0x0 0x0 0x5 0x0 0x29
[12:06:39]  Tracking : Az 65, El 22.
[12:06:39]  [OK]CMD Packet Header: 0x18 0x23 0xc0 0x0 0x0 0x8 0x2 0x18
[12:06:41]  [OK]CMD Packet Header: 0x18 0x19 0xc0 0x0 0x0 0x5 0x0 0x29
[12:06:45]  [OK]CMD Packet Header: 0x18 0x23 0xc0 0x0 0x0 0x8 0x2 0x18
[12:06:46]  [OK]CMD Packet Header: 0x18 0x19 0xc0 0x0 0x0 0x5 0x0 0x29
[12:06:47]  Tracking : Az 62, El 22.
[12:06:50]  [OK]CMD Packet Header: 0x18 0x23 0xc0 0x0 0x0 0x8 0x2 0x18
[12:06:52]  [OK]CMD Packet Header: 0x18 0x19 0xc0 0x0 0x0 0x5 0x0 0x29
[12:06:53]  [OK]CMD Packet Header: 0x18 0x23 0xc0 0x0 0x0 0x8 0x2 0x18
[12:06:53]  Tracking : Az 60, El 22.
[12:06:54]  [OK]CMD Packet Header: 0x18 0x19 0xc0 0x0 0x0 0x5 0x0 0x29
[12:06:56]  [OK]CMD Packet Header: 0x18 0x23 0xc0 0x0 0x0 0x8 0x2 0x18
[12:06:57]  [OK]CMD Packet Header: 0x18 0x19 0xc0 0x0 0x0 0x5 0x0 0x29
[12:06:58]  [OK]CMD Packet Header: 0x18 0x23 0xc0 0x0 0x0 0x8 0x2 0x18
[12:07:00]  [OK]CMD Packet Header: 0x18 0x19 0xc0 0x0 0x0 0x5 0x0 0x29
[12:07:01]  Tracking : Az 57, El 22.
[12:07:01]  AX100 Boot Count : 22206
[12:07:03]  [OK]CMD Packet Header: 0x18 0x23 0xc0 0x0 0x0 0x8 0x2 0x18
[12:07:05]  [OK]CMD Packet Header: 0x18 0x19 0xc0 0x0 0x0 0x5 0x0 0x29
[12:07:06]  [OK]CMD Packet Header: 0x18 0x23 0xc0 0x0 0x0 0x8 0x2 0x18
[12:07:07]  [OK]CMD Packet Header: 0x18 0x19 0xc0 0x0 0x0 0x5 0x0 0x29
[12:07:09]  [OK]CMD Packet Header: 0x18 0x23 0xc0 0x0 0x0 0x8 0x2 0x18
[12:07:10]  [OK]CMD Packet Header: 0x18 0x19 0xc0 0x0 0x0 0x5 0x0 0x29
[12:07:10]  Tracking : Az 54, El 21.
[12:07:12]  [OK]CMD Packet Header: 0x18 0x23 0xc0 0x0 0x0 0x8 0x2 0x18
[12:07:13]  [OK]CMD Packet Header: 0x18 0x19 0xc0 0x0 0x0 0x5 0x0 0x29
[12:07:14]  [OK]CMD Packet Header: 0x18 0x23 0xc0 0x0 0x0 0x8 0x2 0x18
[12:07:15]  [OK]CMD Packet Header: 0x18 0x19 0xc0 0x0 0x0 0x5 0x0 0x29
[12:07:17]  [OK]CMD Packet Header: 0x18 0x23 0xc0 0x0 0x0 0x8 0x2 0x18
[12:07:18]  [OK]CMD Packet Header: 0x18 0x19 0xc0 0x0 0x0 0x5 0x0 0x29
[12:07:19]  Tracking : Az 51, El 21.
[12:07:20]  [OK]CMD Packet Header: 0x18 0x23 0xc0 0x0 0x0 0x8 0x2 0x18
[12:07:21]  [OK]CMD Packet Header: 0x18 0x19 0xc0 0x0 0x0 0x5 0x0 0x29
[12:07:22]  [OK]CMD Packet Header: 0x18 0x23 0xc0 0x0 0x0 0x8 0x2 0x18
[12:07:24]  [OK]CMD Packet Header: 0x18 0x19 0xc0 0x0 0x0 0x5 0x0 0x29
[12:07:25]  [OK]CMD Packet Header: 0x18 0x23 0xc0 0x0 0x0 0x8 0x2 0x18
[12:07:26]  [OK]CMD Packet Header: 0x18 0x19 0xc0 0x0 0x0 0x5 0x0 0x29
[12:07:28]  [OK]CMD Packet Header: 0x18 0x23 0xc0 0x0 0x0 0x8 0x2 0x18
[12:07:28]  Tracking : Az 48, El 21.
[12:07:29]  [OK]CMD Packet Header: 0x18 0x19 0xc0 0x0 0x0 0x5 0x0 0x29
[12:07:31]  [OK]CMD Packet Header: 0x18 0x23 0xc0 0x0 0x0 0x8 0x2 0x18
[12:07:32]  [OK]CMD Packet Header: 0x18 0x19 0xc0 0x0 0x0 0x5 0x0 0x29
[12:07:34]  [OK]CMD Packet Header: 0x18 0x23 0xc0 0x0 0x0 0x8 0x2 0x18
[12:07:35]  [OK]CMD Packet Header: 0x18 0x19 0xc0 0x0 0x0 0x5 0x0 0x29
[12:07:36]  Tracking : Az 46, El 20.
[12:07:37]  [OK]CMD Packet Header: 0x18 0x23 0xc0 0x0 0x0 0x8 0x2 0x18
[12:07:38]  [OK]CMD Packet Header: 0x18 0x19 0xc0 0x0 0x0 0x5 0x0 0x29
[12:07:39]  [OK]CMD Packet Header: 0x18 0x23 0xc0 0x0 0x0 0x8 0x2 0x18
[12:07:41]  [OK]CMD Packet Header: 0x18 0x19 0xc0 0x0 0x0 0x5 0x0 0x29
[12:07:43]  [OK]CMD Packet Header: 0x18 0x23 0xc0 0x0 0x0 0x8 0x2 0x18
[12:07:44]  Tracking : Az 43, El 19.
[12:07:44]  [OK]CMD Packet Header: 0x18 0x19 0xc0 0x0 0x0 0x5 0x0 0x29
[12:07:46]  [OK]CMD Packet Header: 0x18 0x23 0xc0 0x0 0x0 0x8 0x2 0x18
[12:07:47]  [OK]CMD Packet Header: 0x18 0x19 0xc0 0x0 0x0 0x5 0x0 0x29
[12:07:49]  [OK]CMD Packet Header: 0x18 0x23 0xc0 0x0 0x0 0x8 0x2 0x18
[12:07:50]  [OK]CMD Packet Header: 0x18 0x19 0xc0 0x0 0x0 0x5 0x0 0x29
[12:07:51]  [OK]CMD Packet Header: 0x18 0x23 0xc0 0x0 0x0 0x8 0x2 0x18
[12:07:53]  [OK]CMD Packet Header: 0x18 0x19 0xc0 0x0 0x0 0x5 0x0 0x29
[12:07:54]  Tracking : Az 40, El 19.
[12:07:54]  [OK]CMD Packet Header: 0x18 0x23 0xc0 0x0 0x0 0x8 0x2 0x18
[12:07:56]  [OK]CMD Packet Header: 0x18 0x19 0xc0 0x0 0x0 0x5 0x0 0x29
[12:07:58]  [OK]CMD Packet Header: 0x18 0x23 0xc0 0x0 0x0 0x8 0x2 0x18
[12:07:59]  [OK]CMD Packet Header: 0x18 0x19 0xc0 0x0 0x0 0x5 0x0 0x29
[12:08:01]  [OK]CMD Packet Header: 0x18 0x23 0xc0 0x0 0x0 0x8 0x2 0x18
[12:08:02]  [OK]CMD Packet Header: 0x18 0x19 0xc0 0x0 0x0 0x5 0x0 0x29
[12:08:04]  [OK]CMD Packet Header: 0x18 0x23 0xc0 0x0 0x0 0x8 0x2 0x18
[12:08:05]  Tracking : Az 37, El 18.
[12:08:05]  [OK]CMD Packet Header: 0x18 0x19 0xc0 0x0 0x0 0x5 0x0 0x29
[12:08:07]  [OK]CMD Packet Header: 0x18 0x23 0xc0 0x0 0x0 0x8 0x2 0x18
[12:08:08]  [OK]CMD Packet Header: 0x18 0x19 0xc0 0x0 0x0 0x5 0x0 0x29
[12:08:10]  [OK]CMD Packet Header: 0x18 0x23 0xc0 0x0 0x0 0x8 0x2 0x18
[12:08:11]  [OK]CMD Packet Header: 0x18 0x19 0xc0 0x0 0x0 0x5 0x0 0x29
[12:08:13]  AX100 Boot Count : 22206
[12:08:14]  [OK]CMD Packet Header: 0x18 0x23 0xc0 0x0 0x0 0x8 0x2 0x18
[12:08:16]  [OK]CMD Packet Header: 0x18 0x19 0xc0 0x0 0x0 0x5 0x0 0x29
[12:08:16]  Tracking : Az 34, El 17.
[12:08:17]  Remote Param Control OK. Last RSSI : -99
[12:08:18]  [OK]CMD Packet Header: 0x18 0x23 0xc0 0x0 0x0 0x8 0x2 0x18
[12:08:19]  [OK]CMD Packet Header: 0x18 0x19 0xc0 0x0 0x0 0x5 0x0 0x29
[12:08:21]  [OK]CMD Packet Header: 0x18 0x23 0xc0 0x0 0x0 0x8 0x2 0x18
[12:08:22]  [OK]CMD Packet Header: 0x18 0x19 0xc0 0x0 0x0 0x5 0x0 0x29
[12:08:24]  [OK]CMD Packet Header: 0x18 0x23 0xc0 0x0 0x0 0x8 0x2 0x18
[12:08:25]  [OK]CMD Packet Header: 0x18 0x19 0xc0 0x0 0x0 0x5 0x0 0x29
[12:08:26]  [OK]CMD Packet Header: 0x18 0x23 0xc0 0x0 0x0 0x8 0x2 0x18
[12:08:27]  [OK]CMD Packet Header: 0x18 0x19 0xc0 0x0 0x0 0x5 0x0 0x29
[12:08:29]  Tracking : Az 31, El 16.
[12:08:30]  [OK]CMD Packet Header: 0x18 0x23 0xc0 0x0 0x0 0x8 0x2 0x18
[12:08:31]  [OK]CMD Packet Header: 0x18 0x19 0xc0 0x0 0x0 0x5 0x0 0x29
[12:08:33]  [OK]CMD Packet Header: 0x18 0x23 0xc0 0x0 0x0 0x8 0x2 0x18
[12:08:34]  [OK]CMD Packet Header: 0x18 0x19 0xc0 0x0 0x0 0x5 0x0 0x29
[12:08:36]  AX100 Boot Count : 22206
[12:08:38]  AX100 Boot Count : 22206
[12:08:40]  [OK]CMD Packet Header: 0x18 0x23 0xc0 0x0 0x0 0x8 0x2 0x18
[12:08:41]  [OK]CMD Packet Header: 0x18 0x19 0xc0 0x0 0x0 0x5 0x0 0x29
[12:08:42]  Tracking : Az 28, El 15.
[12:08:47]  AX100 Boot Count : 22206
[12:08:50]  AX100 Boot Count : 22206
[12:08:51]  AX100 Boot Count : 22206
[12:08:53]  AX100 Boot Count : 22206
[12:08:55]  AX100 Boot Count : 22206
[12:08:57]  Tracking : Az 25, El 14.
[12:09:03]  Cannot Load Remote Parameter.
[12:09:09]  Cannot Load Remote Parameter.
[12:09:13]  Ping Failed.
[12:09:13]  Tracking : Az 22, El 12.
[12:09:20]  Ping Failed.
[12:09:24]  Cannot Load Remote Parameter.
[12:09:29]  Ping Failed.
[12:09:31]  Tracking : Az 19, El 11.
[12:09:33]  Cannot Load Remote Parameter.
[12:09:47]  Cannot Load Remote Parameter.
[12:09:51]  Tracking : Az 16, El 9.
[12:10:03]  Ping Failed.
[12:10:09]  Forked Safe Amplifier Process. (OFF)
[12:10:15]  Tracking : Az 13, El 8.
[12:10:31]  Finish Engaging.
[12:10:31]  Beacon Success : 0, Ping Success : 3
[12:11:28]  Start Engaging.
[12:11:28]  Tracking : Az 149, El 0.
[12:11:30]  Tracking : Az 149, El 0.
[12:11:32]  Tracking : Az 149, El 0.
[12:11:34]  Tracking : Az 149, El 0.
[12:11:36]  Tracking : Az 149, El 0.
[12:11:38]  Tracking : Az 149, El 0.
[12:11:40]  Tracking : Az 149, El 0.
[12:11:42]  Tracking : Az 149, El 0.
[12:11:44]  Tracking : Az 149, El 0.
[12:11:46]  Tracking : Az 149, El 0.
[12:11:48]  Tracking : Az 149, El 0.
[12:11:50]  Tracking : Az 149, El 0.
[12:11:52]  Tracking : Az 149, El 0.
[12:14:28]  Start Doppler Correction.
[12:22:22]  Forked Safe Amplifier Process.(ON, Timer)
[12:23:01]  Tracking : Az 147, El 3.
[12:23:07]  Ping Success at node 5, 476ms
[12:23:16]  AX100 Boot Count : 187
[12:23:22]  Ping Success at node 5, 478ms
[12:23:42]  Tracking : Az 145, El 6.
[12:23:46]  [OK]CMD Packet Header: 0x18 0x75 0xc0 0x0 0x0 0x1 0x14 0x47
[12:23:46]  Received Report from port : 25.
[12:23:47]  Received Report from port : 25.
[12:23:47]  Received Report from port : 25.
[12:24:04]  [OK]CMD Packet Header: 0x18 0x75 0xc0 0x0 0x0 0x1 0x1a 0x49
[12:24:05]  Received Report from port : 25.
[12:24:05]  Received Report from port : 25.
[12:24:06]  Received Report from port : 25.
[12:24:16]  [OK]CMD Packet Header: 0x18 0x75 0xc0 0x0 0x0 0x1 0x17 0x44
[12:24:17]  Received Report from port : 25.
[12:24:17]  Received Report from port : 25.
[12:24:17]  Received Report from port : 25.
[12:24:18]  Tracking : Az 142, El 9.
[12:24:30]  [OK]CMD Packet Header: 0x18 0x75 0xc0 0x0 0x0 0x1 0x14 0x47
[12:24:31]  Received Report from port : 25.
[12:24:32]  Received Report from port : 25.
[12:24:32]  Received Report from port : 25.
[12:24:40]  Tracking : Az 141, El 11.
[12:24:52]  [OK]CMD Packet Header: 0x18 0x75 0xc0 0x0 0x0 0x5 0x1e 0xa2
[12:24:57]  Ping Success at node 5, 474ms
[12:24:59]  [OK]CMD Packet Header: 0x18 0x75 0xc0 0x0 0x0 0x5 0x1e 0xa2
[12:25:00]  Received Report from port : 25.
[12:25:00]  Tracking : Az 139, El 13.
[12:25:01]  Received Report from port : 25.
[12:25:01]  Received Report from port : 25.
[12:25:07]  [OK]CMD Packet Header: 0x18 0x50 0xc0 0x0 0x0 0x1 0x6 0x70
[12:25:08]  Received Report from port : 25.
[12:25:08]  Received Report from port : 25.
[12:25:09]  Received Report from port : 25.
[12:25:21]  [OK]CMD Packet Header: 0x18 0x75 0xc0 0x0 0x0 0x1 0x14 0x47
[12:25:22]  Tracking : Az 136, El 15.
[12:25:22]  Received Report from port : 25.
[12:25:23]  Received Report from port : 25.
[12:25:23]  Received Report from port : 25.
[12:25:43]  Tracking : Az 134, El 18.
[12:25:56]  Tracking : Az 131, El 19.
[12:26:12]  Tracking : Az 129, El 22.
[12:26:16]  Ping Success at node 5, 465ms
[12:26:22]  Tracking : Az 126, El 23.
[12:26:35]  Tracking : Az 123, El 25.
[12:26:43]  Tracking : Az 121, El 27.
[12:26:53]  Tracking : Az 118, El 28.
[12:26:59]  Tracking : Az 116, El 29.
[12:27:08]  Tracking : Az 113, El 31.
[12:27:16]  Tracking : Az 110, El 32.
[12:27:23]  Tracking : Az 107, El 33.
[12:27:23]  [OK]CMD Packet Header: 0x18 0x65 0xc0 0x0 0x0 0x3f 0x1a 0x67
[12:27:24]  Received Report from port : 25.
[12:27:25]  Received Report from port : 25.
[12:27:25]  Received Report from port : 25.
[12:27:29]  Tracking : Az 105, El 34.
[12:27:34]  Tracking : Az 102, El 35.
[12:27:40]  Tracking : Az 99, El 36.
[12:27:46]  Tracking : Az 96, El 37.
[12:27:52]  Tracking : Az 93, El 38.
[12:27:54]  Ping Success at node 5, 462ms
[12:27:58]  Tracking : Az 89, El 38.
[12:28:03]  Tracking : Az 86, El 39.
[12:28:08]  Tracking : Az 83, El 39.
[12:28:13]  Tracking : Az 80, El 39.
[12:28:15]  [OK]CMD Packet Header: 0x18 0x65 0xc0 0x0 0x0 0x2b 0x1b 0xc1
[12:28:16]  Received Report from port : 25.
[12:28:17]  Received Report from port : 25.
[12:28:17]  Received Report from port : 25.
[12:28:19]  Tracking : Az 76, El 39.
[12:28:24]  Tracking : Az 73, El 40.
[12:28:29]  Tracking : Az 70, El 40.
[12:28:33]  Tracking : Az 67, El 39.
[12:28:38]  Tracking : Az 64, El 39.
[12:28:44]  Tracking : Az 61, El 39.
[12:28:49]  Tracking : Az 57, El 39.
[12:28:55]  Tracking : Az 54, El 38.
[12:29:00]  Tracking : Az 51, El 37.
[12:29:05]  Tracking : Az 48, El 37.
[12:29:11]  Tracking : Az 45, El 36.
[12:29:17]  Tracking : Az 42, El 35.
[12:29:23]  Tracking : Az 39, El 34.
[12:29:28]  [OK]CMD Packet Header: 0x18 0x75 0xc0 0x0 0x0 0x1 0x14 0x47
[12:29:29]  Received Report from port : 25.
[12:29:30]  Received Report from port : 25.
[12:29:30]  Received Report from port : 25.
[12:29:31]  Tracking : Az 36, El 33.
[12:29:38]  Tracking : Az 33, El 32.
[12:29:42]  [OK]CMD Packet Header: 0x18 0x75 0xc0 0x0 0x0 0x1 0x1a 0x0
[12:29:43]  Received Report from port : 25.
[12:29:44]  Received Report from port : 25.
[12:29:44]  Received Report from port : 25.
[12:29:46]  Tracking : Az 30, El 30.
[12:29:53]  [OK]CMD Packet Header: 0x18 0x75 0xc0 0x0 0x0 0x1 0x1a 0x49
[12:29:54]  Received Report from port : 25.
[12:29:54]  Received Report from port : 25.
[12:29:54]  Received Report from port : 25.
[12:29:55]  Tracking : Az 27, El 29.
[12:30:00]  [OK]CMD Packet Header: 0x18 0x75 0xc0 0x0 0x0 0x1 0x1a 0x0
[12:30:01]  Received Report from port : 25.
[12:30:01]  Received Report from port : 25.
[12:30:02]  Received Report from port : 25.
[12:30:04]  Tracking : Az 24, El 27.
[12:30:10]  [OK]CMD Packet Header: 0x18 0x75 0xc0 0x0 0x0 0x1 0x1a 0x49
[12:30:10]  Received Report from port : 25.
[12:30:11]  Received Report from port : 25.
[12:30:11]  Received Report from port : 25.
[12:30:16]  Tracking : Az 21, El 25.
[12:30:24]  Tracking : Az 19, El 24.
[12:30:36]  [OK]CMD Packet Header: 0x18 0x75 0xc0 0x0 0x0 0x1 0x1a 0x0
[12:30:37]  Received Report from port : 25.
[12:30:38]  Received Report from port : 25.
[12:30:38]  Received Report from port : 25.
[12:30:38]  Tracking : Az 16, El 22.
[12:30:43]  [OK]CMD Packet Header: 0x18 0x75 0xc0 0x0 0x0 0x1 0x1a 0x49
[12:30:44]  Received Report from port : 25.
[12:30:45]  Received Report from port : 25.
[12:30:45]  Received Report from port : 25.
[12:30:49]  [OK]CMD Packet Header: 0x18 0x75 0xc0 0x0 0x0 0x1 0x1a 0x0
[12:30:50]  Received Report from port : 25.
[12:30:51]  Received Report from port : 25.
[12:30:51]  Received Report from port : 25.
[12:30:55]  Tracking : Az 13, El 19.
[12:31:07]  Tracking : Az 11, El 18.
[12:31:26]  Tracking : Az 9, El 15.
[12:31:27]  [OK]CMD Packet Header: 0x18 0x75 0xc0 0x0 0x0 0x1 0x1a 0x49
[12:31:28]  Received Report from port : 25.
[12:31:28]  Received Report from port : 25.
[12:31:29]  Received Report from port : 25.
[12:31:32]  [OK]CMD Packet Header: 0x18 0x75 0xc0 0x0 0x0 0x1 0x1a 0x0
[12:31:33]  Received Report from port : 25.
[12:31:33]  Received Report from port : 25.
[12:31:33]  Received Report from port : 25.
[12:31:37]  [OK]CMD Packet Header: 0x18 0x75 0xc0 0x0 0x0 0x1 0x1a 0x49
[12:31:38]  Received Report from port : 25.
[12:31:39]  Received Report from port : 25.
[12:31:39]  Received Report from port : 25.
[12:31:42]  [OK]CMD Packet Header: 0x18 0x75 0xc0 0x0 0x0 0x1 0x1a 0x0
[12:31:43]  Received Report from port : 25.
[12:31:43]  Received Report from port : 25.
[12:31:44]  Received Report from port : 25.
[12:31:46]  Tracking : Az 6, El 13.
[12:32:01]  [OK]CMD Packet Header: 0x18 0x75 0xc0 0x0 0x0 0x1 0x1a 0x49
[12:32:02]  Received Report from port : 25.
[12:32:02]  Received Report from port : 25.
[12:32:03]  Received Report from port : 25.
[12:32:07]  [OK]CMD Packet Header: 0x18 0x75 0xc0 0x0 0x0 0x1 0x1a 0x0
[12:32:13]  [OK]CMD Packet Header: 0x18 0x75 0xc0 0x0 0x0 0x1 0x1a 0x49
[12:32:13]  Tracking : Az 4, El 10.
[12:32:21]  Ping Success at node 5, 474ms
[12:32:23]  [OK]CMD Packet Header: 0x18 0x75 0xc0 0x0 0x0 0x1 0x1a 0x0
[12:32:24]  Received Report from port : 25.
[12:32:24]  Received Report from port : 25.
[12:32:25]  Received Report from port : 25.
[12:32:34]  [OK]CMD Packet Header: 0x18 0x75 0xc0 0x0 0x0 0x1 0x1a 0x49
[12:32:35]  Received Report from port : 25.
[12:32:35]  Received Report from port : 25.
[12:32:35]  Received Report from port : 25.
[12:32:42]  [OK]CMD Packet Header: 0x18 0x75 0xc0 0x0 0x0 0x1 0x14 0x47
[12:32:43]  Received Report from port : 25.
[12:32:44]  Received Report from port : 25.
[12:32:44]  Received Report from port : 25.
[12:32:46]  Tracking : Az 1, El 8.
[12:33:11]  Tracking : Az 0, El 5.
[12:33:12]  [OK]CMD Packet Header: 0x18 0x75 0xc0 0x0 0x0 0x1 0x14 0x47
[12:33:13]  Received Report from port : 25.
[12:33:13]  Received Report from port : 25.
[12:33:13]  Received Report from port : 25.
[12:33:19]  Tracking : Az 359, El 5.
[12:33:20]  [OK]CMD Packet Header: 0x18 0x75 0xc0 0x0 0x0 0x1 0x1a 0x0
[12:33:21]  Received Report from port : 25.
[12:33:21]  Received Report from port : 25.
[12:33:21]  Tracking : Az 359, El 5.
[12:33:21]  Received Report from port : 25.
[12:33:23]  Tracking : Az 359, El 5.
[12:33:25]  Tracking : Az 359, El 4.
[12:33:27]  Tracking : Az 359, El 4.
[12:33:29]  Tracking : Az 359, El 4.
[12:33:31]  Tracking : Az 359, El 4.
[12:33:33]  Tracking : Az 359, El 4.
[12:33:35]  Tracking : Az 359, El 4.
[12:33:37]  Tracking : Az 359, El 4.
[12:33:38]  Forked Safe Amplifier Process. (OFF)
[12:33:39]  Tracking : Az 358, El 3.
[12:33:41]  Tracking : Az 358, El 3.
[12:33:43]  Finish Engaging.
[12:33:43]  Beacon Success : 0, Ping Success : 6
[12:33:44]  Tracking : Az 0, El 0.
