2025-12-13 02:08
[02:08:47]  Connect to Switch Box.............Success.
[02:08:47]  Connect to Rotator................Success.
[02:08:47]  Connect to GS100..................Success.
[02:08:47]  TM Port 13 bind success.
[02:08:47]  BCN Port 31 bind success.
[02:08:47]  RPT Port 25 bind success.
[02:08:52]  TLE "cubesat" Download Completed.
[02:08:56]  Start Engaging.
[02:08:56]  Tracking : Az 209, El 9.
[02:08:57]  Start Doppler Correction.
[02:08:58]  Forked Safe Amplifier Process.(ON, Timer)
[02:09:34]  Tracking : Az 207, El 5.
[02:09:54]  Ping Failed.
[02:09:57]  Ping Success at node 5, 465ms
[02:10:28]  Tracking : Az 206, El 1.
[02:10:52]  Ping Success at node 5, 477ms
[02:10:58]  Ping Failed.
[02:11:03]  Ping Failed.
[02:11:06]  Ping Failed.
[02:11:08]  Forked Safe Amplifier Process. (OFF)
[02:11:09]  Finish Engaging.
[02:11:09]  Beacon Success : 0, Ping Success : 2
[02:11:19]  Tracking : Az 0, El 0.
