2025-12-10 18:31
[18:31:04]  Connect to Switch Box.............Success.
[18:31:04]  Connect to Rotator................Success.
[18:31:04]  Connect to GS100..................Success.
[18:31:04]  TM Port 13 bind success.
[18:31:04]  BCN Port 31 bind success.
[18:31:04]  RPT Port 25 bind success.
[18:31:05]  Forked Safe Amplifier Process.(ON, Timer)
[18:31:10]  [OK]CMD Packet Header: 0x18 0x75 0xc0 0x0 0x0 0x5 0x1e 0x49
[18:31:11]  [OK]CMD Packet Header: 0x18 0x75 0xc0 0x0 0x0 0x5 0x1e 0x49
[18:31:11]  [OK]CMD Packet Header: 0x18 0x75 0xc0 0x0 0x0 0x5 0x1e 0x49
[18:31:12]  [OK]CMD Packet Header: 0x18 0x75 0xc0 0x0 0x0 0x5 0x1e 0x49
[18:31:12]  [OK]CMD Packet Header: 0x18 0x75 0xc0 0x0 0x0 0x5 0x1e 0x49
[18:31:13]  [OK]CMD Packet Header: 0x18 0x75 0xc0 0x0 0x0 0x5 0x1e 0x49
[18:31:23]  [OK]CMD Packet Header: 0x18 0x75 0xc0 0x0 0x0 0x5 0x1f 0x48
[18:31:24]  [OK]CMD Packet Header: 0x18 0x75 0xc0 0x0 0x0 0x5 0x1f 0x48
[18:31:24]  [OK]CMD Packet Header: 0x18 0x75 0xc0 0x0 0x0 0x5 0x1f 0x48
[18:31:24]  [OK]CMD Packet Header: 0x18 0x75 0xc0 0x0 0x0 0x5 0x1f 0x48
[18:31:25]  [OK]CMD Packet Header: 0x18 0x75 0xc0 0x0 0x0 0x5 0x1f 0x48
[18:31:25]  [OK]CMD Packet Header: 0x18 0x75 0xc0 0x0 0x0 0x5 0x1f 0x48
[18:31:28]  Forked Safe Amplifier Process. (OFF)
