2026-01-10 12:48
[12:48:39]  Connect to Switch Box.............Success.
[12:48:39]  Connect to Rotator................Success.
[12:48:39]  Connect to GS100..................Success.
[12:48:39]  TM Port 13 bind success.
[12:48:39]  BCN Port 31 bind success.
[12:48:39]  RPT Port 25 bind success.
[12:48:39]  Event Port 27 bind success.
[12:48:39]  COSMIC Beacon Port 23 bind success.
[12:48:39]  COSMIC Report Port 24 bind success.
[12:48:54]  TLE "cubesat" Download Completed.
[12:55:15]  Start Engaging.
[12:55:15]  Tracking : Az 171, El 0.
[12:55:17]  Tracking : Az 171, El 0.
[12:55:17]  Start Doppler Correction.
[12:55:19]  Tracking : Az 171, El 0.
[12:55:21]  Tracking : Az 171, El 0.
[12:55:23]  Tracking : Az 171, El 0.
[12:55:25]  Tracking : Az 171, El 0.
[12:55:27]  Tracking : Az 171, El 0.
[12:55:29]  Tracking : Az 171, El 0.
[12:55:31]  Tracking : Az 171, El 0.
[12:55:33]  Tracking : Az 171, El 0.
[12:55:35]  Tracking : Az 171, El 0.
[12:55:37]  Tracking : Az 171, El 0.
[12:55:39]  Tracking : Az 171, El 0.
[12:55:41]  Tracking : Az 171, El 0.
[12:55:43]  Tracking : Az 171, El 0.
[12:59:59]  Forked Safe Amplifier Process.(ON, Timer)
[13:00:10]  Ping Failed.
[13:00:39]  Tracking : Az 172, El 3.
[13:00:48]  Ping Failed.
[13:01:12]  Ping Success at node 5, 469ms
[13:01:16]  Ping Failed.
[13:01:18]  Tracking : Az 173, El 6.
[13:01:22]  Ping Failed.
[13:01:46]  Ping Failed.
[13:01:53]  Tracking : Az 174, El 9.
[13:01:57]  Ping Failed.
[13:02:07]  Ping Failed.
[13:02:13]  Tracking : Az 174, El 11.
[13:02:19]  Ping Failed.
[13:02:32]  Tracking : Az 175, El 13.
[13:02:36]  Ping Success at node 5, 469ms
[13:02:38]  Ping Success at node 5, 462ms
[13:02:41]  AX100 Boot Count : 22242
[13:02:44]  Remote Param Control OK.(No Reply)
[13:02:50]  Cannot Load Remote Parameter.
[13:02:53]  AX100 Boot Count : 22242
[13:02:56]  Tracking : Az 176, El 16.
[13:02:57]  Remote Param Control OK. rssi_busy : 0
[13:02:58]  Total RX Bytes : 66835
[13:03:03]  Cannot Load Remote Parameter.
[13:03:05]  Remote Param Control OK. can_en : true
[13:03:09]  Cannot Load Remote Parameter.
[13:03:11]  Tracking : Az 176, El 18.
[13:03:13]  Cannot Load Remote Parameter.
[13:03:17]  Cannot Load Remote Parameter.
[13:03:20]  Ping Failed.
[13:03:25]  Ping Failed.
[13:03:30]  Ping Failed.
[13:03:30]  Tracking : Az 177, El 21.
[13:03:35]  Ping Failed.
[13:03:47]  Tracking : Az 179, El 24.
[13:03:50]  Ping Failed.
[13:03:54]  Ping Failed.
[13:04:02]  Ping Success at node 5, 462ms
[13:04:02]  Tracking : Az 180, El 27.
[13:04:06]  AX100 Boot Count : 22242
[13:04:09]  Remote Param Control OK. tx_inhibit : 0
[13:04:10]  Remote Param Control OK. tx_pwr : 3
[13:04:13]  Remote Param Control OK. csp_rtable : 0/0 AX100, 3/5 CAN, 6/5 CAN
[13:04:15]  Tracking : Az 181, El 30.
[13:04:16]  Remote Param Control OK. Active Conf : 1
[13:04:19]  Cannot Load Remote Parameter.
[13:04:26]  Tracking : Az 183, El 33.
[13:04:28]  Ping Failed at node 3.
[13:04:33]  Ping Failed.
[13:04:36]  Ping Success at node 5, 457ms
[13:04:37]  Tracking : Az 184, El 36.
[13:04:41]  Ping Failed at node 3.
[13:04:44]  Remote Param Control OK. Last RSSI : -95
[13:04:46]  Remote Param Control OK. rx_guard : 0
[13:04:47]  Tracking : Az 186, El 39.
[13:04:48]  Remote Param Control OK. tx_guard : 50
[13:04:51]  Remote Param Control OK. rx_baud : 4800
[13:04:52]  Remote Param Control OK. tx_baud : 4800
[13:04:54]  Remote Param Control OK.(No Reply)
[13:04:55]  Tracking : Az 188, El 42.
[13:05:02]  Ping Success at node 5, 468ms
[13:05:02]  Tracking : Az 190, El 44.
[13:05:07]  Ping Failed at node 3.
[13:05:09]  Ping Success at node 5, 466ms
[13:05:09]  Tracking : Az 192, El 47.
[13:05:14]  Ping Failed at node 3.
[13:05:16]  Tracking : Az 194, El 50.
[13:05:17]  Ping Success at node 5, 453ms
[13:05:21]  Ping Failed at node 3.
[13:05:22]  Tracking : Az 197, El 52.
[13:05:28]  Ping Success at node 5, 460ms
[13:05:28]  Tracking : Az 200, El 55.
[13:05:32]  Ping Failed at node 3.
[13:05:32]  Tracking : Az 203, El 57.
[13:05:34]  Ping Success at node 5, 462ms
[13:05:38]  Tracking : Az 207, El 59.
[13:05:39]  Ping Failed at node 3.
[13:05:42]  Ping Success at node 5, 458ms
[13:05:42]  Tracking : Az 210, El 61.
[13:05:46]  Tracking : Az 214, El 63.
[13:05:47]  Ping Failed at node 3.
[13:05:49]  Ping Success at node 5, 453ms
[13:05:49]  Tracking : Az 218, El 64.
[13:05:53]  Tracking : Az 223, El 65.
[13:05:54]  Ping Failed at node 3.
[13:05:55]  Tracking : Az 225, El 66.
[13:05:56]  Ping Success at node 5, 453ms
[13:05:57]  Tracking : Az 228, El 67.
[13:05:59]  Tracking : Az 232, El 67.
[13:06:01]  Ping Failed at node 3.
[13:06:02]  Tracking : Az 237, El 68.
[13:06:04]  Tracking : Az 240, El 69.
[13:06:06]  Tracking : Az 244, El 69.
[13:06:08]  Tracking : Az 248, El 69.
[13:06:10]  Tracking : Az 252, El 69.
[13:06:11]  Ping Success at node 5, 458ms
[13:06:12]  Tracking : Az 256, El 70.
[13:06:14]  Tracking : Az 260, El 70.
[13:06:16]  Ping Failed at node 3.
[13:06:16]  Tracking : Az 264, El 69.
[13:06:18]  Ping Success at node 5, 458ms
[13:06:18]  Tracking : Az 268, El 69.
[13:06:20]  Tracking : Az 272, El 69.
[13:06:23]  Ping Failed at node 3.
[13:06:23]  Tracking : Az 277, El 68.
[13:06:25]  Tracking : Az 281, El 68.
[13:06:26]  Ping Success at node 5, 465ms
[13:06:27]  Tracking : Az 284, El 68.
[13:06:29]  Tracking : Az 287, El 67.
[13:06:30]  Ping Failed at node 3.
[13:06:31]  Tracking : Az 290, El 66.
[13:06:32]  Ping Success at node 5, 465ms
[13:06:33]  Tracking : Az 293, El 66.
[13:06:37]  Ping Failed at node 3.
[13:06:37]  Tracking : Az 298, El 64.
[13:06:40]  Ping Success at node 5, 468ms
[13:06:40]  Tracking : Az 302, El 63.
[13:06:43]  Ping Failed at node 3.
[13:06:44]  Forked Safe Amplifier Process. (OFF)
[13:06:44]  Tracking : Az 306, El 61.
[13:06:48]  Finish Engaging.
[13:06:48]  Beacon Success : 0, Ping Success : 18
[13:06:50]  Tracking : Az 0, El 0.
