2026-01-12 12:20
[12:20:05]  Connect to Switch Box.............Success.
[12:20:05]  Connect to Rotator................Success.
[12:20:05]  Connect to GS100..................Success.
[12:20:05]  TM Port 13 bind success.
[12:20:05]  BCN Port 31 bind success.
[12:20:05]  RPT Port 25 bind success.
[12:20:05]  Event Port 27 bind success.
[12:20:05]  COSMIC Beacon Port 23 bind success.
[12:20:05]  COSMIC Report Port 24 bind success.
[12:20:56]  TLE "active" Download Completed.
[12:22:00]  Start Engaging.
[12:22:00]  Tracking : Az 150, El 0.
[12:22:02]  Start Doppler Correction.
[12:22:02]  Tracking : Az 150, El 0.
[12:22:04]  Tracking : Az 150, El 0.
[12:22:06]  Tracking : Az 150, El 0.
[12:22:08]  Tracking : Az 150, El 0.
[12:22:10]  Tracking : Az 150, El 0.
[12:22:12]  Tracking : Az 150, El 0.
[12:22:14]  Tracking : Az 150, El 0.
[12:22:16]  Tracking : Az 150, El 0.
[12:22:18]  Tracking : Az 150, El 0.
[12:22:20]  Tracking : Az 150, El 0.
[12:22:22]  Tracking : Az 150, El 0.
[12:22:24]  Tracking : Az 150, El 0.
[12:22:26]  Tracking : Az 150, El 0.
[12:23:40]  Forked Safe Amplifier Process.(ON, Timer)
[12:24:03]  Ping Failed.
[12:24:33]  Ping Success at node 5, 472ms
[12:24:34]  Tracking : Az 148, El 3.
[12:24:39]  [OK]CMD Packet Header: 0x18 0x75 0xc0 0x0 0x0 0x1 0x14 0x47
[12:24:48]  Cannot Load Remote Parameter.
[12:24:56]  Ping Failed.
[12:25:10]  Tracking : Az 146, El 5.
[12:25:14]  Ping Failed.
[12:25:25]  Ping Failed.
[12:25:28]  Tracking : Az 145, El 7.
[12:25:35]  Ping Failed.
[12:25:48]  Ping Failed.
[12:25:51]  Tracking : Az 144, El 9.
[12:25:58]  Ping Success at node 5, 472ms
[12:26:00]  [OK]CMD Packet Header: 0x18 0x75 0xc0 0x0 0x0 0x1 0x14 0x47
[12:26:06]  Ping Success at node 5, 469ms
[12:26:08]  AX100 Boot Count : 189
[12:26:10]  [OK]CMD Packet Header: 0x18 0x75 0xc0 0x0 0x0 0x1 0x14 0x47
[12:26:11]  Received Report from port : 25.
[12:26:12]  Tracking : Az 142, El 11.
[12:26:13]  Received Report from port : 25.
[12:26:15]  Received Report from port : 25.
[12:26:27]  [OK]CMD Packet Header: 0x18 0x75 0xc0 0x0 0x0 0x5 0x1e 0xa2
[12:26:27]  Received Report from port : 25.
[12:26:30]  Received Report from port : 25.
[12:26:32]  Received Report from port : 25.
[12:26:32]  Tracking : Az 141, El 13.
[12:26:52]  [OK]CMD Packet Header: 0x18 0x50 0xc0 0x0 0x0 0x1 0x6 0x70
[12:26:53]  Received Report from port : 25.
[12:26:53]  Tracking : Az 138, El 15.
[12:26:55]  Received Report from port : 25.
[12:26:57]  Received Report from port : 25.
[12:27:11]  [OK]CMD Packet Header: 0x18 0x30 0xc0 0x0 0x0 0x1 0x0 0x16
[12:27:11]  Received Report from port : 25.
[12:27:13]  Received Report from port : 25.
[12:27:14]  Tracking : Az 136, El 18.
[12:27:15]  Received Report from port : 25.
[12:27:26]  [OK]CMD Packet Header: 0x18 0x30 0xc0 0x0 0x0 0x2 0x3 0x17
[12:27:28]  Received Report from port : 25.
[12:27:30]  Received Report from port : 25.
[12:27:32]  Received Report from port : 25.
[12:27:36]  Tracking : Az 132, El 21.
[12:27:39]  [OK]CMD Packet Header: 0x18 0x30 0xc0 0x0 0x0 0x3 0x5 0x13
[12:27:40]  Received Report from port : 25.
[12:27:42]  Received Report from port : 25.
[12:27:44]  Received Report from port : 25.
[12:27:52]  Tracking : Az 129, El 23.
[12:27:53]  [OK]CMD Packet Header: 0x18 0x30 0xc0 0x0 0x0 0x3 0x6 0x10
[12:27:54]  Received Report from port : 25.
[12:27:56]  Received Report from port : 25.
[12:27:58]  Received Report from port : 25.
[12:28:05]  Tracking : Az 126, El 25.
[12:28:17]  Tracking : Az 123, El 27.
[12:28:30]  Tracking : Az 119, El 30.
[12:28:36]  [OK]CMD Packet Header: 0x18 0x30 0xc0 0x0 0x0 0x3 0x6 0x11
[12:28:38]  Received Report from port : 25.
[12:28:39]  Tracking : Az 116, El 31.
[12:28:40]  Received Report from port : 25.
[12:28:42]  Received Report from port : 25.
[12:28:47]  Tracking : Az 113, El 33.
[12:28:55]  Tracking : Az 110, El 34.
[12:29:01]  Tracking : Az 107, El 35.
[12:29:09]  Tracking : Az 104, El 37.
[12:29:15]  Tracking : Az 100, El 38.
[12:29:21]  Tracking : Az 97, El 38.
[12:29:26]  Tracking : Az 94, El 39.
[12:29:27]  [OK]CMD Packet Header: 0x18 0x31 0xc0 0x0 0x0 0x1 0x0 0x17
[12:29:27]  Received Report from port : 25.
[12:29:29]  Received Report from port : 25.
[00:08:09]  Tracking : Az 91, El 40.
[12:29:31]  Received Report from port : 25.
[12:29:33]  Received Report from port : 25.
[12:29:36]  Received Report from port : 25.
[12:29:37]  Tracking : Az 87, El 40.
[12:29:38]  Received Report from port : 25.
[12:29:42]  Tracking : Az 84, El 41.
[12:29:46]  Tracking : Az 81, El 41.
[12:29:51]  Tracking : Az 78, El 41.
[12:29:55]  Tracking : Az 75, El 41.
[12:29:58]  Ping Success at node 5, 459ms
[12:30:00]  [OK]CMD Packet Header: 0x18 0x23 0xc0 0x0 0x0 0x8 0x2 0x6
[12:30:01]  Received Event from port : 27.

[12:30:01]  Tracking : Az 71, El 41.
[12:30:03]  Received Event from port : 27.

[12:30:07]  Tracking : Az 67, El 41.
[12:30:11]  Received Event from port : 27.

[12:30:11]  Tracking : Az 64, El 41.
[12:30:17]  Tracking : Az 60, El 41.
[12:30:21]  Received Event from port : 27.

[12:30:23]  Tracking : Az 56, El 40.
[12:30:28]  Tracking : Az 53, El 40.
[12:30:29]  Ping Success at node 5, 465ms
[12:30:31]  Received Event from port : 27.

[12:30:32]  [OK]CMD Packet Header: 0x18 0x30 0xc0 0x0 0x0 0x7 0xa 0x29
[12:30:34]  Tracking : Az 50, El 39.
[12:30:37]  Received Event from port : 27.

[12:30:38]  Tracking : Az 47, El 38.
[12:30:41]  Received Event from port : 27.

[12:30:44]  Tracking : Az 44, El 37.
[12:30:50]  Tracking : Az 41, El 36.
[12:30:51]  Received Event from port : 27.

[12:30:56]  Tracking : Az 38, El 35.
[12:30:58]  [OK]CMD Packet Header: 0x18 0x31 0xc0 0x0 0x0 0x7 0xa 0x28
[12:30:59]  Received Event from port : 27.

[12:31:01]  Received Report from port : 25.
[12:31:02]  Tracking : Az 35, El 34.
[12:31:03]  Received Report from port : 25.
[12:31:05]  Received Report from port : 25.
[12:31:07]  Received Event from port : 27.

[12:31:09]  Received Report from port : 25.
[12:31:10]  Tracking : Az 32, El 33.
[12:31:11]  Received Report from port : 25.
[12:31:13]  Received Report from port : 25.
[12:31:15]  Received Event from port : 27.

[12:31:17]  Tracking : Az 29, El 32.
[12:31:18]  Received Event from port : 27.

[12:31:21]  [OK]CMD Packet Header: 0x18 0x31 0xc0 0x0 0x0 0x7 0xa 0x29
[12:31:27]  Tracking : Az 26, El 30.
[12:31:31]  Received Event from port : 27.

[12:31:37]  Ping Success at node 5, 468ms
[12:31:39]  Tracking : Az 22, El 28.
[12:31:41]  Received Event from port : 27.

[12:31:44]  [OK]CMD Packet Header: 0x18 0x31 0xc0 0x0 0x0 0x7 0xa 0x29
[12:31:45]  Received Event from port : 27.

[12:31:47]  Received Report from port : 25.
[12:31:49]  Received Report from port : 25.
[12:31:51]  Received Report from port : 25.
[12:31:51]  Tracking : Az 19, El 25.
[12:31:53]  Received Report from port : 25.
[12:31:55]  Received Report from port : 25.
[12:31:57]  Received Report from port : 25.
[12:31:59]  Received Event from port : 27.

[12:32:01]  Received Event from port : 27.

[12:32:03]  Received Event from port : 27.

[12:32:04]  Tracking : Az 16, El 23.
[12:32:08]  [OK]CMD Packet Header: 0x18 0x23 0xc0 0x0 0x0 0x5 0x4 0x9
[12:32:21]  [OK]CMD Packet Header: 0x18 0x75 0xc0 0x0 0x0 0x1 0x14 0x47
[12:32:25]  Tracking : Az 12, El 20.
[12:32:28]  Ping Failed.
[12:32:30]  Ping Success at node 5, 472ms
[12:32:32]  [OK]CMD Packet Header: 0x18 0x75 0xc0 0x0 0x0 0x1 0x14 0x47
[12:32:43]  Ping Failed.
[12:32:44]  Tracking : Az 9, El 17.
[12:32:51]  [OK]CMD Packet Header: 0x18 0x75 0xc0 0x0 0x0 0x1 0x14 0x47
[12:33:06]  Ping Failed.
[12:33:09]  Tracking : Az 6, El 14.
[12:33:19]  Ping Failed.
[12:33:25]  Ping Failed.
[12:33:36]  Tracking : Az 4, El 11.
[12:33:38]  Ping Failed.
[12:33:43]  Ping Failed.
[12:33:53]  Ping Failed.
[12:34:04]  Ping Failed.
[12:34:06]  Tracking : Az 1, El 9.
[12:34:13]  Ping Failed.
[12:34:28]  Ping Failed.
[12:34:30]  Forked Safe Amplifier Process. (OFF)
[12:34:32]  Finish Engaging.
[12:34:32]  Beacon Success : 0, Ping Success : 7
[12:34:33]  Tracking : Az 0, El 0.
[12:35:56]  Forked Safe Amplifier Process. (OFF)
