2026-01-05 12:02
[12:03:06]  Connect to Switch Box.............Success.
[12:03:06]  Connect to Rotator................Success.
[12:03:06]  Connect to GS100..................Success.
[12:03:06]  TM Port 13 bind success.
[12:03:06]  BCN Port 31 bind success.
[12:03:06]  RPT Port 25 bind success.
[12:03:06]  Event Port 27 bind success.
[12:03:06]  COSMIC Beacon Port 23 bind success.
[12:03:06]  COSMIC Report Port 24 bind success.
[12:04:48]  TLE "cubesat" Download Completed.
[12:05:29]  Start Engaging.
[12:05:29]  Tracking : Az 148, El 0.
[12:05:31]  Start Doppler Correction.
[12:05:31]  Tracking : Az 148, El 0.
[12:05:33]  Tracking : Az 148, El 0.
[12:05:35]  Tracking : Az 148, El 0.
[12:05:37]  Tracking : Az 148, El 0.
[12:05:39]  Tracking : Az 148, El 0.
[12:05:41]  Tracking : Az 148, El 0.
[12:05:43]  Tracking : Az 148, El 0.
[12:05:45]  Tracking : Az 148, El 0.
[12:05:47]  Tracking : Az 148, El 0.
[12:05:49]  Tracking : Az 148, El 0.
[12:05:51]  Tracking : Az 148, El 0.
[12:05:53]  Tracking : Az 148, El 0.
[12:05:55]  Tracking : Az 148, El 0.
[12:22:17]  Forked Safe Amplifier Process.(ON, Timer)
[12:22:23]  Ping Failed.
[12:22:33]  Tracking : Az 147, El 3.
[12:23:09]  Ping Failed.
[12:23:13]  Tracking : Az 144, El 5.
[12:23:13]  Ping Failed.
[12:23:27]  Tracking : Az 144, El 7.
[12:23:32]  Ping Failed.
[12:23:44]  Ping Failed.
[12:23:50]  Tracking : Az 142, El 9.
[12:23:53]  Ping Failed.
[12:24:02]  Ping Success at node 5, 467ms
[12:24:04]  Ping Success at node 5, 470ms
[12:24:08]  Cannot Load Remote Parameter.
[12:24:09]  Tracking : Az 140, El 10.
[12:24:10]  Ping Success at node 5, 471ms
[12:24:11]  AX100 Boot Count : 22241
[12:24:14]  Remote Param Control OK.(No Reply)
[12:24:21]  Ping Failed at node 3.
[12:24:24]  Ping Failed.
[12:24:30]  Ping Failed.
[12:24:32]  Tracking : Az 138, El 13.
[12:24:35]  Ping Failed.
[12:24:39]  Ping Success at node 5, 461ms
[12:24:44]  Ping Failed at node 3.
[12:24:46]  Ping Success at node 5, 460ms
[12:24:50]  Ping Failed at node 3.
[12:24:54]  Cannot Load Remote Parameter.
[12:24:56]  Ping Success at node 5, 467ms
[12:24:57]  Remote Param Control OK. csp_rtable : 0/0 AX100, 3/5 CAN, 6/5 CAN
[12:24:58]  Tracking : Az 135, El 16.
[12:25:05]  Remote Param Control OK. rssi_busy : 0
[12:25:08]  Total RX Bytes : 58147
[12:25:10]  Remote Param Control OK. can_en : true
[12:25:12]  Remote Param Control OK. tx_inhibit : 0
[12:25:15]  Tracking : Az 133, El 18.
[12:25:16]  Remote Param Control OK. tx_pwr : 3
[12:25:18]  Remote Param Control OK. Active Conf : 1
[12:25:19]  Remote Param Control OK. Last RSSI : -101
[12:25:21]  Remote Param Control OK. rx_guard : 0
[12:25:23]  Remote Param Control OK. tx_guard : 50
[12:25:24]  Tracking : Az 131, El 19.
[12:25:24]  Remote Param Control OK. rx_baud : 4800
[12:25:26]  Remote Param Control OK. tx_baud : 4800
[12:25:35]  Ping Failed at node 6.
[12:25:37]  Ping Success at node 5, 458ms
[12:25:41]  Tracking : Az 128, El 21.
[12:25:41]  Ping Failed at node 6.
[12:25:51]  Ping Failed at node 6.
[12:25:55]  Tracking : Az 125, El 23.
[12:25:56]  Ping Failed at node 3.
[12:26:00]  Ping Failed at node 3.
[12:26:01]  Ping Success at node 5, 468ms
[12:26:07]  Tracking : Az 122, El 25.
[12:26:10]  [OK]CMD Packet Header: 0x18 0x23 0xc0 0x0 0x0 0x1 0x6 0x3
[12:26:12]  [OK]CMD Packet Header: 0x18 0x23 0xc0 0x0 0x0 0x1 0x6 0x3
[12:26:14]  [OK]CMD Packet Header: 0x18 0x23 0xc0 0x0 0x0 0x1 0x6 0x3
[12:26:16]  [OK]CMD Packet Header: 0x18 0x23 0xc0 0x0 0x0 0x1 0x6 0x3
[12:26:17]  [OK]CMD Packet Header: 0x18 0x23 0xc0 0x0 0x0 0x1 0x6 0x3
[12:26:18]  Tracking : Az 119, El 27.
[12:26:19]  [OK]CMD Packet Header: 0x18 0x23 0xc0 0x0 0x0 0x1 0x6 0x3
[12:26:21]  [OK]CMD Packet Header: 0x18 0x23 0xc0 0x0 0x0 0x1 0x6 0x3
[12:26:23]  [OK]CMD Packet Header: 0x18 0x23 0xc0 0x0 0x0 0x1 0x6 0x3
[12:26:25]  [OK]CMD Packet Header: 0x18 0x23 0xc0 0x0 0x0 0x1 0x6 0x3
[12:26:27]  [OK]CMD Packet Header: 0x18 0x23 0xc0 0x0 0x0 0x1 0x6 0x3
[12:26:28]  Tracking : Az 116, El 29.
[12:26:37]  Tracking : Az 113, El 30.
[12:26:38]  [OK]CMD Packet Header: 0x18 0x20 0xc0 0x0 0x0 0x5 0x7 0xd
[12:26:39]  [OK]CMD Packet Header: 0x18 0x20 0xc0 0x0 0x0 0x5 0x7 0xd
[12:26:41]  [OK]CMD Packet Header: 0x18 0x20 0xc0 0x0 0x0 0x5 0x7 0xd
[12:26:43]  [OK]CMD Packet Header: 0x18 0x20 0xc0 0x0 0x0 0x5 0x7 0xd
[12:26:45]  Tracking : Az 110, El 31.
[12:26:45]  [OK]CMD Packet Header: 0x18 0x20 0xc0 0x0 0x0 0x5 0x7 0xd
[12:26:46]  [OK]CMD Packet Header: 0x18 0x20 0xc0 0x0 0x0 0x5 0x7 0xd
[12:26:48]  [OK]CMD Packet Header: 0x18 0x20 0xc0 0x0 0x0 0x5 0x7 0xd
[12:26:50]  [OK]CMD Packet Header: 0x18 0x20 0xc0 0x0 0x0 0x5 0x7 0xd
[12:26:52]  Tracking : Az 107, El 33.
[12:26:52]  [OK]CMD Packet Header: 0x18 0x20 0xc0 0x0 0x0 0x5 0x7 0xd
[12:26:53]  [OK]CMD Packet Header: 0x18 0x20 0xc0 0x0 0x0 0x5 0x7 0xd
[12:27:00]  Tracking : Az 104, El 34.
[12:27:01]  [OK]CMD Packet Header: 0x18 0x23 0xc0 0x0 0x0 0x1 0x1b 0x1e
[12:27:01]  [OK]CMD Packet Header: 0x18 0x23 0xc0 0x0 0x0 0x8 0x2 0x18
[12:27:02]  [OK]CMD Packet Header: 0x18 0x19 0xc0 0x0 0x0 0x5 0x0 0x29
[12:27:03]  Tracking : Az 102, El 34.
[12:27:06]  [OK]CMD Packet Header: 0x18 0x23 0xc0 0x0 0x0 0x1 0x1b 0x1e
[12:27:06]  [OK]CMD Packet Header: 0x18 0x23 0xc0 0x0 0x0 0x8 0x2 0x18
[12:27:06]  [OK]CMD Packet Header: 0x18 0x19 0xc0 0x0 0x0 0x5 0x0 0x29
[12:27:10]  Tracking : Az 99, El 35.
[12:27:10]  Ping Success at node 5, 463ms
[12:27:15]  Ping Failed at node 3.
[12:27:16]  Tracking : Az 96, El 36.
[12:27:16]  [OK]CMD Packet Header: 0x18 0x23 0xc0 0x0 0x0 0x1 0x1b 0x1e
[12:27:16]  [OK]CMD Packet Header: 0x18 0x23 0xc0 0x0 0x0 0x8 0x2 0x18
[12:27:16]  [OK]CMD Packet Header: 0x18 0x19 0xc0 0x0 0x0 0x5 0x0 0x29
[12:27:20]  Ping Success at node 5, 454ms
[12:27:21]  Ping Success at node 5, 465ms
[12:27:22]  Ping Success at node 5, 461ms
[12:27:22]  Ping Success at node 5, 457ms
[12:27:23]  Tracking : Az 92, El 37.
[12:27:23]  Ping Success at node 5, 454ms
[12:27:24]  Ping Success at node 5, 467ms
[12:27:25]  Ping Success at node 5, 464ms
[12:27:26]  Ping Success at node 5, 458ms
[12:27:27]  Ping Success at node 5, 459ms
[12:27:28]  Tracking : Az 89, El 37.
[12:27:28]  Ping Success at node 5, 454ms
[12:27:29]  Ping Success at node 5, 468ms
[12:27:29]  Ping Success at node 5, 465ms
[12:27:30]  Ping Success at node 5, 462ms
[12:27:31]  Ping Success at node 5, 460ms
[12:27:32]  Ping Success at node 5, 458ms
[12:27:33]  Tracking : Az 86, El 38.
[12:27:33]  Ping Success at node 5, 458ms
[12:27:34]  Ping Success at node 5, 458ms
[12:27:34]  Ping Success at node 5, 455ms
[12:27:35]  Ping Success at node 5, 454ms
[12:27:36]  Ping Success at node 5, 454ms
[12:27:37]  Ping Success at node 5, 469ms
[12:27:38]  Tracking : Az 83, El 38.
[12:27:38]  Ping Success at node 5, 466ms
[12:27:39]  Ping Success at node 5, 462ms
[12:27:39]  Ping Success at node 5, 459ms
[12:27:40]  Ping Success at node 5, 468ms
[12:27:41]  Ping Success at node 5, 469ms
[12:27:42]  Ping Success at node 5, 459ms
[12:27:43]  Tracking : Az 80, El 39.
[12:27:43]  Ping Success at node 5, 456ms
[12:27:44]  Ping Success at node 5, 467ms
[12:27:45]  Ping Success at node 5, 464ms
[12:27:46]  Ping Success at node 5, 462ms
[12:27:46]  [OK]CMD Packet Header: 0x18 0x23 0xc0 0x0 0x0 0x1 0x1b 0x1e
[12:27:46]  [OK]CMD Packet Header: 0x18 0x23 0xc0 0x0 0x0 0x8 0x2 0x18
[12:27:47]  [OK]CMD Packet Header: 0x18 0x19 0xc0 0x0 0x0 0x5 0x0 0x29
[12:27:50]  Tracking : Az 76, El 39.
[12:27:53]  Ping Failed at node 3.
[12:27:56]  Tracking : Az 72, El 39.
[12:27:57]  Ping Failed at node 6.
[12:28:02]  Tracking : Az 68, El 39.
[12:28:05]  Remote Param Control OK.(No Reply)
[12:28:08]  Tracking : Az 65, El 39.
[12:28:09]  Remote Param Control OK.(No Reply)
[12:28:10]  Remote Param Control OK. csp_rtable : 0/0 AX100, 3/5 CAN
[12:28:14]  Tracking : Az 61, El 38.
[12:28:17]  Ping Failed at node 3.
[12:28:20]  Tracking : Az 57, El 38.
[12:28:22]  Ping Failed at node 3.
[12:28:22]  AX100 Boot Count : 22242
[12:28:25]  Tracking : Az 54, El 37.
[12:28:25]  Ping Success at node 5, 456ms
[12:28:30]  Ping Failed at node 3.
[12:28:31]  Tracking : Az 51, El 37.
[12:28:36]  Tracking : Az 48, El 36.
[12:28:41]  Ping Failed at node 3.
[12:28:42]  Tracking : Az 45, El 35.
[12:28:44]  Ping Success at node 5, 468ms
[12:28:46]  Tracking : Az 43, El 35.
[12:28:52]  Tracking : Az 40, El 34.
[12:28:59]  Tracking : Az 37, El 33.
[12:28:59]  [OK]CMD Packet Header: 0x18 0x71 0xc0 0x0 0x0 0x1 0x16 0x41
[12:29:00]  [OK]CMD Packet Header: 0x18 0x71 0xc0 0x0 0x0 0x1 0x16 0x41
[12:29:00]  [OK]CMD Packet Header: 0x18 0x71 0xc0 0x0 0x0 0x1 0x16 0x41
[12:29:01]  [OK]CMD Packet Header: 0x18 0x71 0xc0 0x0 0x0 0x1 0x16 0x41
[12:29:01]  [OK]CMD Packet Header: 0x18 0x71 0xc0 0x0 0x0 0x1 0x16 0x41
[12:29:02]  [OK]CMD Packet Header: 0x18 0x71 0xc0 0x0 0x0 0x1 0x16 0x41
[12:29:03]  [OK]CMD Packet Header: 0x18 0x71 0xc0 0x0 0x0 0x1 0x16 0x41
[12:29:03]  [OK]CMD Packet Header: 0x18 0x71 0xc0 0x0 0x0 0x1 0x16 0x41
[12:29:04]  [OK]CMD Packet Header: 0x18 0x71 0xc0 0x0 0x0 0x1 0x16 0x41
[12:29:05]  [OK]CMD Packet Header: 0x18 0x71 0xc0 0x0 0x0 0x1 0x16 0x41
[12:29:05]  [OK]CMD Packet Header: 0x18 0x71 0xc0 0x0 0x0 0x1 0x16 0x41
[12:29:06]  [OK]CMD Packet Header: 0x18 0x71 0xc0 0x0 0x0 0x1 0x16 0x41
[12:29:06]  [OK]CMD Packet Header: 0x18 0x71 0xc0 0x0 0x0 0x1 0x16 0x41
[12:29:09]  Tracking : Az 33, El 31.
[12:29:09]  [OK]CMD Packet Header: 0x18 0x71 0xc0 0x0 0x0 0x1 0x16 0x41
[12:29:11]  [OK]CMD Packet Header: 0x18 0x71 0xc0 0x0 0x0 0x1 0x16 0x41
[12:29:11]  [OK]CMD Packet Header: 0x18 0x71 0xc0 0x0 0x0 0x1 0x16 0x41
[12:29:12]  [OK]CMD Packet Header: 0x18 0x71 0xc0 0x0 0x0 0x1 0x16 0x41
[12:29:12]  [OK]CMD Packet Header: 0x18 0x71 0xc0 0x0 0x0 0x1 0x16 0x41
[12:29:13]  [OK]CMD Packet Header: 0x18 0x71 0xc0 0x0 0x0 0x1 0x16 0x41
[12:29:14]  [OK]CMD Packet Header: 0x18 0x71 0xc0 0x0 0x0 0x1 0x16 0x41
[12:29:14]  [OK]CMD Packet Header: 0x18 0x71 0xc0 0x0 0x0 0x1 0x16 0x41
[12:29:15]  [OK]CMD Packet Header: 0x18 0x71 0xc0 0x0 0x0 0x1 0x16 0x41
[12:29:15]  [OK]CMD Packet Header: 0x18 0x71 0xc0 0x0 0x0 0x1 0x16 0x41
[12:29:16]  [OK]CMD Packet Header: 0x18 0x71 0xc0 0x0 0x0 0x1 0x16 0x41
[12:29:17]  Tracking : Az 30, El 30.
[12:29:17]  AX100 Boot Count : 22242
[12:29:19]  Ping Success at node 5, 466ms
[12:29:23]  Ping Failed at node 3.
[12:29:26]  Tracking : Az 27, El 28.
[12:29:27]  Ping Failed at node 6.
[12:29:30]  Ping Success at node 5, 469ms
[12:29:31]  Ping Success at node 5, 468ms
[12:29:32]  Ping Success at node 5, 465ms
[12:29:33]  Ping Success at node 5, 464ms
[12:29:33]  Ping Success at node 5, 464ms
[12:29:34]  Ping Success at node 5, 465ms
[12:29:35]  Ping Success at node 5, 467ms
[12:29:36]  Tracking : Az 24, El 27.
[12:29:36]  Ping Success at node 5, 463ms
[12:29:37]  Ping Success at node 5, 467ms
[12:29:37]  Ping Success at node 5, 466ms
[12:29:38]  Ping Success at node 5, 468ms
[12:29:39]  Ping Success at node 5, 469ms
[12:29:40]  Ping Success at node 5, 465ms
[12:29:41]  Ping Success at node 5, 469ms
[12:29:41]  Ping Success at node 5, 472ms
[12:29:43]  Total RX Bytes : 59651
[12:29:44]  Ping Success at node 5, 466ms
[12:29:45]  Total RX Bytes : 59675
[12:29:47]  Tracking : Az 21, El 25.
[12:29:47]  Ping Success at node 5, 456ms
[12:29:48]  Ping Success at node 5, 470ms
[12:29:49]  Ping Success at node 5, 468ms
[12:29:50]  Ping Success at node 5, 468ms
[12:29:53]  Cannot Load Remote Parameter.
[00:06:23]  Ping Success at node 5, 462ms
[12:29:56]  Tracking : Az 19, El 23.
[12:29:57]  Cannot Load Remote Parameter.
[12:30:00]  Ping Failed.
[12:30:04]  Ping Failed.
[12:30:07]  Ping Failed.
[12:30:10]  Tracking : Az 16, El 21.
[12:30:10]  Ping Failed.
[12:30:15]  Ping Failed.
[12:30:18]  Ping Failed.
[12:30:21]  Ping Failed.
[12:30:24]  Ping Failed.
[12:30:27]  Ping Failed.
[12:30:31]  Ping Failed.
[12:30:32]  Tracking : Az 12, El 18.
[12:30:34]  Ping Failed.
[12:30:37]  Ping Failed.
[12:30:41]  Ping Failed.
[12:30:46]  Ping Failed.
[12:30:49]  Ping Failed.
[12:30:50]  Tracking : Az 10, El 16.
[12:30:52]  Ping Failed.
[12:30:53]  Ping Success at node 5, 460ms
[12:30:57]  Cannot Load Remote Parameter.
[12:31:00]  Ping Failed.
[12:31:01]  Tracking : Az 8, El 15.
[12:31:03]  Ping Failed.
[12:31:06]  Ping Failed.
[12:31:08]  Ping Failed.
[12:31:14]  Ping Failed.
[12:31:17]  Ping Failed.
[12:31:20]  Ping Failed.
[12:31:22]  Tracking : Az 6, El 12.
[12:31:23]  Ping Failed.
[12:31:26]  Ping Failed.
[12:31:30]  Ping Failed.
[12:31:33]  Cannot Load Remote Parameter.
[12:31:36]  Ping Failed.
[12:31:39]  Cannot Load Remote Parameter.
[12:31:42]  Ping Failed.
[12:31:45]  Cannot Load Remote Parameter.
[12:31:48]  Ping Failed.
[12:31:51]  Cannot Load Remote Parameter.
[12:31:52]  Tracking : Az 3, El 9.
[12:31:54]  Ping Failed.
[12:31:56]  Cannot Load Remote Parameter.
[12:31:59]  Ping Failed.
[12:32:02]  Cannot Load Remote Parameter.
[12:32:05]  Ping Failed.
[12:32:08]  Cannot Load Remote Parameter.
[12:32:11]  Ping Failed.
[12:32:14]  Cannot Load Remote Parameter.
[12:32:17]  Ping Failed.
[12:32:20]  Cannot Load Remote Parameter.
[12:32:23]  Ping Failed.
[12:32:26]  Cannot Load Remote Parameter.
[12:32:29]  Ping Failed.
[12:32:31]  Cannot Load Remote Parameter.
[12:32:34]  Ping Failed.
[12:32:35]  Tracking : Az 0, El 6.
[12:32:37]  Cannot Load Remote Parameter.
[12:32:40]  Ping Failed.
[12:32:43]  Cannot Load Remote Parameter.
[12:32:46]  Ping Failed.
[12:32:49]  Cannot Load Remote Parameter.
[12:32:51]  Ping Failed.
[12:32:53]  Tracking : Az 359, El 4.
[12:32:54]  Cannot Load Remote Parameter.
[12:32:55]  Tracking : Az 359, El 4.
[12:32:57]  Tracking : Az 359, El 4.
[12:32:57]  Ping Failed.
[12:32:59]  Tracking : Az 359, El 4.
[12:33:00]  Cannot Load Remote Parameter.
[12:33:01]  Tracking : Az 359, El 4.
[12:33:03]  Tracking : Az 359, El 4.
[12:33:04]  Ping Failed.
[12:33:05]  Tracking : Az 359, El 4.
[12:33:06]  Cannot Load Remote Parameter.
[12:33:07]  Tracking : Az 359, El 3.
[12:33:09]  Tracking : Az 359, El 3.
[12:33:10]  Ping Failed.
[12:33:11]  Tracking : Az 359, El 3.
[12:33:12]  Cannot Load Remote Parameter.
[12:33:13]  Tracking : Az 358, El 3.
[12:33:15]  Tracking : Az 358, El 3.
[12:33:15]  Ping Failed.
[12:33:16]  Forked Safe Amplifier Process. (OFF)
[12:33:17]  Tracking : Az 358, El 3.
[12:33:19]  Finish Engaging.
[12:33:19]  Beacon Success : 0, Ping Success : 65
[12:33:20]  Tracking : Az 0, El 0.
