2026-07-22 18:52
[18:52:15]  Connect to Switch Box..............Failed.
[18:52:15]  Connect to Rotator.................Failed.
[18:52:15]  Connect to GS100..................Success.
[18:52:15]  BEE-1000 BCN Port 31 bind success.
[18:52:15]  Rotator Read Failed. Please Check Again.
[18:52:15]  BEE-1000 RPT Port 25 bind success.
[18:52:15]  BEE-1000 Event Port 27 bind success.
[18:52:15]  BEE-100 FM Port 23 bind success.
[18:52:15]  UEL-Y-Sys. BCN Port 12 bind success.
[18:52:15]  UEL-Y-Sys. RPT Port 10 bind success.
[18:52:15]  UEL-Y-Sys. Event Port 11 bind success.
[18:52:15]  UEL-Y-Sys. FM Port 14 bind success.
[18:52:15]  BEE-1012 BCN Port 17 bind success.
[18:52:15]  BEE-1012 RPT Port 15 bind success.
[18:52:15]  BEE-1012 Event Port 16 bind success.
[18:52:15]  BEE-1012 FM Port 18 bind success.
[18:52:15]  BEE-1012 AIOBC Port 29 bind success.
[18:52:24]  Ping Success at node 5, 466ms
[18:52:28]  Ping Success at node 14, 467ms
[18:53:16]  Changing GS HMAC Key for BEE1000...
[18:53:16]   Satellite Switched to: BEE1000 (TX HMAC disabled)
[18:53:22]  DataChunk generated [1/1]. Seq=0, Magic=0x465A, RawLen=136, CRC32=0x82D6C0E9, PktCRC=0x4B
[18:53:22]  [OK]CMD Packet Header: 0x18 0xf0 0xc0 0x0 0x0 0x97 0x5 0x4b
[18:54:02]  DataChunk generated [1/3]. Seq=0, Magic=0x465A, RawLen=136, CRC32=0x6B94E02B, PktCRC=0xC4
[18:54:02]  [OK]CMD Packet Header: 0x18 0xf0 0xc0 0x0 0x0 0x97 0x5 0xc4
[18:54:03]  DataChunk generated [2/3]. Seq=1, Magic=0x465A, RawLen=136, CRC32=0x7ECE639F, PktCRC=0xAB
[18:54:03]  [OK]CMD Packet Header: 0x18 0xf0 0xc0 0x0 0x0 0x97 0x5 0xab
[18:54:04]  DataChunk generated [3/3]. Seq=2, Magic=0x465A, RawLen=136, CRC32=0xE2EB6EC1, PktCRC=0xFB
[18:54:04]  [OK]CMD Packet Header: 0x18 0xf0 0xc0 0x0 0x0 0x97 0x5 0xfb
[18:54:59]  [OK]CMD Packet Header: 0x18 0xf0 0xc0 0x0 0x0 0x1 0x1 0xd7
[18:55:04]  Changing GS HMAC Key for BEE1012...
[18:55:04]   Satellite Switched to: BEE1012 (TX HMAC enabled)
[18:55:06]  [OK]CMD Packet Header: 0x18 0xf0 0xc0 0x0 0x0 0x1 0x1 0xd7
[18:55:06]  Received AIOBC TM from port : 29.

[18:55:38]  DataChunk generated [1/1]. Seq=0, Magic=0x465A, RawLen=136, CRC32=0x82D6C0E9, PktCRC=0x4B
[18:55:38]  [OK]CMD Packet Header: 0x18 0xf0 0xc0 0x0 0x0 0x97 0x5 0x4b
[18:55:50]  DataChunk generated [1/1]. Seq=0, Magic=0x465A, RawLen=136, CRC32=0x82D6C0E9, PktCRC=0x4B
[18:55:50]  [OK]CMD Packet Header: 0x18 0xf0 0xc0 0x0 0x0 0x97 0x5 0x4b
[18:55:57]  DataChunk generated [1/1]. Seq=0, Magic=0x465A, RawLen=136, CRC32=0x82D6C0E9, PktCRC=0x4B
[18:55:57]  [OK]CMD Packet Header: 0x18 0xf0 0xc0 0x0 0x0 0x97 0x5 0x4b
[18:55:58]  Received AIOBC TM from port : 29.

[18:57:00]  [OK]CMD Packet Header: 0x18 0xf0 0xc0 0x0 0x0 0x1 0x7 0xd1
[18:57:01]  Received AIOBC TM from port : 29.

[18:57:48]  FDIR generated. scenarioid=0, commandid=14, flags=0,  PacketLength=17
[18:57:48]  [OK]CMD Packet Header: 0x18 0xf0 0xc0 0x0 0x0 0xa 0xe 0xdd
[18:57:49]  Received AIOBC TM from port : 29.

[18:58:02]  [OK]CMD Packet Header: 0x18 0xf0 0xc0 0x0 0x0 0x1 0x9 0xdf
[18:58:02]  Received AIOBC TM from port : 29.

[18:59:36]  [OK]CMD Packet Header: 0x18 0xf0 0xc0 0x0 0x0 0x1 0x1 0xd7
[18:59:37]  Received AIOBC TM from port : 29.

[18:59:57]  DataChunk generated [1/3]. Seq=0, Magic=0x465A, RawLen=136, CRC32=0x6B94E02B, PktCRC=0xC4
[18:59:57]  [OK]CMD Packet Header: 0x18 0xf0 0xc0 0x0 0x0 0x97 0x5 0xc4
[18:59:58]  Received AIOBC TM from port : 29.

[18:59:58]  DataChunk generated [2/3]. Seq=1, Magic=0x465A, RawLen=136, CRC32=0x7ECE639F, PktCRC=0xAB
[18:59:58]  [OK]CMD Packet Header: 0x18 0xf0 0xc0 0x0 0x0 0x97 0x5 0xab
[18:59:59]  Received AIOBC TM from port : 29.

[18:59:59]  DataChunk generated [3/3]. Seq=2, Magic=0x465A, RawLen=136, CRC32=0xE2EB6EC1, PktCRC=0xFB
[18:59:59]  [OK]CMD Packet Header: 0x18 0xf0 0xc0 0x0 0x0 0x97 0x5 0xfb
[19:00:00]  Received AIOBC TM from port : 29.

[19:00:08]  [OK]CMD Packet Header: 0x18 0xf0 0xc0 0x0 0x0 0x1 0x7 0xd1
[19:00:09]  Received AIOBC TM from port : 29.

[19:00:17]  FDIR generated. scenarioid=0, commandid=14, flags=0,  PacketLength=17
[19:00:17]  [OK]CMD Packet Header: 0x18 0xf0 0xc0 0x0 0x0 0xa 0xe 0xdd
[19:00:18]  Received AIOBC TM from port : 29.

[19:00:25]  [OK]CMD Packet Header: 0x18 0xf0 0xc0 0x0 0x0 0x1 0x9 0xdf
[19:00:25]  Received AIOBC TM from port : 29.

[19:00:37]  [OK]CMD Packet Header: 0x18 0xf0 0xc0 0x0 0x0 0x1 0x1 0xd7
[19:00:38]  Received AIOBC TM from port : 29.

[19:01:01]  DataChunk generated [1/6]. Seq=0, Magic=0x465A, RawLen=136, CRC32=0xACC0B48B, PktCRC=0xCB
[19:01:01]  [OK]CMD Packet Header: 0x18 0xf0 0xc0 0x0 0x0 0x97 0x5 0xcb
[19:01:02]  DataChunk generated [2/6]. Seq=1, Magic=0x465A, RawLen=136, CRC32=0x547141BA, PktCRC=0xF2
[19:01:02]  [OK]CMD Packet Header: 0x18 0xf0 0xc0 0x0 0x0 0x97 0x5 0xf2
[19:01:03]  Received AIOBC TM from port : 29.

[19:01:03]  DataChunk generated [3/6]. Seq=2, Magic=0x465A, RawLen=136, CRC32=0x2AAB27E2, PktCRC=0x38
[19:01:03]  [OK]CMD Packet Header: 0x18 0xf0 0xc0 0x0 0x0 0x97 0x5 0x38
[19:01:04]  Received AIOBC TM from port : 29.

[19:01:04]  DataChunk generated [4/6]. Seq=3, Magic=0x465A, RawLen=136, CRC32=0xB06A7050, PktCRC=0x5F
[19:01:04]  [OK]CMD Packet Header: 0x18 0xf0 0xc0 0x0 0x0 0x97 0x5 0x5f
[19:01:05]  Received AIOBC TM from port : 29.

[19:01:05]  DataChunk generated [5/6]. Seq=4, Magic=0x465A, RawLen=136, CRC32=0x76F1842E, PktCRC=0x16
[19:01:05]  [OK]CMD Packet Header: 0x18 0xf0 0xc0 0x0 0x0 0x97 0x5 0x16
[19:01:06]  Received AIOBC TM from port : 29.

[19:01:06]  DataChunk generated [6/6]. Seq=5, Magic=0x465A, RawLen=136, CRC32=0x3F499C7C, PktCRC=0x77
[19:01:06]  [OK]CMD Packet Header: 0x18 0xf0 0xc0 0x0 0x0 0x97 0x5 0x77
[19:01:07]  Received AIOBC TM from port : 29.

[19:01:25]  [OK]CMD Packet Header: 0x18 0xf0 0xc0 0x0 0x0 0xb5 0x3 0x61
[19:01:26]  Received AIOBC TM from port : 29.

[19:01:31]  [OK]CMD Packet Header: 0x18 0xf0 0xc0 0x0 0x0 0x1 0x1 0xd7
[19:01:32]  Received AIOBC TM from port : 29.

[19:01:38]  DataChunk generated [1/6]. Seq=0, Magic=0x465A, RawLen=136, CRC32=0xACC0B48B, PktCRC=0xCB
[19:01:38]  [OK]CMD Packet Header: 0x18 0xf0 0xc0 0x0 0x0 0x97 0x5 0xcb
[19:01:39]  Received AIOBC TM from port : 29.

[19:01:39]  DataChunk generated [2/6]. Seq=1, Magic=0x465A, RawLen=136, CRC32=0x547141BA, PktCRC=0xF2
[19:01:39]  [OK]CMD Packet Header: 0x18 0xf0 0xc0 0x0 0x0 0x97 0x5 0xf2
[19:01:40]  Received AIOBC TM from port : 29.

[19:01:40]  DataChunk generated [3/6]. Seq=2, Magic=0x465A, RawLen=136, CRC32=0x2AAB27E2, PktCRC=0x38
[19:01:40]  [OK]CMD Packet Header: 0x18 0xf0 0xc0 0x0 0x0 0x97 0x5 0x38
[19:01:41]  DataChunk generated [4/6]. Seq=3, Magic=0x465A, RawLen=136, CRC32=0xB06A7050, PktCRC=0x5F
[19:01:41]  [OK]CMD Packet Header: 0x18 0xf0 0xc0 0x0 0x0 0x97 0x5 0x5f
[19:01:42]  Received AIOBC TM from port : 29.

[19:01:42]  DataChunk generated [5/6]. Seq=4, Magic=0x465A, RawLen=136, CRC32=0x76F1842E, PktCRC=0x16
[19:01:42]  [OK]CMD Packet Header: 0x18 0xf0 0xc0 0x0 0x0 0x97 0x5 0x16
[19:01:43]  Received AIOBC TM from port : 29.

[19:01:43]  DataChunk generated [6/6]. Seq=5, Magic=0x465A, RawLen=136, CRC32=0x3F499C7C, PktCRC=0x77
[19:01:43]  [OK]CMD Packet Header: 0x18 0xf0 0xc0 0x0 0x0 0x97 0x5 0x77
[19:01:44]  Received AIOBC TM from port : 29.

[19:02:07]  [OK]CMD Packet Header: 0x18 0xf0 0xc0 0x0 0x0 0xb5 0x3 0x61
[19:02:15]  [OK]CMD Packet Header: 0x18 0xf0 0xc0 0x0 0x0 0xb5 0x3 0x61
[19:02:16]  Received AIOBC TM from port : 29.

[19:02:21]  [OK]CMD Packet Header: 0x18 0xf0 0xc0 0x0 0x0 0x1 0x1 0xd7
[19:02:21]  Received AIOBC TM from port : 29.

[19:02:28]  DataChunk generated [1/6]. Seq=0, Magic=0x465A, RawLen=136, CRC32=0xACC0B48B, PktCRC=0xCB
[19:02:28]  [OK]CMD Packet Header: 0x18 0xf0 0xc0 0x0 0x0 0x97 0x5 0xcb
[19:02:29]  Received AIOBC TM from port : 29.

[19:02:29]  DataChunk generated [2/6]. Seq=1, Magic=0x465A, RawLen=136, CRC32=0x547141BA, PktCRC=0xF2
[19:02:29]  [OK]CMD Packet Header: 0x18 0xf0 0xc0 0x0 0x0 0x97 0x5 0xf2
[19:02:30]  Received AIOBC TM from port : 29.

[19:02:30]  DataChunk generated [3/6]. Seq=2, Magic=0x465A, RawLen=136, CRC32=0x2AAB27E2, PktCRC=0x38
[19:02:30]  [OK]CMD Packet Header: 0x18 0xf0 0xc0 0x0 0x0 0x97 0x5 0x38
[19:02:31]  Received AIOBC TM from port : 29.

[19:02:31]  DataChunk generated [4/6]. Seq=3, Magic=0x465A, RawLen=136, CRC32=0xB06A7050, PktCRC=0x5F
[19:02:31]  [OK]CMD Packet Header: 0x18 0xf0 0xc0 0x0 0x0 0x97 0x5 0x5f
[19:02:32]  Received AIOBC TM from port : 29.

[19:02:32]  DataChunk generated [5/6]. Seq=4, Magic=0x465A, RawLen=136, CRC32=0x76F1842E, PktCRC=0x16
[19:02:32]  [OK]CMD Packet Header: 0x18 0xf0 0xc0 0x0 0x0 0x97 0x5 0x16
[19:02:33]  Received AIOBC TM from port : 29.

[19:02:33]  DataChunk generated [6/6]. Seq=5, Magic=0x465A, RawLen=136, CRC32=0x3F499C7C, PktCRC=0x77
[19:02:33]  [OK]CMD Packet Header: 0x18 0xf0 0xc0 0x0 0x0 0x97 0x5 0x77
[19:02:34]  Received AIOBC TM from port : 29.

[19:02:42]  [OK]CMD Packet Header: 0x18 0xf0 0xc0 0x0 0x0 0x1 0x7 0xd1
[19:02:43]  Received AIOBC TM from port : 29.

[19:02:47]  FDIR generated. scenarioid=0, commandid=14, flags=0,  PacketLength=17
[19:02:47]  [OK]CMD Packet Header: 0x18 0xf0 0xc0 0x0 0x0 0xa 0xe 0xdd
[19:02:48]  Received AIOBC TM from port : 29.

[19:02:51]  [OK]CMD Packet Header: 0x18 0xf0 0xc0 0x0 0x0 0x1 0x9 0xdf
[19:02:52]  Received AIOBC TM from port : 29.

[19:04:35]  [OK]CMD Packet Header: 0x18 0xf0 0xc0 0x0 0x0 0x1 0x1 0xd7
[19:04:36]  Received AIOBC TM from port : 29.

[19:04:38]  [OK]CMD Packet Header: 0x18 0xf0 0xc0 0x0 0x0 0x1 0x1 0xd7
[19:04:38]  Received AIOBC TM from port : 29.

[19:04:46]  DataChunk generated [1/6]. Seq=0, Magic=0x465A, RawLen=136, CRC32=0xACC0B48B, PktCRC=0xCB
[19:04:46]  [OK]CMD Packet Header: 0x18 0xf0 0xc0 0x0 0x0 0x97 0x5 0xcb
[19:04:47]  Received AIOBC TM from port : 29.

[19:04:47]  DataChunk generated [2/6]. Seq=1, Magic=0x465A, RawLen=136, CRC32=0x547141BA, PktCRC=0xF2
[19:04:47]  [OK]CMD Packet Header: 0x18 0xf0 0xc0 0x0 0x0 0x97 0x5 0xf2
[19:04:48]  Received AIOBC TM from port : 29.

[19:04:48]  DataChunk generated [3/6]. Seq=2, Magic=0x465A, RawLen=136, CRC32=0x2AAB27E2, PktCRC=0x38
[19:04:48]  [OK]CMD Packet Header: 0x18 0xf0 0xc0 0x0 0x0 0x97 0x5 0x38
[19:04:49]  Received AIOBC TM from port : 29.

[19:04:49]  DataChunk generated [4/6]. Seq=3, Magic=0x465A, RawLen=136, CRC32=0xB06A7050, PktCRC=0x5F
[19:04:49]  [OK]CMD Packet Header: 0x18 0xf0 0xc0 0x0 0x0 0x97 0x5 0x5f
[19:04:50]  Received AIOBC TM from port : 29.

[19:04:50]  DataChunk generated [5/6]. Seq=4, Magic=0x465A, RawLen=136, CRC32=0x76F1842E, PktCRC=0x16
[19:04:50]  [OK]CMD Packet Header: 0x18 0xf0 0xc0 0x0 0x0 0x97 0x5 0x16
[19:04:51]  Received AIOBC TM from port : 29.

[19:04:51]  DataChunk generated [6/6]. Seq=5, Magic=0x465A, RawLen=136, CRC32=0x3F499C7C, PktCRC=0x77
[19:04:51]  [OK]CMD Packet Header: 0x18 0xf0 0xc0 0x0 0x0 0x97 0x5 0x77
[19:04:52]  Received AIOBC TM from port : 29.

[19:05:17]  [OK]CMD Packet Header: 0x18 0xf0 0xc0 0x0 0x0 0x1 0x7 0xd1
[19:05:17]  Received AIOBC TM from port : 29.

[19:05:26]  FDIR generated. scenarioid=0, commandid=14, flags=0,  PacketLength=17
[19:05:26]  [OK]CMD Packet Header: 0x18 0xf0 0xc0 0x0 0x0 0xa 0xe 0xdd
[19:05:27]  Received AIOBC TM from port : 29.

[19:05:30]  [OK]CMD Packet Header: 0x18 0xf0 0xc0 0x0 0x0 0x1 0x9 0xdf
[19:05:31]  Received AIOBC TM from port : 29.

[19:05:47]  [OK]CMD Packet Header: 0x18 0xf0 0xc0 0x0 0x0 0x1 0x1 0xd7
[19:05:47]  Received AIOBC TM from port : 29.

[19:06:58]  [OK]CMD Packet Header: 0x18 0xf0 0xc0 0x0 0x0 0x1 0x1 0xd7
[19:06:58]  Received AIOBC TM from port : 29.

