2025-12-29 00:53
[00:53:51]  Connect to Switch Box.............Success.
[00:53:51]  Connect to Rotator................Success.
[00:53:51]  Connect to GS100..................Success.
[00:53:51]  TM Port 13 bind success.
[00:53:51]  BCN Port 31 bind success.
[00:53:51]  RPT Port 25 bind success.
[00:53:51]  Event Port 27 bind success.
[00:53:51]  COSMIC Beacon Port 23 bind success.
[00:53:51]  COSMIC Report Port 24 bind success.
[01:05:31]  TLE "cubesat" Download Completed.
[01:05:38]  Start Engaging.
[01:05:38]  Tracking : Az 20, El 0.
[01:05:40]  Tracking : Az 20, El 0.
[01:05:42]  Start Doppler Correction.
[01:05:42]  Tracking : Az 20, El 0.
[01:09:25]  Tracking : Az 22, El 3.
[01:09:27]  Tracking : Az 23, El 3.
[01:09:48]  Forked Safe Amplifier Process.(ON, Timer)
[01:09:52]  Ping Success at node 5, 474ms
[01:10:01]  [OK]CMD Packet Header: 0x18 0x75 0xc0 0x0 0x0 0x1 0x17 0x44
[01:10:02]  Tracking : Az 25, El 5.
[01:10:02]  Received Report from port : 25.
[01:10:02]  Received Report from port : 25.
[01:10:03]  Received Report from port : 25.
[01:10:17]  [OK]CMD Packet Header: 0x18 0x75 0xc0 0x0 0x0 0x1 0x14 0x47
[01:10:17]  Received Report from port : 25.
[01:10:18]  Received Report from port : 25.
[01:10:18]  Received Report from port : 25.
[01:10:20]  Tracking : Az 26, El 7.
[01:10:27]  [OK]CMD Packet Header: 0x18 0x75 0xc0 0x0 0x0 0x5 0x1e 0x49
[01:10:28]  Received Report from port : 25.
[01:10:28]  Received Report from port : 25.
[01:10:29]  Received Report from port : 25.
[01:10:43]  Tracking : Az 28, El 8.
[01:10:45]  Tracking : Az 28, El 9.
[01:10:51]  [OK]CMD Packet Header: 0x18 0x50 0xc0 0x0 0x0 0x1 0x6 0x70
[01:10:52]  Received Report from port : 25.
[01:10:53]  Received Report from port : 25.
[01:10:53]  Received Report from port : 25.
[01:11:06]  Tracking : Az 30, El 11.
[01:11:31]  Ping Success at node 5, 463ms
[01:11:33]  Tracking : Az 33, El 13.
[01:11:35]  [OK]CMD Packet Header: 0x18 0x23 0xc0 0x0 0x0 0x8 0x2 0x6
[01:11:36]  Tracking : Az 33, El 14.
[01:11:36]  Received Event from port : 27.

[01:11:36]  Received Report from port : 27.
[01:11:38]  Received Event from port : 27.

[01:11:38]  Received Report from port : 27.
[01:11:48]  Received Event from port : 27.

[01:11:48]  Received Report from port : 27.
[01:11:53]  [OK]CMD Packet Header: 0x18 0x31 0xc0 0x0 0x0 0x7 0xa 0x1b
[01:11:54]  Received Event from port : 27.

[01:11:54]  Received Report from port : 27.
[01:11:54]  Received Report from port : 25.
[01:11:55]  Received Report from port : 25.
[01:11:55]  Received Report from port : 25.
[01:11:55]  Received Report from port : 25.
[01:11:56]  Tracking : Az 36, El 16.
[01:11:56]  Received Report from port : 25.
[01:11:56]  Received Report from port : 25.
[01:11:58]  Tracking : Az 36, El 16.
[01:11:58]  Received Event from port : 27.

[01:11:58]  Received Report from port : 27.
[01:12:03]  Tracking : Az 37, El 17.
[01:12:08]  Received Event from port : 27.

[01:12:08]  Received Report from port : 27.
[01:12:13]  Received Event from port : 27.

[01:12:13]  Received Report from port : 27.
[01:12:18]  Received Event from port : 27.

[01:12:18]  Received Report from port : 27.
[01:12:21]  Tracking : Az 40, El 19.
[01:12:28]  Received Event from port : 27.

[01:12:28]  Received Report from port : 27.
[01:12:37]  Tracking : Az 43, El 21.
[01:12:38]  Received Event from port : 27.

[01:12:38]  Received Report from port : 27.
[01:12:48]  Received Event from port : 27.

[01:12:48]  Received Report from port : 27.
[01:12:50]  Tracking : Az 46, El 23.
[01:12:54]  Received Event from port : 27.

[01:12:54]  Received Report from port : 27.
[01:12:58]  Received Event from port : 27.

[01:12:58]  Received Report from port : 27.
[01:13:02]  Tracking : Az 49, El 25.
[01:13:08]  Received Event from port : 27.

[01:13:08]  Received Report from port : 27.
[01:13:13]  Tracking : Az 52, El 26.
[01:13:18]  Received Event from port : 27.

[01:13:18]  Received Report from port : 27.
[01:13:22]  Tracking : Az 55, El 28.
[01:13:25]  Tracking : Az 56, El 28.
[01:13:28]  Received Event from port : 27.

[01:13:28]  Received Report from port : 27.
[01:13:33]  Tracking : Az 58, El 30.
[01:13:35]  Tracking : Az 59, El 30.
[01:13:35]  Received Event from port : 27.

[01:13:35]  Received Report from port : 27.
[01:13:38]  Received Event from port : 27.

[01:13:38]  Received Report from port : 27.
[01:13:43]  Tracking : Az 62, El 31.
[01:13:45]  Tracking : Az 63, El 31.
[01:13:48]  Received Event from port : 27.

[01:13:48]  Received Report from port : 27.
[01:13:49]  Tracking : Az 65, El 32.
[01:13:55]  Tracking : Az 68, El 33.
[01:13:57]  Tracking : Az 69, El 33.
[01:13:58]  Received Event from port : 27.

[01:13:58]  Received Report from port : 27.
[01:14:02]  Tracking : Az 71, El 34.
[01:14:04]  Tracking : Az 72, El 34.
[01:14:08]  Received Event from port : 27.

[01:14:08]  Received Report from port : 27.
[01:14:12]  Tracking : Az 76, El 35.
[01:14:14]  Tracking : Az 77, El 35.
[01:14:16]  Received Event from port : 27.

[01:14:16]  Received Report from port : 27.
[01:14:18]  Received Event from port : 27.

[01:14:18]  Received Report from port : 27.
[01:14:20]  Tracking : Az 80, El 36.
[01:14:22]  Tracking : Az 81, El 36.
[01:14:26]  Tracking : Az 84, El 36.
[00:09:28]  Tracking : Az 85, El 36.
[01:14:28]  Received Event from port : 27.

[01:14:28]  Received Report from port : 27.
[01:14:35]  Tracking : Az 89, El 37.
[01:14:37]  Tracking : Az 90, El 37.
[01:14:38]  Received Event from port : 27.

[01:14:38]  Received Report from port : 27.
[01:14:41]  Tracking : Az 93, El 37.
[01:14:43]  Tracking : Az 94, El 37.
[01:14:48]  Tracking : Az 97, El 37.
[01:14:48]  Received Event from port : 27.

[01:14:48]  Received Report from port : 27.
[01:14:50]  Tracking : Az 98, El 37.
[01:14:54]  Tracking : Az 101, El 37.
[01:14:56]  Tracking : Az 102, El 37.
[01:14:57]  Received Event from port : 27.

[01:14:57]  Received Report from port : 27.
[01:14:58]  Received Event from port : 27.

[01:14:58]  Received Report from port : 27.
[01:15:02]  Tracking : Az 105, El 37.
[01:15:04]  Tracking : Az 107, El 37.
[01:15:08]  Received Event from port : 27.

[01:15:08]  Received Report from port : 27.
[01:15:11]  Tracking : Az 111, El 36.
[01:15:13]  Tracking : Az 112, El 36.
[01:15:18]  Received Event from port : 27.

[01:15:18]  Received Report from port : 27.
[01:15:19]  Tracking : Az 115, El 36.
[01:15:21]  Tracking : Az 116, El 36.
[01:15:25]  Tracking : Az 119, El 35.
[01:15:27]  Tracking : Az 120, El 35.
[01:15:28]  Received Event from port : 27.

[01:15:28]  Received Report from port : 27.
[01:15:33]  Tracking : Az 123, El 34.
[01:15:35]  Tracking : Az 124, El 34.
[01:15:38]  Received Event from port : 27.

[01:15:38]  Received Report from port : 27.
[01:15:39]  Received Event from port : 27.

[01:15:39]  Received Report from port : 27.
[01:15:41]  Tracking : Az 127, El 33.
[01:15:43]  Tracking : Az 128, El 33.
[01:15:46]  Tracking : Az 129, El 32.
[01:15:48]  Received Event from port : 27.

[01:15:48]  Received Report from port : 27.
[01:15:52]  Tracking : Az 132, El 32.
[01:15:55]  Tracking : Az 133, El 31.
[01:15:58]  Received Event from port : 27.

[01:15:58]  Received Report from port : 27.
[01:16:00]  Tracking : Az 135, El 30.
[01:16:02]  Tracking : Az 136, El 30.
[01:16:08]  Received Event from port : 27.

[01:16:08]  Received Report from port : 27.
[01:16:10]  Tracking : Az 139, El 29.
[01:16:13]  Tracking : Az 140, El 28.
[01:16:13]  Received Event from port : 27.

[01:16:13]  Received Report from port : 27.
[01:16:18]  Received Event from port : 27.

[01:16:18]  Received Report from port : 27.
[01:16:19]  Received Event from port : 27.

[01:16:19]  Received Report from port : 27.
[01:16:22]  Tracking : Az 143, El 27.
[01:16:25]  Tracking : Az 144, El 26.
[01:16:28]  Received Event from port : 27.

[01:16:28]  Received Report from port : 27.
[01:16:36]  Tracking : Az 147, El 25.
[01:16:43]  Ping Failed.
[01:16:47]  Tracking : Az 150, El 23.
[01:16:49]  Tracking : Az 150, El 23.
[01:16:51]  Ping Success at node 5, 462ms
[01:17:05]  Tracking : Az 153, El 20.
[01:17:05]  [OK]CMD Packet Header: 0x18 0x75 0xc0 0x0 0x0 0x1 0x14 0x47
[01:17:07]  Tracking : Az 154, El 20.
[01:17:21]  Tracking : Az 157, El 18.
[01:17:38]  [OK]CMD Packet Header: 0x18 0x23 0xc0 0x0 0x0 0x8 0x2 0x18
[01:17:40]  Tracking : Az 160, El 16.
[01:17:59]  [OK]CMD Packet Header: 0x18 0x75 0xc0 0x0 0x0 0x1 0x14 0x47
[01:18:03]  Tracking : Az 163, El 13.
[01:18:05]  Tracking : Az 163, El 13.
[01:18:05]  Ping Failed.
[01:18:13]  Ping Failed.
[01:18:19]  Ping Failed.
[01:18:29]  Ping Failed.
[01:18:30]  Tracking : Az 166, El 10.
[01:18:38]  Ping Failed.
[01:18:55]  Ping Failed.
[01:19:04]  Tracking : Az 169, El 7.
[01:19:07]  Ping Success at node 5, 474ms
[01:19:10]  [OK]CMD Packet Header: 0x18 0x75 0xc0 0x0 0x0 0x1 0x14 0x47
[01:19:11]  Received Report from port : 25.
[01:19:17]  [OK]CMD Packet Header: 0x18 0x75 0xc0 0x0 0x0 0x1 0x14 0x47
[01:19:27]  [OK]CMD Packet Header: 0x18 0x75 0xc0 0x0 0x0 0x1 0x14 0x47
[01:19:44]  Ping Failed.
[01:19:49]  Tracking : Az 172, El 4.
[01:19:51]  Tracking : Az 172, El 4.
[01:19:54]  [OK]CMD Packet Header: 0x18 0x75 0xc0 0x0 0x0 0x1 0x14 0x47
[01:19:55]  Received Report from port : 25.
[01:19:56]  Received Report from port : 25.
[01:19:59]  Received Event from port : 27.

[01:19:59]  Received Report from port : 27.
[01:20:01]  [OK]CMD Packet Header: 0x18 0x75 0xc0 0x0 0x0 0x1 0x14 0x47
[01:20:26]  Tracking : Az 174, El 1.
[01:20:27]  [OK]CMD Packet Header: 0x18 0x75 0xc0 0x0 0x0 0x1 0x14 0x47
[01:20:41]  Ping Failed.
[01:20:44]  Forked Safe Amplifier Process. (OFF)
[01:20:49]  Finish Engaging.
[01:20:49]  Beacon Success : 0, Ping Success : 4
[01:20:49]  Tracking : Az 0, El 0.
