2025-12-31 11:59
[11:59:35]  Connect to Switch Box.............Success.
[11:59:35]  Connect to Rotator................Success.
[11:59:35]  Connect to GS100..................Success.
[11:59:35]  TM Port 13 bind success.
[11:59:35]  BCN Port 31 bind success.
[11:59:35]  RPT Port 25 bind success.
[11:59:35]  Event Port 27 bind success.
[11:59:35]  COSMIC Beacon Port 23 bind success.
[11:59:35]  COSMIC Report Port 24 bind success.
[11:59:41]  TLE "cubesat" Download Completed.
[11:59:45]  Start Engaging.
[11:59:45]  Tracking : Az 144, El 0.
[11:59:46]  Start Doppler Correction.
[11:59:47]  Tracking : Az 144, El 0.
[11:59:49]  Tracking : Az 144, El 0.
[11:59:51]  Tracking : Az 144, El 0.
[11:59:53]  Tracking : Az 144, El 0.
[11:59:55]  Tracking : Az 144, El 0.
[11:59:57]  Tracking : Az 144, El 0.
[11:59:59]  Tracking : Az 144, El 0.
[12:00:01]  Tracking : Az 144, El 0.
[12:00:03]  Tracking : Az 144, El 0.
[12:00:05]  Tracking : Az 144, El 0.
[12:00:07]  Tracking : Az 144, El 0.
[12:00:09]  Tracking : Az 144, El 0.
[12:15:25]  Forked Safe Amplifier Process.(ON, Timer)
[12:15:41]  Tracking : Az 142, El 3.
[12:15:43]  Tracking : Az 142, El 3.
[12:15:46]  Ping Success at node 5, 470ms
[12:15:59]  AX100 Boot Count : 188
[12:16:23]  Tracking : Az 139, El 6.
[12:16:25]  Tracking : Az 139, El 6.
[12:16:28]  [OK]CMD Packet Header: 0x18 0x75 0xc0 0x0 0x0 0x1 0x14 0x47
[12:16:29]  Received Report from port : 25.
[12:16:31]  Received Report from port : 25.
[12:16:33]  Received Report from port : 25.
[12:16:49]  [OK]CMD Packet Header: 0x18 0x75 0xc0 0x0 0x0 0x5 0x1e 0xa2
[12:16:50]  Received Report from port : 25.
[12:16:52]  Received Report from port : 25.
[12:16:54]  Received Beacon from port : 31.

[12:16:58]  Tracking : Az 136, El 8.
[12:17:00]  Tracking : Az 136, El 8.
[12:17:01]  Received Beacon from port : 31.

[12:17:03]  [OK]CMD Packet Header: 0x18 0x50 0xc0 0x0 0x0 0x1 0x6 0x70
[12:17:03]  Received Report from port : 25.
[12:17:05]  Received Report from port : 25.
[12:17:07]  Received Report from port : 25.
[12:17:18]  Tracking : Az 134, El 10.
[12:17:21]  Received Beacon from port : 31.

[12:17:31]  Received Beacon from port : 31.

[12:17:34]  [OK]CMD Packet Header: 0x18 0x75 0xc0 0x0 0x0 0x1 0x1a 0x49
[12:17:35]  Received Report from port : 25.
[12:17:37]  Received Report from port : 25.
[12:17:39]  Received Report from port : 25.
[12:17:41]  Received Beacon from port : 31.

[12:17:44]  Tracking : Az 131, El 13.
[12:17:46]  Tracking : Az 131, El 13.
[12:17:51]  Received Beacon from port : 31.

[12:17:56]  [OK]CMD Packet Header: 0x18 0x75 0xc0 0x0 0x0 0x1 0x1a 0x0
[12:17:57]  Received Report from port : 25.
[12:17:59]  Received Report from port : 25.
[12:18:01]  Received Report from port : 25.
[12:18:03]  Received Beacon from port : 31.

[12:18:05]  [OK]CMD Packet Header: 0x18 0x75 0xc0 0x0 0x0 0x1 0x1a 0x49
[12:18:06]  Tracking : Az 128, El 15.
[12:18:06]  Received Report from port : 25.
[12:18:08]  Tracking : Az 128, El 15.
[12:18:08]  Received Report from port : 25.
[12:18:10]  Received Report from port : 25.
[12:18:12]  Received Beacon from port : 31.

[12:18:15]  [OK]CMD Packet Header: 0x18 0x75 0xc0 0x0 0x0 0x1 0x1a 0x0
[12:18:16]  Received Report from port : 25.
[12:18:18]  Received Report from port : 25.
[12:18:20]  Received Report from port : 25.
[12:18:24]  Tracking : Az 125, El 17.
[12:18:24]  [OK]CMD Packet Header: 0x18 0x75 0xc0 0x0 0x0 0x1 0x1a 0x49
[12:18:25]  Received Report from port : 25.
[12:18:26]  Tracking : Az 125, El 17.
[12:18:27]  Received Report from port : 25.
[12:18:29]  Received Report from port : 25.
[12:18:31]  Received Beacon from port : 31.

[12:18:34]  [OK]CMD Packet Header: 0x18 0x75 0xc0 0x0 0x0 0x1 0x1a 0x0
[12:18:34]  Received Report from port : 25.
[12:18:36]  Received Report from port : 25.
[12:18:38]  Received Report from port : 25.
[12:18:40]  Tracking : Az 122, El 19.
[12:18:41]  [OK]CMD Packet Header: 0x18 0x75 0xc0 0x0 0x0 0x1 0x1a 0x49
[12:18:42]  Received Report from port : 25.
[12:18:42]  Tracking : Az 122, El 19.
[12:18:44]  Received Report from port : 25.
[12:18:46]  Received Report from port : 25.
[00:10:37]  [OK]CMD Packet Header: 0x18 0x75 0xc0 0x0 0x0 0x1 0x1a 0x0
[12:18:49]  Received Report from port : 25.
[12:18:51]  Received Report from port : 25.
[12:18:53]  Received Report from port : 25.
[12:18:54]  Tracking : Az 119, El 20.
[12:18:55]  Received Beacon from port : 31.

[12:18:56]  Tracking : Az 119, El 21.
[12:18:57]  [OK]CMD Packet Header: 0x18 0x75 0xc0 0x0 0x0 0x1 0x1a 0x49
[12:18:58]  Received Report from port : 25.
[12:19:00]  Received Report from port : 25.
[12:19:02]  Received Report from port : 25.
[12:19:04]  Received Beacon from port : 31.

[12:19:07]  Tracking : Az 116, El 22.
[12:19:11]  Received Beacon from port : 31.

[12:19:18]  Tracking : Az 113, El 24.
[12:19:21]  Tracking : Az 112, El 24.
[12:19:21]  Received Beacon from port : 31.

[12:19:28]  Tracking : Az 110, El 25.
[12:19:34]  [OK]CMD Packet Header: 0x18 0x75 0xc0 0x0 0x0 0x1 0x1a 0x0
[12:19:35]  Received Report from port : 25.
[12:19:37]  Tracking : Az 107, El 26.
[12:19:37]  Received Report from port : 25.
[12:19:39]  Received Report from port : 25.
[12:19:40]  Tracking : Az 106, El 26.
[12:19:41]  Received Beacon from port : 31.

[12:19:46]  [OK]CMD Packet Header: 0x18 0x75 0xc0 0x0 0x0 0x1 0x14 0x47
[12:19:47]  Received Report from port : 25.
[12:19:49]  Tracking : Az 103, El 27.
[12:19:49]  Received Report from port : 25.
[12:19:51]  Tracking : Az 103, El 28.
[12:19:51]  Received Report from port : 25.
[12:19:59]  Tracking : Az 99, El 29.
[12:20:01]  Tracking : Az 99, El 29.
[12:20:01]  Received Beacon from port : 31.

[12:20:05]  Tracking : Az 97, El 29.
[12:20:11]  Tracking : Az 94, El 30.
[12:20:11]  Received Beacon from port : 31.

[12:20:13]  Tracking : Az 94, El 30.
[12:20:18]  Tracking : Az 91, El 31.
[12:20:20]  Tracking : Az 90, El 31.
[12:20:28]  Tracking : Az 87, El 31.
[12:20:30]  Tracking : Az 86, El 32.
[12:20:31]  Received Beacon from port : 31.

[12:20:35]  Tracking : Az 83, El 32.
[12:20:37]  Tracking : Az 82, El 32.
[12:20:41]  Received Beacon from port : 31.

[12:20:43]  Tracking : Az 79, El 32.
[12:20:44]  [OK]CMD Packet Header: 0x18 0x75 0xc0 0x0 0x0 0x1 0x1a 0x49
[12:20:45]  Received Report from port : 25.
[12:20:45]  Tracking : Az 78, El 32.
[12:20:47]  Received Report from port : 25.
[12:20:49]  Received Report from port : 25.
[12:20:51]  Tracking : Az 75, El 32.
[12:20:51]  Received Beacon from port : 31.

[12:20:53]  Tracking : Az 74, El 32.
[12:20:58]  [OK]CMD Packet Header: 0x18 0x75 0xc0 0x0 0x0 0x1 0x1a 0x0
[12:20:59]  Tracking : Az 71, El 33.
[12:21:00]  Received Report from port : 25.
[12:21:01]  Tracking : Az 70, El 33.
[12:21:02]  Received Report from port : 25.
[12:21:04]  Received Report from port : 25.
[12:21:06]  Tracking : Az 67, El 32.
[12:21:08]  Tracking : Az 66, El 32.
[12:21:10]  [OK]CMD Packet Header: 0x18 0x75 0xc0 0x0 0x0 0x1 0x1a 0x49
[12:21:11]  Received Report from port : 25.
[12:21:13]  Received Report from port : 25.
[12:21:14]  Tracking : Az 63, El 32.
[12:21:15]  Received Report from port : 25.
[12:21:16]  Tracking : Az 62, El 32.
[12:21:20]  [OK]CMD Packet Header: 0x18 0x75 0xc0 0x0 0x0 0x1 0x1a 0x0
[12:21:21]  Received Beacon from port : 31.

[12:21:23]  Received Report from port : 25.
[12:21:24]  Tracking : Az 58, El 32.
[12:21:25]  Received Report from port : 25.
[12:21:26]  Tracking : Az 57, El 32.
[12:21:27]  Received Report from port : 25.
[12:21:31]  [OK]CMD Packet Header: 0x18 0x75 0xc0 0x0 0x0 0x1 0x1a 0x49
[12:21:33]  Tracking : Az 54, El 31.
[12:21:35]  Tracking : Az 53, El 31.
[12:21:41]  Tracking : Az 50, El 30.
[12:21:41]  Received Beacon from port : 31.

[12:21:43]  Tracking : Az 49, El 30.
[12:21:43]  [OK]CMD Packet Header: 0x18 0x75 0xc0 0x0 0x0 0x1 0x1a 0x0
[12:21:44]  Received Report from port : 25.
[12:21:46]  Received Report from port : 25.
[12:21:48]  Received Report from port : 25.
[12:21:50]  Tracking : Az 46, El 30.
[12:21:52]  Tracking : Az 46, El 29.
[12:21:55]  [OK]CMD Packet Header: 0x18 0x75 0xc0 0x0 0x0 0x1 0x14 0x47
[12:21:55]  Received Report from port : 25.
[12:21:57]  Received Report from port : 25.
[12:21:58]  Tracking : Az 43, El 29.
[12:21:59]  Received Report from port : 25.
[12:22:00]  Tracking : Az 42, El 28.
[12:22:01]  Received Beacon from port : 31.

[12:22:11]  Tracking : Az 38, El 27.
[12:22:13]  Tracking : Az 37, El 27.
[12:22:25]  Tracking : Az 33, El 25.
[12:22:27]  Tracking : Az 33, El 25.
[12:22:31]  Received Beacon from port : 31.

[12:22:35]  Tracking : Az 30, El 24.
[12:22:37]  Tracking : Az 30, El 24.
[12:22:39]  [OK]CMD Packet Header: 0x18 0x75 0xc0 0x0 0x0 0x1 0x14 0x47
[12:22:40]  Received Report from port : 25.
[12:22:42]  Received Report from port : 25.
[12:22:44]  Received Report from port : 25.
[12:22:46]  Tracking : Az 27, El 23.
[12:22:46]  Received Beacon from port : 31.

[12:22:48]  Tracking : Az 27, El 22.
[12:22:51]  Received Beacon from port : 31.

[00:06:28]  [OK]CMD Packet Header: 0x18 0x75 0xc0 0x0 0x0 0x1 0x1a 0x49
[12:22:57]  Tracking : Az 24, El 21.
[12:22:57]  Received Report from port : 25.
[12:22:59]  Received Report from port : 25.
[12:23:01]  Received Report from port : 25.
[12:23:11]  Tracking : Az 21, El 20.
[12:23:15]  [OK]CMD Packet Header: 0x18 0x75 0xc0 0x0 0x0 0x1 0x1a 0x0
[12:23:17]  Received Report from port : 25.
[12:23:19]  Received Report from port : 25.
[12:23:20]  Tracking : Az 19, El 18.
[12:23:21]  Received Report from port : 25.
[12:23:22]  Tracking : Az 19, El 18.
[12:23:23]  Received Beacon from port : 31.

[12:23:26]  [OK]CMD Packet Header: 0x18 0x75 0xc0 0x0 0x0 0x1 0x1a 0x49
[12:23:27]  Received Report from port : 25.
[12:23:29]  Received Report from port : 25.
[12:23:31]  Received Report from port : 25.
[12:23:33]  Received Beacon from port : 31.

[12:23:37]  Tracking : Az 16, El 16.
[12:23:39]  [OK]CMD Packet Header: 0x18 0x75 0xc0 0x0 0x0 0x1 0x1a 0x0
[12:23:40]  Received Report from port : 25.
[12:23:42]  Received Report from port : 25.
[12:23:44]  Received Report from port : 25.
[12:23:49]  Tracking : Az 14, El 15.
[12:23:50]  [OK]CMD Packet Header: 0x18 0x75 0xc0 0x0 0x0 0x1 0x1a 0x49
[12:23:51]  Tracking : Az 14, El 15.
[12:23:51]  Received Beacon from port : 31.

[12:23:53]  Received Report from port : 25.
[12:23:55]  Received Report from port : 25.
[12:23:57]  Received Report from port : 25.
[12:24:01]  Received Beacon from port : 31.

[12:24:10]  Tracking : Az 11, El 13.
[12:24:12]  Tracking : Az 11, El 13.
[12:24:27]  [OK]CMD Packet Header: 0x18 0x65 0xc0 0x0 0x0 0x1 0x3c 0x7f
[12:24:36]  Tracking : Az 8, El 10.
[12:24:37]  Ping Success at node 5, 467ms
[12:24:38]  [OK]CMD Packet Header: 0x18 0x65 0xc0 0x0 0x0 0x1 0x3c 0x0
[12:24:50]  [OK]CMD Packet Header: 0x18 0x65 0xc0 0x0 0x0 0x1 0x4f 0xc
[12:24:51]  Received Report from port : 25.
[12:24:53]  Received Report from port : 25.
[12:24:55]  Received Report from port : 25.
[12:25:01]  Received Beacon from port : 31.

[12:25:04]  [OK]CMD Packet Header: 0x18 0x65 0xc0 0x0 0x0 0x1 0x3c 0x73
[12:25:05]  Received Report from port : 25.
[12:25:07]  Tracking : Az 5, El 8.
[12:25:07]  Received Report from port : 25.
[12:25:09]  Tracking : Az 5, El 8.
[12:25:09]  Received Report from port : 25.
[12:25:11]  Received Beacon from port : 31.

[12:25:21]  Received Beacon from port : 31.

[12:25:31]  Received Beacon from port : 31.

[12:25:36]  Tracking : Az 3, El 5.
[12:25:38]  Tracking : Az 3, El 5.
[12:25:41]  Received Beacon from port : 31.

[12:25:51]  Received Beacon from port : 31.

[12:25:56]  [OK]CMD Packet Header: 0x18 0x65 0xc0 0x0 0x0 0x1 0x3c 0xc
[12:25:57]  Received Report from port : 25.
[12:25:59]  Received Report from port : 25.
[12:26:01]  Received Report from port : 25.
[12:26:07]  [OK]CMD Packet Header: 0x18 0x65 0xc0 0x0 0x0 0x1 0x4f 0x0
[12:26:08]  Received Report from port : 25.
[12:26:10]  Received Report from port : 25.
[12:26:12]  Received Report from port : 25.
[12:26:18]  [OK]CMD Packet Header: 0x18 0x65 0xc0 0x0 0x0 0x1 0x3c 0x7f
[12:26:19]  Received Report from port : 25.
[12:26:20]  Tracking : Az 0, El 2.
[12:26:21]  Received Report from port : 25.
[12:26:22]  Tracking : Az 0, El 2.
[12:26:23]  Received Report from port : 25.
[12:26:25]  Received Beacon from port : 31.

[12:26:29]  [OK]CMD Packet Header: 0x18 0x65 0xc0 0x0 0x0 0x1 0x4f 0x73
[12:26:30]  Received Report from port : 25.
[12:26:39]  Tracking : Az 359, El 1.
[12:26:41]  Tracking : Az 359, El 1.
[12:26:43]  Tracking : Az 359, El 1.
[12:26:45]  Tracking : Az 359, El 1.
[12:26:46]  Forked Safe Amplifier Process. (OFF)
[12:26:47]  Tracking : Az 359, El 1.
[12:26:49]  Finish Engaging.
[12:26:49]  Beacon Success : 36, Ping Success : 2
[12:26:50]  Tracking : Az 0, El 0.
