2026-01-11 01:30
[01:31:03]  Connect to Switch Box.............Success.
[01:31:03]  Connect to Rotator................Success.
[01:31:03]  Connect to GS100..................Success.
[01:31:03]  TM Port 13 bind success.
[01:31:03]  BCN Port 31 bind success.
[01:31:03]  RPT Port 25 bind success.
[01:31:03]  Event Port 27 bind success.
[01:31:03]  COSMIC Beacon Port 23 bind success.
[01:31:03]  COSMIC Report Port 24 bind success.
[01:31:12]  TLE "active" Download Completed.
[01:31:15]  Start Engaging.
[01:31:15]  Tracking : Az 32, El 35.
[01:31:16]  Start Doppler Correction.
[01:31:17]  Forked Safe Amplifier Process.(ON, Timer)
[01:31:17]  Tracking : Az 32, El 36.
[01:31:23]  Tracking : Az 34, El 37.
[01:31:30]  Tracking : Az 35, El 40.
[01:31:30]  [OK]CMD Packet Header: 0x18 0x20 0xc0 0x0 0x0 0x5 0x7 0x6
[01:31:36]  Tracking : Az 37, El 42.
[01:31:38]  Received Beacon from port : 13.
[01:31:43]  Tracking : Az 40, El 44.
[01:31:48]  Received Beacon from port : 13.
[01:31:50]  Tracking : Az 43, El 47.
[01:31:50]  Received Beacon from port : 13.
[01:31:52]  Received Beacon from port : 13.
