2025-12-30 13:01
[13:01:08]  Connect to Switch Box.............Success.
[13:01:08]  Connect to Rotator................Success.
[13:01:08]  Connect to GS100..................Success.
[13:01:08]  TM Port 13 bind success.
[13:01:08]  BCN Port 31 bind success.
[13:01:08]  RPT Port 25 bind success.
[13:01:08]  Event Port 27 bind success.
[13:01:08]  COSMIC Beacon Port 23 bind success.
[13:01:08]  COSMIC Report Port 24 bind success.
[13:02:28]  TLE "cubesat" Download Completed.
[13:02:34]  Start Engaging.
[13:02:34]  Tracking : Az 178, El 0.
[13:02:36]  Tracking : Az 178, El 0.
[13:02:36]  Start Doppler Correction.
[13:02:38]  Tracking : Az 178, El 0.
[13:02:40]  Tracking : Az 178, El 0.
[13:02:42]  Tracking : Az 178, El 0.
[13:02:44]  Tracking : Az 178, El 0.
[13:02:46]  Tracking : Az 178, El 0.
[13:02:48]  Tracking : Az 178, El 0.
[13:02:50]  Tracking : Az 178, El 0.
[13:02:52]  Tracking : Az 178, El 0.
[13:02:54]  Tracking : Az 178, El 0.
[13:02:56]  Tracking : Az 178, El 0.
[13:02:58]  Tracking : Az 178, El 0.
[13:03:00]  Tracking : Az 178, El 0.
[13:03:02]  Tracking : Az 178, El 0.
[13:03:04]  Tracking : Az 178, El 0.
[13:10:49]  Forked Safe Amplifier Process.(ON, Timer)
[13:11:21]  Tracking : Az 179, El 3.
[13:11:28]  Ping Failed.
[13:12:01]  Tracking : Az 181, El 6.
[13:12:03]  Tracking : Az 181, El 6.
[13:12:04]  Ping Failed.
[13:12:09]  Ping Failed.
[13:12:13]  Ping Success at node 5, 475ms
[13:12:16]  Ping Success at node 5, 467ms
[13:12:18]  Ping Success at node 5, 464ms
[13:12:19]  AX100 Boot Count : 22230
[13:12:22]  Remote Param Control OK. csp_rtable : 0/0 AX100, 3/5 CAN, 6/5 CAN
[13:12:31]  Ping Failed at node 3.
[13:12:36]  Ping Failed at node 3.
[13:12:37]  Tracking : Az 182, El 9.
[13:12:39]  Tracking : Az 182, El 9.
[13:12:43]  Ping Failed.
[13:12:46]  Ping Failed.
[13:12:52]  Ping Success at node 5, 467ms
[13:12:54]  Ping Success at node 5, 465ms
[13:12:55]  Ping Success at node 5, 473ms
[13:12:57]  Tracking : Az 184, El 11.
[13:13:00]  Ping Failed at node 6.
[13:13:04]  Ping Failed at node 6.
[13:13:08]  Ping Failed at node 6.
[13:13:12]  Ping Failed at node 3.
[13:13:17]  Ping Failed at node 3.
[13:13:21]  Ping Failed at node 3.
[13:13:24]  Ping Failed.
[13:13:25]  Tracking : Az 186, El 14.
[13:13:27]  Tracking : Az 186, El 14.
[13:13:28]  Ping Failed.
[13:13:33]  Ping Failed.
[13:13:39]  Ping Failed.
[13:13:46]  Ping Failed.
[13:13:50]  Tracking : Az 188, El 17.
[13:13:52]  Tracking : Az 188, El 17.
[13:13:58]  Ping Failed.
[13:14:07]  Ping Failed.
[13:14:11]  Tracking : Az 190, El 20.
[13:14:13]  Tracking : Az 190, El 20.
[13:14:17]  Ping Failed.
[13:14:21]  Ping Failed.
[13:14:26]  Ping Failed.
[13:14:30]  Tracking : Az 193, El 23.
[13:14:30]  Ping Failed.
[13:14:32]  Tracking : Az 193, El 23.
[13:14:34]  Tracking : Az 193, El 23.
[13:14:35]  Ping Failed.
[13:14:38]  Ping Failed.
[13:14:41]  Tracking : Az 194, El 25.
[13:14:43]  Cannot Load Remote Parameter.
[13:14:43]  Tracking : Az 195, El 25.
[13:14:50]  Ping Failed.
[13:14:52]  Tracking : Az 196, El 27.
[13:14:57]  Ping Success at node 5, 457ms
[13:14:58]  Tracking : Az 198, El 28.
[13:14:58]  Ping Success at node 5, 460ms
[13:15:03]  Ping Failed at node 3.
[13:15:04]  Ping Success at node 5, 460ms
[13:15:05]  AX100 Boot Count : 22230
[13:15:07]  Remote Param Control OK. csp_rtable : 0/0 AX100, 3/5 CAN, 6/5 CAN
[13:15:09]  Ping Success at node 5, 467ms
[13:15:11]  Tracking : Az 201, El 31.
[13:15:14]  Ping Failed at node 3.
[13:15:14]  Tracking : Az 202, El 31.
[13:15:17]  Ping Failed at node 6.
[13:15:21]  Ping Failed at node 6.
[13:15:24]  Tracking : Az 204, El 34.
[13:15:26]  Ping Failed at node 6.
[13:15:26]  Tracking : Az 205, El 34.
[13:15:29]  Ping Failed at node 6.
[13:15:34]  Tracking : Az 208, El 36.
[13:15:34]  Ping Failed at node 6.
[13:15:36]  Tracking : Az 208, El 37.
[13:15:39]  Ping Failed at node 6.
[13:15:39]  Tracking : Az 210, El 37.
[13:15:42]  Tracking : Az 211, El 38.
[13:15:46]  Ping Failed at node 6.
[13:15:49]  Tracking : Az 214, El 40.
[13:15:52]  Ping Failed at node 3.
[13:15:55]  Tracking : Az 217, El 41.
[13:15:56]  Ping Failed at node 3.
[13:15:57]  Tracking : Az 218, El 42.
[13:16:01]  Ping Failed at node 3.
[13:16:02]  Ping Success at node 5, 456ms
[13:16:03]  Tracking : Az 221, El 43.
[13:16:03]  Ping Success at node 5, 454ms
[13:16:04]  Ping Success at node 5, 459ms
[13:16:06]  Tracking : Az 223, El 44.
[13:16:06]  AX100 Boot Count : 22230
[13:16:09]  Tracking : Az 225, El 45.
[13:16:11]  Ping Failed at node 3.
[13:16:12]  Tracking : Az 227, El 46.
[13:16:15]  Tracking : Az 229, El 46.
[13:16:17]  Ping Failed at node 3.
[13:16:18]  Tracking : Az 231, El 47.
[13:16:21]  Tracking : Az 233, El 47.
[13:16:22]  Ping Failed at node 3.
[13:16:24]  Tracking : Az 235, El 48.
[13:16:26]  Tracking : Az 237, El 48.
[13:16:27]  Ping Failed at node 3.
[13:16:30]  Tracking : Az 240, El 49.
[13:16:32]  Tracking : Az 242, El 49.
[13:16:33]  Ping Failed at node 3.
[13:16:35]  Tracking : Az 244, El 50.
[13:16:37]  Tracking : Az 246, El 50.
[13:16:40]  Tracking : Az 249, El 50.
[13:16:41]  Ping Failed at node 3.
[13:16:42]  Tracking : Az 250, El 50.
[13:16:46]  Tracking : Az 254, El 51.
[13:16:48]  Ping Failed at node 3.
[13:16:48]  Tracking : Az 256, El 51.
[13:16:51]  Tracking : Az 259, El 51.
[13:16:51]  Ping Failed at node 3.
[13:16:53]  Tracking : Az 261, El 51.
[13:16:56]  Tracking : Az 263, El 51.
[13:16:56]  Ping Failed at node 3.
[13:16:59]  Tracking : Az 266, El 51.
[13:17:01]  Ping Failed.
[13:17:02]  Tracking : Az 269, El 50.
[13:17:04]  Tracking : Az 271, El 50.
[13:17:05]  Ping Failed.
[13:17:06]  Tracking : Az 273, El 50.
[13:17:09]  Ping Failed.
[13:17:10]  Tracking : Az 276, El 50.
[13:17:12]  Tracking : Az 278, El 49.
[13:17:15]  Tracking : Az 280, El 49.
[13:17:17]  Ping Failed.
[13:17:17]  Tracking : Az 282, El 49.
[13:17:20]  Tracking : Az 284, El 48.
[13:17:21]  Ping Failed.
[13:17:24]  Tracking : Az 287, El 47.
[13:17:25]  Ping Failed.
[13:17:26]  Tracking : Az 289, El 47.
[13:17:29]  Ping Failed.
[13:17:29]  Tracking : Az 291, El 46.
[13:17:33]  Ping Failed.
[13:17:34]  Tracking : Az 294, El 45.
[13:17:36]  Tracking : Az 295, El 45.
[13:17:37]  Ping Failed.
[13:17:40]  Tracking : Az 298, El 44.
[13:17:41]  Ping Failed.
[13:17:42]  Tracking : Az 299, El 43.
[13:17:42]  Ping Success at node 5, 461ms
[13:17:47]  Tracking : Az 302, El 42.
[13:17:48]  Ping Failed at node 3.
[13:17:48]  Ping Success at node 5, 455ms
[13:17:49]  Tracking : Az 303, El 41.
[13:17:52]  Ping Failed at node 3.
[13:17:53]  Ping Success at node 5, 469ms
[13:17:55]  Tracking : Az 306, El 40.
[13:17:58]  Tracking : Az 307, El 39.
[13:17:58]  Ping Failed at node 6.
[13:17:59]  Ping Success at node 5, 459ms
[13:18:04]  Ping Failed at node 6.
[13:18:04]  Ping Success at node 5, 462ms
[13:18:05]  Tracking : Az 310, El 37.
[13:18:07]  Tracking : Az 311, El 37.
[13:18:09]  Ping Failed at node 6.
[13:18:09]  Ping Success at node 5, 465ms
[13:18:11]  Ping Success at node 5, 462ms
[13:18:15]  Tracking : Az 313, El 35.
[13:18:22]  Ping Failed at node 6.
[13:18:22]  Tracking : Az 316, El 33.
[13:18:24]  Tracking : Az 316, El 33.
[13:18:26]  Ping Failed at node 6.
[13:18:28]  Ping Success at node 5, 458ms
[13:18:33]  Tracking : Az 319, El 31.
[13:18:34]  Ping Failed at node 6.
[13:18:39]  Ping Failed at node 6.
[13:18:41]  Ping Success at node 5, 469ms
[13:18:44]  Tracking : Az 321, El 28.
[13:18:49]  Ping Failed at node 6.
[13:18:51]  Ping Success at node 5, 458ms
[13:18:55]  Tracking : Az 324, El 26.
[13:18:56]  Ping Failed at node 3.
[13:18:57]  Tracking : Az 324, El 26.
[13:19:01]  Ping Failed at node 3.
[13:19:03]  Ping Success at node 5, 470ms
[13:19:08]  Ping Failed at node 3.
[13:19:10]  Tracking : Az 326, El 23.
[13:19:11]  Ping Failed.
[13:19:14]  Ping Failed at node 3.
[13:19:17]  Ping Success at node 5, 460ms
[13:19:19]  Tracking : Az 328, El 22.
[13:19:22]  Ping Failed at node 3.
[13:19:23]  Ping Success at node 5, 471ms
[13:19:28]  Ping Failed at node 3.
[13:19:29]  Ping Success at node 5, 466ms
[13:19:35]  Tracking : Az 330, El 19.
[13:19:36]  Ping Failed at node 3.
[13:19:38]  Ping Success at node 5, 468ms
[13:19:43]  Ping Failed at node 3.
[13:19:45]  Ping Success at node 5, 474ms
[13:19:49]  Ping Failed at node 3.
[13:19:53]  Ping Success at node 5, 468ms
[13:20:00]  Ping Failed at node 3.
[13:20:01]  Tracking : Az 332, El 16.
[13:20:01]  Ping Success at node 5, 467ms
[13:20:03]  Tracking : Az 333, El 16.
[13:20:07]  Ping Failed at node 3.
[13:20:10]  Ping Success at node 5, 471ms
[13:20:15]  Ping Failed at node 3.
[13:20:18]  Ping Success at node 5, 464ms
[13:20:25]  Ping Failed at node 3.
[13:20:26]  Ping Success at node 5, 470ms
[13:20:27]  Tracking : Az 335, El 13.
[13:20:30]  Tracking : Az 335, El 12.
[13:20:31]  Ping Failed at node 3.
[13:20:34]  Ping Failed.
[13:20:41]  Ping Failed at node 3.
[13:20:49]  Ping Failed.
[13:20:54]  Ping Failed at node 3.
[13:20:58]  Tracking : Az 337, El 10.
[13:20:58]  Ping Success at node 5, 469ms
[13:21:06]  Ping Failed at node 3.
[13:21:09]  Ping Success at node 5, 463ms
[13:21:14]  Ping Failed at node 3.
[13:21:15]  Ping Success at node 5, 474ms
[13:21:20]  Ping Failed at node 3.
[13:21:22]  Tracking : Az 338, El 7.
[13:21:23]  Ping Success at node 5, 466ms
[13:21:28]  Ping Failed at node 3.
[13:21:34]  Ping Failed at node 3.
[13:21:36]  Ping Success at node 5, 465ms
[13:21:40]  Ping Success at node 5, 468ms
[13:21:45]  Ping Failed at node 3.
[13:21:47]  Ping Success at node 5, 470ms
[13:21:53]  Ping Failed at node 3.
[13:22:02]  Forked Safe Amplifier Process. (OFF)
[13:22:06]  Finish Engaging.
[13:22:06]  Beacon Success : 0, Ping Success : 41
[13:22:08]  Tracking : Az 0, El 0.
