2026-01-06 02:25
[02:25:11]  Connect to Switch Box.............Success.
[02:25:11]  Connect to Rotator................Success.
[02:25:11]  Connect to GS100..................Success.
[02:25:11]  TM Port 13 bind success.
[02:25:11]  BCN Port 31 bind success.
[02:25:11]  RPT Port 25 bind success.
[02:25:11]  Event Port 27 bind success.
[02:25:11]  COSMIC Beacon Port 23 bind success.
[02:25:11]  COSMIC Report Port 24 bind success.
[02:25:13]  TLE "cubesat" Download Completed.
[02:25:16]  Start Engaging.
[02:25:16]  Tracking : Az 274, El 28.
[02:25:17]  Start Doppler Correction.
[02:25:18]  Tracking : Az 273, El 28.
[02:25:19]  Forked Safe Amplifier Process.(ON, Timer)
[02:25:20]  Tracking : Az 272, El 28.
[02:25:25]  Ping Success at node 5, 470ms
[02:25:26]  Tracking : Az 270, El 27.
[02:25:29]  Tracking : Az 268, El 27.
[02:25:34]  [OK]CMD Packet Header: 0x18 0x75 0xc0 0x0 0x0 0x1 0x14 0x47
[02:25:35]  Received Report from port : 25.
[02:25:36]  Tracking : Az 265, El 26.
[02:25:37]  Received Report from port : 25.
[02:25:39]  Received Report from port : 25.
[02:25:44]  Tracking : Az 262, El 26.
[02:25:48]  [OK]CMD Packet Header: 0x18 0x75 0xc0 0x0 0x0 0x5 0x1e 0xa2
[02:25:49]  Received Report from port : 25.
[02:25:51]  Received Report from port : 25.
[02:25:53]  Received Report from port : 25.
[02:25:55]  Tracking : Az 258, El 24.
[02:25:56]  [OK]CMD Packet Header: 0x18 0x75 0xc0 0x0 0x0 0x1 0x14 0x47
[02:25:57]  Received Report from port : 25.
[02:25:57]  Tracking : Az 258, El 24.
[02:25:59]  Received Report from port : 25.
[02:26:01]  Received Report from port : 25.
[02:26:01]  Tracking : Az 256, El 24.
[02:26:09]  [OK]CMD Packet Header: 0x18 0x50 0xc0 0x0 0x0 0x1 0x6 0x70
[02:26:10]  Received Report from port : 25.
[02:26:10]  Tracking : Az 253, El 23.
[02:26:12]  Received Report from port : 25.
[02:26:13]  Tracking : Az 252, El 23.
[02:26:14]  Received Report from port : 25.
[02:26:22]  [OK]CMD Packet Header: 0x18 0x75 0xc0 0x0 0x0 0x1 0x14 0x47
[02:26:23]  Received Report from port : 25.
[02:26:24]  Tracking : Az 249, El 21.
[02:26:25]  Received Report from port : 25.
[02:26:27]  Received Report from port : 25.
[02:26:27]  Tracking : Az 248, El 21.
[02:26:35]  Forked Safe Amplifier Process. (OFF)
[02:26:37]  Finish Engaging.
[02:26:37]  Beacon Success : 0, Ping Success : 1
[02:26:38]  Tracking : Az 0, El 0.
[11:31:12]  Start Engaging.
[11:31:12]  Tracking : Az 116, El 0.
[11:31:14]  Start Doppler Correction.
[11:31:14]  Tracking : Az 116, El 0.
[11:31:16]  Tracking : Az 116, El 0.
[11:31:18]  Tracking : Az 116, El 0.
[11:31:20]  Tracking : Az 116, El 0.
[11:31:22]  Tracking : Az 116, El 0.
[11:31:24]  Tracking : Az 116, El 0.
[11:31:26]  Tracking : Az 116, El 0.
[11:31:28]  Tracking : Az 116, El 0.
[11:31:30]  Tracking : Az 116, El 0.
[11:31:32]  Tracking : Az 116, El 0.
[11:31:34]  Tracking : Az 116, El 0.
[11:32:12]  Tracking : Az 116, El 0.
[11:33:34]  Forked Safe Amplifier Process.(ON, Timer)
[11:33:38]  Ping Failed.
[11:33:46]  Tracking : Az 113, El 1.
[11:33:53]  Ping Failed.
[11:34:05]  Ping Failed.
[11:34:12]  Tracking : Az 110, El 2.
[11:34:23]  Ping Failed.
[11:34:36]  Tracking : Az 107, El 3.
[11:34:48]  Ping Success at node 5, 466ms
[11:34:50]  Tracking : Az 105, El 4.
[11:34:55]  Ping Success at node 5, 474ms
[11:34:56]  [OK]CMD Packet Header: 0x18 0x75 0xc0 0x0 0x0 0x1 0x14 0x47
[11:34:57]  Received Report from port : 25.
[11:34:59]  Received Report from port : 25.
[11:35:01]  Received Report from port : 25.
[11:35:11]  Tracking : Az 102, El 5.
[11:35:13]  Tracking : Az 102, El 5.
[11:35:14]  [OK]CMD Packet Header: 0x18 0x75 0xc0 0x0 0x0 0x1 0x1a 0x49
[11:35:15]  Received Report from port : 25.
[11:35:17]  Received Report from port : 25.
[11:35:19]  Received Report from port : 25.
[11:35:24]  [OK]CMD Packet Header: 0x18 0x75 0xc0 0x0 0x0 0x1 0x1a 0x0
[11:35:25]  Received Report from port : 25.
[11:35:27]  Received Report from port : 25.
[11:35:29]  Received Report from port : 25.
[11:35:30]  Tracking : Az 99, El 6.
[11:35:37]  [OK]CMD Packet Header: 0x18 0x75 0xc0 0x0 0x0 0x1 0x1a 0x49
[11:35:38]  Received Report from port : 25.
[11:35:47]  Tracking : Az 96, El 7.
[11:35:49]  [OK]CMD Packet Header: 0x18 0x75 0xc0 0x0 0x0 0x1 0x1a 0x0
[11:35:50]  Received Report from port : 25.
[11:35:52]  Received Report from port : 25.
[11:35:54]  Received Report from port : 25.
[11:36:09]  Tracking : Az 92, El 8.
[11:36:11]  Tracking : Az 92, El 8.
[11:36:24]  Tracking : Az 89, El 8.
[11:36:32]  [OK]CMD Packet Header: 0x18 0x75 0xc0 0x0 0x0 0x5 0x1e 0xa2
[11:36:32]  Received Report from port : 25.
[11:36:34]  Received Report from port : 25.
[11:36:36]  Received Report from port : 25.
[11:36:39]  Tracking : Az 86, El 9.
[11:36:44]  [OK]CMD Packet Header: 0x18 0x50 0xc0 0x0 0x0 0x1 0x6 0x70
[11:36:45]  Received Report from port : 25.
[11:36:47]  Received Report from port : 25.
[11:36:49]  Received Report from port : 25.
[11:36:53]  Tracking : Az 83, El 10.
[11:36:55]  Tracking : Az 83, El 10.
[11:37:01]  [OK]CMD Packet Header: 0x18 0x75 0xc0 0x0 0x0 0x1 0x14 0x47
[11:37:02]  Received Report from port : 25.
[11:37:04]  Received Report from port : 25.
[11:37:06]  Received Report from port : 25.
[11:37:07]  Tracking : Az 80, El 10.
[11:37:09]  Tracking : Az 80, El 10.
[11:37:11]  Tracking : Az 79, El 10.
[11:37:29]  Tracking : Az 75, El 10.
[11:37:35]  [OK]CMD Packet Header: 0x18 0x75 0xc0 0x0 0x0 0x1 0x1a 0x49
[11:37:36]  Received Report from port : 25.
[11:37:38]  Received Report from port : 25.
[11:37:40]  Received Report from port : 25.
[11:37:46]  Tracking : Az 71, El 11.
[11:37:58]  Tracking : Az 68, El 11.
[11:38:11]  Tracking : Az 65, El 11.
[11:38:18]  [OK]CMD Packet Header: 0x18 0x75 0xc0 0x0 0x0 0x1 0x1a 0x0
[11:38:19]  Received Report from port : 25.
[11:38:21]  Received Report from port : 25.
[11:38:23]  Received Report from port : 25.
[11:38:23]  Tracking : Az 62, El 11.
[11:38:35]  Tracking : Az 59, El 11.
[11:38:45]  [OK]CMD Packet Header: 0x18 0x75 0xc0 0x0 0x0 0x1 0x1a 0x49
[11:38:46]  Received Report from port : 25.
[11:38:48]  Received Report from port : 25.
[11:38:48]  Tracking : Az 56, El 11.
[11:38:50]  Received Report from port : 25.
[11:38:58]  [OK]CMD Packet Header: 0x18 0x75 0xc0 0x0 0x0 0x1 0x1a 0x0
[11:38:58]  Received Report from port : 25.
[11:39:00]  Received Report from port : 25.
[11:39:01]  Tracking : Az 53, El 10.
[11:39:02]  Received Report from port : 25.
[11:39:18]  [OK]CMD Packet Header: 0x18 0x75 0xc0 0x0 0x0 0x1 0x1a 0x49
[11:39:18]  Tracking : Az 49, El 10.
[11:39:19]  Received Report from port : 25.
[11:39:20]  Tracking : Az 49, El 10.
[11:39:21]  Received Report from port : 25.
[11:39:23]  Received Report from port : 25.
[11:39:29]  [OK]CMD Packet Header: 0x18 0x75 0xc0 0x0 0x0 0x1 0x1a 0x0
[11:39:29]  Received Report from port : 25.
[11:39:31]  Tracking : Az 46, El 10.
[11:39:31]  Received Report from port : 25.
[11:39:33]  Tracking : Az 46, El 10.
[11:39:33]  Received Report from port : 25.
[11:39:45]  Tracking : Az 43, El 9.
[11:39:46]  [OK]CMD Packet Header: 0x18 0x75 0xc0 0x0 0x0 0x1 0x1a 0x49
[11:39:47]  Tracking : Az 43, El 9.
[11:39:55]  [OK]CMD Packet Header: 0x18 0x75 0xc0 0x0 0x0 0x1 0x1a 0x0
[11:39:57]  Received Report from port : 25.
[11:40:00]  Tracking : Az 40, El 9.
[11:40:02]  Tracking : Az 40, El 9.
[11:40:11]  [OK]CMD Packet Header: 0x18 0x75 0xc0 0x0 0x0 0x1 0x1a 0x49
[11:40:15]  Tracking : Az 37, El 8.
[11:40:21]  Ping Failed.
[11:40:27]  Ping Failed.
[11:40:30]  Tracking : Az 34, El 8.
[11:40:39]  Ping Failed.
[11:40:47]  Tracking : Az 31, El 7.
[11:40:49]  Ping Failed.
[11:40:49]  Tracking : Az 31, El 7.
[11:40:58]  Ping Failed.
[11:41:05]  Tracking : Az 28, El 6.
[11:41:07]  Tracking : Az 28, El 6.
[11:41:09]  Ping Failed.
[11:41:19]  Ping Failed.
[11:41:31]  Tracking : Az 24, El 5.
[11:41:38]  Ping Failed.
[11:41:45]  Ping Failed.
[11:41:53]  Tracking : Az 21, El 4.
[11:41:54]  Ping Failed.
[11:42:05]  Ping Failed.
[11:42:07]  Forked Safe Amplifier Process. (OFF)
[11:42:08]  Tracking : Az 19, El 3.
[11:42:10]  Finish Engaging.
[11:42:10]  Beacon Success : 0, Ping Success : 2
[11:42:11]  Tracking : Az 0, El 0.
