2026-06-08 21:20
[21:20:23]  Connect to Switch Box.............Success.
[21:20:23]  Connect to Rotator................Success.
[21:20:23]  Connect to GS100..................Success.
[21:20:23]  BEE-1000 BCN Port 31 bind success.
[21:20:23]  BEE-1000 RPT Port 25 bind success.
[21:20:23]  BEE-1000 Event Port 27 bind success.
[21:20:23]  BEE-100 FM Port 23 bind success.
[21:20:23]  UEL-Y-Sys. BCN Port 12 bind success.
[21:20:23]  UEL-Y-Sys. RPT Port 10 bind success.
[21:20:23]  UEL-Y-Sys. Event Port 11 bind success.
[21:20:23]  UEL-Y-Sys. FM Port 14 bind success.
[21:20:23]  BEE-1012 BCN Port 17 bind success.
[21:20:23]  BEE-1012 RPT Port 15 bind success.
[21:20:23]  BEE-1012 Event Port 16 bind success.
[21:20:23]  BEE-1012 FM Port 18 bind success.
[21:20:27]  Forked Safe Amplifier Process.(ON, Timer)
[21:20:30]  [OK]CMD Packet Header: 0x0 0x0 0xc0 0x0 0x0 0x1 0x0 0x3e
[21:20:57]  [OK]CMD Packet Header: 0x18 0x50 0xc0 0x0 0x0 0x5 0x8 0xdf
[21:20:59]  [OK]CMD Packet Header: 0x18 0x50 0xc0 0x0 0x0 0x5 0x8 0xdf
[21:21:00]  [OK]CMD Packet Header: 0x18 0x50 0xc0 0x0 0x0 0x5 0x8 0xdf
[21:21:01]  [OK]CMD Packet Header: 0x18 0x50 0xc0 0x0 0x0 0x5 0x8 0xdf
[21:21:30]  [OK]CMD Packet Header: 0x18 0x86 0xc0 0x0 0x0 0xb 0x3c 0x96
[21:21:31]  [OK]CMD Packet Header: 0x18 0x86 0xc0 0x0 0x0 0xb 0x3c 0x96
[21:21:31]  [OK]CMD Packet Header: 0x18 0x86 0xc0 0x0 0x0 0xb 0x3c 0x96
[21:21:37]  Forked Safe Amplifier Process. (OFF)
